stratigraphic names new london area connecticut richard goldsmith contribution stratigraphy geological survey bulletin revision redefinition stratigraphic unit new london area 
united state department the interior stewart udall secretary geological survey william pecora director government print office washington for sale superintendent document government print office washington 
price cent 
brimfield schist 
monson gneiss 
new london gneiss 
joshua rock gneiss member 
mamacoke formation 
plainfield formation 
sterling plutonic group 
age unit 
reference cite 
illustration page figuee 
generalize geologic map new london area connecticut 
approximate thickness unit new london area connecticut 
contribution stratigraphy stratigraphic name the new london area connecticut richard goldsmith abstract detail geologic mapping since southeastern connecticut make necessary revision redefinition old stratigraphic unit 
the geologic section area consist sedimentary volcanic rock middle early paleozoic possibly precambrian age metamorphose gneiss quartzite schist sillimanite grade 
intrusive granite quartz monzonite inter spersed throughout section 
the stratigrapbic column present paper seem accord current interpretation stratigraphy area map elsewhere southeastern connecticut general stratigraphic column work eastern massachusetts 
unit describe young old brimfield schist monson gneiss new london gneiss joshua rock gneiss member mamacoke formation plainfield formation 
also describe granitic rock sterling plutonic group pre pennsylvanian age 
introduction detail geologic mapping since southeastern connecticut geologist geological survey connecticut geological natural history survey make necessary revision redefinition old stratigraphic unit 
the unit discuss lie south honey hill fault lundgren other snyder lundgren fig 
within old new london minute quadrangle encompass present uncasville montville niantic new london minute quadrangle 
most unit appreciable continuity along southern less extent eastern western margin eastern highland connecticut eodgers other 
some unit recognize ehode island massachusetts 
contribution stratigraphy 
stratigraphic names new london connecticut 
the geologic section consist sedimentary volcanic rock middle early paleozoic possibly precambrian age metamor 
pliosed gneiss quartzite schist sillimanite grade 
sill sheet phacoliths lenticular pluton granite quartz monzonite intersperse throughout section fig 
most plutonic rock pretectonic syntectonic age though posttectonic granite dike common toward coast 
the structure complex dome open fold superimpose large nappe structure 
primary sedimentary feature useful determine top bed rarely see 
the unit considerably thin area thicken other probably vary thickness part primary also appear caused tectonic activity area 
terrain establishment particular stratigraphic column cannot precise interpretation structure may favor different stratigraphic arrangement 
table accord current interpretation stratigraphy southeastern connecticut area map west lundgren east feininger 1965a 
furthermore appear accord general stratigraphic column work eastern massachusetts cuppels coworkers oral commun 
calculation thicknesses unit granitic rock sterling plutonic group young dike exclude 
approximate thickness meter unit new london area 
brimfield schist 
monson gneiss 
new london gneiss exclude main massive body 
joshua rock gneiss member 
mamacoke formation 
upper part 
low part 
plainfield formation 
upper part northwestern moritville 
middle part northwestern montville northwestern uncasville 
low part near uncasville village 
total montville uncasville total lyme dome niantic 
brimfield schist 
the brimfield schist young metasedimentary metavolcanic rock new london area presence recognize previous worker 
the formation consist 
contribution stratigraphy garnetiferous sillimanitic biotite quartz feldspar gneiss quartz biotite feldspar gneiss locally rusty weather 
also present minor layer calc silicate rock quartzite amphibolite 
the brimfield metamorphic grade muscovite longer stable instead rock contains coexist sillimanite potassium feldspar 
pegmatite pod lenses stringer abundant 
the bottom brimfield locally mark thin quartzite quartzite absent garnetiferous schist gneiss brimfield clearly distinguish underlying feldspathic hornblendebearing gneiss monson gneiss 
monson gneiss usage name monson gneiss follow lundgren 14r unit map continuous hadlyme belt monson deep river quadrangle 
monson gneiss recognize area distinct unit earlier worker lump either mamacoke gneiss new london granite gneiss gregory rice gregory 
the monson gneiss underlie new london gneiss form group relate plagioclase rich gneisses amphibolites probably represent series metamorphose volcanic associate intrusive rock 
new london area monson gneiss lenticularly layer locally massive gray hornblende biotite quartz plagioclase gneiss place biotite quartz microcline plagioclase gneiss 
scattered lens amphibolite occur throughout unit 
mafic mineral tend concentrated clot streak 
the monson fairly uniform throughout area 
east side niantic river however upper part monson consist thin layer much inch thick range rock rich hornblende poor mafic mineral 
variation also see northern part area monson gneiss finer grain south layer amphibolite foot thick fairly abundant immediately honey hill fault 
the base monson place first conspicuously dark light layer gneiss characterizes upper part new london gneiss 
new london gneiss the rock map new london gneiss general correspond describe gregory rice gregory new mineral modifier rock names give order increase abundance 
stratigraphic names new london connecticut 
london granite gneiss 
mapped gregory however new 
london granite gneiss include rock nere map mdnson 
the name change new london gneiss 
rock primarily granodiorite may consist alternate 
amphibolite light color granodiorite outside immediate 
new london area 
the new london gneiss separate three facies layer 
facies massive facies aegerine augite granite gneiss call 
joshua rock gneiss 
the layered facies form tipper 
low part unit consist alternate layersvof ligllt 
color biotite quartz plagioclase granodiorite gneiss amphi 
place layer sharp uniform outline 
texture other somewhat irregular 
place layer commonly less foot thick elsewhere 
either amphibolite granodiorite gneiss may tens foot 
general bottom part new london less dis 
tinctly layer upper part 
the massive facies present unit thickest gran 
odiorite gneiss dominant rock 
the granodiorite gneiss uni 
fornily textured streak shiny black biotite plate 
conspicuous magnetite grain 
the gneiss contain elongate inclu 
sion locally rotate block amphibolite show evidence 
joshua book gneiss mem 
the joshua kock gneiss name lundgren 
the rock even textured medium grain gray granite gneiss 
commonly scattered spot cherry red hematite stain 
characterize aegerine augite coarse perthite rare earth 
bearing sphene 
the unit separate map fig 
thin show scale 
however distinctive unit 
adopt use geological survey member 
new london gneiss 
the fact 
iii occur exclusively 
phacolithic mass low part new london gneiss sug 
gests joshua rock gneiss part metamorphose 
layer sequence 
the joshua kock gneiss member may however 
young rest new london gneiss may 
resent facies sterling plutonic group 
mamacoke formation the name mamacoke gneiss use gregory rice gregory change mainacoke formation restrict metavolcanic metasedimentary rock gray biotitic 
contribution stratiqraphy 
gneiss new london gneiss high thick quartzite sequence plainfield formation 
the original type area mamacoke island thames river north new london shore thames river east island still within area formation however exposures typical formation may see hill east new london 
the upper part mamacoke formation consist layer sequence thin white quartzite locally top 
below quartzite first fairly consistent unit coarse grain inequigranular swirl somewhat blocky amphibolite turn underlain series dark even textured biotite plagioclase gneisses layer contain abundant garnet without sillimanite 
below dark gneiss light color sugary textured biotite quartz feldspar gneiss quartz sillimanite nodule either interfolded interlayered greenish calc silicate gneiss schist 
layer sequence everywhere thickness may miss locally 
lens nonlayered amphibolite rare 
the low dominant part mamacoke formation consist gray biotite quartz feldspar gneiss mostly plagioclase rich locally contain appreciable potassium feldspar form migmatite granite 
the gneiss indistinctly distinctly layered layer contain different amount biotite 
the biotite within give layer characteristically always present evenly distribute individual flake 
hornblende bearing layer layer amphibolite subordinate 
unfortunately biotite quartz feldspar gneiss common minor rock type throughout section monson plainfield lead difficulty stratigraphic identification area poor exposure 
northwest west new london mamacoke contains thin quartzite lack immediate new london area 
the base mamacoke place first thick section quartzite associate pelitic gneiss characterize underlying plainfield formation 
the name plainfield formation use lundgren rock formerly map plainfield quartz schist rice gregory unit contain many rock type quartz schist 
the distinguish characteristic unit however quartzite 
although exposure plainfield formation perhaps well place eastern connecticut plainfield term plainfield retain common usage 
the plainfield formation consist sequence quartzite quartzmica schist micaceous garnetiferous gneiss calc silicate 
stratigraphic names new london connecticut 
bear schist gneiss quartzite 
the rock abundantly interleave swollen granite true thickness sequence unit uncertain 
rapid facies change struc tural complication make correlation section observe different area extremely difficult except general manner 
much new london area plainfield formation divide three part clear boundary 
the upper part plainfield consist upper thin bed gray quartzite show thin micaceous parting 
interlayered subordinate mica schist mica gneiss may locally appear high quartzite bed 
the bed mostly inch thick may much foot thick 
the schist uppermost part typically dark biotitic contain little muscovite sillimanite 
low part upper quartzite section thin bed impure metasandstones foot bed white quart zite bed white light green diopside bearing lime silicate gneiss 
the middle part plainfield consist gray biotite quartzfeldspar gneiss contain hornblende diopside distinctive calcsilicate quartzite associate calc silicate gneiss amphibolite garnetiferous schist sugary sillimanite bearing biotite feldspar quartz gneiss thin bed white gray quartzite 
quartzite subordinate part formation 
area northeast new london upper middle part formation clearly separable 
the low part plainfield consist thick sequence white quartzite bed foot thick show sillimanitic parting interbedded mica schist mica gneiss 
these rock grade downward fairly thick section sillimanitic nonsillimanitic micaceous schist gneiss micaceous feldspathic quartzite high metamorphic grade contain quartz sillimanite nodule 
minor calcareous layer present well gray feldspathic quartzose gneiss 
many rock low part feldspathic 
the low part plainfield appear thick lyme dome montville uncasville area 
the base plainfield formation recognize new london area 
lundgren write commun suggest schist core lyme dome separate formation beneath plainfield 
sterling plutonic group the pink gray granite quartz monzonite gneiss formerly map lyme granite gneiss sterling granite gneiss greg 
contribution stratigraphy ory rice gregory see also rodgers other hereby combine name sterling plutonic group 
rock formerly map sterling granite gneiss rhode island connecticut subdivide accord lithology 
unit within sterling plutonic group include scituate granite gneiss qiiinn hope valley alaskite gneiss ten rod granite gneiss moore 
these unit separate map fig 
the name lyme granite gneiss abandon useful name area 
rock sterling plutonic group gneissic varying degree 
they form concordant semiconcordant sheet phacoliths dome shape pluton fig 
arrangement internal structure indicate granite pretectonic syntectonic late tectonic age 
some rock clearly show intrusive relationship other appear form place 
new london area sterling granite occur high section monson gneiss 
age the unit accord lundgren brimfield schist correlate across monson anticline belt brimfield middle haddam area call collins hill formation lundgren 
eaton rosenfeld i960 show belt brimfield west side monson anticline lie unconforniably quartzite trace low silurian clough quartzite new hampshire 
basis similar lithology similar stratigraphic position correlate middle haddam belt brimfield schist partridge formation underlies clough quartzite new hampshire central massachusetts robinson write commun 
thus brimfield schist certainly pre middle silurian correlative partridge may middle ordovician 
the monson gneiss new london gneiss must ordovician old 
brookins hurley discuss age middle haddam belt brimfield schist monson gneiss connection work radiometric age rock area 
their work support regional stratigraphic interpretation monson gneiss old brimfield schist ordovician older 
quartzite boulder resemble quartzite plainfield formation occur conglomerate narragansett basin rhode island 
these boulder contain cambrian fossil 
gross stratigraphic relationship elsewhere new england similarly suggest cambrian age least part formation new london area 
stratigraphic names new london connecticut the age mamacoke formation would presumably fall within range age monson new london gneiss plainfield formation 
the rock sterling plutonic group correlate part trace rock rhode island lie unconformably beneath pennsylvanian rock narragansett basin 
these rock thus assign pre pennsylvanian age yet little evidence assign definite age 
radioisotope work sterling gneiss far produce equivocal result quinn other snyder zartman other 
reference cite brookins hurley geochronological investigation middle haddam glastonbury quadrangle eastern connecticut 
eaton rosenfeld gravimetric structural investigation central connecticut internat 
cong 21st copenhagen keep 
feininger tomas 1965a bedrock geologic map ashaway quadrangle new london county connecticut washington county rhode island geol 
survey geol 
1965b bedrock geologic map voluntown quadrangle new london county connecticut washington kent county rhode island geol 
survey geol 
lundgren lawrence deep river area connecticut stratigraphy structure 
the bedrock geology deep river quadrangle connecticut geol 
history survey quad 
lundgren lawrence goldsmith richard snyder major thrust fault southeastern connecticut ab geol 
america bull 
moore bedrock geology hope valley quadrangle rhode island geol 
survey geol 
quinn bedrock geology north scituate quadrangle rhode island geol 
survey geol 
quinn jaffe smith war lead alpha age rhode island granitic rock compare geologic age 
rice gregory manual geology connecticut connecticut geol 
history survey bull 
rodgers john gate rosenfeld explanatory text preliminary geologic map connecticut connecticut geol 
history survey bull 
snyder bedrock geology norwich quadrangle connecticut geol 
survey geol 
petrochemistry bedrock geology fitchville quadrangle connecticut geol 
survey bull 
zartman robert snyder stern marvin bucknam implication new radiometric age eastern connecticut massachusetts geological survey research geol 
survey prof paper d10 
