mineral resource little jack creek big jack creek duncan creek wilderness study area owyhee county idaho 
geological survey bulletin 
chapter mineral resource little jack creek big jack creek duncan creek wilderness study area owyhee county idaho mclntyre king kulik sawatzky geological survey winter leszcykowski bureau mine kauffman bill bonnichsen idaho geological survey geological survey bulletin mineral resource wilderness study area bruneau river jack creek region idaho 
department the interior donald paul model secretary geological survey dallas peck director 
united state government print office washington 
for sale book open file report section geological survey federal center box denver 
library congress catalog publication data 
mineral resource little jack creek big jack creek duncan creek wilderness study area owyhee county idaho 
mineral resource wilderness study area bruneau river jack 
creek region idaho 
geological survey bulletin 
mine mineral resource idaho little jack creek 
mine mineral resource idaho big jack creek 
mine mineral resource idaho duncan creek 
little jack creek wilderness idaho 
big jack 
creek wilderness idaho 
duncan creek wilderness idaho 
mclntyre david 
series geological survey 
study relate wilderness bureau land management wilderness study area the federal land policy management act public law october require geological survey bureau mine conduct mineral survey certain area determine mineral value may present 
result must make available public submit president congress 
this report present result mineral survey little jack creek big jack creek 007c duncan creek 007b wilderness study area owyhee county idaho 
summary introduction investigation bureau mine investigation geological survey appraisal identified resource assessment potential undiscovered resource geology rhyolitic rock basalt associate sedimentary rock silicic ash structure geochemistry method summary analytical result characteristic tin bear concentrate source mineral concentrate contain tin geophysics gravity data aeromagnetic data remote sense data mineral energy resource potential recommendation future work reference cite appendix 
map show location mineral resource potential little jack creek big jack creek duncan creek wilderness study area 
map show generalized geology little jack creek big jack creek duncan creek wilderness study area 
map show sample location anomalous concentration tin lead antimony bismuth sample little jack creek big jack creek duncan creek wilderness study area 
complete bouguer gravity map little jack creek big jack creek duncan creek wilderness study area 
aeromagnetic map little jack creek big jack creek duncan creek wilderness study area 
number sample collect little jack creek big jack creek duncan creek wilderness study area 
mineral resource wilderness study area bruneau river jack creek region idaho mineral resource little jack creek big jack creek duncan creek wilderness study area owyhee county idaho 
mcjntyre king kulik sawatzky geological survey winter leszcykowski bureau mine kauffman bill bonnichsen idaho geological survey 
summary usbm bureau mine usgs geological survey idaho geological survey conduct investigation appraise mineral resource assess mineral resource potential little jack creek big jack creek 007c duncan creek id111 007b wilderness study area 
these investigation reveal identified mineral resource low mineral resource potential tin metal oil gas geothermal energy three study area 
the little jack creek big jack creek duncan creek wilderness study area locate southwestern idaho south snake river plain 
these three contiguous study area underlie chiefly miocene rhyolitic rock locally cover thin veneer basalt locally separate thin deposit poorly consolidate sedimentary rock silicic ash 
the rock sequence cut numerous northwesttrending high angle fault small displacement 
none rock hydrothermally alter 
mineral produce know mineralized area wilderness study area 
mine prospect mineralize area patent mining claim mineral lease identify study area 
sand gravel industrial rock resource study area sufficient quantity available elsewhere satisfy current local need 
nonmagnetic heavy mineral concentrate collect stream sediment geochemical survey locally 
contain high value tin lead 
very fine sand size silt size cassiterite variety wood tin occur tinrich sample 
the cassiterite probably derive sedimentary rock locally present rhyolitic rock basalt ultimate source probably outside wilderness study area 
the high lead value probably man cause contaminant 
the wilderness study area low mineral resource potential undiscovered tin associate sedimentary rock beneath basalt metal 
the potential undiscovered oil gas geothermal resource also low 
introduction usgs usbm cooperation idaho geological survey conduct mineral resource investigation little jack creek big jack creek duncan creek wilderness study area 
these three contiguous wilderness study area fig 
encompass acre divide follow little jack creek acre big jack creek acre duncan creek acre 
the area locate gently roll plateau gorge little jack creek big jack creek duncan creek incise gorge commonly thousand foot deep 
state highway pass east wilderness study area 
light duty road jeep trail provide access 
little jack big jack duncan creek wilderness study area 
approximate boundary the little jack creek wilderness study area 006a 
bruneau mile 
approximate boundary the big jack creek wilderness study area 007c 
approximate boundary the duncan creek wilderness study area 007b 
explanation geologic terrane low mineral resource potential tin metal oil gas geothermal energy certainty level 
certainty level data indicate geologic environment resource potential establish activity resource forming process unpaved road 
mile figure 
map show location mineral resource potential little jack creek big jack creek duncan creek wilderness study area southwestern idaho 
mineral resource wilderness study area bruneau river jack creek region idaho 
area side 
when water condition permit part big jack creek little jack creek float raft 
this report present evaluation mineral endowment identify resource mineral resource potential study area product several separate study usbm usgs 
identified resource classify accord system usbm usgs show appendix report 
identified resource study usbm 
mineral resource potential likelihood occurrence undiscovered metal nonmetal industrial rock mineral undiscovered energy source coal oil gas oil shale geothermal source 
classify accord system goudarzi show appendix report 
undiscovered resource study usgs 
investigation bureau mine the usbm appraisal identify resource three wilderness study area winter leszcykowski 1986a 
their work include library research examination owyhee county bureau land management mining lease claim land status record 
field study summer involve search mine prospect claim mineralize zone record 
addition three rock sample five sample stream alluvium take three area 
the rock sample pulverize fire assay gold silver detection limit troy ounce per ton respectively analyzed element semiquantitative spectrography winter leszcykowski 1986a 
the alluvial sample consist two level pan first concentrate hand panning 
the concentrate reduce laboratory size wilfley table inspect microscopically gold valuable mineral 
investigation geological survey new geologic map study area prepare usgs daniel kauffman bill bonnichsen idaho geological survey kauffman bonnichsen press 
harley king conduct stream sediment geochemical survey within study area erickson other unpub 
gravity survey conduct dolor kulik remote sense study conduct don sawatzky 
appraisal identify resource winter leszcykowski bureau mine mine prospect mineralize structure identify within wilderness study area except one placer claim locate currently inactive extends northernmost part big jack creek wilderness study area 
economic concentration mineral detect rock placer sample 
part three wilderness study area formerly cover oil gas lease application application cancel prior 
know exploration occur area cover lease application 
sand gravel occurrence along little jack creek duncan creek big jack creek tributary small volume consist gravel sand derive local volcanic rock 
the small volume angular nature gravel preclude consider resource 
assessment potential for undiscovered resource mclntyre king kulik sawatzky geological survey kauffman bill bonnichsen idaho geological survey geology the little jack creek big jack creek duncan creek wilderness study area underlie sequence rhyolitic rock best expose canyon along creek also crop widely plateau surface fig 
the rhyolitic rock overlie locally thin veneer basalt erupt mainly vent within near study area 
thin layer poorly consolidate sedimentary rock silicic ash separate rhyolitic rock overlie basalt part study area 
rhyolitic rock the rhyolitic rock commonly dark brown reddish brown reddish purple crystal poor contain sparse small crystal plagioclase pyroxene 
little jack big jack duncan creek wilderness study area 
boundary orthe ittle 
approximate boundary 
^¥^--^ iip 
base geological survey jordan valley twin fall 
geology modify kauffman other press 
correlation map unit 
list map unit 
holocene pleistocene pliocene miocene miocene 
surficial deposit teh chalk hill formation basalt sedimentary rock rhyolitic rock contact fault dot conceal 
map show generalized geology little jack creek big jack creek duncan creek wilderness study area 
mineral resource wilderness study area bruneau river jack creek region idaho 
the little jack creek wilderness 
boor4dary the duncaw creek 
wilderness study area 
base geological survey jordan valley twin fall 
mile explanation stream sediment sample locality great ppm tin heavy mineral concentrate high value bismuth antimony also find heavy mineral concentrate high value lead heavy mineral concentrate figure 
map show sample location anomalous concentration tin lead antimony bismuth sample little jack creek big jack creek duncan creek wilderness study area 
little jack big jack duncan creek wilderness study area 
opaque oxide quartz sanidine uncommon constituent unit 
canyon individual cool unit form ledges extend several mile 
black glassy zone occur bottom top unit brecciate zone bottom top 
thin layer poorly consolidate silicic volcanic ash separate cool unit ash layer seldom well expose 
none rhyolitic rock know hydrothermally alter 
current study kauffman bonnichsen press suggest rhyolitic cool unit lava flow 
past study ekren other conclude rhyolitic rock emplace sequence extremely hot ash flow tuff develop lava like characteristic due flowage prior final chilling rock call little jack tuff ekren other 
potassium argon age determination rock within wilderness study area mega annum armstrong other hart aronson 
basalt associate sedimentary rock silicic ash basalt lava erupt vent within near wilderness study area flow relatively flat surface top rhyolitic rock sequence 
the basalt commonly dark gray black contain small sparse phenocrysts plagioclase olivine 
the flow fine medium grain none hydrothermally alter 
the basalt lava commonly see one thin black flow crop canyon rim away canyon rim widespread rough rocky veneer plateau surface 
the vent flow express low hill rise general level plateau 
potassium argon age available rock however consider pliocene miocene kauffman bonnichsen press see geologic time chart appendix 
locally poorly consolidated sedimentary rock sediment silicic ash crop beneath basalt unit rhyolite 
many place within wilderness study area deposit thin absent might conceal debris shed overlie outcrop basalt rhyolite 
good exposure rock seldom find therefore understanding deposit incomplete 
they characterize white tan brown lacustrine fluvial deposit silt clay sand kauffman bonnichsen press 
locally prominent deposit silicic volcanic ash 
basalt mantle plateau surface extensive past 
erosion strip basalt underlie sedimentary rock present much area 
where basalt underlie 
sedimentary rock remove erosion rhyolitic rock expose beneath rather flat erosion surface 
structure the rock wilderness study area form uniformly dip sequence dip low angle northeastward toward snake river plain cut numerous high angle fault 
displacement fault small many vertical offset rock small show geologic map 
expose fault zone consist mass rather loose appear rubble attest low confining pressure time fault 
alteration fault zone absent weak 
geochemistry method the reconnaissance geochemical study little jack creek big jack creek duncan creek wilderness study area include collection analysis evaluation sample area 
table show distribution sample collect 
number sample collect little jack creek big jack creek duncan creek wilderness study area 
nonmagnetic heavy mineral concentrate sample 
streamsediment sample fine 
rock sample 
little jack creek duncan creek 
analysis stream sediment sample represent chemistry rock material erode drainage basin upstream sample site 
such information useful identifying basin contain concentration element may relate mineral deposit 
nonmagnetic heavy mineral concentrate sample provide information chemistry limit number mineral rock material erode drainage basin upstream sample site 
the selective concentration mineral many may ore related permit determination element easily detect stream sediment sample 
mineral resource wilderness study area bruneau river jack creek region idaho 
analytical data description sample analytical technique use give erickson other unpub 
all sample analyze semiquantitatively use direct current arc emission spectrographic method 
the rock stream sediment sample analyze use technique describe myers other nonmagnetic heavy mineral concentrate use technique describe grime marranzino 
certain element special interest high low limit determination emission spectrography also analyze rock stream sediment sample use follow method antimony arsenic bismuth cadmium zinc icap aes induct couple argon plasma atomic emission spectroscopy crock other use modification digestion method leary viets gold atomic absorption use modification method describe thompson other mercury modify koirtyohann khalil cold vapor atomicabsorption method 
sample locality show figure along withsamples contain anomalous concentration tin lead antimony bismuth 
all sample site sample contain anomalous tin collect locate part study area underlie rhyolitic rock 
the high value associate stream mile long drain erosion surface rhyolite basalt associate sediment silicic ash strip 
sample many nearby stream drain area rhyolite exposure contain little tin 
tin detect sample rhyolitic rock 
the sample high value lead systematically associate geologic feature 
each sample contain high value lead commonly associate element present high concentration 
these sample moreover place near road place people could reasonably expect go past 
therefore interpret data indicate lead cause contaminant probably bullet fragment birdshot wilderness study area long popular hunter 
unfortunately surmise directly verify detailed examination sample case remain sample part ground fine powder chemical analysis 
summary analytical result nonmagnetic heavy mineral concentrate sample site little jack creek wilderness study area contain anomalous concentration tin ppm part per million great 
two sample anomalous tin also contain anomalous bismuth ppm 
one also contain ppm antimony 
bismuth antimony commonly present material contain abundant tin 
three sample yield anomalous value lead range ppm sample sit different yield high value tin 
element present anomalous concentration sample 
sample collect geochemical survey little jack creek wilderness study area contain anomalous concentration element 
nonmagnetic heavy mineral concentrate one sample site big jack creek wilderness study area one site mile northeast study area contain great ppm tin 
element present anomalous concentration sample 
sample collect geochemical survey big jack creek wilderness study area contain anomalous concentration element 
nonmagnetic heavy mineral concentrate one sample duncan creek wilderness study area one sample adjacent study area contain great ppm tin one also contain ppm bismuth 
characteristic tin bear concentrate visual examination part nonmagnetic heavy mineral concentrate contain ppm tin great set aside reference show tin occurs fine sand size silt size grain cassiterite variety wood tin 
simple chemical test tin immersion cassiterite hydrochloric acid presence metallic zinc verify visual identification 
the bulk reference sample consist zircon accompany minor pyroxene biotite 
several sample contain grain pyrite 
zircon abundant mineral nonmagnetic heavy mineral concentrate three area occur chiefly well form prismatic crystal tiny rounded zircon grain also present one sample 
zircon occur basalt uncommon rhyolite 
those grain see rhyolite tiny round blebs similar subordinate nonmagnetic heavy mineral concentrate 
the well form zircon crystal must another source 
pyroxene nonmagnetic heavy mineral concentrate occurs well form prismatic crystal 
the specie pyroxene present determine 
some pyroxene could derive locally either basalt rhyolite 
biotite nonmagnetic heavy mineral concentrate occur round altered thick flake never large fine sand 
biotite unknown basalt rhyolite must another source 
little jack big jack duncan creek wilderness study area 
pyrite present several sample examine occurs untarnished subangular grain 
angularity freshness pyrite suggest local source source find 
source mineral concentrate contain tin most mineral include tin mineral identify nonmagnetic heavy mineral concentrate contain abundant tin occur basalt rhyolitic rock within wilderness study area 
the high tin value sample stream drain erosion surface rhyolite basalt associate sediment sedimentary rock nearly completely erode 
lack tin either basalt rhyolite suggest sediment rock locally present basalt rhyolite probably carrier tin 
the high specific gravity small grain size cassiterite may favor lodgement concentration irregularity erosion surface 
later small stream drain erosion surface rhyolite would carry away concentrate cassiterite 
the final concentration cassiterite would take place sample stream make nonmagnetic heavy mineral concentrate 
lack exposures sediment rock critical area prevents direct test hypothesis origin tin anomaly 
source region stream deposit accord kauffman bonnichsen press account much sediment locally expose beneath basalt may source tin exotic mineral 
cassiterite variety wood tin know placer deposit silver city area locate northwest wilderness study area piper laney 
cassiterite variety wood tin also find miocene stream deposit north silver city headwater stream silver city area mclntyre 
the mineralize rhyolitic rock expose silver city area likely source cassiterite find placer 
tin occur small amount hydrothermally alter rhyolitic rock west silver city barrett 
these rhyolite date armstrong distinctly old rhyolitic rock expose wilderness study area 
propose silver city region may ultimate source cassiterite find wilderness study area 
zircon biotite occur rhyolitic ash fall deposit rest rhyolitic rock overlie interbedded basalt near east border duncan creek wilderness study area 
this deposit least thick consist chiefly glass shard minor pumice 
also contain quartz sanidine plagioclase pyroxene amphibole biotite magnetite zircon 
heavy mineral concentrate prepare pound bulk sample ash contain cassiterite 
the zircon ash include many well form prismatic grain appear similar find nonmagnetic heavy mineral concentrate 
some biotite nonmagnetic heavy mineral concentrate may also supply ash 
geophysics geophysical data provide information subsurface distribution rock mass structural framework 
gravity magnetic remote sense study undertaken part mineral resource evaluation little jack creek big jack creek duncan creek wilderness study area 
gravity data gravity data obtain file maintain department defense supplement data obtain kulik 
bouguer gravity anomaly value compute use gravity formula international association geodesy reduction density cm3 
terrain correction make computer distance station use method plouff 
complete bouguer gravity anomaly map give figure 
the owyhee plateau area southwestern idaho characterize intermediate bouguer anomaly value milligals predominantly rhyolitic terrane 
the duncan creek wilderness study area southern part big jack creek little jack creek wilderness study area margin roughly circular gravity low diameter suggest underlie volcano tectonic depression could source extrusive rock expose 
this low coincides broad shallow structural sag center source area miocene swisher mountain tuff ekren other 
toward northeast relatively steep gravity gradient separate circular gravity low gravity high show northeast corner fig 
basalt snake river plain 
the northern part big jack creek little jack creek wilderness study area lie within gradient near margin snake river plain 
aeromagnetic data the aeromagnetic data aeromagnetic map idaho geological survey 
flight line east west interval barometric elevation 
mineral resource wilderness study area bruneau river jack creek region idaho 
approximate boundary 
the little jack creek wilderness study area approximate boundary the big jack creek wilderness study area approximate boundary the duncan creek wilderness study area 
explanation gravity contour dash approximate 
hachure indicate gravity low 
contour interval milligals gravity station from study gravity high figure 
complete bouguer gravity anomaly map map little jack creek big jack creek duncan creek wilderness study area 
little jack big jack duncan creek wilderness study area 
the aeromagnetic value show moderate approximately gammas variation rhyolite terrane southwest wilderness study area fig 
the northeastern part big jack creek little jack creek wilderness study area lie along steep magnetic gradient reflect abrupt thicken bury basalt snake river plain mabey other 
high amplitude short wavelength southwest trend magnetic high western part little jack creek wilderness study area fig 
coincides outcrop eocene volcanic rock margin snake river plain mabey ekren other 
the steep gravity magnetic gradient rhyolites plateau basalt snake river plain parallel northwest trend fault system map study area fig 
suggest margin plain fault control 
remote sense data linear feature landsat mss multispectral scanner image map photogeologic interpretation region southern idaho 
linear feature surface expression rock fracture pattern structural lithologic lineament 
analysis linear feature conjunction geologic geophysical map may reveal new relationship fracture control miner 
southwestern idaho expression linear feature poor volcanic deposit snake river plain also owyhee plateau 
north west study area linear feature well express area bound long lat concentration linear feature dominant trend 
the north northwest trend consistent trend gradient aeromagnetic map fig 
northwest trend highangle fault study area fig 
the east northeast trend typical pervasive regional fracture set 
mineral energy resource potential hydrothermal alteration note geologic mapping three wilderness study area kauffman bonnichsen press alteration rock note past study ekren other reference cite therein 
vein mineralize structure know wilderness study area 
mineral produce surface evidence exist metallic mineral energy resource wilderness study area 
feature present would suggest presence metallic mineral energy resource depth beneath wilderness study area 
much surface three study area blanket basalt know contain mineral deposit 
the rhyolitic rock present beneath basalt study area unaltered type know associated mineral deposit 
the rhyolitic rock characterize low water fluorine content ekren other table anhydrous mineral assemblage 
anomalous concentration element detect analysis rock 
little known sediment sedimentary rock locally present basalt rhyolite sediment rock poorly expose 
they probable source cassiterite variety wood tin occur stream drain erosion surface basalt sediment sedimentary rock strip 
unlikely high concentration cassiterite exist within sediment sedimentary rock amount detect stream sediment geochemical survey low 
high value occur sample stream sediment underwent deliberate concentration collection process 
the three study area low mineral resource potential tin metal certainty level accumulation oil gas unlikely high temperature produce volcanism past numerous high angle fault 
geothermal resource depth unlikely hot spring within study area none find even along highly permeable rubble fill fault zone 
none high angle fault show sign significant alteration might attribute past hot spring activity 
the resource potential oil gas geothermal energy low three wilderness study area certainty level recommendation future work study devote good characterization sediment sedimentary rock locally present beneath basalt would add understanding source mode occurrence cassiterite variety wood tin 
the study would difficult exposure rock scarce 
reference cite armstrong the geochronometry idaho isochron west 
a10 mineral resource wilderness study area bruneau river jack creek region idaho 
approximate boundary the little jack creek wilderness study area 
approximate boundary the big jack creek wilderness study area 
approximate boundary the duncan creek wilderness study area 
mile explanation aeromagnetic contour hachure indicate aeromagnetic low 
contour interval gamma figure 
total intensity aeromagnetic map little jack creek big jack creek duncan creek wilderness study area 
data contour geological survey 
little jack big jack duncan creek wilderness study area a11 
armstrong harakal neill date snake river plain idaho volcanic rock new result isochron west 
barrett the geology miner geochemistry milestone hot spring silver gold deposit near delamar silver mine owyhee county idaho moscow idaho university idaho 
thesis crock lichte briggs determination element national bureau standard geological reference material srm278 obsidian srm688 basalt induct couple argon plasma atomic emission spectrometry geostandards newsletter 
ekren mclntyre bennett high temperature large volume lavalike ash flow tuff without caldera southwestern idaho geological survey professional paper ekren mclntyre bennett malde geologic map owyhee county idaho west longitude geological survey miscellaneous field investigation map scale 
goudarzi compiler guide preparation mineral survey report public land geological survey open file report grime marranzino direct current arc alternate current spark emission spectrographic field method semiquantitative analysis geologic material geological survey circular hart aronson age rhyolite western snake river plain area oregon idaho nevada isochron west 
international association geodesy geodetic reference system international association geodesy special publication 
kauffman bonnichsen bill press geologic map little jack creek big jack creek duncan creek wilderness study area owyhee county idaho geological survey miscellaneous field study map scale 
koirtyohann khalil moheb variable determination mercury cold vapor atomic absorption analytical chemistry 
mabey geophysics tectonics snake river plain idaho bonnichsen bill breckenridge ed cenozoic geology idaho idaho bureau mine geology bulletin 
mabey zietz isidore eaton kleinkopf regional magnetic pattern part cordillera western united state smith eaton ed cenozoic tectonics regional geophysics western cordillera geological society america memoir 
mclntyre cenozoic geology reynolds creek experimental watershed owyhee county idaho idaho bureau mine geology pamphlet myers haven dunton spectrochemical method semiquantitative analysis rock mineral ore geological survey bulletin 
leary viets determination antimony arsenic bismuth cadmium copper lead molybdenum silver zinc geological material atomic absorption spectrometry use hydrochloric acid hydrogen peroxide digestion atomic spectroscopy 
piper laney geology metalliferous resource region silver city idaho idaho bureau mine geology bulletin plouff donald preliminary documentation fortran program compute gravity terrain correction base topography digitize geographic grid geological survey open file report thompson nakagawa vansickle rapid analysis gold geologic material geological survey research geological survey professional paper b130 b132 
bureau mine geological survey principle resource reserve classification mineral geological survey circular geological survey aeromagnetic map idaho geological survey geophysical investigation map scale 
winter leszcykowski 1986a mineral resource duncan creek study area owyhee county idaho bureau mine open file report mla 1986b mineral resource big jack creek study area owyhee county idaho bureau mine openfile report mla 1986c mineral resource little jack creek study area owyhee county idaho bureau mine openfile report mla 
a12 mineral resource wilderness study area bruneau river jack creek region idaho 
definition level mineral resource potential and certainty assessment definition mineral resource potential low mineral resource potential assign area geologic geochemical geophysical characteristic define geologic environment existence resource unlikely 
this broad category embrace area disperse insignificantly mineralize rock well area indication mineralize 
moderate mineral resource potential assign area geologic geochemical geophysical characteristic indicate geologic environment favorable resource occurrence interpretation data indicate reasonable likelihood resource accumulation application mineral deposit model indicate favorable ground specify type deposit 
high mineral resource potential assign area geologic geochemical geophysical characteristic indicate geologic environment favorable resource occurrence interpretation data indicate high degree likelihood resource accumulation data support mineral deposit model indicate presence resource evidence indicate mineral concentration take place 
assignment high resource potential area require positive knowledge mineral forming process active least part area 
unknown mineral resource potential assign area information inadequate assign low moderate high level resource potential 
mineral resource potential category reserve specific type resource well define area 
level certainty 
high potential 
high potential 
high potential 
moderate potential 
moderate potential 
moderate potential 
low potential 
available information adequate determination level mineral resource potential 
available information suggest level mineral resource potential 
available information give good indication level mineral resource potential 
available information clearly define level mineral resource potential 
abstract minor modification taylor steven definition mineral resource potential economic geology 
taylor stoneman marsh assessment mineral resource potential san isabel national forest south central colorado geological survey bulletin 
goudarzi compiler guide preparation mineral survey report public land geological survey open file report 
resource reserve classification 
identified resource 
undiscovered resource 
demonstrate measure indicated 
probability range 
inferred reserve 
marginally economic subeconomic 
marginal reserve 
inferred marginal reserve 
demonstrate subeconomic resource 
inferred subeconomic resource 
major element mineral resource classification exclude reserve base infer reserve base 
modify bureau mine geological survey principle resource reserve classification mineral geological survey circular 
geologic time chart term boundary age use report 
eon phanerozoic proterozoic archean 
era cenozoic mesozoic paleozoic late proterozoic middle proterozoic early proterozoic late archean middle archean early archean 
neogene subperiod paleogene subperiod 
cretaceous jurassic 
carboniferous period 
pennsylvanian mississippian 
boundary age million year 
holocene pleistocene pliocene 
miocene oligocene eocene 
paleocene late early 
late middle early late middle early late early late middle early late early late middle early late middle early late middle early 
ortc oon 
late middle early 
pre hean 
rock older 
also call precambrian time term without specific rank 
informal time term without specific rank 
government printing office 
