note colemanite deposit near shoshone calif with sketch the geology part amargosa valley noble introduction while pass shoshone calif november opportunity examine deposit colemanite far town discover year 
the time available visit short nevertheless seem worth record observation make general though deposit describe 
the mineral colemanite hydrous calcium borate ca2b6ou 5h20 source borax boric acid produce united state 
it occurrence commercially workable deposit restrict far know southern southeastern california southern nevada 
like know colemanite deposit newly discover deposit near shoshone occurs tilt clay shale tertiary age lay playas dry lake 
the shale interstratify bed tuff ash sandstone conglomerate mass lava associate 
the deposit interest unusually rich affords clear evidence know deposit colemanite derive alteration ulexite hydrous sodium calcium borate 
location the deposit shoshone station tonopah tidewater kailroad amargosa valley one desert valley southeastern california 
the colemanite deposit lie east side valley small gulch north prominent mesa like hill know locally red mountain 
the tonopah tidewater railroad follow course amargosa river bottom valley run within mile deposit 
the altitude valley floor shoshone foot altitude deposit perhaps foot 
the location deposit mark accompany 
contribution economic geology pabt ing map fig 
show feature surround region 
the deposit lie within area cover furnace creek topographic map geological survey near southern dry lake salt flat figure 
map show location colemanite deposit near shoshone calif boundary quadrangle point mile west center shoshone amargosa valley south deposit show crucero topographic map survey yet publish 
colemantte near shoshone calif 
geology amargosa valley around shoshone general section the general geologic section amargosa valley around shoshone follow kecent alluvium valley fill alluvial fan wash unconsolidated sand gravel clay 
lake bed stratify sand gravel clay volcanic ash loosely consoli date deeply dissect nearly horizontal age probably pleistocene 
tertiary rock volcanic sedimentary rock diverse character tuff breccia lava ash clay shale sandstone conglomerate moderately consolidate tilted fold faulted comprise least two unconformable series rock old probably miocene young probably pliocene miocene 
bed contain colemanite deposit describe report 
pre tertiary rock limestone quartzite slate schist dark volcanic rock appear alter diabase greenstone highly indurate partly metamorphose tilt faulted age probably cambrian 
pre tertiary rock the old rock section pre tertiary rock 
most exposure east side amargosa valley form mountains border valley 
these mountain know locally rest spring range trend south parallel valley 
they moderately high exceedingly rugged rise precipitously valley 
the rock range compose chiefly thick massive bed limestone quartzite expose broad band visible great distance clearly reveal structure bed 
general bed strike north parallel trend range dip steeply east away amargosa valley although structure somewhat irregular detail 
thus range whole appear long narrow crustal block elevate along western face tilt steeply east 
other exposure pre tertiary rock cover small area west side amargosa valley near shoshone 
here bed dip overlain bed tertiary tuff breccia lava dip 
this contact tertiary pre tertiary rock well expose sec 
mile half west shoshone unconformity erosion 
another exposure pre tertiary rock form sugar loaf peak prominent hill southwest amargosa valley mile west tecopa 
hill bed dip 
contribution economic geology part the ibex hill west sugar loaf peak also compose pretertiary rock 
the age part pre tertiary rock certainly cambrian cambrian fossil find kest spring range place mile southeast shoshone mile north kest spring improbable rock young cambrian possible older 
teetiaby bocks the rock next young series tertiary rock expose part west amargosa valley 
the large exposure rock lie northwest shoshone include west side valley death valley junction southward locality west shoshone describe rest unconformably upon pre tertiary rock 
the exposure form wide belt extends diagonally across mountain amargosa valley death valley reach death valley near furnace creek continue northwestward death valley many mile 
include entire valley furnace creek high part black mountains east death valley probably large single area tertiary rock desert region california 
all borate deposit furnace creek district lie within 
small exposure tertiary rock nearly continuous area describe essentially part lie east side amargosa valley northeast shoshone include red mountain 
the rock exposure square mile extent contain colemanite deposit describe report 
another exposure tertiary rock lie amargosa valley tecopa acme mile south shoshone cover considerable area side amargosa river 
the rock area chiefly clay shale differ important respect shale contain borate deposit furnace creek district deposit area northeast shoshone like rock area upturned fold fault 
place along willow creek contain bed gypsum extensively mine 
the shale weather round hill cover clay soil deposit sodium nitrate occur many place indurate saline layer call caliche lie upon weathered surface shale spurr 
descriptive geology nevada south fortieth parallel adjacent portion california geol 
colemanite near shoshone calif 
beneath soil 
nitrate deposit type call clay hill deposit 
these deposit study described detail earlier bulletin survey bulletin tertiary area designate upper canyon nitrate field 
similar deposit clay hill nitrate associate shale furnace creek district many outcrop shale desert region 
the relation upturned strata upper canyon field contain colemanite deposit furnace creek colemanite deposit area northeast shoshone know 
the rock upper canyon field contain much less volcanic material area resemble otherwise evidently deposit similar condition 
degree disturbance also resemble rock area 
seem likely therefore strata three area part general series 
the epoch tertiary deposit know believed miocene place upper canyon field notably along canyon amargosa river south tecopa stratum describe overlain unconformably thick deposit partly consolidate gravel type know fan conglomerate moderately disturb 
these fan conglomerate remain ancient alluvial fan deposit believe late tertiary pliocene early quaternary age 
similar conglomerate presumably pliocene early quaternary overlie borate bearing series furnace creek district 
lake bed probably time end tertiary period water amargosa eiver pond amargosa valley lake form bed clay sand gravel deposit 
these deposit cover floor valley tecopa point several mile north shoshone extend several hundred foot slope side valley 
the low exposure bed lie altitude foot along amargosa river near tecopa 
the upper limit bed place around side valley foot large embayment form tributary valley appear high 
eye bed appear horizontal actually however dip gently toward center valley side 
their total thickness probably exceed 
noble mansfield other nitrate deposit amargosa region southeastern california geol 
survey bull 
contribution economic geology part foot 
these bed cover area least square mile indicate approximately maximum extent lake 
that amargosa eiver carry enough water fill maintain lake size convince evidence climate region become much arid since time lake exist amargosa present river name 
it bed dry practically entire course except interval month even year flow day torrential rain 
maintains feeble flow short stretch feed hot spring emerge near shoshone tecopa 
the barrier behind water pond form lake lie south tecopa compose partly pliocene 
fan conglomerate upper canyon field already describe partly old rock 
after basin lake fill sediment possibly level outlet amargosa river begin cut barrier arid low bed 
since time carve tecopa deep rocky canyon one striking scenic feature region 
river bed progressively deepened base level amargosa valley barrier lower lake deposit subject erosion 
result dissect almost base area expose form mesa badlands 
the exposure old rock within lake bed area low hill pre tertiary rock 
one hill stand northeast shoshone middle valley small group north tecopa 
these hill form island lake later partly wholly buried sediment partly exhume erosion lake bed subject 
below altitude foot lake bed area nearly sediment true lake bed consist white buff greenish fine textured saline clay 
above level sediment become predominantly sandy contain lens gravel gradually pass upward bed practically fan conglomerate 
these uppermost sediment apparently consist detrital material wash basin surround hill near end period lake exist 
foot level vicinity shoshone bed white volcanic ash fine sandy texture interstratify sand clay 
this material know locally soap fuller earth bentonite mine several place west north shoshone use refining oil 
the large deposit work associated oil boron mineral occur lake bed far know 
coleman tte nbae shoshone calif 
lake bed area prospect extensively nitrate geological survey party 
small patch nitrate bearing caliche find place workable deposit discover 
the result examination give bulletin already cite lake bed area describe name zabriskie nitrate field 
another brief description area may find early report campbell the lake bed amargosa valley greatly resemble series lake bed deposit pleistocene time near manix valley mohave river 
these manix lake bed describe buwalda find pleistocene fossil 
visit locality find manix lake bed resemble amargosa valley physical character nearly horizontal occupy position valley mohave river similar occupy bed valley amargosa 
both area record strikingly similar chain event respective drainage system record area stage preservation two series bed suffer approximately equal amount dissection 
therefore probability lake bed amargosa valley pleistocene manix lake bed approximately contemporaneous 
perhaps generally realize amargosa mohave drainage system unite enter death valley thus part single system record succession quaternary event complete easily decipherable along system elsewhere desert region california except along colorado river 
during reconnaissance death valley prof gregory discover set strand line cut basalt hill south end death valley sink near mouth wingate wash later trip death valley prof davis 
find correspond set strand line cut ancient gravel deposit embayment north mormon point mile first locality 
locality strand line foot low point valley 
the extinct lake whose shore mark must therefore one time least foot deep mile long 
this discovery strand line first convince evidence existence quaternary lake death valley bring light 
whether lake receive water overfloav wingate pas noble mansfield other nitrate deposit amargosa region southeastern california geol 
survey bull 
campbell reconnaissance borax deposit death valley mohave desert geol 
surrey bull 
buwalda pleistocene bed manix eastern mohave desert region california univ 
geology bull vol 
contribution economic geology part quaternary owen searles panamint drainage system describe gale amargosa mohave drainage system perhaps period manix lake bed amargosa valley deposit system one interesting problem awaits solution 
the lake death valley may contemporaneous lake bed amargosa valley deposit may exist late time old seem highly improbable 
vertebrate remain find many year ago lake bed amargosa valley upturned tertiary stratum upper canyon field material lose without described 
the fossil find lake bed say teeth mastodon find tertiary stratum believe remain one miocene horse 
probably systematic search fossil formation would yield valuable paleontologic evidence greatly need interpret tertiary quaternary history region 
recent alluvium part eecent alluvium amargosa valley consist fan deposit gravel sand boulder sweep stream low slope valley 
high part lake bed area deposit cap mesa lake bed carve low area fill bed innumerable wash separate mesa 
alluvial fan cover area colemanite deposit occur conceals tiny outcrop deposit 
the rest alluvium valley fill clay sand deposit amargosa kiver 
most clay form marshy flat along river 
borax deposit well know marsh playa type occur place clay flat mile two south shoshone many year ago borax produce 
part ruin old borax work still stand point mile south former site zabriskie halfway shoshone tecopa 
whether borate material dug clay flat borax sodium borate na2b407 10h20 ulexite sodiumcalcium borate nacab5o9 8h20 know 
the colemanite deposit the tertiary rock small area east side amargosa valley fault cambrian limestone quartzite kest spring kange 
area structure gale saline owen searles panamint basin southeastern california geol 
survey bull 
colemantte near 
shoshone calif 
irregular red mountain bed badly disturb tilt gently eastward mountain view amargosa valley appearance mesa like mass cut horizontal stratum 
the section western face mountain bed measure perhaps foot conspicuously expose fairly represent character succession large part rock area 
the low stratum expose face red mountain bed whitish tuffaceous material bed clay shale 
these stratum form band light color outcrop along base mountain 
above light color stratum bed volcanic rock probably lava lava thick bed fan conglomerate 
the conglomerate overlain another bed volcanic rock apparently rhyolite form summit mountain 
back red mountain line fault run northwestward tertiary rock determines saddle col mountain main range east 
the rock contain colemanite deposit lie north mountain extension fault zone 
although structure vicinity deposit irregular stratigraphic relation rock fairly clear evident bed part series expose red mountain shale contain colemanite correspond apparently whitish stratum base mountain 
the colemanite discover prospector search deposit call fuller earth bentonite occurs lake bed near shoshone 
while examine outcrop clay shale gulch north red mountain find embed shale small lump crystalline material upon examination prove colemanite 
the discovery remarkable exposure shale bed gulch foot wide might easily overlook tiny lump colemanite appear outcrop afford idea great size deposit underground 
the deposit buy pacific coast borax soon discover 
time visit november actively mine company several carload ore day ship 
the mine consist shaft sunk vertically near point discovery make long tunnel run bottom shaft northwestward reach surface ground alluvial slope face amargosa valley 
the ore load ship mouth tunnel 
go discovery shaft rasor charge mine spent hour examine ore body 
contribution economic geology part working lead shaft main tunnel 
cordial acknowledgment due easor opportunity visit mine courtesy show 
the ore body essentially colemanite mixed clay shale contain ulexite 
one place note bed ulexite foot thick top ore body 
place material deposit practically colemanite 
the ore body probably average least foot thickness explore mine several place exceed foot 
one place main tunnel foot thick appear thickened fold faulting 
the deposit considerably fault like colemanite deposit lenticular 
it extent therefore unpredictable underground work already do show unusually large rich 
rasor familiar practically know colemanite deposit state ore purest see 
the clay shale deposit lie differ general character shale colemanite deposit occur undoubtedly deposit playas dry lake 
bed coarse fan conglomerate contain many angular pebble cambrian limestone quartzite associate shale interstratify part 
one place pebble bed adjacent ore body impregnate colemanite 
place shale contains bed volcanic ash tuff 
bed dark lava apparently basalt lie directly ore body one part main tunnel 
the lava exhibit well mark pillow structure 
another place note lava fault ore body 
near mouth tunnel contact bedrock overlie alluvial wash deposit mass obsidian may represent rhyolitic lava 
part colemanite occur layer general parallel bed plane interstratify shale part irregular mass nodule bulge bed shale border 
the ulexite occurs mass similar form mass colemanite 
most mass ulexite however either solid core crystalline colemanite lump crystalline colemanite scatter colemanite crystal radially dispose center core lump 
specimen obtainable range pure ulexite mixture colemanite ulexite pure colemanite 
the fact colemanite associate ulexite inclosed suggest colemanite later form alteration ulexite 
therefore probable borate mineral deposit originally form ulexite playa mud afterward alter largely colemanite 
colemantte near shoshone calif 
interesting feature deposit occurrence pebble cambrian limestone quartzite within shale associ ate colemanite place within solid crystalline mass pure colemanite 
the presence pebbles inconsistent origin deposit playa wash upon clay surface dry lake present 
wash upon mud flat ulexite forming might easily become incorporated ulexite either mud ulexite form sink mud fluffy mass cotton ball wash 
another feature deposit deserve mention occurrence colemanite columnar band inch thick resemble vein cross fiber gypsum 
these band however numerous characteristic deposit 
acknowledgment aid 
amargosa river calif flow 
amargosa valley calif alluvium 
lake bed 
pre tertiary rock 
tertiary rock 
aspen district colo albite alaskite porphyry 
albite aplite porphyry 
diorite porphyry 
granodiorite porphyry 
igneous rock porphyry mountain 
intrusive igneous rock 
monograph spurr value 
ore body general feature 
oxidation relate glacial 
ore depositing solution 
output metal 
paleozoic formation 
pre cambrian granite 
scope report 
manix lake bed calif feature merriam cite mid kansa harris bros well 
crock ett county tex analysis sample mid kansas mclntosh well 
reagan county tex analysis sample midnight mine operation noble borate deposit kramer district kern county calif note colemanite deposit near shoshone calif sketch geology part amargosa valley permian salt bed western texas discovery potash potash area texas promise search field work first discovery texas investigation suggestion drill suggestion mining 
borate deposit inyo county calif shoshone calif colemanite deposit near 
borate deposit kern county calif 
borden county tex potash 
california borate deposit kern county colemanite deposit inyo county calif colorado recent development aspen district cowden 
well crane county tex potash crescent eagle well grant county utah analysis salt optical feature salt 
death valley calif ancient lake 
drilling practice suggest save potash 
fuller earth deposit near sboshone calif 
hope mining mill lease opera 
kansas test sample potash 
knopf adolph recent development 
aspen district colo 
kramer calif borate deposit age cor 
location discovery 
lang walter potash investigation little annie mine oolo ore body 
texas county potash 
mid kansa mclntosh well 
y sample potash 
potash deposit condition affect 
favorable area 
potash investigation borden 
crane county 
crockett county 
gray county 
ftatagorda county 
mitchell county 
reagan county 
santa rita oil well 
scurry county 
western map potash field 
group well reagan county 
tex analysis sample 
ulexite occurrence near shoshone calif 
utah crescent eagle well analyse salt 
potash investigation 
