recognition criterion igneous metamorphic rock aerial photograph chichagof kruzof island southeastern alaska pomeroy procedure and study photogeology geological survey bulletin aid identification major rock type complex geologic terrane united states government print office washington 
united state department the interior stewart udall secretary geological survey thomas nolan director for sale superintendent document government print office washington 
purpose geologic sketch geography recognition element chichagof island summary geology recognition criterion metamorphic rock aerial photograph 
recognition criterion intrusive rock aerial photograph kruzof island summary geology 
recognition criterion rock type aerial photograph summary conclusion source identify data photographs select bibliography 
illustration page figure 
index map show area discuss 
tonal difference drainage characteristic metamorphicigneous terrane rust mountain area chichagof island 
structural feature drainage characteristic igneousmetamorphic terrane north head hoonah sound chichagof island 
drainage characteristic igneous metamorphic terrane deep bay peril strait area chichagof island 
tonal difference structural feature igneous metamorphic terrane north hoonah sound chichagof island 
vegetation structural feature igneous metamorphic terrane northeast head hoonah sound chichagof island drainage characteristic structural feature igneousmetamorphic terrane near rust mountain chichagof island 
vegetation structural feature igneous metamorphic terrane point mary shelikof bay area kruzof island 
drainage characteristic igneous terrane northeast emmons island chichagof island 
structural feature 
northeast emmons island chichagof island 
metamorphic terrane southern chichagof island 
tonal difference igneous metamorphic terrane along coast northwestern chichagof island 
tonal difference structural feature igneous metamorphic terrane along eastern kruzof island 
topographic expression volcanic landscape southern kruzofisland 
table page table 
summary recognition criterion igneous metamorphic rock aerial photograph chichagof kruzof island 
and study photogeology recognition criterion igneous and metamorphic rock aerial photograph chighagof and kruzof island southeastern alaska pomeroy abstract various aerial photographic recognition element photographic tone vegetation drainage characteristic structural feature topographic expression use assist semidetailed reconnaissance field mapping complex area regionally thermally metamorphosed rock intrude several type igneous rock 
combination recognition element effective distinguish igneous metamorphic rock chichagof kruzof island 
drainage character one reliable criterion 
introduction purpose field investigation involve regional reconnaissance mapping conduct chichagof baranof kruzof islands summer loney other 
during field season author observe usefulness vertical aerial photograph study geological complex rrane 
because little previously write photointerpretive aspect specific igneous metamorphic terranes purpose paper summarize photointerpretive feature igneous metamorphic terrane chichagof kruzof island fig 
area chichagof island map worker rossman 
lathram other loney other reed coat discuss 
procedure and study photogeology figdre 
index map show area discuss 
recognition criterion rock aerial photograph geologic sketch rock range age 
quaternary crop chichagof kruzof island 
plutonic rock abundant constitute percent area discuss 
most layered rock older intrusive body although metamorphose slightly show effect either contact regional dynamic metamorphism 
many place rock type result one form metamorphism 
the area complicate structurally fault fold layered rock unit isoclinally fold 
during pleistocene epoch ice sheet north northeast covered high elevation 
chichagof kruzof island 
aerial photograph indicate ice cover reach ninimum elevation foot large part chichagof island much less foot kruzof island 
glacier longer exist area ubiquitous cirque shape valley evidence glaciation occur 
geography the area topographically representative southeastern alaska 
mountain rise directly major inland waterway low region alluvial valley best develop head bay 
some peak rise elevation slightly less foot 
annual rainfall inch major climatic feature 
during winter climate usually moderate along shoreline although large amount snow fall high country 
summer usually moist cool daily temperature summer seldom exceeds 
hemlock spruce dominant tree growth 
brush usually alder devilsclub berry bush thick impenetrable place low area 
the elevation timberline varies usually foot 
recognition element study aerial photograph igneous metamorphic terrane different recognition element photograph tone vegetation topographic expression drainage erosion characteristic well structural feature rock foliation jointing use 
some recognition element valuable other although particular recognition element effective 
procedure and study photogeology criterion use 
complete interpretation prevent many area insufficient number criterion 
chichagof island summary geology the central eastern part chichagof island dominate several plutonic body compose principally granodiorite tonalite diorite gabbro also contain small amount syenite monzonite adamellite trondhjemite norite loney other 
these plutonic body intrude metamorphose many paleozoic mesozoic rock 
large area mixed migmatitic rock lie adjacent several plutonic body 
most intrusive rock probably age coast eange batholith cretaceous may older 
roof pendant consist principally intensely fold hornfels marble amphibolite schist 
belt graywacke argillite conglomerate limestone marble crop along northeast edge area 
west thick section nonplutonic rock map several distinct unit range age frojn permian 
early cretaceous 
these unit nearly monolithologic consist greenstone marble greenschist phyllite graywacke 
marble one major metamorphic rock type region 
because marble light tone photograph metamorphic rock distinguish rock type wherever fairly homogeneous fig 
marble also generally light tone intrusive rock 
depend scale photograph magnification lens stereoscope karst feature may observe 
place massive nonfoliated marble occurs distinguish metamorphic rock usually conspicuous foliation trace 
also joint appear less developed marble greenschist phyllite hornfels 
marble usually support stand forest denser characteristic intrusive terranes 
eastern chichagof island wide belt nearly homogeneous marble crop along chatham strait thick stand forest obscures area shoreline ridge crest timberline marble expose 
elsewhere southeastern alaska marble support denser stand evergreen forest metamorphic 
recognition criterion rock aerial photograph figure 
tonal difference drainage characteristic metamorphic igneous terrane rust mountain area chichagof island 
light tone marble easily differentiate adjacent metamorphic rock 
extensive gullying diagnostic terrane underlain plutonic rock 
greenstone intrude granodlorite crop along mountain flank along ridge thin veneer greenstone mask granodiorite place 
note drainage greenstone probable fault scarp 
procedure and study photogeology intrusive rock condon ray 
eastern part island small number rill along ridge slope indicate low surface drainage density marble much great subterranean drainage solution channel 
fine grain mafic igneous rock metamorphic derivative politic sedimentary rock phyllite usually fine textured high drainage density fig 
drainage density coarser grain derivative gneiss quartzofeldspathic schist amphibolites often much less fig 
when discuss gully characteristic associated erosion different material lueder write one type gully develop small grain cohesive material low porosity 
these gully long wide channel moderate large number branch fairly uniform gradient 
this type gully typical many fine grain metamorphic rock 
practically observed drainage metamorphic igneous terranes impose upon thin regolith 
research worker purdue university find gully characteristic major soil textural group become nondistinctive also combination find soil strong well develop profile 
conversely thin soil mantle would definite gully characteristic 
photograph metamorphic rock show conspicuous foliation also equally well develop joint system fig 
these checkerboard grid pattern usually indicate area metamorphic rock 
gneiss quartzofeldspathic schist however characteristic region 
the metamorphic rock average roof pendant area cannot divide photograph 
owe complexity rock field map particular lithology even semidetailed scale often practically impossible 
area particularly metamorphic unit tend thin short lateral extent 
southwestern chichagof island unit nearly monolithologic criterion available distinguish metamorphic rock marble one exception 
massive greenstone foliation commonly obscure nonexistent photograph fig 
field conversely adjacent body greenschist phyllite pronounce foliation 
place phyllite reproduces lighter photographic tone greenschist distinction probably due abundant siliceous lamina associate particular phyllite unit 
recognition criterion rock aerial photograph 
procedure and study photogeology 
recognition criterion rock aerial photograph figure 
tonal difference structural characteristic igneous metamorphic terrane north head hoonah sound chichagof island 
gabbro marble interbedded hornfels schist amphibolite minor marble foliation joint 
although tone marble exposure lighter gabbro tone vegetation darker 
marble usually show less well developed joint metamorphic rock 
note checkerboard grid pattern 
procedure and study photogeology figuke 
vegetation structural feature igneous metamorphic terrane northeast head hoonah sound chichagof island 
gabbroic terrane comparatively sparsely wooded even elevation low foot 
high country underlie mostly hornfels 
represent joint strike foliation metamorphic rock 
recognition criterion rock aerial photograph ficdkk 
drainage characteristic structural feature igneous tamorphic terrane near rust mountain chichagof island 
deeply incise drainage system develop granodiorite metamorphic area underlie massive greenstone 
note absence foliation trace greenstone 
thick unmetamorphosed graywacke unit border metamorphic rock west photograph graywacke cannot distinguish metamorphic rock 
recognition criterion intrusive rock aerial photograph aerial photograph little value differentiate intrusive rock type 
show field map individual pluton chichagof island usually complex may include diverse rock 
procedure and study photogeology type 
also migmatitic area cannot recognize aerial photograph 
tonal variation example granodiorite tonalite gabbro outcrop either nonexistent weakly reproduce photograph 
although tonal distinction would logically result predominance light dark color mineral rock type tone weather surface occasionally criterion reliable 
likewise tonal variation intrusive rock type map author area southeastern alaska well reproduce aerial photograph 
vegetational difference sometimes useful tonal contrast distinguish plutonic rock type 
residual soil develop silicic rock usually fertile support great variety vegetation 
mafic rock residual soil however contain less well balance supply nutrient support restrict type vegetation 
soil derive ultramafic rock infertile frequently lack vegetation eardley 
the silicic plutonic rock eastern half chichagof island well granodiorite kruzof island fig 
tend support dense forest 
contrast gabbroic area northeast northwest head hoonah sound low timberline scanty brush growth 
see figure 
admittedly terranes underlie silicic plutonic rock support dense stand vegetation example area central western chichagof island scant tree growth typical 
local climatic factor effect glaciation soil cover drainage possibly cause difference 
area however ultramafic rock along eastern shoreline nearby baranof island vegetation rock type relation unaffected influence 
the boundary red bluff bay chromite bearing body map detail guild balsley coincides vegetational boundary 
although near sea level ultramafic area almost vegetation 
robinson other state large quantity chromium nickel soil cause infertility 
surface drainage pattern intrusive rock chichagof island less dense metamorphic rock 
see figure 
such wide space streams result coarse textured drainage system 
the channel tend curvilinear although nearly straight slope steep 
previously mention fine grain metamorphic rock fine textured high drainage density 
ray fischer discus drainage density different rock type 
recognition criterion rock aerial photograph 
ooa figure 
drainage characteristic igenous terrane northeast emmons island chichhagof island 
deeply incise drainage system develop tonalite 
eapid disintegration rock account light color tone hillside ravine 
this characteristic usually reliable differentiate plutonic metamorphic rock area largely cover vegetation 
one best criterion distinguish plutonic metamorphic rock recognition steeply incise head hillside ravine characteristic many area intrusive rock 
see fig 
this criterion helpful reliable area outcrop sparse ridge cover tree brush 
lueder discuss one type gully develop noncohesive material appreciable grain size porosity characterize comparatively short length simple direct plan short simple branch steep uniform gradient sharp knickpoint head end descriptive short steep gash nick 
such description fit area underlie silica rich intermediate plutonic rock chichagof island 
kesidual soil develop rock gabbroic composition sometimes gullies type mention lueder 
gabbroic rock however even though usually coarse grain often produce somewhat clayey impermeable soil soil composition depend amount hornblende mafic mineral parent rock 
characteristic drainage system likely include feature gully develop silicic intrusive rock pelitic fine grain metamorphic rock 
large part plutonic rock chichagof island directionless nonfoliated 
occasionally however intrusive mass foliate trace foliation sometimes distinct photograph area large enough 
this feature confuse conspicuous steep joint set prevails pluton fig 
joint system common easily distinguish area partly cover sparse vegetation area good outcrop 
high area chichagof island igneous metamorphic rock often distinguish topographic expression ridge 
plutonic ridge crest somewhat round much less rugged characteristic sharp crest serrate ridge metamorphic rock marble phyllite greenschist hornfels 
gneissic ridge much less rugged ridge underlie metamorphic rock 
dike intrude metamorphic rock usually discernible photograph fig 
resistant country rock area dike occasionally relief 
kruzof island summary geology rock range age triassic jurassic eecent crop kruzof island 
the old rock constitute 
procedure and study photogeology 
small part island consist greenstone greenschist graywacke semischist metachert phyllite 
graywacke metamorphose place overlies transitional rock 
granodioritic plutoii emplace deposition graywacke cause contact metamorphism adjacent rock 
post pleistocene basaltic flow erupt southern kruzof island 
recognition criterion rock type aerial photograph aerial photograph useful distinguish intrusive rock graywacke metamorphic equivalent 
pronounce contrast tone find along shoreline east west side island fig 
plutonic rock light tone compare medium tone graywacke graywacke horiifels 
part ridge timberline tonal 
structural feature northeast emmons island chlchagof island 
dominant joint set tonalite 
persistent linear feature represent dominant vertical joint set nonfoliated tonalite 
these trend could mistake foliation metamorphic igneous rock 
recognition criterion rock aerial photograph fiodrb 
structural feature metamorphic terrane southern chichagof island 
alter gabbroic body cut sequence greenstone greenschist metachert 
note light tone 
linear trend represent foliation metamorphic rock 
thin bed light tone metachert could mistake felsic sill 
light tone linear body dike fill joint metamorphic rock 
procedure and study photogeology variation cannot use 
the metagraywacke ridge however tend sharper crest less rugged ridge intrusive rock lie similar elevation 
the photograph show structural pattern two rock type dissimilar 
fairly moderately well define northeastward trend joint common granodiorite 
conspicuous northwestward trend bed foliation trace find 
graywacke graywacke hornfels 
the contact graywacke metamorphic equivalent gradational neither unit distinguished photo graph contact delineate graywacke old rock transitional 
the basaltic flow associate cone southern kruzof island obvious feature aerial photograph fig 
the landscape 
characterize radial dendritic drainage pattern dense vegetation grow along creeks shoreline absence structural trend fig 
although photographic tone basalt metagraywaeke along shoreline similar closely spaced persistent northwest foliation trace metagraywacke contrast 
featureless flatlying basalt 
summary and conclusion recognition criterion major igneous metamorphic rock type aerial photograph 
chichagof kruzof island summarize table 
the author believe recognition element applicable elsewhere southeastern alaska use almost region 
while photointerpretation technique seldom use substitution field map greatly assist experienced field mapper even complex geologic terrane 
the author certainly cannot subscribe suggestion rock particularly igneous metamorphic origin might best differentiate use aerial survey instead field laboratory method lueder 
aerial photograph ior discuss area chiefly valuable help give differentiation igneous metamorphic rock 
aerial photograph limit value distinguish complexly fold varied metamorphic lithology one another identify intrusive rock type 
various recognition element outcrop tone vegetation topographic expression drainage erosion characteristic structural feature rock use demarcation major rock type 
criterion drainage character one reliable recognition element 
recognition criterion rock aerial photograph 
procedure and study photogeology 
fcj rti 5aj gco os 
recognition criterion rock aerial photograph 
procedure and study photogeology 
raf 1tj cdhrairnagie 
eptahmoi vegetation 
ai lill sll 
53ksg 2s2g msb sr0t3s iaoj oit ost ilf liliill2 
3 2a2cs 
§*. i5l 
tcexotauresde drlaoinwage idneciespedly saibaaomvse bmcounrnet tbermedeiate ilnitircusivce finie grain 
sil aaa £!<^»-§ luf iss lisssfe fel iiasb lssws 
s3g f0st3e s2wglof ci3a so ox ».^ oogm ss2 dlsuroafwice kfsiaetryst place 
foq liatio 
ion jopinotos 
£§. bfsi oai exso a2s sfflo llil «§- ,'§ 5t5s as sfeas 
plli agma goi .«- 93mpot oll 
iiiiipllte abe 
bacriouamblt mdeonsnel 
dolmeemsoisnlygtrhoaannitic rtoncalkiti 
carelonenskesg ashonreldines solconpfees 
a13 1s8 
recognition criterion rock aerial photograph 
source and identify data photograph project code sea southeastern alaska 
topographic quadrangle 
other data approximate scale photograph 
photograph take navy july 
focal length lens camera inch 
photograph may purchase geological survey map information office washington select bibliography allum 
photogeological interpretation area regional metamorphism londonj inst 
mining metallurgy bull 
condon geology craig quadrangle alaska geol 
survey bull 
eardley aerial photograph use interpretation new york harper bros guild balsley chromite deposit red bluff bay vicinity baranof island alaska geol 
survey bull 
lathram other progress map geology juneau quadrangle alaska geol 
survey misc 
map scale 
loney berg ponieroy brew reconnaissance geologic map chichagof island northwestern baranof island alaska geol 
survey misc 
map honey condon dutro geology freshwater bay area chichagof island alaska geol 
survey bull 
lueder aerial photographic interpretation principle application new york mcgraw hill book miller miller photogeology new york mcgraw hill book purdue university manual airphoto interpretation soil rock engineering purpose purdue univ 
school civil engineering engineering mechanic 
procedure and study photogeology 
ray aerial photograph geologic interpretation mapping geol 
survey prof paper ray fischer quantitative photography geologic research tool photogramm 
reed coat geology ore deposit chichagof mine district alaska geol 
survey bull 
robinson edgington glen byers chemical study infertile soil derive rock high magnesium generally high chromium nickel dept 
agriculture tech 
rossman geology ore deposit northwestern chichagof island geol 
survey bull 
smith aerial photograph interpretation new york appleton century croft tator 
other photo interpretation geology chap 
manual photographic interpretation 
turner gefugerelief illustrated schist tor topography central otago new zealand 
twenhofel sainsbury fault pattern southeastern alaska geol 
america bull 
