ta3ls page ciyj iatic 
stratigraphy alluvial deposit opi formation kaibab limestone supai orsation bird spring jtorsation oil and oa3 i3ilit1 depth3 table jto lvtion te2 adt k27ada 
geologic ascoweaissamci off las vbsrts clahs couhtt ijs7aj5a miller gkn2h information plane table work arden anticline area start november continue december 
the area cover investigation mile southwest city la tegaa generally west salt lake branch union pacific railroad the center area reach la yegas loa angel highway 
black top road blue diamond ita northern part gravel road lead therofroa red rock canyon willow spring 
available geologic information area eonaiats unpublished report areal sap longrcell hewett dravm la tegas ixanpah topographic sheet scale addition several letter report consult aologista 
bulletin longwell gtiology muddy fountains nevada professional paper hewett geology ore deposit goodsprlngs quadrangle nevada furnish information stratigraphy adjacent area the nomenclature use sar give hewett professional paper 
section expose rock examine frenchisun fountain ijuddy mountain 
the accompany table fonsations take publication 
deposit tne total thickness alluvium tool son deposit caliche unknown caliche bed attain thickness foot end inclination conforms generally eastward slope valley floor 
isost cement material compose angular rounded coarse gravel boulder line tone crop area west although pleistocene lake deposit observe west uddy mountain northeast las vega presence lake deposit area consideration note itoenkopi formation the oenkopi formation area appear consist mainly thin bed sandstone shale gypsum limestone less gypsiferoua this formation occupy several square mile jouth central part north central part observe writer section latter tranship frenchman fountain section alternate greenish yellowish bed predominate upper part the section whole however pro dominantly buff color numerous gypsiferous bed tfce thickness bed assign toenkopi faet foot separate 
kaibab limestone erosion unconformity laibab limestone the kaibab limestone consist two massive gray limestone bed separate foot red shale sandstone gypsum the thickness formation vary foot foot 
widely separate area 
jypauni anhydrita bed dxtcnai mine nortnwestern part tha area unite 3tates gypsum company 
this bed mine tha blue diamond gypsum conpany ailea west outcrop srhich show chain pattern aap 
the distinguishing feature upper saibab estona area appear abundance foaails mainly crinoida 
outlier section section bed warp sli itly eastward dip flattens within hundred foot approximately dip surface 
the sharp face outlier westward 
supai onaation where expose area exomined supai consist rad white sand sandy shale probable total thickness 15co foot the uppermost bed sandstone thick masairely cross bed 
the bed quarried section tory pure sand cocposed aubangular well rounded quartz grain occasional snail particle red shale layer sandstone one half inch thick expose quarry compose nearly perfect quartz crystal ara leas cross section 
this sandstone also expose tha cliff west comnonwealth well 
bird spring formation the bird spring formation occupies southern part area examine reconnaissance accord hewett description page professional paper 
the formation consist essentially liiaestone ahala sandstone rsany bod even large thic ins considerable areao originally limestone alter dolomite iha estimate maximum thickness faet include many thin bed upper foot doubtless originally doloaita appear probable remain lover part make wholly limestone shale sandstone sand present distinct bed grain sand uniformly distribute many bed limestone 
the bed limestone range thin lamina maaaiye layer foot thick several thick bed occur near base other lie foot there numerous good exposure section foot thick znoat bed range foot thick whereas foot section contain bed foot thick thus stand striking contrast underlying massive formation 
the bed limestone also display wide range color exist low formation moat bed bluish gray range nearly black white some high bed spring mountain bird spring honge weather reddish bro thereby indicate appreciable content iron general light color indicate presence dolomite sac alteration dolomite produce change color the limestone formation uniforaly fine grain porcelainlike texture show sporadic crystalline area represent fragment orinoid steins the dolosdtized bed coarsely crystalline from thin section study appear fine texture limestone due small size organisms fragment make the dark color due finely disseminated earbon hydrocarbon theaa yield fetid odor rock broken during process dolomitization hydrocarbon largely eliminate small quantity chert present persistently throughout formation although abundant near base 
only bed clean sandstone record many bed apparently fine limestone contain per cent sand grain weather surface bed show cross bed several specimen examine nga size millimeter single specimens range much less about per cent grain clear quartz feldspar mieroperthite plagioclase also present zircon accessory 
the grain largely subangular large well rounded 
the thick persistent sandstone formation lie base although outcrop sandstone nowhere conspicuous extends throughout region 
columbia rssii 
liar expose rarizin yellow pine oiiie feat thick yallowich aro fine grnined without distinct bed surface fromthe contact mine northwest ninety nine nine around potosi mountain 
potoai nine thin bed disfcirlzuijhed und oarsiags probably due oxidize pyrite 
distance feat near 3nowstora nine sandstone zone largely occupied bed conglomerate whose rnsxinura thickness foot 
wthia bed sandstone conglomerate noticeably uneonforsable underlie bed feature indicate mark persistent unconformity strntigr phic section ..« tossils cosaon low part foraation abundant bed foot base 
bed may recognize assurance rather widely account fossil specie present abundance the bixc spring formation whers obserrad consist hard rvhita limestone do1omita vjith soae relatively thin ndy member 
accord eewett longwell report unpublished wthe region discussion structurally cozrclex 
exist outcrop indicate presence anticlines near ardan sloan other may ist cover tertiary rock las tegaa valley 
general taain structural feature nap arsa northwest southeast trend arden anticline northwestern part generally east west trend anticline west sloan southern part saall anticlinul area east sloan southeastern part 
the arden anticline terminate north fault area 
north faulted block vfhich involve member zaibab supai formation surface aztec indstone fault dcvra 
south anticline traceable beneath tho alluvium cover believe die flat west bard north flcink complex structural depression separate frora transverse sioan anticline south 
the broad basin thii depression pear 
minor oxtanda ard fro fyiibab eacarpcisnta four iilea 
tha wast basin limit eastward dip bed belt complex nortli south fault alons tha etttat front bird spring range 
tha sloan anticline trend slightly south ost angle tha arden anticline raay part result igneous intrusion this fold appear subsidiary flexure northward slop limb major structural basin center blue diaisond carsp west aapped area expose pannsylvanian bird 3pring fornation southern rim 
the third anticlinal area east northwest aoutheast trsnding aorn fault ip longwell hewett ail aaat 
31can asnlloat exteat modifies relatit ily upthvown aid fault minor degree attaapt determine feature it3 aurfnce occupy great pre ponnaylvnnion rock 
proximity forr tclcnnic activity ast tlid poaaibility intrusion rather fold cause aoae least discordant dipa observe tho southern part rden area 
there additional possibility fusion limestone bed intrudive nasa cause tha erratic surface dip observe place 
3oii distortion kaibeb bed sight result well change gypsua interbedded anhydrite subject weathering 
asp accord longwell hewott know anticlinal area region appear favorable occurrence oil gns indicate follow 
quotation froa unpubliahed report the 
ileozoic formation region appear highly favorable source 
balsa sandstone aro rather 
hly indurate 
lizestoaes dolomites dense 
however utjors also state the rock entire paleozoic section ira noticeably jaaeaeua yield fetid odor whon freshly fracture find low faet bird spring iatioa 
usis zone clearly nost favorable source oil sad gas entire paleozoic section 
exist outcrop indicate presence anticlines near arden sloan other may exist cover tertiary rock las tegas vallay 
reservoir condition ood anticlines without fnults might offer favorable site exploratory drill nunber kind fault know nearly discourage prospect 
the paucity orsanic shale othar likely source pstroleun entire thickness sedimentary rock involve deterrent tha expectation consequential accumulation oil gas tho ardaa arsa correlation surface exposures tha subsurface bed log two well drill rather difficult basis present info ration 
the comrjanwealth oil company well apparently high structurally irfca excess foot perhaps sco faet belo top supai formation 
the well continue supai depth foot enter tte bird spring formation 
drill continue formation total depth foot accord correlation entire thickness bird spring formation penetrate well dspth foot 
showing gas ere report dap sco foot foot well rumor numerous oil show prevalent 
the red star nelson well nay start top 3upai ignore thickness alluvium cover enter tne bird 3priag formation 
report shat well plaa tie total day til 3iiq4 foot show hydrocarbon test carbon tetrachlo ide 
accord forego correlation eewett raeaaurcaent thicknesa tfce bird spring formation foot nelson well drilled foot penetrate low part bird spring foznstion bottom occur depth excess foot any well plan test low foot bird spring forciation structure near sloan south provide drill depth s50c foot less depend location position 
formation goodsprlngs qundrnn 
aro olnsalf icatlon 
expose ooodsprln quadrankle 
junconaolldated mud send coarse 
grevel ond boulder locel origin 
icemrntod send end gravel local 
low later or1 hill go 
ttjnconaolldated send coarse grevel 
high earlier tend boulder largely remote 
isource partly local 
tuff breccia end flow latlte 
tort lory 5ocnne 
volcanlc rock 
deslte rbyollte end beselt 
massive ledge reddish buff 
taztec sandstone sandstone minutely cross bed 
reddish shaly sandstone shale 
tjppor trio sole 
chlnle formation rwtth several bed chert 
tumestone conglomerate 
bed limestone end 
trinsslc shlnarump con tlom4ohert conglomerate separate 
isendy shale 
rthln becided buff limestone underlain 
green red shale end conglom 
oenkopl ormetlonerpte end overlain red sandy shale 
rtuff conglomerate igneous 
pebble overlie limestone member 
mile vest ooodsprlngs 
two massive ledge gray limestone 
kalbab limestone separated foot buff 
red shale sandstone 
treddlsh sandsto separating red 
supal formation 
greenish shaly sandstone 
red gypsum bear shaly sandstone 
thickness eet 
spring frenchman 
0ray limestone dolomite bed 
range thickness thinnest 
ird spring forrca lemlnae fert separeted 
shale sandstone 
from good 
spring northward conglomeratic 
sspndstone base 
:°- evprel beo dark gray limestone 
thnt locally weather massive 
ledge place completely alteredis 
tto dolomite 
thin bed blue gray limestone 
alternsting gray shale highly 
rfoss lifer chert 
zmas ive grry limestone 
nrjtas lpplan 
monte crlsto lime ilargely dtered cream color 
middle low stone 
hlte dolomite ert uncommon mnsslve ray limestone numerouij 
sthln chert layer place large 
belt alter dolomite 
inumerous fossil 
bed dork grey limestone 
rlittle chert large pert area 
taltered dolomite numerous 
very thin bed grny liire 
istonejfi fossil chert 
sultm limestone 
ilighi gray itmentone dolomite 
inumerous sslls 
arlr gray black dolomite feeds1 
foot thick fossil 
thin ted dark gray 
ooodsprlngs dolo mottle dolomite mag 
fpper cambri mite 
tnesian limestone end locally near 
top foot dolomltteend 
jsandy shale fossil 
hot expose qoodsprlngg quadrm 
kiddle cambrian 
bright angel shale 
tapeats sandstone 
green mlceceous shale brownish 
sandstone oonta troll 
brorn53h sandstone thin bed conglomerate quart zlt dolo roite expose kingston mountain possibly present beneath ipeleosojc rock western parl qoodsp ring quadrangle ireddlsh granite gneiss 
