revise potentiometric surface map yucca mountain vicinity nevada ervin 
burkhardt geological survey water resource investigation report prepare cooperation department energy interagency agreement ai08 92nv10874 denver colorado 
department the interior bruce babbitt secretary geological survey gordon eaton director 
the use trade product industry firm names descriptive purpose imply endorsement government 
for additional information write 
copy report purchase 
chief hydrologic investigation program geological survey 
yucca mountain project branch 
earth science information center 
geological survey 
open file report section 
denver federal center 
denver federal center 
abstract introduction purpose scope geologic hydrologic set 
previous work water level data 
description well 
accuracy precision potentiometric surface 
description potentiometric surface 
comparison previous map 
explanation potentiometric surface water level trend temperature density adjustment summary reference cite 
plate plate pocket 
map show revise potentiometric surface yucca mountain vicinity 
map show location yucca mountain vicinity 
map show preliminary potentiometric surface yucca mountain 
diagram show generalized volcanic stratigraphy associate hydrostratigraphy yucca mountain 
schematic section look north show usw borehole infer intersection fault splay solitario canyon fault 
diagram show water level altitude well usw regression line usw 
summary select well monitored water level yucca mountain 
result trend analysis water level 
summary water level adjustment deep well 
summary data produce adjusted water level deep well 
content iii 
conversion factor and vertical datum 
kilometer meter square kilometer km2 
mile foot square mile mi2 
temperature degree celsius convert degree fahrenheit follow 
sea level report sea level refers national geodetic vertical datum ngvd geodetic datum derive general adjustment first order level net united state canada formerly call sea level datum 
revise potentiometric surface map yucca mountain vicinity nevada bye 
luckey ancfd 
abstract the revise potentiometric surface map present report update earlier map yucca mountain area use mainly average water level 
because refinement correction water level measurement water level increase accuracy precision old value 
the small gradient area southeast yucca mountain contour meter interval range water level altitude meter 
other area different water level north west yucca mountain illustrate shade pattern 
the potentiometric surface divide three region small gradient area southeast yucca mountain may explain flow high transmissivity rock low ground water flux area moderate gradient area western side yucca mountain water level altitude range meter appear impeded solitario canyon fault splay fault large gradient area north northeast yucca mountain water level altitude range meter possibly result semi perch groundwater system 
water level well yucca mountain examine yearly trend use linear least square regression 
data five well exhibit trend statistically significant may result slow equilibration water level drill less permeable rock 
adjustment temperature density change deep well long fluid column attempt adjust data fit surround data thus use 
introduction the yucca mountain area evaluate department energy suitability potential high level radioactive waste repository 
area locate northwest la vega southern nevada fig 
study extensively 
this work carry cooperatively department energy interagency agreement ai08 92nv10874 
part study water level measure assist determine direction ground water flow provide basis future study examine rate ground water flow 
yucca mountain area potentiometric surface uppermost saturate zone tertiary age volcanic rock waddell other 
regionally saturate paleozoic carbonate rock unknown areal extent underlie volcanic rock robinson 
yucca mountain northern part alkali flat furnace creek ranch ground water subbasin regional death valley ground water basin waddell other 
the revise potentiometric surface map yucca mountain vicinity show plate 
preliminary potentiometric surface map make robison figure 
since map construct accurate water level correction make data robison other gemmell brien luckey other result refinement small gradient area southeast yucca mountain 
the map report plate update robison particularly small gradient area south southeast yucca mountain 
this report also present time trend analyse available water level data well temperature density adjustment result long fluid column deeper well 
purpose and scope this report present revise potentiometricsurface map base mainly average water level yucca mountain nearby vicinity extend crater flat jackass flat 
discussion include explanation revise potentiometricsurface map examination yearly trend 
amargosa valley formerly lathrop well 
base geological survey death valley california nevada figure 
location yucca mountain vicinity 
kilometer mile 
revise potentiometric surface map yucca mountain vicinity nevada 
explanation alluvium quaternary age tuff tertiary age contact well upper number well number assign department energy low number altitude water level measure study table meter sea level potentiometric contourshows altitude potentiometric surface 
contour interval meter variable 
datum sea level 
25wt 12l kilometer mile figure 
preliminary potentiometric surface yucca mountain robison 
purpose and scope 
water level adjustment temperature density effect deep well 
report scope focus potentiometric surface uppermost saturate zone tertiary volcanic rock yucca mountain 
some information relate underlying paleozoic carbonate aquifer pertinent volcanic flow system present 
geologic and hydrologic set yucca mountain locate within geologically complex region lie great basin portion basin range physiographic province 
the geology south central great basin consist sedimentary rock precambrian paleozoic age volcanic minor sedimentary deposit miocene age surficial deposit comprise alluvial playa sediment quaternary age 
mesozoic rock miss geologic sequence area except possibly small intrusion winograd thordarson byers other 
structure region result two major period deformation late mesozoic fold thrust fault precambrian paleozoic rock mid late cenozoic high angle normal faulting produce basin range topography winograd thordarson 
yucca mountain compose thick sequence extrusive volcanic rock scott bonk 
these ash flow ash fall tuff erupt nearby caldera center byers other range age million year sawyer other 
gravity study indicate volcanic rock thickness beneath yucca mountain snyder carr 
well 25p borehole penetrate paleozoic rock 
this borehole east yucca mountain penetrate silurian age dolomite depth craig robison 
the stratigraphic sequence volcanic rock relate hydrostratigraphy yucca mountain show figure 
the liva canyon member paintbrush tuff laterally continuous byers other compositionally zone compound cool unit ross smith account outcrop yucca mountain area 
the yucca mountain pah canyon member paintbrush tuff small volume simple cool unit ash flow tuff byers other 
the topopah spring member paintbrush tuff like hva canyon member compositionally zone compound cool unit lipman other 
this member thick paintbrush tuff laterally continuous byers other would contain potential repository 
stratigraphically paintbrush 
tuff tuffaceous bed calico hill compose bed tuff non weld ash flow tuff frizzell shulters 
underling tuffaceous bed calico hill crater flat tuff comprise prow pas member bullfrog member tram member laterally continuous yucca mountain area carr other consist ash flow tuff minor ash fall tuff lava flow interbedded frizzell shulters 
bed tuff thicken toward north end yucca mountain occur major ashflow unit 
possible source bed tuff pyroclastic fall deposit pyroclastic surge deposit weather zone diehl chornack 
these bed unit fairly thick locality appear fairly continuous laterally 
between member crater flat tuff bed tuff range thickness little diehl chornack 
upper volcanic flow system fig 
conceptualize occur tuffaceous bed calico hill water level altitude this system may continuous flow system crater flat waterlevel altitude the low volcanic flow system fig 
occurs fracture tuff beneath tuffaceous bed calico hill primarily various member crater flat tuff constitutes potentiometric surface uppermost saturate zone small gradient area 
the low system probably continue north well usw north increase lithostatic pressure tend close fracture decrease hydraulic conductivity 
previous work several potentiometric map construct sub regional scale include map waddell other czarnecki waddell robison 
these map show potentiometric contour near yucca mountain include possible recharge discharge area focus specifically yucca mountain 
additional map report robison figure show potentiometric surface around yucca mountain use primarily data 
three feature robison potentiometric surface map fig 
the high potentiometric head approximately well usw north northeast yucca mountain water level roughly altitude west crest yucca mountain high nearly horizontal potentiometric surface southwest yucca mountain nearly horizontal potentiometric surface range 
revise potentiometric surface map yucca mountain vicinity nevada 
volcanic stratigraphy tiva canyon member yucca mountain member pah canyon member topopah spring member 
hydrostratigraphy upper volcanic flow system 
tuffaceous bed calico hill prow pas member bullfrog member tram member lithic ridge tuff 
poorly permeable volcanic rock low volcanic flow system poorly permeable volcanic rock 
generalize volcanic stratigraphy associate hydrostratigraphy yucca mountain 
altitude slop southeastward locate eastern edge yucca mountain western jackass flat 
the direction downgradient ground water flow near yucca mountain define small perturbation slope small gradient area trend regional flow system waddell other 
the development water level network robison other result continuous monitoring approximately one half well periodic monitor remainder well refine information small gradient area 
increase accuracy water level data make possible correction accurate borehole case collar measurement equipment wear mechanical stretch thermal expansion steel tape use measurement 
the average water level use exception well water level data table present interpretation potentiometric surface uppermost saturate zone yucca mountain 
the groundwork lay previous study especially robison 
water level data description well data well average water level use construct revise potentiometric surface map list table 
the well designation begin either usw hole penetrate upper part flow system volcanic rock 
well designation begin usw deep hydrologic hole may monitor water level one interval although water level report table uppermost section well 
several boreholes drill special purpose 25c 25c part multiple well complex design fracture flow study examine flow borehole borehole scale 25p drilled penetrate paleozoic carbonate rock usw geologic borehole adapt measure water level water supply well usw borehole drill investigate volcanic rock crater flat 
most well monitor water level data 
summary select well monitored water level yucca mountain water level altitude mean value unless otherwise indicate 
altitude meter sea level 
local well number usw usw 
altitude well case meter 
water level altitude meter 
drill depth meter 
open interval depth meter 
geologic member unit water table calico hills6 prow pas bullfrog calico hills6 
usw usw usw 
topopah spring 
calico hills6 prow pas calico hills6 
25c 25c 25p usw 
uswh usw uswh4 usw 
prow pas tram prow pas bullfrog 
usw usw 
prow pas tiva canyon topopah spring 
water level altitude base data 
data available water level altitude uppermost interval well 
other interval also monitor 
3water level altitude base data 
data available 
4water level altitude paleozoic carbonate 
do represent water level uppermost flow system 
5water level altitude base data 
data available 
calico hill abbreviation tuffaceous bed calico hill 
revise potentlometric surface map yucca mountain vicinity nevada 
water level either periodic continuous basis since robison other 
all well list table except 25p complete geologic unit mat contain potentiometric head uppermost saturate zone volcanic rock tertiary age 25p construct monitor water level underlie paleozoic carbonate rock 
although well different depth potentiometric surface uppermost saturate zone open different geologic zone table author believe water level well particularly small gradient area represent laterally continuous aquifer system 
the water level well small gradient area form apparently logical potentiometric head pattern 
this phenomenon may result presence fault fracture create well connect aquifer 
some well yucca mountain use revise potentiometric surface water level trend analysis 
most hole drill geologic information construct yield reliable water level data however usw part water level network since 
data well include recalculation potentiometric surface give slight penetration well beneath uppermost potentiometric surface accurate water level obtain 
addition 25p used construct revise potentiometric map monitor underlie paleozoic aquifer 
accuracy precision the accuracy water level data data discuss report approximately precision 
boucher foothill engineering write commun 
history measurement technique yucca mountain discuss robison other 
potentiometric surface description potentiometric surface the revise potentiometric surface map show plate 
the water level contour use contour interval 
placement contour determine combination interpolation point use hydrogeologic knowledge 
implicit assumption interpolation uniform variation water level well 
there enough data point discern large change water level across feature fault except possibly solitario canyon fault 
the map divide three major region small gradient area southeast yucca mountain water level range altitude well locate moderategradient area west map extent water level range altitude define well usw usw usw usw large gradient area north map area water level range altitude define well usw 
the revise map primarily focus area waterlevel altitude range three region area best define data gradient potential repository location 
the moderate large gradient location represent plate shade pattern rather contour follow reason 
the nature precise location boundary smallgradient area moderate gradient area could determine available data 
definition boundary two area subject plan study 
contour report thus terminate general vicinity solitario canyon usw lack ofunderstanding boundary 
addition contour revise potentiometric map terminate north usw smallgradient area reliable data point low volcanic aquifer occur north well usw well usw may provide information low volcanic aquifer data highly suspect 
the water level well composite represent include upper generally topopah spring member paintbrush tuff lower flow system plus intervene confine unit tuffaceous bed calico hill 
only limited amount upper flow system may represent hydraulic conductivity lower system may extremely small area 
well usw first well drill area 
well drill tuffaceous bed calico hill also penetrate old flow tuff beneath lithic ridge tuff 
the hole drill polymer mud complicate drill history lose circulation 
when water level altitude approximately find question value closer expect 
well drill confirm water level altitude find usw 
penetrate low permeability 
potentiometric surface 
tuffaceous bed calico hill beneath potentiometric surface uppermost saturate zone 
there indication fracture bottom borehole water level well take year recover both fact indicate minimal hydraulic conductivity bed well penetrate lead question representativeness water level 
six year drill water level altitude penetrate tuffaceous bed calico hill beneath water level 
the hydraulic conductivity site appear great well 
the water level altitude well the three region outline revise potentiometric surface map base largely upon variation potentiometric head gradient 
the smallgradient area data point locate range gradient 
the moderate gradient area range gradient two order magnitude great small gradient area 
the large gradient area gradient three order magnitude great small gradient area one order magnitude great moderate gradient area 
ground water flow downgradient yucca mountain east southeast plate however direction flow particle water may perpendicular potentiometric surface contour heterogeneity result change permeability especially along fracture fault 
little known way fault affect ground water flow yucca mountain may either barrier conduit flow depend upon fault mechanism 
elevation the shape robison contour probably result less accurate correction applied water level measurement 
revise potentiometric surface map plate contour line straighter cover small interval water level parallel contour west robison map 
the revise contour probably accurate representation potentiometric surface locality improvement accuracy precision correction water level data 
addition accurate correction data allow finer contour smallgradient area 
another difference revise potentiometric surface map robison map manner moderate large hydraulic gradient area show 
preliminary potentiometric surface map robison two area contour blend small gradient area whereas revise map area indicate shade pattern plate base different explanation potentiometric surface uppermost saturate zone present follow text yucca mountain 
the general ground water flow direction robison map south southeast influence largely inclusion moderate largehydraulic gradient area 
plate contrast detail contour small gradient area likely direction ground water flow would east southeast yucca mountain inconsistent robison map scale 
regional scale ground water flow southerly component waddell other czarnecki waddell robison 
comparison previous map the revise potentiometric map plate differs several way predecessor figure 
the revise map base data follow correction apply more accurate measurement altitude borehole case collar correction equipment wear correction mechanical stretch thermal expansion steel tape use measure 
large scale feature three major area previously discuss remain map 
major difference map occur small gradient area southeast yucca mountain 
robison map figure area represent contour line bend east serpentine shape near 25c cover range water level 
explanation potentiometric surface the saturate zone consist volcanic aquifer tuffs deep paleozoic carbonate aquifer unknown areal extent 
the uppermost aquifer volcanic rock may unconfined confine depend upon areal location point measure 
flow aquifer volcanic age occur primarily fracture flow matrix rock secondary fracture flow nelson other 
this phenomenon may explain potentiometric surface uppermost saturate zone occurs rock differ age table groundwater flow occur differ formation 
the well monitor water level paleozoic rock beneath yucca mountain 
revise potentiometric surface map yucca mountain vicinity nevada 
reference table water well altitude almost water level nearby well volcanic aquifer indicate potential upward flow paleozoic aquifer volcanic aquifer 
the area small gradient potentiometric surface nearly horizontal could result either flow highly transmissive rock low ground water flux 
difficult ascertain degree mechanism combination two affecting water level small gradient area 
the moderate gradient area define well water level range western margin yucca mountain 
well usw usw usw locate west side solitario canyon fault 
well usw locate east side fault downthrown west side major northeast trend splay solitario canyon fault 
the solitario canyon fault north south trend wrench fault south downthrown western side north downthrown eastern side scott bonk 
the hinge line fault displacement change perpendicular fault plane locate approximately southeast usw 
offset fault may much chornack usgs oral commun 
toward southern extent solitario canyon fault appear widen splay 
fault gouge secondary siliceous infillings present along fault plane 
chornack usgs oral commun 
sample material reveal low matrix porosity 
flint usgs write commun 
appear solitario canyon fault act barrier flow west east information follow 
well west side fault high water level adjacent well smallgradient area exception usw water level similar water level west fault 
however usw may connect hydraulically well west solitario canyon fault 
usw sit approximately west major splay solitario canyon fault scott bonk 
the northeast trend splay dip northwest high angle roughly probably intersect usw borehole depth figure 
this supposition base evidence projection fault splay trigonometric analysis intersection borehole depth the television log perform usw fenix scisson write commun the gyroscopic survey eastman whipstock write commun record deviation borehole 
dip angle splay 
trigonometric analysis indicate intersection splay borehole would depth the television log indicate fracture intensity increase interval depth fault breccia may present fracture dip change northeast southwest approximately 811m depth 
this change dip direction corresponds change borehole drift direction southwest depth 
previously main direction borehole drift northwest change appear result intersection borehole major structural feature 
accord bentley other percent flow well usw originates part bullfrog member crater flat tuff locate depth flow well appear control zone interval fault splay probably intersect borehole depth 
two possibility may explain water level usw range perch water result offset stratigraphic unit low permeability along fault gouge 
unlikely stratigraphic perch ground water along fault depth occur water bear interval usw small fault offset geologic unit go northward along solitario canyon fault scott bonk 
likely scenario fault splay less permeable result fault gouge thus inhibit ground water flow 
water well moderate gradient area usw usw usw also appear mounded west solitario canyon fault 
the barrier could either compose low permeability material fault gouge secondary siliceous infilling may result offset stratigraphic unit place permeable unit less permeable unit especially south offset great 
some flow undoubtedly cross fault strong potential moderate small gradient area majority ground water west solitario canyon fault may flow south along fault barrier influence regional direction ground water flow 
while relatively large hydraulic gradient observe southern nevada large gradient associate know geologic feature fault major offset caldera boundary 
the large gradient area north yucca mountain unique magnitude lack obvious geologic cause 
the large gradient area revise potentiometric surface map base conceptual model large hydraulic gradient represent semi perch 
potentiometric surface 
yucca mountain 
nevada test 
jackass flat 
amargosa valley lathrop well 
location usw 
land surface 
solitario canyon fault splay 
top bullfrog member meter depth bottom bullfrog member meter depth 
top bullfrog member 
static water level meter depth 
bottom bullfrog member 
inferred interval solitario canyon fault splay intersect usw borehole meter depth 
total depth meter scale approximately meter inch figure 
look north usw borehole infer intersection fault splay solitario canyon fault 
revise potentiometric surface map yucca mountain vicinity nevada 
system consist unconfined water body high water level set confined water body lower water level intervene zone low permeability fully saturate meinzer 
system flow upper low permeable zone would predominantly horizontal flow low permeability zone would predominantly vertical 
winograd thordarson note semi perch water uncommon vicinity nevada test site 
north end map plate upper flow system limit 
what little water may upper flow system remain move nearly vertically poorly permeable tuffaceous bed calico hill ultimately reach low volcanic flow system 
hydraulic gradient low system probably increase north hydraulic conductivity decrease dramatic fashion 
alternate conceptual model largehydraulic gradient area present fridrich dobson czarnecki szymanski department energy write commun 
these concept large hydraulic gradient addition idea present tested future numerical modeling 
water level trend select water level data well use revise potentiometric surface map table examine yearly water level trend 
these trend examine need analyze anomalous behavior water level within well determine water level response similar among well time determine effect use water level data different year data available construct revise potentiometric surface map plate 
yearly trend define occur span year indicate either rise fall change water level respect time 
short term cyclic trend noted water level yucca mountain comprise effect barometric change earth tide possibly phenomena analyzed report 
for yearly trend accuracy water level measurement critical precision measurement robison other 
addition yearly water level trend analysis period record must sufficient length prevent short term cyclic variation adversely affect analysis 
water level data examine trend 
earlier data use collected measurement consistency water 
level network establish 
network evolve measurement technique change result significantly different mean standard deviation data measure various technique 
burkhardt usgs write commun 
data earlier measurement technique less reliable developed later consider analysis 
thus result present preliminary relatively short period time trend calculate 
the maximum monthly water level month obtain daily value well continuous network consist well usw usw 25b 25p usw usw usw usw usw data complete maximum water level mean monthly water level 
for periodic water level network actual water level data use 
trend analyze linear least square regression time verse water level 
table summarizes result analysis well examine report slope standard deviation least square fit curve whether water level exhibit hydrologically significant trend 
because relatively short time period year standard deviation regression analysis high 
these result use caution data available 
significance slope curve test use distribution davis null hypothesis slope curve equal zero 
trend consider statistically significant null hypothesis reject percent confidence level 
far trend consider hydrologically significant great period analysis twice accuracy measurement error 
this value select arbitrarily could indicate trend worthy attention 
well usw slight trend consider significant respect twice measurement accuracy 
residual regression well examine normality assumption least square regression 
residual water level data well decisively normally distribute 
transformation data well effective make residual completely normally distribute 
therefore conclusion draw regression analysis less certain regression analysis 
water level trend 
result trend analysis water level 
local well number usw usw 
slope meter year 
standard deviation meter year 
significant trend none positive none none 
usw usw uswwt 
positive none none none 
25b 25p 
none none none none positive none none positive 
usw usw usw usw 
none none none none 
usw usw 
positive none none 
slight trend existed water level data sig nificant respect twice measurement accuracy 
problem exist normality residual water level data well 
linear regression model contain sufficient independent variable explain time ordered effect dependent variable ter level therefore correction apply 
remedial measure autocorrelation residual could apply lack consecutive data 
addition trend analysis indicate residual exception 25b highly autocorrelated probably result time ordered data 
the residual 
uncorrelated well exception usw use cochran orcutt procedure neter other thus produce good regression model accurate standard deviation 
water level data five well exhibit apparent trend statistically hydrologically significant table 
earlier data robison other indicate water level rise slowly since well drill trend likely result long recovery period low permeability rock penetrate beneath potentiometric surface uppermost saturate zone 
this well locate north mapped region plate large hydraulic gradient area 
recovery water level also could occur well 
trend well may represent trend aquifer data well may useful determine water level trend 
reason waterlevel trend remain well unclear 
the water level data well apparent trend appear plate exception 25p monitor paleozoic aquifer 
water level trend judge author small enough factor use averaged water level data construct revise potentiometric surface map 
preliminary analysis trend year year show decrease rate change water level time 
burkhardt usgs write commun 
result trend analysis show little trend time period measure support use water level data year plate data available indicate revise potentiometric surface map use late data may change substantially next several year 
hydrographs well usw usw along regression line usw show figure 
usw show upward trend available data cover less year 
usw data data also variance exhibit significant trend 
temperature density adjustment depth potentiometric surface uppermost saturate zone yucca mountain plate range usw mean depth ground water the altitude surface accurately measure well shorter fluid column well longer fluid columns water density varies proportionally length column result temperature density effect 
oberlander discus 
revise potentiometric surface map yucca mountain vicinity nevada 
sequential month begin january figure 
water level altitude well usw regression line usw 
temperature density adjustment 
impact density variation gravitational acceleration water level measurement differ level significance three area include yucca mountain 
for nevada test site accuracy water level measurement oberlander report gravitational variation need take account fluid column great table show none well fluid column great 
geothermal temperature effect become important roughly potentiometric surface uppermost saturate zone gradient assume 
the average geothermal gradient determine deep well locate yucca mountain sas other 
fluid compressibility impact depth great beneath potentiometric surface uppermost saturate zone 
the combined effect relationships among factor complex nonlinear 
oberlander summarize state effect impact fluid column great approximately depth yucca mountain accuracy water level 
the adjustment density temperature apply well yucca mountain fluid column great plus well usw 
initial adjustment make series well adjustment negligible result shallow interval beneath potentiometric surface uppermost saturate zone penetrated well 
certain assumption make analysis 
the well percent barometric efficiency 
earth tide affect water level long term record 
the zone water level adjust either midpoint great produce flow zone accord flow survey borehole flow survey perform midpoint open interval well 
the temperature gradient assume linear within well 
the effect gravity variation take account rock density borehole interval readily available fluid column sufficiently long warrant adjustment 
the first assumption fairly accurate yucca mountain evidence indicate well high barometric efficiency percent 
galloway rojstaczer 
the second assumption appear reasonable average water level use well exception 25c 25c water level data use 
the third assumption may problematic borehole flow survey available entire open interval well assume contribute flow 
the fourth assumption appear fairly accurate temperature log well sass other show approximately linear gradient beneath potentiometric surface uppermost saturate zone 
the fifth assumption fairly good effect gravitational variation water level negligible fluid column length yucca mountain 
addition total dissolve solid important fluid density ground water system find appreciable impact temperature density adjustment water level well yucca mountain concentration total dissolved solid well low roughly deep well lobmeyer other rush other whitfield other bentley other robison craig craig reed 
table list unadjusted water level value adjust value deep well 
water level adjustment temperature density effect base method develop spane mercer 
data use make adjustment deep well list table 
case adjust water level less observed water level 
temperature effect result relatively high geothermal gradient southern nevada far outweigh impact adjustment gravitational variation depth dissolve solid fluid compressibility 
adjustment well 25b usw 25c 25c produce low water level plot create apparent water level low middle revise potentiometric surface map 
physical reason could find feature 
thus none adjusted water level value use revise potentiometric surface map 
one difficulty water level adjust temperature density effect flow interval well clearly define often average flow zone assume 
revise potentiometric surface map yucca mountain vicinity nevada 
summary water level adjustment deep well unadjusted water level altitude mean value unless otherwise indicate 
altitude meter sea level 
summary data produce adjusted water level deep well depth meter altitude well case 
local well number 25b 25c 25c 25p 
unadjusted water level altitude meter 
adjusted water level altitude meter 
difference meter 
usw usw uswh usw 
usw usw uswvh 
water level altitude uppermost interval well other interval also monitor 
water level altitude base data 
data available 
water level altitude paleozoic carbonate 
do represent water level uppermost flow system 
summary average water level mostly collect compiled revise potentiometric surface map yucca mountain area update previous map particularly area small gradient southeast yucca mountain 
refinement area possible increase data precision accuracy result refinement correction applied water level measurement 
the revise potentiometric surface map divide three region consist smallhydraulic gradient area moderate hydraulic gradient area large hydraulic gradient area 
gradient area respectively 
the general ground water flow direction downgradient yucca mountain eastsoutheast flow assume perpendicular potentiometric surface contour 
this assumption may hold true heterogeneity anisotropy fracture fault 
explanation potentiometric surface yucca mountain pose 
local well number 
depth flow open interval meter 
per cent flow 
ature waterlevel rcfa c9e 
temper ature gradient 
25b 44x10 
25c 25p 
usw usw usw usw 
92x10 40x10 78x10 34x10 
usw usw uswvh 
flow interval select borehole flow study perform well 
lka .«-, craig robison 4rush other thordarson other 6whitfield other 7bentley other craig other 9sass other 
whereby nearly flat surface small gradient area result flow highly transmissive rock low ground water flux system high water level moderate gradient area impedance flow across solitario canyon fault splay fault much high water level large gradient area ensue semi perch ground water system north yucca mountain 
data use create revise map examine yearly trend 
seasonal cyclic trend examine analysis 
the result preliminary relatively short period record 
five well exhibit 
apparently significant trend least square regression data 
however water level well may still equilibrate drill 
adjustment temperature density variation fluid column apply well fluid column length great usw 
the adjusted water level use construct revise potentiometric surface map appear correct fit general trend remain data 
reference cite bentley robison spengler geohydrologic data test well usw yucca mountain area nye county nevada geological survey open file report nna byers carr orkild quinlivan sargent volcanic suite related cauldron timber mountain oasis valley caldera complex southern nevada geological survey professional paper nna carr volcano tectonic set yucca mountain crater flat southwestern nevada carr 
yount ed geologic hydrologic investigation potential nuclear waste disposal site yucca mountain southern nevada geological survey bulletin 
nn1 carr byers orkild stratigraphic volcano tectonic relation crater flat tuff old volcanic unit nye county nevada geological survey professional paper hq craig reed geohydrology rock penetrate test well usw yucca mountain nye county nevada geological survey waterresources investigation report nna craig robison geohydrology rock penetrate test well 25p yucca mountain area nye county nevada geological survey water resource investigation report hq czarnecki preliminary simulation show potential effect wetter climate couple localized increase hydraulic conductivity ground water flow system yucca mountain vicinity nevada california eos supplement transaction american geophysical union spring 
czarnecki waddell finite element simulation ground water flow vicinity yucca mountain nevada california geological survey water resource investigation report nna davis statistic data analysis geology second edition new york wiley son nna diehl chornack stratigraphic correlation petrography bed tuff yucca mountain nye county nevada geological survey open file report nna fridrich dobson geologic hypothesis large gradient yucca mountain nevada eos supplement transaction american geophysical union spring 
nna frizzell shulters jacqueline geologic map nevada test site southern nevada geological survey miscellaneous investigation series map scale 
nna galloway rojstaczer stuart analysis frequency response water level well earth tide atmospheric load brian hitchon stefan bachu eds proceeding fourth annual canadian american conference hydrology fluid flow heat transfer mass transport fracture rock june banff alberta canada dublin ohio national water well association 
nna gemmell water level periodically measure well yucca mountain area nevada geological survey open file report nna lipman christiansen connor compositionally zone ash flow sheet southern nevada geological survey professional paper nna lobmeyer whitfield lahoud bruckheimer laura geohydrologic data test well 25b nevada test site nye county nevada geological survey open file report nna luckey lobmeyer burkhardt water level continuously monitor well yucca mountain area nevada geological survey open file report 
nna meinzer outline ground water hydrology definition geological survey water supply paper nna nelson muller schimschal ulrich kibler geophysical log core measurement forty boreholes yucca mountain nevada 
revise potentiometric surface map yucca mountain vicinity nevada 
geological survey geophysical investigation map 
nna neter john wasserman william kutner apply linear statistical model regression analysis variance experimental design 3rd irwin homewood illinois readily available oberlander fluid density gravitational variation deep boreholes effect fluid potential ground water vol 
nna brien water level periodically measure well yucca mountain area nevada geological survey open file report nna robinson structure pre cenozoic rock vicinity yucca mountain nye county nevada potential nuclear waste disposal site geological survey bulletin hq robison ground water level data preliminary potentiometric surface map yucca mountain vicinity nye county nevada geological survey water resource investigation report nna robison craig geohydrology rock penetrate test well usw yucca mountain nye county nevada geological survey water resource investigation report nna robison stephen luckey baldwin water level periodically measure well yucca mountain area nevada geological survey open file report nna ross smith ash flow tuff their origin geologic relation identification geological survey professional paper nna rush thordarson william pile geohydrology test well usw yucca mountain nye county nevada geological survey waterresources investigation report nna sas lachenbruch dudley priest munro temperature thermal conductivity heat flow near yucca mountain nevada some tectonic hydrologic implication geological survey open file report nna sawyer fleck lanphere warren broxton episodic volcanism southwest nevada volcanic field new geochronologic result eos transaction ameri 
geophysical union 
nna scott bonk jerry preliminary geologic map yucca mountain geologic section nye county nevada geological survey open file report 
scale hq snyder carr interpretation gravity data complex volcano tectonic set southwestern nevada journal geophysical research 
hqx spane 
mercer headco program correcting observe water level pressure measurements formation pressure standard hydraulic head rockwell hanford operation richland rockwell international rho 71p hqz thordarson william rush waddell geohydrology test well usw yucca mountain nye county nevada geological survey waterresources investigation report hq waddell robison blankennagel hydrology yucca mountain vicinity nevada california investigative result mid1983 geological survey water resource investigation report nna whitfield 
eshom thordarson william schaefer geohydrology rock penetrate test well usw yucca mountain nye county nevada geological survey waterresources investigation report nna whitfield 
thordarson william eshom geohydrologic drill hole data test well usw yucca mountain nye county nevada geological survey open file report nna winograd thordarson william hydrogeologic hydro chemical framework south central great basin nevada california special reference nevada test site geological survey professional paper hq note parenthesized number follow cite reference department energy ocrwm record management purpose use order publication 
reference cite 
