united state department the interior geological survey data for four drill hole kalamazoo porphyry copper deposit pinal county arizona maurice chaffee open file report paper copy diskette this report preliminary review conformity geological survey editorial standard stratigraphic nomenclature 
any use trade name descriptive purpose imply endorsement usgs 
geological survey dfc box denver 
page introduction description sample sample preparation analysis description data table other information acknowledgment reference cite 
map show location kalamazoo deposit final county arizona 
data ddk kal kalamazoo deposit arizona data ddh kal kalamazoo deposit arizona data ddh kal kalamazoo deposit arizona data ddh kal kalamazoo deposit arizona 
introduction this report tabulate analysis rock type alteration zone sample drill cutting core four drill hole complete exploration kalamazoo copper deposit final county arizona 
figure show location kalamazoo deposit 
the geology feature deposit area describe creasey davis lowell thomas 
some analysis list used construct figure chaffee 
this report consist two part 
part print report 
part electronic version diskette include text ascii format well data table binary format program convert data several different format 
description the sample each sample composited typical material present run core 
the run space approximately interval along entire length hole 
care exercise sample principal lithology sample interval 
thin cross cut band different rock type highly mineralize vein fracture include sample unless distribute give interval 
the sample hole submit analyst random sequence 
sample preparation and analysis all sample crush steel jaw crusher pulverize minus mesh grain size vertical mill ceramic plate 
the chemical analysis determine various laboratory geological survey denver colorado 
the element determine use atomic absorption spectroscopy hubert lakin nakagawa thompson ward other 
aluminum determine oxide convert element concentration use ray fluorescence claisse 
colorimetry use determine crenshaw lakin ward other 
sulfur determine use titrimetric method describe laboratory equipment company joseph michigan date fluorine determine specific ion electrode potentiometry ficklin 
carbon dioxide determine use volumetric technique watterson other 
the element table determine use six step semiquantitative emission spectrographic technique myers other 
the sample analyze bulk density use air pycnometer mclntyre other 
description data table the analysis list table 
information column heading give 
arizona kalamazoo deposit tucson 
map show location area kalamazoo porphyry copper deposit final county arizona 
for sample number first three character give drill hole number last four digit depth sample foot collar 
ppm ppm these columns analysis list element symbol whether concentration percent part per million ppm analytical method 
within data set value may qualify 
the meaning qualifier give top table 
element name indicate determined semiquantitative emission spectroscopy indicate atomic absorption analysis indicate colorimetric analysis xrf indicate ray fluorescence analysis inst indicate volumetric analysis ccx specific ion electrode analysis 
specific gravity this column list value determine sample composited rock chip core fragment 
the measurement make material pulverized 
rock type alteration zone the rock type description give table field term base identification hand lens 
the term quartz monzonite refers sample precambrian oracle granite 
the term monzonite porphyry use sample cretaceous intrusive rock 
the term conglomerate refers sample post miner age cloudburst formation gila 
scattered interval rhyolite andesite diorite diabase uncertain age also sample occur significant thickness 
the alteration zone name use lowell 
where word oxidize used alteration assume predominantly hydrothermal origin 
other information the reader note element determine sample 
where sample analyze particular element enter table 
where none sample drill hole analyze give element column element omit 
thus element omit table 
the element analyze use semiquantitative emission spectroscopy show table every case value report detected respective low limit determination show parenthesis 
case tellurium two different low limit determination use 
table print version show correct number significant digit variable 
the data find binary file diskette may contain additional digit result method use produce file 
these digit consider significant 
acknowledgment indebted magma copper company provide sample material much valuable site assistance 
grateful large number analyst geological survey help provide analysis show table 
these analyst 
hopkins mchugh 
miller hosier negri 
welsch young 
reference cite chaffee geochemical study kalamazoo porphyry copper deposit final county arizona titley advance geology porphyry copper deposit southwestern north america arizona university press tucson 
claisse fernand accurate ray fluorescence analysis without internal standard quebec dept 
mine prelim 
crenshaw lakin sensitive rapid method determination trace amount selenium geologic material geological survey jour 
creasey geology san manuel area pinal county arizona geological survey prof paper davis geothermometry geochemistry alteration san manuel porphyry copper orebody san manuel arizona unpub 
thesis arizona univ ficklin rapid method determination fluoride rock soil use ion selective electrode geological survey research geological survey prof paper c186 c188 
hubert lakin atomic absorption determination thallium indium geologic material jones geochemical exploration internat 
symposium 4th proc london the inst 
mining metallurgy 
laboratory equipment company date leco automatic sulfur determinator laboratory equipment company hilltop road joseph michigan lowell geology kalamazoo orebody san manuel district arizona econ 
mclntyre welday baird geologic application air pycnometer study precision measurement geological soc 
america bull 
myers havens dunton spectrochemical method semiquantitative analysis rock mineral ore geological survey bull 
thomas geology san manuel ore body titley hick eds geology porphyry copper deposit southwestern north america arizona university press tucson 
nakagawa thompson atomic absorption determination tellurium geological survey research geological survey prof paper b123 b125 
ward lakin canney other analytical method use geochemical exploration geological survey geological survey bull 
ward nakagawa harm vansickle atomic absorption method analysis useful geochemical exploration geological survey bull 
watterson ficklin turner modification shapiro technique co2 geological survey open file rept 
data for ddh kal kalamazoo deposit 
arizona detect low limit determination show preceding letter 
detect concentration less value show 
va1ue determine 
ppm ppm ppm ppm ppm ppm ppm c02 ppm ppm ppm xrf inst 
k230055 k230130 k230185 k230270 k230325 
k230430 k230550 k230650 k230755 k230790 
k230825 k230920 k231010 k231165 k231220 
k231360 k231415 k231475 k231525 k231575 
k231625 k231675 k231725 k231775 k231825 
k231875 k231925 k231975 k232025 k232075 
k232125 k232175 k232225 k232270 k232320 
k232375 k232425 k232475 k232525 k232575 
table continue 
ppm ppm ppm ppm ppm ppm ppm ppm ppm ppm 
k230430 k230550 k230650 k230755 k230790 
k230825 k230920 k231010 k231165 k231220 
k231360 k231415 k231475 k231525 k231575 
k231625 k231675 k231725 k231775 k231825 
k231875 k231925 k231975 k232025 k232075 
k232125 k232175 k232225 k232270 k232320 
k232375 k232425 k232475 k232525 k232575 
table continue 
ppm ppm ppm ppm ppm ppm ppm ppm ppm ppm 
k230055 k230130 k230185 k230270 k230325 
k230430 k230550 k230650 k230755 k230790 
k231360 k231415 k231475 k231525 k231575 
k231625 k231675 k231725 k231775 k231825 
k231875 k231925 k231975 k232025 k232075 
k232125 k232175 k232225 k232270 k232320 
k232375 k232425 k232475 k232525 k232575 
table continue 
ppm ppm ppm ppm ppm ppm ppm ppm ppm specific 
k230055 k230130 k230185 k230270 k230325 
k230430 k230550 k230650 k230755 k230790 
k230825 k230920 k231010 k231165 k231220 
k231360 k231415 k231475 k231525 k231575 
k231625 k231675 k231725 k231775 k231825 
k232375 k232425 k232475 k232525 k232575 
table continue 
rock type 
alteration zone 
k230055 k230130 k230185 k230270 k230325 
conglomerate conglomerate andes ite flow conglomerate conglomerate 
none none none none none 
k230430 k230550 k230650 k230755 k230790 
conglomerate conglomerate conglomerate conglomerate conglomerate 
none none none none none 
k230825 k230920 k231010 k231165 k231220 
conglomerate conglomerate conglomerate conglomerate conglomerate 
none none none none none 
k231360 k231415 k231475 k231525 k231575 
monzonite porphyry monzonite porphyry monzonite porphyry monzonite porphyry monzonite porphyry 
quartz sericite quartz sericite quartz sericite quartz sericite quartz sericite 
k231625 k231675 k231725 k231775 k231825 
monzonite porphyry monzonite porphyry monzonite porphyry monzonite porphyry monzonite porphyry 
quartz sericite quartz sericite quartz sericite quartz sericite quartz sericite 
k231875 k231925 k231975 k232025 k232075 
monzonite porphyry monzonite porphyry monzonite porphyry monzonite porphyry monzonite porphyry 
quartz sericite quartz sericite quartz sericite quartz sericite quartz sericite 
k232125 k232175 k232225 k232270 k232320 
monzonite porphyry monzonite porphyry monzonite porphyry monzonite porphyry monzonite porphyry 
quartz sericite quartz sericite quartz sericite quartz sericite quartz sericite 
k232375 k232425 k232475 k232525 k232575 
monzonite porphyry monzonite porphyry monzonite porphyry monzonite porphyry monzonite porphyry 
quartz sericite quartz sericite quartz sericite quartz sericite quartz sericite 
table continue 
ppm ppm ppm ppm ppm ppm ppm c02 ppm ppm ppm xrf inst 
k232625 k232675 k232725 k232775 k232825 
k232875 k232925 k232975 k233025 k233075 
k233125 k233185 k233225 k233275 k233325 
k233375 k233425 k233475 k233525 k233575 
k233625 k233675 k233725 k233780 
table continue 
ppm ppm ppm ppm ppm ppm ppm ppm ppm ppm 
k232625 k232675 k232725 k232775 k232825 
k232875 k232925 k232975 k233025 k233075 
k233125 k233185 k233225 k233275 k233325 
k233375 k233425 k233475 k233525 k233575 
k233625 k233675 k233725 k233780 
table continue 
ppm ppm ppm ppm ppm ppm ppm ppm ppm ppm 
k232625 k232675 k232725 k232775 k232825 
k232875 k232925 k232975 k233025 k233075 
k233125 k233185 k233225 k233275 k233325 
k233375 k233425 k233475 k233525 k233575 
k233625 k233675 k233725 k233780 
table continue 
ppm ppm ppm ppm ppm ppm ppm ppm ppm specific 
k232625 k232675 k232725 k232775 k232825 
k232875 k232925 k232975 k233025 k233075 
k233125 k233185 k233225 k233275 k233325 
k233375 k233425 k233475 k233525 k233575 
table continue 
rock type 
alteration zone 
k232625 k232675 k232725 k232775 k232825 
monzonite porphyry monzonite porphyry monzonite porphyry monzonite porphyry monzonite porphyry 
quartz sericite quartz sen cite quartz sericite quartz sericite biotite feldspar 
k232875 k232925 k232975 k233025 k233075 
monzonite porphyry monzonite porphyry monzonite porphyry monzonite porphyry monzonite porphyry 
biotite feldspar biotite feldspar biotite feldspar biotite feldspar biotite feldspar 
k233125 k233185 k233225 k233275 k233325 
monzonite porphyry monzonite porphyry monzonite porphyry monzonite porphyry monzonite porphyry 
biotite feldspar biotite feldspar biotite feldspar biotite feldspar biotite feldspar 
k233375 k233425 k233475 k233525 k233575 
monzonite porphyry monzonite porphyry monzonite porphyry monzonite porphyry monzonite porphyry 
biotite feldspar biotite feldspar biotite feldspar biotite feldspar biotite feldspar 
k233625 k233675 k233725 k2337bo 
monzonite porphyry monzonite porphyry monzonite porphyry monzonite porphyry 
biotite feldspar propylitic propylitic propylitic 
data for ddh kal kalamazoo deposit arizona detect low limit determination show preceding letter 
detect concentration less value show 
value determine 
ppm ppm ppm ppm ppm ppm ppm c02 ppm ppm ppm 
k300025 k300075 k300125 k300175 k300225 
k300285 k300325 k300375 k300425 k300475 
k300525 k300565 k300625 k300675 k300745 
k300795 k300825 k300875 k300915 k300985 
k301035 k301055 k301125 k301175 k301215 
k301255 k301325 k301375 k301425 k301475 
k301515 k301565 k301675 k301725 k301775 
k301805 k301855 k301915 k301975 k302045 
table continue 
ppm ppm ppm ppm ppm ppm ppm ppm ppm ppm 
k300025 k300075 k300125 k300175 k300225 
k300285 k300325 k300375 k300425 k300475 
k300525 k300565 k300625 k300675 k300745 
k300795 k300825 k300875 k300915 k300985 
k301035 k301055 k301125 k301175 k301215 
k301255 k301325 k301375 k301425 k301475 
table continue 
ppm ppm ppm ppm ppm ppm 
ppm ppm ppm ppm 
k300285 k300325 k300375 k300425 k300475 
k300525 k300565 k300625 k300675 k300745 
k300795 k300825 k300875 k300915 k300985 
k301035 k301055 k301125 k301175 k301215 
k301255 k301325 k301375 k301425 k301475 
k301515 k301565 k301675 k301725 k301775 
k301805 k301855 k301915 k301975 k302045 
table continue 
ppm ppm ppm ppm ppm ppm ppm ppm ppm specific gravity 
k300025 k300075 k300125 k300175 k300225 
k300285 k300325 k300375 k300425 k300475 
k300525 k300565 k300625 k300675 k300745 
k300795 k300825 k300875 k300915 k300985 
k301035 k301055 k301125 k301175 k301215 
k301255 k301325 k301375 k301425 k301475 
k301515 k301565 k301675 k301725 k301775 
k301805 k301855 k301915 k301975 k302045 
table continue 
rock type 
alteration zone 
k300025 k300075 k300125 k300175 k300225 
quartz monzonite quartz monzonite quartz monzonite quartz monzonite quartz monzonite 
oxidize propylitic oxidize propylitic oxidize propylitic oxidize propylitic oxidize propylitic 
k300285 k300325 k300375 k300425 k300475 
monzonite porphyry quartz monzonite quartz monzonite quartz monzonite quartz monzonite 
oxidize propylitic oxidize propylitic oxidize propylitic oxidize propylitic propyl itic 
k300525 k300565 k300625 k300675 k300745 
quartz monzonite monzonite porphyry quartz monzonite quartz monzonite monzonite porphyry 
propyl itic propylitic propylitic propylitic propyl itic 
k300795 k300825 k300875 k300915 k300985 
quartz monzonite quartz monzonite monzonite porphyry monzonite porphyry monzonite porphyry 
propylitic propyl itic propylitic propylitic propyl itic 
k301035 k301055 k301125 k301175 k301215 
quartz monzonite quartz monzonite quartz monzonite quartz monzonite monzonite porphyry 
propylitic propylitic propylitic propyl itic propyl itic 
k301255 k301325 k301375 k301425 k301475 
monzonite porphyry quartz monzonite monzonite porphyry monzonite porphyry monzonite porphyry 
propyl itic propyl itic propyl itic quartz sericite quartz sericite 
k301515 k301565 k301675 k301725 k301775 
monzonite porphyry monzonite porphyry monzonite porphyry quartz monzonite mixture unit 
quartz sericite quartz sericite quartz sericite quartz sericite quartz sericite 
k301805 k301855 k301915 k301975 k302045 
mixture unit mixture unit mixture unit mixture unit mixture unit 
quartz sericite quartz sericite quartz sericite quartz sericite quartz sericite 
table continue 
ppm ppm ppm ppm ppm ppm ppm c02 ppm ppm ppm 
k302075 k302125 k302175 k302225 k302275 
k302325 k302375 k302425 k302475 k302525 
k302825 k302875 k302925 k302975 k303025 
k303075 k303125 k303175 k303225 k303275 
k303325 k303375 k303425 k303475 k303525 
k303575 k303625 k303675 k303725 k303775 
k303825 k303875 k303925 k303975 k304025 
k304075 k304125 k304180 
table continue 
ppm ppm ppm ppm ppm ppm ppm ppm ppm ppm 
k302325 k302375 k302425 k302475 k302525 
k302575 k302625 k302670 k302720 k302775 
k302825 k302875 k302925 k302975 k303025 
k303075 k303125 k303175 k303225 k303275 
k303325 k303375 k303425 k303475 k303525 
k303575 k303625 k303675 k303725 k303775 
k303825 k303875 k303925 k303975 k304025 
k304075 k304125 k304180 
table continue 
ppm ppm ppm ppm ppm ppm 
k302075 k302125 k302175 k302225 k302275 
k302325 k302375 k302425 k302475 k302525 
k302575 k302625 k302670 k302720 k302775 
k302825 k302875 k302925 k302975 k303025 
k303075 k303125 k303175 k303225 k303275 
k303325 k303375 k303425 k303475 k303525 
ppm ppm ppm ppm 
table continue 
ppm ppm ppm ppm ppm ppm ppm ppm ppm specific gravi 
k302075 k302125 k302175 k302225 k302275 
k302325 k302375 k302425 k302475 k302525 
k302575 k302625 k302670 k302720 k302775 
k302825 k302875 k302925 k302975 k303025 
k303075 k303125 k303175 k303225 k303275 
k303575 k303625 k303675 k303725 k303775 
k303825 k303875 k303925 k303975 k304025 
k304075 k304125 k304180 
table continue 
rock type 
alteration zone 
k302075 k302125 k302175 k302225 k302275 
mixture unit quartz monzonite quartz monzonite quartz monzonite quartz monzonite 
quartz sericite quartz sericite quartz sericite quartz sericite quartz sericite 
k302325 k302375 k302425 k302475 k302525 
quartz monzonite quartz monzonite quartz monzonite quartz monzonite quartz monzonite 
quartz sericite quartz sericite quartz sericite quartz sericite quartz sericite 
k302575 k302625 k302670 k302720 k302775 
quartz monzonite quartz monzonite quartz monzonite quartz monzonite quartz monzonite 
quartz sericite quartz sericite quartz sericite quartz sericite quartz sericite 
k302825 k302875 k302925 k302975 k303025 
quartz monzonite quartz monzonite quartz monzonite quartz monzonite quartz monzonite 
quartz sericite quartz sericite quartz sericite quartz sericite quartz sericite 
k303075 k303125 k303175 k303225 k303275 
quartz monzonite quartz monzonite quartz monzonite quartz monzonite quartz monzonite 
quartz sericite quartz sericite quartz sericite quartz sericite quartz sericite 
k303325 k303375 k303425 k303475 k303525 
quartz monzonite quartz monzonite quartz monzonite quartz monzonite quartz monzonite 
biotite feldspar biotite feldspar biotite feldspar biotite feldspar biotite feldspar 
k303575 k303625 k303675 k303725 k303775 
quartz monzonite quartz monzonite quartz monzonite quartz monzonite quartz monzonite 
biotite feldspar biotite feldspar biotite feldspar biotite feldspar biotite feldspar 
k303825 k303875 k303925 k303975 k304025 
quartz monzonite quartz monzonite quartz monzonite quartz monzonite quartz monzonite 
biotite feldspar biotite feldspar biotite feldspar biotite feldspar biotite feldspar 
k304075 quartz monzonite k304125 quartz monzonite k304180 quartz monzonite 
biotite feldspar biotite feldspar biotite feldspar 
data for ddh kal 
kalamazoo deposit arizona detect low limit determination show preceding letter 
detect concentration less value show 
value determine 
ppm ppm ppm ppm ppm ppm ppm c02 
ppm ppm ppm 
k250085 k250185 k250275 k250380 k250485 
k250575 k250685 k250785 k250875 k250985 
k251085 k251175 k251280 k251325 k251385 
k251435 k251475 k251535 k251585 k251625 
k251685 k251735 k251775 k251835 k251885 
k251925 k251975 k252035 k252075 k252120 
k252180 k252250 k252285 k252336 k252375 
k252426 k252474 k252525 k252571 k252625 
table continue 
ppm ppm ppm ppm ppm ppm ppm ppm ppm ppm 
k250085 k250185 k250275 k250380 k250485 
k250575 k250685 k250785 k250875 k250985 
k251435 k251475 k251535 k251585 k251625 
k251685 k251735 k251775 k251835 k251885 
k251925 k251975 
k252035 k252075 k252120 
k252180 k252250 k252285 k252336 k252375 
k252426 k252474 k252525 k252571 k252625 
table continue 
ppm ppm ppm ppm ppm ppm ppm ppm ppm ppir 
k250085 k250185 k250275 k250380 k250485 
k250575 k250685 k250785 k250875 k250985 
k251085 k251175 k251280 k251325 k251385 
k251435 k251475 k251535 k251585 k251625 
k251685 k251735 k251775 k251835 k251885 
k251925 k251975 k252035 k252075 k252120 
k252180 k252250 k252285 k252336 k252375 
k252426 k252474 k252525 k252571 k252625 
table continue 
ppm ppm ppm ppm ppm ppm ppm ppm specific 
k251925 k251975 k252035 k252075 k252120 
table continue 
rock type 
alteration zone 
k250085 k250185 k250275 k250380 k250485 
conglomerate conglomerate conglomerate conglomerate conglomerate 
none none none none none 
k250575 k250685 k250785 k250875 k250985 
conglomerate conglomerate conglomerate conglomerate conglomerate 
none none none none none 
k251085 k251175 k251280 k251325 k251385 
conglomerate conglomerate conglomerate monzonite porphyry monzonite porphyry 
none none none quartz sericite quartz sericite 
k251435 k251475 k251535 k251585 k251625 
monzonite porphyry monzonite porphyry monzonite porphyry monzonite porphyry monzonite porphyry 
quartz sericite quartz sericite quartz sericite quartz sericite quartz sericite 
k251685 k251735 k251775 k251835 k251885 
monzonite porphyry monzonite porphyry monzonite porphyry monzonite porphyry monzonite porphyry 
quartz sericite quartz sericite quartz sericite quartz sericite quartz sericite 
k251925 k251975 k252035 k252075 k252120 
monzonite porphyry monzonite porphyry monzonite porphyry monzonite porphyry monzonite porphyry 
quartz sericite quartz sericite quartz sericite quartz sericite quartz sericite 
k252180 k252250 k252285 k252336 k252375 
monzonite porphyry monzonite porphyry monzonite porphyry monzonite porphyry monzonite porphyry 
quartz sericite quartz sericite quartz sericite quartz sericite quartz sericite 
k252426 k252474 k252525 k252571 k252625 
monzonite porphyry monzonite porphyry monzonite porphyry monzonite porphyry monzonite porphyry 
quartz sericite quartz sericite quartz sericite quartz sericite quartz sericite 
table continue 
ppm ppm ppm ppm ppm ppm ppm c02 
ppm ppm ppm 
k252669 k252729 k252774 k252834 k252874 
k252925 k252975 k253067 k253123 
k253169 k253227 k253274 k253318 k253374 
k253474 k253575 k253627 
k253676 k253724 k253773 k253824 k253875 
k253930 k254025 k254075 
table continue 
ppm ppm ppm ppm ppm ppm ppm ppm ppm ppm 
k252669 k252729 k252774 k252834 k252874 
k253930 k253974 k254025 k254075 
table continue 
ppm ppm ppm ppm ppm ppm ppm ppm ppm ppn 
k252669 k252729 k252774 k252834 k252874 
k252925 k252975 k253020 k253123 
k253169 k253227 k253274 k253318 k253374 
k253425 k253474 k253525 k253575 k253627 
k253930 k253974 k254025 k254075 
table continue 
ppm ppm ppm ppm ppm ppm ppm ppm specific 
k252925 k252975 k253020 k253067 k253123 
k253169 k253227 k253274 k253318 k253374 
k253425 k253474 k253525 k253575 k253627 
k253676 k253724 k253773 k253824 k253875 
k253930 k253974 k254025 k254075 
table continue 
rock type 
alteration zone 
k252669 k252729 k252774 k252834 k252874 
monzonite porphyry monzonite porphyry monzonite porphyry monzonite porphyry monzonite porphyry 
quartz sericite quartz sericite quartz sericite quartz sericite quartz sericite 
k252925 k252975 k253020 k253067 k253123 
monzonite porphyry monzonite porphyry monzonite porphyry monzonite porphyry monzonite porphyry 
quartz sericite quartz sericite quartz sericite quartz sericite quartz sericite 
k253169 k253227 k253274 k253318 k253374 
monzonite porphyry monzonite porphyry monzonite porphyry monzonite porphyry monzonite porphyry 
quartz sericite quartz sericite biotite feldspar biotite feldspar biotite feldspar 
k253425 k253474 k253525 k253575 k253627 
rhyolite rhyol rhyolite rhyol monzonite porphyry 
biotite feldspar biotite feldspar biotite feldspar biotite feldspar biotite feldspar 
k253676 k253724 k253773 k253824 k253875 
monzonite porphyry monzonite porphyry monzonite porphyry diorite 
biotite feldspar biotite feldspar biotite feldspar propylitic propylitic 
k253930 k254025 k254075 
propylitic propylitic propyl itic propylitic 
data for ddh kal kalamazoo deposit arizona detect low limit determination show preceding letter 
detect concentration less value show 
value determine 
ppm ppm ppm ppm ppm ppm ppm c02 ppm ppm ppm 
k370025 k370075 k370125 k370175 k370225 
k370275 k370325 k370375 k370425 k370475 
k370525 k370575 k370625 k370675 k370735 
k370775 k370825 k370885 k370925 k370975 
k371035 k371075 k371125 k371185 k371225 
k371275 k371315 k371365 k371425 k371465 
k371525 k371575 k371635 k371675 k371735 
k371785 k371825 k371875 k371935 k371975 
table continue 
ppm ppm ppm ppm ppm ppm ppm ppm ppm ppm 
k370275 k370325 k370375 k370425 k370475 
k371035 k371075 k371125 k371185 k371225 
table continue 
ppm ppm ppm pptn pptn ppm ppm ppm ppm ppm 
xrf inst 
k370025 k370075 k370125 k370175 k370225 
k370275 k370325 k370375 k370425 k370475 
k370525 k370575 k370625 k370675 k370735 
k370775 k370825 k370885 k370925 k370975 
k371035 k371075 k371125 k371185 k371225 
k371275 k371315 k371365 k371425 k371465 
k371525 k371575 k371635 k371675 k371735 
k371785 k371825 k371875 k371935 k371975 
table continue 
ppm ppm ppm ppm ppm ppm ppm ppm specific 
k370025 k370075 k370125 k370175 k370225 
k370275 k370325 k370375 k370425 k370475 
k370525 k370575 k370625 k370675 k370735 
k370775 k370825 k370885 k370925 k370975 
k371035 k371075 k371125 k371185 k371225 
k371275 k371315 k371365 k371425 k371465 
k371525 k371575 k371635 k371675 k371735 
k371785 k371825 k371875 k371935 k371975 
table continue 
rock type 
alteration zone 
k370025 k370075 k370125 k370175 k370225 
quartz monzonite quartz monzonite quartz monzonite quartz monzonite quartz monzonite 
oxidize propylitic oxidize propylitic oxidize propylitic oxidize propylitic oxidize propylitic 
k370275 k370325 k370375 k370425 k370475 
quartz monzonite quartz monzonite quartz monzonite quartz monzonite quartz monzonite 
oxidize propylitic oxidize propylitic oxidize propylitic oxidize propylitic propylitic 
k370525 k370575 k370625 k370675 k370735 
quartz monzonite quartz monzonite quartz monzonite quartz monzonite quartz monzonite 
propylitic propylitic propylitic propylitic propylitic 
k370775 k370825 k370885 k370925 k370975 
quartz monzonite monzonite porphyry quartz monzonite quartz monzonite quartz monzonite 
propylitic propylitic propylitic propylitic propylitic 
k371035 k371075 k371125 k371185 k371225 
quartz monzonite quartz monzonite quartz monzonite quartz monzonite quartz monzonite 
propylitic propylitic propylitic propylitic propylitic 
k371275 k371315 k371365 k371425 k371465 
quartz monzonite quartz monzonite quartz monzonite quartz monzonite quartz monzonite 
propylitic propylitic propylitic propylitic propylitic 
k371525 k371575 k371635 k371675 k371735 
quartz monzonite quartz monzonite quartz monzonite quartz monzonite quartz monzonite 
propylitic propylitic propylitic propylitic propylitic 
k371785 k371825 k371875 k371935 k371975 
quartz monzonite quartz monzonite quartz monzonite quartz monzonite quartz monzonite 
propylitic propylitic propylitic propylitic propylitic 
table continue 
ppm ppm ppm ppm ppm ppm ppm c02 ppm ppm ppm 
k372025 k372085 k372125 k372175 k372235 
k372275 k372325 k372375 k372425 k372475 
k372535 k372575 k372625 k372665 k372725 
k372775 k372825 k372875 k372925 k372975 
k373025 k373075 k373135 k373175 k373225 
k373275 k373335 k373375 k373428 k373475 
k373525 k373576 k373623 k373675 k373728 
k373771 k373825 k373875 k373926 k373971 
table continue 
ppm ppm ppm ppm ppm ppm ppm ppm pprn ppm 
k372025 k372085 k372125 k372175 k372235 
k373025 k373075 k373135 k373175 k373225 
table continue 
ppm ppm ppm ppm ppm ppm ppm ppm ppm ppn 
xrf inst 
k372025 k372085 k372125 k372175 k372235 
k372275 k372325 k372375 k372425 k372475 
k372535 k372575 k372625 k372665 k372725 
k372775 k372825 k372875 k372925 k372975 
k373025 k373075 k373135 k373175 k373225 
k373275 k373335 k373375 k373428 k373475 
k373525 k373576 k373623 k373675 k373728 
k373771 k373825 k373875 k373926 k373971 
table continue 
ppm ppm ppm ppm ppm ppm ppm ppm specific 
k372025 k372085 k372125 k372175 k372235 
k372275 k372325 k372375 k372425 k372475 
k372535 k372575 k372625 k372665 k372725 
k372775 k372825 k372875 k372925 k372975 
k373025 k373075 k373135 k373175 k373225 
k373275 k373335 k373375 k373428 k373475 
k373525 k373576 k373623 k373675 k373728 
k373771 k373825 k373875 k373926 k373971 
table continue 
rock type 
alteration zone 
k372025 k372085 k372125 k372175 k372235 
quartz monzonite quartz monzonite quartz monzonite quartz monzonite quartz monzonite 
propylitic propylitic propylitic propylitic propylitic 
k372275 k372325 k372375 k372425 k372475 
quartz monzonite quartz monzonite quartz monzonite quartz monzonite quartz monzonite 
quartz sericite quartz sericite quartz sericite quartz sericite quartz sericite 
k372535 k372575 k372625 k372665 k372725 
quartz monzonite quartz monzonite quartz monzonite quartz monzonite quartz monzonite 
quartz sericite quartz sericite quartz sericite quartz sericite quartz sericite 
k372775 k372825 k372875 k372925 k372975 
quartz monzonite quartz monzonite quartz monzonite quartz monzonite quartz monzonite 
quartz sericite quartz sericite quartz sericite quartz sericite quartz sericite 
k373025 k373075 k373135 k373175 k373225 
quartz monzonite quartz monzonite quartz monzonite quartz monzonite quartz monzonite 
quartz sericite quartz sericite quartz sericite quartz sericite quartz sericite 
k373275 k373335 k373375 k373428 k373475 
quartz monzonite quartz monzonite monzonite porphyry monzonite porphyry monzonite porphyry 
quartz sericite quartz sericite quartz sericite quartz sericite quartz sericite 
k373525 k373576 k373623 k373675 k373728 
quartz monzonite quartz monzonite quartz monzonite quartz monzonite quartz monzonite 
quartz sericite quartz sericite quartz sericite quartz sericite quartz sericite 
k373771 k373825 k373875 k373926 k373971 
monzonite porphyry quartz monzonite quartz monzonite quartz monzonite monzonite porphyry 
quartz sericite quartz sericite biotite feldspar biotite feldspar biotite feldspar 
table continue 
ppm ppm ppm ppm ppm ppm ppm c02 ppm ppm ppm 
k374020 k374073 k374126 k374178 k374225 
k374275 k374323 k374374 k374425 k374474 
k374523 k374574 k374624 k374670 k374700 
table continue 
ppm ppm ppm ppm ppm ppm ppm ppm ppm ppm 
table continue 
ppm ppm ppm ppm ppm ppm ppm ppm ppm ppr 
xrf inst 
k374020 k374073 k374126 k374178 k374225 
k374275 k374323 k374374 k374425 k374474 
k374523 k374574 k374624 k374670 k374700 
table continue 
ppm ppm ppm ppm ppm ppm ppm ppm specific 
k374020 k374073 k374126 k374178 k374225 
k374275 k374323 k374374 k374425 k374474 
k374523 k374574 k374624 k374670 k374700 
table continue 
rock type 
alteration zone 
k374020 k374073 k374126 k374178 k374225 
monzonite porphyry quartz monzonite quartz monzonite quartz monzonite quartz monzonite 
biotite feldspar biotite feldspar biotite feldspar biotite feldspar biotite feldspar 
k374275 k374323 k374374 k374425 k374474 
diabase diabase monzonite porphyry diabase quartz monzonite 
biotite feldspar biotite feldspar biotite feldspar biotite feldspar biotite feldspar 
k374523 k374574 k374624 k374670 k374700 
quartz monzonite quartz monzonite monzonite porphyry monzonite porphyry monzonite porphyry 
biotite feldspar biotite feldspar biotite feldspar biotite feldspar biotite feldspar 
