reconnaissance investigation brine the eastern rub khali kingdom saudi arabia cole smith open file report usgs department thi interior otoetcai survey hauoi notai mission interagencj ftepon ffi ministry petroleum mineral resource deputy ministry mineral resource jiddah kingdom saudi arabia 
interagency report prepare geological survey saudi arabian mission ministry petroleum mineral resource kingdom saudi arabia the work report base perform accordance cooperative agreement geological survey ministry petroleum mineral resource 
the report edit review conformity geological survey standard nomenclature 
product name used report descriptive purpose way imply endorsement geological survey 
the quadrangle identification method use geological survey saudi arabian mission report show 
degree quadrangle 
minute quadrangle 
19e ixlvi degree quadrangle 
abstract introduction general geology sampling and analytical method 
reference cite 
map eastern saudi arabia show location study area map study area show approximate location sample camp water well ramallah 
table table 
chemical analysis brine sample eastern rub khali 
reconnaissance investigation brine the eastern rub khali kingdom saudi arabia cole smith abstract uruq taridah umm samim area locate large topographic depression eastern rub khali desert playas several thousand square kilometer area expose 
crust eolian sand cement gypsum halite form many playa surface 
anhydrite nodule common sample area depth ground water generally exceed 
the chemistry three ground water sample collect near water well ramallah lat long similar sabkhah related brine coast united arab emirate 
although indication economic quantity evaporite mineral sample area extent depression unique geologic environment recommend resource evaluation study 
introduction salt flats various type widely distribute arabian peninsula 
the great concentration feature east long north lat near eastern rub khali desert fig 
many term currently use describe salt flat example glennie seem considerable overlap mean 
paper term sabkhah also spell sabkha make popular kinsman use describe salt flat near coast united arab emirates former trucial state qatar 
however follow suggestion ill taylor paper use term sabkhah restrict coastal area old term playa use describe salt flat form interior topographic depression irrespective whether hydrologic system associate salt flat open close 
the salt flats arabian peninsula east long occupy area find four country 
because indefinite boundary country region peninsula always possible determine whether individual salt flat belongs kingdom saudi arabia oman unite arab emirate qatar 
the large contiguous salt geological survey denver colorado 
base geological survey topographic map arabian peninsula saudi arabian directorate general mineral resource arabian peninsula map scale 
figure map eastern saudi arabia show location study area 
flat sabkhah matti coastal sabkhah northern part area umm samim playa eastern rub khali fig 
playa area large either umm samim sabkhah matti partly cover eolian sand region uruq taridah 
the coast united arab emirates become classic area study sabkhahs kinsman butler patterson 
these investigation demonstrate many sedimentary feature evaporite mineral find ancient evaporite deposit also present modern sabkhahs near coast united arab emirate 
wide variety evaporite mineral form sabkhahs study currently active geochemical process involve formation mineral provide new information concern geochemical problem deposition dolomite transition gypsum anhydrite near surface condition 
major revision theory evaporite formation nad base study ancient evaporite deposit possible follow identification evaporite mineral suite sedimentary structure sabkhahs 
these investigation recent deposit prompt reexamination many ancient evaporite deposit evidence formation sabkhah environment 
the hydrologic system underlying coastal sabkhahs united arab emirates contains continental derive marine derived water patterson kinsman 
surface sabkhahs united arab emirate tend toward state deflational equilibrium patterson 
kinsman first suggest continental sabkhahs equilibrium deflation sedimentation surface level capillary fringe mark base level wind deflation 
below top capillary fringe water table sediment damp move wind patterson 
therefore raise lower water table accompany either accretion deflation 
because capillarity deflation depth water table never great patterson 
although much publish sediment composition brine chemistry sabkhairis united arab emirates publish information concern sediment composition brine chemistry much extensive salt flat uruq taridah area eastern rub khali 
reconnaissance investigation conduct uruq taridah fig 
february february geological survey 
sample brine collect observation concern sediment composition near surface playa sediment record within radius water well rarnallah lat long fig 
secx i0t3r ltt ar4tsjir av5 fatsv 
trfw ^«"^- orc ss 
base geological survey geographic map 
eastern rub khali quadrangle geological survey 
miscellaneous geologic investigation map scale 
figure map study area show approximate location sample e016 e020 e021 camp water well ramallah 
dark area label qsb tdm playa deposit light area label qes eolian sand 
geochemical information provide reconnaissance survey allow preliminary evaluation potential area discovery evaporite deposit 
also allow preliminary comparison area salt flat tne coast arabian peninsula 
access ground transportation area sample collect difficult 
most road exist eastern hub khali establish either arabian american oil company 
vehicular traffic ramallan infrequent many supply bring geophysical crew currently work area transport aircraft 
tne author thanks faulkender geological survey supply latitude longitude kamallah help sample also thanks baraja saudi arabian directorate general mineral resource chemical analysis brine 
the author gratefully acknowledge arabian american oil company aramco geophysical service company cooperation logistic support 
special thanks due mcclure aramco help make field arrangement many interesting discussion geology rub khali desert 
the work report base perform accordance work agreement geological survey usgs ministry petroleum mineral resource kingdom saudi arabia 
general geology all playas eastern rub khali desert associate tiie rub khali structural basin form tertiary time power other 
begin quaternary basin essentially fill sediment bring wadi dawasir wadi sah drainage system western saudi arabia sediment derive liadhrarnaut oman mountains south yemen oman mcclure 
mcclure indicate inflow sediment basin terminate onset pleistocene aridity eolian reworking deposit sediment create eolian geomorphic feature find rub khali desert 
two obvious geomorphic feature uruq taridah area sand dune playas 
many sand dune chain continuous wholly partly separate interdunal playa surface 
individual peak within sand dune chain rise 
adjacent playa floor elberg other 
dune chain playas uruq taridah area trend west northwest 
eolian sand common sediment uruq taridah area dammam formation eocene age crop interdune area elberg other 
both uruq taridah umm samim area occupy topographic depression eastern hub khali desert probably underlain hydrologic system fig 
proximity oman mountains depression suggest likely source water present hydrologic system however portion water might contribute southwestern third arabian peninsula 
also possible portion ground water fossil water date back moister climate kolocene pleistocene time 
sampling and analytical method brine sample collect hole mostly crn diameter playa surface aoout diameter hole bottom 
hole configuration usually dig shovel sandy playas depth much approximately minute 
depend depth water table large pit take hour excavate hand 
three brine sample collect pit hole dig ground water 
the approximate position sample locality indicate figure 
sample collect polyethylene bottle clean distilled water dry 
the bottle rinse sample prior filling seal filling 
brine sample filter laboratory remove suspend sediment 
the chemical property brine sample measure laboratory 
alkalinity define stumm morgan measure titration h2s04 calcium magnesium sodium potassium concentration determine atomic absorption technique use perkin elmer model atomic absorption spectrophotorneter 
chloride fluoride concentration measure use orion electrode 
concentration silica molybdate blue method sulfate turbidimetric method tabatabai determine use model 54b coleman spectrophotometer 
water density measure use troemner chain gravitometer 
charge balance within percent 
result analysis present table 
table chemical analysis brine sample eastern rub khali kingdom saudi arabia result rneq except si02 fluorine lithium density crn 
analysis baraja dgmr usgs geochemical laboratory jiddah 
sample number 
calcium magnesium sodium potassium chloride sulfate s04 bicarbonate hcos silica si02 lithium fluoride density 
discussion from february february geophysical service company field camp name fig 
visit three brine sample collect 
the camp locate playa surface west artesian water well ramallah fig 
the playa cover eolian sand thick crust compose sand cement halite gypsum 
this type crust common playas within radius camp 
although consolidated sediment find playa camp locate limestone expose playas within radius camp 
accord geologic map elberg other limestone probably part damrnam formation 
playas dammam formation partly cover eolian sand centimeter deep whereas other dammam formation find depth almost the playas border north south side west trend chain sand dune 
these dune chain connect small low dune whose direction movement approximately parallel long ax dune chain playas 
small low dune separate playas form adjacent dune chain 
least small sand dune mobile 
two locality either near playa surface former position sand dune indicate preservation cement lower edge windward slope dune 
ray analysis indicate cement material predominejjtely halite subordinate amount gypsum calcite possibly sylvite 
indication position major dune chain shift observed 
addition three hole reach water table several hole dig playas attempt collect sample ground water 
some hole reach ground water dug depth range almost 
sediment remove bottom hole appear slightly moist rather excavate large pit unknown depth digging terminate locality 
playas dig hole terminate hard dense limestone layer dammam formation encounter surface layer eolian sand could penetrate 
the chemistry two brine sample collect within krn radius camp may strongly affect man activity area fig 
sample site e016 playa less diameter less ramallah 
gypsum layer thick find different depth playa surface 
the ground water surface sample locality depth 
because ramallah within e016 possible water flow ramallah raise water table sample site affect chemistry water sample contaminate near surface ground water 
sample site e020 fig 
table northwest ramallah 
sample site bulldozer excavate pit deep provide sand make drilling platform well ramallah 
the sand bottom pit well cement gypsurn 
when hole dug depth ground water begin seep 
after approximately minute water hole rise level bottom bulldozer excavation playa surface 
decrease distance ground water surface sediment air interface bulldozer excavation may cause increase rate evaporation ground water excavation 
increase evaporation rate would explain relatively large amount interstitial gypsum site high solute concentration sample table 
sample site e021 northeast camp playa west water well ramallah fig 
edge sand dune chain form playa northern border 
three site sample one probably least affected man activity water sample probably fairly representative ground water chemistry water table table 
after pit sample locality excavate depth ground water observe seep bottom pit 
approximately minute excavation ceased water level pit rise playa surface 
although scatter authigenic gypsum fragment sand playa surface sand cement degree find hole dug sample site e020 
the common authigenic evaporite mineral find playa surface gypsum anhydrite halite 
gypsum crystal fragment approximately long find playa surface several sample site 
nodular anhydrite also believe widely distribute playa surface dry nodule anhydrite find several area bulldozer pile sediment excavate playas 
nodular anhydrite also find situ moist sand hole terminate phreatic zone 
gypsum anhydrite playas sample area either disseminate stringer eolian sand however 
form layer describe sabkhahs united arab emirates coast butler 
base study almost pit dig coastal sabkhahs united arab emirates patterson suggest maximum depth ground water surface sabkhah surface area 
place within radius camp depth groundwater surface playa surface appear crn 
other sample site e016 groundwater surface possibly raise proximity outflow well ramallah hole dig water table indicate surface phreatic zone least playa surface 
one hole dug bottom bulldozer excavate pit reach ground water depth almost playa surface 
maximum depth ground water surface playa sabkhah surface deflational equilibrium depend height capillary fringe extend phreatic zone 
this dependence function several know factor 
composition fluid sediment well sediment size capillary radius permeability help determine far capillary fringe extend phreatic zone 
from patterson description sediment brine composition unite arab emirate probable limited range sediment brine composition find sampled area around camp within range sediment brine composition describe patterson 
limit describe patterson observational rather theoretical limit may apply area united arab emirate coast 
alternate explanation water table camp area deep playa surface area may longer deflational equilibrium 
current playa surface may preserve early possibly humid time water table high 
the small area sample limited number sample collect prevent definite conclusion concern significance cause great depth groundwater surface observe near camp compare depth tothe ground water surface united arab emirates coast 
conclusion within loo area contains water well ramallah three brine sample collect arid hole dug 
extrapolation interpretation observation make area uruq taridahurnm samim area extent make great caution 
before definite 
conclusion concern area reach many sample need collect much large area investigate 
although several interesting question concern basic geology could answer area none immediate economic interest 
reconnaissance investigation near camp suggest chemistry ground water fairly typical area contain gypsum 
even potential economic element potassium present unusually high concentration grind water remoteness area difficulty transportation would result high production cost 
these condition probably make recovery evaporite raw material uneconomic material usually must produce large volume low cost 
condition presently make economic recovery evaporites unlikely however change future significant quantity evaporites brine uruq taridah umm samirn area locate evaluate report 
emphasize small fraction total area contain playas described report extremely large evaporative environment virtually unexplored evaporite mineral brine 
other evaporative environment previously describe literature may reliable guide type authigenic mineral chemistry brine area study unique geologic environment warrant 
reference cite butler modern evaporite deposition geochemistry coexist brine sabkha trucial coast arabian gulf journal sedimentary petrology 
strontium geochemistry modern ancient calcium sulfate mineral purser the persian gulf new york springer verlag 
elberg gierhart ramirez geologic map eastern rub khali quadrangle kingdom saudi arabia geological survey miscellaneous geologic investigation map scale 
glennie desert sedimentary environment new york elsevier ill taylor discussion institute mining metallurgy transaction sec 
gypsum anhydrite recent age trucial coast persian gulf symposium salt 2nd proceeding cleveland northern ohio geological society 
mode formation sedimentary association diagnostic feature shallow water supratidal evaporites american association petroleum geologist bulletin 
mcclure rub khali sayari zotl ed quaternary period saudi arabia new york springer verlag 
patterson hydrology carbonate diagenesis coastal sabkha persian gulf princeton new jersey princeton university thesis patterson kinsman marine continental groundwater source persian gulf coastal sabkha american association petroleum geologist study geology 
power ramirez redmond elberg geology arabian peninsula sedimentary geology saudi arabia geological survey professional paper 
rossum conductance method check accuracy water analyse analytical chemistry 
stumm morgan aquatic chemistry introduction emphasize chemical equilibrium natural water new york wiley interscience tabatabai rapid method determination sulfate water sample environmental letter 
geological survey geographic map eastern rub khali quadrangle geological survey miscellaneous geologic investigation map scale 
geological survey topographic map arabian peninsula saudi arabian directorate general mineral resource arabian peninsula map scale 
