water fact for oklai ioma 
united state geological survey nuary 
rev present program tor obto1nmg water fact cuss func on shortcom ng avariable water fac prog ram wrth annual cost obtamrng adequa water fact quan t1ty occurre nce quolr surface water ground water suppl 
1rfoce water 
ground water 
qual ity water 
accumulation water facts con mean transform 
poor moster 
good servant 
united state department interi geological survey washington 
don mcbride chairman oklahoma plan resource board oklahoma city oklahoma 
dear mcbride transmit herewith copy report entitle water fact oklahoma 
delivery report meet one principal objective investigation availability water industrial use state oklahoma conduct cooperatively oklahoma plan resource board geological survey 
the report suggest program continue expand operative water resource investigation design guide state federal official recommendation therefor 
quite satisfactory geological survey wish publish report distribution state 
ice assistance preparation report well clf state representative gratefully acknowledge 
very truly wratiibr director 
u ter 
hort omin 
ter homa nektl indu 
r3m ult 
program ate program orp engin import nee tinuity len area coveraett orm ion reducti torage --· 
alue informati tximum 
water nnel 
tate boundary afegua righl ahoma 
omp reh ive prog ram ·----- homa howi loca tion ting propose tream ·!! 
tation figure total annu nnu okl ahoma 
tream gau ration homa able 
propo addition trea gau ing station okl tab ground ter review ram date -·---- 
rna howin cooperative investigation make 
inc prog 
figure compreh program polluti ntaminat ground wate map oklahorn howing cation exj tin ervation well ure 
ground ter jaw tration ter well driller lnnustria elopment irri ation pecial pro ject total nual cot annual oklahoma 
quality ater quality urface water ediment load -------·----- quality ground water industrial utility publ water supply total annual annual cost oklahoma total annual cost annual cost oklahoma water tilization 
water facfs for oklahoma lahom endow valu ble natural water one essenti tow ture use wis fully nned full benefit realize 
nning must uid ords impossible otherwi fore urnnce water supply 
continuous ord urf round ter extend many year alu tio avera extreme variation uantity occurrence quality supplie source 
bee use ord avai lable project may design 
tructe oper ted basi information generally 
dedly defi ient many 
thu indifferent success par 
tial ilure actual 
industrial project plan present 
ord must ned mea inform tion oncerning adequacy 
suitability ply urface round thei special 
they infor tio nch important factor maxi 
mum flood prot ted muni ipalitie may eek water 
surface stream 
ell ufficient knowledge quantity 
quality supply give pro assurance success 
undoubtedly almost total ence adequate record many delay start completion sound project attendant oklahoma indeterminate amount benefit may derive therefrom 
the indefinite continuation joss largely prevent prompt accumulation adequate water record 
the present program obtain information water limit scope short duration provide adequate record 
the united state geological survey investigate water resource nation since cooperate division water resource oklahoma plan resource board state geological survey oklahoma agricultural chanica 
college state agenries urvey water ources oklahoma industrial use 
part survey follow water fact oklahoma ba prepare 
these plan suggest comprehensive program continuation present program normal healthy growth one would assure due time adequate accumulation water fact 
thi comprehen nun rein rib tudes 
pansion stream gauge cover adequately river order obtain information small well large tre 
baj indu trial irrigation municipal 
the ion hould provide collection 
inform low 
nti ntrol full economic use 
the tigation gro water resource 
rtan tat extent acity water bearin geolog 
tion recovery ground water municipal industrial irrig 
ton tuation unci upplie throu ohout wet dry inte rntion upplies rface water 
lie obt 
lue oth 
the nal urfa grou water deter 
mine tnc muni indu trial agri ultu ral use erve 
plan treatment uch water fit hem best use 
mea urement iment contain rface water use 
ter cha nnel ervoir ith full allowance reduction 
aciti ilting 
the preparation ort upon method cont roll 
uti lizing water rces 
the adoption tru program cing operation 
earlie practicable time mean assuri oklahoma full 
benefit may accrue well plan ned water 
the cost 
pre ent fraction mig prevent proper 
use adequate water fact 
the water ram describe rein ann 
for urfa water for ground water 
for quality water includin iment 
for utili zation study report 
total s191 oklahoma the suggested prog ram attain appropriate growth program water investigation way 
the expand additional activity contemplate program suit adoption one time progressive step may deem wise 
detailed consideration program relate program topographic mapping fouows 
tfle rth olut ree man speci 
apri element 
hence man realize 
omp ble ur source full 
mean may devise 
uttiog prev ntin harm 
enti eff ient utility water 
supply water klahoma during drie yea xperiencej sin ufficient ter fell state okl homa provide every man wom child klahoma upply lion per throu hout yea unfortunately perhap fortunately nature first call water 
aft take would still rem ever lion per day person many time average per apita consumption 
nature take represent consumptive ter tion ter evaporation land water surface 
the residual flow nature take nerally available man use urface flow stream underground uppl 
although man water may fairly constant throughout year upply water varie greatly day day year year decade ade even much long period time 
since innin official record 
weather bureau great rainfall record oklaho uring hour period inch ulpa eptember wit unofficial measurement arne torm indicate maximum fall inch hour peri betw merame hallett great annual precipitation observe inch att least annual observe 
he boise city 
over area state receiving inch rainfall nature take inch 
rai fall decrea inch nature take become maller reach inch receive inch rainfall 
although water essential pure rainfall become pollute contaminated varying degree extreme imtadciel becomes unsuited use man vegetation industry 
before man settle prosper confidence must assure supply water personal use agriculture dustry adequate quantity quality 
such supply may obtain 
either und 
ntit ture 
mall ern annual 
nature normal 
dver ely affe ted con 
hly oluble 
knowledge ater 
dequate knowl 
ater pect quantity lity 
rvation extend long 
inform obtai indi pen represent 
fir form 
tee fro oor rna tee good ervant 
tion plan design 
flood ontrol pli ater indu trial domestic 
ltural 0ntrol ollution ontamination control 
letion round upplie use 
impo ible reca ith nee havior ater time future nece plan make future 
experience curate experience pat continuou systematic record essential avera extreme ariations may properly evaluate 
record available prop rly apprai use design plan confidently believe failure many project involve use control water coul prevent 
thus relatively small expenditu fund obtain record might well future may mean avin countle dollar many live 
deficiency shortcoming water fact tudie ariou government agency late close time usable continuous record discharge longer year red river tributary oklahoma three record year longer 
these short intermittent record prevent entirely orne essential study tributary greatly handicap other 
stream flow record supplement estimation runoff rainfall 
this deficiency stream flow data great little nothing gain result study investigation much ion complete stream flow record obtain 
these deficiency shortcoming generally applicable stream flow record oldahoma 
ater ct 
ngin erin revi publi ork admini 
tion show 
dcni dun ing flood otrol 
record pre ipitation 
alth ugh thi finally 
arjy mpleted 
ned tream flow dat 
llion dolla 
tulsa coun 
lev might 
prevent data orm tion ximum flo 
ailable design dam 
uff red hway ould avert information 
ble cui bridge rade 
rorm pril tim abou hita river near mmon 
undoubtedly loss live pre ented record available indicate home tho unfortunate people 
ere hazard place liable floodin tru tion 
undoubted damage property would redu uffi ient inform tion available ign within economic limit rid opening uch flood ion dwellin site abo reach flood water 
could disaster occur fo may report life part prevent know flood thi magnit jde might reasonably expect within short span year 
ould million dollar damage uffered durin recent flood may partially ene full knowledge bad available stage discharge reach great flood 
confidently believe knowledge woujd contribute adequate desi many structure destroy flood influence place flood line much property dama inundation 
lack knowledge influent seepa surface water contami nated oil field brine result abandonment ponca city round water supply cost construct new surface water 
imil rly 
lluvium orth nadian riv low 
hom ity 
impr nat ith loride ruin 
equate kno havior wtder 
klahoma would 
water obt incd two 
ground wnt rvoir 
num rous ntion cur 
oth futur unle information leeded 
rol 1al furor development oklahoma 
the ion tny ion wiu ontroll quantity 
ble ter uppli reli ble inform ation oncerning 
ilit rrect bje tionable feature uch uppl 
the klahoma colo ica urvey ted 
uture lie utilize proce ing industrie 
raw rial hand wate far important 
terial entire natutal ource 
mea adequate 
cord ntity quality urface round water supply 
vailable ufficientl long period distribute 
areal reasonably complete inf mation phase 
qua ntity lity upplies 
survey alec resource oklaho industrial use 
urvey water okl rna industrial use begin 
july united state 
ogical survey cooperation 
divi ion water resource oklahoma planning resource 
cour thi survey certai deficiency information 
water oklahoma become apparent 
each division unite state 
geologic survey engage investigation repared recommendation 
timated cost pro ram design give oklahoma information 
ect quantity quality water upplies ade 
quat sufficiently comprehensive assist oklahoma materially 
realize lly future possibility respect industry 
federal state cooperative investigation 
the united state geological survey authorize make general 
vestigation nation water resource survey report 
fundamental development utilization activity agency 
adjudication administration right determination 
for purpose measure daily flow surface stream 
record fluctuation lake reservoirs investigate ground water ascer 
tain availabijity depth recharge discharge anti storage make chemical 
alyses surface ground water special reference fitness 
gri ulture indu try proper treatment publi dome uppl ustrial pro team boiler use 
int rpretativ view furnish 
ull best 
nit tat 
tate muni ipal offi ial onne ion 
dmini tion per 
tion utilization ine superintendent 
onne ion nning igning tructing operating fin 
onn tio inv tment nuia 
tri uto atment water affe ted ara ter 
whi lawyer court con 
tion ith title equitie mage 
it work fin anced part 
dire ogres ional pprop riation oopcrative fund provide 
state municipality part fund furnish federal 
fhe united tate ologi urvey 
rrent program water inve 
tig ion homa ted rgely cooperation state 
oklahoma corp eng 
scope current program 
deficiency program proposal contemplate expansion 
prog along alj line urvey acti vities related water 
attempt diverse grow federal state local need set forth detail five heading surface water ground water quality water water utilization topographi mapping 
all portion rogram make available oklahoma one half estimate cost provide cooperative agreement nit tat geolog ical survey req ted entered state agencie under uch agreement fund defray program would ent moun klahoma federal government 
the present cooperative agreement united state geol ogical rvey division ater resource 
oklahoma planning resource board respect surface water oklahoma geologic survey respect ground water 
item biennium include budget division water resource oklahoma plan resource board inaljguration investigation quality surface water oklahoma cooperation united state geological survey 
hom conn tion mun icipal 
pli ower iodu try irrigation 
new indu tric bli hed proc natur re ing 
man ter ult 
ary ult tion 
info ation ntity ilability quality 
thi ompllhe observation 
ram cont inued 
xpan imme 
pro ide tna rion 10d tion ition 
ion nti area tribut tream valuable 
nlar rog hould pro 
earli po ibl dat rder 
pert ent ata info ion 
hene nee hall 
ion benefit project 
decemb united tat geological survey operat 
okli toma gaugi tation ddition corp ineers 
ting gau ing tions vhi sta discharge 
ing incd 
the uni ted state geologi sur additio 
collect com utin publishing record dischar tation 
review publishes record discharge obtain compute 
thu record discharge collect two 
rga nizati0n make available interested rtie 
ater upply per united state geological survey 
ult pro ram date 
stream ram prior radic prac 
tica lly tream flow record collect duri period fragmen 
tary continuou 
plan progres ive program 
latedlv rted 
close one continuous stream flow 
ord ion yea red river near colbert 
tabli hed october 
decen tber state okla 
homa ell embark upon much long deferred program 
stream gauging must cont inuously improve expand 
fujjest development wise administration make water 
stream gauge program corp engineer 
connection flood control navigation stud y construc 
tion program carry corps engineer operation many 
exist aug station state finan ced largely conduct 
when program complete stream 
jging work corp engineer although general interest 
may orp 
ituation tate 
uld lude tiv tllose tmg tions 
mtght otherwi ontinu ords 
lmport1ulce ontinuicy length meal coverage eoords 
ontinuity length iullong important char teri tic 
two imp qualtties omp hed 
timntes tee flow whi 
bor ieom itation ail 
bje rag 
ntary tion 
itation ord 
rio rior drie wit ult 
runo probably les sub equ 
ords stream 
mil pra tical nonexjst 
long ontinuou ords rea need use 
ign ration 
tee uppli proj irrigation 
tbe atisfa tor ubstitute tual stream flow rec 
hat thi deficiency ter eventually cau 
entireiy conj ctural might asily far entire cost 
dequute program tre ugi 
rth ooomic velopm nt homa alrea delayed 
ttendant benefit lose 
alaries cost maintenance operation continuously ris 
ing fter equipment deter 
ior oon rcpl mor charge measurement 
ded nnually gauge tations 
oklahom cannot afford 
stream gauge pro ram con equently rovision must make 
provide additional fund continuation present program 
well normal healthy growth expansion 
eed information redtt rion loss storage 
the flow tream oklahoma erratic throughout season 
year torage generally provide catch flood runoff 
later need 
the deposition ilt eva poration water 
torage ervoirs whether stock tank large reservoir 
devote use irrigation power industry municipal water upply flood 
control pt1rposes take tremendou toll year reservoir 
capacity store water 
they may actually render shajjow re 
ervoirs practically valueless 
stud y undertake determine 
method reliable evaluation evaporation loss perhaps 
relation evaporation sta ndard weather bureau evaporation 
actual evaporation water surface 
information obtain 
would result maklng good provision min imizing loss 
liable ter upplies would sure even unf vor condition 
information maximum imum ched noteworthy flood ilnble ient tion velopm bove probable reach flood water 
knowl mean avert inc lculable loss property rojects afely ide destructive flo ter 
thi inform tion avai lable exten ively ine oth 
niz tions evaluation bene flood ontrol 
ater from channel 
canadian river taloga newcastle 
river woodward reno 
hom avail ble record indicate much water 
loss valuable water natural artifi 
han imilar condition might avert result accumu 
tion knowled cause loss 
record treruns near tate boundary safeguard right oklahoma uch urfa water available oklahoma riginates state 
vailability quality supply may adversely influence chan state use water exercise right oklahoma control 
change use domestic agricultural commercial industrial accompany development upstream state may decrease materially pplies water receive state 
pollutin may change quality water render unfit man use also habitat fish 
therefore record quant ities quality water principal stream enter leave state hould include program order obtain information trend change water receive outside source change oklahoma may make water flow across state 
such information especially useful safeguard right oklahoma interstate stream 
comprehensive program summary estimate annual cost continue present stream gauge program enlarge program remedy apparent deficiency surface water fact oklahoma present table exist gauge station list table propose uging station table 
the location exist propose stream gauge station show accompany map figure 
jadmated annual cola comp cbeasive surface water plognm 
lbrdulive osram corpa 
annual ajit 
continued operation gauge station indudin 
partial cost operation gauge station furnish 
corp bngineen ···········- ··- ··········-···············-·-··-················--·-··-' 
see pigwe location table list 
establishment ove period year operation construction new gauge station critical point critical area 
see figure location table list 
year equipm coost tioo operadoo tocal 1st 
investigation evaporation lake surface 
investigation loss sfrom channel ···-···················-·············--·---··· 
total annual cost partial program ···························-··········-$ present p1ognm corp efl8ineers full cost operation gauge station see figure location partial cost operation gauge station total annual cost full program 
ltimated aooua1 ooscs state oklahoma moperative asreemeat program united staces geological survey 
partial program exclusive program corp engineer ................!·-··- ··-' pull program induding support corps engineer ..........·-··-··-$ 
table exisdng suam gaugina scatioas oklahoma arkan river basin 
arkansas river tuls 
arkans river near kosee 
atkao river alva •). 
fork arkan 
river near cherokee 
salt fork arkan near jet 
fork rkan river tonkawa 
chikaskia river blackwell 
black bear creek pawnee 
ranch creek near qeveland 
cim river near boise 
cimarron near mocane 
cim rron river ynoka 
marr river guthrie 
imarron perkins 
cim river oilton 
cima rive mannf 
crook creek near nye kansa 
cou ncil creek near tillwater 
polecat creek near heyburn 
verdi ri river near lenapah 
verdigris river near sageeyah 
verdigris rive near claremore 
verdigris river near inola 
caney river nea hulah 
cane river near bartlesville 
little caney river near copan 
bird creek pawhuska 
bird creek nea sperry hominy creek near skiatook 
neo river near commerce 
neo river near langley 
neosh river near choteau 
neosho river near wagoner 
spring river near quapaw 
elk river near tiff city 
ulinoi river near tahlequah 
illinois river near gore 
dirty creek near warner 
canadian river nea bridgeport 
canadian river near newcastle 
canadian river calvin 
canadian river near whitefield 
little river near tecumseh 
little river near sasakwa 
gaines creek near krebs 
table coodduecl allkansas river basin 
north canadian ver near guymoa 
north canadian river near ver 
north canadian rivej near port supply •)(). 
north canadian river woodward rrh north can dian reno orth can diu rjver oear oklahoma city 
north nadi river near wetumka 
coldw ter creek neu hardesty 
wolf creek ttuck 
wolf creek near fargo wolf creek near fort supply 
deep fork near beggs 
deep fork near yar 
salli creek near sallisaw 
pote river near ter 
poteau river potea 
fourche maline near red oak 
red river 
red river near terral red river near gain ill texas red river near colbert river arthur cit tex 
salt ford red river mangum 
north fork red river near carter 
north pork red river near headrick 
elm fork north fork red river near apm 
cache creek near lters 
washita river near cheyenne 
ashita river near clinton 
washita river carnegie 
washita river near tabler 
hita river near pauls lley 
hita river durwood 
pond creek near port cobb 
rush creek near purdy 
caddo creek near ardmore 
blue river near blue 
muddy boggy creek near parris 
c1ear boggy creek near caney 
kiamichi river near belzoni 
little river near idabel 
mountain fork river near eaajetowa 
operate corp engineer 
table propose addidoaal str scadoos oklaboml 
allkansas iuv bjl basin 
lead lock creek 
lled llock 
cimarron lli 
buffalo creek salt spriaas 
eaaje alief creek alioe 
tlukey creek heonasey 
kin fisher creek kiaafw 
cottonwood creek 
ephraim creek lovell 
bi cabin creek ketchum 
spavioa creek spavinaw 
pryor creek pryor 
spring creek murphy 
lllioois river atts 
barren pork eldon 
george pork warner 
deer creek hydro 
clear creek beaver 
kiowa creek logan 
clear creek may 
wewoka creek wewoka 
deep pork stroud 
brazi milton 
red rjver basin 
elk river hobart 
ott creek headrick 
west cache creek lten 
deep red run randlett 
beaver reek nellie 
mud creek atlee 
bamit creek arapaho 
rainy mountain creek mountain view 
saddle mountain creek cameaie 
little washita river niddeb 
little river wright city 
ground water ground water utilized part oklahoma municipal agricuj 
industrial stock raisir purpose 
ground water available state source water part western oklahoma 
throughout tate practically rural population depend ground ter reservoirs supply water need 
however althou areal exten quantity round water available various us definitely limited quality varies considerably aquifer aquifer within aquifer elf 
postwar expansion orderly proper development water resource must undert ken assure oklahoma maximum develo ment future growth nation 
part undertake devdopment ground water resou rces pre iicated thorough knowledge occurrence behavior water gre underground reservoir underlie state 
review program date 
oklahoma deficient knowledge ground water area state although eed knowledge recognize even statehood 
prof gould professor geology university oklahoma associate united state geological survey later establish direct oklahoma geological survey 
report prepare water resource oklahoma territory publish 
this general report base reconnaissance survey information exist still useful 
however deep aquifer tap much later improv ments drill equipment make deeper well possible good pump make high lift practicable 
period several short report deal ground water scatte red locality publish mention make ground water report deal primarily topic 
geology water resouras oklahoma geolosic survey 
seibeothal mineral re10urces northeastern oklahoma geolo icu survey biih 
philijps alvord 1linpley lleport mayor boud commisiioners oklahoma city imprond water jllpjtly city 
origin zinc lea deposit joplin region geoloaical bull 
sch wemaaon 
pground water jniptioo vicinity eold oklahoma 
geo joracal suffty 
sclnrm nekn 
ground water irrigation vicinity north podc canadian iuyer near oklahoma city oklahoma 
geolo ical surrey 
c5d tbom 
ground water ltriptioo near glse 
eius county oklahoma 
caj surft 
oob llmick 
add itional ground water supply city enid oklahoma geo lotial saner 
report publi tion 
oklahoma ricultural mech ollege otto smith robert oott warkentin publish entitle the chemical analyse water oklahoma 
this teport include discussion geology ground water oklahoma dott 
present cooperation oklahoma geological survey united tate geolo survey initi ted intensive investigation round water resour oklahoma panhandle start 
figur show tion area investigate cooperative progr the work texas cimarron county complete report thes two panhandle cour tie schoff publish bulletin oklahom geological survey 
field work beaver county practically complete write report postpone schoff turns military service ground water expert 
meantime note short summary ground water condition county file office unite state geological survey norman available use answer inquirie cone rning groundwater problem beaver county 
field work imilar investigation ground water resource alluvial formation underlie north canadian river valley oklahoma nadian county garber sandstone wellington formation permian age oklahom cleveland county ordovician rock northeastern oklahoma complete progress information obtain available norman 
addition fragmentary information concern locality different part state obtain connection answerin inquiry local ground water problem also file orman 
thu meager start make obtain vast amount ground water data nece basis understand develop potentiality important natural resource 
remain investigate main water ring formation state nelagoney vamoosa formation east central oklahoma whitehorse sandstone west central oklahoma trinity sand southeastern oklahoma clear fork wichita formation cover southwestern section terrace deposit scatter western half state alluvium major river valley 
addition many minor aquifer yield large amount water nevertheless important area underlie 
among boone limestone scb 
losy ground water resource teas county 
oklahoma oklahoma geo loaiaj suney bull 
geo o11 grind water resource cimarron county 
oklahoma olclahoiiui saney lhall 
-·-· ·--· ---·-· ::::~·-·! 
-·-· tjri 
•.,./' '-· 
lcjo alta cel cat 
•~..~ ...•...•, ,.•.-......,........................ -·; 
·..~. .:.:.·. 
northeastetn oklahoma chelsea sandstone lentil cherokee formatioo near clatem seminole coajlomente oear tuba sialpaoa aroup pontotoc sroup arbuckle moudtain resion formation atbuck sroups f1aab wichita 
arbuckle mountain allu ium minor stream 
comprebeosive piopml comprehen ive prosram obtain lackina information coli int ive tudies report currence behavior ground ter major aquifecs enumerate abo follow similar study county county throughout state 
the minor aquifer would interpret county report might prove feasible issue groundwater report series oklahoma geological survey bulletin geology miner ources individual county 
comprehensive ground water dat include propose report economic geology oklahoma 
thorough investig tion water aquifer ground tee csources specific area consist several phase 
the geology area must tudied thoroughly geology outcrop structure str tigraphy aquifer composition rock relation ability transmit water 
this call geologic map field laboratory analysis wate bearing material include sie test determine percentage grain size collect correlate well log work geologic problem related particular aquifer area inventory exist well must make estimate must make total present past pumpage aquifer 
observation well program must set determine shape fluc tuation water table piezometric surface 
this consist series well whose water level register automatic water stage recorder measure periodically 
sample water various well area must collect analyzed determine quality water available 
the quality may vary laterally depth 
field pump test laboratory permeability test make determine ability aquifer transmit water 
from test proper pumpase rate proper well space compute overall safe yield aquifer determine 
test drill electric logging 
geophysical exploration need determine occurrence depth different aquifer relation intake area presence fault barrier flow ground water 
report must pretn red lishe 
statewide obserfttion wed program establish soon possible start obtain long term record fluctuati water table 
piezometric sud various ground water reservoir 
the value long telm record analyze potentiality ground water supply demonstrate time 
the long continuous record aftilable stillwater reek payne county establish 
the handle program start north canadian river valley program canadi county program cleveland jahom county program 
the well program measure vary interval norma office staff united state cologi sunrey local observer 
the accompany map 
bow loc tion pre ent observation well indicate large portion state cover program 
order cover state adequately key obser tion well need addition present well 
several thes well ould equip water stage order ive ontinuou ord 
weekly measurement ufficient 
addition considerable number observation well eded vily pump area 
abandon well often utilized observation well eventually program base considerable extent well drill specifically program 
pollution contamination ground water pollution ground water oil field brine industrial waste contamination natural cause use problem various area state long time 
with increase industrialization oklahoma onable expect problem increase 
the proper solution pre ent problem revention future one necessitates thorough knowledge occurrence behavior ground water 
case intell ent application physical law govern movement ground water sufficient eliminate possible cause such pollution contamination other special investigation make 
these special investigation may call considerable field continuou sample program determine progression poll ted water various method determine source movem tbt pollute water 
for example salt water oil well may progress surface may come abandon oil well repressuring operation hrough porous subsurface stratum 
number sample collect area might easily 
determine origin first case mention origin second third cue would difficult determine 
jji ~§. cij 
-·- ·-·-·\·-- 
-.-..·.-..-- -·!-· 
·../'· •·-'\. 
veral area semi arid western part state relatively humid eastern lack inf dry summer month bad force rketing vegetable fruit time price extremely low 
vel pment irrigation ground water oklahoma depend adequate knowledge occurrence quantity quality ground vater 
special projecfs yting ground ter problem loss anspiration plant aod evaporation import 
not enough known loss work desirable 
similarly channel ses tretche north canadian aod canadian river constitute problem involve surface water ground ter 
it olution depend knowledge discharge stream underflow geology vaijey 
total annual cost annual cost oklahoma 
estimate annual cost continue comprehensive grouodwater program embody factor discuss herein continuation present program expansion aquifer program observation well special project ········································:········································- chemical analysis ground water test drilling log well geophysical exploration total ·····-·-···························-·············································-···$ expand present cooperative set oklal oma geoiogi survey united state geological survey federal government ill essentially match state fund dollar dollar cost state oklahoma comprehensive ground water program describe herein would per aooum 
quajjty water record tbc chemical character surface sround aters throu oklahoma need becaus extent industrial development oklahoma limit large measure adequacy water upplies suitable chemical quality 
the quaotitie dissolve suspended matter affect ful ter almost every line manufa ring 
some industry rigid requirement chemica 
quality ater industry 
tho requirement may meet natural water treatment local wat uir ply good quality cannot always ined ite consider plant 
the nalyses make united state geological survey plan show quantity 
uspcnded dissolve mat nal determine fitness ter industrial agricultural use domestic use affe constituent without reference sanitary problem 
quality water investigation however much mere make routine analysis establish standard method 
sound plan sample program necessary insure complete continue record phase investigation 
careful scrutiny analysis need determine accuracy instance decide upon thf validity sample 
careful compilation correlation analytical data require publication 
the chemical ity surface ground water throughout oklahoma consider general aspect studie already complete 
the quality water stream differs widely throug hout oklahom1 due cot natural condition also pollution oil field brine sewage mine waste industrial effluent 
pollution may extreme case make water unfit puq ose ordinary us also habitat fish life 
highly mineralized water affect specific locality pouution occur may also adversely affect quality water downstream user even though mile away 
the ground water state continue use industrial municipal supply weu irrigation 
the ground water may differ widely chemical character 
follow page outline comprehensive program study chemical composition water throughout oklahoma 
quality surface water thez quality surface water oklahoma 
some information chemical composition water red river nadian river basin obtain united state bureau recla tion 
point however information consist analyse spot sample scatter throughout year 
ana lyses surface water ints throughout state compile smith the united tat geological urvey currently make analysis spot sample numerous point composite amples collect daily six tion ream oklahoma terminates december 
while analysis ive rough idea quality water data fragmen general significance 
there tematic continue pro ram obtain quality water data urfa ters oklahoma 
the lytic urf tream oklahoma vary widely chemical omp jsition 
there stream moderate size tate whi headwater low reach fairly uniform concentration time constant time time 
river water light different time much ifty per cent less verage one hundred per cent average amount disolve matter 
full ideration must iven variation campo ion toragc provide pecially industry use water every year 
orne surface water upplies poor ality many time year available record way show variation chemical compo ition river water throughout year 
stre samp les collect every day year furnish basis evaluate relative effect highly mineralize low flow much well water available durin follow flood 
knowledge qua lity rface water may expect throughout year year depend sample program covering year 
analysis spot sample stream may mislead take basis choice source industrial water supply 
for water rry large amount soluble salt affect mineral matter extraneous source oil well return water irrigation industrial waste much ten year study require 
consequently usually insufficient time obtain reliable quality water information investigation beruj need arises 
unpublished data 
pile butau lledamation oklahoma city okla 
tht chemical analysb water oklahoma oklahoma 
sample analysis ten day composites general yield wed accurate prediction give industrial value mation desire 
with sample prosram daily variation may impound water would available project 
concentration mineral matter solution varies amount water flow stream necessary adequate stream flow record obta mplin tion 
the quality surface water generally improve follow heavy rain large volume water carry stream 
because flood flow ter large lake usually better ality ould find low flow tributary stream 
thus mount rainfall surf runoff whi often vary widely year year terially affect average chemical omposition water stream 
correlation chemical quality water rate discharge year study apply discharge kes ible indicate whether period study representative average condition also something extreme rage ompositions might 
generally obtain reliable figure oncentration record daily sample many year may nece ary 
for comprehensive investigation indu ial quality surface water oklahoma propose make chemical ane 
y composite daily sample point year stream gauge station record discharge available 
the station would select operated main stem major river throughout state determine fitness water industrial use many tributary daj sample point contemplate initial study 
arkansas river arkansas city kua 
arkansas river tulsa arkansas river van bureo ark 
verdigris river near sageeyah neosho grand river near wagoner 11jinois river near gore 
washita river near durwood canadian river near whitefield poteau river poteau deep pork near dewar washita river near clinton north canadian river canton 
sample point would continue adequate analytical treams may necessary determine proportion total load 
contribute tribut ary specific reach river 
the following 
record obtain probably several year 
then sample point 
would select basis exist data current need quality 
water data stream point stream 
the following list supplementary sampling station also locate 
stream gauging station would desirable well round study 
chemical character surface water throughol state 
sprina lliver oca apaw little lliycr oear bel neosho lli ocar coaudeju klamichi liver near belzooi canadian liver near bridacport caoadian llivcr calvin north canadian river near wetumka 
north fork red lliv ocar headrick ide dog town fork red river near estdlioe texas cimuroo river mannford cimarron near wayoob cimuron river ncar guthrie salt fork arkansas river tonkawa 
analysis would make sample collect less frequently 
point tream 
adequ ord water temperature would 
obtain sampling station 
the estimated cost program 
include operation sample station group year 
analyze sample prepare analytica data publication would 
per annum group group 
addition provide information possibility industrial 
use water extent character stream pollution highly min 
eralized wat natural salt sprin streams oil field industrial 
waste wage ptn evaluate program 
sample program important pollution abatement standpoint 
sonal annual load dissolve salt calculate area 
major salt contribution stream could determine 
the analyse would 
provide valuable store information future development 
water supply municipality irrigati 
three sample station vere establish september connec 
tion preliminary survey water available industrial us 
fun allot maintain station rough december 
record obtain station necessary 
commence sound quality water program would desirable pre 
serve continuity record 
estimate additional 
contribution state together equal allotment unite state 
geological survey would ample carry work end current 
fiscal year pending initiation comprehensive quality water program 
the comprehensive systematic measurement silt carry stream 
oklahoma integral part well round study industrial utility 
water supply stat 
considerable information sediment 
load gather corps engineers5 stream throughout 
state connection study silt river bed influence 
navigability stream effect large quantity silt re 
ervoir capacity 
however silt sample generally take occasion 
ally data inadequate particularly flood flow 
tremendous quantity sediment transport 
determine sediment load basis sample year 
eers office tulsa okla deftisoo tau 
pend tttl ppre ble mount 
fte use ulness water industrial well domesti purpose 
important factor desi operation pur ication tems 
nsideration must give quantity suspend matter stream determine whether 
dustry find possible use sour water supply 
larae quantitie ilt carry many stream oklahoma reate problem maintenance irria tion canal structure also fiu reservoir space 
need con erv tion flood ontrol 
consequently additional quantitative data sediment loads many stream oklahoma essential 
sound planning development industrial ter supply 
the collec tion ampl rom tre flow ugtng statiocs would desirablt omprehensive program measurement sediment load klahoma 
each sample station continue long period 
necess adequate record quantity suspend atter carry stream point 
data sediment load would desirable 
many hemic observation station 
the need dem nd silt pro pective ervoir ites immediate consideration wiu influen selection sample point inves 
tigation initiate the amples would ollected one three time 
daily station depend chara teristi stream 
discharge time sample 
analysis sample total sediment content would make chemical analysis representative 
number sample would also make 
the estimate cost operate sediment station purchase equipment analysis sample prepare 
data publication would per year 
quality ground water ground water state continue use extensively industrial purpose domestic public water supply 
trrt tion stock purpo 
compo ition ground aters bear relation 
rock formation cur knowledge composition value trace ources underground water 
knowledge chemical compositioo water inte 
part general investigation ground water condition oklahoma 
the ampling program closely ordinated study geology ground water resource contemplate united state geo logical 
the extent cost study quality underground would proportional contingent upon fund provide 
study grind water resource oklahoma 
some data compile chemicai composition underground water oklahoma though anal s cover smaji area 
unpubushed data 
geological surw norman oklaboaaa 
scatte red throughout state 
ter wejl urveys arc need many area oklahoma important supply grind water arc know exist 
some ble ter formation furnish generai picture quality table ground water oklahoma 
however half county quality water information 
cidedly inadequate five county even single analysis well ater for comprehen ivc stud chemi 
hara round ter oklahoma would desirable complete analysis sample well fully representative coverage 
ground water inferior qua jty exp lore inten ive extensive sampling asc rtai hemi water whatever purpose inten ely developed area would sirable elect key well amples would take periodicajly chemical han hemi character water ult ive withdrawal underground re rvoirs 
appreciable quantitie fluoride many public domestic water supply orted ahoma tate health department excessive quantity fluoride make water undesirable even unsatisfactory orne domestic us hence would appear desirable make investi ation occurrence constituent well water throughout oklah rna 
boron mall qua nti tie irri tion water may injure crop unle precautionary measure take 
boron apprecia quantitie erved many ground aters oklahoma supply receiv critical examination constituent develop irrigation 
the damage ground water supply contamination oil field brine refinery waste mine seepage waste receive critical 
dome indu rial ater upplies preserve abatement pollution subsurface reservoirs well surface stream necessary 
observation well select systematrc program sampling analysis continue long period necessary obtain require lata 
some well require year observation 
cooperation expect oil company operate oklahoma contiguous state 
thorough study would provide reliable data 
would contribute toward avoidance litigation towards prevention contamination well water supply 
industrial utility public water supply the quality water use many public supply reporteg smith 
more ailed information dditional complete analysis need orne 
ire rep rted 
any report chemical character municipal water supply prepare expectation wijl tim time change ources treatment suppli tlke 
ompr publi plie may prepare cover portion state considerable detail year foo period year 
the preparation adequate report chemical character public ter upplie tate might cost year period three five yean 
total annual cost and annual cost oklahoma 
estimate annual cost comprehensive quality water pre gram discuss herein 
quality surface water comprehensive program sediment load 
quality ground water include ground water program 
industrial utility public water supply comprehensive progressive report 
total annual cost continuation present program 
start comprehensive progt ull estimate annual cost state oklahoma cooperative agreement ith united state geological survey survey oklahoma half program first year annually thereafter 
water uiuization the program united state geological survey include analytical intel ptetative study water fact inaease utility assure program shall meet need adequately possible essential feature compil tion water information particularly critical event flood drou hts form suit convenient effective use water problem 
statistical record often require supplemental analysis order reveal significance 
the form analysis depend largely nature problem hand find certain kind analysis enter nearly every water supply problem 
indeed availability analysis may encourage hold wise limit case may propose pro whi involves water utilization 
denciencies hydrologic earch publish national resource plan board describe great number need investigation singular bear awface water hydrology oklahoma 
mud1 round work need do preliminary tre tments plan 
the general type study undertake 
ati tical inventor 
addit statistical analysis great many fact regard water resource gain preparation quantitative hydrologic inventory 
such study consider water stream one phase cycle contain intimately related phase factor include preipitation interception vegetation infiltration soil moisture runoff urface ground source surface ground storage evaporation tra nspiration vegetation 
the information develop useful many kind water problem particu larly administration land use conservation problem flood control 
moreover serve basis estimate tream flow area stream gauge station record available supplementary method combination rainfall record synthesi extension stream flow record especially critic drought flood period 
some problem advantageously investigate study assembly compilation usable form basic information publish annually water supply paper 
these compilation would save individual user much labor time consume prepare similar compilation use individual problem 
assembly compilation record maximum stage discharge occur oklahoma adjacent state 
these data essential design spillway channel etc use location project maximum flood level 
preparation draioag basin areal report hydrolog area give factual dat interpretative study quality quantity surface grouod water resource area 
the type report contemplate would simil issued oklahoma geo 
logical survey beaver cimarron county broader scope cover aspects quantity occurrence quality surface ground ter supply 
lnve1tigations report water loss reach various stream 
relation rainfall runoff effect antecedent inf relation 
study would provide eful relation extend short term stream flow record oklahoma past 
average monthly water loss relate antecedent current precipitation 
the result study would useful compute early precipitation record supply water need storage irrigation purpose critical period antedate adequate stream flow record 
run yield may expect individual storm 
this knowledge would extremely useful estimate frequency amount water supply available small storage project especially western oklahoma practically sustain runoff water store must catch individual storm 
evaporation 1osses open water surface reservoirs 
error assumption amount los might seriously cripple efficiency effectiveness reservoir 
investigation report reliable water supply stock use 
such infocmation would assist selection site favorable obtain reliable supply water improve design construction practice view minimize many loss evaporation seepage etc may render supply practicaljy valueless 
confidently believe annual investment ally stud investigation report would yield dividend saving peo oklai1oma man time sum 
under cooperative agreement tbe jnited state geological survey annual cost oklahoma would 
topographic map only small portion state oklahoma cover adequate map need water resource iovestiptioos selection site reservoirs dam ing station 
examination geologic structure rei ted ground water occurrence 
determination drainage area slop streams many purpose 
the lack tisfactory map distinct handicap many investigation united state geological survey corp engineer eau reclamation many federal tate gencies 
sugg program topogr phic mapping inaugur provide essential map information carry forward investigation economic study upon future development state source dependent 
think program mappang sufi iciently large provide map select area rate commensurate anticipate progress engineering economic development 
the cost topographic mapping state would one half actual total cost map project undertaken cooperation unite state geological survey authorize match state offering dollar dollar basis provide topographic survey design result map fcjr publication scale pproximately one inch mile one inch equal onehalf mile 
subject appropriation federal fund purpose geological survey match anj offer state cooperative topographic survey 
however think annual offering state oklahoma less assure orderly economical program provide essential map information rate serve urgent requirement 
state total amount available annually topographic map would increase two time annual offering state equal offering federal fund appropriation geological survey undertaken cooperative project 
approximately two third topographic mapping consider adequate quality present requirement result survey carry early year 
cooperation territorial survey commission state geological survey state highway commission 
cooperation state highway commission authorize state house biu 
approve governor march 
