text accompany open file report coal resource occurrence map and coal development potential map the southwest quarter the bloomfield minute quadrangle san juan county new mexico report include plate dames moore this report edit conformity geological survey editorial standard stratigraphic nomenclature 
content introduction purpose location accessibility physiography climate land status general geology previous work geologic history stratigraphy structure coal geology fruitland coal bed chemical analysis fruitland coal bed fruitland zone coal bed chemical analysis fruitland zone coal bed fruitland coal zone chemical analysis fruitland zone coal bed coal resource coal development potential development potential surface mining method development potential subsurface mining method reference 
content plat coal resource occurrence map plate 
coal data map 
boundary coal data map 
coal data sheet 
isopach map fruitland coal bed 
structure contour map fruitland coal bed 
isopach map overburden fruitland coal bed 
areal distribution identify resource fruitland coal bed 
isopach map fruitland zone coal bed 
structure contour map fruitland zone coal bed 
isopach map overburden fruitland zone coal bed 
areal distribution identify resource fruitland zone coal bed 
isopach map total coal fruitland coal zone 
structure contour map fruitland coal zone 
isopach map overburden interburden fruitland coal zone coal development potential map 
subsurface mining method 
content table table 
analysis coal sample fruitland formation 
coal resource data underground mining method federal coal land short ton southwest quarter bloomfield minute quadrangle san juan county new mexico 
southwest quarter the bloomfield minute quadrangle introduction purpose this text use conjunction coal resource occurrence cro map coal development potential cdp map southwest quarter bloomfield minute quadrangle san juan county new mexico 
these map compile provide systematic coal resource inventory federal coal land know recoverable coal resource area krcra western united state 
the work perform contract conservation division geological survey contract 
the resource information gather program response federal coal lease amendment act part geological survey coal program 
the information provide basic data coal resource land use planning purpose bureau land management state local government public 
location the southwest quarter bloomfield minute quadrangle locate northeastern san juan county new mexico 
the area approximately mile southeast farmington mile northeast gallup new mexico 
accessibility the area accessible state route extend across southeastern corner quadrangle connects state route bloomfield road mile north 
several light duty road numerous unimproved dirt road provide access remainder area 
the atchison topeka santa railway operate route extends southeast southwest gallup new mexico 
physiography the quadrangle locate central basin area kelley structural depression know san juan basin 
total relief area elevation range bottom kutz canyon north southeastern plain 
northwest state route gentle westsloping plain characteristic central basin deeply dissect kutz canyon tributary stream 
intermittent stream incise drain kutz canyon 
climate the climate san juan basin arid semi arid 
annual precipitation usually less inches slight variation across basin due elevational difference 
rainfall rare early summer winter precipitation receive july 
august intense afternoon thundershower 
annual temperature basin range 
snowfall occur november april average inch southern part basin 
land status the quadrangle central part san juan basin know recoverable coal resource area 
the federal government own coal right approximately percent krcra land within quadrangle show plate coal resource occurrence map 
federal coal lease occur quadrangle 
general geology previous work reeside map surficial geology quadrangle part study upper cretaceous tertiary formation san juan basin 
more recently fassett hind make subsurface interpretation fruitland formation coal occurrence part large san juan basin coal study 
geologic history the san juan basin area classic transgress regressive sedimentation provide ideal environment formation coal 
late cretaceous time 
time shallow epeiric sea trend northwest southeast northeast basin 
the sea transgress southwesterly basin area regress northeasterly numerous time consequently sediment vary environment deposit across basin 
noncarbonaceous terrestrial deposition predominate paleocene eocene time 
deposit evidence final retreat late cretaceous sea nearshore regressive pictured cliff sandstone 
southwest shoreward beach deposit swamp dissect stream accumulate organic matter later become coal fruitland formation 
deposition organic material influence strandline show continuity coal bed parallel northwest southeast strandline discontinuity perpendicular northeast 
the less continuous fruitland coal appear noncorrelative stratigraphically equivalent term relative position within fruitland formation 
the brackish water swamp environment fruitland move northeast area regression continue direction 
terrestrial freshwater sediment cover quadrangle indicated lacustrine channel floodplain deposit kirtland shale 
this sequence event evidence upward decrease occurrence thickness fruitland coal gradational change noncarbonaceous deposit kirtland 
continuous deposition late cretaceous time end kirtland 
the sea retreat northeast beyond limit quadrangle area modern basin structure begin develop 
erosion unconformity develop relatively short time part cretaceous kirtland shale remove 
terrestrial deposition resume paleocene represent ojo alamo sandstone overlie nacimiento formation 
alluvial plain floodplain deposit ojo alamo follow thick lithologically varied floodplain deposit nacimiento continuous nonmarine deposition powell 
the nacimiento later expose erosion 
the eocene san jose formation subsequently deposit nacimiento erosion surface reflect various nonmarine environment develop across basin 
deposition structural deformation basin cease warped stratum san juan basin expose present time 
significant amount erosion occur indicated removal san jose formation nacimiento formation area 
stratigraphy the formation study within quadrangle range late cretaceous paleocene age 
they order old youngest picture cliff sandstone fruitland formation kirtland shale ojo alamo sandstone nacimiento formation 
composite columnar section cro plate illustrate stratigraphic relationship formation accompany lithologic description individual formation 
the pictured cliff sandstone consist white cream slightly conglomeratic glauconitic sandstone interstitial clay commonly interbedded gray shale siltstone near base formation grade underlie lewis shale 
the upper 
contact sharply define basal contact 
intertonguing overlie fruitland formation occur throughout entire basin consequently minor fruitland coal commonly present upper portion 
since picture cliff sandstone present throughout basin display distinctive character geophysical log author use top lithologic datum correlation fruitland coal 
the fruitland formation major coal bear unit quadrangle 
average thickness consist gray carbonaceous shale plant fossil interbedded siltstone coal bed vary thickness 
the thick continuous coal bed occur near base formation discontinuous lenticular coal bed characteristic upper portion 
the upper contact gradational nonmarine lower coastal plain deposit fruitland upper coastal alluvial plain deposit kirtland shale molenaar 
many author use various criterion establish upper contact general purpose report uppermost coal choose fassett hind 
the freshwater deposit kirtland shale young cretaceous stratum area 
they average thickness consist gray shale interbedded white cream kaolinitic sandstone thin interbedded gray siltstone 
the formation previously divide several member various author however purpose report individual member differentiate 
unconformably overlie upper cretaceous stratum paleocene ojo alamo sandstone 
compose primarily white cream coarse grain conglomeratic sandstone 
the nacimiento formation gradationally overlie ojo alamo 
the basal portion nacimiento formation expose area consist predominantly gray green shale interbedded buff yellow sandstone gray siltstone 
structure the quadrangle locate central basin area kelley major structural depression know san juan basin 
the axis basin mile north quadrangle area near farmington new mexico trend arcuate pattern across northern portion central basin area baltz 
reeside state rock area nearly horizontal 
coal geology two coal bed fruitland fruitland zone coal zone fruitland identify subsurface quadrangle cro plate 
the fruitland coal bed define author lowermost coal fruitland formation generally directly picture cliff sandstone 
the remain coal fruitland formation designate fruitland coal zone zone extend top fruitland formation base lowermost coal designate cro plate fruitland zone coal bed 
these coal generally noncorrelative less reserve base thickness exception coal bed drill hole cro plate 
within fruitland zone locally thick accumulation coal designate author fruitland zone coal bed 
the fruitland zone present eastern half quadrangle 
fruitland formation coal central portion san juan basin consider high volatile bituminous rank 
the rank coal determine moist mineral matter free basis calorific value average btu per pound amer 
test material 
the coal hard brittle black bright luster 
the coal readily slake exposure weather however stock fairly well protect bauer reeside dane 
the received analysis indicate moisture content average percent ash content range percent sulfur content less one percent heating value order btu per pound 
analysis several fruitland formation coal give table fassett hind 
fruitland coal bed although fruitland coal bed correlate mapped consistent horizon lowermost coal fruitland formation may actually several different coal bed lithostratigraphically equivalent laterally continuous 
illustrated structure contour map cro plate coal bed dip less northeast 
due dip topography overburden cro plate varies less area kutz canyon great eastern edge quad 
table analysis coal sample fruitland formation form analysis receive moisture free moisture ash free 
bureau mine lab 
well other source 
locstion section 
sample analysis 
southwest production neh ted henderson 
southwest production nek26 cambell 
british americsn oil fuller ton 
aztec oil gas hank 
aztec oil gas cain 
sun ray mid continent gal lego 
convert btu multiply btu 
convert foot meter multiply foot 
proximate percent mois volatile fix ture matter carbon aah sulfur 
heat value btu 
the isopach map cro plate indicate coal bed great thick northeast southeastern part map 
the thickness decrease direction coal absent southwest portion quadrangle 
chemical analysis fruitland coal bed analyse several fruitland formation coal quadrangle surround area give table fassett hind 
fruitland zone coal bed the coal bed limit extent eastern half quadrangle 
the structure contour map cro plate indicate fruitland zone coal bed dip less northeast 
result topography dip overburden cro plate varies less along western edge map area great southeast 
the isopach map cro plate illustrate coal great thick east central portion map 
chemical analysis fruitland zone coal bed analyse several fruitland formation coal quadrangle surround area give table fassett hind 
fruitland coal zone the fruitland coal zone extend top fruitland formation base lowermost coal designate cro plate 
fruitland zone coal bed 
therefore structure contour map cro plate drawn use top fruitland formation show coal zone dip less northeast 
result dip topography overburden cro plate varies less kutz canyon area great southeast portion quadrangle 
cro plate also show total amount interburden noncoal bear portion fruitland coal zone 
the interburden value range zero great reflect stratigraphic spread coal within zone 
the isopach map cro plate show total thickness coal within fruitland zone 
the great cumulative thickness occur northwest coal total thick 
the thickness decrease direction fruitland zone coal present two area central part quadrangle portion east area north show cro plate 
chemical analysis fruitland zone coal bed analyse several fruitland formation coal quadrangle surround area give table fassett hind 
coal resource coal resource data oil gas well pertinent publication utilized construction isopach structure contour map coal quadrangle 
all coal study southwest quarter bloomfield minute quadrangle ground surface thus outcrop surface development potential 
the geological survey designate fruitland fruitland zone coal bed determination coal resource quadrangle 
coal fruitland zone evaluate discontinuous noncorrelative generally less reserve base thickness 
for reserve base reserve calculation coal bed areal divide measure indicated inferred resource category cro plate accord criterion establish geological survey bulletin 
data calculation reserve base reserve category obtain respective coal isopach cro plat areal distribution map cro plate coal bed 
the surface area isopached bed measure planimeter acre category multiply average isopached thickness coal bed short ton coal per acre foot ton hectaremeter conversion factor bituminous coal 
this yield reserve base coal short ton coal bed 
order calculate reserve recovery factor percent apply reserve base tonnage underground coal 
however area underground coal exceed thickness reserve mineable coal calculate basis maximum coal bed thickness represent maximum economically mineable thickness single coal bed area current underground mining technology 
reserve base reserve value measure indicate inferred category coal fruitland fruitland zone bed show cro plate respectively round near 
hundredth million short ton the total coal reserve base section show cro plate total approximately million short ton million metric ton 
the coal development potential bed calculate manner similar reserve base planimetered measurement acre area high moderate low potential subsurface mining method 
the southwest quarter bloomfield minute quadrangle development potential subsurface mining method cdp plate 
coal development potential coal bed thickness overlie overburden consider potential underground mining designate high moderate low development potential accord overburden thickness high moderate low 
table summarizes coal development potential short ton underground coal fruitland fruitland zone coal bed 
development potential surface mining method all coal study southwest quarter bloomfield 15minute quadrangle occur ground surface thus coal development potential surface mining method 
table coal resource data for underground mining method for federal coal land short ton the southwest quarter the bloomfield minute quadrangle san juan county new mexico convert short ton metric ton multiply 
coal beddevelopment potential development potential development potentialtotal 
fruitland zone 
development potential subsurface mining method underground coal fruitland coal bed moderate development potential quadrangle exception southeast quadrant cdp plate 
coal bed thickness range cro plate overburden thickness increase center area south east cro plate 
the fruitland zone coal bed moderate potential east northeast southeast coal bed thickness range cro plate overburden thickness varies approximately center quadrangle east central southeast 
area low potential occur northeast east central southern half southeast quadrant fruitland fruitland zone coal bed overlie overburden 
area fruitland coal bed range thickness fruitland zone bed thickness 
the northwest west central southwest part quadrangle area unknown development potential evaluate coal bed less reserve base thickness 
area coal development potential occurs southwest fruitland fruitland zone coal 
reference american soc 
test material gaseous fuel coal coke atmospheric analysis annual book astm standard part 
baltz stratigraphy regional tectonic implication part upper cretaceous tertiary rock east central san juan basin new mexico geol 
survey prof paper 
bauer reeside 
coal middle eastern part san juan county new mexico geol 
survey bull 
dane the ventana chacra mesa coal field 
geology fuel resource southern part san juan basin new mexico geol 
survey bull 
paso natural gas well log library farmington new mexico 
fassett hind geology fuel resource fruitland formation kirtland shale san juan basin new mexico colorado geol 
survey prof paper kelley regional structure san juan basin new mexico geol 
guidebook san juan basin new mexico colorado 1st field conf 
molenaar stratigraphy deposit history upper cretaceous rock san juan basin area new mexico colorado note economic resource new mexico geol 
guidebook san juan basin iii northwestern new mexico 28th field conf 
powell paleontology sedimentation kimbeto member ojo alamo sandstone fassett cretaceous tertiary rock southern colorado plateau memoir four corner geological society 
upper cretaceous tertiary formation western part san juan basin colorado new mexico geol 
survey prof paper 
bureau mine geological survey coal resource classification system bureau mine geological survey geol 
survey bull 
department interior fulcher basin kutz canyon area san juan county new mexico geol 
survey oil gas operation map roswell revise 
map portion san juan county new mexico geol 
survey oil gas operation map roswell revise 
