geological survey water resource division 
wrsic abstract 
potentiometric surface the southern maryland september 
curtin andreasen mack 
author originate office annapolis maryland 
date send 
potentiometric surface artesian aquifer coastal plain maryland well anne arundel county prince george county calvert county charles county marys county cone depression 
low patapsco aquifer 
ground water level 
type publication open file report 
this report present map show potentiometric surface 
low patapsco aquifer patapsco formation cretaceous age southern 
maryland september 
the map prepared water level 
measurement well 
the potentiometric surface foot sea 
level near northwestern boundary outcrop area aquifer 
topographically high area anne arundel county foot sea level 
similar set prince george county 
from high area 
potentiometric surface decline towards large well field crofton 
severndale arnold annapolis 
the ground water level decline foot 
sea level crofton foot sea level severndale foot 
sea level arnold foot sea level west annapolis 
there also cone depression cover large area include waldorf 
laplata indian head morgantown powerplant 
the ground water level 
low foot sea level waldorf foot sea level 
laplata foot sea level indian head foot sea 
level morgantown powerplant 
prepared cooperation with the maryund geo gical survey 
geological survey 
resource assessment service maryland department natural resource 
open file report 
outcrop area the low patapsco aquifer aquifer patapsco formation cretaceous age 
potentiometric contour show altitude water level would stand tightly case well dash approximately locate contour interval foot 
national geodetic vertical datum sea level 
well number altitude water level foot sea level 
symbol indicate average yield wed wed field gallon per day less gallon per day great town site location 
kilometer ase from usgs digital line graph 
for additional information write district chief geological survey yellow brick road baltimore maryland copy report purchase geological survey branch information service box denver colorado 
potentiometric surface the low patapsco aquifer southern maryland september stephen curtin david andreasen frederick mack 
