map structural feature part central kentucky douglas 
black the accompany map compile publish unpublished geologic quadrangle map prepare cooperative geologic mapping program kentucky geological survey geological survey 
structure contour source map draw one stratigraphic horizon contour draw top tyrone limestone middle ordovician convert horizon map 
publish report follow author use compilation black cressman greene 1966a kanizay cressman macquown 1968a macquown dobrovolny miller pomeroy simmons weir wolcott 
several unpublished source map make author list other prepare allingham harris shaw wigley 
survey report aport eliminr edit rev ormlty anrds 
reference cite black geology versailles quadrangle kentucky geol 
survey geol 
geologic map coletown quadrangle east central kentucky geol 
survey geol 
geologic map ford quadrangle central kentucky geol 
survey geol 
cressman geology tyrone quadrangle kentucky geol 
survey geol 
geologic map keen quadrangle central kentucky geol 
survey geol 
geologic map georgetown quadrangle scott fayette county kentucky geol 
survey geol 
geologic map salvisa quadrangle central kentucky geol 
survey geol 
greene geologic map kirksville quadrangle garrard madison county kentucky geol 
survey geol 
1966a geologic map valley view quadrangle central kentucky geol 
survey geol 
1966b geologic map richmond south quadrangle madison county kentucky geol 
survey geol 
kanizay cressman geologic map centerville quadrangle central kentucky geol 
survey geol 
macquown 1968a geologic map clintonville quadrangle central kentucky geol 
survey geol 
1968b geologic map nicholasville quadrangle jessamine fayette county kentucky geol 
survey geol 
macquown dobrovolny ernest geologic map lexington east quadrangle fayette bourbon county kentucky geol 
survey geol 
miller geologic map lexington west quadrangle fayette scott county kentucky geol 
survey geol 
pomeroy geologic map frankfort east quadrangle franklin woodford counties kentucky geol 
survey geol 
simmons geologic map richmond north quadrangle madison fayette county kentucky geol 
survey geol 
weir geologic map berea quadrangle east central kentucky geol 
survey geol 
geologic map paint lick quadrangle east central kentucky geol 
survey geol 
wolcott geologic map little hickman quadrangle central kentucky geol 
survey geol 
