united state department interior geological survey summary deep oil gas well reservoirs 
baird wise1 
open file report 
this report preliminary review conformity geological survey editorial standard stratigraphic nomenclature any use trade name descriptive use imply endorsement geological survey 
denver colorado reston virginia 
ab rac 
data management 
data analysis 
the ten deepest well order decrease total depth total well drill deep depth base final well completion class 
total deep produce well produce depth base final completion class 
total well drill deep depth base year completion 
total deep produce well gas produce well produce depth base year completion 
total well drill deep depth base region 
total deep produce well gas produce well produce region province depth 
total drill foot average total depth state base lithology deep oil produce well produce 
total drill foot average total depth state base lithology deep gas produce well produce 
total drill foot average total depth state 
base lithology deep gas condensate 
produce well produce 
content continue 
total drill foot average total depth state base lithology deep oil produce well multiple produce horizon produce 
total drill foot average total depth state base lithology deep gas produce veil multiple produce horizon produce 
total drill foot average total depth state base lithology deep gas condensate produce well multiple produce horizon produce j32 
total drill foot average total depth state base lithology deep oil gas produce well produce 
summary data deep field reservoir cumulative production state reservoir field average depth production great foot 
field reservoir names discovery date produce formation location large old gas field average depth production great foot 
deep oil and gas well and reservoirs the united state from the well history control system and petroleum data system 
obuch baird 
wise abstract deep well hydrocarbon production widely distribute rock various age lithology 
sixteen thousand six hundred fifty well drill deep since first deep well drill accord petroleum information corporation well history control system whcs february 
deep well complete produce well could produce oil gas depth 
nearly many gas well exist dry hole gas well three time abundant oil well 
whcs file well total depth great deep well drill offshore province louisiana 
deep well midcontinent region drill anadarko basin ardmore basin 
deep well rocky mountain region uinta basin wyoming thrust belt green river basin wind river basin 
deep well mississippi alabama florida drill cretaceous jurassic trend well drill gulf basin 
total deep well drill appalachian michigan illinois basin 
whcs file produce well drill deep formation total depth equal produce formation 
these well represent minumum number actually class produce oil gas deeper refer deep produce well form basis statement make follow discussion the ratio gas produce deep well total produce deep well increase increase total depth well 
the ratio gas produce deep well total deep produce well consistently increase percent range percent range 
rocky mountain region deep gas produce well account percent total deep produce well total well gas well 
the uinta powder river basins oil rich whereas green river wind river washakie bighorn basin wyoming thrust belt predominantly gas rich 
only eight well class produce reservoir deeply complete report gas producer 
the first three well produce gas deeper complete 
the two deep hydrocarbon produce well produce deeper complete 
deep gas produce well account percent total deep produce well complete period percent complete period 
for year together percent well class producer produce gas 
seventy five percent oil well complete deep produce clastic rock well million drilled foot 
the great depths clastic reservoir occur new mexico part permian basin average 
utah deep produce oil well million drill foot complete clastic reservoir 
three hundred sixty six deep oil well produce tertiary rock produce miocene gulf coast region paleocene eocene wasatch formation rocky mountain region 
one hundred twenty five deep produce well jurassic oil producer produce smackover formation 
over seventy five percent deep well complete gas well produce clastic rock well million drilled foot 
the anadarko basin rocky mountain region produce deep gas primarily clastic reservoir well million drilled foot 
texas percent deep produce well account million drilled foot complete produce carbonate rock produce ordovician ellenburger group permian basin 
texas louisiana deep well produce carbonate rock clastic rock 
ninety nine deep produce well produce carbonate rock jurassic smackover formation texas alabama mississippi florida 
approximately billion barrel oil trillion tcp nonassociated gas produce deep reservoir accord dwight energy data petroleum data system pds dwights energy data 
deep gas account percent cumulative gas production tcp deep oil account percent cumulative oil production billion barrel 
the midcontinent texas gulf coast region total deep reservoir account percent cumulative deep oil gas production 
cumulative nonassociated gas production deep reservoir discover prior equal tcp percent cumulative deep gas production thirty four active deep reservoir pd file discover prior 
the old reservoir discover permian basin gulf coast region 
introduction drilling activity rapidly decline low worldwide oil price major produce company look outside oil gas exploration prospect 
production exist well decline reliance import oil increase 
even price increase drastically would take several year domestic exploration reach previous level intensity 
when issue economics set aside many drill frontier remain untapped deserve detail review 
one drilling frontier deep gas sedimentary basin 
very little information presently available deep gas reservoir 
fact study publish subject 
deep well define study drill deep 
deep produce well 
however well drill deep foot since first deep well drill 
deep well widely distribute drilled rock various age lithology 
many well produce gas oil much occur foot 
commercial gas production establish deep reservoir basins many year 
basin deep well drill gas potential deeper horizon remain unknown 
the purpose study present statistical summary deep well reservoirs order begin develop data base information concern potential resource 
way geologic engineering factor associate deep drilling define well understanding deep reservoir develop 
data summary present tabular form discuss sequentially report 
these data summary consider preliminary rigorous statistical analysis data attempt report 
data compile petroleum information corporation well history control system whcs available february petroleum informajtion corporation dwight energydata petroleum data system pd available december dwights energy data 
whcs contain variety location identification geologic engineering data approximately two million well drill 
the whcs file use variety exploration research application available geological survey contract petroleum information corporation 
since whcs data proprietary publication complete well history computer version file prohibit 
however data aggregate publish variety application 
pd data make available geological survey gas research institute gri data also proprietary digital form aggregate result may publish 
pds oil gas field reservoir file originally develop university oklahoma contract geological survey 
contains location identification geologic production data approximately field reservoirs oil gas produce state 
this work conduct part contract gas research institute chicago illinois contract 
data management deep well study define arbitrarily drill deep foot 
order easily assemble data deep well whcs short file create petroleum information corporation geological survey 
this short file contains follow data item deep well whcs file american petroleum institute api unique well number latitude longitude total depth initial final well classification completion date 
whcs province code field name age formation code first produce formation age formation code formation total depth the api number include state county code digit unique identification number well county 
the total depth well arbitrarily choose criterion depth oppose true vertical depth retrieve well study 
some well data set particularly gulf coast region deviate true vertical depth may actually exceed foot 
effort make study subdivide well basis initial well classification 
all initial well class group together data summary compile base final well classification 
initial final well classification whcs data file define petroleum information corporation follow initial well classification numeric code 
outpost extension test 
shallow pool test 
deep pool test 
new pool wildcat 
new field wildcat 
development well 
stratigraphic test 
core test 
injection well 
unclassified well gerthermal well final well classification numeric code1 
oil well 
gas well 
gas condensate well 
multiple completion oil 
multiple completion gas 
multiple completion gas condensate 
multiple completion oil gas 
junked abandon well 
injection unclassified well 
dry hole suspend geologic province summary report compile solely basis province code contain whcs file define petroleum information corporation 
case whcs province boundary differ province boundary define elsewhere 
result data summary may differ slightly publish summary 
only one produce age formation identify whcs short file purpose study namely first produce formation list full whcs file 
case well may produce several formation different depth 
additional work need do identify produce formation foot 
formation code use report also take directly whcs file 
some stratigraphic name may agree publish literature whcs name may informal name 
the data file contain well class produce well produce well formation total depth first produce formation whcs 
these well although minimum figure form subset well actually produce hydrocarbon foot form basis data summary report 
additional well classify produce produce formation formation total depth identify data file 
cannot determine time whether well produce foot 
the remain produce well original produce well produce formation different formation total depth 
these well may produce foot consider report 
the three group produce well well fall short total produce well well well represent dry hole file produce formation identify 
determine whether formation formation total depth foot 
the whcs file contain data error large data file 
for example well identify dry hole contain formation total depth produce formation 
these well could indeed dry hole incorrect data produce formation field could produce well incorrect completion class 
these error consider significant purpose study 
minor variation well total different data table report 
well due minor error introduce data set summarize well base different criterion 
select deep reservoir data study pd store second short file 
the pd short file contains follow data item reservoir field record pd field reservoir name state county basin name discovery year present status field reservoir porosity permeability lithology produce formation geologic age name produce formation depth top thickness produce formation trap mechanism drive mechanism recovery factor proven acreage cumulative production total oil gas condensate field reservoir data pds actually compilation well data state agency petroleum company publish field study production total state compile reservoir many data field pds empty data simply available 
porosity permeability recovery factor acreage data often miss 
data summary reservoir use data attempt 
many case data summary veil whcs may actually complete reservoir summary pds 
because disparity summary table compile use whcs data table whereas two table compile use pd data table 
data well reservoir store vax minicomputer use datatrieve data management software 
well data selectively download ibm megabyte hard drive 
data sort manipulated use dbase iii software 
data field cod restructure easy storage 
well data manipulate system order cross check error 
data present table prepare use minicomputer base system 
reservoir data table prepare use datatrieve vax 
data analysis table contain data summary well data whcs 
our comment concern table base solely observations table take account well drill appalachian basin reside whcs file 
rigorous statistical examination completion take well account 
table contains identification location information deepest drill hole united state regardless completion classification 
all drill anadarko permian basin oklahoma texas 
the deep well drill lone star bertha rogers 
complete dry hole anadarko basin washita county oklahoma 
the well drill wildcat depth 
the well penetrate cambrian arbuckle group almost year half drilling 
the second deepest well lone star earnest baden 
although drill complete gas well pennsylvanian atoka formation depth approximately acid 
the third deepest well hunt energy cerf ranch unit drill wildcat although suspend report gas ordovician ellenburger formation remainder well number drill abandon well number complete gas well 
mcculloch oil easley 
report production table contains well summary base completion class well complete depths foot whcs arrange final completion class depth interval 
total number deep well data file well total depth great foot 
produce well well percent produce gas depth 
for well total depths foot gas well account percent total produce well 
there nearly many gas well dry hole gas well approximately three time abundant oil well 
produce well dry hole decrease increase depth percentage gas produce 
well total produce well increase depth range 
the propensity deep well produce gas relate relative instability oil deep hot reservoir 
spencer geological survey write communication 
well file exploration production test 
the remain well include well suspend drill injection well well completion status blank dry development well one sulfur test well 
the louisiana offshore province account well total well almost half file 
most well include formation data 
table contains total deep produce well depth interval base final well classification well match produce formation formation total depth 
this set well consider representative total produce foot 
well produce foot produce foot 
gas well outnumber oil well well produce gas multiple horizon depth category 
the percentage gas well total produce well also consistently increase depth interval minimum percent foot range percent foot range 
the gas condensate oil gas column include total gas figure 
when table compare table gas well produce reservoirs foot make percent total gas produce well reach depth foot produce depth 
the deep produce oil well drill depth foot list produce permian drinkard formation permian basin portion southeast new mexico lea county 
the next deepest oil well drill total depth foot identify produce permian yates formation ward county texas 
the deep gas well drilled total depth foot ordovician arbuckle group pecos county texas 
five additional gas well report produce ellenburger formation foot permian basin pecos county texas two report produce silurian devonian hunton group anadarko basin southwestern beckham county oklahoma depth interval 
two hundred ninety three gas well list table produce foot 
these gas well represent minimum figure add deep gas well formation total depth different produce formation 
table contains number deep well depth interval base year completion 
all well completion class include together 
the first well complete foot 
only seven deep well drill 
total year indicate relatively continued increase completion peak well complete 
from trend somewhat flat varies well 
during period 19a82 sharp increase deep completion occur 
the prolific year deep completion well drill 
this increase well 
complete deeper probably precipitate federal deregulation gas produce reservoir deeply 
there continuous decrease deep drilling since 
when data combine year period continuous increase completion result rate increase less period whcs data base use study include well drill 
percent completion foot high decade 
during february eight percent complete foot 
the deep well lone star production bertha rogers 
foot complete 
table contains total deep produce well gas produce well base year completion 
data table compile set well produce foot use table 
only eight well produce interval foot complete report produce gas 
the first well produce gas foot complete 
year three well complete foot 
the deep oil gas well produce foot complete respectively 
when yearly average compare ratio gas produce well total produce well range zero percent 
after discount well drill ratio increase time 
from ratio average less percent 
the ratio increase average approximately percent increase percent 
for post well ratio varies low value percent high value percent 
however ratio range percent year 
the variation ratio may due vary exploration development strategy due economics local regional geology 
for report year ratio gas produce well total produce wells foot increase depth 
fact year together percent produce well foot produce gas 
the prolific year completion deep produce well produce well gas well 
the number completion produce well increase time minor fluctuation early year number successful wildcat decrease approximately percent 
similar percent decrease total number well drill deep foot show table 
table contains total deep well depth category province 
the table base well include dry hole well produce depth 
the seven province define group basin whcs 
basin aggregate province whcs file province boundary often state boundary 
refer whcs user manual petroleum information corporation detail basin subdivision 
approximately percent deep veil drill louisiana offshore province 
about percent deep veil complete louisiana offshore mississippi southeast province together 
only deep well drill appalachian basin michigan illinois province appalachian basin illinois basin michigan basin west coast alaska province 
deep midcontinent veil vere drill anadarko basin ardmore basin 
deep well rocky mountain province uinta basin wyoming thrust belt green river basin wind river basin 
deep well mississippi southeast province well drill cretaceous jurassic trend extend mississippi eastward northern florida additional well drill gulf basin 
seven province list permian basin province great number well drill deep foot well represent approximately percent total well deeply foot represent large percent province 
gulf coast province louisiana offshore southeast mississippi province few three percent well drill deep foot 
table contains total deep produce well gas produce well province base depth interval 
data table subset table include produce well use table 
province boundary table take directly whcs file 
province represent gulf coast southeast province contain far great number produce well 
the rocky mountain province contain deep produce well 
the appalachian illinois michigan province contains well drill deep foot table either dry hole produce formation formation total depth region omit table 
one hundred sixty eight well report basin code list separately depth table 
for depth interval province include location unknown ratio gas total produce well percent 
for depth together rocky mountain province small percentage percent deep gas well total produce well total well gas well 
this figure somewhat misleading strongly bias deep oil rich uinta powder river basin 
the green river wind river washakie bighorn basin wyoming thrust belt predominantly gas producer fewer total well 
the california alaska province compare province contains deep produce well define table file incomplete 
the deep produce well namely produce foot rocky mountain province cretaceous shannon sandstone drill owl creek mountain wind river basin fremont county wyoming 
the two deep well midcontinent region gas producer drill cambrian arbuckle group silurian devonian hunton group wheeler county texas beckham county oklahoma respectively 
the deep well gulf coast southeast province gas well reside terrebonne arayelles parish louisiana 
they produce gas miocene stratum formation data available well 
the deep offshore well locate eugene island block louisiana produce miocene stratum depth foot 
table contains total drilled foot state base lithology produce formation average total depths state deep oil produce well 
geologic age data take directly petroleum information corporation age cod whcs well file 
lithology data compile author publish literature primarily state geological survey publication 
table data set include produce well match produce formation formation total depth 
data set use table 
clastic reservoir account approximately percent tojial drill foot oil produce well drill foot all deep oil produce well reside state identify table 
the deep average depths occur permian basin average foot new mexico part permian basin 
louisiana onshore offshore together great number deep oil well 
louisiana well produce oil predominantly clastic reservoir 
florida great number produce well carbonate rock 
utah two million drill foot well predominantly tertiary clastic reservoir 
three hundred sixty four deep oil produce well tertiary producer produce miocene gulf coast region wasatch rocky mountain region 
there jurassic producer data set smackover formation 
table contains total drilled foot state base lithology produce formation average total depth deep gas produce well 
geologic age data take directly petroleum information age cod whcs file 
lithology data compile author publish literature primarily state geological survey publication 
table data set include produce well match produce formation formation total depth 
data set use table 
clastic reservoir account million drilled foot well account approximately percent total gas well produce foot 
the distribution state similar oil production state represent except alaska 
louisiana great number well well produce primarily clastic reservoir 
texas great number well produce carbonate rock million drill foot well 
this figure represent mostly produce well qrdovician ellenburger formation 
permian basin 
both texas alabama deep carbonate production clastic production 
ninety nine deep well produce carbonate rock jurassic smackover formation alabama mississippi texas florida 
compare table gas produce veils oil produce well subset produce well use 
again table well complete tertiary 37a well cretaceous well pennsylvanian permian 
table contain total drilled foot state base lithology produce formation average total depth produce formation state gas condensate produce well oil produce well multiple produce horizon gas produce well multiple produce horizon gas condensate produce well multiple produce horizon oil gas produce well 
geologic age data take directly petroleum information corporation age cod whcs file 
major lithology data take author publish literature primarily state geological survey publication 
the data set table include produce well match produce formation formation total depth 
data set use table 
table produce use pd data base average depth production great foot 
for field multiple reservoir shallow reservoir less foot deep chosen 
table contains production data deepest field reservoir state 
approximately seven billion barrel oil trillion cubic foot tcp nonassociated gas produce deep reservoir accord pd data 
deep gas production account approximately percent total cumulative gas production tcp dolton geological survey write communication deep oil production account approximately percent total cumulative production 1a3 billion barrel 
dolton geological survey write communication 
the midcontinent texas gulf coast region account deep reservoir percent total 
table contains location production data available oldest large field reservoir discover prior 
total cumulative production nonassociated gas reservoir discover prior equal approximately tcp approximately percent total cumulative deep nonassociated gas production 
thirty four active deep reservoir pd file discover prior 
the old reservoir discover permian basin gulf coast region 
reference dwights energy data petroleum data system available dwights energy data corporation oklahoma city 
petroleum information corporation well history control system february available petroleum information corporation denver 
the ten deepest veil united state decrease order total depth 
data take vhcs data file update february 
well list regardless completion class 
latitude longitude decimal degree 
date spud complete month day year 
well name 
date total spud date complete depth long lat county state 
lone star prod 
bertha rogers 
lone star prod 
learnest baden 
hunt energy corp cerf ranch 
gulf oil corp 
emma lou unit 
ghk corp 
ghk corp 
chevron usa 
ralph love estate university 
mcculloch oil 
napeco inc 
vashita beckham pecos pecos beckham beckham pecos pecos vashita pecos 
total deep well depth base final completion class 
produce well may produce depth 
blank unknown final well classification dry dry hole oil oil produce well gas gas produce well cond 
condensate produce well gas cond 
gas condensate produce well mul 
well produce multiple horizon either oil gas oil gas oil gas produce well drill abandon well consider dry hole inj 
injection well dev 
dry dry development well susp 
well suspend completion sulf 
sulfur well prod 
total production total produce well list separately gas produce well prod gas well gas multiple gas column 
depth interval thousand foot 
total gas include total number gas produce well either single multiple produce horizon 
depth blank dry 
final well classification 
total gas 
oil gas gas oil 
total prod prod 
oil gas good 
gas inj 
dry susp 
well total gas prod well 
total deep produce well depth base final completion class include well produce formation formation total depth 
data table subset table 
oil oil produce well gas gas produce well cond 
condensate produce well mul 
well produce multiple horizon either gas oil oil gas oil gas produce well 
depth interval thousand foot 
total gas gas multiple gas column well 
total well include well data file match produce formation formation total depth class dry hole leave blank well may produce could incorrect completion class 
percent gas equal percent total produce well complete gas well gas gas mul 
column combine 
final well classification 
gas gas oil gas cond 
oil total total oil gas cond 
gas gas well gas 
total deep well completion class depth base year completion 
depth interval thousand foot 
produce well may produce depth foot 
unknown number well year completion 
year begin 
data incomplete 
data set include well unknown year completion 
table continue 
table continue 
unknown total 
table continue 
well count aggregate year interval 
the last decade incomplete 
unknown year 
total deep produce well depth base year completion include well produce formation formation total depth 
depth interval thousand foot 
first number represent total produce well depth interval year second number follow dash represent well produce gas depth interval 
gas well include whcs completion code gas multiple gas completion petroleum information corporation 
table include well may produce interval great foot formation total depth different produce formation 
data set include well unknown completion year 
data incomplete 
data total year interval 
grand total 
total deep well depth province 
well completion class combine 
rks rocky mountain province mdcnt midcontinent province prm permian basin province apilm appalachian midcontinentmichigan illinois province caal west coast alaska province laof louisiana offshore province semiss mississippi southeast province 
province compile whcs province semiss include texas onshore offshore west texas 
depth interval thousand foot 
depth rks mdcnt apilm 
prm caal laof semi 
well identify province 
depth total deep produce well whcs province basins include well produce formation formation total depth total well 
data table subset table 
province basin code parentheses left column take directly whcs arrange province underlined bold 
grand total produce well include well identify location 
total number produce well depth interval leave number gas produce well right 
depths interval thousand foot foot 
province code 
bk rocky mountain region table except note 
gulf coast province include laof semess province table 
basin province code 
depth interval 
province bk 
green river 
ovl creek mt 
powder river 
rawlins uplift sweetwater mt 
wind river 
fold belt 
mid continent province hxnt 
amarillo arch 
arbudde mt 
chautaqua plat 
wichita mt 
depth internal 
basin provrince code 
permian basin province 
central basin 
marathon belt 
pecos arch 
gulf coast province ark cret jur 
cret our 
eocene downdip 
gulf coast 
texas offshore 
louisiana offshore 
gulf hex 
alabama offshore 
depth intennal 
basin province 
california alaska province 
cook inlet 
san joachim 
calif offshore 
location unknown 
total without unknown 
grand total 
total drill foot deep well lithology produce formation average total depth state deep oil produce well 
data file include well match produce formation formation total depth produce oil vhcs final well class 
state represent postal code abbreviation 
total drill foot clastic carbonate reservoir formation list separately number well contribute total parenthesis 
produce formation stratigraphic interval number well list regardless lithology 
produce formation assign carbonate clastic base dominant lithology formation 
case lithology produce part formation may different 
lithologic data take published literature author 
dash indicate well exist lithology 
total drill foot 
carbonate ave depth formation unit age 
bromide ord springer penn arbuckle ord glenn penn atoka penn viola ord boatwright penn 
pleistocene austin chalk cret frio olig ellenburger ord miocene yates perm silurian edward cret vicksburg olig cotton valley jur 
ellenburger ord morrow penn drinkard perm 
minnelusa penn perm nugget jur dakota cret morrison jur 
weber penn 
wasatch tert flagstaff tert north horn cret tert 
smackover jur hosston cret cotton valley jur 
table continue 
total drill feetcarbonate ave depth 
formation unit age norphlet jur haynesville jur jurassic sligo cret cretaceous 
smackover jur norphlet jur 
smackover jur norphlet jur sunniland cret 
miocene pliocene wilcox tert tuscaloosa cret camerina tert planulina tert textularia warreni tert austin chalk cret woodbine cret cibicides carsteni tert pliocene pleistocene pleistocene 
temblor tert miocene tert 
hemlock tert tyonek tert 
total minimum number total deep well geologic age follow ordovician silurian pennsylvanian permian cretaceous jurassic tertiary 
well without produce formation data must aggregate final result 
additional oil well formation total depth great foot produce formation formation total depth list data file 
these well together average total depth account total drill foot 
these well distribute state follow well drill foot well drill foot well drill foot well drill foot well drill foot 
these data include well drill great foot formation total depth different produce formation 
these well omit study even though may produce depth great foot 
total drill foot lithology produce formation average total depth state deep gas produce well 
data file include well match produce formation formation total depth produce gas whcs final well class 
state represent postal code abbreviation 
total drill foot clastic carbonate reservoir formation list separately number well parenthesis 
produce formation stratigraphic interval great number well list regardless lithology 
produce formation assign carbonate clastic base dominant lithology formation 
case lithology produce part formation may different 
lithologic data take published literature author 
dash indicate well exist lithology 
total drill foot stateclasticcarbonate ave depth formation unit age 
morrow penn springer penn atoka penn arbuckle ord hunton sil dev boatwright penn goddard miss britt penn bromide ord granite wash penn simpson ord mississippian fortuna perm nichlos perm deese penn morrow sand penn 
ellenburger ord wilcox tert fusselman sil morrow penn frio tert vicksburg olig cotton valley jur miocene edward cret sligo cret hunton sil dev devonian silurian silurian devonian pleistocene yegua tert wolfcampian perm mississippian woodbine cret jackson tert jurassic atoka penn arbuckle ord 
table continue 
total drill foot stateclasticcarbonate 
ave depth 
formation unit age oil creek ord stravn penn pennsylvanian smackover jur hosston cret low cretaceous glen rise cret massive sand tert oligocene morrow penn ellenburger ord atoka penn devonian shannon cret nugget jur bighorn ord madison miss mesaverde cret frontier cret cody cret lance cret fort union cret tert lewis cret ericson cret blair cret dakota cret thaynes trias nugget jur mancos cret nugget jur wasatch tert hosston cret smackover jur cotton valley jur norphlet jur sligo cret jam cret smackover jur norphlet jur smackover jur norphlet jur 
table continue 
total drill foot 
ave depth 
formation unit age miocene tuscaloosa cret pleistocene oligocene planulina tert hackberry tert cotton valley jur miogypsinoides tert camerina tert hosston cret nodosaria tert bolivina mexicana tert pleistocene pliocene marginulina texana tert marginulina tert discorbis tert textularia warreni tert james cret siphonina tert wilcox tert massive anhydrite cret austin chalk cret vbmx 
robulus mayeri tert siphonia davisi tert repetto tert pico tert 
total minimum number well without produce formation data must aggregate final result 
total geologic age follow ordovician devonian silurian mississippian pennsylvanian permian triassic jurassic cretaceous tertiary 
additional gas well formation total depth great foot produce formation formation total depth list data file 
these well together average total depth account total drill foot 
these well distribute state follow well drill foot well drill foot well drill foot well drill foot well drill foot well drill foot 
these data include well drill great foot formation total depth different produce formation 
these well omit study even though may produce depth great foot 
total drill foot state deep veil lithology produce formation average total depth deep gas condensate produce well 
data file include well match produce formation formation total depth produce gas condensate whcs final well class 
state represent postal code abbreviation 
total drill foot clastic carbonate reservoir formation list separately number well contribute total parenthesis 
produce formation stratigraphic interval number well list regardless lithology 
produce formation assign carbonate clastic base dominant lithology 
case lithology produce part formation may different 
lithologic data take published literature author 
dash indicate well exist lithology 
total drill foot 
ave depth 
formation unit age ellenburger ord pennsylvanian morrow penn 
total minimum number 
well without produce formation data must aggregate final result 
additional gas condensate well formation total depth great foot produce formation formation total depth list data file 
these well together average total depth account total drill foot 
these well distribute state follow well drill foot 
these data include well drill great foot formation total depth different produce formation 
these well omit study even though may produce depth great foot 
total drill foot lithology produce formation average total depth state deep oil produce well multiple produce horizon 
data file include well match produce formation formation total depth produce oil multiple horizon whcs final well class 
state represent postal code abbreviation 
total drill foot clastic carbonate reservoir formation list separately number well contributiong total parenthesis 
produce formation stratigraphic interval number well list regardless lithology formation 
produce formation assign carbonate clastic base dominant lithology 
case lithology produce part formation may different 
lithologic data take published literature author 
dash indicate well exist lithology 
total drill foot 
carbonate ave depth formation unit age 
yegua tert smackover jur cotton valley jur smackover jur miocene pliocene planulina tert 
minimum number 
well without produce formation data must aggregate final result 
additional multiple completion oil well formation total depth great foot produce formation formation total depth list data file 
these well together average foot total depth account total drill foot 
these well distribute state follow well drill foot 
these data include well drill great foot formation total depth different produce formation 
these well omit study even though may produce depth great foot 
total drill foot lithology produce formation average total depth state deep gas produce well multiple produce horizon 
data file include well match produce formation formation total depth produce gas multiple horizon whcs final well class 
state represent postal code abbreviation 
total drill foot clastic carbonate reservoir formation list separately number well contribute total parenthesis 
produce formation stratigraphic interval great number well list regardless lithology 
produce formation assign carbonate clastic base dominant lithology 
case lithology produce part formation may different 
lithologic data take published literature author 
dash indicate well exist lithology 
total drill foot 
carbonate ave depth formation unit age 
ellenburger ord 
frio tert 
hosston cret 
cotton valley jur 
norphlet jur 
smackover jur 
miocene pliocene pleistocene 
minimum number well without produce formation data must aggregate final result 
additional well formation total depth great foot produce formation formation total depth list data file 
these well together average foot total depth account total drill foot 
these well distribute state follow well drill foot well drill foot 
these data include well drill great foot formation total depth different produce formation 
these well omit study even though may produce depth great foot 
total drill foot lithology produce formation average total depth state deep gas condensate produce well multiple produce horizon 
data file include well match produce formation formation total depth produce gas condensate whcs final well class 
state represent postal code abbreviation 
total drill foot clastic carbonate reservoir formation list separately number well contributiong total parenthesis 
produce formation stratigraphic interval great number well list regardless lithology 
produce formation assign carbonate clastic base dominant lithology 
case lithology produce part formation may different 
lithologic data take published literature author 
dash indicate well exist lithology 
total drill foot 
carbonate ave depth formation unit age 
tx220 936ellenburger ord 
minimum number 
well without produce formation data must aggregate final result 
additional well formation total depth great foot produce formation formation total depth list data file 
total drill foot lithology produce formation average total depth state deep oil gas produce well 
data file include well match produce formation formation total depth produce oil gas whcs final well class 
state represent postal code abbreviation 
some produce horizon may exist foot identify 
total drill foot clastic carbonate reservoir formation list separately number well contribute totalin parenthesis 
produce formation stratigraphic interval great number well list regardless lithology formation 
produce formation assign carbonate clastic base dominant lithology 
case lithology produce part formation may different 
lithologic data take published literature author 
dash indicate well exist lithology 
total drill foot 
carbonate ave depth formation unit age 
hunton sil dev ellenburger ord hosston cret miocene pliocene tuscaloosa cret 
minimum number 
well without produce formation data must aggregate final result 
additional oil gas multiple completion well formation total depth great foot produce formation formation total depth list data file 
these well together average foot total depth account total drill foot 
these well distribute state follow well drill foot well drill foot 
these data include well drill great foot formation total depth different produce formation 
these well omit study even though may produce depth great foot 
