please destroy throw away publication 
use write geological survey hington ask fot frank return ited state department the interior harold ickes secretary geological survey mendenhall director professional paper halloysite and allophane clarence ross anq paul kerr shorter contribution general geology page 
united state government print office washington 
for sale superintendent document washington 
price cent 
abstract introduction iialloysite 
nomenclature type ·--------------------------~---------------------------------------~----------------~ chemical composition optical property ehydration ray examination mode occurrence 
associate mineral origin residual halloysite 
action acid bear solution allophane 
previous study chemical composition optical property 
ray diffraction pattern halloysite ray diffraction pattern dickite nacrite 
photomicrograph halloysite alunite photomicrograph porcelainjike indianaite figure 
ehydration curve halloysite related mineral 
iagram ray diffraction pattern halloysite 
ehydration curve allophane 
halloy ite allophane 
paper continuation study kaolin mineral first part publish 
white light color approximately isotropic 
mineral kaolinite dickite nacrite described 
clay mineral know halloysite locally form 
paper application chemical optical ray ajl nearly pure niasses abundantly 
dehydration method investigation clay material discuss 
the present study show halloysite fourth liner kaolin group closely related distinct kaolinite 
chelnical opti hydration 
kaolinite many kaolin deposit 
the association chemical composition optical data ray property indicate close relation mineral kaolinite dickite nacrite kaolin 
property representative group halloysites record group present study show halloysite 
new data determine author separate portion single sample whose urity carefully test 
halloysite previously describe amorphous microscope commonly reveal evidence crystal 
distinct mineral 
not nearly isotropic clay material halloysite prove fine grain kaolinite other clay material quite unrelated group 
hand iso 
ray diffraction study however show tropic clay material index refraction near 
crysta structure beil make crystal gra qua rtz definite clay mineral halloysite 
submicroscopic size 
the ray diffraction pattern kaoli 
rhe original halloysite find carboni 
nite halloysite number other distinct indicate 
common distinct 
trict old zinc iron mine 
halloysite appear always result weather scribe berthier name halloy 
supergene process like kaolinite unlike dickite 
site honor omalius halloy observe 
nacrite kaolin mineral cominonly result hydrothermal process 
allophane tmorphous material commonly associate halloysite 
crystal structure definite chemical composition 
the name allophane 
mineral several year previously 
the mineral occur pocket contain alteration product solution cavity limestone all deposit exhaust impossible obtain 
restrict mutual solution silica alumina water terial old mine opening 
several specimen 
minor amount base include material even though proportion constituent may vary 
show perfectly homogeneous solution allophane amorphous material may exist 
thus several occurrence describe allophane find 
halloysite deposit however still reserve collection university liege 
through kindness prof buttgenbach university liege een able procure 
mixture norm allophane evansite amorph suite specimens material probably 
ous hydrous aluminum phosphate 
nearly representative type halloysite 
possible obtain present time 
these specimen reexamine com 
study clay mineral progress par halloysite locality 
laboratory unite state geological also compare related kaolin min 
survey columbia university several yearb 
erals kaolinite anauxite nacrite dickite 
earlier paper mineral kaolinite dickite clay mineral 
the method study emund nacrite describe 
these study ploy work describe paper 
continued present paper set forth result 
kaolin group already cite 
all determination 
iialloysite like early described mineral optical property ray diffraction data chem 
kaolin grop 
allophane relate mode ical analysis make different fraction occurrence although amorphous quite ample 
the chemical optical study 
different mineralogically 
carried laboratory unite 
ross kerr the kaolin mineral geol 
survey prof paper 
berthier analyse halloysite annales chimie phi voj 
shorter contribution general geology 
state geological survey ray study material kaolinite 
therefore seem probable 
conduct mineralogical laboratory name collyrite represent definite min 
columbia university 
both organization eral drop mineralogist although 
cooperate preparation report 
would desirable retain name go back 
time pliny material apply could definitely identify 
dana list halloysite mineral name lenzenite first describe john kall 
considers synonymous 
most eifel examination material 
name propose original mate locality though definitely type material show 
rial poorly describe analysis make dominantly kaolinite 
material doubtful purity 
obviously galapectite anglar france type local 
material available restudy ity montmorillonite show optical 
circumstance detailed consideration property 
ray diffraction pattern galapectite 
name fall complete disuse also agree pattern type montmorillonite 
would serve useful purpose 
however bole bolus term apply clay materi 
may briefly mention 
al find application medicine whose 
the name consistently apply use go back time antiquity 
clay mineral consider halloysite name use material vary character 
propose year ago 
fortunately recently apply earthy nearly 
therefore question name amorphous clay material color brown red yel 
low iron oxide 
some identify 
smectite consider least part impure halloysite 
halloysite recent study kerr show 
clay material representative sample montmorillonite typical clay mineral normal bentonite 
general two type halloysite one usually white light color porous friable 
the name indianaite propose cox white porcelainlike clay carboniferous rock lawrence county ind 
the study indianaite give present paper show rock compose impure halloysite 
cox seem recognize indianaite name mineral use rock ame say this large bed white clay give name indianaite indiana stone 
almost cottony texture another dense nonporous porcelainlike 
the reason difference determine optical chemical ray property appear identical 
the color porcelain like material white light gray buff faun purer type brownish reddish contain iron oxide 
the white nearly white halloysite assoda ted kaolin deposit commonly residual type 
difficult distinguish fine grain kaolin 
collyrite collyrium discuss dioscorides pliny character material doubtful 
analysis gladstone indicate material hove near brighton hydrous aluminum oxide accessory clay material give small variable amount silica 
optical ray examination sample call collyrite fichtelgebirge show 
ite type material may associate coarser grain obviously crystalline kaolinite 
hauoysite appear abundant constituent sedimentary bed although may result local alteration bed 
kaolinite appear much abundant region profound weather form extensive deposit even kaolinite form small fraction clay material sedimentary rock 
some clay 
descriptive mineralogy 6th 
kirwin richard element mineralogy vol 
hatiy raite mineralogie vol 
breithaupt august handbuch der mineralogie vol 
thomson thomas outline mineralogy geology mineral analysis vol 
similar montmorillonite beidellite sedi 
mentary alkali bearing clay mineral much 
chemical composition 
kerr montmorillonite smectite constituent bentonite 
mineraiogist vol 
cox indiana geol 
survey 5th ann 
rept indianapolis 
cox indiana geol 
survey 7th ann 
rept indianapolis 
analysis make sample halloysite 
widely separate locality 
standard analytical 
method use need discussion 
dioscorides pedacius materia medica book plinius caius historia naturalis book gladstone collyrite native carbonate alumina lime philos 
mag vol 
john chemische untersuchungen chern 
schrift vol 
breithaupt vollstandige charakteristik de mineralsystems 
halloysite and allophane 
with material fine grain halloysites possible apply treatment remove inlpurities 
reason nearly sample analyze represent material occur naturally perfectly homogeneous apparently pure condition 
only one sample franklin wash decant remove associate kaolinite muscovite 
the follow table give result chemical analysis 
this table table page give optical property ang number two table apply sample 
for reason 
omit subjoin table chemical analysis vailable 
detailed description specimen give connection table page 
chemical anal s halloysite 
feo mgo cao 
a20 k20 
p20s h20 
ratio si02 al203 
not determine 
liege belgium 
analyst richardson 
huron county ind 
analyst richardson 
pepper analyst erickson 
hickory analyst fairchild 
hickory analyst gonyer 
adam county ohio 
analyst gonyer 
brandon rankin county miss 
analyst charles milton 
leakey real county tex 
analyst bailey 
sneeds creek newton county ark 
analyst gonyer 
franklin analyst conyer 
myeline saxony 
analyst gonyer 
the silica alumina ratio halloysites repre position friable chalky texture 
sent precede table range average ratio poreelainlike sample 
six sample ratio chalky sample 
average close comparison analyse halloysite 
the six san1ples show ratio kaolinite indicate halloysite tends 
average riyher alumina kaolinite kaolinite 
the average entire group analyse tend somewhat close ideal formula 
the generally accept ratio halloysite alzos si02 the rather large systematic deviation 
2hzo al20s 2si02 halloysite although anauxite high silica end member anauxite kaoli ite group silica ratio 
take anauxite 
silica alumina ratio ratio large kaolinite series halloysite together 
number apparently pure sample demand consid variation silica alumina ratio 
the alumina little high 
the sample franklin 
cepted ratio n1ost sample suggest ratio corresponds closely ratio 
first may contain slight excess assign pholerite crystallized 
aluminous mineral 
however optical clay mineral describe guillemin 
ray study prove contain practically form hexagonal plate probably belongs 
crystalline impurity possible explana kaolinite series 
however member 
tion would presence noncrystalline material 
ratio seem probable might belong either 
such material form amorphous matrix around anauxite kaolinite halloysite series high 
crystalline grain would expect cause indura alumina many sample halloysit make seem 
tion material 
however compact porcelainlike sample approach nearly ideal con1 
ross kerr 
ries heinrich clay occurrence property us 
lechatelier action chaleur sur y argil soc 
fran ais mineralogie bull voi 
new york john wiley son 
guillemin note sur phol rite annales des mine vol 
shorter contribution general geology 
probable molecule form part halloysite series 
consideration variable silica alumina ratio carefully select analyzed kaolinite anauxite lead conclusion probably due impurity result truly variable ratio two end member valence requirement satisfied variation number hydrogen atom 
thisis ross kerr 
material low silica would liave high water content 
this inference partly confirm fact tter ratio distinctly high analysis silica alumina ratio ill ratio 
optical property the optical property sample halloysite give follow table 
optical physical property halloysite 
rienfdraecxt oorn 3irefringence 
liege belgium halloysite porcelainlike pale blue 
none type locality 
alunite allophane 
white --· 
huron lawrence 
type locality 
very clean 
coduonty ind 
pale buff 
none associate phosphate 
pepper mitchell 
slight small flatten nodule 
coat ferruginous 
hickory catawba chalky coudnoty 
adam county ohio porcelainlike pale buff 
contains little mica quartz 
slight variable character 
bradon rankin county white 
best lump pure 
very pure material 
leakey real county ~---·---- chalky 
some specimen ontain 
sneeds creek newton newtonite 
halloysite alunite type 
county ark 
franklin kaolin 
none admix kaolinite 
myeline rochlitz sax 
lithomarge porcelainlike 
little residual muscovite 
botryoidal masse coat 
iron stain halloy 
bergnersruth bavaria glagerite cream 
drusy cavity contain kao 
highland porcelainlike light gray 
county ohio 
hart county cordillera peru 
chalky porcelainlike light faun 
ferruginous clay 
contains alunite 
very pure 
alban tarn france --·:.. compae dark red 
show sedimentary bed 
plane contains iron 
rolla phelps county 
flint clay nearly white 
contains kaolinite 
lookout ala halloysite porcelainlike gray 
fichtelgebirge bavaria collyrite compact palefaun 
botryoidal surface com 
pact core 
botryoidal surface 
from angleur liege belgium 
light sky blue 
nearly pure white 
form small irregular ironstained lump 
hand pick pure clean material select 
porcelainlike texture show conchoidal fracture 
occurs limestone vicinity iron zinc mine 
pure white conchoidal fracture 
the outer surface iron stain small cavity contain manganese 
oxide completely remove hand pick 
occurs contact chester shale mississippian mansfield sandstone pennsylvanian 
form small irregular lens centimeter across region alter igneous metamorphic rock 
the logan economic geology indiana indiana dept 
conservation pub 
halloysite and allophane 
outer coat iron stain material pure white 
conchoidal fracture 
friable almost talcose feel 
conchoidal fracture 
walter bucher collect 
material kindly supply follow description 
white fragment halloysite occur nearly circular 
area three place near border cryptovoleanic 
area adam highland county ohio 
one locality 
gully cut mass show pure halloysite 
inch thickness grade downward 
mixture halloysite clay fill pore frag 
ments residual dolomite 
trace halloysite 
form rather widely distribute iron stain gray mass 
clayey material occur along contact black 
ohio shale underlie silurian dolomite 
monly isolated fragment see appear waxy 
take fresh ground 
upon dry 
crack familiar white light color gular frag 
ments take high polish rubbed 
one mile east bradon miss 
irregular nodule 
iron stain coat 
six mile west leak tex edward 
plateau region 
the following description occurrence 
supply ryan vacuum oil 
the material penetrate depth foot 
one shaft find occur area 
proximately acre 
the formation outcrop arounp 
deposit edward limestone comanchean age fredericksburg vision 
the material iies limeston1 
siliceous mass associate kaolinitic material 
contains chei fragment 
most sample thts 
locauty fine grain kaolmite 
pure halloysite 
halloy ite originally describe newtonite 
occurrence arid location give take descrip 
tion wherty 
the locality situate harrison quadrangle 
mile west compton gorge sneed creek 
material collect group small prospect pit decompose hale carry small lump soft white 
chalky material less stained iron oxide 
after chemical optical study foshag conclude 
original study brackett williams optical 
determination make alunite analysis 
halloysite mile north franklin 
form isotropic matrix around tiny kaolinite crystal 
kaolin deposit result weather peg 
hallhysite separate kaolinite wash 
halloysite kaolinite 
occurs irregular iron 
stain lumps centimeter diameter 
dense material contain cregular 
cavity chalky white cdatings 
creamy white soft mass 
light gray porcelainlike mass 
light gray chalky mass 
personal communication 
personal communication 
see also ries heinrich the clay tof texas texas univ 
ser vol 
brackett williams newtonite recto rite two new mineral kaolinite group 
sci ser vol 
wherry visit locality newtonite 
mineralogist vol 
foshag the identity newtonite alunite 
mineralogist vol 
exact locality unknown 
soft material contains uch iron oxide 
the xray diffraction pattern sample weak even pattern halloysite suggests presence element high absorption ray 
mixed hydrous iron oxide could account unusually high inde refraction 
associate diaspore 
conchoidal fracture 
relation unknown 
possible determine one index fraction halloysite much material completely isotropic remainder birefringence less 
the cause faint birefringence entirely clear 
some may due slight strain seem probable fine mottle gray effect within power resolution microscope real birefringence due partly orient aggregate birefracting mineral grain submicroscopic size 
the ray study 
describe page show halloysite truly crystalline closely related mineral kaolin gtoup 
closely related mineral probably isotropic birefringence t4at usually observable bec use unoriented grain small power resolution microscope 
however member kaolin group birefringence seem probable two mineral closely related chemical composition mean index refraction character space lattice kaolinite halloysite would approximately birefringence 
the optical property halloysites give table show variation 
the index refraction 
alban france abnormally high owe presence iron oxide other show variation index 
the mean entire series 
the variation due part least variation water content discuss page 
the average index refraction sample kaolinite show kaolin average higher halloysite index refraction 
this due least part high water content halloysite probably due part inherent crystallographic difference 
dehydration dehydration test make three typical sample halloysite 
two one adam county ohio one liege belgium dense porcelainlike type hickory chalky type 
the hickory sample low total water content two analysis give table page ross kerr 
orter contribution general geology 
indicate difference characteristic group whole 
dehydration temperature halloysite 
north carolina 
loss ofwater 
loss water 
loss ofwater 
curve plot table data kaolinite lone calif dickite cusihuiriachic chihuahua mexico nacrite brand saxony give figure 
the dehydration curve halloysite show gradual loss water temperature break curve rapid loss water temperature rapid flattening curve 
the dehydration curve tend flatten real significance reason apparent 
quite evident water lose percent significant represent adsorbed water 
fact water lose percent doubt adsorb 
expect material make submicroscopically crystalline particle would ross kerr 
hallo site liege elgium 
halloysite tldams county ohio 
halloysi hickory nacrite brand saxony dickite xico 
kaolinite lone calif 
figure dehydration curve halloysite related kaolin mtnerals 
geological survey 
professional paper plate halloys lte white liege belgium 
halloysite adam ohio 
hal loy site cor dillera peru 
halloysite nevada 
halloysite alunite edward plateau tex 
alunite japan hay diffraction pattern halloysite hom several locality 
pattern halloysite mixed alunite also show pat tern alunite comparison 
dickite greenwood ark 
halloysite white liege belgium kaolinite brooklyn ray diffraction pattern dickite and kaolinite compare with halloysite 
the dotted line indicate near zero beam dickite kaolinite mask shield casette 
geological survey 
professional paper plate 
photomicrograph halloysite and alunite from vicinity huron ind 
the nearly isotropic area halloysite intermediate finely crystalline material alunite 
cross nicols bout 
photomicrograph porcelainlike indianaite show halloysite with shatter crack fill with alunite 
the halloysite mass contain small spherulitic area judge ray line gibbsite 
cross riicols 
halloys and allophane 
rather large content adsorb water part hold rather tenaciously 
the perfectly crystalline dickite hand lose water percent 
the essential high temperature water halloysite evidently lose perhaps complete dehydration 
interesting note ray diffraction pattern sample use dehydration show loss line appear therefore break curve accompany loss crystallinity 
the dehydration curve mineral kaolin group kaolinite dickite nacrite indicate distinctly high temperature stability halloysite 
the low break curve kaolinite nacrite distinct loss water begin dickite 
that halloysite begin break low temperature mineral kaolin group 
the region angstrom unit critical molybdenum radiation distinguish halloysite kaolinite 
three broad diffuse line occur portion pattern halloysite whereas five sharp line occur region pattern kaolinite 
the comparative interplanar spacing estimate relative intensity two pattern region follow 
comparative interplanar spacing halloysite kaolinite 
estimate relati intensity 
space angstrom unit 
estimate relative intensity 
space angstrom unit 
nterp anbr space halloysite normal estimate intensity loysite liege givm 
figure ray diffraction pattern halloysite 
line mdency merge together firmly crystalline halloysite 
ray examination ray diffraction pattern halloysite give plate typify pattern due finely divided crystalline material colloidal dimension 
the diffraction line sharp like well crystallize mineral diffuse border many intervene space darken somewhat general radiation 
general distinct line appear measure fair accuracy 
other line usually weak measure accurately 
diagram illustrate arrangement diffraction line correspond interplanar space show figure 
the ray diffraction pattern halloysite relate kaolinite 
diffra ction line angstrom unit agree intensity space line ray diffraction pattern kaolinite 
single isolated line angstrom unit occur ray diffraction pattern mineral likewise nacrite dickite anauxite line apparently significant kaolin group 
tterns kaolinite halloysite give plate also show difference iron copper radiation 
stirling hendricks fix nitrogen research laboratory united state department agri ulture take photographs illustrate diffe ence copper target furnish negative comparison 
jette department 1nining metallurgy columbia university furnish ray diffraction photograph use iron radiation 
the iron copper radiat ion paticula rly line series well line photograph show trike difference normally observe radiation molybdenum utilize 
view difference ray diffraction imply fundamental difference crystallization appear halloysite distinguished member kaolin group 
thus ray pattern confirm difference kaolinite halloysite note optical examination dehydration curve 
system diffuse ray diffraction line observe ha1loysite expect mineral 
shorter contribution general geology 
optically almost isotropic 
hand measurement ray diffraction pattern halloysite 
kaolinite obviously crystalline doubly 
liege belgium 
fracting polarize microscope ray diffraction line line well crystal 
arc millimeter 
estimate interplanar relative spacing angintensity strom unit 
lized mineral 
also note mean 
index refraction kaolinite appro ximately index refraction halloysite approximately 
thus lack agreement refractive index indicate difference two mineral 
the distinct 
difference temperature stability halloysite kaolin mineral probably significant 
serva ble optical property tend confirm 
ray diffraction data indicate distinct mineral 
record ray diffraction pattern 
ray diffraction pattern halloysite liege differ pattern glassy allophane occur locality 
the glassy allophane form indistinct ray diffraction pattern consist three broad diffuse radiation 
the area diffuse radiation however correspond group line halloysite pattern 
thus appear allophane simply fine state subdivision crystal particle halloysite distinct specie 
point foregoing discussion difference ray pattern also indicate halloysite 
merely finely divide kaolinite 
all sam ples halloysite examine however compose finely vided aterial yet determine whether coarsely crystalline compound would crystallize halloysite would form kaolinite experience thus far indicate coarsely crystalline material kaolinite 
mineral present clay show ray pattern 
liege belgium lloysite plus allophane 
gibbsite alunite 
huron lawrence comity 
pepper mitchell county halloysite 
hickory catawba county halloysite plus kaolinite 
adam county ohio halloysite 
leakey real county tex 
partly isotropic 
halloysite plus alunite 
sneeds creek newton coun 
ark newtonite 
rochlitz saxony litho 
bergnersruth bavaria gla 
hillsboro ohio 
hart county halloysite plus alunite 
cordillera peru halloysite 
alb tarn france 
rolla flint clay halloysite plus kaolinite 
lookout ala 
result optical study halloysite 
halloysite locality contain impurity visible microscope cause apparent effect ray pattern 
consiq ered amorphous mineral rogers contain visible iron oxide 
call amorphous equivalent kaolinite 
mode occurrence 
data would indicate however 
mineral definitely discontinuous vectorial property one consideration emphasize rqgers distinguish amorph mineral hence properly call amorphous 
point hand halloysite occupies state crystallinity intermediate betw microcrystalline particle kaolinite 
finely divide almost completely dispersed allophane 
wherry propose group mineral crystal meta 
colloid colloid 
halloysite probably belong colloidal group herry consider reference particle size 
halloysite commonly associate kaolinite kaolin deposit especially residual deposit derive pegmatite 
here relation two mineral indicate first clay mineral form commonly halloysite kaolinite result recrystallization 
halloysite also occur together allophane deposit way indicate result crystallization mine ral although improb able halloysite lias form manner 
other specimen form lenslike mass fract re rock suggest halloysite precipi 
tat solution 
rogers review amorphous mineral jour 
wherry variation composition mineral wash 
ington acad 
jour vol 
wherry tabulation aluminum silicate mineral 
mineralogist vol 
associate mineral alunite find associate halloysite 
study preparation report specimen 
halloysite and allophane 
five locality liege belgium lawrence southeastern united state 
bayley describe 
county ind 
newton county ark 
hart occurrence residual white clay 
county leakey real county tex 
prob vicinity franklin 
ably also occur along halloysite elsewhere 
the kaolin north olina without doubt peen 
five locality mention specimen may 
form directly indirectly weather feldspathic 
obtain alunite intimately mixed rock 
those mountain region surface 
halloysite free 
fine grain mixture alunite also 
halloysite locality 
water almost direct access material pegmatite dike form directly weather 
the kaolin around bessemer city bostick mill 
halloysite free alunite dense usually resem statesville may form somewhat differently 
bling porcelain appearance 
there area underiain clay wide rather tban 
pear almost isotropic thin section 
white mass long narrow mountain district possibly 
indiana traction crack along 
vicinity liege contain con finely 
crystalline alunite 
feldspathic rock kaolin derive 
formerly cover 
swampy tract surface water p2rcolating 
bedrock ame liarged 
kaolinite penetrate fill crack carbonic organic acid which oiily accelerate 
occurrence appear finely crystalline process weathering may cause remov 
mixture represent slight later phase ome iron parent rock 
process formation white clay although prob 
ably separat cessation chemical action 
allophane discuss page associate 
halloysite near liege occurs clear 
hyaline mass black streak carbonaceous stain 
material similar chara cte occur halloy 
site huron ind 
diaspore com mon associate halloysjte 
flint clay missouri 
exc ellent ray diffraction 
pattern §': thi mineral ave obtain rom 
terial associate witli flint clay c9ffim 
clepp gasc onade county 
gibbsite site 
shpaescbi eeennsfo .¢: inti nieagses iaatnioxn rjatyh dhiaffllro 
tion pattern purify material agree ray 
pattern gibbsite ever locality 
also identify association indianaite 
ofby ray 
the association diaspore gibbsite hal 
loy ite nder ert irr ircu stan may accch 
variation chemical analysis 
evid nce support origin halloysite 
result wea here 
giyen revi nce prq find leach weatheri ,·: vhit aoli 
soutl teasterti unitecl state 
halloysite occurs 
two mixed kaolinite uch deposit 
eral be 
probably dhe caus 
gested however tha halloysite rring der uch 
eonditions may epresent sta eventua1 cry 
tallization kaolinite 
simila origin observe white olinite clay brookiyn point formatio ccdloidaj aterial loc lities ptiqr 
cry tallizatioti kaolinite 
lla profound chip prodhced 
diaspore sutrou qded zop flint clay 
sor rle material deposit 
call burley lay rhposed krtotlike mass djasp flint clay inade 
dom ntly hall fslte 
typical flint ays lie outside zone urley 
contain 1arg proportiou halloysite 
appear entirely pur mineralogy 
paragenesis serve detail stu 
action acfd beaiinq sozutions ries point 
call iudian aite near huron 
thw est corner lawrence county ind 
'·'· origin 
distinct mineral specie mixture fine grain 
halloysite appear result supergene process far know 
never form result hypogene hydrothermal process like dickite nacrite two kaolin mineral 
like kaoljnite form weather action cool sulphate bearing solution aluminous 
mate rial weather clearly dominant source kaolinite probably halloysite conside 
mineral include halloysite the study herer 
cord show white porcelainlike material 
commonly vhat 
impure halioysite select 
sample pure halloysite obtain 
courtesy george whitlach india uni 
the origin white clay indiana 
studied ries conc udes white clay 
able proportion hallo site form area 
oxidize sulphide supply sulph ric 
residual halloysite the specimen halloysite franklin hickory probably typical halloysite residual white clay 
bayley high grade clay eastern united state 
survey bull 
ries heinrich origin white residual kaolin 
trans vol 
kerr kaolinite brooklyn subway tunnel 
eralogist vol 
ries heinrich igh grade clay eastern united state 
survey bull 
ross kerr 
shorter contribution general geology 
form replacement quartz pebbles phuric acid solution play part produce 
pottsville sandstone least clay occur halloysite region 
the description hal 
ries express opinion loysite furnish bucher see show pyrite chester shale would contact oxidize pyrite effective produce 
underground water decompose yield sul material ohio region origin may 
phuric acid would attack alumina probably 
ascribe material hart 
shale form aluminum sulphate 
good path county 
present circulate water follow thought ries aluminum sulphate solution replaces quartz form halloysite relate 
the deposit near leakey tex study field association halloysite alunite presence abundant dis 
this theory follow rather closely one previously advance logan propose biochemical origin indianaite 
postulate thereplacement sandstone halloysite present series illustration point origin 
logan however attribute formation halloy 
nated flake hematite show sulphur iron bearing material present oxidize process active 
there every reason believe leakey deposit form oxidation pyrite action result acid bearing solution shale 
site action sulphuric acid solution form aluminum sulphate bacterial action precipitate clay sulphate solution contact quartz 
bucher point certain weakness logan theory ries 
therefore seem probable halloysite least six locality material consider paper obtain result action water contain sulphuric acid 
study indianaite accept 
the three 
writer agree assign important role sulrhuriy acid cause decomposition iron sulphide point action meteoric water cause solution circulation deposition clay shale whole seem quite unnecessary postulate action bacteria formation halloysite 
the association alunite halloysite previously describe another evidence action sulphate bearing solution formation kaolin 
clay mineral commonly associate halloysite may consider paper allophane 
this material amorphous commonly glassy character variable composition 
form incrustation thin seam alternate halloysite liege belgium rarely stalactitic mass 
the pure material clear colorless hyalitelike appearance may blue pale green brown yellow 
itic clay 
alunite first detect accounting 
previous study 
extra line ray diffraction pattern indianaite 
alunite generally believe form precipitation solution carry s02 presence mineral association halloysite would tend support theory replacement sulphate bearing solution indiana occurrence 
the halloysite newtonite locality newton county ark mark prospect pit lead zinc mining region 
region oxidize zinc ore result oxidation sulphide seem evident alunite probably halloysite form action shales water contain sulphuric acid 
the halloysite liege belgium know come region old zinc mine association alunite make seem probable sul 
llophane related material describe various name 
observe riemann griifenthal near saalfield thuringia line cavity marl name allophane stromeyer hausmann the name riemannite apply material locality breithaupt follow year 
sack describe elhuyarit brown coal riesdorf near bonn 
carolathine material similar allophane lower water describe sonnenschein zabrze near gleiwitz upper silesia 
dana describe samoit since list allophane 
optical examination material locality roebling col 
logan biochemical theory origin indianaite science new ser vol 
kaolin indiana indiana dept 
conservation div 
geology pub 
bucher logan explanation origin indiana kaolin econ geology vol 
cross whitman alunite deposit rosita hill coloo 
survey bull 
ransom the geology ore deposit goldfield nev geol 
survey prof paper 
stromeyer hausmann gottinglsche gelehrte anzeigen vol 
breithaupt hoffmann handbuch der mineralogie vol 
sack scohweigger jour 
phi vol 
sonnenschein ueber da carolathin deutsch 
zeitschr vol 
dana system mineralogy 
dana idem 6th 
halloysite and allophane 
lection united state national museum show that silica alumina ratio range 
amorphous crystalline prob one half far 
ably montmorillonite rather allophane 
the ratio report schrotterite range 
material describe schr otter opaline allo 
phane vicinity freienstein styria name schrotterite glocker 
chemical composition 
these material agree amorphous contain essential silica alumina large variable proportion water 
many specimen contain various proportion base report plumballophane identified 
chemical analysis five specimen allophane 
widely separate locality give first 
table analysis relate mineral 
next table 
monte vecchio sardinia 
styria blue color due presence chryso 
chemical analysis allophane 
colla small amount report material styria sand mountain cherokee county ala some allophane 
liege belgium 
laurium greece 
dutch county 
monte vecchio sardinia 
tudied preparation report find contain notable proportion 
the description allophane relate min rals give literature indicate great variability material 
all describe amorphous term apply finely crystalline well truly amorphous material 
examination sample label allophane collection united state national museum show many finely crystalline commonly 
fe20aa mgo cao 
k20 na20 h20 h20 
ti02 cuo zno c02 p20s 
none none 
impure halloysite 
seem evident truly 
amorphous material term allophane 
crystalline submicroscopically crystalline 
the iron assume present fe20a ferrous iron clay mineral commonly within limit analytical error 
material assign mineral 
the ray method study make possible 
distinguish amorphous submicroscopically cry the material whose analysis give fore 
tallin material possible 
go table essentially hydrous aluminum 
terials first study 
the character silicates minor propo rtions various base 
previously describe material cannot deter the water high varying 
mine available restudy old 
ratio aluminum silica 
description analysis part useless 
follow liege morehead lau 
however publish analysis serve indicate rium dutch county monte 
variability material describe vecchio 
all sample allophane con 
allophane schrotterite 
analysis allo tain base negligible material 
phane give literature si02 range percent alzoa 
morehead high material monte vecchio ratio total base 
percent hzo percent 
the abundant base 
copper zinc specimens laurium 
scbrotter anton uber den untheilbaren opaline allophan ein neue mineral specie zeitscbr 
math vol 
glocter handbuch fiir mineralogie 
bombicci luigi plumballofane sardegna soc 
atti vol 
schrotter anton jour 
chemie vol 
mallett scbrotterite cherokee county ala 
sci vol 
monte vecchio mineral associate ore deposit 
some specimen allophane schrotterite find chemical composition indicate intermediate normal allophane evansite 
the chemical analysis 
shorter contribution general geology 
phosphate bearing allophane relate evansite material name viterbite 
give follow table 
apply santa rosa viterbo boyaca colom1 bia follow chemical composition si02 
ohemica ooazyses phosphate mineral 
l20 fe20s h20 
the index refraction determine 
type material 
thus chemical optical proper 
si02 ·-- alz03 
cao none 
k20 na20 h2o 
th10220 cu0 
1n4 on43e 
zno ·-------------~-- 
tie similar ajlopluine eyansite 
ron ind 
study forego 
dicates may variation typi 
none ral phosphate free allophane evansite 
optical study ray diffraction pattern 
hydration curve show allophane relate 
material definite atomic structure 
amorphous structureless mutual 
lutions various oxide water 
such material 
definite chemical composition wide variation composition 
cuss chrysocolla foot 
the mine appear pres gre test difficulty 
iron sum present fe20a 
analysis american locality 
fahey waldemar geol 
survey bull 
ophane evansite halloysite 
allophane evansite freienstein styria 
evansite goldburg idaho 
relation actual coniposition formula 
commonly ccur amorp 
condition case well crystallized mineral definite formulae commonly give reference work subject 
examination facts show however many amorphous mineral actual composition find 
the analysis specimen beautiful water clear may differ widely indeed theoretical value 
allophane associate hailoysite indianaite rom huron ind show percent slightly 
quired formula .··* the mineral chr ysocolla chemical compound formula sign solid solution copp oxide silica water 
blue schvotterite dollanger mountain frei essential compon nt whose composition depend upon 
enstein styria roebling collection national condition formation 
this tentative view 
museum contain percent silica composition chrysocolla generally adopt logh 
percent another specimen brandberg styria show abundant qualitative chemical test 
previously recognize schrot 
calli extend larg numper minera 
occur amorphous condition 
allophane essentially amorphous solid solu 
terite probably definite mineral helm tion silica alumina water evansite 
hacker state schrotterite type 
amorphous solid solution phosphorus alumina 
locality freienstein styria mixture earthy water expect two type mate 
glassy clear n1aterial 
the glassy material rial may occur together 
homogeneous mixture 
halloysite tlie earthy material variscite 
brend also evident amorphous material may 
i report material fro freienstein cherokee county mixture 
enter solution 
thus allophanes greece tyria contain copper 
variscite halloysite 
schrotterite saal represent chrysocolla solution allo 
feld thuringia analyze zambonini phane 
without test 
this material available reexamination p20 would recognize unless expressly look may present thuringian material 
the analysis report paper earlier study other discredit know 
port occurrence schrotterite include type n1ateriaf except thuringia even may 
phosphate bearing 
even amor 
4al helmhackei einige mineralien au der gruppe der thone 
mitt band 
rendler wolfgang mineralien sammlungen teil 
zambonini melit ein neues aluminium eisen hydrosilicat au 
thiiringen non schrotterit beglietet zeitscbr 
min vol 
uber millerit melit und schrotterit idem vol 
phous hydrous aluminum silicate high pro 
codazzi notas mineralogicas petrograficas bogota 
biblioteca del museo nacional 
foot bradley solid solution min 
erals the compo sition amorphous mineral illustrate 
sci 4th vol 
halloysite and allophane 
portion aluminum normal allophane exist hand evident different name 
best group allophane 
apply essential constituent 
evident schrotterite entirely discard ctifferent 
thus would allophane evansite 
mineral name 
material type introduce problem min from nature mineral may show mixture 
eral nomenclature 
crystalline mineral definite on1e another mixture reach 
composition vary within definite limit noticeable proportion best described 
differ fundamentally amorphous mate use two name connect hyphen 
for reason amorphous material mixture consider paper may best 
call minera oids distinguish describe allophane evansite allophane chryso 
true mineral although commonly list colla 
distinctly understood however 
mineral nearly mineralogy doubt rare consider mineral specie 
continue classify 
however assign nlei elr mixture mineral 
ment distinct name member group amorphous material differ proportion 
optical property 
essential constituent attempt 
the optical property representative group 
allophane schrotterite justified allophanes give follow table 
single name apply entire group 
optical property allophane relate phosphatic material 
index refraction 
hand specimen 
thin section 
liege belgium allophane 
clove mine monte vecchio 
tchess county sardinia 
bedford ind 
huron lawrence county indiana 
bdroalnladnbgeerrg msotuynritaain freienstein styriaschrodotterite 
viterbo colombia goldburg idaho 
viterbite evansite 
colorless colorless 
pale brown 
sky blue 
sulphur yellow 
light blue very light blue 
colorless colorless 
pale blue 
white brown nearly colorless 
slightly variable 
determine wright schaller 
other ross 
this table show small variation index refraction even large difference chemical composition great variation specimens far 
therefore evident mineral carinot distinguish either optical ray proper tie chemical analysis necessary 
ray diffraction pattern characterize absence trace line 
one diffuse band trace other appear 
such trace vbserved however different pattern 
dehydration two typical allophanes subject dehydration test result give follow table curve figure 
dehydration data allophane 
liege belgium 
temperature loss water temperature loss water 
shorter contribution general geology 
the dehydration data give precede table high temperature water combination dehydration curve plot therefrom show kaolin mineral kaolinite dickite nacrite gradually decrease loss water break halloysite 
temperature figure dehydration curve allophane 
prominent flexure 
this show allophane difference manner water combine high low temperature 
the curve characteristic material water hold solution chemical combination 
this confirm chemical ray data show allophane definite atomic structure chemical composition mutual solution silica alumina water minor base accessory acid radicle 
