need publication serve purpose please return geological survey use official mailing label end united state department the interior addition the wilcox flora from kentucky and texas geological survey professional paper 
united state department the interior harold ickes secretary geological survey mendenhall director professional paper addition the wilcox flora from kentucky and texas edward berry shorter contribution general geology page unite states government print office washington for sale superintendent document washington price cent 
abstract introduction locality 
kentucky texas systematic description index 
illustration page plate 
addition wilcox flora kentucky texas 
addition the wilcox flora from kentucky and texas 
edward berry 
abstract five new specie localities texas four locality kentucky describe paper 
number previously know specie also discuss figure 
introduction since manuscript professional paper submit publication writer receive considerable additional material wilcox flora various source 
far large amount collect western kentucky prof joseph roberts university virginia summer 
wilcox flora unique number variety botanical type excellence preservation would seem desirable bring literature date insofar material hand writer concern especially material transfer geological survey store national museum 
the present paper attempt list specie occur scattered locality kentucky texas discus figure limit number new noteworthy specie 
locality kentucky fossil plant first discover kentucky year ago wicklift ballard county loughridge specie identify lesquereux 
visited region record specie 
the collection make joseph robert represent follow plant specie associate shell small unioniclae caddis worm case folindusia anona robertsi 
apocynophyllum mississippieiise 
banisteria pseudolaurifolia 
banksia saffordi 
bumelia wilcoxiana 
capparis eocenica 
carapa eoligiiitica 
carpolithus fagaraformis 
cassia glenni 
glenni major puryearensis 
cedrela odoratifolia 
berry revision lower eocene wilcox flora southeastern state description new specie chiefly tennessee kentucky 
survey prof paper 
berry the low eocene flora southeastern north america 
survey prof paper 
celastrocarpus eocenicus 
dalbergia eocenica 
dryophyllum puryearense 
drypetes prelateriflora 
ficus puryearensis 
leguminosites drepanocarpoides 
magnolia angustifolia 
mespilodaphne eoligiiitica 
mimosites lanceolatus 
mimusops eolignitica 
myrcia bentonensis 
nectandra pseudocoriacea 
palaeodendron americanum 
persea wilcoxiana 
reynosia praenuntia longepetiolata 
sabalites grayanus 
sapindus eoligniticus 
sophora mucronata 
the foliowhig figure without discussion dryophyllum puryearense 
magnolia leei knowlton 
anona obertsi berry 
cassia puryearensis berry 
the locality boaz graf county also discover loughridge collection study lesquereux 
record six specie locality follow form recognize robert collection bring total specie anona ampla 
apocynophyllum mississippiense 
artocarpoides wilcoxensis 
banksia saffordi 
canavalia eocenica 
carapa eolignitica 
carpolithus burseraformis 
cassia fayettensis 
coccolobis eoligiiitica 
cryptocarya wilcoxiana 
dillenites microdentatus 
berry revision lower eocene wilcox flora southeastern state description new specie chiefly tennessee kentucky geol 
survey prof paper 
shorter contribution general geology 
diospyros wilcoxiana 
dryophyllum puryearense 
engelhardtia ettingshauseni 
euonymus splendens 
ficus myrtifolia 
gleditsiophyllum eocenicum 
heisteria sapindifolia 
juglans schimperi 
laguncularia preracemosa 
magnolia angustifolia 
mespilodaphne coushatta 
metopium wilcoxianum 
mimosites variabilis 
mimusops eolignitica 
myrcia vera 
myrica elaenoides 
nectandra lancifolia 
oreodaphne mississippiensis 
sapindus forniosus 
schefflera formosa 
sideroxylon ellipticus 
sophora wilcoxiana 
tlie third locality discover robert viola graf county south boaz 
the following specie contain robert collection anacardites puryearensis 
anona eolignitica 
antholithes amentiferus 
apocynophyllum mississippiense 
mississippiense ovatum 
banisteria repandifolia 
banksia saffordi 
bombacites eocenicus 
canavalia acuminata 
capparis eocenica 
carapa eolignitica 
carpolithus puryearensis 
cassia emarginata 
cedrela mississippiensis 
celastrus minor 
chrysobalanus inaequalis 
combretum wilcoxense 
dalbergia wilcoxiana 
diospyros wilcoxiana 
dodonaea wilcoxiana 
dryophyllum puryearense 
drypetes prelateriflora 
engelhardtia ettings hauseni 
ficus fructus rostrata 
heisteria sapindifolia 
heterocalyx saportana 
icacorea prepaniculata 
ilex eolignitica 
juglans occidentalis 
leguminosites andiraformis 
melastomites verus 
meniphylloides tennesseensis 
mespilodaphne coushatta 
metopium wilcoxianum 
mimusops sieberifolia 
myrica puryearensis 
nectandra parvula 
nyssa wilcoxiana 
oreodaphne mississippiensis 
paliurus mississippiensis 
paraengelhardtia eocenica 
psychotria grandifolia 
reynosia praenuntia longepetiolata 
rhamnites knowltoni 
rhamnus coushatta 
sabalites grayanus 
sapindus eoligniticus 
sophora mucronata 
ternstroemites lanceolatus 
vantanea wilcoxiana 
sand grain caddis case 
figure without discussion ficus myrtifolia berry 
sapindus linearifolius rry 
melastomites verus berry 
celastrus taurinensis ward 
combretum wilcoxense berry 
caddis case 
fish scale 
texas summer receive albert kirn somerset tex considerable collection wilcox flora make mile northwest lytle laredo road 
this locality atascosa county mile southwest san antonio gillam land 
the collection contain specie ampelocissites lytlensis 
anacardium kirni 
anemia eocenica 
anona ampla 
apocynophyllum wilcoxense 
artocarpoides kirni 
artocarpus pungens 
banistsria repandifolia 
wilcox flora from kentucky and texas 
celastrus taurineiisis 
cinnamomum postnewberryi 
cucurbit scrobiculatus 
dryophyllum tennesseense 
engelhardtia ettingshauseni 
euonymus splendens 
ficus mississippiensis 
gleditsiophyllum eocenicuni 
glyptostrobus europaeus 
heisteria sapindifolia 
lygodiuni kaulfussi 
magnolia angustifolia 
nyssa eolignitica 
oreodaphne obtusifolia 
palmocarpon butlerene 
proteoides wilcoxensis 
sabalites grayanus 
terminalia eolignitica 
locality mile northeast lexington lee county tex glenn stewart collect specimen wilcox flora carrizo sand 
the following plant determine collection cinnamomum 
dryophyllum tennesseense 
juglans schimperi 
from collection make julia gardner old parmenter place northeast mount pleasant titus county tex follow plant determine leguminosites arachioides minor 
liquidambar wilcoxianum 
palmocarpon butlerense 
systematic description moraceae artocarpoides kirni berry 
plate figure leave relatively large show considerable variability size 
elongate elliptical outline margin entire sometimes markedly undulatory 
texture coriaceous 
length range centimeter 
maximum width range centimeter 
petiole miss 
midvein stout prominent 
secondary stout prominent irregularly space camptodrome 
tertiary thin percurrent oblique secondary nearly right angle midvein 
areolation indistinct 
this form characteristic base considerable number incomplete specimens collectively show feature interest specie 
the specie rather close previously describe artocarpoides 
balli differs lack ovate form point tip less prominent areolatior thinner tertiary attitude tertiary transverse instead oblique right angle midvein instead secondary 
the secondary new form also less regular spacing arrangement ascend 
the venation characteristic atlocarjioides exceedingly like various eecent entire specie artocarpus example artocarpus rigida linne artocarpus integrifolia linne 
also much like american tropical tertiary eecent genus coussapoa may really relate although coussapoa never certainly recognize outside equatorial america 
this third specie artocarpoides recognize wilcox 
occurrence near lytle atascosa county tex 
collect kirn 
dezierzanowski farm mile northeast carpenter bexar county tex 
collect lewis macnaughton 
plate figure ball ill express cpinioii nominal specie artocarpus late cretaceous early eocene well extreme variant discover texas variety single botanical specie call artocarpus lessigniana lesquereux kiiowlton 
quite prepared admit contention partly wholly true think ball prove doubt much possible proof material disposal paleobotanists ever likely available 
meanwhile seem important consideration keep mind 
the whole trend work paleobotany least work regard good direction fine discrimination away lump doubtful relative single name unless evidence particularly strong violence do reasonableness geographic geologic range 
thoroughly believe propriety call attention possibility probability botanical identity form give differ names ball able quote opinion mine support conclusion 
however believe go far formally change name quote synonymy matter conclusively establish mind systematist use work 
berry addition flora wilcox group 
survey rof 
ball bot 
gazette vol 
texas agr 
bull 4th ser vol 
shorter contribution general geology 
form include ball artocarpus lessigniana correctly identify single specie remarkable range laramie vermejo wilcox term european chronology danian ypresian stage range extend million year include quite different ecologic group 
exactly sort thing exemplify ettingshausen study tertiary flora new zealand australia year ago responsible widespread opinion among geologist fossil plant lack precise stratigraphic value 
this opinion form point many connection fault fossil plant 
some ball material bastrop county tex pass hand figure two interesting specimen photograph make time geological survey laboratory show detail figure publication cite 
occurrence bastrop county tex 
anonaceae anona ampla berry plate figure anona ampla berry geol 
prof paper 
identical fossil comparison regard relatively profitless probably mislead 
occurrence viola graf county kentucky 
malpighiaceae banisteria repandifolia berry plate figure banistefia repandifolia berry geol 
prof paper 
always desirable study fossil leaf indeed type fossil large amount material order student may get idea extent variation within specie 
there unusually large series leave specie 
collection viola addition show considerable range size leave indicate rather constant short stout petiole considerable narrow normally round base winch last sometimes quite inequilateral great variability extent tip develop typical apiculate dripping point 
occurrence viola graf county anacardiageae anacardium kirni berry plate figure 
this species record seven locality west tennessee southwestern texas 
the size specie range centimeter length centimeter width 
basal half enormous leaf locality near lytle atascosa county tex percent large specimen hitherto encounter suggests total length centimeter measure width centimeter 
occurrence near lytle atascosa county tex 
leguminosae leguminosites violensis berry 
plate figure this species represent narrow linear rather flat pod circular compress seed centimeter diameter 
both end go single specimen length centimeter without sign taper 
the width centimeter 
more specie legimiinosae record wilcox majority base upon foliage 
the pod describe probably represent one specie 
rather numerous genus among three principal family alliance could mention whose live representative pod like fossil pod example cassia leucaena mimosa 
particular see exist south american cassia pod practically 
anacardium kirni berry wash acad 
jour vol 
seed unsymmetrically reniform side vievr 
somewhat compress broadly round distad narrow point proximad somewhat bean shape less symmetrical legume know 
length millimeter maximum width millimeter maximum thickness millimeter decrease proximad 
surface smooth 
sinus millimeter base 
trace seed coat 
specie base upon single specimen cannot describe properly possible limit variation determine 
the genus anacardium contain specie shrubs tree exist flora 
outside cultivation confine american wet tropic 
the leaf rather characteristic fruit exceedingly 
saporta long ago propose form genus anacardites fossil leaf suppose belong family anacardiaceae could refer certainty exist genus family 
about score specie refer anacardites single exception note presently resemble genus mangi era anaphremium spondias like leaf anacardium 
the exception mention anacardites balli berry berry the middle upper eocene flora southeastern north america geol 
surv prof paper 
wilcox floea feom kentucky and texas 
jackson eocene fayette sandstone brazos grime county tex 
although cannot demonstrate conclusively believe form closely related anacardmm identification render probable discovery seed describe 
these nut although greatly resemble fruit leguminous genus dalbergia find colombia ecuador peru abundant material oligoceiie peru make possible demonstrate inner secretory layer outer seed coat doubt identity 
add interesting tropical element wilcox flora 
occurrence near lytle atascosa county tex 
sapindaceae carpolithus pseudimaformis berry 
plate figure excellent specimen fruit appear related fruit several exist genus sapindaceae contain collection wickliffe ballard county 
bicarpellary papillate somewhat compress iiidehiscent centimeter high centimeter wide central axis terminate small persistent sytle 
show superficial resembalance member rutaceae example fagara piperitum candolle large lack two persistent style mostly disjunct capsule family 
the general resemblance certain genus sapindaeeae african genus aporrhiza radlkofer particularly south american genus pseudima radlkofer 
the resemblance latter suggest specific name 
the genus monotypic exist flora base shrub tree northern south america guiana northern brazil 
occurrence wickliffe ballard county celastraceae celastrus violensis berry 
plate figure leave small ovate outline stout petiole broad ultimately decurrent base acute tip 
margin serrulatioiis widely space interspersed shallow curve sinus 
length centimeter maximum width centimeter 
midvein relatively stout 
secondary pair diverge midvein angle irregularly space camptodrome 
this characteristic little leaf resembles group exist south african specie celastrus berry 
sci 5th ser vol 
berry jour 
paleontology vol 
berry john hopkins univ 
study geology 
buxifolius leptopus nemorosus rupestris acuminatus cassinoides also putterlwkia pyracantha general region 
this resemblance interest believe significance 
the present contribution add two specie genus already represent wilcox six specie 
occurrence viola graf county celastrus robertsi berry 
plate figure leave medium size ovate outline broadly round base acute tip 
length centimeter maximum width centimeter 
midvein stout prominent 
secondary stout opposite subopposite pair diverge midvein angle rather straight subparajlel camptodrome 
tertiary percurrent secondary camptodrome outside sal secondary extend fairly prominent serrate teeth margin short curve branch shewn accompany illustration 
this species similar form size feature celastrus ferrugineus ward fort union formation montana differs minor particular chiefly few secondary 
associate small medium size celastrus much large specie record several locality wilcox call celastrus taurinensis ward 
specimen viola figured plate figure present contribution 
certain unevaluated difference wilcox material fort union type obvious chiefly finer marginal teeth former student may well doubt validity identification 
recently sanborn referred specie ward aralia 
occurrence viola graf county olacaceae heisteria sapimlifolia hollick berry heisteria sapindifolia hollick berry torreya vol 
apocynophyllum sapindifolium hollick harris veatcl 
preliminary report geology louisiana 
berry geol 
survey prof paper 
prof paper 
calycites milanensis berry geol 
survey prof paper 
recently show concrescent cilices describe specie calycites genus heisteria family olacaceae among ward type laramie flora geol 
sanborn carnegie inst 
shorter contribution general geology 
fossil leaf associate calices one show feature identity leave exist specie heisteria long know widely distribute wilcox name apocynopliyllum sapindijolium 
believe available evidence warrant unite leaf calices record different locality along eastern western shore wilcox embayment single specific name 
the disconnected modern range genus olacaceae strongly suggest family extend tertiary history although paleobotanists usually ignore two specie record represent genus olax linne erythropalum blume 
the identification base carpologic material describe reid chandler london clay 
these specie like american representative low eocene age show thus early tertiary family present two continent 
the genus heisteria present wilcox specie refer contains score exist specie tree almost wholly confined tropical central south america sparingly represent tropical west africa 
the fossil calices closest various central american specie acuminata costaricensis leave resemble large number exist specie genus minimum sized leaf 
conceive writer follow hutchinson recent arrangement olacales place celastrales rhamnales consider derived celastrales rhamnales also believe derive 
vitaceae ampelocissites lytlensis berry plate figure ampelocissites lytlensis berry wash acad 
jour vol 
kirn park texas acad trans vol 
seed relatively small ovate profile broadly round distad bluntly obliquely pointed proximad inflate crustaceous coat 
somewhat flattened region furrow result conduplicate habit embryo 
there fairly sharp keel furrow furrow diverge somewhat clistacl extend slightly half length seed 
side opposite furrow well marked central elongate depression contain hilum 
this depression continue upward apex shallow furrow downward narrow raphe groove base chalazal point end 
the surface seed reid chandler the london clay flora pis fig british mu 
evenly round thrown irregular obliquely transverse ridge ampelocissus tetrastigma 
length millimeter maximum width millimeter maximum thickness millimeter 
this seed differ vitis short less prominent raphe less prominent furrow transverse ornamentation hint southern ancestor vitis rotundi olia michaux 
the fossil lack also cordate apex stipitate base vitis 
resembles seed ampelocissus feature therefore regard intermediate ampelocissus vitis propose generic term ampelocissites 
the exist genus ampelocissus planchon contain specie find tropic hemisphere 
largely old world asia africa habitat represent also antilles central america 
western tropic however largely replaced numerous specie prolific tropical genus cissus 
the fact ampelocissus occur three continent indication antiquity characteristic seed indistinguishable exist specie describe writer eogene northwestern peru 
the genus vitis exist cies confine northern hemisphere although thrives cultivation antipodean region equatorial temperate zone 
the genu 
tetrastigma contain exist specie native tropical subtropical asia malaysia eastward far new guinea 
several characteristic fossil specie seed described london clay ypresian upper eocene hampshire basin england also brown coal germany 
kirn park refer specie certain leaf associate seed type locality 
these leave similar grenada formation western tennessee describe cissites asymmetricus 
occurrence near lytle atascosa county tex 
bombacaceae bombacites eocenicus berry plate figure bombacites eocenicus berry geol 
survey prof faper 
the genus bombacites propose bombacites formosus low eocene berry john hopkins univ 
study geology 
reid chandler the london clay flora 
british mu 
history reid chandler the upper eocene flora handle hants palaeont 
kirchheimer braunkohle 
jahrg heft fig 
survey prof paper 
wilcox flora from kentucky and texas 
one specie describe low eocene wilcox year later third specie describe upper eocene jackson 
the last may regard justice conclusively identify 
the present specie describe wilcox eocene galloway county identification base upon limited amount material 
recently collect material viola graf county mile northwest type locality leaflet species abundant specimen excellent state preservation although invar detach 
this abundance specimens well preserve condition affords one opportunity get idea range variation specie usually vouchsafe student foliar remains 
that appertain single botanical specie despite rather wide limit variation demonstrate close association identity facies texture areolation 
specimen illustrate obviously impossible figure 
they range size lanceolate form measure centimeter slightly ovate form measure centimeter though broadly lanceolate oblanceolate subelliptical form large much centimeter length 
the base narrowly widely cuneate sometimes slightly acuminate 
the apex varies round acute frequently acuminate 
the petiolule always short stout midvein invariably stout prominent 
the secondary numerous angle divergence become less decrease relative width leaflet 
the areolation texture rather uniform throughout 
the degree prominence character marginal teeth vary considerably range straight serrate dentate even crenate 
the teeth may minute absent proximad present throughout extent margin prominent 
the difference present specie two wilcox specie point original discussion hold good variant matepxl subsequently collect 
individual leaf may pick show superficial resemblance bombacites formosus careful comparison discloses difference already point 
the specie fine one present series strike illustration hazard describe specie single specimen since one variant one know might take type distinct specie 
occurrence bell city pottery pit yard east galloway county 
viola graf county 
survey prof paper 
combretaceae bucida eocenica berry 
plate figure leave obovate subsessile frequently somewhat inequilateral round apex broadly angle narrowly cuneate slightly decurrent base 
margin entire 
texture coriaceous excessively thicken 
length centimeter 
maximum width middle centimeter 
midveiii unusually stout prominent expand base 
secondary pair stout regularly space diverge midvein angle degree ascend less subparallel curve eventually camptodrome 
tertiary immerse leaf substance 
the present form entirely unlike anything eviously know wilcox yet unfortunately represent small amount material 
agrees remarkably size outline feature leave exist black olive bucida buceras linne shrub tree shore brackish marsh equatorial america range southern florida antilles central america northern south america 
the genus moiiotypic exist flora 
there genera family contain specie resemble present fossil less closely example eugenia myrtaceae bumelia sapotaceae oitharexylon verbenaceae although may skepticism fossil represent bucida exactly believe represent modern genus closely related extinct one belong family combretaceae 
the oriental red mangrove lumnitzera often similar leaf general leave coriaceous differ detail slight probability ever rep esented mississippi embayment 
occurrence wickliffe ballard county combretum wilcoxense berry plate figure combretum wilcoxense berry geol 
prof paper 
incomplete perfectly characteristic leaf specie illustrate show extent fall water galleried cecidomyia larva 
occurrence viola graf county araliaceae schefflera 
elliptica berry plate figure schefflera 
elliptica berry geol 
survey prof paper 
the single small leaf figure undoubtedly belongs specie specimen 
shorter contribution general geology 
holly spring sand henry county tenn describe name rather tentatively referred genus schefflera 
the present specimen somewhat short rounded type tip complete make appear round really 
size texture venation character petiolule leaf clearly identical tennessee type 
occurrence wickliffe ballard county myrsinaceae icacorea prepaniculata berry plate figure icacorea prepaniculata berry geol 
survey prof paper 
sci vol 
this species wide geographic extent later wilcox rather uncommon find heretofore three locality western tennessee one texas smith county 
the specimen figure show unmistakable evidence ravage leaf cut bee 
occurrence viola graf county ebenaceae diospyros 
miriflorianum berry plate figure this identification base upon single specimen figure compare diospyros miriflorianum berry sandstone jackson age formerly 
designate fayette sandstone webb count tex 
the present specimen probably distinct 
texas form incomplete accurate dis 
tinction characterization 
represent rather 
large five parted concrescent calyx five narrow 
parallel side lobes surround characteristic col 
lared disk 
the disk millimeter diameter 
whole calyx centimeter 
fossil agree diospyros miriflorianum 
five lobed differs small disk parallel 
margin lobe 
there strike resemblance 
five lobed concrescent calyx heisteria guianensis 
engler family olacaceae 
careful comparison decide favor rela 
tionship diospyros 
occurrence mile northeast lexington lee 
county tex 
cucurbit scrobiculatus berry 
plate figure 
seed relatively large compress lenticular obovate profile asymmetrically round distad truncate proximad slight smooth border millimeter diameter widen toward hilum 
surface prominently ornament irregularly round pit millimeter diameter 
length centimeter maximum width centimeter maximum thickness millimeter 
texture coriaceous 
occurrence near lytle atascosa county tex 
berry geol 
prof paper 
plate figure 
dryophyllum puryearense berry 
magnolia leei knowlton 
bastrop county tex 
geological sukvey 
peofessional paper plate 
wilcox flora 
geological survey 
professional paper plate 
wilcox flora 
banisteria repandifolia berry 
bucida eocenica berry 
leaf icacorea prepaniculata berry cut insect 
ficus myrtifolia berry 
leguminosites violensis berry 
plate figure 
bombacites eocenicus berry 
viola bell city pottery pit from geol 
survey prof paper 
geological survey 
professional paper plate 
wilcox flora 
geological survey 
professional paper plate 
wtlcox flora 
plate figure 
ampelocissites lytlensis berry dorsal ventral side view 
near lytle atascosa county tex 
miriflorianum berry 
mile norteast lexington lee county tex 
carpolithus pseudimaformis berry 
cucurbit scrobiculatus berry 
slightly enlarge 
near lytle atascosa county tex 
anacardium kirni berry 
near lytle atascosa county tex 
schefflera elliptica berry 
anona robertsi berry 
celastrus taurinensis ward 
sapindus linearifolius berry 
caddis case 
fish scale 
mandy tenn 
melastomites verus berry berry 
celastrus violensis berry 
celastrus robertsi berry 
cassia puryearensis berry 
leaf combretum wilcoxense berry cecidomyia gallery 
plate all figure three fourth natural size figure 
artocarpoides kirni berry 
near lytle atascosa county tex 
anona ampla berry 
near lytle atascosa county tex 
geological survey 
professional paper plate 
wilcox flora 
page abstract 
acuminata canavalia 
acuminatus celastrus 
amentiferus antholithes 
americanum palaeodendron 
lyt ensis 
ampla anona 
andiraformis leguminosites 
anemia eoeenica 
angustifolia magnolia 
antholithes amentiferas 
apocynophyllum mississippiense 
mississippiense ovatum 
arachioides leguminosites 
asymmetricus cissites 
balli anacardites artoearpoides banisteriapseudolaurifolia repandifolia 
banksia saffordi bentonensis myrcia boaz list specie bombacaceae bombaeites eocenicus 
formosus —------------------------------- 
catha buceras bucida bucidabueeras 
bumelia wilcoxiana burseraformis carpolithus butlerense palmocarpon buxifolius celastrus 
calyeites milanensis canavalia acuminata 
cappariseocenica carapaeolignitiea carpolithusburseraformis fagaraformis gronovi pseudimaformis 
puryearensis carrizo sand flora 
cassia emarginata 
fayettensis glennl glenni major puryearensis 
cassinoides celastrus caudata 
lauras cecidomyia 
cedrelamississippiensis odoratifolia puryearensis 
celastraceae celastrocarpuseocenicus celastrus aeuminatus 
buxifolius cassinoides ferrugineus leptopus minor nemorosus robertsi 
rupestris taurinensis 
chrysobalanus inaequalis cinnamomum postnewberryi cissites asymmetricus cissus citharexylon coccolobis eolignitica combretaoeae combretum wilcoxense 
eostaricensis heisteria coushatta mespilodaphne rhamnus coussapoa cryptoearya wileoxiana 
cucurbitaceae cucurbit scrobiculatus 
eoeenica wilcoxiana dillenites mierodentatus diospyros 
miriflorianum wdcoxiana —-------------------------------------------------------------- 
dodonaea wilcoxiana drepanocarpoides leguminosites dryophyllum puryearense 
tennesseense drypetes prelateriflora ebenaceae elaenoides myrica elliptica schefflera .--—-- --—- 
ellipticus sideroxylon pmarginata cassia engelhardtiaettingshauseni 
—.—— ———. 
eocenicum gleditsiophyllum 
eocenicus bombacites 
eolignitica anona 
ilex ...—— -——— ——— 
nyssa ——- 
terminalia ——— 
eoligniticus sapindus 
ettingshauseni engelhardtia 
euonymus splendens 
europaeus glyptostrobus 
fagara piperitum fagaraformis carpolithus fayettensis cassia ferruginous celastrus ——— ——— ficus fructusrostrata mississippiensis myrtifolia 
occidentalis pandurifolia pseudolmediafolia pseudopopulus puryearensis schimperi tennesseensis vaughani wilcoxensis ——————————— folindusia .——— ———— formosa schefflera formosus bombacites sapindus fructus ficus ———— 
——————-- ————— 
laguncularia preracemosa lanceolatus mimosites ternstroemites 
lancifolia nectandra laurus caudata leei magnolia leguminosae 
leguminosites andiraformis arachioides minor 
drepanocarpoides violensis 
leptopus celastrus lessigniana artocarpus lexington tex specie linearifolius sapindus liquidambar wilcoxianum longepetiolata reynosia praenuntia lumnitzera lygoilium kaulfussi lytle tex list specie 
lytlensis ampeloeissites magnolia angustifolia leei major cassia glenni malpighiaoeae mangifera melastomites verus meniphylloides tennesseensis mespilodaphne coushattn eolignitica metopium wilcoxianum 
microdentatus dillenites milanensis calycites mimosites lanceolatus variabilis mimusops eolignitica sieberifolia minor celastrus 
leguminosites arachioides miriflorianum diospyros mississippiense apocynophyllum cedrela ---— ficus 
gardner julia collection ——— 
gleditsiophyllum eocenicum glenni cassia glyptostrobus europaeus grandifolia psychotria -—— grayanus sabali gronovi carpolithus ——— ——- guianensis heisteria ——— costarieensis —————— ———— 
——— ——— sapindifolia —————— ——— ——- ———— heterocalyx saportana hilgardiana terminalia icacorea prepaniculata 
ilex eolignitica inaequalis chrysobalanus integrifolia artocarpus juglans occidentalis schimperi 
kaulfussi lygodium kentucky locality kirn collection kirni anacardium 
knowltoni khamnites sapindus --,..-,-.„-.,.,.--------------------..---.-------------.-..---.. 
mount pleasant tex specie mucronata sophora myrcia bentonensis vera wortheni myrica elaenoides puryearensis ------— myrsinaceae myrtifolia ficus 
nectandra lancifolia parvula —----------------------------------------------------------------- pseudocoriacea puryearensis wilcoxensis nemorosus celastrus 
nyssa eolignitica vilcoxiana obtusifolia oreodaphne occidentalis ficus juglans odoratifolia cedrela 
olacaceae ——---———— ————--———— olax ————— ——— ——— ————- 
oreodaphne mississippiensis obtusifolia ovatum apocynophyllum mississippiense palaeodendron americanum 
paliurus mississippiensis 
page palmocarpon butlerense pandurifolia ficus paraengelhardtia eocenica parvula nectandra persea wilcoxiana piperitum fagara poacitessp ———— ——- ——- postnewberryi cinnamomum praenuntia reynosia prelateriflora drypetes prepaniculata icacorea 
preracemosa laguncularia proteoides wilcoxensis pseudima pseudimaformis carpolithus 
pseudocoriacea nectandra pseudolaurifolia banisteria pseudomediafolia ficus pseudopopulus ficus psychotria grandifolia pungens artocarpus ..—— puryearense dryophyllum 
puryearensis anacardites 
carpolithus cassia —————— ——— 
cedrela .-——— ————— ———— ——— ——— ————-—— ficus myrica 
nectandra putterlickia pyracantha pyracantha putterlickia repaadifolia banisteria 
reynosia praenuntia longepetiolata rhamnites knowltonl rhamnus coushatta rigida artocarpus robert collection ————— ———— robertsi anona 
rostrata ficus fructus rotundifolia vitis rupestris celastrus sabalites grayanus saffordi banksia sapindaceae sapindifolia heisteria —-- ——— ——— sapindifolium apocynophyllum sapindus eoligniticus formosus knowltoai 
mississippiensis .--———————--—— --———— --——— saportana heterocalyx 
page schefflera 
————————————— —————— —————— elliptica formosa schimperi ficus juglans —————- 
scrobiculatus cucurbit ——- sideroxylon ellipticus sieberifolia mimusops ——— sophora mucronata repandifolia wileoxiana ——— ——— —————- ————— ———— splendens euonymus spondias stewart qlenn collection —-------------------------------------------- 
taurinensis celastrus —-- -----—-- tennesseense dryophyllum tennesseensis ficus meniphylloides 
terminalia eolignitica 
hilgardiana —.- ternstroemiteslanceolatus tetrastigma 
texas locality iti 
vantanea wilcoxiana variabilis mimosites vaughani ficus vera myrcla —--- verus melastomites 
viola list specie violensis celastrus 
vitaceae -—— ——- ———- —————— ——— ---— vitis ——.. —--—-— ——— ————— rotundifolia —.. 
wickliffe list specie 
wilcoxease apocynophyllum 
wilcoxensis artocarpoides 
ficus ———— --——-——— ———— 
wilcoxiana bumelia 
wilcoxianum liquidambar ——. 
wortheni myrcia 
