summary appraisal nation ground water resource tennessee region geological survey professional paper 
north carolina 
car lin 
ge0 rgia 
nebr kans 
water resource region letter indicate chapter designation chapter publish press 
professional paper series 
geographic index series geological survey professional paper summary appraisal nation grind water resource 
boundary show establish united state water resource council water resource region united state 
summary appraisal nation ground water resource tennessee region ann zurawski geological survey professional paper ground water development management opportunity region united states government print office washington 
united state department the interior cecil andrus secretary geological survey william menard director 
library congress catalog publication data 
zurawski ann 
summary appraisal nation ground water resource tennessee region 
geological survey professional paper 
bibliography l34 l35 
water underground tennessee river watershed 
series unite state 
professional paper 
gb1027 t46z87 
for sale superintendent document ernment printing office washington stock 
page abstract introduction the ground water resource ground water streamflow major aquifer unconsolidated aquifer carbonate aquifer fracture noncarbonate aquifer aquifer productivity occurrence ground water blue ridge valley ridge cumberland plateau highland rim central basin coastal plain quality ground water 
page development ground water resource l23 ground water use potential development availability dependability treatment need cost development temperature stability efficiency small scale development supplemental conjunctive use underground storage locate ground water supply data need water resource management conclusion reference 
map show water resource council region united state 
map show physiographic subdivision tennessee region 
map graph show mean annual monthly precipitation mean monthly temperature tennessee 
diagram show hydrologic cycle water budget typical stream 
diagram show effect ground water level streamflow 
hydrograph show base flow buffalo river near lobelville water year 
graph ground water recharge six drainage basin 
streamflow duration curve six gag station 
diagram show kind water bearing opening three major type aquifer tennessee region 
map show distribution major aquifer type 
map show range median value specific capacity select well 
sketch show idealized geologic hydrologic condition physiographic subdivision 
tennessee region 
blue ridge 
valley ridge 
cumberland plateau 
highland rim 
central basin 
coastal plain 
map show result chemical analysis ground water physiographic subdivision tennessee region 
graph show range median six chemical constituent untreated ground water tennesee region treat finished water large city united state 
hydrograph water level test well manchester tenn show seasonal trend response rainfall 
graph pump rate water level well colbert county ala pump test 
illustration show kind data use derive criterion locate test well site 
map show location well geological survey observation well network 
table page 
comparison water budget typical stream tennessee region water budget pomperaug beaverdam creek basin l10 
day year low flow six gaging station 
probable yield major aquifer type tennessee region 
water use tennessee region iii 
english acre acre foot foot ft3 mi2 cubic foot per second per square mile ft2 foot square per day gal min gallon per minute gal min gallon per minute per foot 
inch inch per year mgal million gallon per day mile mi2 square mile 
content metric unit 
metric cubic meter meter km2 cubic meter per second per square kilometer meter square per day li liter per second liter per second per meter millimeter millimeter per year cubic meter per day kilometer km2 square kilometer 
summary appraisal the nation ground water resource tennessee region include part tennessee and adjacent state ann zurawski 
abstract ground water abundant little use resource tennessee region square mile area dominate tennessee river system include part alabama georgia kentucky mississippi north carolina tennessee virginia 
onefifth one fourth precipitation fall region enters grind water reservoir 
during year approximately amount water leave ground water system sustain dry weather flow stream 
recharge region million gallon per day million gallon per day per square mile 
the major type aquifer region unconsolidated material include sand regolith carbonate rock fracture noncarbonate rock 
one aquifer type occur six physiographic subdivision region 
the productivity aquifer depend hydraulic property distribution property 
the unconsolidated sand aquifer homogeneous composition predictable occurrence 
these aquifer commonly yield gallon per minute per well depend thickness sand penetrate 
the difficult aquifer predict regard depth yield carbonate rock 
aquifer possible drill dry hole within hundred foot well capable produce several thousand gallon per minute 
however adequate reconnaissance study determine occurrence ground water plan test drilling program yield gallon per minute per well expect carbonate aquifer 
potential yield fracture noncarbonate aquifer low carbonate rock 
the chemical physical property grind water tennessee region usually within limit recommend environmental protection agency drink water ground water shallow aquifer tend free pathogenic microorganism 
saline water know occur significant quantity region 
million gallon per day ground water use tennessee region 
this less percent ofthe total quantity ofwater use region percent estimate ground water recharge 
ground water use chiefly source water supply rural area small town 
lesser amount use industry commercial establishment locate beyond limit municipal water supply system 
however potential significantly increase use order augment surfacewater supply utilize total water resource efficiently 
hydrologic study adequate test drilling would greatly increase chance locate large amount ground water especially nine tenth tennessee region underlain 
either carbonate rock fracture noncarbonate rock highly variable water bearing property 
collectively study useful develop concept hydrologic system would permit development criterion select well sit area similar geological hydrological setting 
hydrologic study include test drilling conduct part region except cumberland plateau 
some basic data necessary hydrologic study geologic map well record streamflow record available throughout region 
however detailed information groundwater level ground water quality aquifer characteristic equally available throughout region 
this type information cannot obtain quickly need must product continue program study design evaluate tennessee region ground water resource 
because ofthe interdependence ofground water surface water water management effort fully effective involve whole water resource 
tennessee region surface water highly control present regionwide waterresources management plan include ground water 
introduction the significance ground water resource often fully recognize area surface water abundant 
ground water hidden view require special technique define occurrence availability 
planner water manager make decision affect development water resource always adequate information evaluate ground water alternate supplemental source water 
order demonstrate nation ground water large important resource geological survey undertaken broad perspective appraisal ground water resource region united state divide water resource council fig 
the purpose regional appraisal show many part nation ground water play significant role regional water supply warrant study consideration regional developmental planning 
summary appraisal the nation ground water resource 
oahu molokai maul 
hawaiid 150miles 
caribbean covirgin island mile 
figure water resource council region united state 
the tennessee region coincides tennessee river basin area mi2 lie mainly tennessee alabama north carolina include small part virginia georgia kentucky mississippi 
this diverse area include part six physiographic province distinctive topography geology fig 
the tennessee river system play major role region development 
historically severe flood along tennessee river hinder industrialization region 
the tennessee valley authority create congress regional resource development agency early begin construct dam along tennessee control flood promote navigation produce electric power 
the harnessing river follow industrialization population growth high standard living 
the flow tennessee river tributary however small part region water resource 
july record million acre useable water store tennessee river reservoir system tennessee valley authority 
this billion ft3 water 
kaufman write commun 
estimate billion ft3 ground water available storage tennessee region 
while approximate figure difficult verify indicative magnitude difference ground water surface water storage even fully regulate river system 
many area surface water available large quantity ground water available development 
ground water neglect resource tennessee region increase pressure utilize resource efficient 
figure physiographic subdivision tennessee region modify hunt miller adams other butt laforge other 
zztr gtrs trj trj trj zztr rnj trj 
mean monthly 
precipitation the tennessee 
35o ala explanation rainfall inch state line basin boundary 
mean monthly 
the tennessee 
grow season 
modify from map tennessee valley authority division water control plan hydraulic data branch tennessee river basin mean annual precipitation year period scale mile bse baa 
figure mean annual monthly precipitation mean monthly temperature tennessee region 
tzj c0z trj trj 
tennessee region include part tennessee and adjacent state 
productive manner ground water recognize integral part region water resource 
this report synthesize result previous study tennessee region appraises role ground water hydrologic system tennessee region 
provide overview occurrence ground water present potential use need management ground water integral part water resource region 
the ground water resource ground water and streamflow the source surface ground water precipitation 
average year precipitation tennessee region range 
northern valley ridge province 
mountainous eastern part fig 
the average region 
tennessee valley authority 
normal year precipitation occur winter spring month least summer fall month 
about percent yearly precipitation return atmosphere evaporation transpiration plant 
rate evapotranspiration high hot dry month plant grow 
remain percent precipitation part flow overland stream part percolate ground replenish recharge ground water reservoir fig 
water enter ground water reservoir store pore space unconsolidated deposit weather rock fracture solution opening bedrock 
characteristically ground water storage move toward area discharge spring stream well 
water level relate amount water available base flow stream volume water store ground water reservoir 
the effect water level fluctuation streamflow area underlie limestone aquifer thin soil cover show figure 
ground water area discharge rapidly period little rainfall cause decline ground water level aquifer result depletion streamflow 
stream cut deeply thick unconsolidated aquifer sustain streamflow even long period dry weather slow release ground water aquifer 
aquifer replenishment ground water time exceed outflow vice versa long period recharge discharge equal ground water discharge normal year approximately equated average annual base flow stream 
the amount ground water recharge tennessee region estimate use hydrographs streamflow six gag station water year year nearly average streamflow across region 
hydrograph separation make obtain maximum minimum estimate base flow fig 
the value obtain range percent year precipitation fig 
the average rate recharge region whole estimate percent precipitation 
this mgal mi2 mgal entire region 
the water budget show figure typical region 
the number agree previous water budget study pomperaug river basin connecticut basin underlain fracture crystalline rock thin glacial drift meinzer stearns beaverdam creek basin maryland underlie coastal plain deposit rasmussen andreasen table 
since hydrologic property aquifer tennessee region intermediate two basin reasonable water budget figure tennessee region whole fall two study 
average recharge figure serve rough guide amount ground water available withdrawal describe annual amount water pass system part capture well 
flow duration curve stream part indicator water store property aquifer 
flow duration curve construct plot specify streamflows percentage time equal exceeded gaging station 
the streamflow time depend climate drainage area topography overburden geology basin 
variation factor one basin another result variety shape flow duration curve burchett moore 
the shape low flow portion duration curve control chiefly geology basin searcy indicative interaction ground water surface water basin 
flow duration curve six long term gag station unregulated stream tennessee region show figure 
each curve representative flow characteristic stream particular physiographic province 
the effect difference size drainage area minimize plot streamflow cubic foot per second per square mile 
the decrease slope four duration curve show stream well sustained base flow indicate ability unconsolidated aquifer material store release water slowly 
big sandy river bruceton tenn traverse unconsolidated 
summary appraisal the nation ground water resource 
transpir tion 
rainfall transpiration evaporatio 
nter water table summer water 
typical water budget 
average rainfall drainage area 
stream discharge 
low flow 
overland flow 
evaporation transpiration 
figure hydrologic cycle water budget typical stream tennessee region base average value six drainage basin 
hydrologic cycle burchett 
buffalo river near lobelville tenn clinch river tazewell tenn little river near maryville tenn area cover thick regolith 
the curve wartrace creek bell buckle tenn emory river oakdale tenn markedly different curve indicate low waterstoring property rock underlie basin poorly sustain low flow 
the curve emory river oakdale show low storage capacity fracture rock cap cumberland plateau 
the curve wartrace creek show low 
storage rapid release ground water flat lie limestone aquifer central basin 
interconnected solution opening limestone rapidly discharge water temporarily store stream level 
low flow frequency analyse gag station also show base flow emory river wartrace creek much poorly sustain four stream table 
major aquifer three type aquifer occur tennessee region unconsolidated material intergranular 
tennessee region include part tennessee and adjacent state 
ground water level during wet weather tream flow round water level after long period dry weatherstream dry 
figure ground water level unconfined aquifer affect streamflow 
limestone aquifer typical central basin recharge store temporarily stream level 
when gradient toward stream ground water discharge stream sustaining flow 
solution opening drain water table become almost flat stream level streamflow cease 
porosity carbonate rock solution opening noncarbonate rock fracture fig 
one ofthese aquifer characteristic ofeach physiographic province fig 
unconsolidated aqvifers uconsolidated material significant aquifer half tennessee region fig 
coastal plain area of4 mi2 western edge region important aquifer sand formation dip west 
these formation uniformly productive aquifer region commonly yield gal min single well 
part another mi2 cover unconsolidated material refer regolith mantle disintegrate rock accumulate bedrock 
grain size range clay coarse gravel major factor determine regolith water bearing property 
the regolith hydrologically significant area thick permeable especially highland rim part blue ridge valley ridge 
area act sponge absorb store large amount ground water 
where saturate regolith yield dependable domestic supply large supply obtain fracture solution opening underlie bedrock hydraulically connect regolith 
carbonate aquifer carbonate aquifer underlie half tennessee region fig 
the rock valley 
ridge section region steeply tilt west valley ridge essentially fiat lie 
water occur opening along fracture fault bed plane become enlarge circulate ground water 
solution opening occupy small volume rock generally occur within land surface 
individual opening range fraction inch several foot height laterally extensive 
well penetrate large opening may able produce several thousand gallon per minute opening occupy small proportion rock 
result well yield vary widely carbonate terrane 
for example franklin tenn central basin north tennessee region two test well apart produce gal min respectively 
variability solution opening make well placement critical effort develop large amount ground water carbonate rock 
fractcred carbo ate aql ifers slightly third ofthe tennessee region underlain noncarbonate rock unlike coastal plain deposit little porosity aside fracture 
these rock range sedimentary rock shale sandstone underlying cumberland plateau rock subject metamorphism deformation blue ridge 
weather along fracture fault create avenue water movement 
these fracture open probably comprise less percent rock volume water bearing fracture uncommon 
maximum estimate base flow 
minimum estimate base flow 
figure base flow buffalo river near lobelville water year year average streamflow 
after day overland runoff leave basin flow supply ground water reservoir 
maximum minimum ground water contribution streamflow determine graphically water year 
for maximum ground water outflow recession curve day peak project back day peak 
arbitrary line draw peak point stream begin rise 
for minimum recession curve extend day follow peak join straight line point day peak 
this method modification describe busby armentrout moore burchett bingham 
trj e0z trj 
tennessee region include part tennessee and adjacent state 
recharge for region 
.--.·---- uwr icc 
recharge percent rainfall each drainage basjn 
figure ground water recharge include ground water evapotranspiration six drainage basin tennessee region recharge region 
this value average maximum minimum value six basin 
depth 300ft mcmaster hubbard 
the fracture great depth likely unweathered close 
fracture commonly abundant near fault 
well production determine depth size degree interconnection fracture penetrate thickness ofoverburden hydraulically connect fracture 
fractured rock generally consider poor aquifer generally adequately test determine water yield potential 
newcome smith report well produce gal min rare cumberland plateau 
however town wartburg tenn three well time drill 
report produce gal min 
drill great smoky mountain national park 
mcmaster hubbard show 
fracture rock hydraulically connect thick reg 
olith properly locate well produce gal min 
aquifer productivity 
aquifer productivity use report refers rate ground water withdrawn aquifer particular locality continue basis mean well group well 
well yield determine hydraulic property aquifer 
tennessee region however areal variability property aquifer combine lack 
summary appraisal the nation ground water resource 
table comparison water budget typical stream tennessee region water budget pomperaug river beaverdam creek basin 
value give percent precipitation 
pomperaug beaverdam 
creek basin 
tennessee region 
evapotranspiration total runoff streamflow ground water runoff base flow change storage 
not calculate 
data many area make definition aquifer productivity difficult 
several approach sed quantify aquifer productivity 
the basic hydraulic property aquifer transmissivity rate water transmit aquifer storage related amount water release drain part water table aquifer lower pressure artesian aquifer 
the nearly aquifer approach uniformity water bearing property applicable measure hydraulic characteristic 
tennessee region unconsolidated aquifer ofthe coastal plain section western margin region l variable hydraulic property 
two aquifer test indicate transmissivity ft2 storage 
coefficient mcnairy sand confine unconsolidated aquifer boswell other 
however nine tenths region underlain carbonate fracture noncarbonate aquifer far uniform hydraulic property 
five aquifer test madison county ala indicate transmissivity range ft2 storage coefficient fort payne chert malmberg down 
similar large variability aquifer hydraulic property evident result aquifer test make elsewhere tennessee region typical carbonate aquifer 
another indicator aquifer productivity specific capacity well rate yield per unit drawdown 
although specific capacity influence part condition around well properly qualify specific capacity data indicate property aquifer 
the range specific capacity show figure illustrate high degree variability hydraulic property aquifer tennessee region although low value may result poor well design rather aquifer property 
this variability critical importance develop ground water supply variable aquifer productivity great 
risk failure obtain desired amount ground water particular site 
tennessee region least variability yield well tap unconsolidated aquifer 
the great variability carbonate rock aquifer cover thin patchy mantle regolith 
economic term great variability yield mean preliminary study test well flexibility well location probably need obtain desired amount ground water 
another approach quantify aquifer productivity estimate probable yield could obtain well locate basis geologic hydrologic information 
table show yield might expect different type aquifer tennessee region 
these yield single well construct obtain maximum yield least available drawdown 
the number base figure give cederstrom area geology similar tennessee region inference drawn record ofwell production region 
ground water withdrawal ultimately limited rate recharge aquifer 
tennessee region maximum withdrawal continue basis mgal per square mile area contribute recharge system 
efficient economical development ground water resource tennessee region strongly influence variability aquifer productivity 
predictability well yield availability ground water supply particular site great coastal plain sand aquifer regolith mantled carbonate rock 
hence probable ground water development proceed efficiently area 
the predictability ofobtaining ground water supply poor noncarbonate rock carbonate rock regolith cover 
area development less efficient method develop locate permeable zone predict well yield great accuracy 
occurrence ground water the distribution ground water tennessee region influence difference topography geology hydrology among six physiographic province fig 
though large amount ground water exist physiographic area less preliminary study exploratory drilling usually need obtain specified supply area ground water occur intergranular pore space unconsolidated aquifer area water occur discrete fracture opening consolidate rock 
the following section describe physiographic area topographic geologic hydrologic control distribution ground water 
tennessee region include part tennessee and adjacent state 
blue ridge little river near maryville 
tenn drainage area 
valley and ridge clinch river above tazewell tenn drainage area ml1 cumberland plateau emory river oakdale ten drainage area 
highland rim buffalo river near lobelville 
tenn drainage area ml1 central basin wartrace creek bell buckle tenn 
drainage area 
-----~~,....-.-->-":':« <<-->»,.,-., lari briagisnanadgy erivearreaat 
bruceton tenn 
percent time indicate streamflow be equal exceed 
figure streamflow duration curve six gag station tennessee region 
blue ridge the part ofthe tennessee region lie within blue ridge province compose remnant ancient mountain chain 
the topography rugged relief great part region 
place dense massive bedrock contains little water except fault fracture 
bedrock mantle ofregolith range thickness foot steep slope low slope mountain 
the regolith compose sand clay rock fragment mcmaster hubbard 
store large amount water release slowly underlying fracture spring stream 
the fracture store limited 
summary appraisal the nation ground water resource 
table day year low flow six gag station tennessee region 
day year low flow cubic foot per second per square mile 
blue ridge valley ridge cumberland plateau highland rim central basin coastal plain 
little river maryville tenn clinch river tazewell tenn emory river oakdale tenn buffalo river near lobelville tenn wartrace creek bell buckle tenn big sandy river bruceton tenn 
amount water act collector transmit water overlie regolith point discharge fig 
most bedrock blue ridge noncarbonate area underlie intensely weather carbonate rock contain large amount ground water solution opening porous zone 
blue ridge province mcmaster hubbard legrand determine chance drill high produce well increase site thick cover regolith relatively low topographic position within hundred foot fault zone 
the broad valley underlain carbonate rock cades cove great smoky mountain national park may favorable site locate ground water supply 
however occur small area blue ridge 
valley and ridge the valley ridge province characterize northeast trend ridge underlie resistant rock separate valley underlain less resistant rock 
the rock formation crop long narrow belt parallel trend ridge valley belt bound fault 
the linear ridge valleys channel surface drainage 
trellis pattern long stream flow along valley floor feed short lateral stream 
all three major aquifer type occur valley ridge province 
because great difference hydraulic characteristic among aquifer geologic map essential tool well site selection province 
the shale sandstone formation fracture noncarbonate rock poor aquifer 
limestone dolomite vary solubility occur cover regolith range thickness foot extreme areal variability debuchananne richardson 
the large ground water supply soluble carbonate rock especially associate thick regolith fig 
water move enlarge fracture solution opening carbonate rock emerge place large spring 
some flow average rate gal min sun other 
the knox dolomite underlies percent ofthe province significant water bearing formation 
the productive well locate area ground water discharge stream valley els penetrate fracture zone 
these fracture zone sometimes indicate straight stream segment align tributary 
most large water bearing opening knox occur depth less swingle state surface fault indicate area deep numerous fracture allow deep solution activity 
well tap water fill solution opening low area dependable source water supply well ridge seasonal fluctuation water level small low area 
carbonate rock 
non carbonate 
rock aquifer 
figure the three major type aquifer tennessee region distinguish kind water bearing opening contain meinzer 
major aquifer type area which unconsolidated sand formation be major aquifer 
area underlain carbonate aquifer area underlain fractured noncarbonate aquifer 
combine aquifer area underlie carbonate aquifer with hydrologically significant regolith area underlain fracture noncarbonate with hydrologically significant 
area occurrence be generalize 
figure distribution major aquifer type tennessee region 
eet nnj zzt 
figure range median value specific capacity select well tennessee region gallon per minute per foot 
tennessee region include part tennessee and adjacent state 
table probable yield major aquifer types central basin coastal plain lowland 
the bed 
tennessee region 
rock highland rim consist fiat lie missis yield per well sippian carbonate 
these formation principally 
type aquifer 
gallon per minute fort payne chert cherty dolomite tuscum 
unconsolidated sand carbonate rock 
carbonate rock without regolith 
noncarbonate rock 
regolith noncarbonate rock without 
bia limestone equivalent warsaw limestone louis limestone constitute areal extensive aquifer tennessee region 
these mississippian formation weather form deep chert regolith typically hrubble zone base 
the residual chert grade gravel size 
fragment base layer clay size chert 
cumberland plateau the cumberland plateau section appalachian plateau province high adjoin valley ridge province highland rim 
extends mile northeast south west across tennessee region 
north anderson county tenn steep eastern escarpment plateau form tennessee river cumberland river divide 
the bedrock sequence mostly horizontal pennsylvanian sandstone shale conglomerate coal underlain mississippian old shale carbonate 
the mississippian carbonate expose sequatchie valley mile long linear valley cut deeply plateau 
large spring emerge along side plateau mississippian old limestone expose sequatchie valley fig 
example large spring blue spring use source water supply city jasper tenn average gal use city tennessee dept 
public health 
newcome smith report flow spring gal min seasonal variation discharge determine 
the pennsylvanian rock low permeability except fracture 
the regolith usually thin provide little ground water storage debuchananne richardson 
result uneven distribution fracture average report well yield less gal min newcome smith 
even domestic supply cannot always obtain 
however since detail study involve test drilling make full water yield potential plateau know 
wilson state cumberland county tenn sewanee conglomerate 500ft surface plateau relatively untested aquifer 
particle partially seal top aquifer create artesian condition area 
the regolith may rest directly chattanooga shale retard downward movement water commonly rest unweathered fort payne bedrock 
many place carbonate bedrock contains solution opening transmit water rapidly 
area adjacent highland rim escarpment water drain bedrock opening spring seeps 
these spring provide well sustain low flow stream dissect edge highland rim 
however broad undissected area highland rim stream barely cut regolith therefore little effect discharge water regolith solution opening 
the solution opening supply water well undissected area hydraulically connect regolith fig 
the aquifer form bedrock regolith fort payne chert name 
manchester aquifer burchett hollyday 
it areal extent determine especially western highland rim 
this basically aquifer present tuscumbia limestone fort payne chert part northern alabama 
place regolith thin little bedrock remain overlie chattanooga shale small amount ground water available 
area section mississippian carbonate rock remain beneath thick regolith however extensive solution network may develop yield large quantity water well spring 
for example discharge measurement water cress spring madison county ala indicate sustain flow gal min mgal geol 
survey alabama 
the williams well southwest huntsville ala pump continuously gal min day maximum drawdown water level 
also noted period ofpumping water 
the highland rim section interior low level mile away unaffected powell 
plateau province gently roll plateau geological survey oral commun 
cupies large part center tennessee criterion important select well site 
extensively dissected adjoins highland rim follow area least 
summary appraisal the nation ground water resource 
fracture opening 
about mile draw scale 
figure sketch ideali zed geologic hydrologic condition blue ridge province 
regolith overlie fort payne chert amplitude water level fluctuation less 10ft 
powell oral comm least mile highland rim escarpment topographic low area long shallow depression swale parallel escarpment linear feature burchett hollyday geological survey oral commun 
seismic survey indicate depth bedrock may useful exploration tool determine thickness ofoverburden joiner scarbrough 
central basin the tennessee region include southern part central basin nashville basin 
the central basin section interior low plateau province oval area middle tennessee lie low surround highland rim 
the bed 
rock carbonate rock generally flat lie locally fold 
ground water move solution enlarged vertical joint horizontal beddingplane opening fig 
soil cover usually thin surface stream cut bedrock 
the lack regolith along open joint rock allow rapid runoff infiltration precipitation 
water relatively briefly store stream level rapidly discharge stream solution opening 
result small stream respond quickly precipitation poorly sustain base flow 
deep solution opening sheetlike commonly range 
height width moore 
most solution opening within foot surface 
burchett state upper duck river basin percent ofthe water produce well central basin come depth foot land 
tennessee region include part tennessee and adjacent state 
bout mile draw scale 
figure sketch idealize geologic hydrologic condition valley ridge province 
less percent come depth great foot 
the distribution ground water central basin highly variable 
except secondary opening limestone extremely low porosity 
most well produce least water bed plane crack large solution opening relatively uncommon 
well report drillers near center hill lake tennessee north tennessee region percent central basin produce less gal min percent produce less gal min 
only well produced gal min moore wilson 
spite low report well production possible many area drill well capable produce gal min mgal 
area possible drill well capable produce several hundred gallon per minute 
about solution opening penetrate test well franklin tenn north tennessee region 
the well pump gal min hour drawdown water level another test well half mile away penetrate open 
these drilling site select basis stratigraphic criterion investigation streamflow gain loss surficial evidence solution activity 
summary appraisal the nation ground water resource 
cumberland plateau 
cumberland escarpment 
pennsylvanian shale sandstone coal fracture mississippian limestone solution opening 
ordovician old carbonate 
about mile draw scale 
figure sketch idealize geologic hydrologic condition cumberland plateau section 
the prevalence ofsolution opening limestone underlie plateau unknown 
tennessee region include part tennessee and adjacent state 
highland rim escarpment 
highland rim 
central basin 
about mile draw scale figure sketch idealize geologic hydrologic condition highland rim section 
pear use hydrologic geologic study select drilling site central basin greatly increase chance well penetrate high yield solution opening 
the knox dolomite depth surface comprises areal extensive artesian aquifer throughout central basin 
dependable source domestic water supply usually gal min less variable quality newcome smith 
the large know production well finish knox central basin gal min kernie cothran driller oral commun 
however eastern tennessee production single well knox exceed gal min 
the potential knox yield large amount ofground water central part region unknown 
coastal plain narrow strip coastal plain province extend along western edge tennessee region 
it eastern boundary approximately edge 
paleozoic rock outcrop western edge tennessee river mississippi river drainage divide 
the tennessee river flow along eastern boundary edge highland rim 
the topography west river valley moderate relief less dissected edge highland rim 
the major aquifer coastal plain section tennessee region two unconsolidated cretaceous formation coffee sand menairy formation fig 
accord boswell other mcnairy formation coffee sand capable yield municipal industrial supply nearly everywhere west outcrop 
the coffee sand yield gal min well use source water westernmost county tennessee region far north carroll county tenn 
the menairy formation however capable much great production good well produce gal min 
the mcnairy formation use source ofwater tennessee region county north 
summary appraisal the nation ground water resource 
about foot draw scale figure sketch howing idealized geologic hydrologic condition central basin nashville basin section interior low plateau province 
carroll county tenn 
the amount water withdrawn formation depend part thickness saturate sand layer construction well penetrate 
northern mississippi test well shatter paleozoic chert aquifer produce gal min specific capacity gal min newcome callahan 
the camden chert fort payne chert comprise fracture chert aquifer tennessee well 
quality ground water the natural quality ground water tennessee region depend many factor mainly upon chemical composition rock water occurs 
when water precipitation enters aquifer recharge generally low dissolve solid soft slightly acidic 
water move aquifer acquire great concentration dissolve constituent change chemical physical property 
the least change occur aquifer compose regolith 
the ground water regolith remain slightly acidic low dissolve 
this type ground water common regolith blue ridge highland rim 
water outcrop belt recharge area unconsolidated aquifer coastal plain also fairly close rainwater composition become hard high dissolve solid move deep land surface 
ground water come contact sandstone shale contain pyrite remain soft may become acidic high concentration iron hydrogen sulfide 
this type water occur noncarbonate formation valley ridge pennsylvanian shale sandstone ofthe cumberland plateau immediately chattanooga shale highland rim 
third kind change occur water contact carbonate rock 
because rainwater pass soil somewhat acidic dissolve limestone dolomite become enriched bicarbonate calcium magnesium 
dissolved solid content increase water become hard slightly alkaline 
this type chemical change occur carbonate aquifer valley 
tennessee region include part tennessee and adjacent state 
mississippi river tennessee river drainage divide recharge 
creek about mile draw scale 
predominant iithology ·.."·. 
sand jclay limestone 
figure sketch show idealized geologic hydrologic condition coastal plain province 
the cross section extend east west approximately latitude 
ridge highland rim central basin sequatchie valley cumberland plateau limestones underlie cove blue ridge 
the analysis show figure representative chemical quality ground water six physiographic area tennessee 
dissolve constituent consist mainly calcium bicarbonate ion high ground water central basin somewhat low concentration highland rim valley ridge 
unlike aquifer central basin aquifer latter two area 
consist entirely carbonate rock influence regolith noncarbonate rock see low amount dissolve constituent include calcium bicarbonate 
the analysis blue ridge cumberland plateau coastal plain area mainly noncarbonate aquifer indicate considerably low dissolved solid ground water area carbonate terranes 
blue ridge ground water occur highly weather regolith dissolved solid low 
summary appraisal the nation ground water resource 
value median milligrams per liter 
physiographic province 
blue ridge valley ridge cumberland plateau highland rim central basin coastal plain 
source analysis mcmaster hubbard sample debuchananne richardson sample newcome smith sample geol 
survey alabama bulletin sample 
test well columbia normandy franklin tenn sample boswell moore maccary other median ripley 
mcnairy sand number sample unknown 
figure result chemical analysis ground water sample physiographic subdivision tennessee region 
ground water quality reflect chemical character stream water period base flow 
extent stream use obtain integrated sample discharge aquifer underlie watershed 
betson mcmaster develop tennessee river basin model simulate mineral constituent concentration streamflow watershed underlain different type rock 
concentration value generate use regression coefficient streamflow ft3 mi2 agree fairly closely analyse figure coefficient use rock type commonly find physiographic province 
the rate water circulation within aquifer important effect ground water quality 
where circulation rapid aquifer may flush readily dissolve substance 
where reg 
olith hydraulically connect well developed opening underlie bedrock example water regolith low dissolved solid circulate rapidly opening without great increase hardness 
result situation like water well tap permeable formation highly developed solution fracture system tend low dissolved solid water poorly interconnect opening 
the quality ground water particular aquifer one place tend relatively constant time 
this property evident regolith filter water replenishes aquifer 
aquifer direct connection land surface via sinkhole example mark change quality may occur storm runoff enters system 
well developed opening highly porous mate 
tennessee region include part tennessee and adjacent state 
rial less 100ft land surface susceptible pollution strong protective measure need ensure ground water quality remain unimpaired 
study sponsor public health service identify high incidence contamination rural domestic water supply three county tennessee show presence coliform fecal coliform bacteria water sample bureau water hygiene 
fifty nine percent water supply examine failed meet bacteriological standard 
however accord report nearly every one rural individual system examine one facility deficiency 
very system construct prevent entrance contamination 
entirely probable represent contamination well site aquifer furnish water well 
water obtain relatively deep aquifer penetrate test well usually contain coliform bacteria unusual water entirely free indication contamination 
most ground water tennessee region suitable chemical character public drinkingwater supply 
figure show median range chemical constituent maximum concentration recommend environmental protection agency national academy science national academy engineering environmental protection agency 
two area median value iron exceed recommend maximum concentration sample well within recommendation 
the tennessee region know significant body saline ground water 
analysis mostly publish water well spring throughout region indicate water total dissolve solid 
the high dissolved solid content usually associate stagnant ground water poorly develop solution opening flat lie carbonate rock 
most well spring high dissolve solids central basin highland rim well tap knox dolomite central tennessee 
almost every case reportedly produce less gal min mgal 
development the ground water resource ground water use use ground water tennessee region total mgal murray reef 
this less percent estimate mgal ground water discharge annually streams tennessee region 
dication large amount available development 
the ground water use amount slightly less percent ofthe total water use region exclude use electric power generation table 
however percent population serve ground water much large totaluse figure would indicate 
accord census population tennessee region 
one third people live towns city population 
the rest live small town rural area delury 
present large town city tennessee region use surface water 
notable exception huntsville ala city obtain water big spring until1950 
now draw half supply five well one spring half tennessee river geol 
survey alabama 
part state tennessee within tennessee river basin large town supply entirely ground water tullahoma population elizabethton population 
both draw water spring tennessee div 
water resource write commun 
many small town tennessee region use ground water 
seventy nine percent small water distribution system serve few people use ground water least half supply 
town other withdraw water small stream grow present surface source may become inadequate ground water could play major role supplement supply 
the rural population tennessee region obtain water supply well spring 
approximately mgal use rural domestic purpose 
contrast third water use livestock irrigation ground water murray reef 
industry tennessee region source water use mgal ground water 
this percent water use self supply industry power generating plant 
addition industrial use ground water supply many business isolated area service station motel 
spring use raise fish constant temperature low turbidity ground water 
potential for development gro und water generally overlook water supply tennessee region abundance surface water 
only small part ofthe available ground water supply percent average annual recharge use 
the advantage 
summary appraisal the nation ground water resource 
large city 
recommend maximum concentration 
recommend range 
coastal plain central basin highland rim cumberland plateau valley and ridge blue ridge 
include analysis 
median range 
milligram per titer 
recommend maximum concentration 
recommend maximum concentration 
tennessee region 
ii0 milligram per liter 
milligram liter 
chloride recommend maximum concentration 
recommend maximum concentration 
miligrams per liter 
milligram per liter 
note nitrate concentrafion influence well depth and construction and 
may not representative ground water expect 
recommendation from environmental protection agency 19l51 and environmental study board nat 
sci acad 
eng value for large city from durfor and becker analysis use be the same those figure 
figure median range six chemical constituent untreated ground water ofthe tennessee region treat finished water large city united state 
also give recommend maximum minimum value constituent drink water 
table water use tennessee region from murray reef 
use water 
water withdrawn mgal ground water surface water 
public supply rural domestic use livestock irrigation self supply industrial use exclude power generation power generation thermoelectric power generation hydroelectric total 
use ground water water supply follow widespread availability general dependa 
bility particularly depth minimal amount treatment require relatively low cost develop ground water supply uniform temperature chemical character 
ground water use efficiently small scale development water supply rural community industry small town 
addition ground water potential supplemental conjunctive use surface water supply 
there grow interest feasibility advisability inject fresh water aquifer storage 
the use underground space storage liquid practice limited scale region 
tennessee region include part tennessee and adjacent state 
ail bility many part tennessee region ground water available amount comparable might obtain surface water impoundment 
contrast surface water impoundment however grind water reservoir store water minimal evaporation insulate degree pollutant available diverse point 
addition groundwater supply develop quickly low cost compare time cost create surface water storage 
depe dabii common belief ground water level continually decline part country 
however true place pumpage ground water greatly exceed natural recharge 
tennessee region ground water level show normal seasonal trend 
water level usually decline grow season april november rise remainder year groundwater system recharge precipitation fig 
shallow dug well dependable source supply period prolong drought generally dug deep enough allow extreme decline water level 
however production drill well penetrate deep solution cavity water bearing formation generally seriously reduce drought 
area ground water develop local lowering water level occur result pumping 
however pumpage within capacity aquifer supply water rate water level decline gradually diminish water level stabilize 
the response water level various rate pump show figure 
nowhere region ground water development cause significant depression water level although instance inadequate space well cause excessive water level drawdown localized area 
treatment need ground water tennessee region usually need less treatment surface water make acceptable us 
often use untreated cool process water industrial plant 
chlorination basic treatment need drinkingwater supply 
case aeration need dissipate dissolve gas hydrogen sulfide precipitate dissolve iron 
buffering may need especially water system low ground water mix slightly alkaline surface water 
ground water usually low turbidity 
generally require filtration meet turbidity standard drinking water 
ground water additional advantage uniform chemical quality would therefore require less monitoring surface water supply 
for example turbidity surface water increase storm runoff ground water turbidity usually constant except shallow carbonate aquifer direct connection land surface sinkhole 
result minimal treatment need ground water supply low cost treatment facility instal well field 
this make possible multiple self contain unit locate point use water rather single treatment plant extensive distribution system 
cost development another potential benefit ground water development relatively low cost 
cederstrom estimate north atlantic state cost large supply ground water wellhead take account cost locate develop well well field range cent per thousand gallon depend aquifer material 
many aquifer material study area similar tennessee region range coastal plain sediment ground water obtain cheaply carbonate rock ground water development costly 
the investment require construct operate ground water distribution facility reduce place water require little treatment 
study alternative water supply may reveal economic incentive use ground water 
example small utility district central hamilton county tenn owe proximity surfacewater intake system site nuclear powerplant tennessee river study alternative source water make 
the result investigation indicate use ofground water knox dolomite would lower cost provide finished water consumer much percent utility district use well 
temperature stability relatively constant annual temperature average annual air temperature area occur characteristic ground water 
this characteristic make extremely useful cool industrial process constant temperature require 
tennessee region ground water temperature normally range 
grow use ground water heat exchange medium heat pump 
heat cool build 
summary appraisal the nation ground water resource 
water year 
water year march april 
figure water level fluctuation test well manchester tenn show seasonal trend burchett 
ings much efficient ground water air rather air air interface constant temperature high specific heat water 
efficiency for small scale development owe scale ground water development ground water tennessee region great potential sole water source small community industry remote large reservoir 
sparsely populated area small rural community multifamily well may efficient water supply connect pipeline large centralized water distribution system lehr 
cederstrom conclude cost analysis groundwater supply north atlantic state large water requirement consist many small moderate demand distinctly separate point ground water supply may serve admirably cost point view 
this approach take lincoln county tenn geological survey undertaken cooperative study lincoln county public utility commission investigate occurrence availability ground water 
aid develop ground water supply small community throughout county 
for industrial use cost instal well develop well field may compare favorably cost long pipeline connect municipal system 
also initial cost would defray low operation maintenance cost ground water facility 
where sufficient ground water cannot obtain site water pip well favorable site contemplate chattanooga tenn rima geological survey oral commun 
supplemental and conjuctive use area ground water alone inadequate supply need amount water play supplemental role 
there several situation use ground water would attractive alternative source supply 
for example town grow gradually point demand water occasionally exceed supply available groundwater source surface water impoundment might need 
however need severe enough 
tennessee region include part tennessee and adjacent state 
jzo lcc 
figure pump rate water level well colbert county ala pump test harris other 
justify major construction ofthis nature ground water even relatively small amount could supply peak water demand 
area surface water available municipality face alternative build pipeline connect another water system develop ground water supply 
situation thorough investigation available ground water resource warrant high cost constructing pipeline 
ground water also play role urban development water supply outlying area growth 
conjuctive use ground water surface water receive little attention tennessee region 
the following example illustrate knowledge ground water surface water interaction could increase efficiency use 
chattanooga tenn plan modify water system normally use water stream subject occasional chemical pollution 
the stream monitor pollution occur system draw water nearby well surface water usable 
ground water could also use augment low flow stream supply water system maintain sufficient flow assimilate waste 
when large surface water impoundment make could benefit ground water user reduce ground water level fluctuation vicinity 
surface water store without use impoundment suitable aquifer available 
such aquifer recharge surface water time high flow withdrawal dry period 
well field also use capture subsurface flow stream bed induce flow stream toward well 
alluvial aquifer tennessee region cover reservoir fluctuation temperature aquifer cause infiltration river water 
the ground water temperature lag month behind river temperature 
warm winter coolest summer 
this property could useful heat cooling purpose 
cndergroundstorage deep well use tennessee region disposal liquid waste 
two industry new johnsonville tenn 
pleasant tenn use well disposal chemical waste 
oak ridge tenn medium level liquid radioactive waste inject shale formation cement grout solidify cannot move point injection laguna 
aquifer tennessee region capable completely isolate inject liquid substance 
therefore possibility exists inject liquid would 
summary appraisal the nation ground water resource 
displace poor quality water migrate upward aquifer use source water supply 
the use aquifer storage fresh water strongly consider region 
the inadequacy information local ground water movement currently make difficult evaluate feasibility environmental impact inject fresh water deep aquifer later withdrawal 
locate ground water supply ground water necessarily available adequate quantity precisely need especially carbonate rock 
the chance find adequate supply grind water greatly increase drill production well precede hydrologic study area determine favorable area high produce well test drilling verify area 
many area drill test pump one test well might require satisfactory supply obtain 
cost analyis ground water supply north atlantic region cederstrom state average yield well one area commonly give literature guide might obtain well construct supply water domestic use potential yield aquifer determine 
the average yield therefore represent something little great average need measure full potential well rock type study 
tennessee region generally low production well report drill contractor tend discourage exploration large groundwater supply almost area except coastal plain 
for example part upper duck river basin tennessee highland rim percent well report tennessee division water resource produce gal min less 
however test hole drill area percent produce gal min less percent produce gal min burchett 
the reason success test drilling use site selection criterion base hydrologic concept occurrence availability water fort payne regolith bedrock 
site selection criterion practical application understand hydrologic system area 
part tennessee region control ground water occurrence well define 
two area coastal plain northern alabama 
test drilling great smoky mountain national park mcmaster hubbard help 
identify criterion blue ridge 
however part region criterion either nonexistent incomplete 
the cumberland plateau area little test drilling water do 
consider unreliability flow surface streams plateau report difficulty obtain even domestic ground water supply area intensive study plateau water resource would contribute information need fill big gap knowledge tennessee region ground water hydrology 
central basin highland rim valley ridge province ongoing study geological survey include test drilling lead development site selection criterion greatly improve chance obtain large ground water supply carbonate rock terranes 
these criterion continually test refined 
some hydrologic control province tennessee region discuss section occurrence ground water 
site selection criterion vary one area another depend factor great influence groundwater distribution 
use criterion guarantee large ground water supply locate merely increase chance drill successful well especially site choose basis several different criterion 
for example test drill test pump definition surface geology subsurface structure map soil thickness correlation withdrawal ground water piezometric map prepare period high low water level basis locate develop well field limestone terrane near huntsville ala capable produce gal fraction cost propose surface water supply lamoreaux powell 
figure illustrate kind information use select drilling site central tennessee 
also note area great variability ground water occurrence especially carbonate rock aquifer single test hole adequate determine maximum amount ground water available particular site 
once ground water supply locate characteristic hydrologic system take account design pump facility 
the optimum design balance well yield operate efficiency undesirable impact hydrologic system example diminution stream spring flow interference nearby well deterioration water quality result induce recharge 
one frequently neglect princi 
tennessee region include part tennessee and adjacent state 
figure type data use derive criterion locate test well site 
summary appraisal the nation ground water resource 
pie well field design adequate spacing well avoid interference 
for example town waverly tenn provided water two well less apart reportedly produce gal min 
pumpage well create deep cone depression around well marcher other 
third well drilled city own lot two municipal well could supply sufficient water use production well 
effect three well function single well withdrawal exceed capacity aquifer supply water small area 
likely well place sufficiently far away influenced pump two would produce adequate amount water 
the necessary spacing well could calculate aquifer test data 
land use also affect ground water development 
for example sinkhole development possible consequence ground water utilization part tennessee region underlain carbonate rock 
where considerable lowering ground water level predict likelihood accelerate sinkhole formation investigate newton other 
well withdraw water would naturally discharge stream spring 
pump well inevitably reduce ground water supply discharge point may eventually alter ground water gradient enough cause surface water enter aquifer 
while effect may serious may even beneficial plan groundwater use would ideally include evaluation impact ground water surface water 
this particularly important ground water surface water use conjunct groundwater withdrawal atfect streamflow time low flow need sustain surface water flow great 
data need accurate assessment area potential ground water development possible adequate data exist acquired define ground water system 
much basic data require even small area study cannot obtain short period must collect continue basis 
geologic data well record water level water quality data information aquifer characteristic typical information require foundation hydrogeologic study 
large scale general purpose geologic map available nearly everywhere tennessee region 
addition mineral exploration provide subsur 
face stratigraphic data many area 
large quantity unpublished well record available result state law require drillers submit information well drill 
this information soon exceed well per county state 
some ofthis information computer list state water resource agency 
federal state water resource agency also keep well record log 
the great deficit ground water basic data record water level water quality aquifer test 
northern alabama unusual completeness basic record 
for example show figure number network observation well operate 
geological survey northern alabama part tennessee region equal number remainder region even though percent region alabama 
outside alabama observation well sparse give representative information physiographic province region 
strengthen observation well network large scale groundwater development take place would provide necessary information water level base line ground water quality aquifer behavior natural stress drought 
record natural ground water level fluctuation particularly important alone conjunction stream seepage investigation identify recharge discharge area 
identification source contamination critical recharge area order manage ground water quality 
large ground water supply subject minimal water level variation often locate near ground water discharge area 
hence identification area aid exploration ground water 
aquifer characteristic determine pump test know region 
many ofthe pump test make serve chiefly test well performance rather aquifer characteristic 
governmental regulation ofpublic water supply increase quantitative information pump test require satisfy need anticipated regulation 
the result pump test would useful define aquifer characteristic regional basis 
accord assessment availability ground water data tennessee valley mcmaster tennessee valley authority write commun july density utility age publish report ground water information highly variable 
large area reconnaissance report publish exist region 
these report generally base rather cursory well inventory cover large area 
only part 
tfcky ----------------------------------------..·-"'"'""""' essee 
tennessee valley authority division waur contjiol plan hydraulic data iranch 
geological survey observation well network 
tennessee region 
zzte rrte ztl zte rte 
figure location well geological survey observation well network 
summary appraisal the nation ground water resource 
tennessee region northern alabama kentucky north carolina adequately cover report small area useful define well site selection criterion 
detailed geohydrologic study involve test drilling aquifer test necessary understanding ground water hydrology would allow development criterion locate feasible area develop high produce well 
the result study consider regional metropolitan industrial water plan management program 
the study hydrologic system tennessee region require considerable time 
however present source supply place severe stress result major drought population expansion degree water management deal problem depend part much information available well hydrologic system critical area understood 
information require deal problem might include thing untapped ground water supply locate part region least ground water storage ground water surface water use conjunct effect utilize one 
water resource management effective management water resource cannot deal water problem isolation relate hydrologic system whole 
stress impose one part hydrologic system certain repercussion part system 
this true whether stress apply ground water surface water 
for example ground water withdrawal reduce low flow stream intercept ground water naturally discharge stream 
impoundment surface water increase quantity ground water storage alter head relationship aquifer 
although surface water resource tennessee region heavily develop regionwide plan managment ground water combine ground surface water resource region 
the response hydrologic system stress may experience point distant place stress apply 
for reason study management water resource accomplish effectively within hydrologic boundary rather political boundary 
yet many organization include government agency whose function study manage water resource program operate within political boundary state county 
deal broad implication hydrologic problem either two approach could 
consider close coordination among organization involvement organization whose jurisdiction include entire hydrologic system 
past conflict matter fund mean implement management policy arise course attempt coordinate effort several organization concerned water 
notable success manage water resource basin wide scale achieve agency delaware river basin commission tennessee valley authority 
however tennessee valley authority establish primarily control tennessee river call upon direct major effort toward develop region ground water resource though support ground water study part region 
the need regionwide ground water management plan yet press present infancy ground water development tennessee region 
absence crisis regional ground water management plan could serve several purpose coordinate data collection interpretive study indicate efficient economical use ground water resource region recommend measure maintain quality present potential ground water supply provide support predict environmental impact ground water diversion mean digital model would simulate conjunctive functioning ground water surface water system 
regardless ground water management plan would administer formulation implementation conjunction surface water management plan recognize interdependence ground water surface water provide utilization aspect region water resource fullest potential 
conclusion ground water abundant resource tennessee region 
much one fifth one fourth ofthe precipitation fall region enters grind water reservoir year 
significant part mgal contribute annually ground water reservoir precipitation available development 
less percent estimate ground water recharge amount mgal use tennessee region 
this less percent total quantity water use region 
there therefore large potential increase development ground water supply 
present ground water use chiefly rural area small community industry 
tennessee region include part tennessee and adjacent state 
commercial establishment beyond limit munic areal extent relatively uniform distribution 
ipal water supply system 
this use ground water ground water area greatest potential 
small scale development practical economical ground water development 
many part region ground water chemical constituent physical property 
obtain near point use eliminate ground water tennessee region usually 
need water impoundment extensive distribu within limit recommend environmental 
tion system 
the cost reduce need protection agency drinking water 
water uncon 
minimal treatment facility solid aquifer regolith tends soft low 
ground water development 
dissolve solid slightly acidic 
carbonate rock 
ground water also use large com water usually hard somewhat alkaline 
munities augment exist supply 
use ground water noncarbonate rock generally soft 
water provide peak demand standby part region may contain certain undesir 
emergency water source uncommon ten able amount iron sulfate 
saline water 
nessee region many opportunity exist know occur significant quantity region 
ground water could use along surface because nine tenth tennessee region 
water supply obtain maximum benefit underlain rock highly variable water 
water resource 
conjunctive use ground water bear property one major problem 
surface water use well obtain water veloping ground water resource locate open 
maintain minimum streamflow ings would supply quantity water require 
give much consideration tennessee region 
hydrologic study include adequate test drilling 
this kind development well use aquifer pump test would greatly increase chance 
storage surface water period excess obtain quantity ground water need 
flow require degree knowledge ground water formation study would useful devel 
occurrence movement present unavail oping concept hydrologic system 
able region 
ground water occur thus permit formulation 
the amount ground water available ten criterion select well sit geologically 
nessee region recharge area hydrologically similar area 
hydrologic study 
cover would mgal mi2 the degree cluding test drilling undertaken 
quantity recoverable depend section region except cumberland plateau 
hydraulic property aquifer areal these study regard begin 
narrow strip along western edge already indicate ground water 
region coastal plain province underlie source much region significantly large 
unconsolidated sand aquifer large anticipate 
coverage detail 
part ground water recharge could recover port lack ofthe region basic data 
proper development 
aquifer yield give site require make adequate appraisal water 
predictable coastal plain source always available 
some data 
els region well produce hydrologic study geologic map well record 
gal min possible 
streamflow record available throughout 
however one tenth tennessee region region 
however adequate information ground 
lie coastal plain 
the remainder underlain water level ground water quality aquifer char 
carbonate rock fracture noncarbonate rock 
the acteristics available part region 
water bearing property rock variable both basic data interpretation derive 
result high exploration cost develop tensive study essential tool manage 
ground water 
carbonate rock little reg ground water resource predict result 
olith occur central basin part developmental activity 
the information need 
valley ridge variable well management cannot obtain immediately 
yield range less gal min much need must product continue pro 
several thousand gal min within short distance 
gram understand evaluate tennessee 
important factor aquifer productivity gion water resource 
because ground water devel 
region occurrence regolith 
thick reg opment largely neglected region 
olith store grind water release slowly opportunity establish data base manage 
opening underlie rock 
carbonate aquifer ment capability stress region water 
thick regolith occur highland rim source increase point management prob 
part valley ridge 
because great lems become difficult solve 
summary appraisal the nation ground water resource 
present management region water resource unbalance 
due establishment tennessee valley authority surface water control high degree regionwide however comparable attempt manage ground water systematically 
any plan fully develop water resource base hydrologic principle recognize interdependence ground water surface water provide utilization aspect region water resource fullest potential 
reference adams george butt charles stephenson cooke wythe geology alabama alabama geol 
survey special rept 
betson roger mcmaster william nonpoint source mineral water quality model water pollution control federation jour 
boswell moore maccary other cretaceous aquifer mississippi embayment geol 
survey prof paper burchett charles water resource upper duck river basin central tennessee tennessee div 
water resource water resource series 
burchett charles hollyday tennessee new aquifer geol 
america ab 
burchett charles moore gerald water resource upper stone river basin tennessee div 
water resource water resource series 
bureau water hygiene evaluation tennessee water supply program summary environmental protection agency busby armentrout kansa streamflow characteristic part base flow data kansa water resource board tech 
butt charles geologic map appalachian valley virginia explanatory text virginia geol 
survey bull 
cederstrom cost analysis ground water supply north atlantic region geol 
survey watersupply paper cressler charles geology ground water resource walker county georgia georgia geol 
survey inf 
cushing boswell speer hosman other availability water mississippi embayment geol 
survey prof paper davis lambert 
hansen arnold subsurface geology ground water resource jackson purchase region kentucky geol 
survey water supply paper 
debuchananne richardson ground water resource east tennessee tennessee div 
geology bull 
laguna wallace radioactive waste disposal hydraulic fracture ab 
ground water 
delury george editor the world almanac new york newspaper enterprise assoc dodson chester harris wiley geology ground water resource morgan county alabama alabama 
survey bull 
dufor charles becker edith public water supply large city united state geol 
survey water supply paper environmental protection agency interim primary drinking water standard federal register 
part march 
feth preliminary map conterminous united state show depth quality shallow ground water contain part per million dissolved solid geol 
survey hydrol 
geological survey alabama environmental geology hydrology huntsville madison county alabama alabama geol 
survey atlas ser 
grantham rodney stokes william ground water quality data georgia geol 
survey open file report harris moore west geology ground water resource colbert alabama alabama geol 
survey county rept 
harris wiley mcmaster geology ground water resource lawrence county alabama alabama geol 
survey bull 
hunt charles physiography united state san francisco london freeman company joiner thomas scarbrough leon hydrology limestone terranes geophysical investigation alabama geol 
survey bull 
part leforge lawrence cooke wythe keith arthur campbell marius physical geography georgia georgia geol 
survey bull 
lamoreaux powell stratigraphic structural guide development water well well field limestone terrane alabama geol 
survey rept 
legrand ground water piedmont blue ridge province southeastern state geol 
survey circ 
lehr jay let promote individual cluster well rural water system water well jour march 
mcmaster geology ground water resource athens area alabama alabama geol 
survey bull 
mcmaster harris general geology ground water resource limestone county alabama reconnaissance alabama geol 
survey county rept 
mcmaster hubbard water resource great smoky mountain national park tennessee north carolina geol 
survey hydrol 
malmberg down geology groundwater resource madison county alabama alabama geol 
survey county rept 
marcher bingham lounsbury ground water geology dickson lawrenceburg waverly area western highland rim tennessee geol 
survey water supply paper meinzer 
occurrence ground water united state discussion principle geol 
survey water supply paper meinzer 
stearns study ground water pomperaug basin connecticut special reference intake discharge geol 
survey water supply paper 
miller robert the geologic history oftennessee tennessee div 
moore hydraulics sheetlike solution cavity grind water 
july august 
tennessee region include part tennessee and adjacent state 
moore gerald burchett charles bingham roy 
limestone hydrology upper stone river basin central 
tennessee tennessee div 
water resource 
moore gerald wilson john water resource ofthe 
center hill lake region tennessee tennessee div 
source water resource series 
murray richard reeve bodette estimate use 
water united state geol 
survey circ 
national academy science national academy engineering 
water quality criterion environmental protec 
tion agency ecol 
research ser epa 
newcome roy callahan 
water industry 
corinth area mississippi mississippi board water com 
missioner bull 
newcome roy smith ollie ground water 
source cumberland plateau tennessee tennessee 
water resource 
geology ground water resource knox dolo 
mite middle tennessee tennessee div 
water resource 
water resource series 
newton copeland scarbrough sink 
hole problem along propose route interstate highway 
near greenwood alabama alabama geol 
survey circ 
peace richard geology ground water resource 
russelville area alabama alabama geol 
survey bull 
peace richard link donald geology 
ground water resource northwestern north carolina north 
carolina dept 
water air resource div 
ter ground water bull 
rasmussen andreasen hydrologic budget 
beaverdam creek basin maryland geol 
survey open file report rima moran mary wood jean groundwater supply murfreesboro area tennessee geol 
survey water resource inv 
sanford ground water condition huntsville area alabama jan thru june alabama geol 
survey circ 
ground water marshall county alabama reconnaissance alabama geol 
survey bull 
searcy james flow duration curve geol 
survey water supply paper sun criner pool large spring east tennessee geol 
survey water supply paper swingle george geology mineral resource ground water cleveland area tennessee tennessee div 
tennessee dept 
ofpublic health division ofwater quality control water quality management plan low tennessee river basin tennessee valley authority division water control plan annual report fiscal year precipitation tennessee river basin annual tennessee valley auth div 
water management data service branch rept 
well francis ground water resource western tennessee geol 
survey water supply paper wilson john ground water resource geology cumberland county tennessee tennessee div 
water resource 56p 
