structure stratigraphy upper cretaceous 
o01f paleogene stratum north horn formation 
eastern san pitch mountain utah 
sedimentation front 
sevier orogenic belt 
geological survey bulletin 
chapter structure stratigraphy upper cretaceous paleogene stratum north horn formation eastern san pitch mountain utah sedimentation front sevier orogenic belt timothy lawton peter tail robert hobbs james trexler malcolm weiss douglas burbank multidisciplinary approach research study sedimentary rock constituent evolution sedimentary basin ancient modern geological survey bulletin evolution sedimentary basin uinta and piceance basin 
department the interior bruce babbitt secretary geological survey dallas peck director 
any use trade product firm name publication descriptive purpose imply endorsement government 
united state government print office for sale usgs map distribution 80x25286 building denver federal center denver 
library congress catalog publication data 
structure stratigraphy upper cretaceous paleogene stratum north horn 
formation eastern san pitch mountain utah sedimentation front 
sevier erogenic belt timothy lawton 
geological survey bulletin 
evolution sedimentary basin uinta piceance basin 
include bibliographical reference 
geology stratigraphic cretaceous 
geology stratigraphic 
geology utah san pitch mountain region 
north horn 
formation utah lawton timothy forest 
series evolution 
sedimentary basin uinta piceance basin 
abstract iii introduction iii location method nomenclature age stratigraphy basal contact basal conglomerate unit low redbed unit sheet sandstone unit coal bear unit calcareous siltstone unit big mountain unit coal canyon unit upper redbed unit wale tongue flagstaff limestone structural geology petes canyon imbricate zone coal canyon big mountain duplex axhandle block timing thrust fault relative north horn deposition conclusion reference cite 
plate plate pocket 
measure section show stratigraphy north horn formation east central san pitch mountain utah 
geologic map east central range front san pitch mountain utah 
map show 
geology region study east central utah 
geology san pitch mountain utah location measure 
chart show age nomenclature north horn formation informal 
member san pitch mountain 
schematic cross section show stratigraphic nomenclature geometry 
informal member north horn formation wale tongue 
flagstaff limestone eastern front san pitch mountain 
photograph show basal contact north horn formation 
unnamed canyon petes canyon boiler canyon 
big mountain 
sketch geologic relation expose north wall coal canyon 
photograph sketch intraformational unconformities basal conglomerate 
unit north horn formation big mountain 
histogram clast count low part big mountain section 
content iii 
photographs north horn formation show 
alternate sandstone shale sheet sandstone unit pet canyon 
calcareous siltstone unit pet canyon hi 
channelform siltstone calcareous siltstone unit pet canyon 
big mountain unit overlie part calcareous siltstone unit north wall blind canyon histogram clast count imbrication stereograms low upper conglomerate bed big mountain unit north horn formation photograph show 
lacustrine delta top coal canyon unit north horn formation blind canyon 
ledge form micrite bed upper part wales tongue flagstaff limestone pet canyon map show simplify tectonic relation study area eastern san pitch mountain photograph show footwall syncline sheet sandstone unit north horn formation petes canyon cross section eastern range front coal canyon coal canyon duplex north horn formation 
evolution sedimentary basin uinta and piceance basin structure stratigraphy upper cretaceous paleogene stratum north horn formation eastern san pitch mountain utah sedimentation front sevier orogenic belt 
timothy lawton peter tail robert hobbs james trexler malcolm weiss douglas burbank6 
abstract the north horn formation eastern part san pitch mountain utah deposit nonmarine environment include alluvial fan vary fluvial overbank setting lacustrine setting 
expose thickness unit range north horn lap onto thrust structure eastern flank range canyon exposures less west eastern range flank 
limited age control indicate north horn formation eastern san pitch mountain range age late cretaceous late campanian early eocene 
the north horn formation herein subdivide eight informal unit map along eastern range front 
ascend order basal conglomerate lower redbed unit sheet sandstone unit coalbearing unit big mountain unit coal canyon unit calcareous siltstone unit equivalent low part big mountain coal canyon unit upper redbed unit 
the basal conglomerate describe herein consider department earth science 
new mexico state university la cruces new mexico 
2department earth science university leeds leeds yorkshire ls29jt unite kingdom 
3exxon petroleum company houston texas 
4department geological science university nevada reno reno nevada 
5department geology northern illinois university dekalb illinois 
apartment geological science university southern california los angel california 
price river formation previous worker name price river formation herein use conglomerate unit san pitch mountain 
dominantly carbonate shale section calcareous siltstone upper redbed unit north horn name wale tongue flagstaff limestone 
deposit open lacustrine lakemargin environment 
the wale tongue previously map north horn 
west vergent thrust fault expose low eastern flank san pitch mountain active prior deposition north horn formation 
thrust shorten prior north horn deposition result tight fold overturn old stratum 
basal bed north horn subsequently onlapped fold strata syndepositionally deform continued uplift 
time thrust uplift influence sedimentation pattern within north horn result westward northwestward clastic dispersal uplift structural basin develop hang wall thrust system 
time north horn river flow across nascent uplift intermontane basin lay east 
the interaction thrust deformation sedimentation indicate thrust fault vicinity sanpete valley immediately east san pitch mountain occur intermittently approximately middle late campanian time early eocene time 
introduction uppermost cretaceous paleogene stratum expose eastern flank san pitch mountain central 
upper cretaceous paleogene stratum eastern san pitch mountain utah 
utah provide excellent opportunity study sedimentation proximal part cordilleran foreland basin piggyback basin frontal thrust sheet 
piggyback basin define sedimentary basin form hang wall active thrust fault ori friend 
the stratum well expose along north trend range front canyon cut westward range 
west verge thrust reverse fault cut jurassic low cretaceous stratum expose discontinuously along low part range front 
the result three dimensional view stratigraphic structural feature reveal structural evolution thrust system affect deposition upper cretaceous paleogene stratum include north horn formation 
the geologic relationship along east flank san pitch mountain thus key basic understand sedimentation process along thrusted margin foreland basin 
dramatic thickness variation facies change characterize north horn formation eastern san pitch mountain spieker 1949a birsa 
thick interval sandstone conglomerate central southern part study area equivalent stratigraphic interval dominate siltstone northern part area 
number angular unconformities present locally basal part formation well high section 
result geologic complexity unit identification geologic interpretation differ among different worker example spieker 1949a birsa weiss lawton 
attempt herein document geologic relationship expose eastern range front form detailed map measure section 
our objective establish lateral relationship stratum within north horn formation along east flank san pitch mountain demonstrate concurrence deposition north horn stratum development thrust system expose along range front 
thank geological survey evolution sedimentary basin program partial support project 
burbank lawton tail acknowledge support national science foundation grant ear lawton grant ear burbank 
particular thank 
franczyk discussion field continue interest north horn formation 
sprinkel utah geological survey improve understanding indianola stratigraphy structure along eastern flank san pitch mountain 
down university arizona collect analyzed dinosaur bone deer gulch section 
review franczyk sprinkel marjorie maclachlan judy stoeser improve text illustration 
location and method the san pitch mountain know geologic literature gunnison plateau spieker extend southward wasatch mountain fig 
they eastern edge sevier orogenic belt armstrong 
approximate longitude thrust deform stratum cordilleran foreland basin give way mostly undisturbed equivalent stratum colorado plateau lawton 
the present day physiography san pitch mountain result neogene extension smith bruhn 
normal fault delineate eastern western margin range fig 
witkind other 
the normal fault cut across expose old structure result approximately topographic relief sanpete valley immediately east range top big mountain central part study area 
use jacobs staff eight stratigraphic section measure north horn formation along eastern range front dry canyon axhandle canyon coal canyon blind canyon immediately north coal canyon big mountain unnamed locality big mountain petes canyon petes canyon deer gulch informal name weiss locality south wale canyon 
four dry canyon coal canyon big mountain petes canyon complete unconformity base section base overlie flagstaff limestone 
section horse mountain take description birsa 
the stratigraphic section show plate 
plate section offset show overlap present base pet canyon deer gulch section 
these offset require structural complexity lower part north horn section 
the trace measure section illustrated plate exception horse canyon dry canyon section south mapped area 
best illustrate lateral facies change middle part section datum section take top limestone clast conglomerate within conglomerate sandstone dominate part section 
stratigraphic tie make walk unit laterally 
north pinchout conglomeratic section distinctive interval interbedded coal limestone use datum 
southward conglomerate subsurface present section datum base main body flagstaff limestone 
paleocurrent measurement make appropriate horizon 
crossbedded sandstone analyze use trough limb technique decelles other 
linear flute mark impression log align parallel paleocurrent direction indicate crossbeds utilized paleocurrent indicator instance 
tl2 evolution sedimentary basin uinta piceance basin 
quaternary deposit 
tertiary intrusive rock 
tertiary volcanic rock tertiary sedimentary rock cretaceous sedimentary rock 
pre cretaceous mesozoic sedimentary rock 
paleozoic sedimentary rock 
precambrian sedimentary rock 
normal fault bar ball footwall thrust fault teeth hang wall burl frontal thrust system sevler orogenlc belt teeth hang wall laramlde reverse fault sevler thrust fault modify laramide deformation teeth hang wall anticline syncline 
geology region study east central utah 
geology modify hintze 
upper cretaceous paleogene stratum eastern san pitch mountain utah 
explanation post north horn deposit tertiary cretaceous north horn formation undifferentiated unnamed low cretaceous bed upper cretaceous indianola group undifferentiated jurassic low cretaceous sedimentary rock jurassic sedimentary rock normal fault bar ball footwall reverse fault teeth hang wall measure stratigraphic section locality mention text 
mile figure 
geology san pitch mountain utah 
location measure section study also show 
the north horn formation occupies small sedimentary basin anticline jurassic cretaceous stratum west flank range system west verge thrust fault east flank range 
inset rectangle indicate area geologic map plate 
measure section plate dry 
canyon horse mountain birsa axhandle canyon coal canyon blind canyon big mountain unnamed canyon petes canyon deer gulch 
asterisk indicate key location mention text north maple canyon wale gap boiler canyon south maple canyon 
geology modify witkind weiss mattox witkind other 
these data record trend plunge mean vector calculate individual measurement 
pebble cobble imbrication measurement collect suitable conglomerate bed 
typically uncommon within quartzite pebble unit strata spheroidal shape clast however many limestone dolomite clast platy oblate shape thus conglomerate bed contain 
evolution sedimentary basin uinta piceance basin 
abundant carbonate clast provide reliable consistent paleocurrent data collect course study 
pole plane define platy clast plot structural dip rotate paleohorizontal use schmidt equal area stereonet 
case linear type data trend plunge value also rotate structural dip 
magnetostratigraphic analysis north horn formation undertaken part study 
the result paleomagnetic study present completely elsewhere hobbs tail describe briefly 
orient sample collect magnetostratigraphic analysis concurrent measurement section axhandle canyon petes canyon deer gulch 
the axhandle petes canyon section collect twice subsequently fill gap magnetic polarity stratigraphy whereas deer gulch section collect 
sample demagnetize paleomagnetic laboratory university southern california 
the measured magnetic field direction correct rotate bed dip horizontal average replicate sample per collect site 
fisher statistic compute replicate sample site quantify group measure field direction fisher 
site fisher statistic great termed class statistic less recognizable normal reverse polarity direction term class 
site low statistic unrecognizable transitional field direction reject 
the position sample site show adjacent measure section plate 
magnetic polarity interval within north horn define polarity sample site 
single class site may define magnetic polarity interval single class site may except single class site correlate independently define magnetic polarity interval closely spaced petes canyon deer gulch section 
concurrence work stratigraphy bedrock geology eastern range front map scale plate 
field geology plot directly topographic bluelines data transfer later final map 
quaternary unit differentiate plate normal fault delineate san pitch mountain depict map 
nomenclature and age the sedimentary rock study previously assign price river north horn formation spieker 1949a 
the name price river apply cobble boulder conglomerate unit base section 
the basal conglomeratic sequence big mountain section plate represent example 
price river formation define spieker 1949b san pitch mountain 
thick bed cobble boulder conglomerate expose hogback wale canyon wale gap locality fig 
long consider price river formation spieker 1949b hunt burma hardy wei 
this conglomerate equivalent basal conglomeratic interval deer gulch section plate 
the name price river use conglomerate unit san pitch mountain rather conglomerate include north horn formation 
this convention mark major break previous nomenclature example spieker 1949a hardy teller weiss wei roche 
our reason change several lithology conglomerate previously designate price river san pitch mountain dissimilar sandstone siltstone type exposure price river formation spieker reeside northeastern wasatch plateau outcrop san pitch mountain continuous type area allow direct trace unit conglomerate unit designate price river hardy zeller southwestem part san pitch mountain demonstrably continuous basal conglomerate unit north horn along eastern range front lawton trexler 
the inconsistency price river usage san pitch mountain also recognize mattox apply price river nomenclature southwestern part range 
quartzite dominated conglomerate infer lie angular unconformity regional extent assign spieker 1949a price river formation san pitch mountain 
the unit interpret grade upsection north horn spieker 1949a 
recognition several unconformities present north horn base conglomerate indicate stratigraphic relation somewhat complicate envisioned spieker suggest low conglomeratic facies well consider part overlie stratigraphic succession 
stratum basal conglomerate always present outcrop designate north horn formation san pitch mountain spieker 1949a hunt 
vicinity wale canyon hunt designate three member north horn 
the low member include conglomerate sandstone siltstone various color 
the overlie middle member wale canyon include coal bear shale limestone 
the upper member dominantly gray limestone shale uncommon lenticular sandstone bed 
these member useful subdivide north horn wale canyon petes canyon study area lose utility south pet canyon 
upper cretaceous paleogene stratum eastern san pitch mountain utah 
the north horn formation range age late campanian early eocene fig 
dinosaur bone present within north horn section point least base northernmost measure section plate 
maastrichtian palynomorph assemblage collect base north horn formation sheet sandstone unit pet canyon plate include form balmeisporites canadensis longiramosus ram rigidus waanders waanders palynology consult inc write commun 
microfossil locality base section pet canyon yield collection sparse charophytes ostracod 
base presence retusochara absence platychara collection interpret late campanian early maastrichtian age 
forester geological survey write commun 
this age assessment consistent palynomorph data publish age determination pertinent part section san pitch mountain 
northwestern part range swv4 sec 
coal bed south flat formation hunt yield palynomorphs late santonian early campanian age hay fouch other 
the sample collect approximately beneath massive boulder cobble conglomerate expose north maple canyon north study area thomas 
the boulder conglomerate equivalent basal conglomerate lower redbed unit north horn wale canyon spieker 1949a hunt approximately thick north maple canyon overlain rock probably equivalent coal bear unit north horn formation 
thus report late santonian early campanian palynomorphs downsection late campanian early maastrichtian charophytes north horn 
the low part big mountain unit calcareous siltstone unit probably maastrichtian age 
palynomorphs collect mudstone lens base big mountain unit manti quadrangle south study area include late cretaceous form classopollis classoides polypodiidites inhangahuensis iproteacidites retusus waanders waanders palynology consult inc write commun 
retusus find strata range age santonian maastrichtian thrust belt wyoming nichols other 
alternatively palynomorphs big mountain unit may rework old cretaceous stratum interpretation cretaceous tertiary boundary lie within big mountain unit laterally equivalent calcareous siltstone unit fig 
the flagstaff limestone range age late paleocene eocene san pitch mountain 
the wale 
tongue flagstaff late paleocene age base magnetostratigraphy hobbs tail 
the main body flagstaff limestone unconformably overlie north horn formation petes coal axhandle canyon least part early eocene age san pitch mountain 
this age assignment derive three independent line biostratigraphic evidence 
wasatch plateau rocque recognize three unit within flagstaff limestone 
assign paleocene age unit eocene age unit base freshwater molluscan content 
consider basal part main body flagstaff san pitch mountain equivalent unit therefore paleocene early eocene age 
seven kilometer south study area south maple canyon palynomorphs collect north horn flagstaff contact interpret early eocene age presence platycarya platycaryoides jacobson nichols fouch other 
also south maple canyon vulpavis australis carnivore wasatchian land mammal zone early eocene archibald other find float believe upper part flagstaff limestone rich collinson 
the magnetostratigraphic data show plate independently confirm campanian eocene age range north horn formation consistent interpretation fig 
the dominantly normal polarity deer gulch section consistent late campanian early maastrichtian age section 
the dinosaur fossils palynomorph data charophyte data permit correlation initial normal polarity interval deer gulch normal event chron subsequent normal interval normal event chron fig 
interpreted coal bear unit north horn deposit dominantly reversedpolarity part chron consistent presence maastrichtian charophytes unit 
unconformity top coal bear unit within low part calcareous siltstone unit pet canyon necessary eliminate dominantly normal polarity stratum expect rock representative reverse part chron chron present 
figure illustrate hiatus occur deposition coal bearing unit 
figure also illustrate tentative position late cretaceous paleocene eocene boundary relative unit north horn formation 
the old stratum paleocene age probably within big mountain unit certainly within calcareous siltstone unit 
microcodium abundant paleocene rock europe recover low part calcareous siltstone unit axhandle canyon feist university montpellier write commun 
evolution sedimentary basin uinta piceance basin 
ypresian thanetian danian 
eastern san pitch mountain flagstaff limestone 
western wasatch plateau 
north horn formation 
upper redbed unit 
flagstaff limestone 
wale tongue flagstaff limestone calcareous siltstone unit coal canyon unit 
north horn formation 
coal bearing unit 
low redbed unit basal conglomerate unit 
price river formation sixmile canyon formation 
south flat formation 
funk valley formation indianola group 
funk valley formation 
age nomenclature north horn formation informal member within san pitch mountain utah designated report correlation stratum expose sixmile canyon western part wasatch plateau 
time scale harland other 
normal polarity event show black magnetic polarity time scale 
explanation symbols uppermost know occurrence dinosaur bone low redbed unit maastrichtian palynomorphs sheet sandstone unit late campanian early maastrichtian charophytes coal bear unit late cretaceous palynomorphs base big mountain unit microcodium calcareous 
siltstone unit immediately coal canyon unit early eocene palynomorphs low part flagstaff limestone 
the basal conglomerate north horn formation consider price river formation spieker 1949a 
the south flat formation present beneath sanpete valley show several oil test cuttings one yield santonian palynomorphs hanson true oil 
moroni sec 
sprinkel write commun 
the unconformity beneath north horn sixmile canyon formation mark onset thrust generate uplift vicinity present sanpete valley 
see text additional explanation reference 
upper cretaceous paleogene stratum eastern san pitch mountain utah 
thick interval reverse polarity rock calcareous siltstone unit axhandle pet canyon section infer correlate reverse polarity part chron paleocene 
exact correlation establish paleogene magnetic polarity time scale harland other reversal sequence north horn formation san pitch mountain remain uncertain mostly expect normal polarity interval miss calcareous siltstone unit beneath reverse polarity part chron many normal interval reverse polarity part chron 
the pattern thin normal interval upper north horn axhandle canyon section correlate well expect normal event chron harland other however pattern match poorly document magnetic reversal stratigraphy pet canyon section 
the reason mismatch may include one follow 
unconformity base flagstaff limestone result absence magnetic polarity interval 
both map relation correlate stratigraphic section permit interpretation truncation upper redbed unit beneath flagstaff limestone 
this possibility strengthen different height base flagstaff well documented normalpolarity interval correlate normal part chron tailing 
the fact flagstaff rest angular discordance upon rock old late cretaceous turonian elsewhere sanpete valley region spieker indicate strong possibility preflagstaff hiatus anywhere strata uplifted prior flagstaff deposition 
westward thicken upper redbed unit observable western reach petes canyon plate axhandle canyon couple resultant increase accumulation rate result great thickness reversal sequence make difficult match axhandle canyon 
westward thicken upper redbed unit combine sample gap upper redbed unit petes canyon may conceal presence normal polarity interval correlative normal interval axhandle canyon 
the upper redbed unit contain dominantly reverse polarity overprint cause formation authigenic hematite long deposition unit tail 
the red coloration magnetic characteristic tail unit indicate presence abundant hematite general absence ferromagnesian mineral sediment derive sevier erogenic belt example lawton 1986a suggest detrital heavy mineral source pervasive hematite 
the hematite likely relate early pedogenesis 
evolution sedimentary basin uinta piceance basin 
the unconformity top north horn formation localize vicinity pre flagstaff uplifts spieker wei 
the contact appear conformable elsewhere central utah example wasatch plateau spieker rocque fouch other uinta basin fouch 
the pre flagstaff uplift attributable thrust deformation within front sevier erogenic belt standlee lawton 
the age range indicate north horn san pitch mountain generally consistent regional age north horn new data discuss indicate old age base formation relative previously publish report 
the basal part north horn formation maastrichtian age northern part wasatch plateau price canyon fouch other well southern part plateau spieker 
because maastrichtian palynomorphs present 213m base formation pet canyon thus correlation approximately base section big mountain likely lowermost part formation may extend well campanian 
the presence upper campanian stratum north horn formation san pitch mountain indicate north horn least part equivalent sixmile canyon formation fig 
the sixmile canyon formation uppermost unit indianola group expose sixmile canyon western flank wasatch plateau 
campanian palynomorphs report middle member sixmile canyon formation schwans 
the price river formation unconformable sixmile canyon formation yield late campanian palynomorphs fouch other 
fluvial stratum sheet sandstone unit define herein similar appearance fluvial rock sixmile canyon formation 
moreover rapid lateral thickness facies change type document herein demonstrate scant likelihood sixmile canyon formation identical stratigraphic attribute beyond small window exposure characterize formation sixmile canyon 
absence contradictory data regard low part north horn formation study area equivalent campanian sixmile canyon formation fouch other 
stratigraphy the north horn formation eastern san pitch mountain varies greatly thickness lithology 
although base typically structurally complicate formation identify bracket relationship 
the section overlies older rock angular 
case subjacent stratum overturn remain overturned basal north horn stratum restore horizontal attitude 
uppermost north horn bed overlie flagstaff limestone lithologically distinctive resistant erosion thus readily identifiable 
the north horn formation range thickness measure section study area 
the maximum thickness formation know exactly thrust fault omits part section big mountain plate location thick stratigraphic section however north horn know pinch completely east west study area 
subsurface east north horn thins onto thrusted structure beneath sanpete valley stahdlee lawton westward thins tilt old cretaceous stratum overlie flagstaff limestone west side range hardy zeller lawton 
the stratigraphy north horn formation describe term eight lithologically distinct unit 
the geometry stratigraphic relationship unit summarize figure 
the unit describe follow section ascend order far possible 
basal contact 
big mountain ane sec 
basal conglomerate north horn section dip steeply west overlies overturn eastdipping conglomeratic sandstone indianola group fig 
spieker 1949b 
coal canyon sec 
basal north horn bed steep upright overturn rest overturn west dip boulder conglomerate unnamed formation 
the erosion unconformable nature contact locality evidence several feature individual clast conglomeratic clast underlie bed present basal sandstone north horn contact precisely planar rather contains graveland boulder fill swale cut underlie rock pervasive fracture mineral fill crack present underlie thrusted rock present north horn bed 
the basal north horn bed demonstrate eastward onlap onto subjacent section coal canyon fig 
the lowermost bed unit kns fig 
expose immediately canyon bottom pinch subjacent stratum halfway hillside north canyon wall 
sandstone bed upsection also unit kns rest directly unconformity top hill 
thus thin occurs lateral distance 
stratum describe herein rest uncohformably old rock 
subjacent stratum northern part study area wale canyon petes canyon include middle jurassic twist gulch formation lower cretaceous cedar mountain formation 
the basal contact best expose unnamed canyon anw sec 
conglomeratic sandstone bed north horn dip overlie twist gulch bed fig 
here twist gulch overturn dip the conglomeratic sandstone bed north horn thick interbedded red siltstone 
north basal contact expose short distance north side next major drainage boiler canyon doelling 
there low north horn bed consist brown siltstone overlie steeply dip overturn twist gulch stratum 
the brown siltstone overlies boulder conglomerate basal unit next drainage north locally know deer gulch example weiss sec 
locality basal conglomerate probably unconformable beneath siltstone 
this contact regard intraformational unconformity separate basal conglomerate lower redbed unit 
big mountain southward north horn rest overturn quartzite clast conglomerate unnamed low cretaceous formation pebbly sandstone indianola group spieker 1949a 
the subjacent conglomerate range caliber pebble 
basal conglomerate unit within study area conglomerate lie basal unconformity form two discontinuous unit base north horn formation 
big mountain unit consist approximately conglomerate sandstone siltstone interbeds 
although basal unit separate overlie north horn bed two thrust fault within red siltstone locality designate reference section continuous exposure 
the basal conglomerate wale gap equivalent unit 
angular unconformity basal conglomerate overlie red siltstone unit cause conglomerate absent wale gap big mountain 
although two conglomerate exposure demonstrably discontinuous outcrop may contiguous subsurface 
the basal unit big mountain form series upward fin conglomerate sandstone sequence separate next angular unconformity 
the upward fining sequence thick section measure canyon sequence thins erosion updip east unconformities converge fig 
the low two truncation expose low reach lambs canyon northernmost part section location measure section 
four additional truncation infer dip change eastward thin 
upper cretaceous paleogene stratum eastern san pitch mountain utah 
calcareous siltstone unit upper part coal canyon unit 
wale tongue flagstaff limestone 
xxx xxxxxxxxxxxxx xxxxxxxxxxxxxxx 
xxxxxxxxxxxxxxxxx xxxxxxxxxxxxxxxx paleosols 
calcareous siltstone unit 
xxxxxxxxxxx paleosols xxxxxxxxxxx numerous paleosols xxxxxxxxxxxxxxx 
coal bearing unit 
low redbed unit basal conglomerate wale gap 
basal conglomerate big mountain figure 
stratigraphic nomenclature geometry informal member north horn formation wale tongue flagstaff limestone eastern front san pitch mountain utah 
location measure section show figure 
evolution sedimentary basin uinta piceance basin 
basal contact north horn formation unnamed canyon petes canyon boiler canyon utah sec 
overturn stratum middle jurassic twist gulch formation beneath contact indicate arrow dip eastward 
hammer handle center photo 
angular twist gulch clast visible vicinity hammer 
block diameter excess observe upsection locality 
paleocurrent measurement clast imbrication lowermost north horn bed indicate southwestward dispersal plate 
the basal north horn consider low redbed unit rather basal conglomerate plate 
the lowermost conglomeratic bed fig 
consider price river formation san pitch mountain spieker 1949b plate 
conglomerate big mountain present thick much clast support bed 
clast generally well rounded 
the matrix consist fine coarsegrained sandstone contain meniscoid lamina clast sandstone absent beneath clast 
the sandstone thus may infiltrate follow clast deposition 
sandstone bed lenticular thick rest erosive base 
sandstone moderately poorly sort fine coarse grain dominate trough crossbeds 
pebble content sandstone range percent clast support pebble conglomerate lens much thick 
typically conglomerate bed base upward fining cycle grade upward pebbly sandstone sandstone contain trough crossbeds 
clast population within conglomerate basal unit variable fig 
quartzite clast abundance abundance paleozoic limestone dolomite clast decrease upsection 
tan quartzarenite pebble cobble litharenite clast boulder oncolitic limestone boulder limestone quartzite clast conglomerate first present base section 
the quartzarenite clast interpret derive upper part funk valley formation indianola group litharenite clast derive various unit indianola group large clast conglomerate limestone probably derive cedar mountain formation unnamed conglomerate siltstone bed cedar mountain 
clast imbrication measure meter section indicate eastward transport clast within part unit fig 
measure section deer gulch conglomerate separate low redbed unit 
upper cretaceous paleogene stratum eastern san pitch mountain utah 
basal contact end hammer handle north horn formation big mountain utah sec 
hammer handle 
overturn stratum sanpete formation indianola group beneath unconformity dip eastward 
conglomerate dip westward hill 
this contact form base sequence progressive unconformity mountain depict figure 
spieker 1949b plate consider conglomerate price river formation 
angular unconformity 
the lowermost part unit consist clast supported boulder cobble conglomerate contain well round clast 
the middle part conglomerate contain coarse sandstone contain trough crossbeds 
angular unconformity present within sandstone plate 
discontinuous tabular sandstone bed 
thick contain horizontal laminae present interval upper conglomerate probably represent bar top sandstone example decelles other vertical space thus indicate thickness gravel bar within fluvial system deposit conglomerate 
vicinity deer gulch style deposition change abruptly within upper part basal conglomerate unit 
nine meter apparently structureless gray sandy siltstone sharply overlie basal conglomerate facies deer gulch 
above siltstone thick bed coarse coarse grain sandstone grade upward several half meter thick 
tabular bed medium grain sandstone burrow top mottle fine grain silty sandstone 
above mottle silty sandstone grade thick bed sandstone pebbly sandstone interbedded olive gray sandy siltstone 
because interbedded siltstone olive gray carbonaceous rather red pebbly sandstone bed include basal conglomerate unit rather overlie redbed unit 
the low conglomeratic unit deposit gravelly braided river flow eastward 
the river transport quartzite cobble boulder derive precambrian unit presently expose west canyon sheeprock tintic range hintze 
these quartzite also present clast indianola conglomerate western flank basin contains north horn formation lawton thus may also come proximal western source 
the possibility subjacent conglomerate beneath north horn coal canyon provide clast 
evolution sedimentary basin uinta piceance basin 
onlap kns onto unconformity 
antiformal syncline kc 
sketch geologic relation expose north wall coal canyon utah sec 
bed line north horn formation kns sheet sandstone unit depict onlap basal bed onto overturned conglomerate kc unnamed conglomerate siltstone unit 
conglomerate pattern depicts boulder conglomerate unit unnamed conglomerate siltstone unit 
also show system thrust fault form duplex unnamed 
conglomerate siltstone unit north horn bed 
rock unit kcs unnamed conglomerate siltstone unit kns sheet sandstone unit north horn formation knc coalbearing unit north horn formation knbi low sandstone big mountain unit north horn formation tnb2 lower conglomerate big mountain unit north horn formation 
relief canyon bottom pinnacle unnamed conglomerate upper plate duplex 
uplifted stratum east present exposure preclude east directed paleocurrent indicator huge volume quartzite clast basal unit 
the latter point particularly evident equivalent thick conglomerate north maple canyon north study area consider 
the thickening basal conglomerate interval north south away pet canyon comparable conglomerate present indicate lowermost stratum deposit valley cut old stratum 
the minimum relief initial paleovalleys consider thickness basal unit big mountain deer gulch least 
big mountain easterly flow river succeed short head west directed stream flow uplifted stratum east present range front apparently drainage block uplift 
the uplift result formation series angular unconformities 
indianola clast upper conglomerate basal unit derive uplift 
moreover unroofing sequence present succession conglomerate mark appearance coniacian clast 
follow albian clast fig 
deer gulch likely drainage direction quickly reverse uplift rather fluvial deposition abruptly alter style grain size braid gravelly meander sandy 
low redbed unit overlie basal contact pet canyon northward unit compose dominant red sandy siltstone subordinate conglomerate pebbly sandstone 
the low redbed unit range thickness petes canyon deer gulch 
petes canyon unit rest directly twist gulch formation whereas deer gulch overlies basal conglomerate unit north horn formation 
grade upsection coal bear unit southward sheet sandstone unit 
northward thicken low redbed unit due relief basal unconformity northward pinchout individual sandstone bed within laterally equivalent sheet sandstone unit 
upper cretaceous paleogene stratum eastern san pitch mountain utah 
intraformational unconformities basal conglomerate unit north horn formation north flank lamb canyon big mountain utah sec 
sequence overlie unconformities depict contact 
sequence overturn 
all sequence thin eastward 
arrow schematically depict paleocurrent direction infer clast composition arrow orient upward indicate original eastward dispersal arrows orient 
downward indicate westward northwestward dispersal 
sequence paleocurrents clast imbrication measurement fig 
base sequence map plate 
reversal dispersal indicate sequence 
both geometry sedimentology sequence indicate coeval uplift deposition 
similar set unconformitybounded conglomerate ebro basin spain term progressive unconformities riba 
low redbed unit present south big mountain thickness obscure faulting 
tabular bed conglomerate pebbly sandstone present low part redbed unit 
the bed contain crude horizontal lamina define pebble coarse sandstone 
grade bed 
thick also present form stack set much thick 
this conglomeratic facies common low redbed unit 
petes canyon graded conglomerate bed near base redbed unit several instance overlie 
matrix support conglomerate 
the matrix red sandy siltstone enclose clast angular poorly sort 
area pet canyon deer gulch twist gulch clast brown sandstone clast attributable cedar mountain formation indianola group common low conglomerate bed 
block twist gulch observe base section unnamed canyon sec 
clast imbrication measure lowermost conglomerate bed locality indicate southwestward dispersal plate 
evolution sedimentary basin uinta piceance basin 
imbrication pole 
histogram clast count low part big mountain section fig 
clast count use 
elevation section number clast count indicated histogram 
stereogram plot pole clast imbrication indicate northeasterly dispersal meter sequence fig 
clast category define follow quartzite include white tan pale green quartzite mostly precambrian cambrian age red quartzite include red purple quartzite clast infer derived precambrian mutual formation carbonate include limestone dolomite clast various color chert include chert cherty carbonate clast orange dolomite include orange orangebrown weather dolomite uncertain origin 
cgl include lithic quartzose sandstone clast clast oncolitic limestone clast compose quartzite carbonate pebble 
clast cgl category infer derive cretaceous stratum west vergent thrust system expose along range flank 
the conglomerate bed stratigraphic interval unconformity bound sequence record transition early thrust belt derivation later derivation thrust belt westvergent thrust system vicinity presentday sanpete valley 
the percentage clasts derive immediately east increase upsection percent 
sequential upsection appearance clast older unit west vergent thrust system represent progressive unroofing uplift 
lenticular bed clast supported boulder cobble conglomerate common middle part lower redbed unit 
the conglomerate bed 
thickness proportionately small width less 
one example channel complex observe meter deer gulch section 
the complex consist lenticular channel cut red nodular 
the channel fill least five conglomerate lens measure 
cross bed sandstone form lenses within conglomerate cap many conglomerate bed 
clast within conglomerate bed round quartzite cobble boulder long 
the conglomerate lenses present within thick section red siltstone 
the poor sorting general 
upper cretaceous paleogene stratum eastern san pitch mountain utah 
lack primary bedding feature siltstone suggest siltstone bioturbated 
bed fine coarse grain light gray sandstone within siltstone may exhibit trough crossbedding commonly mottle contain rootlet trace 
the siltstone contain discrete nodular interval thick 
the nodule subspheroidal dimension 
also present vertical tube diameter much 
they compose warty gray micrite contain much percent quartz sand grain 
although nodular interval always well exposed produce abundant micrite float thus easily recognize 
sediment dispersal within middle part lower redbed unit southerly easterly 
imbrication measure two location base north horn deer gulch indicate southerly southeasterly paleoflow direction 
meter margin composite channel describe orientation flow toward east 
the low redbed unit grade upward overlie coal bear unit loss red siltstone bed disappearance conglomeratic lens change gray siltstone mudstone 
grade southward sheet sandstone unit appearance tan medium grain sandstone bed 
the low part lower redbed unit consist alternate sheetflood deposit mark thin tabular bed conglomeratic sandstone oxidize overbank deposit 
channelized conglomerate represent minor fluvial channel 
matrix support conglomerate overlie clast support conglomerate indicates debris flow exploit pre exist channel 
the presence debris flow deposit suggest alluvial fan origin lower part unit rust koster 
these fan form adjacent rise thrust uplift east range front evidence westward dispersal presence locally derive twist gulch cedar mountain clast 
the deposit environment upper part lower redbed unit consist well drain interfluve area incise deep narrow channel probably ephemeral flow 
the nodular siltstone interval interpret aridisols micrite enrich horizon base comparison description retallack 
the conglomerate body similarities ribbon channel ebro basin describe environment interpreted distal alluvial fan alien other 
these channel composite fill indicate geometry conglomerate sandstone bed within 
paleoflow direction southerly parallel trend thrust uplift east easterly 
sheet sandstone unit the sheet sandstone unit include sheetlike sandstone bed interbedded siltstone generally gray carbonaceous 
limestone bed present uncommon 
light brown ledge form sandstone bed dominate unit fig 
the sandstone fine coarse grain bed 
thick separate thin silty sandstone bed 
case bedsets gently incline broadly wedge shape generally thin dip bed 
the inclined bedsets interpret lateral accretion bedding 
trough crossbeds abundant structure convolute lamina also present particularly common within inclined bedsets 
the sandstone bed grade thin fin overlie siltstone sandstone 
bed top sandstone siltstone transition typically mottle root trace 
individual upward fin sandstone sequence typical thickness 
sequence commonly form stack two three sandstone body little intervene siltstone form multistory architecture 
sandstone bed sheetlike terminate laterally thin pinchout adjacent siltstone 
paleocurrent measurement within sandstone bed indicate northeast east dispersal 
the abundance sandstone bed decrease within upper part unit 
here sandstone bed coarsen upward case tabular continuous geometry 
interbedded siltstone interval less meter thickness 
the siltstone gray olive gray mottle generally without distinct bedding 
thin fine grain sandstone bed centimeter thick present within siltstone 
plant fragment present throughout siltstone gastropod shell fragment present uncommon 
uncommon characteristic lithology unit brown weather dark gray micrite bed much 80cm 
typically mottle micrite bed contain several percent charophyte fragment gyrogonites gastropod ostracod 
rich petroliferous odor issue freshly break surface 
these micrite bed associate thin bed brown shale light gray claystone former contain abundant small plant fragment impression 
the sheet sandstone unit represent meanderbelt floodplain deposit low part 
the northward change meander fluvial system well drained interfluves gravel floor channel low redbed unit apparently mark paleogeographic transition perennial drainage system flow east ephemeral system flow southeast 
increase sandstone content thickness sheet sandstone unit pronounce big mountain 
southward big mountain unit thins indicate 
evolution sedimentary basin uinta piceance basin 
alternate sandstone shale sheet sandstone unit north horn formation kns pet canyon utah fig 
the north horn formation separate middle jurassic twist gulch formation thrust fault 
the contact low redbed unit knl sheet sandstone unit kns indicate low dash line 
contact sheet sandstone unit overlie coal bear unit knc indicate upper dash line 
the top coal bear unit sandstone ledge form cuesta upper leave part photograph 
maximum relief cuesta 
view northwest 
measure thickness coal canyon 
these observation combination northward disappearance sandstone indicate axis meander fluvial system vicinity big mountain 
coal bear unit the coal bear unit overlies sheet sandstone low redbed unit 
the sheet sandstone unit grade upward coal bear unit loss sandstone bed increase abundance thickness siltstone interval 
the low redbed unit grade upward coal bear unit alternation redbeds contain caliche nodule mottle olive gray siltstone finally give way drab gray carbonaceous siltstone shale 
coal bed coal streak siltstone characterize fine grain rock interval 
the coal bear unit thick coal canyon thicken northward deer gulch 
coal canyon beneath major coal bed sandstone bed contain abundant intraclasts north horn sandstone include coal bearing unit 
overlies sheet sandstone unit slight angular discordance particularly visible near coal mine anw sec 
the angular discordance correlative gradational change color siltstone deer gulch 
gray brown micrite bed abundant near top unit form laterally continuous hogback vicinity wales canyon 
the micrite bed contain abundant ostracod gastropod charophyte material 
interbedded coal bed much thick 
although coal bed southern part study area intimately associate fluvial sandstone bed similar thin bed fossiliferous micrite nevertheless present association coal 
the limestone coal coal bear unit represent deposit marshy bog poorly drain floodplain 
upper cretaceous paleogene stratum eastern san pitch mountain utah iii 
the northward transition coal associate meanderbelt sandstone coal associate marsh deposit mark thick siltstone bed tabular sandstone body upward coarsen profile 
the sandstone bed may represent splay lacustrine delta deposit 
calcareous siltstone unit 
the calcareous siltstone unit overlies coal bear unit pet canyon fig 
the contact prominent sandstone ledge form dip slope immediately upstream abandon coal mine sec 
the low unit petes canyon equivalent coarse grain sandstone conglomerate section measure south upper continue southward siltstone dominate unit enrich sandstone conglomerate relative section petes canyon fig 
the petes canyon section designate reference section calcareous siltstone unit best expose northern part section the unit extremely prone slump mass wasting process northward along range front pet canyon poorly expose form hummocky topography underlain bed chaotic attitude 
the calcareous siltstone unit concordant underlying stratum petes canyon however change lithology point abrupt strike 
the dominant lithology unit calcareous siltstone mudstone blocky massive structure 
the blocky structure particularly associate gray olive gray calcareous siltstone 
sand grain present siltstone variable quantity much percent gastropod shell fragment locally present 
these feature suggest calcareous siltstone mudstone experience significant bioturbation 
massive siltstone also sandy brightly color blocky siltstone color include red purple 
the colored horizon probably stratigraphic commonly associate discrete horizon warty micrite nodule 
the nodule range equant 
diameter vertical tube much 
sandstone bed form subordinate lithology within siltstone 
sandstone bed associate blocky siltstone typically tabular 
they form upward thicken upward coarsen sequence much thick 
the calcareous sandstone fine medium grain generally burrow bioturbated contains gastropod ostracod algal fragment 
sandstone bed associate brightly color siltstone broadly lenticular tabular much thick 
sandstone range coarse fine grain fine upward within bed 
calcareous siltstone unit north horn formation center foreground pet canyon utah fig 
the low foreground densely forest ledge coalbearing unit see also fig 
the ledge near skyline main body flagstaff limestone 
total relief photo 366m 
limestone quartzite pebble present lags lens base thick part bed 
individual sandstone bed thin laterally pinch loss upper part 
they thus terminate basal scour surface laterally equivalent blocky burrow siltstone drab olive rather bright red 
paleocurrent measurement indicate easterly southeasterly sediment dispersal 
the brightly color siltstone bed also contain thinner much thick tabular sandstone bed diffuse contact siltstone 
rootlet penetration mark abundant sandstone bed otherwise mottle texture 
single channelform body observe siltstone associate tabular sandstone bed fig 
the calcareous siltstone unit form deposit environment fluctuate shallow lacustrine condition well drain floodplain cross sinuous 
evolution sedimentary basin uinta piceance basin 
channelform siltstone arrow abandon channel calcareous siltstone unit north horn formation meter pet canyon section utah fig 
note geologist leave side channel 
blocky bioturbated calcareous siltstone bed probably represent lacustrine sediment extensively burrow 
associate upward coarsen sandstone bed represent lake margin deposit possibly deltaic origin 
brightly color siltstone bed floodplain deposit modify pedogenic process 
bright red unit closely associate micrite nodule interpret aridisols thus represent gap sedimentation 
thick discrete sandstone bed interpret deposit meander stream taper tip represent preserve point bar form laterally adjacent siltstone plug represent abandon channel deposit 
individual channelform body siltstone also interpret abandoned channel deposit 
tabular mottle sandstone bed probably represent vegetated splay deposit floodplain 
above coal canyon unit calcareous siltstone unit label upper part plate laterally equivalent wale tongue flagstaff limestone northern part study area 
contains interbeds coarse grain sandstone conglomerate pinch westward siltstone 
sandstone bed lenticular commonly lateral scale hundred meter 
bed contain lens oncolites whole fragmental cobble pebble concentrically laminate micrite rim much centimeter thick 
laminate stromatolitic micrite cap lenses overlie blocky calcareous siltstone another sandstone bed 
conglomerate bed contain large foresets extend top base entire bed foresets much thick 
pinchout direction sandstone bed foreset orientation within conglomerate bed indicate westward northwestward dispersal 
brightly color siltstone absent southern section 
the coarse grain lithofacies association blocky calcareous siltstone southern section interpret deposit lacustrine deltas fluvial system plain adjacent lake 
oncolites north horn previously interpret represent nearshore lacustrine facies weiss 
they also may form channel perhaps intermittently active adjacent lake 
the sediment source lacustrine delta nearby east southeast rather west thrust belt 
upper cretaceous paleogene stratum eastern san pitch mountain utah 
big mountain unit cliff overlie upper part calcareous siltstone unit north horn formation north wall blind canyon utah sec 
height unvegetated cliff 
big mountain unit immediately south petes canyon strata equivalent lower part calcareous siltstone unit form thick section coarse clastic deposit fig 
these deposit consist interbedded conglomerate sandstone maximum thickness almost big mountain coal canyon fig 
ascend order unit may subdivide low sandstone low conglomerate upper sandstone upper conglomerate 
the low upper sandstone interval form thick amalgamate sequence medium coarse grain sandstone dominate trough crossbeds 
tabular bed much thick visible place sandstone may form stack channel deposit high width depth ratio 
pebble intraclasts common lags scour surface lenses within sandstone 
trough crossbeds decrease upward scale meter 
within sandstone bed 
log impression present 
within lag 
tabular crossbed set present uncommon high 
convolute lamina contort trough crossbeds present bed 
the low upper conglomerate form discrete compositionally distinct lithosomes 
the low conglomerate interval rest erosion low sandstone big mountain unit least vicinity coal canyon 
the upper conglomerate interval pinch ridge south petes canyon thicken southward base cut downward across calcareous paleosol trace northward pet canyon 
the lateral transition conglomerate sandstone calcareous siltstone unit thus erosion although appear intertonguing map plate 
the conglomerate clast support sandstone matrix increase upward bed thick 
imbrication present basal lenses top conglomerate bed bed overlie sharp contact sandstone 
imbrication generally lack within middle conglomerate bed crude foresets may distinguish place 
evolution sedimentary basin uinta piceance basin 
the upper low conglomerate interval distinctive consistent clast composition fig 
approximately percent clast population lower conglomerate consist limestone dolomite whereas percent clast population upper conglomerate consist carbonate rock type 
easterly southeasterly paleocurrents determine imbrication measurement consistent along range front 
the sandstone conglomerate big mountain unit deposit braided river flow eastward 
bedforms within sandy river consist dominantly dunes subordinate transverse bar record uncommon planar foresets 
bedforms within pebbly river consist gravelly bar much high 
bar top apparently sandy 
these river system probably incised adjacent deposit least immediately deposition upper conglomerate interval thus precise chronostratigraphic equivalent finer grain section north 
the siltstone section calcareous paleosols abundant laterally adjacent coarse grain section 
period nondeposition within fine grain section thus probably coincide period fluvial incision big mountain 
coal canyon unit above limestone clast conglomerate big mountain thick section sandstone pebbly sandstone conglomerate contrast underlie conglomerate sandstone term deposit style dispersal direction 
these difference indicate probable presence unconformity need establish upper interval separate unit 
the coal canyon unit grade vertically laterally calcareous siltstone unit describe previously 
consists stack tabular bed conglomerate sandstone arrange foresets much thick 
the foresets include tabular broadly trough shaped geometry range aggradational apparently without erosive base complexly erosive abundant scour reactivation surface present set 
foresets terminate laterally burrow sandstone terminal foresets onlapped sandstone calcareous siltstone fig 
the foreset bed generally cap thin sequence trough crossbedded sandstone overlain turn mottle calcareous siltstone 
foreset orientation indicate westward northwestward dispersal 
the large scale foresets termination burrow sandstone siltstone indicate upper pebbly sandstone unit deposit dominantly lacustrine delta prograded west northwest 
the unit represent dramatic change underlie conglomerate term deposit style direction 
the upper 
part coal canyon unit laterally equivalent fossiliferous tabular upward coarsen sandstone interval pet canyon 
the coal canyon unit thus interfingers deposit adjacent fine grain section rather incise 
upper redbed unit the upper redbed unit uppermost unit within north horn formation 
thick petes canyon thins eastward southward disappear petes canyon big mountain 
coal canyon axhandle canyon thin order poorly express 
thickens rapidly westward north side axhandle canyon 
petes canyon unit consist dominantly redbrown mottle siltstone sandy siltstone 
sandstone bed much thick present upper redbed unit 
these lenticular grade vertically medium grain sandstone sharp base fine grain sandstone mottle burrow 
thin bed medium grain fossiliferous micrite also present siltstone 
gastropod dominant although charophytes also observe micrite 
the thin interval assign unit coal axhandle canyon consist mainly mottle tan red calcareous siltstone sandstone 
the sandstone locally brecciate contains vertical fracture fill dark red mudstone 
the upper redbed unit overlie sharp contact thick bed dolomicrite main body flagstaff limestone 
distinctive feature uppermost siltstone bed north horn formation lowermost dolomicrite bed flagstaff limestone presence siltstone thin shell plant nut 
these spheroidal diameter thick shell whose out surface dimple shallow circular depression 
the nut typically fill calcite spar 
they morphologically identical nut contemporary hackberry celtis spp 
common arroyo riparian habitat southwestern united state 
the upper redbed unit deposit low gradient subaerial plain adjacent open lacustrine environment north indicate equivalent flagstaff bed north study area 
equivalent sandand gravel rich sediment deposit eastern part deposit area big mountain 
lenticular sandstone bed represent deposit sinuous channel cut well drain oxidize floodplain represent siltstone 
fossiliferous micrite probably represent deposit pond floodplain 
transition lakemargin mudflat deposition flagstaff occur lake expand across low gradient fluvial plain 
the riparian margin lake margin vegetate stand 
upper cretaceous paleogene stratum eastern san pitch mountain utah 
low conglomerate upper part 
upper conglomerate middle part 
low conglomerate lower part 
upper conglomerate lower part 
figure facing page 
histogram clast count imbrication stereograms low upper conglomerate bed big mountain unit north horn formation 
clast category count procedure figure 
imbrication measurement rotate present bedding attitude 
data present 
stereograms collect coal canyon data stereograms fand collect partial section unnamed canyon big mountain petes can yon fig 
all data pole clast imbrication schmidt equal area stereonet 
tree possibly hackberry indicate localization nut fade association 
wale tongue flagstaff limestone the wale tongue flagstaff limestone name gradationally overlie calcareous siltstone unit north horn formation petes canyon 
although name exposure wale canyon north well expose ridge north pet canyon 
therefore type locality designate sec 
canyon wale tongue lie calcareous siltstone upper redbed unit north horn 
hunt include wale tongue north horn formation birsa note might member flagstaff limestone 
type exposure wales tongue thick 
thickens northward wale canyon approximately thick hunt merges overlie flagstaff limestone north wale canyon disappearance intervene upper redbed unit fig 
the wale tongue interfingers southward calcareous siltstone unit 
south map area plate horse 
evolution sedimentary basin uinta piceance basin 
imbrication pole 
imbrication pole 
mountain wale tongue clearly recognizable calcareous siltstone unit although upper redbed unit absent main body flagstaff limestone 
the wale tongue rest directly twist gulch formation dry canyon present section south dry canyon 
carbonate unit believe equivalent wale tongue present timber canyon southwestern san pitch mountain section mattox 
there interval micrite oncoidal rudstone within north horn formation thick resembles upper part wale tongue describe 
this interval overlie limestone clast conglomerate underlies calcareous red siltstone 
thus wale tongue flagstaff widely distribute central southern san pitch mountain 
petes canyon base wale tongue pick thick interval sandstone bed overlies conspicuous bed red siltstone 
the wale tongue form two distinct subunit distinctive lithology petes canyon 
the low part thick 
consists dark gray micrite bed thick interbedded light olive gray claystone interval several meter thick 
the micrite bed contain abundant gastropod fragment 
sandstone bed much thick present lower part extensively burrow contain gastropod fragment 
interval brick red claystone contain warty sandy micrite nodule present top low part meter pet canyon section plate wale tongue 
the low part measure pet canyon section continue northward beyond wale canyon 
the upper part wales tongue thick form distinctive succession ledge form dolomite limestone subordinate claystone weather white orange fig 
this distinctive succession continue southward present along mountain front throughout map area meter thick thus show map plate 
the dominant lithology light brownish gray dolomicrite contain percent fine medium quartz sand 
upper cretaceous paleogene stratum eastern san pitch mountain utah 
lacustrine delta top coal canyon unit north horn formation blind canyon utah sec 
the base foresets indicate low arrow onlap foresets burrow sandstone bed indicate upper arrow 
thickness delta arrow 
the dolomicrite bed thick contain sparse gastropod sparry algal fragment 
the dolomicrite bed separate thin parting dark olive gray claystone much 
the claystone bed continuous ten meter laterally 
the uppermost section grade silty dolomicrite calcareous siltstone gradual increase detrital silt content dolomicrite 
gastropod algal fragment present top wale tongue 
vertical rootlet trace penetrate uppermost micrite bed 
coal canyon strata equivalent wale tongue sufficiently different include calcareous siltstone unit 
they contain abundant interval mottle gray micrite tan purple gray dolomicrite 
some dolomite dismicritic irregular cavity fill calcite spar 
micrites commonly contain micritic intraclasts situ nodule development also common 
sandstone bed abundant coal canyon 
they thick extensively burrow locally ripple contain abundant shell 
this facies association grade laterally section dominate nodular siltstone approximately percent sandstone axhandle canyon 
sandstone bed much thick fine upward coarse medium grain sandstone 
oncolites present lags base bed overlie sandstone bed contain trough crossbeds 
thick conglomerate also present section 
thins pinch westward axhandle canyon section 
horse mountain matrix support cobble pebble bed thick interbedded micrite 
it base sharp clast rich interval grade upward medium grain sandstone micrite 
the wale tongue flagstaff deposit within lake substantial size 
fossiliferous burrow dolomicrite bed interpret shallow water openlacustrine deposit 
dolomite high sandstone content equivalent stratum coal canyon section represent lake margin include intermittently expose carbonate mudflats sandy shoreline shoal 
similar association facies constitute marginal lacustrine 
h24 evolution sedimentary basin uinta piceance basin 
ledge form micrite bed upper part wales tongue flagstaff limestone pet canyon section utah fig 
upper ledge approximately high 
facies ryder other flagstaff member green river formation uinta basin 
dismicritic dolomite suggest desiccation nodule development suggest pedogenic modification previously deposit carbonate mud 
stanley collinson note similar feature strata interpreted represent exposure modification lacustrine facies flagstaff limestone wasatch plateau 
the lacustrine deposit grade eastward southward fluvial possible deltaic deposit represent sandstone bed thick conglomerate bed axhandle canyon upper part calcareous siltstone unit 
matrix support conglomerate horse mountain interpret represent subaqueous debris flow toe one delta 
nodular siltstone may represent pedogenically altered lacustrine deposit sandstone probably represent channel peripheral lacustrine setting 
oncolites important indicator distributary channel system adjacent traverse lake margin flat 
their abundance base channelform sandstone bed adjacent lacustrine deposit indicate oncolites form stream environment well lake 
erode lacustrine bed stream traverse lakemargin deposit 
base magnetostratigraphic evidence wale tongue late paleocene age fig 
it position age indicate equivalence unit flagstaff limestone larocque wasatch plateau thus perron mountain member lower part cove mountain member flagstaff limestone wasatch plateau stanley collinson 
structural geology the eastern flank central part san pitch mountain characterize thrust fault fold involve north horn formation old stratum spieker lawton trexler 
three exposure thrust fault stratum exhibit distinctive structural trend style present along range front fig 
these structural domain strike lengths form panel imbricate fold stratum 
upper cretaceous paleogene stratum eastern san pitch mountain utah 
petes canyon imbricate zone 
oal canyon big mountain duplex 
axhandle block evolution sedimentary basins uinta piceance basin 
kilometer mile r2e r3e 
quaternary deposit 
flagstaff limestone 
wale tongue flagstaff limestone north horn formation divide informally 
tnu upper redbed unit 
calcareous siltstone unit 
tknbco big mountain coal canyon unit 
knc knsy 
coal bear unit sheet sandstone unit 
knl low redbed unit basal conglomerate unit 
unnamed conglomerate siltstone indianola group strata jurassic cretaceous stratum 
jurassic stratum 
footwall fold west verge syncline fig 
the observed relation suggest fault break sequentially westward 
the western thrust fault difficult follow vicinity deer gulch footwall hang wall consist north horn stratum 
minor fault fold within north horn indicate western thrust fault probably follow north south drainage west ridge basal conglomerate north horn deer gulch wale canyon 
displacement fault may decrease northward fault may die conglomerate bed lose steep attitude shallow westerly dip near northern map boundary 
intermediate plate within imbricate zone interpret terminate lateral ramp beneath quaternary terrace deposit drainage south deer gulch 
coal canyon big mountain duplex 
contact dash queried uncertain reverse fault dash uncertain dot concealed beneath young unit overturn anticline antiformal syncline figure facing page 
simplify tectonic map study area eastern san pitch mountain utah show location structural feature discuss text 
location study area show figure 
petes canyon imbricate zone the petes canyon imbricate zone consist several panel east dip middle jurassic low cretaceous stratum 
these panel separate thrust fault reverse fault moderate dip may trace length zone within map area 
the zone deformation extend north wale canyon disappears beneath landslide deposit southward sec 
continue beneath alluvium sanpete valley 
within deform stratum thrust fault trend due north strata easternmost thrust plate upright however strata plate overturn 
dip major fault plane consistently minor fault similar strike dip steeply shallowly probably connect major fault partition large plate horse 
north horn stratum overlap thus postdate thrust fault within imbricate zone sec 
westernmost fault imbricate zone cut north horn bed 
adjacent western thrust north horn 
the coal canyon big mountain duplex extend foot big mountain mouth coal canyon 
stratum hang wall comprise interbedded cobble boulder conglomerate red siltstone unnamed low cretaceous formation pebbly sandstone overlie sanpete formation plate 
the western margin duplex thrust fault separate indianola stratum hang wall sheet sandstone unit north horn footwall 
northern part duplex fault enters red siltstone unit north horn formation separate basal north horn hang wall rest north horn footwall 
the style deformation within duplex different imbricate zone north 
stratum fault trend northeast rather north 
slickensides associate thrust fault consistently indicate strong component oblique slip offset 
the duplex consist southeastern northwestern panel 
the southeastern panel fold bed unnamed conglomerate siltstone thrust northwestern panel young southeast dipping mostly overturn indianola bed 
rock northwest panel fold complexly 
between coal blind canyon upright sanpete bed within northwest panel fold anticline interpret inverted birsa 
thrust fault emplace overturn unnamed sandstone bed upright sanpete bed anticline fold congruent bed anticline 
characteristic coal canyon big mountain duplex presence antiformal synclines associate thrust fault 
such syncline adjacent fold thrust describe plate 
the synclinal axis fold axis thrust fault upright 
upper cretaceous paleogene stratum eastern san pitch mountain utah 
footwall syncline sheet sandstone unit north horn formation north wall petes canyon utah fig 
fold lie immediately west petes canyon duplex form beneath west vergent thrust fault 
relief leave edge photograph 
anticline northwestern panel 
small antiformal syncline present within complexly fault zone north wall coal canyon fig 
the coal canyon big mountain duplex end abruptly lateral ramp mouth coal canyon 
the southern part duplex floor blind thrust fault moderate northwest dip emplace unnamed formation north horn bed north horn stratum footwall fig 
low angle northwest dip thrust fault subparallel floor thrust fault 
north horn unnamed stratum displace westward upper thrust fault form roof duplex 
steeper east west dip fault cut low angle thrust fault form small triangular zone fault unnamed formation stratum fig 
north horn stratum footwall strongly deform adjacent duplex 
the lowermost part section almost vertical beneath duplex north horn bed experience small part shorten affect unnamed formation 
the strata beneath basal north horn unconformity overturn 
dip west apparent contradiction dominant west vergence observe elsewhere along range front 
the big mountain unit footwall overturn folded conform margin duplex 
also within big mountain unit lower sandstone bed thin toward duplex rotate steep attitude adjacent upper plate rock plate form progressive unconformity riba indicate syndepositional response early deformation duplex 
immediately south coal canyon basal north horn bed rest deposit upon deform bed unnamed formation dip northwest low angle 
rotation north horn bed counterclockwise almost vertical axis proximity southern boundary duplex indicate localized structural response duplex development 
structural deposit relation coal canyon big mountain duplex record repeat deformational episode clearly demonstrate block north south 
major shorten cause thrust fault overturn unnamed formation sanpete 
evolution sedimentary basin uinta piceance basin 
southeast foot 
cross section eastern range front coal canyon utah coal canyon duplex see also fig 
north horn formation 
pebble symbol depicts base unit deposit uplift associate thrust system eastern flank san pitch mountain 
solid dip symbol indicate upright vertical stratum open dip symbol indicate overturn stratum 
rock unit oldest young follow kc unnamed 
conglomerate siltstone kis sanpete formation indianola group kia alien valley shale indianola croup north horn formation knb basal conglomerate kns sheet sandstone unit knc coal bear unit tknb big mountain unit lower sandstone low conglomerate upper sandstone upper conglomerate tnc coal canyon unit tkns calcareous siltstone unit tnu upper redbed unit flagstaff limestone main body alluvium 
bed prior deposition north horn 
thrust fault follow deposition north horn stratum result emplacement previously thrust folded bed unnamed formation north horn 
during later shorten earlier footwall synclines overturn previously form thrust fault fold 
the thrust fault floor axhandle block continue southward dry canyon manifest sharp west vergent fold wale tongue main body flagstaff 
thus axhandle block emplace current position follow deposition flagstaff limestone 
axhandle block the axhandle block consist middle jurassic twist gulch formation stratum thrust coal bear unit low sandstone conglomerate big mountain unit 
twist gulch bed adjacent bound thrust fault overturn bulk hang wall compose upright bed dip southeast 
north horn stratum steeply upturned adjacent fault 
although hang wall axhandle block disappears beneath alluvium north axhandle canyon reappears along eastern front horse mountain south map area fig 
there upright twist gulch bed thrust north horn bed overturn adjacent thrust 
footwall deformation involve bed young low part main body 
time thrust fault relative north horn deposition relation structural feature north horn stratigraphy east central san pitch mountain demonstrate thrust deformation continue episodically throughout deposition north horn formation lawton trexler 
addition significant thrust shorten predate deposition north horn formation 
these finding significant indicate episodic thrust deformation system approximately late campanian early eocene time 
the unconformity beneath basal conglomerate unit evidence significant pre north horn shortening 
this deformation consist west vergent thrust faulting 
upper cretaceous paleogene stratum eastern san pitch mountain utah 
result fold overturn jurassic cretaceous stratum 
within petes canyon imbricate zone thrust bed dip moderately eastward overlie north horn rock low westward dip 
coal canyon angular relationship basal north horn bed subjacent stratum petes canyon imbricate zone subsequent shorten rotated unconformity vertical attitude fig 
thrust faulting proceed intermittently initial deposition north horn formation best demonstrate progressive unconformity within basal conglomerate big mountain fig 
there ongoing deformation rotate old bed subsequently bevel beneath young bed create series eastward thin unconformity bound unit 
similar unconformity bound conglomerate bed interpret represent interaction concurrent sedimentation deformation northern margin ebro basin spain riba 
the unconformities within low part north horn section deer gulch likewise create fan shape wedge conglomerate sandstone siltstone probably within paleovalley cut old stratum 
thrust deformation also accompany late deposition north horn 
thin progressive rotation lower sandstone big mountain unit adjacent coal canyon big mountain duplex indicate thrust structure along range front active deposition unit 
moreover subsequent deformation sandstone conglomerate bed big mountain unit continue development coal canyon big mountain duplex indicate deformation also postdate deposition big mountain unit 
similar evidence late north horn shorten show folding sheet sandstone coal bear unit beneath westernmost thrust fault pet canyon imbricate zone fig 
thrust fault basal part formation 
this young shorten probably result paleocurrent reversal west northwest direct deltaic sedimentation coal canyon unit 
deltaic conglomerate sandstone coal canyon unit interfinger calcareous siltstone unit along face big mountain probably derive north horn formation footwall thrust hang wall stratum west vergent thrust plate 
the increase percentage conglomerate sandstone calcareous siltstone unit axhandle canyon big mountain section suggest derivation clastic material thrust uplift east gradual upsection decrease dip upper part north horn section along mountain front indicate deformation continue deposition uppermost part north horn 
difficult precisely constrain end deformation flagstaff limestone deform episode shortening emplace axhandle block 
contrast flagstaff limestone rest unconformably upturned indianola bed elsewhere vicinity sanpete valley sixmile canyon southeast study area vicinity indianola northeast study area spieker 
locality evidence fold flagstaff 
however possibility sub flagstaff unconformity axhandle canyon indicate magnetic reversal stratigraphy significant amount sandstone flagstaff axhandle canyon suggest thrust uplift immediately precede even accompany deposition flagstaff 
crosscut structural relation indicate west directed thrust fault structural uplift sanpete valley anticline gilliland vicinity eastern range front san pitch mountain precede deposition north horn continue intermittently deposition main body flagstaff limestone early eocene age fouch other 
the timing constraint significant firmly document long live intermittent activity single thrust system 
the west verge thrust fault san pitch mountain represent core fault propagation fold antithetic dominant east vergence thrust belt form approximate eastern extent gunnison thrust system villien arid kligfield 
the gunnison thrust system terminate eastward complex thrust fault shale evaporite middle jurassic arapien formation underlies pete valley standlee lawton 
the history gunnison thrust fault thus well document deposit north horn formation eastern flank san pitch mountain 
worth note deformational history gunnison thrust fault span temporal range laramide deformation late campanian approximately late middle eocene affect colorado plateau rocky mountain region east colorado plateau dickinson other lawton 1986b 
conclusion the north horn formation eastern san pitch mountain range thickness 
the basal contact angular unconformity upper contact flagstaff limestone may also unconformable along eastern range front 
the basal contact main body flagstaff probably angular unconformity vicinity thrust uplift sanpete valley relation erode subsurface 
the contact become conformable north horn bed westward range away thrust uplift 
the gradational contact within range demonstrate intertonguing 
n30 evolution sedimentary basin uinta piceance basin 
north horn flagstaff strata north wale canyon 
the north horn deposit thrust generate structure along present eastern western range flank 
the result sedimentary basin develop hang wall gunnison thrust system piggyback basin 
biostratigraphic evidence eastern side san pitch mountain indicate north horn range age late campanian early eocene 
magnetostratigraphic data permissive conclusion 
the age constraint indicate onset north horn deposition san pitch mountain predate wasatch plateau 
the north horn formation subdivide eight informal unit map along eastern range front 
ascend order basal conglomerate unit formerly price river formation lower redbed unit coal bear unit sheet sandstone unit big mountain unit coal canyon unit calcareous siltstone unit equivalent low part big mountain coal canyon unit upper redbed unit 
the term price river formation use conglomerate unit expose san pitch mountain 
member flagstaff limestone name wale tongue present calcareous siltstone upper redbed unit north horn 
the north horn formation deposit non marine environment range alluvial fan low redbed unit incised valley braid stream basal conglomerate unit open lacustrine condition carbonate wale tongue 
transport clastic detritus dominantly west sediment shed rise thrust structure sanpete valley early upper part basal conglomerate unit lower redbed unit later coal canyon unit upper part calcareous siltstone unit deposition north horn 
abrupt lateral change deposit environment rule rather exception north horn deposition 
major fluvial axis occupy position coincident present location big mountain deposition lower two third section 
eastwardflowing river big mountain unit restrict incision adjacent fine grain interfluve area develop numerous calcareous paleosols tail 
the overlie coal canyon unit shed westward northwestward thrust uplift grade laterally lacustrine deposit calcareous siltstone unit 
thrust deformation precede accompanied deposition entire north horn section strongly control deposit pattern north horn formation 
deformation take form west vergent thrust fold eastern extent gunnison thrust system sevier orogenic belt 
the thrust uplift result time sediment source upper part basal conglomerate unit coal canyon unit upper part calcareous 
siltstone unit time breach eastwardflowing river low part basal conglomerate unit sheet sandstone unit big mountain unit 
structural containment drainage may result lacustrine condition develop concurrent follow deposition coal canyon unit 
interaction thrust system sanpete valley north horn deposition indicate thrust system likewise persist late campanian early eocene time 
reference cite alien cabrera colombo matter variation fluvial style eocene oligocene alluvial fan scala dei group ebro basin spain journal geological society london 
archibald gingerich lindsay clemens krause rise first north american land mammal age cenozoic era woodburn cenozoic mammal north america geochronology biostratigraphy berkeley university california press 
armstrong sevier orogenic belt nevada utah geological society america bulletin 
birsa the north horn formation central utah sedimentary facies petrography columbus ohio state university 
thesis burma hardy pre north horn orogeny gunnison plateau utah american association petroleum geologist bulletin 
decelles gray ridgway cole pivnik pequera srivastava control synorogenic alluvial fan architecture bcartooth conglomerate palaeocene wyoming montana sedimentology 
decelles langford schwartz two new method paleocurrent determination trough cross stratification journal sedimentary petrology 
dickinson klute hayes janecke lundin mckittrick olivares paleogeographic paleotectonic set laramide sedimentary basin central rocky mountain region geological society america bulletin 
dickinson lawton inman sandstone detrital mode central utah foreland region stratigraphic record cretaceous palcogene tectonic evolution journal sedimentary petrology 
doelling central utah coal field sevier sanpete wasatch plateau book cliff emery utah geological mineralogical survey monograph fisher dispersion sphere proceeding royal society london sen 
fouch revision lower part tertiary system central western uinta basin utah geological survey bulletin fouch hanley forester keighin pitman nichols chart show lithology mineralogy paleontology nonmarine north horn formation flagstaff member green river formation price canyon central utah principal reference 
upper cretaceous paleogene stratum eastern san pitch mountain utah 
section geological survey miscellaneous investigation map 
fouch lawton nichols cashion cobban pattern time synorogenic sedimentation upper cretaceous rock central northeast utah reynolds dolly eds mesozoic paleogeography west central united state rocky mountain section society economic paleontologist mineralogist 
gilliland sanpete sevier valley anticline central utah geological society america bulletin 
hardy zeller geology west central part gunnison plateau utah geological society america bulletin 
harland armstrong cox craig smith smith geologic time scale new york cambridge university press hay study south flat relate formation central utah part petrology part palynology columbus ohio state university 
thesis hintze geological highway map utah provo utah brigham young university scale 
geologic history utah brigham young university geology study special publication hobbs the physical magnetic polarity stratigraphy upper cretaceous low tertiary north horn flagstaff formation gunnison plateau central utah los angel university southern california thesis hunt the geology northern part gunnison plateau utah columbus ohio state university dissertation south flat formation new upper cretaceous formation utah american association petroleum geologist bulletin 
jacobson nichols palynological date syntectonic unit utah wyoming thrust belt the evanston formation echo canyon conglomerate little muddy creak conglomerate power geologic study cordilleran thrust belt rocky mountain association geologist 
rocque molluscan faunas flagstaff formation central utah geological society america memoir lawton style time frontal structure thrust belt central utah american association petroleum geologist bulletin 
1986a compositional trend within clastic wedge adjacent fold thrust belt indianola group central utah alien homewood cd foreland basins international association scdimcntologists special publication 
1986b fluvial system upper cretaceous mesavcrde group paleocene north horn formation central utah record transition thin skin thick skin deformation foreland region peterson paleotectonics sedimentation rocky mountain region 
united state american association petroleum geologist memoir 
lawton trexler piggyback basin sevier orogenic belt utah implication development thrust wedge geology 
mattox provisional geologic map hell kitchen quadrangle sanpete county utah utah geological mineral survey map scale 
ori friend sedimentary basin form carry piggyback active thrust sheet geology 
retallack field recognition paleosols reinhardt sigleo ed paleosols weather geologic time principle application geological society america special paper 
riba syntectonic unconformities alto gardener spanish pyrenees genetic interpretation sedimentary geology 
rich collinson first mammalian fossil flagstaff limestone central utah vulpavis australis carnivora miacidae journal paleontology 
rust koster coarse alluvial deposit walker facies model 2nd 
ontario geological association canada 
ryder fouch elison early tertiary sedimentation western uinta basin utah geological society america bulletin 
schwans stratal package subside margin cretaceous foreland basin columbus ohio state university dissertation smith bruhn intraplate extensional tectonics eastern basin range inferences structural style seismic reflection data regional tectonics thermal mechanical model brittle ductile deformation journal geophysical research 
spieker late mesozoic early cenozoic history central utah geological survey professional paper 
1949a the transition colorado plateau great basin central utah utah geological society guidebook geology utah 
1949b sedimentary facics associate diastrophism upper cretaceous central eastern utah geological society america memoir 
spieker reeside cretaceous tertiary formation wasatch plateau utah geological society america bulletin 
standlee structure stratigraphy jurassic rock central utah their influence tectonic development cordilleran foreland thrust belt power geologic study cordilleran thrust belt rocky moun tain association geologist 
stanley collinson deposit history paleoccne lowcr eocene flagstaff limestone coeval rock central utah american association petroleum geologist bulletin 
tail magnetostratigraphically constrain evolution 
axhandle thrust top basin central utah los angel university southern california 
thesis thomas the south flat relate formation northern part gunnison plateau utah columbus ohio state university 
thesis villien kligficld thrust synorogenic sedimentation central utah petcrson paleotectonics sedimentation rocky mountain region unite state american association petroleum geologist memoir 
evolution sedimentary basin uinta piceance basin 
weiss oncolites paleoecology laramide tectonics central utah american association petroleum geologist bulletin 
structural variety east front gunnison plateau central utah nielson overthrust belt utah utah geological association publication 
weiss roche the cedar mountain formation lower cretaceous gunnison plateau central utah schmidt perry eds interaction 
rocky mountain foreland cordilleran thrust belt geological society america memoir 
witkind weiss geologic map nephi x60 quadrangle carbon emery juab sanpete utah wasatch county utah geological survey openfile report scale 
witkind weiss brown geologic map manti x60 quadrangle carbon emery juab sanpete sevier county utah geological survey miscellaneous investigation map scale 
publish central region denver colorado manuscript approve publication january edit judith stoeser graphic design patricia wilber color design virginia scott cartography wayne hawkins david castor type compose mari melon 
upper cretaceous paleogene stratum eastern san pitch mountain utah 
evolution sedimentary basin uinta piceance basin samuel johnson project coordinator multidisciplinary approach research study sedimentary rock constituent evolution sedimentary basin ancient modern this volume publish chapter 
chapter issue single volume available separately geological survey bulletin 
department the interior bruce babbitt secretary geological survey dallas peck director any use trade product firm name publication descriptive purpose imply endorsement government 
united state government print office for sale usgs map distribution box building denver federal center denver 
content letter designate chapter sedimentology paleogeographic significance six fluvial sandstone body maroon formation eagle basin northwest colorado samuel johnson 
sedimentology eolian sandstone middle pennsylvania eagle valley evaporite eagle basin northwest colorado christopher schenk 
burial reconstruction early middle pennsylvania belden formation oilman area eagle basin northwest colorado vito nuccio christopher schenk 
diagenesis burial history nonmarine upper cretaceous rock central uinta basin utah janet pitman karen franczyk donald anders 
geologic history hydrocarbon potential late cretaceous age lowpermeability reservoirs piceance basin western colorado ronald johnson 
deposit control late campanian sego sandstone implication associate coal form environment uinta piceance basin karen franczyk 
petrography mineralogy reservoir characteristic upper cretaceous mesaverde group east central piceance basin colorado janet pitman charles spencer richard pollastro 
variation vitrinite reflectance value upper cretaceous mesaverde formation southeastern piceance basin northwestern colorado implication burial history potential hydrocarbon generation vito nuccio ronald johnson 
the fryingpan member maroon formation lower permian 
basinmargin dune field northwestern colorado samuel johnson 
upper cretaceous paleogene sedimentary rock isotopic age paleogene tuff uinta basin utah bruce bryant 
age late paleogene neogene tuff begin rapid regional extension eastern boundary basin range province near salt lake city utah bruce bryant 
the ammonite metengonoceras hyatt mowry shale cretaceous montana wyoming william cobban 
the frontier formation associate rock northeastern utah northwestern colorado 
sedimentology mineralogy palynology deposit history some uppermost cretaceous lowermost tertiary rock along utah book roan cliff east green river karen franczyk janet pitman douglas nichols 
geology lower yellow creek area northwestern colorado william hail middle cretaceous stratigraphy south east side uinta basin northeastern utah northwestern colorado 
cretaceous tertiary paleogeographic reconstruction uinta piceance basin study area colorado utah 
geology central roan plateau area northwestern colorado william hail 
petrology deposit setting mississippian rock associate anoxic event samak western uinta mountain utah 
nichols silberling 
petrology significance mississippian osagean meramecian anoxic event lakeside mountains northwestern utah 
nichols silberling 
precambrian early mississippian stratigraphy geologic history paleogeography northwestern colorado west central colorado james soul 
late paleozoic structure southern part uinta basin utah seismic reflection data christopher potter rex tang timothy hainsworth 
sedimentology deposit history upper triassic chinle formation uinta piceance eagle basins northwestern colorado northwestern utah russell dubiel 
ground water chemistry diagenetic reaction tertiary sandstone green river wasatch formation uinta basin utah richard wanty janet pitman thomas fouch 
structural control distribution sedimentary facies pennsylvanian minturn formation north central colorado karen houck 
fracture history divide creek wolf creek anticlines it relation laramide basin margin tectonism southern piceance basin northwestern colorado marilyn grout earl verbeek 
facies analysis genetic sequence paleogeography low part minturn formation middle pennsylvanian southeastern eagle basin colorado 
stratigraphy eocene part green river formation south central part uinta basin utah robert remy 
pennsylvanian early permian paleogeography uinta piceance basin region northwestern colorado northeastern utah samuel johnson marjorie chan edith konopka 
surface vitrinite reflectance study uinta piceance basin adjacent area eastern utah western colorado implication development laramide basins uplifts ronald johnson vito nuccio 
stratigraphy mississippian system south central colorado northcentral new mexico augustus armstrong bernard mamet john repetski 
phanerozoic evolution sedimentary basin uinta piceance basin region northwestern colorado northeastern utah samuel johnson 
stratigraphic correlation between eagle valley evaporite minturn formation eagle basin northwest colorado christopher schenk 
geometry structural evolution gilsonite dike eastern uinta basin utah earl verbeek marilyn grout 
structure stratigraphy upper cretaceous paleogene stratum north horn formation eastern san pitch mountain utah sedimentation front sevier orogenic belt timothy lawton peter tail robert hobbs james trexler malcolm weiss douglas burbank 
government printing office 
