geological survey circular record well drill for oil and gas new mexico prepare cooperation new mexico bureau mine mineral resource 
united state department the interior douglas mckay secretary geological survey wrather director geological survey circular record well drill for oil and gas new mexico dixon baltz stipp geological survey biaberman new mexico bureau mine mineral resource prepare cooperation new mexico bureau mine mineral resource 
washington free application geological survey washington 
record well drill for oil and gas new mexico 
dixon baltz stipp geological survey bieberman new mexico bureau mine mineral resource 
well drill oil gas new mexico 
literature cite 
composite penetration section 
inside back cover 
oil gas field new mexico 
southeastern new mexico gas pool 
record well drill oil gas new mexico 
abstract data concern nearly well drill new mexico september include unsuccessful wildcat field extension well discovery well compile publish circular 
although search oil gas extend part state well oil natural gas field locate northwest southeast quadrant state 
well drill for oil and gas new mexico this circular contain information compile data file geological survey new mexico bureau mine mineral resource nearly well drill new mexico september 
the tabulation believe include unsuccessful wildcat test well unsuccessful field extension well discovery well various produce area even though may shut abandon present time 
addition list contain deep test well representative shut abandon produce area 
well less foot deep list unless disco well representative district 
well produce abandon later include tabulation 
most well locate southeastern part state delaware basin lea eddy county northwestern part state san juan basin san juan county 
all oil natural gas field northwest southeast quadrant new mexico however search oil gas extend part state 
data significant well drill oil gas new mexico publish bulletin form new mexico bureau mine mineral resource winchester revise bates 
test well drill southeastern new mexico show map release geological survey bigelow stahl waatti revise annually except 
map release bigelow revise show location well drill east centra new mexico 
some well northwestern part state locate map chama area release bigelow revise map farmington area release waatti bigelow revise 
map state show location test well drill oil gas oil gas field pipeline release geological survey 
table contains follow data test well oil gas location well township range section county field geologic structure operator lease well number completion date status land elevation total depth geologic data surface rock bottom rock productive zone oil gas show status date 
the well arrange quadrant township range section 
the name list field geologic structure name productive area 
the completion date date drilling cease date well complete production produce well date abandonment dry hole 
the elevation well obtain many source many probably accurately determine survey method other may inaccurate 
for many well know whether elevation give ground elevation elevation derrick floor 
the elevation list may therefore consider approximation true elevation 
the total depth well obtain many source figure record may vary found elsewhere 
the total depth great depth reach drill regardless plug back test produce high zone 
only well change geologic information make interpretation geologic map literature respective area 
the surface rock deep rock reach drilling list tabulation symbol explain composite penetration section plate 
question mark enclose parenthesis follow symbol surface bottom rock indicate uncertain age 
question mark without parenthesis indicate uncertain nomenclature surface bottom rock 
the production oil gas indicate symbol oil production gas production 
oil gas production 
the symbol indicate show oil show gas sog show oil gas 
the number follow symbol show production indicate depth top zone show produce horizon find 
the letter symbol follow number indicate geologic system series group formation member show produce horizon occurs use penetration section 
the status well indicated letter group letter follow date 
the letter use meaning follow abandon dts drill temporarily suspend dis drill indefinitely suspend temporarily abandon pow produce oil well pgw produce gas well water well 
addition data oil gas test well list oil gas field state location produce horizon present table list gas pool southeastern new mexico give table 
literature cite bat the oil gas resource new mexico 
mine min 
bigelow map chama area geol 
map east central new mexico geol 
bigelow stahl waatti 
map southeast new mexico geol 
dixon baltz stipp bieberman map new mexico show test well oil gas oil gas field pipeline geol 
survey map 
bigelow map faxmington area geol 
winchester the oil gas resource new mexico mex 
mine min 
oil gas field new mexico asterisk indicate economic term 
field aid aztec picture cliff baish blanco picture cliff blaneo south pictured cliff bluit gary cedar hill yates 
oil produce system series group formation member 
gas produce system series group formation member 
eddy tps 
pictured cliff 
eddy eddy eddy san juan rio arrlba tps 
san juan rio arriba tps 
tab tps 
paradox mbr 
pictured cliff 
yeso fiu blinebry 
san andres fin 
queen grayburg 
santa rosa 
field dogie canyon picture cliff dollarhide west 
oil gas field new mexico continue 
oil produce system series group formation member 
rio arriba 
drinkard yeso 
drinkard yeso 
drinkard yates sand seven river gypsum yeso 
drinkard yates sand seven river gypsum 
fulcher kutz picture cliff getty gladiola tte lfwfl 
eddy eddy san juan eddy 
gas produce system series group formation member picture cliff 
pictured cliff 
tan ill anhydrite 
holsbs hogback dakota kutz west picture cliff 
eddy mckinley san juan 
lovington lusk wpb lynch mcmillan maljamar 
lea eddy lea eddy lea 
eddy lea 
paddock yeso 
san andres yeso 
pictured cliff 
oil gas field new mexico continue 
oil produce system series group formation member 
nichols pqa penrose skelly 
eddy lea 
red lake 
eddy eddy 
eddy lea 
sand hill 
eddy tps 
spv tjalron 
square lake 
lea eddy 
tntyl mgaan 
paddock yeso 
drinkard farmington 
kirtland yeso 
gas produce system series group formation member tansill anhydrite 
tonto tulk north wolfcamp watkins wilson 
lea tps 
eddy lea tps 
drinkard yeso 
paradox mbr 
tubb vandagriff key 
southeastern new mexico gas pool 
asterisk indicate economic tetm 
gas produce system series group formation member 
yates sand 
seven river gypsum 
yates sand 
seven river gypsum 
yates sand 
seven river gypsum 
yates sand 
seven river gypsum 
rock simpson age 
tubb pay 
township range section 
16w wsenw 16w nenwne 16w nwsesw 16w nenwsw nwnw 
nenwnw nwne nnwne nnwne 14w wnwne 
nesene swnene 
11n nwswne 
11n swswsw mckinley 
12n seswse 
12n nwnwnw 
12n sesw 12n senwkw 12n 11w 13n esene 1jn 3senwnw 
13n 13n 12w nene 13n 14w 
14n nenese lit nwsese 
14n swswsw 14n nenene 14n 10w cnesw 
14n 10w nenesw 
14n 10w swswse 
14n 10w eses 14n 10w swswsw 14n 10w swnwnw 
well drill oil gas new mexico 
field geologic structure 
operator lease well 
comple eleva total 
geologic formation production show status 
tion date 
tion depth surface bottom foot foot rock rock 
oil gas date 
quadrant bailey baca bailey baca bowser fenner bailey mitchell son red lake ohio oil mcdonald red feather oil smith red feather oil smith oliver king king rio puerco oil hubb oil ball 
hoosier oil valley acme oil 
carter oil santa 
continental oil bar cattle 
schleuter mckinley state consolidate oil tomberlin 
midwest ref 
royalty barton mex 
royalty barton ambrosia investor synd santa 
ambrosia investor synd santa 
jenkins mcqueen santa 
wadley dysart ambrosia investor waddell 
i94l fie 
ci ci ci dis 
litll 10w enwne light 10w enwne 10w nenwne light 10w swswsw 15w sese 
itgw senenw 
15n senes 
15n nenene 
15n nwnwse 
15n cse 
15n 10w swswse 
15n 10w swswse 
15n 10w swswnw 
15n 10w eswnw 15n 10w wswnw 15n 10w cswnw 15n 10w nwnwsw 
15n 10w nswse 15n 10w nswse light 15n 10w esene light 15n 13w nwswse 
15n 18w 
15n 18w 
15n 18w swsese 
15n 18w wsw 
15n 19w wswsw 
16n cswne 16n nwsene 16n nkene 16n nwsesw 16n 10w sesenw 
16n 10w seses 16n 16w enwse 16n 18w 16n 18w 16n i8w 
17n csenw 
17n nehwnw 
itn wswsw 17n sesenw 
itn swnwnw 
wadell dysart bouton 
blackstone champion mckinley land gonzales 
marland oil prairie jones 
midwest ref 
ignacio chavez grant 
milholland walker dome oil santa 
johnsonwood oil corp hannett 
midwest ref 
santa ambrosia lake 
plymouth oil santa 
plymouth oil santa 
royer oil santa 
col pierce wolff col pierce wolff walker dome oil hannett tidewater assoc 
oil tidewater assoc 
gallup american coal gallup american coal 
kmv kmv 
corp gallup american 
carter oil santa 
richfield oil corp santa 
jenkins oil santa 
kmv kmv 
locke taylor santa 
ohio oil yontz 
paramount oil santa 
milholland milholland 
kmv kmv kmv 
kmv kmv kmv 
petroleum prod 
ohio oil 
kmv kmv 
continental oil santa 
spanish bit oil santa 
spanish bit oil santa 
dis dis 19i 19i 19i 
well drill oil gas new mexico continue 
township range section 
field geologic structure 
operator lease well 
comple eleva tion tion date foot 
geologic fnvnin 
depth foot 
surface rock 
bottom rock 
production show status oil gas date 
quadrant continue 
17n esenw 17n neswsw 17n nesesw 
17n nesene 
17n nene 
midwest ref 
santa hancock 
petroleum prod 
petroleum prod 
midwest ref 
esp esp 
l8l kmv kmv 
kmv kmv 
kmv kmv 
17n snwsw 
17n neswsw 
17n nenw 
17n nenenw 
corp esp prod 
corp esp lock taylor drg 
60c kmv kmv kmv 199c kmv 
kmv kmv kmv kpl 
19jj 19j5 19j1 19j1 
17n nwnwsw 
17n enenw 18n cnwne 18n cnwne 
18n esene 
arkansas fuel oil santa 
80c kmv kmv 200j 
18n csene 18n wnwnw 
18n cnwne 18n nwnesw mckialey 18n nwnesw 
unibarger gartner imbarger gartner kelly state williams santa 
williams santa 
105c 195j 191c kmv kmv 
kmv kmv 
18n nwswsw 
18n swswsw 
18n sswse 
18n nenene 
18n nenene 
williams santa 
williams pettit williams pettit freelove gilbert santa 
kmv kpl 200c kmv kpl kmv kpl 55c kmv kmv kmv 
18n swswse 
18n nwsese 
18n snwnw 
i8n cswsw 
san juan coal oil santa 
san juan coal oil 
kmv kmv 
haggey pheonix synd santa 
kmv kmv 
kmv kmv 
18n 10w nenesw 
18n 10w senenw 
18n 10w swsese 
18n 10w nenese 
18n 10w 
locke taylor drg 
balance rock 
san juan coal oil ferris 
kmv kmv 
kmv kmv kmv kmv kmv kmv kmv 
18n 10w wnwnw 18n 10w csese 18n 11w swswnw 18n 11w nwnwsw 18n 11w swsese 
18n 11w sesenw 18n 11w nwse 18n 11w nwnwse 18n 11w nenene 18n 12w eswse 
18n 13w 19n sesesw 19n nenene 19n 10w nenesw 19n 10w sesenw 
19n 10w nwnwse 19n 10w swswne 19n 10w swswne 19n 10w 19n 10w nwnesw 
19n 10w seswsw 19n 11w swswne 19n 12w 19n 17w 19n i8w 
20n snese 20n sesene mckinley 20n neswse 20n cswse 20n seswse 
20n swswsw 
20n swswsw 20n nwsene 20n nenene 20n senw 
20n senenw 
20n nenenw 20n ssene 20n nwswne 
20n senene 
20n nenene 
20n nwnwne 
20n 10w cwwse 
20n 10w 
20n 10w senwne 
inland oil goodright greer league santa 
phoenix synd santa 
rotary well 
kmv kmv 
kmv kmv kmv 
kmv kmv kmv 
kmv kmv 
pickens independent oil presley ranch 
kmv kmv kmv kmv 
kmv kmv kmv kmv kmv 
mckinley mulholland 
kmv kmv kmv kmv kmv kmv kmv kmv kmv kmv 
nvavi gulp santa 
kmv fton kmv kmv 
kmv kmv kmv kmvc kmv 
hamilton santa ruby mulholland santa 
kmv kmv kmv qal 
kmv kmv kmv 
seward santa 
producer refiner santa 
gibbon santa 
kmt kmv kmv kmv kmv kmv kmv kmv kmv kmv kmv kmv kmv kmv kmv kmv kmv kmv kmv kmv kmv 
bennett lingenfelter santa 
kmv kmv kmv 
clark foster santa 
kmv kmv 
dibble santa 
kmv kmv 
kmv kmv 
kmv kmv 
guarantee oil calif santa 
esp lion oil hoxsey state 
kmv kmv kmv kmv kmv 
kmv kmv kmv 
township range section 
20n 11w nwswne mckinley 20n 20w cnlhenw 
21n neswsw 21n sesenw 21n esenw 
21n nwsene 
21n 13w swswsw 21n nenwnw 
21n 13w enenw 21n 13w cnenw 21n 14w swnene 21n 14w sene 21n sesene 22n 13w nwnwnw 22n 13w swswsw 
22n 14w nwswsw 22n 14w nwsese 22n 14w swsese 23n nwsene 23n swne 
23n 11w nwsese 23n 13w cnwnw 24n cnwse 24n neswse 24n neswne 
rio arrlba 
24n nwsese 
24n csese 24n cswsw 24n csene 24n cnwne 
24n cswsw 24n 10w swne 
well drill oil gas new mexico continue 
field geologic structure 
operator lease well 
comple eleva total geologic 
tion date 
tion foot 
depth foot 
formation surface bottom rock rock 
production show status oil gas date 
quadrant continue 
kmv kmv kmv 
humble oil ref 
southern union prod santa fepacific 
red butte oil hildebrand southern union gas santa 
kmv kmv kmv kmv 
kmv kmv 
southern union gas southern 
union gas 
southern union gas southern union kmv 
gas navajo 
kmv kmv 
hall santa 
kmv kmv 
southern union gas santa 
great mesa oil roderick 
kmv kmv 
midwest ref 
schaeffer kmv kmv 
reserve oil schaeffer 
kmv kmv kmv 
reserve oil 
southern union gas 
southern union 
gas jicarilla tribe 
paso natural gas harmon 
stock mill 
kpc kpc sog 
magnolia pet 
magnolia pet 
delhi oil corp owen 
magnolia pet 
delhi oil corp nolting 
amerada pet 
lucerne corp niloco nile oil duff 
24n 10w cnwnw 
24n 13w nwsenw 
25n swnene rio arriba 25n senwnw 
25n nwsese 
25n nwsenw 
25n cswsw 
25n chesw 
25n 1jw senwnw 
25n 13w nenenw 
25n 13w ssesw 
25n 19w 
26n sesesw rio arriba 
26n cswsw 
26n swsesw 26n cnwse 
26n cnenw 
26n senwnw 
26n nwsw 
26n neses 
26n swnene 26n nene 
26n senwww 
blanco south 
26n senwse 
26n 10w cswne 
26n 10w senwse 
26n lovv cswne 26n 11w nene 
26n 11w swnenw 26n 11w nesw 26n 11w neswne 26n 12w senwnw 26n 12w nene 
26n 13w nenese 
26n 13w neswsw 
greenbrier oil stevensonboring 
hill hill field lucerne corp niloco nile oil gardner 
british american oil prod 
coal creek oil bohan black rock oil 
doswell pettigrew scott doswell 
doswell scott 
kingsley locke oil kingsley locke pet 
kingsley locke oil kingsley locke pet 
southern union gas 
davis hodges 
stanolind slick moorman oil huerfano unit 
stanolind slick moorman unit 
stanolind slick moorman oil huerfano unit 
stanolind slick moorman unit 
lucerne corp niloco nile oil 
smith storey delhi oil corp navajo sullivan sullivan hill 
coal creek oil munsinger 
british american oil prod 
kpc koa sog sog kmg 
kpc kpc kpc kpc 
kpc kpc 
qs2 iqsp 1qs1 tju oqr 1q4q pow qso qs2 qs2 iqs 1qs1 1qs2 qsl 1qs1 qso qs1 qso 1qs 
qs2 1qs1 
table well drill oil gas new mexico continue 
township range section 
26n 1jw nesw 26n 13w nwsese 26n 13w nenene 26n 18w swsenw 26n 18w cnwsw 
26n 18w nwnesw senwnw rio arriba 
27n neswne 
27n snwsw 
27n 11w neswsw 
27n 11w nenw 27n 11w nenw 27n 11w senwnw 
27n 12w swnese 
27n 12w swnenw 
27n 12w neswsw 
27n 1jw swnene 
27n 17w neswsw 
27n 17w nsesw 
27n 17w wnwse 27n 17w nwnwsw 
27n 17w 
27n 17w nenwnw 
28n seses rio arriba 
28n swnenw 
28n nwsese 28n 10w enwnw 10w cswse 
28n 10w cnwnw 
28n 11w 
11w iieiie 
field geologic structure 
operator lease well 
comple eleva tion tion date foot 
total depth foot 
geologic formation surface bottom rock rock 
production show status oil gas date 
quadrant continue 
kutz west pat meiae 
coal creek oil tubbs sullivan flood sullivan hill continental oil continental oil 
gypsy oil gypsy oil florence florence harrington 
great lake oil chemical garrett herff rosenbaum hammond 
western natural gas largo natural gas hardy williams bolack 
frontier ref 
oklahoma oil bolack 
frontier ref 
frontier ref 
british american oil prod 
hancock ltd british american oil scott 
anderson hadlock hadlock anderson tonkin 
anderson hadlock hadlock anderson tonkin 
british american oil prod 
delhi oil corp douthit 
koa koa fie kpc kpc kpc 
continental oil table mesa continental oil table mesa prod 
corp prod 
continental oil table mesa 
continental oil continental oil 
south dulce 
delhi oil corp 
sharp bolack 
aztec cain 
transcal realty devel davidson 
angel peak oil garland 
itn rhrh 
o3nl iotnniotnn iotnno iotnn iotnn konn iotnn toon iotnn iotnn iotnn 
tco toi toi itn itn 
itn itno 
si3d gg5 
itn ltn 
itmtnvocc3 itn rhco 
colt onumtn 
itmt voono rhrhvoo 
knco cdon 
ss itn toi oocotoikn 
frj cmrhocmo cmitnoon onvo 
fnco jvo jnon 
rhd cmcmto irnoontoiooqvo 
itn itn 
itn itn itn itnitn itn itnvo 
itn itn 
itn itn 
onon ononon onon ononononon 
vto titfnn ittrn i3r idt 
ooltnltn ltn onco ltn itn itn ltn 
ltn onutnco kncvjracmkn ononononon 
oont cvj ltmt ltn ltn lfnltn ltn cjcjcjutmr ct1 
pcd aco 
cmcmtoitoicmcj rhrhh 
ilas ci3 
rrca 1iii 
boi apq 
sood hho 
cqpq rhttn cmkn 
roh cho 
p01 1h0 os 
rhtoitoicoon rrt rrt 
onrhrhcmcm rhrhrhrh 
0h1 hra 
toi jrhrhrhrhrh 
jid ocd 
pwq rcj 
1s13 3rarcad 
vovocoonon hrhrhrhrh 
hnv pi3 
iiiii a01 4ra 
rpa rchd 
iii iii 
ooorhrh cmojcjcmcm 
cjcm cmcjcj 
cjcjcj cmcj cjcmcmcmcj 
sss cvjcvjcmcjcm cmcmcvjcjcm cnm cnm cnm cnj cnj 
township range section 
29n 11w sswne 29n 11w nwsenw 
29n swsenw 29n 11w senenw 
29n 11w nenene 
29n 11w swsenw 29n 11w nsenw 29n 11w nenene 29n 11w enene 29n 11w swswne 
29n 11w nwnenw 29n 11w nwnenw 
29n 11w nnwnw 29n 11w nwsenw 
29n nwnwne 
29n 11w nnwne 29n 11w eswne 29n nenwne 29n 11w nenwse 29n 11w swsene 
29n 11w neswnw 29n 11w swswse 
29n 11w swsenw 29n neswsw 29n 11w senes 
29n 11w swnenw 29n 11w ssese 29n 12w swnene 
29n 12w nesenw 29n 12w neses 
29n 12w nenese 29n 12w senesw 
29n 12w nenene 29n 12w swnesw 
29n 13w sesw 
29n 13w nwnesw 
pqw hwrw 
well drill oil gas new mexico continue 
operator lease well 
comple eleva total tion tion depth date foot foot 
geologic formation surface bottom rock rock 
production show status oil gas date 
quadrant continue 
bloomfield bergin 
kkf kkf kkf kkf 
mccoy phillips bergin well holand reinhart bloomfield garrison 
kkf kpc kkf kkf kkf kkf 
fidelity oil smith 
noland bullock bunce 
umbarger davis pool unit 
kkf kkf kkf kpc 
iowa oil synd vile carroll cornell carroll cornell 
kutz west 
green stark benson montin callowayj gallegos canyon unit 
benson montin hartman gallegos canyon unit 
kkf kpc 
animas oil sutton 
1q24 sso 14q5 
29n 13w nnene 
29n 13w cswsw 
29n 13w swse 
jack amenda schenck 
gross blacklock farmington blake 
29n 13w eswnw 29n 13w senwse 
29n 13w nwsene 
29n 15w sswse 29n 15w sesw 
29n 15w neswne 
29n 16w swnwnw 29n 16w nenese 29n 16w senene 29n 16w senwnw 
kutz west 
miller culpepper loyd locke graham pool unit 
locke taylor drg 
tycksen pool unit 
west steele brimaall kirtland drg 
hunt greenbrier oil 
key foutz 
bashaw stalling bashaw stalling lewis watson stanolind stanolind 
29n 16w wise 29n 16w cswne 29n 16w nwsenw 29n 16w nwnw 29n 16w nenwse 
stanolind stanolind 
stanolind stanolind 
stanolind stanolind 
compton stanolind 
29n 17w enes 29n 17w esene 29n 18w seses 29n 19w snesw 29n 19w snwnw 
compton stanolind 
mutual oil synd santa spring 
midwest ref 
red cactus oil stalling kin 
continental oil santa 
continental oil santa 
29n 19w sswsw 
29n 19w csw 
29n 19w neswnw 
29n 19w wswnw 
29n 19w senwne 
continental oil continental oil santa corp 
continental oil continental oil santa corp 
continental oil continental oil santa corp 
continental oil continental oil santa corp 
continental oil continental oil santa corp 
kin kin kin 
29n 19w eses 29n 19w nwnwne 29n 19w snwne 29n 19w swnwse 29n 19w senes 
continental oil santa continental oil santa continental oil continental oil santa corp 
continental oil continental oil santa corp 
continental oil continental oil santa corp 
qyk tsj 
29n 19w 
continental oil continental oil santa corp 
iqlj pow utj qoli 
oul yjj okq yjy qkk 
township range section 
29n 19w senene 29n 19w cnene 
29n 19w nwsenw 29n 19w nenwnw 
29n 19w swswse 
29n 19w swsesw 
29n 19w neswsw 29n 19w snesw 29n 19w nwnwne 
29n seswhw 
29n senwne 
29n 19w cnenw 29n 19w nwnesw 
29n 19w nnwsw 
29n 19w swnwnw 29n ssene 29n 19w sesenw 29n 19w nenenw 29n 19w snenw 
29n 19w swnese 
29n 19w seses 
29n 19w neswse 29n 19w nenwse 29n 19w nwswne 
well drill oil gas new mexico continue 
field geologic structure 
operator lease well 
comple tion date 
eleva total tion depth foot foot 
geologic formation surface bottom rock rock 
production show status oil gas date 
quadrant continue 
continental oil santa continental oil continental oil santa corp 
continental oil continental oil santa corp 
continental oil continental oil santa corp 
kin sog 
continental oil continental oil santa corp 
continental oil continental oil santa corp continental oil continental oil santa corp 
continental oil continental oil santa corp 
continental oil continental oil santa corp 
kin sog 
continental oil continental oil santa corp 
continental oil continental oil santa corp 
continental oil continental oil santa corp 
continental oil continental oil santa corp 
continental oil continental oil santa corp 
kin kin kin kin 
continental oil continental oil 
santa corp 
continental oil continental oil 
santa corp 
continental oil continental oil 
santa corp 
continental oil santa kin 
continental oil continental oil 
santa corp 
continental oil continental oil 
santa corp 
continental oil continental oil 
santa corp 
continental oil continental oil 
santa corp 
continental oil continental oil 
santa corp 
continental oil continental oil 
santa corp 
kin kin kin kin kin 
29n 19w neses 29n 19w nwwwse 30n sese 30n swwesw 30n swsw 
30n cnesw 30n swswse 30n swnesw 30n ssene 
30n cswse 
30n senwse do30n swnwne 30n cswsw 30n enwse 30n 10w neswme 
30n 11w senwww 
30n 11w enwnw 
30n 11w kwse 
30n 11w swsw 
30n 11w nwswsw 
30n 11w nenwnw 30n 11w nwesw 30n 11w enesw 30n 11w wswse 30n 11w nwnw 
30n 11w nwsesw 30n 11w senwsw 
30n 11w ssese 30n 11w nseme 
30n 11w sekeme 
30n 11w cnwnw 30n 11w snwnw 30n 11w nwswnw 30n 11w cswse 30n 12w sesw 
30n 12w nwnese 30n 12w csese 30n 12w eses 30n 12w nwsese 30h 12w ehese 
30h 13w swsene 30h 13w swnw 
continental oil continental oil 
santa corp 
continental oil continental 
blackwood nichols 
phillips pet 
phillips pet 
phillips pet 
kpc kpl kmv 
1qs2 pgw 
phillips pet 
kinnear knight synd siebert kugler huntington park oil longfellow assignee terwilliger 
rainbow oil ray 
kpc tflr 
oko qkft iokft oil 
paso natural gas yager pool unit 
webb wood 
florance florance pool unit 
rpa qcz 
kpc kkf 
lijoa fla 
blanc bloomfi eld fifield 
morris ltd lloyd morris ltd lloyd payne 
kkf kkf kpl kkf kkf 
anna oil corp oswell 
woolley oswell 
brawley martin 
192c koa 
192c koa 
192c koa 
southern union prod 
stratton hart 
williams engler 
township range section 
50n ijw cswsw 30n ijw cnwne jon ijw senwnw 
jon 14w eswsw jon 15w nwsw jon 15w jon 15w jon 15w senwbw 
jon 15w nehene jon 15w nenene jon 15w nnwne jon i6w nwsw jon 16w nemesw 
jon 17w sese 
jon 17w csese 
jon 17w cnwhw 
jon 17w 
jon 19w 
jon 21w heswne 
j1n cuesw rio arrita jut henw j1n sene 
j1n swbwnw 
j1n swsw j1n cswse j1n wswse j1n swhe j1n nwnwhe jut 11w chesw j1n 12w senwse j1n 12w swsw jilt ijw ssese nwsfflw 
well drill oil gas new mexico continue 
field geologic structure 
operator lease well 
comple eleva total 
tion date 
tion foot 
depth foot 
surface rock 
bottom rock 
quadrant continue 
williams wynn 
kmv kmv 
talcott talcott 
williams bowman 
174c kpc kpc 
kmf kmf 
williams bowman 
kpc kpl 
bolack bolack 
british american oil prod 
phillips pet 
phillips pet 
phillips pet 
phillips pet 
phillips pet 
phillips pet 
navajo indian school brown contractor govt 
continental oil santa 
1j67 217c 82it 
continental oil continental oil 
hughes continental oil 
jicarilla apache 
colo corp stanolind 
6joc kmv 
stanolind stanolind 
phillips pet 
phillips pet 
southern union gas newman 
607j kpc 
scholl drg 
production show status oil gas date 
16j6 5j06 kmv 
19j1 19j1 19j1 19j1 19j2 19j2 19j4 19j6 195j 195j 195j 19j2 19j7 194j 19j1 19j1 195j 195j pgw 195j 19j1 194j 195j 1q4p 
iim nwiifidw 31h 1jw swsw 31n 1jw seswsw tkt mtxtq 
t7w tjq 
7lj pqtpqtj 
tvn qtjqt 
j1n nese 3iow pducnj 32n nsene 
low mw5ir 
1ow k3tj 
low okt 
pquwl7 jmjgu 
spn www 
alt qtjqtj 
12e cswsw 
15e csese 
20e nenwnw 
30e 36e cswsw nwsw 13e swswse 19e nwnwne 
20e nwsw 20e nwnwne 
2u5 swnw 
25e nwsw orr pslisu 
stile gaberhart williams updegrove portage oil hubbell portage oil hubbell stanolind stanolind ute 
tnqr vnf koa ttoa 
childers drg 
byrd frost inc 
byrd frost inc kin 
byrd frost inc 
byrd frost inc 
state natural gas western 
natural gas navajo 
marland oil marland oil 
stanolind phillips pet 
san juan 
vaughn vaughn unit 
williams robert union prod 
zkpli conk 
kpl kpl 
lubbock machine inc colbough 
mesa oil armstrong campton white overton 
robert myrick hkwkins 
1qx1 iokft iqkft lokft iq iqcjo 1qsp qrp lqli7 lqvi pftj tju qoo wuj iqr 
township range section 
well drill oil gas new mexico continue 
field geologic structure 
operator lease well 
comple tion date 
eleva tion foot 
total depth foot 
geologic surface bottom rock rock 
production show status oil gas date 
quadrant continue 
joe csesw 31e cnwse 31e cnwne 31e nwswnw j2e swswse 
10e swsw 12e nwne 
12e cnwne 13e nwsese 13e cnesw 15e nesw 15e cswhe 
15e 17e nenene 26e swswne 26e sesenw 26e 
27e 28e nwne 29e seses 30e swne 30e cnwnw 
32e cne 36e cne nenene nwsw swnwne 10e cnwsw 12e sesw kit 12e csese 
assoc stateskarda 
central mex 
brown livingstone 
central mex 
oil joiner oil corp 
tsf tsf 
mex luna 
mcgill franklin flynri welch yates gephart 
qal qal qal 
sweatman veal parnell 
eidal mfg 
tsf qal qal 
bluhal kistler 
rogers poynor 
rogers poynor 
rogers poyner poyner 
rogers federal 
sog i860 sog 
dis dsi 19l 
lltvf ofyii tpattpattp 
dojj oft 
lvn ql7qu 
dol 1vf ofm 
qttmt qtj 
oot tvtg qtptvrb1 ilw ooi 
26e cnene nene swswsw 
19e kese rtvf 
23e nwse 
26e cnesw 
35e swse 
35e nwnw 35e nenenw rtvf ctt 
pqtptfftat ttp qtpqtj tvt ti1 pqtjqt 
nwnwne ott tmttmt 
otp tmttmt 
tvt o1p qump 
nawsti rin 
mntarint oil 
san1 fvrit 
mid continent engineering assoc 
griggs steele 
bellevue synd 
domain drg explor 
ltd sumner watkins 
sumner inc sunner inc watkins 
abercrombie hawkins nappier 
snowden west drg 
snowden garrett 
»»^ qonnfl 
bailes von glahn sketchley dallies 
oil charez 
oil synd 
dechavez grant 
iokk okk tqkfi lake tqko 
co7f k8k6 w15 k2k 
qal 7ofifi qol 
19k9 qkq 71k9 19k6 37k5 
tqk7 5k6 
rrto if223 if025 
k8in oon 
sog dis 
qko 19k6 
qkq 19k9 qll 
vaf kmv 
township range section 
nsese swnenw jit nnenw 
swnene senwne 
uesw nswhe 
10e hesw 1je cnwne 
25e swnw 50e cnwsw 
nenw nesenw 
csese sehwnw senwnw 
mehesw swse 
cnwnw 10e swse 2xb nenene 22e swhe 
29e swse 32e cswse 10e nenene 15e sese 13e 
14e wsesw 
well drill oil gas new mexico continue 
field geologic structure 
operator lease well 
comple eleva tion tion date foot 
total depth foot 
geologic formrtl surface bottom rock rock 
production show status oil gas date 
quadrant continue 
tsf 19lt6 qal qal 
ringle ringle 
witt ice gas meadow 
murphee bond drg 
truett state spaulding dome oil layne 
stephen lee 
joiner oil corp san clement grant 
stone swisher wallace stone 
tsf tsf tsf 
harland estancia valley c02 devel 
estancia valley c02 devel 
sinoco oil hart 
2ll tsf 19w 
estancia valley c02 devel 
ventura oil baker taylor drg 
smith ohio oil 
well snowden rush williams staplin toltec oil state toltec oil state 
9ll qal 
19l dis 
cardinal oil state toltec oil state 
23e 23e csenw seswne seses 30e cnene 
31e swnw 32e nwnwww 32e swsenw 33e nenwse 37e csesw 
cnwsw cnesw 17e nenesw 
1te nwsesw 19e nwse 
21e senwsw 21e senwsw 
31e cswnw 32e nenese 33e csesw cnene 35e senwnw 
36e seswne ion csese ion sesenw ion swswne ion 
ion nenesw 
ion nwnwnw 
ion 10e 
ion 10e swswne 
ion 10e nese 
ion 12e nenwne ion 22e swsesw ion 25e swswne ion 29e ion 31e sese 
ion cnwse 
ion 31e snwsw 
jack money aqua negra ranch flynn welch yates moise stanolind oil gas fuller 
ward ward humble oil ref 
guest norrins realty pajarito grant 
norrins realty norrins realty 
forty eight prod 
greenfield anton chico devel 
chico grant hill gardner pet 
lavine federal 
josey ackerman 
jones bar ranch 
ogle flat oil bracken martin son doak danubue drg 
will wallace cartwright gilwicks bradley fisher wolcott fisher mex 
security hill duke city pet state renlr henderson knowles branch mcclintock jensen oil stith first natl 
bank tucumari 
19lt l4dis 
qal dis 
dis dis 
township range section 
11h senwnw 
11h senwnw 
11n snwnw sante 
11n 15e nwne 
11n 15e swsw 
l8e cswsw 
11n 19e 
11n 28e cswne 
11n 52e 11n 55e swswne 11n 53e cswne 11n 35e 11n 56e nenene 
12n nwse 12n 10e nenene 12n 10e ssese 12n 11e swnwnw 12n 22e csenw 
12n 22e cne 
12n 22e nenene 12n 25e cnesw 12n 25e cnese 
12n 52e seses 
12h 32e sesesw 12n nwnw 15n 10e 15n 10e 15n swswne 
15n 15e nesw 15n 15e nese 15n 15e sesw 15n 15e sesw 15n 21e cne 
15n 29e nwsw 15n 51e nenwne 15n swswsw 15n 37e llh 
well drill oil gas new mexico continue 
field geologic structure 
operator lease well 
comple eleva total geologic 
tion tion depth fonna 
production show status 
date foot foot surface bottom oil gas date 
rock rock 
quadrant continue 
norrins realty norrins realty 
norrins realty norrins realty 
tsf tsf 
roy oil kirk hoover 
holstein oil hilker harris garden hilker harris martin 
endee pet state 
dis 19u1 
edelleman vigil wood galisteo pan key adkins basher 
hershfield oil devel 
cabra spring 
cabra spring pina mesa hartwell perry monsimer 
dis 19lto 
silverstein sarah ulmer 
penrose inc tippens 
toltec oil panky eaton wood wood 
santa pet 
state transcontinental oil inc coyote dome 
marland oil bell ranch olean pet wood 
11e cnwnw nwsesw 1je nenwsw 15e 
llt 51e ckenw 51e nenw 33e cmenw 33e seses 33e nenesw 
j3e nwsene 33e cnwse 15n 
15n 12e 
15n 12e csesw 
15n 12e senwnw 15n 16e seswhw 
15n 18e nwnesw 
15n 29e 
15n jie csene 
15n 35e nesw 16n 16n nenwse 16n 16n 12e swnwne 
16n l6e nwnw 
16n 17e 
16e senwse 
17n 16e cswse 
16e senw 
i6e swhw 16e swswne 16e cnehe 
16e cmeme 
17e nekese 
17e mese 
21e nwnwne 
21e cnene 
1th joe cnw 
18n 18e 18n 18e senw 18n 26e 
san miguel 
richfield oil corp lee field parish state rockwell marsis 
wadell crossthwait math saunders danube oil cortett 
anschutz guest tejon spanish grant 
great lake carbon corp earickson pioneer oil romerville ranch comanche home oil trigg ranch 
tide water assoc 
oil gerstner 
mccune la vegas prod 
la vega 
con kull oil corp stevenson southwest drg 
concha devel 
ytj i9k5 19ki 
*£* tt9 
ytj olm lakh okn lqlfi akk 
dis aiqk 
iq iqltq iqlio 
1qx1 alq 
qla dis q11 
well drill oil gas new mexico continue 
township range section 
field geologic structure 
operator lease well 
comple tion date 
eleva total tion depth foot foot 
geologic formation surface bottom rock rock 
production show status oil gas date 
18n 2ce nwnwnw 19n 21e sesene 
quadrant continue 
261j il40j 
19n 21e swswnw 
19n 21e nenene 
19n joe 
19n joe swnwnw 
20n joe cnwse 20n joe cnwne 20n j6e cnwnw 21n nwnwne 21n joe cnwse 
shamrock corp mcarthur 
j240 19j9 
195j 19j9 
southern pacific 
carbonic chemical corp mitchell 
19j9 u451 
neill frank miera nunn wallis elliott elliott 
21n 51e sesw 21n jje 2uf 34e sesw 21n 35e 2jn 21e nwne 
2jn 24e swswsw 2jn jje nenenw 2jn j5e cnesw 24n sesesw 24n csenw 
brook yetter drg 
fernandez dillard state skelly oil crittenden 
dis 19jj 19j1 19j6 19j1 dis 19j1 19j1 19j1 
24n nenese 
24n 25e nwnw 
24n joe seses lit 
24n j6e 
25n nwse 
25n 24e csenw colfax 
25n 24e sesw 
25n 25e nwse 26n cnwne rio arriba26n seswsw 
26n 20e senwnw 26n 24e cnwse 26n 24e cnwne 2tn nwnesw 27n 24e swsesw 
lowry opr 
mclee norton 
655j 1j26 kgh 
dis 19j1 195j 
fargo western oil jones devel 
hall silver 
1555sog 4jl 
19j1 19j1 
texas ranch neill alexander frank sauble kates sidwell sauble 
dis 194j 
36e nwnwnw 28n nesene rio arriba 
28n swse 
28n nwnwne 
28n seswnw lit 
28n cswne 
28n 26e nwsw 29n neswne 
29n 2l4e nwsw 29n 29e cnesw 29n 51e 29n 32e swsw 30n sesene 
30n neswne 
31n senehe 
31n swsw 
derby drg 
derby apache 
pan state corp hall mossman dudrow mesota land 
southwestern explor 
southwestern explor 
phillips helmerich payne vado 
19k8 19w 
2lt kfl 
southwestern explor 
martinez audyck 
continental oil 
hughes estate squibel 
southwestern explor 
red feather oil landon moore southwestern explor 
freeman smith 
williams creek oil synd 
richmond oil martinez 
192c llt 
19ll 19ll 19ll 
31n nwsese 
31n swsene 31n senene 31n nwsehe 
31n 18e henw 31n 18e swsw 
31n 19e 3in 2l4e 51n 33e nwnw 31n 36e nenese 32n sesene 
,-» fla travis oil wirt 
larrazola assoc chama land cattle 
union oil calif bartlett union oil calif bartlett 
bartlett bartlett united oil baker pure oil loleita wiggins 
32n 32n 
32n nnenw 
wade crowley 
prairie gonzales 
192i 192i 
csene socorro sesene 
arnold laarnold 
pkkt qal 1q7s 
well drill oil gas new mexico continue 
township range section 
field geologic structure 
operator lease well 
completion date 
elevation foot 
total depth foot 
geologic formati surface bottom rock rock 
production show status oil gas date 
10 csesw 
10 csene 
12 cnwse 
12 swse 
cnese 13 cnwsw 
13 cnese 
14 neswse 
14 cswsw 
14 nesene 
14 cne 
14 nnwse liq ivnjjmumtp 15 sesesw nwne 19 10w nwnwnw 
11w nwsese 11w nwswnw 
10w cnwse 
21 11w 
21 18w swne hidalgo 
22 10w sesesw 
22 10w sesesw 22 20w nenene 22 20w seses 
22 20w seswne 
22 20w 
23 10w swsw 23 10w cne 
quadrant continue 
sun oil victoria lend cattle 
sun oil victoria land cattle 
qal qal qal 
blackstone truth consequence 
wofford wofford 
qal qal qal 
qal kin 
wofford graham state wofford 
winslow winslow wrlght state 
carr gentry state gleason aitklns dwyer 
qal qal 
angelus oil mining assoc 
black drg 
qal qal 
phillips ownby bouton state ownby 
beulah oil gas state buffalo picacho synd armstrong 
florida oil state florida oil brickford 
qal qal qal 
dis dis 
25 neses 
2 fiw crw 
qal qal 
26 nese 
15w senenw 2ts 16w swnese 
18w cnwsw hidalgo 
19w nswnw 19w cswnw 
29 17w 
21e swse 26e cnwsw 27e swne 
30e cnw nwse swne 
15e nwsw 20e swnw 
26e csene 29e cswne 
30e cnese joe nswse 
30e csene 
30e sswse joe csesw 30e nwsesw joe wsesw joe sesesw 
30e cswsw 
joe sese j1e csesw 
j1e cswnw nenese 
nenese nenese 22e seswnw 26e swswne 26e nene 
joe csene j3e swsw 35e sesw j5e cse 27e enesw 
angelus oil mining winninger btqs 
berry berry 
centex explor 
rubens state 
valley oil price 
qal qal qal qal qal 
skelly oil goddard basabe rupe drg 
tide water assoc 
oil grady best 
claudell devel 
hill taylor 
baker taylor drg 
peterman mccabe foust hilbun 
peterman mccabe abo oil powell stackhouse 
engle state signal bell mex 
oil wilcox sen dror 
state noble trust 
township range section 
29e neke 
51e chese 52e nwne 
55e chesw 
27e csehe 
29e cnwnw 
29e cswne 
50e senw 
50e nwsese 50e nsese 52e csese csenw 
15e eswnw 
27e sesw 
26e csene 
27e cswsw 
27e cswne 
28e swnw 2lt 
28e csenw 
29e cnesw 
29e cswne 
5ie nwsw 
55e cswsw cnwnw 55e csese 
55e ssestf 57e cnwsw 
57e csesw 58e csese 
well drill oil gas new mexico continue 
field geologic structure 
operator lease well 
comple tion date 
eleva tion foot 
total depth foot 
geologic surface bottom rock rock 
production show status oil gas date 
quadrant continue 
grastorf caudill french 
austral oil explor 
mid continent pet 
corp strickland 
dora unit 
tidewater assoc 
oil pat boone 
goldston oil corp lanbrith state 
standard oil texas heard 
qal qal 
neill lodewick 
qal psa 
qal qal qal 
pacific western oil corp pacific 
western oil corp mission corp 
magnolia pet 
smith continental oil glenn alston unit 
livermore inc 
malco refinery inc bilberry 
1q21 qal 
23e nwnwnw 23e sese 
24e swswsw 
26e csene cwwne 2je senw 28e csesw 
29e cnene joe cswsw 
joe sese 
joe csese 
j2e cswsw 
j2e cmene 
j6e cnwnw 37e cwese 
38e swsw 
38e sesw 
38e nenw 
24e senwsw 
25e wenenw 
25e nwnw 
25e senwnw 26e cnwnw 
26e cnene 28e cswsw 
28e csesw 
35e nwne 
35e sesene 
35e cnene 
35e sesw 
35e cnenw 
36e cswsw 36e cswsw 36e cswsw 36e cnwnw 36e cswnw 
36e csenw 36e cswnw 
36e cnene 37e csesw itr nswsw 
acme bluit 
elliott state 
toltec oil state 
etz etz 
1990iq sog 
qal psa i960 psa 
colorado oil fuel campbell 
74l8 qal 
gulf oil corp jennings magnolia pet 
magnolia pet 
magnolia pet 
lightcap land 
qal qal qal qal 
1qs2 pow 
barnsdall oil state maxwell crandall osmond williamson 
shell oil inc sander austral oil explor 
tqllq 1q4q 1qs2 
qal qal qal 
honolulu oil corp mcconkey estate levick levick state dekalb agr 
magnolia pet 
corp white 
richfield oil corp white 
qal psa sog 
qal nc1 
lone star prod 
forest oil corp barn curtis 
psa poo 
1q5p 1qs 
dis pgw 
magnolia pet 
1q4q pow 1qs1 
oil devel 
texas santa pacific 
skeliy oil sawyer 
400o s208 
1qso 1q4q 1q4q q47 
well drill oil gas new mexico continue 
township range section 
field geologic structure 
operator lease well 
completion date 
eleva tion foot 
total depth foot 
geologic formati surface bottom rock rock 
production show status oil gas date 
quadrant continue 
cswwe 57e csene 57e cnenw 57e cnene 58e cnwnw 
lone star prod 
warren davis ohio oil carruth 
king santa 
10 2l4e 2l4e swswsw 10 swswse 10 25e 
rafferty dekalb agr 
assoc inc lewis 
qal qal qal qal 19w 
10 25e nenwne home oil 
26e seses 
26e nenene 
10 26e nwsenw 
1772dekalb lyman elliott 
delfern oil levick state 
10 26e swswwe 
10 26e swne 
26e nenwnw 
10 27e csese 10 27e cnw 28e seww 
british american oil prod 
qal qal qal 
28e sesw 28e cswne 28e cnwsw 29e cnwse 
10 29e cswnw 
dekalb agr 
assoc inc white 19u6 qal 
dekalb agr 
inc white vincent welch inc dekalb agr 
assoc inc white 
dekalb agr 
assoc inc los nietos 
10 29e cnwne 50e cswnw 
dekalb agr 
assoc inc white western mineral dow 
qal qal 
10 51e nwnw 10 52e sese 10 52e swse 10 52e nese j2e cue csese io cswnw 
jit do27 
stanolind state signal signal ohio state city prod 
state city prod 
state magnolia pet 
lake maxwell crandall osmond state lane 
qal kjkl 1h97 
mjlu psa sog 
sog 56ho 
id 36e csese id 36e cnene 
36e sene 
10 36e cnwnw 
37e cneww 
id 37e sene 10 3te csesw 10 37e nwnw id 38e www 
10 38e csese 
ii i8e 11 23e 11 23e cne 11 23e cnwsw 11 25e hesehe 
11 25e nenese 11 25e nwnwse 11 25e nwsenw 11 25e nwnese 11 25e nwsese 
11 25e sesenw 11 26e nenese 
11 26e csesw 11 26e wswnw 11 26e cswne 
11 26e senw 11 26e cswne 11 26e sesehe 11 26e nwnwnw 11 26e csehe 
11 26e swsw 
11 26e cswsw 11 26e cswnw 11 cswne 
11 csehe 
11 cswne 11 cnwse 11 27e csehw 11 27e cswse 
mid continent pet 
corp state land 
mid continent pet 
corp bathedickinson 
magnolia pet 
santa pacific 
hash kohl 
texas state rowan drg 
rowan oil 
southland royalty simon 
gibson oil forsyth gibson oil forsyth willson brown tannehill campbell 
lane devito frank roswell in 
meither wood stanfield smith 
qal qal qal qal 
sog sog 
comanche drg 
sloop purcell 
kurd anderson sloop purcell richfield oil corp lodewick 
qal 19m 
sog dis 
kurd comanche drg 
sloop purcell canfield delmar oil shugart buffalo oil ballard comanche unit 
13l 19l 
kewanee oil dekalb agr 
assoc inc dekalb 
buffalo oil marshall 
honolulu oil corp state 
dekalb agr 
assoc inc compton state 
well drill oil gas new mexico continue 
township range section 
field geologic structure 
operator lease well 
comple eleva total 
tion tion depth formation 
date foot foot surface bottom 
rock rock 
production show status oil gas date 
quadrant continue 
11 27e cnene 11 27e cnese 
11 27e nwse 
11 27e cnenw 2il 11 27e swswsw 
dekalb agr 
assoc inc compton state 
roswell oil synd hinkle 180c 
honolulu oil corp federal hinkle buffalo roswell state 
11 27e cnenw 11 27e cnesw 11 27e cnwse 10b 28e sesesw 
11 28e cswse 
dekalb agr 
assoc inc state 
union oil calif dekalb agr 
assoc inc state 
humble oil ref 
state south spring ranch arroyo 
republic hat 
gas seaboard oil 
del white 
11 28e cnwsw 11 29e swnw 11 30e swnw 
30e cswne 11 30e cnwne 
11 31e cnwne 
11 31e sese 1u3 31e nenw 11 31e cswse 11 32e cswsw 
magnolia pet 
white republic nat 
gas seaboard oil del white ranch 
british american oil proc 
british american oil prod 
qal qal qal qal 
elliott state 
i9in qal 
hassie hunt trust manry elliott 
amerada pet 
corp rushing 
jiwa 19lk 19te 
sog 1h25 
11 32e swse 
11 32e nene 11 32e swsw 
11 32e swse 11 32e cnwse 
amerada pet 
corp state 
amerada pet 
corp crowley texas gulf prod 
11 32e swne 
11 32e nwse 
11 32e nwsw 
1u3 32e senw 
11 32e csene 
dekalb agr 
assoc inc state ktfk 
mid continent pet 
corp state land 
11 32e csese 
11 32e swsw 
1u3 33e cswsw 
11 33e cnwne 
11 35e cswsw 
olsen oil state texas state 
amerada pet 
corp state etc magnolia pet 
5h5 9te tew 19m 1h36 
11 35e csene 11 35e cnwne 35e cue 36e csese 11 36e sesw 
humble oil ref 
state buell hagen state crandall osmond maxwell maxwell 
11 37e cnenw 37e nese 11 38e cnwnw 11 38e cswsw 
38e csese 
tovo cj4 
king state 
great western prod 
inc formerly 
lea state formerly 
los nietos elliot 
11 38e cnw 12 18e cnwnw 12 seses 12 25e swsese 12 25e swnenw 
morton state stanolind state 
12 25e swswne 12 25e sswse 12 25e cnenw 12 cswse 12 27e swsw 
redfield oil redfield franklin aston fair orchard park 
humble oil ref 
12 27e senw 12 28e csenw 12 28e sene 12 29e sesw 12 29e cnwsw 12 29e csese 12 30e cnene 12 31e cswsw 12 31e csenw 12 31e nene 
great western drg 
white richfield oil corp white richfield oil corp white 
i9k 19k7 
steinberg anderson steinberg 
delfern oil state whaley inc state 
19k9 19k7 19k 
12 32e nwsw 12 32e nwswsw 12 32e swsw 12 32e cnwnw 12 32e cswse 
caprock east 
12 32e csene 12 32e nwse 12 32e cswne 12 32e nesw 12 32e nese 
tavoq vae tewa 
tup tjpt 
12 32e nese 12 32e cnenw 12 32e nesw 12 32e cswnw 12 32e cswnw 
caprock east 
amerada pet 
corp posey hall stewart drg 
speed skelly oil state amerada pet 
corp state 
15k k783 0kk qal qal qal qal qal qal qal qal qal qal 3k12 qal qal qal k372 83k 31k k356 
qllq tom pow 
oki qcp qlif 
a1qx1 okl 1qk8 1qsp qkc 1qcx qcp 19k8 qkq qliq 1qk7 19k5 pow pow iqcjx okc 
well drill oil gas new mexico continue 
township range section 
operator lease well 
comple eleva total 
geologic formation 
production show status 
tion tion depth surface bottom oil gas date 
date foot foot rock rock 
quadrant continue 
32e nwswne 32e 32e swse 12 32e csesw nesesw 
city service oil state vegvar state vickers pet 
12 32e csese 32e nesenw 
12 32e 
12 32e sene 12 32e cswse 
weiner stagner state ---«---- 
great western prod inc state 
33e nwse 12 33e csene 33e 12 33e csenw 12 33e cnwnw 
amerada pet 
corp state bta amerada pet 
corp state btf amerada pet 
corp state btb 
33e cnwne 
33e cswne 
33e csene 
33e nene 
12 cnenw 
cswsw 12 35e cswsw 12 35e cnw 35e cnwnw 36e cnenw 
amerada pet 
corp state bth amerada pet 
corp state amerada pet 
corp state btg humble oil ref 
state low skelly state tidewater assoc 
oil corp state 
swne 12 seswne 12 37e nese 12 cnwne 12 37e csenw 
shell oil selman mcalester fuel brownfield stanolind oil gas wingerd 
25e nwnwne 
mid continent pet 
corp tysonfield 
belmont tularosa basin oil stanfield bogle 
26e nenenw 13 29e cnene 13 29e sesesw 13 29e nenene 13 29e cnesw 
gray smyrl 
malco ref inc union oil 
qal psa 
union oil calif downey 
qal qal 
kerr mcgee westway montgomery state 
pow pow pow 
1js senw 
1js joe cswnw 
15 31e csenw 
1js 31e nenwse 
1js jie nenenw 
1js 3ie cnese 1js 32e cswse 15 32e csenw 15 32e cswse 
33e sese 
15 33e nwnw 15 33e sesw 15 33e nesw 15 33e nwne 15 35e cswsw 
15 35e cswsw 15 37e senw 15 37e cnwnw 1js 37e sese 15 37e cswsw 
15 37e cswse 15 37e cse 15 37e nwnw 
i4s ite csesw 
iks 22e cnwnw iks nenw 25e nwnwse 25e cnj 14 25e swnwnw 
26e cswse 27e sese csesw 14 28e seses 14 28e cnwnw 
iks 28e nwsenw 28e senwne 29e cnesw 
29e cnwsw 
31e nwnw llts 31e cswnw 32e cswnw iks 32e senw 
kerr mcgee oil industry 
3lw qal 
yjj iqlift 
19w lfll 
iflflfl qal qal 
phillips pet 
u35 city service oil state ifj70 
texas pacific coal oil dry lake if3 
gulf oil corp lea state 
gulf oil corp lea state 
qrp tqc pow iqc iqkx 
gulf oil corp lea state mcalester fuel state forest oil corp lowel 
1qs1 iqs 1q51 yjj pow 
ventura oil lowel hou satb on1 oil texas state 
amerada pet 
corp schenck 
humble oil ref 
iokn qs1 yjj pow 
magnolia pet 
qal qal qal qal 
vincent welch inc cassidy 
richfield oil corp trigg 
transcontinental oil currans qal 
lqlj 1qc a1qs1 
transcontinental oil cochran qal qal 19l qal 19l qal 
union oil calif statefairbairn 
well drill oil gas new mexico continue 
township range section 
field geologic structure 
operator lease well 
comple tion date 
eleva tion foot 
total depth foot 
geologic formati production show status surface bottom oil gas date rock rock 
quadrant continue 
14 32e senw 14 32e cnwnw iks 32e sese 14 32e sesw 14 32e swse 
14 32e nwsw 14 33e nwnw 
14 33e cnwse 14 33e csene 
14 33e csese 
14 33e csesw 33e swsw 14 33e cnenw 14 33e swsw 
14 33e cnene 
33e csesw 14 33e cnwne 14 36e nwnw 14 37e nwse 14 37e nwnw 
14 37e nenw 14 37e csesw 14 37e cnwnw 14 37e nwne 
14 38e cnwsw 
gulf oil corp lea state 
skelly oil mexico state sinclair state atlantic ref 
state atlantic ref 
state atlantic ref 
state texas state texas state atlantic ref 
state lawton oil corp 
atlantic state 
amerada pet 
corp state 
sinclair renshaw 
wilshire oil harbison sinclair smith 
phillips pet 
helmerich payne state phillips 
lf2u2 oi4 
pow pow pow 
14 38e cswsw 17e sesene 22e cnene 51 23e swnwnw 15 25ejjwsenw 
turner lea county state 
34oo humble oil ref 
25e nenwsw 15 26e cnwnw 
27e cswse 
15 27e cnenw 
15 28e swse 
28e swne 29e cnwse 
fisher hill 
malco ref inc anderson oliver 
westcoast hydrocarbon inc neely hopp 
15 29e sesene 
15 29e csesw 15 29e cnwne 29e sesenw 15 29e csesw 15 29e cnene 
yates mullis j809 
zftcc tqpl qal 
yates key 
yates kimes 
j828 qal 
15 29e csesw 29e cswne 
joe nwnwnw j1e cnwnw j1e cnesw 
yates mullis 
j796 qal 
mccurdy mcelroy ranch j8ll qnl 
mccurdy malco ref 
heard krouskop 
miller key 
interstate mineral inc dunigan 
union oil calif 
union oil calif aston 
15 j2e cnene j2e nenw j2e csese 15 jje swse jje cswse 
texas state texas state amerada pet 
state cna 
l4jl luo 
jje nwne 
gulf oil corp lea state 
15 jje csese saunders south lawton oil corp goldston 
jje cnese 
15 jje cnene 
skelly oil mexico state lawton oil corp goldston 
jl4e sene 15 j5e swnwnw j5e cnesw 15 j6e senw j7e nenene 
humble oil ref 
elliott magnolia pet 
black skelly oil stanbro 
195j 19j1 19l j98j j929 j8jl 
j7e cswse j7e cnwsw 57e cnwnw 15 j7e cnene 
16 cnese 
atl abn ti1c 
dickinson atlantic ref 
general american oil texas waller 
j799 j795 j79j j812 qal 
16 cnese 16 16e ssenw 
16 20e snwsw 
16 2je swnesw vaj 16 sesesw 
lubbock machine randel anderson 
etz oil shildneck 
j65 19j6 onl j6146 
psa pan 
16 25e nwnwne 
16 2se nenesw 
humble oil ref 
pearson bros blindsnake 
82i onl 120o qal 
ioii qil aioko syjc 
iqlip lqliq iqlir 
pow caiqliq 
a1qco pow 1qs1 qk9 7 a1q11 tit dkk 
pow pow pow 
sog 192l 
ysv 1qsp lqkft 
nrq qkn 
well drill oil gas new mexico continue 
township range section 
field geologic structure 
operator lease well 
comple tion date 
eleva tion foot 
total depth foot 
geologic surface bottom rock rock 
production show status oil gas date 
quadrant continue 
16 25e senesw 16 25e swse 16 25e nwsesw 
16 26e swse 16 26e 16 26e cnese 16 26e sese 16 26e cnwne 
16 26e csene 16 27e swswse 16 27e cnene 16 sesesw 16 nwnese 
boggs boggs wma dekalb agr 
assoc shugart 
lackawana gate 
qal fel oal oal oal oal oal 
16 27e cnwbe 16 nenw 
16 27e nwnwnw 
16 28e csese 
16 28e seswse 
continental oil continental oil duffield 
pecos valley gas sappenfield 
welch lewis 
qal qal qal 
28e nwnwne 16 28e swswne 16 28e cswsw 16 28e csesw 16 28e nenw 
cone hare 
19l qal 
tallmadge state 
19l qal 
qal psa 
kincaid watson drg 
kincaid watson boiler 
16 28e neswsw 16 29e swswsw 16 29e seses 16 29e seses 16 29e swnwse 
16 29e nesesw 
16 29e nwswnw 
16 29e nwsenw 
16 29e ssese 
16 29e 
high lonesome 
nolen lie 
atkins atkins lie 
butler herne drg 
frazier lie 
miller young 
qal psa 
high lonesome yates bros yates smith 
16 29e cnwne 
50e cmwne 
qal 3s1a qal qal 
16 joe nwnwnw 
16 joe cswne 
16 joe sesene 16 joe cnwne 16 joe cnwsw 16 joe cnwsw 16 joe csenw 
16 j1e csesw 
16 j1e wenese 16 j1e cnwse 16 j1e cnwsw 16 j1e cswnw 
16 j1e cswnw 16 j1e cnwse 
16 j1e seses 
16 j1e cnesw 16 j1e seses 
16 j1e cnese 16 j1e cswse 16 j1e cnesw 16 j2e sesw 16 j2e swne 
16 j2e swnw 16 j2e csese 16 j2e swswne 16 jje csese 16 jje cnese 
16 jje cnese 16 jje cnesw 16 16 i6s nwsw 
16 cswnw 16 cnesw jit 
16 j5e nenw 16 j5e sese 16 j5e nene 
16 j5e swsw 16 j5e nwne 16 j5e cnwne 
qal qal 
sog j080 
19j1 okk 
ohio oil stablein 
2j08 qal 
continental oil etz j860 37k5 qal 
j784 qal 
qal i9k3 qal 
j150 sog 
19j8 oko 19j5 lqkq 
j9l qal j81 qal qal qal 19kk j9i qal 
j7l j8lo 27j2 
j20l jj95 
19l 19j1 tqllc aiok 
carper drg 
inc carper romnson 
qal qal j2j qal qal j851 qal 
j680 j815 j2j5 j2jj j2j8 j5j8 j7ll 
19j8 lqkk 19l 
continental oil state anderson ranch 
j848 qal j961 qal qal 
j580 j820 j878 sog j671 
ljj7l ljl 
qkk qka 19j9 19j1 pow 195j 
vickers pet 
stanolind state 8j9 
wilson oil amerada state 
williams state 
penrose inc 
phillips state 
pullerton oil state 
qliq iq toll 
yates city service state humble oil ref 
elliott vickers pet 
inc state 
k575 76j 
lqkk qhf pow ok1 
magnolia pet 
state wilshire oil townsend 
ioks 92j 
ioki pow 
pure oil state lea magnolia pet 
corp scharbauredson 
iq 1qs 
well drill oil gas new mexico continue 
township range section 
field geologic structure 
operator lease well 
comple eleva tion tion date foot 
total depth foot 
geologic formation surface bottom rock rock 
production show status oil gas date 
quadrant continue 
16 35e cswsw 16 36e csese 
16 36e csese 16 36e csese 16 36e swse 16 36e csesw 16 36e senesw 
16 36e senes 
16 36e nene 
16 36e cnese 
16 36e nese 
16 37e cswne 
16 37e sese 16 37e nene 
16 37e cswsw 
16 37e cswsw 16 37e nene 
16 37e eswsw 16 37e csese 
16 37e cnwnw 16 38e cnese 
16 38e cnene 
16 38e nwnw 16 38e csese 16 38e csene 16 38e cnenw 16 38e seses 
16 38e nwse 
16 j8e csese 
12e swne 
18e swswnw 18e swswsw 
20e csenw 
paso natural gas ramcostate 
oil well drg 
clardy shell oil state moss state tidewater assoc 
oil montieth 
mid continent pet 
corp hart lawton oil corp state barnsdall oil state humble 
city prod 
state skelly oil yaden 
western natural gas jacobsstate 
union oil calif heller 
shell oil home stake royalty corp 
continental oil stake city service oil state 
skelly oil state tide water assoc 
oil state 
barnsdall oil bronson 
amerada pet 
corp hamilton 
southern prod 
inc swank swank cloudcroff unit 
westcoast hydrocarbon inc 
malco ref inc black hill anticline unit 
psa psa 
pow pow 
it 20e cnwne 
it 20e cswnw 
23e senw eddy it sesesw 
it 25e swswse it 25e nwnwsw it 26e cswnw it 26e cnwse it 26e cswsw 
it 26e swswsw it 26e cnene it 2te nwnese it 2te sesesw it 2te seswse 
it 2te 
it 2te csesw 
it 2te csese it 2te sesenw it 27e nwnese it 2te sesenw 
it 2te nwnwnw it 2te neswse it 2te nenesw it 2te seses it seses 
it 2te seswne 
it 2te csese 
it 2te sesesw 
it 2te neswse it 2te csene 
it 2te swsene it 2te nenenw it 2te cnenw it 2te nwnmsw it 2te nwnwse 
it 2tb seswsw 
it 2te seses 
it 2te nwse 
it 2te sene it 2te nwsene 
it 2te swnese it 2te nwswne it 2te nwnesw 
magnolia pet 
headley black hill 
magnolia pet 
headly black 
hill unit 
owen welch hill rjj 
ipnk qsl qsl 
11t2 osl 
ofio ctol 
stone khewlick 
byrd frost inc 
english daugherity 
plain prod 
daugherity collier collier state hightower cone sander 
graffa hill 
bassett kipple 
qal cja qal 
hornaday berry berry berry berry sibms reese oil schneider state 
dean white oil hightower berry 
222t 9li 
well drill oil gas new mexico continue 
township range section 
field geologic structure 
operator lease well 
comple eleva tion tion date foot 
total depth foot 
geologic formation surface bottom rock rock 
production show status oil gas date 
it 27e sesesw iva it 27e sesesw 
it 2te senesw it 2te nwnesw 
it 2te nenwsw it 2te nenw it 2te senw 
red lake 
it 2te nesene it 2te seswsw it 2te nesehe it 2te seswhw 
red lake 
it 2te sesenw 
it 2te neswnw 
it 2te swswsw it 2te nwnese 
it 2te nehene 
it 2te senwnw 
it 2te nwsese it 2te nesene it 2te csenw it 2te nenwnw it 2te neswsw 
it 2te seswhe it 2te nwhwse it 2te csenw it 2te sesesw it 2te sesehe 
it 2te eswse it 2te nwhw it 2te sehwnw it 2te swneke it 2te swswsw 
red lake rod tjalra 
it 2te swnwnw 
it 28e nenw 
it 28e cnese 
it 28e swswne 
17 pflr nitorw 
quadrant continue eastland oil berry lubbock machine supply inc 
cunningham featherstone state cunningham featherstone state 
keinarth brainard brekke state empire gas fuel russell delhi oil corp state bedingfield state hadlock state 
19lvo 192t 35tt 
qai qal qal 1t06 t35 qal qal qal qal qal qal too qal 21t2 qal qal 
pecos valley gas vandagriff qal 
phlthns rsmsev 
lql qal 
36t 50t 
19u7 19l 19l dis 19l iqlts 
it 28e cswse 17 28e chesw it 28e nese it 28e swsw it 28e swsenw 
it 28e chew 
it 28e nwnwwe it 28e nesesw 
it 28e swswse 
it 28e nenesw it 28e senwne it 28e swswsw it 28e senwnw it 28e nwnwsw it 28e nesene 
red lake red lake 
it 28e nenw 
it 28e swsene it 28e swsemw it 28e swsesw it 28e seswne 
it 28e nenwnw it 28e seswnw it 28e swsenw it 28e neswse it 28e cnenw 
17 28e cnene it 28e nwnwnw 28e it 28e senesw it 28e swnese 
it 28e seswnw 
it 28e senw 
it 28e nwnwne it 28e nenwse it 28e nesehw 
it 28e nenwse 
it 28e senwne 
it 28e sene 
it 28e swswsw it 28e nwsesw it 28e nwnese 
it 28e nwnwse 
red lake 
white boyd oil yates 
qal qal 70c qal qal 
botib hastie 
sog t25 
qal psa l8t5 243i 
featherstone bedingfield 
bedingfiela featherstone brook 
52fi qal 
burnham oil inc brook 
ocx oko 
red lake oil col williams red lake oil state 
qal qal qal qal 
welch state 21to qal 
tompkins shankle state featherstone qal 
aid state wentz 
t32 i960 1t85 sog 
iqlio io4i 
flynn welch yates flynn welch qal 
yates state 
donnelly drg 
welch yates 
aid state flynn welch yates 
aid state flynn welch yates 
flynn welch yates state 
3too qal 
welch state 
welch state 
saikin aid flynn welch yates 
welch state 
qal qal qal qal qal 
delhi oil corp state 
qal iftnn qnl 
township range section 
well drill oil gas new mexico continue 
operator lease well 
comple tion date 
eleva tion foot 
total depth foot 
geologic formation surface bottom rock rock 
production show status oil gas date 
it 28e nwsene eddy it 28e nwnwsw it 28e sese 
it 28e hwnese it 28e nwhwse it 28e senwhw it 28e hwmehe 
it 28e keswse 
it 28e hwne it 28e nwmw it 28e nese it 28e cnwsw 
it 28e sesw jl4 
red lake 
quadrant continue 
ployhar mcnutt state bedingfield blake state 
19l j581 19lh j5t1 j61 
5t8 qal qal 
hover state 
j595 qal 
hover state 
19lh qal 
bedingfield state bedingfield j6j8 250t qal 
bedingfield malco resler 
yates state 
19lh qal 
bedingfield delhi state bedingfield aston state crumley lever state 
qal qal qal qal 
phillips ramsay carper leversstate 
22t2 290t 22t2 
it 28e swhwhw it 29e cpse it 29e cnwme it cmese it 29e sesesw it 29e cnene it 29e swswsw it 29e cswsw 
it 29e cnwme it 29e neswsw it 29e cseke it 29e swsw it 29e nwse it 29e swhwse it 29e cswse 
phillips welch khowles 
2t01 qal qal 
barnsdall oil dodd barnsdall oil dodd aid leonard state 
283t qal qal qal 
yates aid state 
donnelly drg 
gulf oil corp agent general 
195j qal 
oil texas general 
texas gulf grayburg unit 
grayburg oil keely 
grayburg keely western prod 
19l 55t9 qal 
grayburg jackson 
loco hill 
bay pet 
corp snowden mcsweeney 
east state 
556t qal qal qal qal qal 
loco hill 
american republic corp robinson 
555t qal 
26tl 25l 
2tot 2t50 2550a 
pow 19l 
it 29e sesene it 50e cswse it joe cnwne 
it joe cswse 
joe cswsw 
it joe cnwsw it joe cnwne it joe cnwhe it joe seses it joe cnwne it joe swswne it joe seses it joe senwse 
it joe csene it joe csesw it joe nwsene it joe nesw it joe swsenw 
fren grayburgjackson 
it joe csenw it joe cnenw it joe senwse it joe seses doits joe senwne 
grayburg jackson 
loco hill 
it joe swsene 
it joe swswhe 
it joe nwnw 
it joe seses it joe seses 
it joe swsw 
1ts joe cnwnw 
it joe cswnw it joe cnesw 
it j1e nenenw 
**» yates yates evans flynn welch yates gissler 
randel state woolley woolley mclntyre 
roland rich woolley woolley roland rich woolley woolley roland rich woolley woolley ttmq ftt tmrl roland rich woolley roland rich woolley roland rich woolley roland rich woolley arnold 
carper drg 
inc state shugart 
pueblo oil foster 
7j7 j56t 28j5 jtj1 jjt5 jtl 658t qal j6t8 j6uo 19j5 j659 jt6j 
j66j 2t20 qal 
j6t5 j6t9 
j680 j26t qal 
jt09 jt15 
j261 j58 
jt22 j528 
19j9 j697 qal 
19lt j686 qal j62j j14 j65t jtto j61a 19j7 j661 j680 qal 
j6j1 j585 qal j595 jl4 lto qal 
j596 j609 
jot9 qal j212 qal 
j589 jj91 qal 
j600 qal j606 j797 qal j612 j256 qal qal 192t j5t6 qal 195j jjt5 qal j58t j14 j14 qal j605 jiho qal j597 jj90 qal 1h2 qal 
psa psa 
2tj4 jl4 j514 sog 2ttt 
251t 29tj 299j 12w4 12if ll4 8jj sog 
jj95 ji48 
16jo 209t 
jj10 jooo jjl4 1t95 
19j1 19j9 
1tt5 19j8 22t5 j060 2too sog 
sog 2t8j 1t80 
19j1 19j1 
j165 j160 j2jl 
j056 j250 
well drill oil gas new mexico continue 
township range section 
field geologic structure 
operator lease well 
comple eleva tion tion date foot 
total depth foot 
geologic surface bottom rock rock 
production show status oil gas date 
quadrant continue 
it jie nenenw it jie nnwne it jie nenene 
it jie cnenw it 31e cnene 
pueblo oil foster 192t 3tqi qal 
green bay oil dominion oil 
repollo oil west 
repollo oil west 
qal fsa 
it 31e cnenw it 31e cswne it 31e cnwse it 31e csene it 31e cnwse 
engineering state skelly oil lea skelly oil lynch 
212t 2l80 
5ql qal 
19v7 38t2 qal psa 
3tt qal 
3t13 qal 
it 31e cnenw it 31e csene it 32e swsw 
it 32e wnesw it 32e cnese 
schuster schuster stagner 
3t02 352t qal 
sunray oil corp foster qal 
maljamar north suppes kennedy 
suppes kennedy 
buffalo oil mitchell ot8 qal 
suppes mitchell 
it 32e csene it 32e csese it 32e cnwsw it 32e cbesw it 32e csesw 
ohio oil taylor 
02t qal 
3t20 38l5 39to 
phillips pet 
phillips pet 
maljamar ot5 qal 
buffalo oil mitchell 
it 32e swswnw it 32e csene 
it 32e swhe 
it 32e nwse 
it 32e cnwsw 
ohio oil mitchell 
192t qal 
buffalo oil buffalo oil 
buffalo oil buffalo oil 
buffalo oil buffalo oil 
399t qal 
buffalo oil buffalo oil 
5t3 qal 
feldman baish 
01t 135l 
it 32e cnwnw it 32e csese it 32e nenw it 32e cnwne it 32e cnwse 
kewanee oil baish 
qal qal 
carper drg 
inc carper drg 
38t2 qal 
inc simon 
38t5 qal qal 
it 32e csesw it cseww 
snnt urri prod 
qal lql qal 
it 32e cswsw it 33e cswse it 33e cnwne it 33e cswnw it 33e cnese it 33e cswsw it 33e csesw it 33e cswse 
leve miller mclaughlin cosden state mclaughlin state mclaughlin cosden pet 
corp state 
richmond drg 
shell state 
it 33e cnese it 33e cnwse it 33e cswne it 33e csesw it 33e cnenw 
it 33e cnenw it 33e cnwnw it 33e neswne it 33e cswnw 
it 33e csesw 
it 33e cnesw 
it cswse 
it senes 
it nenwne it 34e line 
it swsw it sesenw it cnene it cnwse it cnwnw 
it csene 
it cnene it 34e cnene it 35e swsw 
it 35e csesw 
it 35e swnwnw it 35e ssenw it 35e nwnwsw it 35e cnwse it 35e cnwne 
it 36e cswnw it 36e cswnw it 36e cnene it 36e cswnw it 36e cnese 
erwln state philllps chancellor state phillips pet 
state philmex kewanee oil miller lion oil ref 
wyatt cockbum phillips pet 
phillips pet 
nemex state repollo oil state repollo oil state 19t 
continental oil state magnolia pet 
kelly state 
cole darden oil phillipsstate 
tgxs fcg mct american republic corp state marlowe oil oceanic oil state 
city service oil state 
permian oil state great western prod inc state standard oil texas state phillips pet 
state sante 
lovlngton west 
humble oil ref 
crosby humble oil ref 
state humble oil ref 
state stanolind state 
qal psa 
21t qal 
qal 19l qal 
3qi 5t9 
qal t02 qal qal i9l o02 qal 
19lt4 qlljl 
19i qal qal 3t15 qal 
psa psa psa 
19i 6ll 391t t80 
psa 5to 68t 
well drill oil gas new mexico continue 
township range section 
field geologic structure 
operator lease well 
comple eleva tion tion date foot 
total depth foot 
geologic surface bottom rock rock 
production show status oil gas date 
quadrant continue 
17 36e cnese 
17 36e it 36e cnwsw 
it 37e cnwnw 
37e nwnwse 
it 37e cnwne it 37e nene it 37e cswne it 38e cnwnw it 39e nesw 
it 39e csesw 
16e swse 16e nwne 
16e nenw 18e senw 
23e csene eddy 
23e nese 
23e cswsw 23e csese 
25e swnesw 
25e senwse 25e cnesw 26e 26e seswne 26e swswnw 
26e 26e cswne 26e cnwne 18 26e cnwnw 26e cswnw 
26e cnwsw 
26e nwnene 
26e sesesw 26e nnwnw 
26e seswnw 
penn oil state 
carper drg 
lnc emery state 
tide water assoc 
saunders saunders 
shell oil carter 
lion oil state chaves 
gulf oil corp state chaves 
gulf oil corp state chaves 
kewanee oil state 
mcauliffe coates 
southern union prod 
weather flood 
malco ref inc kelly 3u88 qal 
yates kelly 
qal qal 
qal qal qal qal qal 
harrison crockett 
qal qal 
iftfi p6w rurw 
iim irvlr mnntrinp fin tnr 
1qm 2qft 1o1 
19w 19l 19l 
18 26e seses 18 26e senwsw 18 26e nwswnw 18 26e cnene 
18 26e nenene 18 26e cnwnw 18 26e swnene 18 26e cmesw 18 27e nwswww 
jit jll 
18 27e sesene 
18 nwnenw 18 swsesw 18 nwnwnw 18 2je nenwnw 
18 2je nnene 18 2je nwnwse 18 2te nwnwse 18 2je nenene 18 27e nwnene 
18 27e nwnene 18 seswse 
18 27e swmesw 
18 27e senwse 18 27e nenesw 
18 27e nenwse 18 27e nesenw 18 27e seswsw 18 27e swnwse 18 27e nesesw 
18 27e nwnwse 18 27e swsw 18 27e 18 27e swsenw 18 27e ssenw 
18 27e nwmeme 18 27e neswnw 18 27e senemw 18 27e neswne 18 27e senwse 
18 27e seswsw lit 
l8s 27e senene 18 27e senwsw 18 27e nwmwww l8s 27e senene 
red lake red lake red lake tjalra dodo 
hudson hill manhattan oil brainard malco ref lnc hill valley ref 
hill valley ref 
hill adkisson drg 
brainard brainard guy brainard hill welch compton smith 
simon vandagriff 
howard porter polk vickers resler state flynn welch yates state powell 
howard allison kersey state malco resler yates 
yyv 3te8 fel qal 
r1950 19kq 
qal qal qhqk yyu 5te pca taffix qal 
661t qal oaaa 
pah qal 
well drill oil gas new mexico continue 
township range section 
field geologic structure 
operator lease well 
comple elevation tion date foot 
total depth foot 
geologic formation surface bottom rock rock 
production show status oil gas date 
quadrant continue 
18 27e cnese 18 27e nesene l8s 27e senene 18 27e swnwsw 18 27e csene 
18 27e cnwse 18 28e nwswnw 
18 28e swsene 
18 28e senene l8s 28e nwnwse 
18 28e seses 
18 28e nwsenw 
l8s 28e seses 
18 28e neses 
l8s 28e swnwne 
l8s 28e csenw 18 28e nesesw 18 28e swnwse l8s 28e nwnwse 18 28e cnwse 
dodo loco hill 
anderson brainard 
oil state saikin oliver shufflebarger state 
oil state los angel 
mex arnold gross 
flynn welch yates dunn malco resler yatesj dunn knowles atwood keyes dunn 
qal 19l qal 
19l 19l 
qal qal 
qal qal qal qal qal 
18 28e cnwne 18 28e nwne 18 28e cswne 18 28e sesene 18 28e nwnwne 
smith drg 
yates travis 
kincaid watson drg 
qal qal qal qal 
18 28e cnwnw 18 28e cnwse 18 28e swnwnw 18 28e nwnwsw 18 28e senenw 
franklin aston fair state qal 
artesia gas appliance state 
ohio oil keiser 
18 28e neses l8s 28e senwse l8s 28e cnwnw l8s 28e nesesw 18 28e sesenw 
mckee state mckee state 
36ll 22i qal qal qal qal qal 
18 28e swsenw 18 28e nenesw 18 28e swswsw 18 28e nwswne 
mckee state kelly state malco ref 
resler oil state morris 
qal qal qal qal 
ivfvj tajoj 
18 28e cnwne 18 28e csenw 18 28e nwnenw 18 28e nwsese 18 28e eswnw 
kincaid watson state nix 
grower wrlght state 
malco reeler yates state 
resler oil compton 
seven river 
19w qal 4oo qal qal qal qal 
18 28e nwnwsw 18 28e nenwsw 18 28e cnwsw 18 28e nwnwne 18 28e nwnwse 
kersey state maleo resler yates staley oil state 
malco resler yates state 
qal qal qal qal 
18 29e senwwe 418s 29e cnesw 18 29e nwsese 
18 29e seswne 18 29e nwnwww 
loco hill 
resler oil resler miller 
qal pgq 
williams miller 
18 29e neswse 18 29e nenwsw 
qal qal 
18 29e sesesw 
i8s 29e nwswnw 18 29e nenesw 
dixon yates oil boulter 
35u f95 
qal qal 
18 29e nwnwne 18 29e nwnwne 
18 29e nenene 
18 29e nwnwnw 18 29e cswne 
alien fair pope state ohio oil travis yates yates travis 
qal qal qal qal qal 
sog sog 29lt 
18 29e swnwnw 18 29e nwnwne 18 29e nenese 
18 29e sesenw 18 29e seses 
price massie elliott selty 
qal qal qal qal 3w6 
18 29e nwsenw 
18 29e cswsw 
18 29e mwnwse 18 29e sesenw 18 29e swsw 
18 29e sswne 
18 29e cswsw 
hadlock randell lee wrh roland rich woolley briscoe alscott 
mckee general contractor inc nix 
fidel fidel 
qal qal f72 qal qal 
qal pea 
well drill oil gas new mexico continue 
township range section 
operator lease well 
comple eleva tion tion date foot 
total depth foot 
geologic formation surface bottom rock rock 
production show status oil gas date 
quadrant continue 
18 30e nwnwnw 18 30e nwswnw 
18 joe nwnwne 18 30e swswsw 
18 30e sesene l8s 30e swswsw l8s joe seses 18 joe sesesw 
etz nelson fla 
19jt 295j qai j505 qal 19j9 25ll qal 19j9 j5l6 j200 qal 19j9 j528 jj26 qal j250 qal j256 qal 19j9 qal 
j200 jj11 j118 
15jo 19l 
j20l 2j15 pow 
18 joe csenw 18 joe sesene 18 joe cnwne l8s joe nwnene 18 joe nenwnw 
loco hill leo 
franklin aston pair canfleld j516 j620 qal 
j500 qal 
j270 qal 
j5i6 j65j qal 
martin gate 
j285 qal 
j2l jooo 
18 joe cswnw 18 joe swswsw 18 joe cswne 18 joe cnese 18 joe cswne 
18 31e seses 18 j1e csese 18 j1e csesw 18 jih cnwse 18 j1e senesw 
18 j1e cswhe 18 j1e csenw 18 j1e cnwne 18 j1e cnesw 18 j1e csese 
roach shepard drg 
elliott yates yates state 
worth drg 
inc taylor sunset oil little 
jtej jj01 qal qal qal 19j5 jih5 j556 qal 19j8 jin8 qal j799 qal 19j9 j7j8 qal j652 qal j6oj j152 qal j691 qal 
j7t9 j595 qal 
j7j6 j558 qal 
j7jo j65j 
qal j5j5 qal 
j6jj oj5 qal 
2j2j sog j200 j670 j795 j8j5 j855 
j650 j225 
18 j1e csesw 18 j1e hese 
l8s j1e ckwse 18 j1e seswsw 18 j1e nenese 
18 j2e cswnw lea 
texwell oil corp sullivan jaffa 19j9 j670 1h08 qal 
welch iverson keohane 195j j615 j952 qal 
saunders little 
fullerton oil little 
j5jo qal pgy 
j60j qal 
j660 j2w qal 
j859 jj2 qal 
xott pqttqt 
xotp qtitmtp 
qal qal qal 
pququ 32e swswne 18 32e cswse xot 
pqt 7wu 18 32e cnenw 
18 32e cnene 
buffalo oil cox 2fuller ton oil walker 
maljamar south maljamar corp cheeseman 
qal qal qal qal qal qal 
18 32e csenw 
l8s spje cnicnic 
xotj qltqucn 
mccurdy mcelroy ranch barton qal 
1q4q pow pow qsl 
18 32e wswne x9t 
18 33e cnwsw 18 33e cnwnw xxtp pcitjcst 
34e wesenw 18 34e nnwne 
319k qal 
qal 4j40 
southern union gas english 
dalport oil corp stanolind state 
malco ref inc phillips 
pow qk7 iqii yrj 1qs1 
54e cne 
18 34e csenw 18 35e cnenw 
stanolind state shell pet 
corp state 
18 35e cnwsw l8s j5e cnwse xcn 
pqttcjtj 18 35e cnwne l8s 35e cnwse 
phillips pet 
state santa 
tovasl hfit 
continental oil state 
continental oil state 
sog 364l 
xcttt pqtjwc1 tj1 wtpwtpmu l8s 36e cnenw 18 36e cnene 36e nenw 
tide water oil alves howell 
olsen oil state 
stanolind state 
shell oil state 
iqk q4q lake 1qs2 
wtpmtpwtp 18 37e cnesw 18 37e eses xtt 
l8s 37e cnwne 
continental oil state 
shell pet corp state 
stanolind state 
phillips pet 
yjv oko 
xtti1 ptmtpattit 
l8s nwene 
1q5o 7os ksp 
township range section 
well drill oil gas new mexico continue 
field geologic structure 
operator lease well 
comple eleva tion tion date foot 
total depth foot 
geologic formation surface bottom rock rock 
production show status oil gas date 
18 swswse 18 58e nese 
18 58e swswnw 18 58e swnw 18 58e swnwse 18 58e csene 
18 58e sesw 
18 58e senw 
quadrant continue 
humble oil ref 
antweil morris 
gypsy oil taylor 
one sinclair taylor 
one sinclair taylor 
18 58e wswse 18 58e nwswsw 18 59e snwnw 18 59e sesw 18 39e cnwse 
18 59e swnw 18 59e swswne 18 59e 19 17e nwse 19 17e cnwnw 
19 25e csenw 19 25e csesw 25e csesw 25e nese 25e senwsw 
25e nese 
19 26e seswnw 19 26e swsesw 19 26e neswsw 26e cnenw 
19 26e swnwnw 19 26e nwnesw 26e swse 26e senesw 19 26e swsese 
26e swnwnw 26e seses 26e 27e cswsw 19 27e cnwsw 
hobbs high inc tatum 
stanolind pearl good 
skelly oil mex 
sun oil sun oil pinon unit 
sun oil sun oil pinon 
malco ref inc boyd 
qal qal qal qal qal 
stanolind anderson anderson lakewood unit 
qal qal qal 
lindsay lee hamilton pet billing 
qal qal qal qal qal 
fair santa 
fair bujac curtis state 
rep corp resler featherstone 
qal qal 
apow dis 
27e sesesw 
27e swswsw 
27e nwnwse 
27e swswsw 
19 27e snwnw 19 27e swnwsw 27e nwnenw 27e nesenw 27e nwswne 
27e nwswnw 19 27e nwne 27e senene 27e swnese 27e swsenw 
27e cswsw 19 28e sesesw 28e sesene 28e cswnw 28e nenesw 
28e nwnwne 28e swswsw 28e nenene 28e nenene 28e cnese 
19 28e nwnwnw 19 28e swsenw 28e neswse 28e neswne 28e cswnw 
28e csesw 19 28e swsw 28e nenese 28e senw 28e cnesw 
28e nwnesw 28e cswnw 28e nwsene 28e nwnwse 28e nenene 
28e swswne 29e cnese 29e csese 29e sesesw 29e csene 
29e sesenw 
29e nwse 19 29e nenenw 
qlf 5k70 qjj resler oil king state 19k5 qal qal 
miller wallace robert key state curtis curtis 
yates drg 
sheldon yates estate state featherstone 
flynn welch yates state 19k5 qal 
yates iii mesa state 
flynn welch yates state angle state henderson dexter blair state flynn welch yates state malco resler yates state 
qal psa 
qal qal 
flynn welch yates state kersey state 
qal qal 
19k5 55k7 qal qal qal 
monsen state 
leonard oil state 
mckee state 
19k5 qal 
mckee mckee mccavock 
mckee metcalf spencer state 
qal pgd 
miller bros oil state jones watkins 
qal qal psa 
qll oil 
aim qko pow 19l oko 
qll qlut qlif 
pow 1qll pow iq qliq 
well drill oil gas new mexico continue 
township range section 
field geologic structure 
operator lease well 
comple eleva total 
geologic format inn 
production show status 
tion tion depth surface bottom oil gas date 
date foot foot rock rock 
quadrant continue 
29e neseme 
29e senwnw 
jones watkins state esperonza 
29e swnwsw 
miller bros oil state 
29e when 
29e senenw 
29e nehwhw 
29e neses 
qal qal qal qal qal 
29e cswse 29e seswnw 29e mehehw 19 29e chese 29e cnwhe 
yates yates mckee 
stout state dunigan 
mrttfaa rnal 
qal qal qal qal qal 
29e nwnwnw 29e senesw 29e cnene 19 29e swnenw 29e cnene 
yates state mckee 
i860 qal 
yatesjjr mckee state qal psr 
30e swnehe clo 30e cswse 30e swswsw 
30e swswse 
30e nwhwnw 
turkey track east 
30e cswsw 30e cswse joe csehw 30e cswnw 30e chwne 
»«« «.«.«. 
«.«.« «.«. 
elliott cannon 
qal qal qal 
qal qal 
yates snowden mcsweeney state qal 
yates stroup state 
i960 qal 
pgd pow 
30e hemesw 30e csene 19 30e cswne 30e chehw 30e cmene 
qal qal 
30e swswsw joe cnesw joe chwse 30e nwnwne 31e swhwnw 
flynn welch yates inc story drg 
qal qal qal 
fasten ohio state 
31e nesenw 
carper keohane saunders 
31e cnwwe 
31e swswhe 
lwtpwrc1 31e cneme 
tb1 pntjnu 
pwltwtp tor xte pmli cfi xow pwtjhu xott tvnpwnplmtit xot 
wwa 19 32e cmesw 32e cnwnw 32e cswnw 
fyz xot 
32e cswsw 33e cnenw 
off ptvn 
19 33e csese xxt 
33e seme 
33e sese 33e csese 
33e cnwse 19 33e cswsw 33e nwsw 
pmuhu 33e nenenw 
mti mir1 
pmpmtr tclit 
qti tclit 
pwtpwtj 35e cmbsw crp pqlic1tj cil 
pqtpwe cne 
lusk west lusk tna 
lusk lusk east 
qal qal qal 
byrd jrost inc hinkle saunders bros culbertson irwin inc deteraple 
qal qal qal qal qal 
yates bay pet 
miller klncaid watson stout plain prod 
culbertson irwin inc lea 
qal qal qal qal 
texas knight english miller carper drg 
miller carper english hinkle miller 
qal qal qal qal qal 
culbertson irwin inc southern calif pet 
corp lynch culbertson irwin inc bowman culbertson irwin inc wingfield carper drg 
qal qal qal 
qal qal 
pgy sog 
sivley tenn 
emperor qal 
oil aid aid 
sivley sivley aid 
texas baskin 
texas baskin snively hondo drg 
snively hondo drg 
qal qal qal qal qal qal qal qal 
atlantic ref 
san angelo record 
township range section 
19 55e 19 35e cnwse 19 55e cnwne 19 55e cnwnw 55e cnwnw 
j6e nwse 36e nwnw 56e cnene j6e cnwnw 19 36e csesw 5te csesw 5te swse 57e 37e cnene 19 5te cswne 
19 5te nese 38e cnenw 58e cswse 58e cswsw 58e nwnwsw 
58e nwnw 38e seswne 38e nwnwnw 58e cnwsw j8e 
38e swnesw 38e sesw 19 59e cswsw 20 25e cnenw 20 25e sesesw 
20 25e csesw 
20 csese 20 25e swswsw 
20 25e csenw 
well drill oil gas new mexico continue 
field geologic structure 
operator lease well 
comple eleva tion tion date foot 
total depth foot 
geologic formati surface bottom rock rock 
production show status oil gas date 
quadrant continue 
19l qal 
stanolind state 
i9i 19l 
carper drg 
carper stanolind state 
eunice monument nolan snyder amerada pet 
corp record monument mekee 
eunice monument gulf oil corp kutler state 
tide water assoc 
oil state 
repollo oil bordages 
gulf oil corp burk 
eunice monument amerada pet 
corp phillips 
stanolind state stanolind wright 
ih72 36ll 
pow 19l 
penrose inc gulf blakley 
stanolind leech 
stanolind terry 
36ll u011 
stanolind jones 
humble oil ref 
19to sog 
kans mex 
brown shildneck 
ooq ore pwuqu oao oct 
ooq or1f quqtjmt 
ooq tv11pm lvn 
ooq ivtomvmi 
ooq qtjmt 
ooq tvttpmti qtj 20 26e nwnene 20 26e nwsene ooq tvttpmtj ooq pqumtj 
ooq pqtjqt 
ooq mtpate1 
ooq pknnvnj ooq oall1 wltqit 
oaq ottp mumttwu ooq otti1 wtjmuqtt 
ooq otk1 pqtpmtp 20 27e swsene 20 27e sekvrae 
20 27e nenwwe 20 27e swkeme 20 swswse ooq ott1 wtpqulvn 
ooq ott 
muimtpqtj ooq ott 
20 27e swswsw 
20 nwnw 
ooq ott 
ooq otti1 pmtjqtj tti1 me1 mtpql 
ooq otc qtjqljmp 
ooq otk1 wnpmtptot 
ooq oftp qtpqlrkrn1 
ooq oftp tvtctvttplvn 
ooq oftp tumt cjtj 
20 28e hwnwsw 
oftp 20 28e swsese 20 28e sesene 
white grant howell trojan oil grant 
resler oil mckee 
maudlin mckee basin oil kimmell dooley hatchett 
19l qal 19v7 qal 
qli okfl lyji 
will riggs calvin 
yates drg 
atha resler 
carper drg 
shugart mcmillan 
yji yjj yjc 
carper drg 
shugart mcmillan 
american republic 
childres royalty brown state qal 
john kelly state 
ohio oil mccullough 
iq qllk jlyjj 
jeffers johnson yates 
yates yates yates yates wright etz yates 
qlil a1qs1 1qs1 
bedingfield walker seal 
qxc 153l yjja ocx 
metzner pipe metzner pipe mcbride 
will crosldy 
7yju yjj yjc 
inzn q4ft 
calif oil reiff permit hadlock jarrell well 
qal qal qal qal qal 
qzt qll qlic oli 
qal qal qal 
qllc qllc 1qzc 
well drill oil gas new mexico continue 
township range section 
field geologic structure 
operator lease well 
comple tion date 
eleva tion foot 
total depth foot 
geologic formati surface bottom rock rock 
production show status oil gas date 
quadrant continue 
20 28e swnwse eddy 20 28e cswse 
turner will 
qal qal 
20 28e nwsehe 20 28e swsese 20 28e seses 20 28e chwse 20 28e chesw 
johnson well well 
casey livesay conner 
qal qal qal 
20 28e chesw 20 28e nesenw 20 28e sehehw 20 28e nwswne 20 28e seswnw 
mdison oil state 
mckenney schrock state qal 
20 28e seses 20 28e cswne 20 28e chwse 20 28e hwsenw 20 28e senwnw 
midwest oil mell sudderth hicks vickers will vickers 
qal qal qal qal qal 
20 28e cswhw 20 28e hwhwhw 20 28e chesw do20s 28e chenw 20 28e chehw 
schuster schuster hadlock fulton 
johnston nipper brown vickers 
hau will 
qal qal qal qal qal 
20 28e nwswsw 20 28e nesene 20 28e csenw 20 28e csesw 20 28e cnwsw 
collier bassett state continental 
mayfield state mayfield state 
qal qal qal qal qal 
20 28e csesw 20 28e cnwhe 20 28e cnenw 20 29e swhwse 20 29e chenw 
20 29e nenese 20 29e cswsw 20 29e sene 
20 29e senene 20 29e swsehw 
flynn welch yates vickers 
mill lever etz state will mclean 
mckee inc mckee state getty oil malone will yates wilson bros oil estate yates yates 
mackenzie yates 
qal qal qal qal qal 19m qal qal qal qal 
20 29e swswhw 29e csesw 20 2qe henene 
nipper yates 
flnnk trnnphrie 
qal qal 1q2s 20qo 
20 29e cnese 20 29e seses 
20 29e cnwse 20 29e cnesw 20 29e swnesw 20 29e swswnw 20 29e sesw 
20 29e sesenw 20 sesesw 20 29e nwsene 20 29e nwnwnw 20 30e cnwsw 
20 50e nenwne 20 joe cnene 
20 30e nwnese 20 30e nesene 
20 joe swswnw 
20 joe nenwsw 20 joe swswsw 20 joe csese 
20 joe nenene 20 joe seses 
20 joe nwswsw 20 joe swswne 20 joe nwswnw 20 joe esene 
20 joe swswnw 
20 joe cnwkw 20 joe cnwnw 20 joe cnwne 20 joe nenwme 20 joe nenese 
20 joe swswse 20 jie swnwsw 20 jie csenw 20 jie cnwse 20 jie csenw 
20 jie cswne 20 jie cnwsw 20 jie senene 20 jie cnwne 20 jie csesw 
20 jie 20 jie cswsw 20 jie cswne 20 jie cse 20 j2e swnene 
getty getty hale 
mckee brainard 
mackenzie yates 
pacific west oil dooley 
pacific west oil dooley 
yates iii stebbins 
yates iii stebbins getty oil bates martin yates iii nix yates 
tjj pvioco whelen riggs grover mann brown mcnally riggs 
marland oil colo hale will hale will hale continental oil barrett hale 
gypsy oil potash 
well state neil will state 
continental oil hale continental oil keyes 
culbertson irwin state 
stanolind state 
will zorichak neil will zorichak 
19k7 1q1s 
jj11 jj03 j256 j21 j297 3j09 j251 j21 j2j6 j298 j2j1 
qal mlik qal qal clrk qol 668j qal 
qqli qal ofll 9k6 qal qal 
j21 j202 j207 j208 j2j5 
qnl qkk 
j308 j295 jj62 
i860 qal oep 228j qnl 
j215 j228 
jj10 j280 175j qal jj07 
j258 qal 
j227 195j qal j276 qnl jj71 161j 
jj66 qal jj66 
okaa qnl 
xkk jjk6 jk85 
qol cte 
j515 j515 
qal poax onl qol qol 
ok olif 
oka olix 
ok7 okk okr okk 
okl 19k6 
700j pgd 
well drill oil gas new mexico continue 
township range section 
field geologic structure 
operator lease well 
comple eleva tion tion date foot 
total depth foot 
geologic surface bottom rock rock 
production show status oil gas date 
quadrant continue 
20 32e csese 20 32e cswsw 20 32e csese 20 32e cswsw 20 32e senene 
20 32e cswsw 20 32e swsene 20 32e nwsesw 20 32e nenese 20 32e nenesw 
cade harrell prior 
continental oil langston 
qal qal qal qal 
qal qal 
20 32e nwnenw 20 32e nnwne 20 32e cnwse 20 32e cnenw 20 32e csese 
ryan consolidate pet 
qal qal qal qal qal 
20 33e cswnw 20 33e nwnwsw 20 33e cswse 20 33e cnese 
20 33e cswne 
penrose inc crozier jeffers oil jiminez spartan drg 
forest oil bay pet 
continental oil smith 
qal qal qal qal qal 
20 33e cnenw 20 33e cnenw 
20 33e seses 20 33e swnwse 20 33e csene 
tea coast line oil jeffers oil qal 
20 33e swswne 
20 33e nwsenw 
20 33e csene 
20 33e cnenw 20 34e seses 
qal qal qal qal qal 
20 34e csenw 20 34e cswne 20 34e csesw 20 34e swnesw 20 34e csene 
texas elliott texas texas lea 
20 34e seswsw 
20 34e cnwne 
20 34e cnene 34e csene 20 seskse 
city service oil jewett mcdonald qal 
city service oil jewett mcdonald 
drilling explor 
inc german 
hnnt lnpnt oil flint 
1q2q gal 
20 34e nesesw 20 34e cnene 
20 34e cswnw 20 34e csene 
will flint will flint 
20 35e cswnw 
20 35e csene 20 35e csene 
20 35e nwnwsw 
20 35e csese 
anderson prichard oil corp fischer 
argo oil shilo state 
20 35e cnwnw 
20 35e csenw 
20 35e csesw 
20 36e cnene 
eunice monument 
20 36e nenesw 
amerada pet 
corp amerada pet 
corp monument shell pet 
corp state barnsdall oil alaska cooper 
20 36e cnwnw 
20 37e neswse 20 37e nwnesw 20 37e nwsesw 
wilson north 
southern union gas state 
eunic monument 
barnett britt 
garr weir 
20 37e cnwnw 
texas phillips 
20 37e nwnwnw 20 37e nwnwsw 20 37e cnene 
20 37e sswne 20 37e cswne 
eunice monument repollo oil bold 
repollo oil roach 
continental oil skaggs 
ca continental oil skaggs 
continental oil skaggs 
20 37e cnene 
20 37e cnese 20 37e nwnwnw 
20 38e cnese 
20 38e csese 
ca eunice monument norsworthy sinclair waldrop 
eastland oil waldrop 
qal qal 
qal qal 
qal qal 
20 38e csese 
20 38e cnenw 20 38e cnwne 20 38e csesw 20 38e cswsw 
20 38e swse 
20 38e sesenw 
20 38e nenw 
20 38e cnese 
20 38e swnwse 
20 38e cnese do20s 38e csene 
stanolind norsworthystate 
stanolind coil dekalb agri 
assoc phillips fee 1harry leonard siddall 
warren mckee 
tide water assoc 
oil sidall 
mcvay stafford corrigan 
sog psa 
well drill oil gas new mexico continue 
township range section 
field geologic structure 
operator lease well 
comple eleva tion tion date foot 
total depth foot 
geologic surface bottom rock rock 
production show status oil gas date 
quadrant continue 
cnwnw csenw 58e nenw 
warren mckee 
warren mckee 
dekalb agri 
assoc raley heir fee amerada pet 
corp turner 
sohio oil markus 
58e cnwnw 
warren mckee 
58e swnw 
58e cnwne 
58e cnene 58e cnwse 
continental oil semu 
neill midway oil zephyr 
58e sesesw 38e cnwse 58e csene 58e csene 58e cnene 
continental oil semu warren 
mudge tide water state 
38e nwnwnw 38e csese 58e csese 39e wwwsw 39e cnwne 
shell oil state 
continental oil ailes 
neill state 
union oil calif kyte 
59e csesw 59e cnwne 59e nwnw 
59e cnese h51 rln 
59e sesw 
sand hill 
penrose inc 
anderson amerada 
continental oil marsh 
sog pgr 
21 18e nenese 
21 22e cswse 21 22e cnwnw 21 22e 21 25e cnenw 
standard oil texas blaize 
magnolia pet 
state magnolia pet 
crosby stroup yates flynn hartz state 
21 25e csene 21 24e 21 24e esenw 21 24e swsenw 24e senwse 
21 24e nsesw 
25e csenw 
sander riggs 
resler oil malco ref inc riggs 
rateliff black slumons 
21 25e neswnw 21 26e cnwnw 21 26e nesenw 
21 26e csesw 21 26e senene 21 26e cnwne 21 27e csenw 21 27e nwsw 
21 27e 21 27e 
21 27e swnwse 21 27e senesw 21 27e nese 
cedar hill 
21 27e nwnene 21 27e nenenw 21 27e nwcw1 21 27e cswne 21 27e nwnwse 
21 27e sesesw 21 27e neswne 21 27e nwnenw 21 27e nwnw 21 27e cnwse 
21 27e csene 21 27e csese 21 28e cnwne 28e nwswne 21 28e nesenw 
21 28e csene 21 28e cnene 21 28e nenesw 21 28e cnwnw 21 28e swnw 
21 28e cnwse 21 38e cswnw 21 28e csene 
21 28e cnese 
21 28e cnwsw 
21 28e cnwnw 
21 29e cse 
21 29e cswnw 21 29e csese 21 3ce nenesw 21 30e csesw 21 cswsw 
shugart sander will will will arnold byall oil well drill baker metcalf woolley metcalf woolley state 
riggs yates estate welch 
riggs welch welch yates welch 
welch yates welch yates rector iii barnett rutter state smith simpson martin state nix curtis muse schuster messing fries page 
metcalf fulton hadlock state monsen 
yates nix matthew yates iii nix matthew yates nix matthew potash potash state 
potash nix nix hall 
jjuy qal 
j7tu io4ft iqko 
knno ojtt ojtt 
pgy pgy 
6oo 4fp ojttj 
oja innk 
pgd pgd 
1q51 okk 1qk7 iqks ijp 
oqa qal 
iqkk iok7 
well drill oil gas new mexico continue 
township range section 
field geologic structure 
operator lease well 
comple eleva total tion tion depth date foot foot 
geologic surface bottom rock rock 
production show status oil gas date 
quadrant continue 
21 31e csesw uwsy 21 51e nwnwnw 21 52e csene lea 
21 j2e sesesw 21 32e cnese 21 32e nesw 21 32e cswse 21 32e cnesw 
21 j2e cnene 21 j2e cnwsw 21 32e cnene 21 33e nwswne 21 33e 
21 33e sesenw 21 33e 21 33e swnwne 33e cswse 21 33e csesw 
21 35e nwnw 21 33e cswne 21 33e cswnw 21 33e nenwnw 21 33e cswse 
21 33e csese 21 33e wnene 21 33e cswsw 21 cnwsw 21 cnwsw 
21 swswsw 21 cnenw 21 21 cnwse 21 cnwnw 
21 sesenw 21 cnwnw 21 csese 21 swswnw 21 csese 
21 nenese 
zlitt nolthiu 
cutbertson irwin inc shepherd 
qal 19te qal 
pgd pgd 
cutbertson irwin inc shepherd 
qal pgy 
jeffers oil continental oil 
getty oil etz 
amerada pet 
elder shugart state 
qal qal 
19w qal 
covert state 
anderson state buck 
19w qal 
amerada pet 
union oil calif state 
culbertbon irwin state 
wilson oil charlotte state elder sheldon shell oil state 
t1951 qal 
vickers pet 
inc state skelly oil state 
skelly oil state 
wilson oil shell state 
wilson oil state 
ilann oil 
qal qal iouu fr7 qal 
dis 19l 19lf7 lql 
21 3ke nwnwnw 
21 3ke cnwse 
wilson west wilson oil state 
qal 39k8 qal 
39k5 psr 
21 3ke cswne 
21 3ke cnwne 
3ke cnene 
21 cswsw 21 3ke cswne 
city service oil state 19k9 qal 
vickers pet 
inc state 
19l qal 
nnn woo 
shell oil state 
21 3ke cswsw 21 3ke seswuw 21 3ke nwsese 21 3ke seswsw 21 34e nwswse 
wilson oil state elder state wilson oil state wilson oil state 
qal 39k3 qal 19u8 qal qal 
21 3ke nwnenw 21 3ke nwswnw 21 3ke cneke 21 3ke cnwse 21 sesene 
continental oil state 2ll wilson oil state wilson oil state 
qal qal qal 
21 cswsw 
21 35e swnese 
21 35e cswsw 
21 35e csesw 
21 35e 
stanolind mascho unit state wilson oil charlotte state 
21 35e 
montecito oil state amerada 
21 35e cnene 21 35e nwnwse 
wllsnn wlann 
city service oil state 
21 35e nwseke 
wilson state 
21 35e cnwnw 
wilson oil shell state 
21 35e nwswse 
21 35e sesene 
21 35e nenenw 
21 35e nwnw 21 35e csenw 
resler sheldon city service state 
city service oil state wilson oil cisco state 
21 35e nswsw 
eunic monument drilling explor 
inc shell 
35e 21 35e nenw 35e hwnwnw 21 35e nenese 
wilson oil shell state 
boyd shell state 
stanolind state 
eunice monument 
19k5 39kl 
2u3 35e csese 
c3l al1ir 
2u3 36e csehe 
penrose skelly tide water assoc 
oil marshall 
2u3 36e csenw 
eunic monument gulf oil corp collins 
21 36e swnw 
21 36e cswse 
bay pet 
corp brownlee 
21 36e cnese 
humble oil kef 
21 36e cswsw eunic monument atlantic prod 
21 v5e nesw 
19k2 tqlfi vii iinm 
pow 19k9 oko okft dis 19k2 19k9 19k9 yja 
jlyjt jljjc 
jlyjjl aiokl oki ioko 
qkk qkft dis 
i9k3 okq dis 
township range section 
21 36e cnese tjan 21 37e cswsw 
21 37e csesw 
21 37e nwnese 
21 37e cnesw 
21 37e semen 
21 37e nesw 
21 37e cswse 
21 37e csese 
21 37e cnene 
21b 38e cswne 
21 38e csenw 
21 38e cneke 21 38e nwse 22 swsese 10e seswnw 22 13e csese 
22 21e sese 
22 23e swnwne 
22 swnesw 
22 25e cswse 
22 25e swse 
22 26e swne 26e nwwe 27e sehenw 22 27e swsene 22 27e seses 
22 27e nwse 22 27e nwnene 22 27e nwnw 
22 28e swnwne 
22 29e csese 
29e swswsw 22 30e nenene 22 30e 32e cnwse 22 cswnw 
well drill oil gas new mexico continue 
field geologic structure 
operator lease well 
comple tion date 
elevation foot 
total depth foot 
geologic surface bottom rock rock 
production show status oil gas date 
quadrant continue 
eunice monument gulf oil corp janda state shell oil state 
dis pow 
stanolind southland 
shell oil sarkeys 
eighty pour draw 
repollo oil hill continental oil cane howe elliott keinath 
pow pow 
continental oil standard oil 
texas bass 
pecos valley drg 
standard oil texas smith 
standard oil texas wilson 
stanolind middleton 
martin kerr 
baker eddy 
bluebird oil 
indian territory 
drilling danford 
ohio oil workman 
qal pgd 
22 32e cswne 22 33e nesw 22 33e csese 22 33e cswse 22 33e cnwsw 
culbertson irwin inc culbertson 
tprffn ovrvy pet 
qal kll 
22 ckehe 22 swswne 22 cnwnw 22 seseke 22 cswse 
zcnq tkso kfi 
qnl qal krm qnl 
22 cswse 22 35e cswhw 22 35e cnwme 22 35e cwese 22 35e cnene 
san simon clo 
22 35e cnwsw 22 35e neke 22 35e sesw 22 35e cnene 22 36e swnene 
clo «.------- 
eunice south 
qlroll qlrall qvollir 
tide water assoc 
oil state hall state qiv run carter continental oil co state texas pacific coal oil state 
qkli 19w i9ki 
qnl qal 
kkfin flnl 
osl tqi 
qkq llj 19l pow 
22 36e cswne 
22 36e csesw 22 36e nenese 22 37e nwsw 22 37e cnesw 
shell pet 
corp devonion oil 
city service oil closson qli 
mid continent pet 
corp lynch 
penrose inc rodgers 
ioii oil 
22 37e cnwse 22 37e cnesw 22 37e cnwne 22 37e swsw 22 37e swnw 
penrose skelly 
mid continent pet 
continental oil elliott 
humble oil ref 
humble oil ref 
qil sog iqks 
22 37e cnwne 22 37e cnwse 22 38e sesesw 22 38e cnesw 22 38e sesesw 
humble oil ref 
oka vjp 
22 38e cnwnw 22 j8e cswse 22 38e cnenw 22 swsese 23 nwnwnw 
23 wnene 
23 cnwse 
23 nwswnw 
23 swnwnw 
23 cswnw 
gulf oil corp drinkard 
vot wmir 
snowden clary state 
viking oil devel 
viking oil devel 
viking state 
qal qal qal qal onn qal 
qlia iqkfi pow 
table well drill oil gas new mexico continue 
township range section 
field geologic structure 
operator lease well 
comple eleva tion tion date foot 
total depth foot 
geologic surface bottom rock rock 
production show status oil gas date 
23e senw 
ice senwsw 
2je swse 
2js 25e seswse 
25e nnwnw 
quadrant continue 
smelt ref mining smelt ref mining kelly 
mckinney oil bott smelt ref mining smelt ref mining kelly 
pecos valley drg 
2js 26e nwse 
26e csesw 26e cnenw 26e cnene 26e nese 
smelt ref mining 
qal pgd 
26e nesw 26e nwsw 23 26e nesw 26e swnw 23 26e cswne 
yates devito yates iii cordie king yates iii king yates iii mccord 
qal pgd pgd 
qal pgd 
qal pgd 
27e sene 23 28e nwswnw 23 29e cswsw 30e swswne nenesw 
cswsw 35e swswsw 23 35e cswsw 36e csese 36e swswsw 
qal pgd 
superior oil keck 
continental oil robert qal 
continental oil williams 
36e cnese 25 36e cswsw 36e nwnwse 23 36e swsesw 36e neswse 
19w sog 
continental oil stevens 
skelly oil 
clay etz 
shell pet 
corp whitten sog 
36e wnwnw 3lj 37e swswnw 37e cswnw 23 37e csene 37e cnwsw 
penrose skelly inter coast pet 
corp glower 
low king 
langlie mattix skelly oil king 
37e sswne 
3te cnese 
37e wnwnw 37e cnene 37e cswsw 
37e cnene 
37e neswnw 
37e csene 37e csene 3te cswsw 
37e cswse 37e sesw 2js 3te cnenw 3te cnene 37e cnene 3te cnwne 3te cnene 38e cswnw 38e cnwsw 38e cswne 
38e cnwse 12e nwnwsw 
15e cnwne 26e cswne eddy 26e senes 
26e senesw 26e swnese 26e seswse 26e nwnenw 26e sesenw 
26e senene 26e nene 36e nenese 26e nenw 26e nwnwne 
26e nwnwsw 26e seswnw 2te cnwsw 2te swnwnw 2te nwnw 
2te senw 
2te swswne 
2te nwse 
2te cswsw 2te nene 
penros skelly 
dalport oil corp king gulf oil corp nick alley 
penros skelly 
skelly oil steeler samodan oil corp hughes hughes 
skelly oil steeler fee 
langlie mattix 
gulf oil corp hunt 
carter hill lion oil wylie anderson prichard oil parcel 
flynn welch yates inc donahue 
shappell oil bradley 
shappell oil bradley 
crawford crawford 
martin lycette pardue guitar 
taiion oil calif beeman 
lubbock machine supply inc southern pet 
explor inc 
32l 329k 
52t5 t130 
50ll 5t65 
qal 5k05 qal 206l qal 
19k9 32t5 qal 19k9 52t1 qal 19i 32t5 qal 
i960 qal qal qal 32to qal 32kl 
qal 18t5 qal 32l qal qal 
1qs2 tqlt 
qha iqkfi 
9too sog 
1qso pow pow 
t150 5l65 5to 
qka pow qlw iqltq 
pgd pgd sog pgd 
okq qko okfi iqro 
pgd okv 
pgd pgd 
okn pow 
well drill oil gas new mexico continue 
township range section 
field geologic structure 
operator lease well 
comple eleva tion tion date foot 
total depth foot 
geologic surface bottom rock rock 
production show status oil gas date 
quadrant continue 
27e nwnwne 27e cnene 27e cnenw 27e csese 27e cswne 
27e senes 27e nehwnw 27e nenene 24 27e cnwnw 24 28e seses 
24 28e swsw 24 28e nnene 24 28e nenw 
24 28e senw 
24 28e seme 
vol ial cuwval rcsviol 
humble oil ref 
24l4 qal 
qal pgd 
dekalb agri 
assoc inc james landrum 
dekalb agri 
assoc inc 
landrum navarette 
dekalb agri 
assoc inc pardue 
30l qal qal qal 
pgd pgd pgd 
24 28e cnesw 24 38e nhwbe 24 28e cnene 24 29e csenw 24 29e swse 
cockburn pecos irrigation dekalb agri 
assoc inc state buennegel 
capitan oil capitan oil yarborough 
qal pgd 
24 29e sesw 24 29e sesenw 24 29e cmese 
24 29e nwhwnw 24 29e wwwnw 
southern calif pet 
corp valley land 
southern calif pet 
corp southern calif corp reid 
qal qal pgd pgd 
24 29e cswsw 24 31e swswne 24 34e cswhe 
24 35e cmese 24 36e cswnw 
taylor hallrich powell page 
tlaf city service oil state 
qal qal qal 
24 36e swhvkw 24 36e mesehw 24 36e cswhe 24 36e cswne 24 36e csenw 
langlie mattix 
city service oil state city service oil state shell oil state 
37e cnwsw 37e cnwnw 37e cnenw 37e cnwnw 37e sese 
langlie mattix 
bay sun hair 
watson drg 
fowler hair stanolind south mattix 
stanolind state 
37e nwnw 37e swswse 37e swnwnw 58e esesw 38e cswsw 
langlie mattix 
liberty oil drg 
hair skelly oil mexico state 
iq qs1 1qs1 
38e csese dollarhide seses 
25 13e cnwnw 
skelly oil mexico state ernest locate land 
holland page state 
bechtel bros state 
union oil mcmillan 
pow oko qhq oka 
25e cnwnw 26e csese 25 26e sese 27e csene 27e nwswsw 
3it eddy 
25 28e nwse 28e csesw 25 28e cnese 
29e cswne 30e swswsw 
20ql stovall marshall mcllvaine 55k 
pgd pgd ory fio 
lql 1qs2 qko oka 
pwright davis pecos irrigation 
pengas pecos irrigation 
pgd pgd 
okk 19l 
stansbury wetto 
sun oil snow 
25 32e sememe 32e nenene 35e csese 25 35e csese 
do25s 35e cswse 
hill abel king marland oil king phillips pet 
beard unit core test 
alq tqc oka 
36e swswsw 36e nese 36e csene 36e sesenw 36e cnesw 
50j jnl 
lyj oka lokt iqsl lolt 
36e cnwse 
skelly oil mexico state 
37e csese 
langlie mattix plain prod 
qal 317k 
25 37e nwsese 37e wsenw 25 37e swsesw 
anderson prichard oil corp 
anderson prichard oil corp well 
well drill oil gas new mexico continue 
township range section 
field geologic structure 
operator lease well 
comple tion date 
eleva tion foot 
total depth foot 
geologic surface bottom rock rock 
production show status oil gas date 
quadrant continue 
37e csbsw eddy 37e csese 
langlie mattix culbertaon irwin inc woolworth 
stanolind langlie 
25 37e csese 25 37e nese 
byrom mcbuffington 
37e swsw langlie mattix anderson prichard oil corp indian 
25 37b cnesw 
25 3te chwse 37e nesene 
37e swsene 
37e nwne 
anderson prichard oil corp 
anderson prichard oil corp 
anderson prichard oil corp harrison 
olsen oil coll 
37e csenw 37e cswsw 37e cnesw 37e nenw 38e chesw 
do31 do1 
kerr mcgee oil industry inc 
continental oil sholes 
moss mathers sholes 
38e nese 36e cswnw 38e cswnw 25 38e cnenw 
25 38e nwsw 
paso natural gas ginsberg 
leonard oil 
skelly oil ginsberg 
anderson prichard oil corp 
38e cswnw cswse 24e nwsw 26 24e nwnesw 26 nwswnw 
smith state may 
qai qal 
pgd pgd 
26e cs 27e sesenw 27e nwse 26 27e nwse 26 27e nenw 26 28e cnwnw 26 28e swnwsw 29e cswsw 29e nwnw 
qai pgd 
jones drg 
buck jones drg 
southern calif pet 
corp southern calif pet 
corp sculjy scully 
pgd pgd 
pow 19314a 
26 30e cnwnw 
26 30e cnwse 
pltp ptcttut 
otp pqttc 
qljq ljqtj 
26 36e cnwse 
tji tvnpcnrcnr 26 37e senwnw 26 37e nene 26 37e swnesw 
26 37e nwswsw 
tc1 pqtittvtti1 
26 37e nwswsw 
26 37e cnwne 
26 37e cnwse 
26 37e cnene 26 37e neswne x7tt pqtptvnj oil 
26 38e cswsw 
26 38e cswnw 
26 38e cnwnw 
zatp tvtt 
finley cherry buchly 
hinkle smith conoco 
hill abel smith sinclair state 
corp cagle 
jvyu -,£ qal qnl qal qol 
qol qol 
humble oil ref 
krupp flaherty oil corp moberly 
plain prod 
shell oil scarborough estate 
ralrvh trvuq 
ralph low self 
qfi tzqrjrj 
sog qnn pot 
aim qs2 qhl 
qc3r qfttll qftqi 
qkp dis pow 
int dup 
oahguerelaiuy rodocofks 
agleaedvile roocfks 
ipp mparabdo 
devonian pennsylvanian permian 
wvvx kpl sloskout pfotint 
mfemnefe kmf 
jjj tco 
mesaverde group southern part san juan basin kmv fth 
triassic jurassic 
cpicltiufrfeds kspsc ffrumitland tho 
smsbr kkf farmingtor 
aqluvioum mneexiwco northwestern pesneetractiotn composite 
magdalena group 
san andres 
niobrara aneros enhor 
afl ala 
aori ttoo 
pre cambrian 
quater nary 
montoya fuselma undifereni 
wolf wolfcamp leonard 
yeso formation 
san andres 
h1ueco ttoo 
mfbr glorieta 
sreviev gypsum 
syanatdes subsurfac 
psr pgy pgt 
silurian devonian missis pennsylsippian vanian 
simpson miontsoya 
rfancheria bowsher laanuden 
and permian 
delaware mountain group pgd 
cowden pose 
pre ordovician 
dockum group 
redbeds dlewaeky tecovas 
undiferent aluvium 
taceous nary 
dockum group 
rustler par 
dlewaeky otvea rsr sraneta 
aluvium undifereni 
triassic tertiary quaternary 
