mineral resource soda mountain wilderness study jackson county oregon geological survey bulletin 
availability book and map the geological survey 
instruction order publication geological survey along price last offering give current year issue monthly catalog new publication geological survey 
price available geological survey publication release prior current year list recent annual price availability list publication list various geological survey catalog see back inside cover list recent annual price availability list longer available 
price report release open file give list geological survey open file report update monthly sale microfiche geological survey book open file report section federal center box denver 
report release ntis may obtain write national technical information service department commerce springfield please include ntis report number inquiry 
order geological survey publication mail counter office give 
mail book professional paper bulletin water supply paper techniques water resource investigation circular publication general interest leaflet pamphlets booklet single copy ofearthquakes volcano preliminary determination epicenter miscellaneous report include forego series go print superintendent document obtainable mail geological survey book open file report federal center box denver subscription periodical earthquakes volcano preliminary determination epicenter obtain only superintendent document government print office washington check money order must payable superintendent document 
over the counter book book geological survey available counter follow geological survey public inquiry office authorize agent superintendent document washington main interior bldg corridor 18th cst 
denver colorado federal bldg 
stout los angel california federal eldg 
los angel menlo park callfornia bldg 
reston virginia national center 
1c402 sunrise valley salt lake city utah federal bldg 
south state san francisco california customhouse 
battery spokane washington 
west riverside ave anchorage 
university anchorage alaska federal bldg 
map for map address mail order 
geological survey map distribution federal center box denver resident alaska may order map alaska distribution section geological survey new federal building box twelfth ave fairbanks 
map map may purchase counter geologi caj survey office book sell address list follow geological survey office rolla missouri independence 
denver colorado map distribution bldg 
federal center 
fairbanks alaska new federal bldg twelfth ave 
chapter mineral resource soda mountain wilderness study area jackson county oregon william pickthorn richard goldfarb donald plouff steven sutley mark wilcox geological survey thomas peter spencee willett bureau mine geological survey bulletin mineral resource wilderness study area central and far western oregon 
department the interior manuel lujan secretary geological survey dallas peck director 
any use trade product firm name publication descriptive purpose imply endorsement government 
united state government print office washington for sale book open file report section geological survey federal center box denver 
library congress catalog publication data 
mineral resource soda mountain wilderness study area jackson 
county oregon william pickthorn 
mineral resource wilderness study area south 
central oregon 
geological survey bulletin 
include bibliographical reference 
mine mineral resource oregon soda mountain wilderness 
soda mountain wilderness 
pickthorn william 
series geological survey bulletin 
study relate wilderness bureau land management wilderness study area the federal land policy management act public land october require geological survey bureau mine conduct mineral survey certain area determine mineral value may present 
result must make available public submit president congress 
this report present result mineral survey soda mountain wilderness study area jackson county oregon 
content summary abstract character set identified resource mineral resource potential introduction area description previous present study acknowledgment appraisal identified resource mine mineral exploration history soda mountain prospect mineralize area mineral economics resource assessment mineral resource potential geology geochemical study geophysical study mineral energy resource potential reference appendixes definition level mineral resource potential certainty assessment cio resource reserve classification cll geologic time chart c12 figure 
index map show location soda mountain wilderness study area jackson county oregon 
map show mineral resource potential generalize geology soda mountain wilderness study area jackson county oregon 
aeromagnetic map soda mountain wilderness study area jackson county oregon 
gravity map soda mountain wilderness study area jackson county oregon content 
mineral resource soda mountain wilderness study area jackson county oregon 
william pickthorn richard goldfarb donald plouff steven sutley mark wilcox geological survey 
thomas peter spencee willett bureau mine summary abstract request bureau land management acre comprise soda mountain wilderness study area south central oregon evaluate mineral resource know mineral resource potential unknown 
report area study refer wilderness study area 
the dominant rock type study area basaltic andesitic flow breccia minor outcrop silicic tuff 
although identified resource significant prospecting activity outcrop alter silicic tuff northern part study area prospect gold 
much northern part study area moderate potential gold silver 
the study area low potential geothermal resource 
the study area low resource potential oil gas building stone small area south low potential gold placer deposit 
character set the soda mountain wilderness study area locate along west flank cascade range jackson county oregon southeast ashland oregon fig 
approximately percent densely vegetate study area comprises steep ridge canyon form south face soda mountain 
total relief study area maximum elevation 
the study area underlie gently northeast dip oligocene see appendixes geologic time chart volcanic volcaniclastic rock principally basalt andesite 
manuscript approve publication september 
identified resource mineral resource potential the soda mountain wilderness study area identify mineral resource significant prospecting activity 
however small soda mountain prospect locate area hydrothermally alter silicic tuff andesite breccia ridge northeast camp creek consist deep shaft nearby shallow pit gold value alter rock prospect high per ton 
geochemical data rock soil sample suggest miner south prospect area area assign moderate potential gold 
much northern part study area also assign moderate potential gold silver basis geochemical evidence 
geothermal lease exist study area low potential geothermal resource 
there also low potential oil gas resource 
the possibility placer gold building stone resource also investigate occurrence observe potential also assign low 
introduction this mineral survey request bureau land management blm cooperative effort geological survey usgs bureau mine usbm 
introduction wilderness review process mineral survey method agency responsibility provide beikman other 
the usbm evaluates identify resource individual mine know mineralized area collect data current past mining activity field examination mine prospect claim mineralize 
mineral resource soda mountain wilderness area jackson county oregon 
identified resource classify accord system modification describe mckelvey bureau mine geological survey 
study usgs design provide reasonable scientific basis assess potential undiscovered mineral resource determine geologic unit structure possible environment mineral deposition presence geochemical geophysical anomaly application ore deposit model 
methodology terminology apply mineral assessment survey discuss goudarzi 
see appendixes definition level mineral resource potential certainty assessment resource reserve classification 
area description the soda mountain wilderness study area situate along west flank cascade range approximately southeast ashland oregon immediately north california border 
best access improve blm dirt road lead south oregon highway green spring fire lookout tower microwave relay facility peak soda mountain north edge study area 
access also possible dirt road jeep trail east interstate highway near siskyou north irongate reservoir northern california 
elevation study area range salt creek flank soda mountain 
most tower 
approximate boundary soda mountain wilderness study area 
california jj2 oregon siskiyouco 
index map show location soda mountain wilderness study area jackson county oregon mineral resource wilderness study area central far western oregon 
elevation slope stream valley cover dense brush high ridge vegetate pine fir 
open grassland present gentle slope eastern part study area 
previous present study geologic map geochemical sample geophysical study mineral assessment study include soda mountain wilderness study area do regional scale medford quadrangle 
these study list summarize smith other 
geologic mapping well cover small part west edge study area 
detailed field investigation usgs conduct soda mountain wilderness study area summer fall spring 
this work include geologic map geochemical sample examination outcrop evidence alteration miner 
the geochemical survey utilize rock stream sediment include fine fraction heavy mineral concentrate sample analyze element semiquantitative emission spectrography 
all rock analyze gold mercury atomic absorption arsenic bismuth cadmium antimony zinc induct couple plasma spectroscopy icp 
geophysical data consist gravity information collect medford quadrangle study aeromagnetic data collect oregon state university cover cascade range analyze interpreted 
the usbm examine prospect mineralize zone within adjacent study area evaluate identify mineral resource 
prefield preparation include library search pertinent geological mining literature blm master title plat current mining claim record data 
information also obtain oregon department geology mineral industry grant pass usbm mineral industry location system mil 
field search conduct mine prospect mineralize area near study area 
mineralize site examine map 
ninety eight sample collect include rock soil five alluvial sample 
rock sample analyze nine major element oxide loi loss ignition trace element 
soil sample analyze trace element alluvial sample analyze free gold heavy mineral peter willett 
acknowledgment the author grateful joseph dauenhauer owner barron mine permission visit mine john archer show property 
field boise cascade corporation spokane wash len ramp oregon department geology mineral industry grant pas provide valuable geological information 
gerry capps james renthal fred tomlins blm medford thomas maier forest service prospect oreg steve bulkin forest service medford oreg provide information logistical support 
james smith usgs provide insight geology resource appraisal 
appraisal identify resource thomas peter andspencee willett bureau mine mine mineral exploration history although mining southwest oregon date back relatively little activity volcanic volcaniclastic terrane southern oregon cascade range 
minor exploration activity occur soda mountain prospect evidence deep shaft shallow pit identity prospector however know 
least one company engage gold exploration visit prospect prior study 
blm mining claim record show lode claim locate section township range november myrle betty dodson medford area author unable contact dodsons 
the claim must near west corner wilderness study area probably along lone pine ridge fig 
ground search area disclose evidence miner exploration mining activity 
mark hermiston blm geologist medford collect stream sediment five rock sample wilderness study area vicinity reconnaissance geochemical survey rimal 
soda mountain prospect mineralize area access soda mountain prospect soda mountain road south green spring mountain oregon highway fig 
the prospect area straddle study area boundary fig 
the known working consist deep diameter shaft shallow pit 
the prospect lie north edge area underlie primarily pervasively kaolin silicified rhyolite tuff 
this siliceous tuff andesite prospect area peter willett 
cut prominent steeply dip joint set trend cluster limonite goethite hematite present joint frac 
mineral resource soda mountain wilderness area jackson county oregon 
r2e r3e 
r3e r4e 
approximate boundary soda mountain wilderness study area 
area moderate mineral 
deposit type 
resource potential 
epithermal vein 
area low mineral resource 
description map unit 
qal alluvium quaternary mostly 
level certainty assessment 
unconsolidated stream sand 
data suggest level 
volcanic rock tertiary 
data give good indication level 
data clearly define level 
basalt basaltic andesite andesite flow breccia age oligocene tuff tertiary silicic ashflow 
tuff may aquagene part 
silver gold geothermal oil gas 
contact dash approximately locate soda mountain prospect 
stone building stone 
borrow pit 
mineral resource potential generalize geology soda mountain wilderness study area jackson county oregon 
base geological survey scale ashland hyatt reservoir quadrangle oreg calif 
contour interval 
mineral resource wilderness study area central far western oregon 
epidote alteration weak arsenopyrite miner also observe 
flow band apparent place prospect area dip observe 
mineral economics resource gold concentration rock soil sample soda mountain prospect peter willett delineate acre gold bearing mineralize zone 
three rock sample southern part prospect area contain part per billion ppb per ton gold respectively worth per ton per gold price 
possible occurrence placer gold building stone resource also investigate peter willett resource identify 
five alluvial sample streambed drain study area contain placer gold situ value cent per yd3 per gold price extensive alluvial bar observe 
none stone observe special physical property split flat slab useful face stone special chemical property extraordinarily high alumina content suitable alternative source aluminum ore distant future 
the stone appear value road metal low value high volume end use economically suitable local application ample supply stone present locally outside study area 
assessment mineral resource potential william pickthorn richard goldfarb donald plouff steven sutley mark wilcox geological survey geology the soda mountain wilderness study area lie along west flank cascade range geology consist volcanic volcaniclastic rock cascade volcanic arc 
these rock erupt oligocene early miocene epoch smith other 
this sequence collectively call volcanic rock western cascade range 
southern oregon volcanic rock western cascade range structurally simple form homoclinal sequence dip gently north northeast 
because shift eruptive center interfingering overlap volcanic sedimentary unit simple stratigraphic sequence exist 
rapid facies change common within single unit the study area lie entirely within single regional reconnaissance volcanic unit map smith other 
oligocene basalt basaltic andcsite andesite 
individual deposit unit vary appearance due textural change rather compositional change thus map separately 
much study area cover dense brush extensive soil develop slope 
smith other indicate major fault map none note study 
small landslide present steep slope south face soda mountain 
several outcrop recently map silicic tuff peter willett present northern part study area along tributary camp creek 
the tuff unit appear pinch swell thickness could accurately determine 
the unit appear dominantly bed suggest aquagene origin pan 
fragment tuff present along camp dutch oven creeks suggest tuff may extend west outcrop observe thick brush 
geochemical study the geochemical survey soda mountain wilderness study area consist collection analysis eight stream sediment heavy mineral concentrate sample rock sample inside immediately adjacent study area 
stream sediment sample air dry sieve minus mesh fraction 
all concentrate sample pan minus 10mesh sediment use gold pan 
laboratory concentrate air dried light material remove use bromoform magnetic heavy mineral fraction remove use magnetic separator 
sediment rock sample analyze element nonmagnetic concentrate sample analyze element use optical emission spectrography accord method outline grime marranzino 
addition rock sediment analyzed atomicabsorption spectrometry gold rock analyze atomic absorption spectrometry mercury sediment select altered rock analyze icp arsenic bismuth cadmium antimony zinc 
complete analytical data detail discussion sample analytical method give sutley other 
with exception sample collect soda mountain prospect lithogeochemical data basalt andesite vein quartz jasperoid sample show background level element study 
gold concentration ppb low determination limit mercury concentration less ppb 
one quartz vein however contain ppb mercury anomalous element value 
the significant geochemical anomaly hydrothermally alter siliceous volcanic breccia tuff sample collect soda mountain prospect these altered rock contain 
mineral resource soda mountain wilderness area jackson county oregon 
much part per million ppm silver ppm arsenic great ppm boron ppm bismuth ppm mercury ppm lead ppm antimony 
some sample slightly enrich copper molybdenum tin compare sample rest study area 
none anomalous rock however contain detectable gold ppb low determination limit 
however peter willett report much ppm gold well ppm silver ppm arsenic ppm mercury ppm lead ppm antimony alter tuff prospect 
this discrepancy report chemical analysis likely due nugget effect 
stream sediment heavy mineral concentrate data suggest area weakly alter volcanic rock elsewhere within study area 
the three stream sediment collect along east edge study area weakly anomalous silver arsenic zinc 
sediment concentrate sample collect near junction camp dutch oven creek contain background concentration silver arsenic boron lead suite element similar element present anomalous concentration alter rock sample 
microscopic examination anomalous heavy mineral concentrate sample collect dutch oven creek junction camp creek reveal presence grain pyrite arsenopyrite galena 
geophysical study geophysical evaluation mineral resource study area base interpretation aeromagnetic gravity survey 
part usgs geothermal program oregon state university fund collect aeromagnetic data cascade range 
the area surround study area fly elevation sea level along east west flightlines space approximately apart couch other couch fig 
most study area lie along south southwest edge eastwest elongate aeromagnetic high fig 
the shape location aeromagnetic high generally reflect moderate magnetization underlie andesite basalt flow smith other confirm presence local magnetic crest magnetic high soda mountain 
magnetic gradient extend horizontal distance nearly near study area suggest thickness causative magnetic body body substantially exceed volcanic rock crop near study area 
the aeromagnetic high center north study area situate near south edge prominent set magnetic high extend north northwestward 
blake interpret set magnetic high possibly cause fault bound underlying ultramafic sheet thick sequence tertiary volcanic rock 
the magnetic gradient study area apparently reflect steeply dip fault bound interface deepseated plutonic volcanic rock surround less magnetic basement rock 
the magnetic gradient interrupt along south edge study area magnetic low 
the magnetic low probably cause rock low magnetization beneath diameter outcrop mafic intrusive rock tertiary age center south edge study area smith other 
the usgs establish eight gravity station within border study area regional mineral appraisal public land medford quadrangle blake write commun 
these data supplement gravity data obtain oregon state university part blake compilation 
location elevation terrain correction data revise reflect topography minute topographic map publish since original gravity data collect 
north northwest trending contour region generally reflect thicken crust away pacific coast decrease local gravity anomaly toward regional gravity trough along cascade range blake other 
the prominent feature gravity map study area gravity high center near southwest edge study area enclose gravity contour fig 
the shape contour position orientation gravity high uncertain station area 
the location gravity high consequently source also uncertain effect superimpose strong 
aeromagnetic map soda mountain wilderness area oregon shade 
value magnetic intensity earth magnetic field nanoteslas gamma arbitrary datum international geomagnetic reference field remove 
contour interval dot magnetic station contour hachured direction lower magnetic intensity 
dashed line center magnetic low discuss text 
mineral resource wilderness study area central far western oregon 
regional gravity gradient speculate source gravity high interrupt regional gradient also associate underlie source mafic intrusive rock crop nearby 
mineral energy resource potential geologic geochemical geophysical investigation suggest potential epithermal precious metal miner soda mountain wilderness study area 
singer other indicate much area medford quadrangle underlain tertiary volcanic rock favorable epithermal vein miner 
one area base rock sample anomalous boron mercury tellurium concentration present approximately north study area boundary 
also barron mine past producer gold silver locate within tertiary volcanic rock northwest study area 
hydrothermally alter silicic tuff andesite breccia sample collect usbm usgs area soda mountain prospect contain significant concentration gold silver 
this area moderate resource potential gold silver certainty level stream sediment heavy mineral concentrate sample contain anomalous concentration many element characteristic epithermal miner suggest part study area lack adequate outcrop exposure may contain similar zone alteration possibly underwent gold silver miner 
these area along north edge study area within dutch oven creek 
bouguer gravity anomaly map soda mountain wilderness study area oregon shade 
gravity value milligals contour interval milligals dot station location contour hachured direction lower gravity value 
reduction density cm3 
watershed moderate resource potential gold silver certainty level 
the potential geothermal resource study area low certainty level area active geothermal energy exploration associate silicic volcanism less million year smith shaw area high heat flow neither present 
the potential oil gas resource study area low certainty level this evaluation base absence suitable source reservoir rock 
the potential building stone also low certainty level small area southern part study area low potential gold placer deposit certainty level reference beikman hinkle frieder twila marcus edward mineral survey geological survey bureau land management wilderness study area geological survey circular blake map show aeromagnetic data interpretation medford quadrangle oregon california geological survey miscellaneous field study map sheet scale 
blake jachens simpson couch tectonic set southern cascade range interpret magnetic gravity field geological society america bulletin 
couch map show total field aeromagnetic anomaly topography cascade mountain range northern california geological survey open file report sheet scale 
couch gemperle mclain conrad total field aeromagnetic anomaly map cascade mountain range southern oregon oregon department geology mineral industry geological map series map gms17 sheet scale 
goudarzi guide preparation mineral survey report public land geological survey open file report grime marranzino direct current arc alternate current spark emission spectrographic field method semiquantitative analysis geologic material geological survey circular mckelvey mineral resource estimate public policy american scientist 
peter willett mineral resource soda mountain wilderness study area jackson county oregon bureau mine open file report mla rimal durga coordinator preliminary geochemical data blm administer land include wilderness study area oregon washington bureau land management unnumbered report oregon state office portland singer page smith blake johnson 
mineral resource soda mountain wilderness area jackson county oregon 
mineral resource assessment map medford quadrangle oregon california geological survey miscellaneous field study map scale sheet 
smith blake johnson page peterson singer whittington the conterminous united state mineral appraisal program background information accompany folio geologic geochemical geophysical mineral resource map medford quadrangle oregon california geological survey circular 
smith page johnson more gray floyd preliminary geologic map medford quadrangle oregon california geological survey open file report sheet scale 
smith shaw igneous related geothermal system white assessment geothermal resource united state geological survey circular 
sutley goldfarb pickthorn analytical result sample locality map stream sediment heavymineral concentrate rock sample soda mountain wilderness study area jackson county oregon geological survey open file report bureau mine geological survey principle resource reserve classification mineral geological survey circular well geology medford quadrangle oregoncalifornia geological survey geologic quadrangle map scale 
mineral resource wilderness study area central far western oregon 
definition level mineral resource potential and certainty assessment level resource potential high mineral resource potential assign area geologic geochemical geophysical characteristic indicate geologic environment favorable resource occurrence interpretation data indicate high degree likelihood resource accumulation data support mineral deposit model indicate presence resource evidence indicate mineral concentration take place 
assignment high resource potential area require positive knowledge mineral forming process active least part area 
moderate mineral resource potential assign area geologic geochemical geophysical characteristic indicate geologic environment favorable resource occurrence interpretation data indicate reasonable likelihood resource accumulation application mineral deposit model indicate favorable ground specify type deposit 
low mineral resource potential assign area geologic geochemical geophysical characteristic define geologic environment existence resource permissive 
this broad category embrace area disperse insignificantly mineralize rock well area little indication mineralize 
mineral resource potential category reserve specific type resource well define area 
unknown mineral resource potential assign area information inadequate assign low moderate high level resource potential 
level certainty available information adequate determination level mineral resource potential 
available information suggest level mineral resource potential 
available information give good indication level mineral resource potential 
available information clearly define level mineral resource potential 
high potential 
high potential 
high potential 
moderate potential moderate potential unknown potential 
moderate potential 
low potential 
low potential 
low potential 
abstract minor modification 
level certainty 
taylor steven definition mineral resource potential economic geology 
taylor stoneman marsh assessment mineral resource potential san isabel national forest south central colorado geological survey bulletin 
goudarzi compiler guide preparation mineral survey report public land geological survey open file report 
c10 mineral resource wilderness study area central far western oregon 
resource reserve classification 
identified resource 
demonstrate measure indicated 
undiscovered resource probability range 
economic marginally economic subeconomic 
rese rf marginal reserve demonstrate subeconomic resource 
inferred reserve infer marginal reserve infer subeconomic resource 
major element mineral resource classification exclude reserve base infer reserve base 
modify mckelvey mineral resource estimate public policy american scientist bureau mine geological survey principle resource reserve classification mineral geological survey circular 
mineral resource soda mountain wilderness area jackson county oregon c11 
geologic time chart term boundary age use geological survey report 
eon phanerozoic proterozoic pre archean2 
era cenozoic 
neogene subperiod dltx 
triassic permian pennsylvanian carboniferous mississippian devonian silurian 
late proterozoic middle proterozoic early proterozoic late archean middle archean early archean 
epoch holocene pleistocene pliocene miocene oligocene eocene paleocene late early late middle early late middle early late early late middle early late early late middle early late middle early late middle early late middle early 
rock old also call precambrian time term without specific rank informal time term without specific rank 
age estimate boundary million year 
c12 mineral resource wilderness study area central far western oregon 
select series geological survey publication 
periodical earthquake volcano issue bimonthly 
preliminary determination epicenter issue monthly 
technical book report professional paper mainly comprehensive scientific report wide lasting interest importance professional scientist engineer 
include report result resource study topographic hydrologic geologic investigation 
they also include collection ofrelated paper address different aspect single scientific topic 
bulletin contain significant data interpretation last scientific interest generally limit scope geographic coverage professional paper 
they include result ofresource study ofgeologic topographic investigation well collection short paper relate specific topic 
water supply paper comprehensive report present significant interpretive result hydrologic investigation wide interest professional geologist hydrologists engineer 
the series cover investigation phase hydrology include hydrogeology availability water quality water use water 
circular present administrative information important scientific information wide popular interest format design distribution cost public 
information usually short term interest 
water resource investigation report paper interpretive nature make available public outside formal usgs publication series 
copy reproduce request unlike formal usgs publication also available public inspection depository indicate usgs catalog 
open file report include unpublished manuscript report map material make available public consultation depository 
they nonpermanent form publication may cite publication source information 
map geologic quadrangle map multicolor geologic map topographic base minute quadrangle format scale mainly show bedrock surficial engineering geology 
map generally include brief texts map include structure columnar section 
geophysical investigation map topographic planimetric base various scale show result survey use geophysical technique gravity magnetic seismic radioactivity reflect subsurface structure ofeconomic geologic significance 
many map include correlation geology 
miscellaneous investigation series map planimetric topographic base regular irregular area various scale present wide variety format subject matter 
the series also include minute quadrangle photogeologic map planimetric base show geology interpret aerial photograph 
series also include map mar moon 
coal investigation map geologic map topographic planimetric base various scale show bedrock surficial geology stratigraphy structural relation certain coal resource area 
oil gas investigation chart show stratigraphic information certain oil gas field area petroleum potential 
miscellaneous field study map multicolor black andwhite map topographic planimetric base quadrangle irregular area various scale 
pre map show bedrock geology relation specific mine mineral deposit problem post map primarily black white map various subject environmental study wilderness mineral investigation 
hydrologic investigation atlas multicolored black andwhite map topographic planimetric base present wide range ofgeohydrologic data ofboth regular irregular area principal scale regional study scale small 
catalog permanent catalog well other give comprehensive listing geological survey publication available condition indicate geological survey book open file report section federal center box denver 
see late price availability list publication geological survey may purchase mail counter paperback book form set microfiche 
publication geological survey may purchase mail counter paperback book form set microfiche 
publication geological survey may purchase mail counter paperback book form two volume publication list index set microfiche 
supplement subsequent year since last permanent catalog may purchase mail counter paperback book form 
state catalog list geological survey geologic water supply report map for state may purchase mail counter paperback booklet form 
price availability list geological survey publication issue annually available free charge paperback booklet form 
select copy ofa monthly catalog new publication geological survey available free charge mail may obtain counter paperback booklet form 
those wish free subscription monthly catalog new publication geological survey write geological survey national center reston 
note price government publication list old catalog announcement publication may incorrect 
therefore price charge may differ price catalogs announcement publication 
