united
states
department
interior
geological
survey
preliminary
report
geology
coal
beds
knife
river
area
north
dakota
ronald
law
report
report
edited
conformity
geological
survey
editorial
standards
stratigraphic
nomenclature
contents
page
previous
work
general
structure
general
strat
igrapny
references
illustrations
plates
pocket
figure
stratigraphic
location
coal
beds
knife
river
area
north
dakota
plate
generalized
measured
sections
location
map
correlation
diagrams
data
structure
contour
coal
isopach
maps
butte
bed
hazen
bed
bed
schoolhouse
bed
tables
table
average
analyses
samples
received
knife
river
area
major
minor
trace
element
composition
four
coal
samples
bed
mercer
county
north
dakota
preliminary
report
geology
coal
beds
knife
river
area
north
dakota
ronald
law
introduction
knife
river
study
area
covers
approximately
western
north
dakota
report
describes
structure
stratigraphy
sentinel
butte
member
lignite
bed
tongue
river
member
fort
union
formation
paleocene
subsurface
data
based
well
logs
correlation
diagrams
structure
contour
isopach
maps
lignite
beds
stratigraphic
locations
names
lignite
beds
shown
figure
previous
work
geologic
studies
made
lignite
beds
associated
strata
sentinel
butte
member
early
part
leonard
smith
later
surface
mapping
addition
drillers
reports
water
wells
modified
knowledge
concerning
lignite
beds
sentinel
butte
member
leonard
others
benson
brant
johnson
kunkel
carlson
modified
previous
correlations
lignite
beds
illustrate
name
applied
diffcrpnt
beds
royse
investigated
fort
union
formation
discussed
probable
depositional
environments
unpublished
geologic
mapping
along
little
missouri
river
geological
survey
personnel
figure
stratigraphic
location
coal
beds
knife
river
area
north
dakota
generalizedsection
report
coal
beds
hares
leonard
ben
son
others
johnson
kunkel
school
house
beulah
zap
school
house
schoolhouse
beulah
dunn
center
zap
hazen
butte
butte
beulah
spear
hazen
hazen
red
butte
berg
hazen
yeager
garrison
hagel
berg
creek
keuther
local
provided
additional
surface
data
information
four
potentially
strippable
lignite
deposits
written
rehbein
menge
provided
subsurface
surface
control
data
paul
weir
company
drilling
program
used
area
menge
written
provided
data
used
dunn
center
area
approximately
holes
drilled
logged
north
dakota
geological
survey
geological
survey
north
dakota
geological
survey
data
remaining
holes
local
state
federal
water
commissions
method
study
geophysical
lithologic
logs
almost
holes
provided
basic
data
study
majority
holes
logged
natural
density
logs
available
density
log
reversed
correlation
diagram
clearly
show
coal
beds
available
entire
suite
geophysical
logs
used
positive
correlations
necessary
lithologic
logs
used
supplement
geophysical
logs
facilitate
coal
correlations
sources
used
construct
correlation
diagrams
four
main
coal
beds
correlations
determined
structure
isopach
projected
outcrop
maps
prepared
conjunction
reliable
surface
maps
accuracy
projections
correlations
necessarily
dependent
spacing
drill
holes
areas
drill
holes
scattered
published
subsurface
reports
royse
carlson
used
determine
structure
coal
beds
general
structure
knife
river
area
eastern
flank
williston
structural
basin
lignite
beds
appear
mostly
flat
lying
except
area
southeast
town
dodge
beds
folded
form
syncline
general
stratigraphy
fort
union
formation
paleocene
unit
area
covered
report
sentinel
butte
member
conformably
overlies
tongue
river
member
contains
three
four
beds
described
report
fourth
bed
contact
sentinel
butte
tongue
river
members
considered
uppermost
depositional
unit
tongue
river
upper
paleocene
lower
eocene
golden
valley
formation
conformably
overlies
fort
union
forms
erosional
remnants
central
part
area
approximately
sentinel
butte
preserved
composed
mainly
nonmarine
sandstone
shale
lignite
beds
lignite
beds
generally
less
overburden
range
thickness
mercer
morton
napoleon
drifts
early
wisconsinan
glacial
stage
holocene
alluvium
cover
parts
study
area
carlson
coal
many
lignite
beds
may
occur
location
shown
geophysical
logs
report
describes
four
continuous
beds
ascending
stratigraphic
order
beds
butte
bed
tongue
river
member
schoolhouse
hazen
beds
sentinel
butte
member
butte
bed
name
butte
used
lignite
bed
similar
stratigraphic
position
bed
described
hares
royse
bullion
butte
area
available
data
extensive
enough
provide
positive
correlation
two
beds
showed
correlation
likely
butte
underlies
acres
within
area
study
considered
mark
contact
sentinel
butte
tongue
river
members
glenharold
mine
stanton
milton
young
power
plant
mine
near
center
butte
bed
mined
currently
locally
called
hagel
upper
lower
benches
across
missouri
river
underwood
area
bed
referred
underwood
average
analyses
samples
bed
given
table
hazen
bed
bed
butte
bed
crops
west
area
underlies
approximately
acres
table
average
analyses
samples
received
knife
river
area
analyses
percent
proximate
analyses
except
sulfur
rea
edj
dunn
center
center
butte
bed
fes
moisture
tfteilre
ash
tsiu
art
data
source
pollard
smith
knox
sondreal
kube
elder
paul
weir
company
ria
montana
bur
mines
geology
bed
bed
commercially
important
lignite
bed
within
study
area
owing
lateral
continuity
thickness
relatively
shallow
depth
hazen
bed
correlated
reliably
currently
mined
several
locations
beulah
area
main
reserve
bed
gasification
plant
planned
dunn
center
area
also
called
dunn
center
bed
leonard
others
bed
might
also
correlative
bullion
butte
lignite
royse
fryburg
bed
area
bed
underlies
percent
study
area
approximately
acres
average
analyses
samples
bed
shown
table
trace
element
composition
content
shown
table
bed
overlying
schoolhouse
bed
separated
bed
approximately
interburden
beds
currently
mined
knife
river
conl
company
south
beulah
mine
schoolhouse
bed
present
approximately
acres
area
table
major
minor
trace
element
composition
four
coal
samples
bed
mercer
county
north
dakota
reported
basis
laboratory
ash
values
percent
values
elements
parts
per
million
values
calculated
analysis
ash
values
direct
determinations
coal
remaining
analyses
calculated
spectrographic
determinations
ash
spectrographic
results
identified
geometric
brackets
boundaries
reported
arbitrarily
brackets
etc
precision
spectrographic
data
approximately
one
bracket
percent
two
brackets
percent
confidence
less
value
shown
detected
determined
applicable
element
sample
ash
cao
mgo
nazo
mno
aaci
ocdc
table
major
minor
trace
element
composition
four
coal
samples
bed
mercer
county
north
dakota
reported
basis
laboratory
ash
continued
element
scub
sample
bbbbbbbb
references
benson
geology
knife
river
area
north
dakota
geol
survey
brant
lignite
resources
north
dakota
geol
survey
circ
carlson
stratigraphic
position
lignite
beds
tertiary
rocks
mercer
oliver
counties
depositional
environments
strata
western
north
dakota
north
dakota
geol
survey
misc
ser
croft
ground
water
basic
data
mercer
oliver
counties
north
dakota
north
dakota
geol
survey
bull
hares
geology
lignite
marmarth
field
southwestern
north
dakota
geol
survey
bull
johnson
kunkel
square
buttes
coal
field
oliver
mercer
counties
north
dakota
geol
survey
bull
leonard
dove
lignite
deposits
north
dakota
north
dakota
geol
survey
bull
leonard
smith
sentinel
butte
lignite
field
north
dakota
montana
ceol
survey
bull
paul
weir
report
lignite
reserves
center
area
oliver
county
north
dakota
paul
weir
company
chicago
pollard
smith
knox
strippable
lignite
reserves
north
dakota
bur
mines
inf
circ
rehbein
preliminary
report
stratigraphy
depositional
environments
lignites
fort
union
formation
north
dakota
geol
survey
rept
royse
tongue
butte
contact
western
north
dakota
north
dakota
geol
survey
rept
inv
sedimentologic
analysis
tongue
butte
interval
paleocene
williston
basin
western
north
dakota
sedimentary
geology
sondreal
kube
elder
analysis
northern
great
plains
province
lignites
ash
study
variability
bur
mines
rept
inv
united
states
geological
survey
montana
bureau
mines
geology
preliminary
report
coal
drillhole
data
chemical
analyses
coal
beds
campbell
sheridan
counties
wyoming
custer
prairie
garfield
counties
montana
mercer
county
north
dakota
geol
survey
rept
united
states
geological
survey
north
dakota
geological
survey
preliminary
report
drilling
lignites
western
north
dakota
adams
bowman
dunn
hettinger
mclean
mercer
oliver
slope
williams
counties
geol
survey
kept
