united
states
department
interior
geological
survey
pitchblende
sunshine
mine
shoshone
county
idaho
john
adams
king
august
trace
elements
memorandum
report
consisting
pages
issued
see
distribution
report
follows
copies
aeg
washington
johnson
copies
aeg
new
york
merritt
copy
aeg
denver
towle
copy
aeg
spokane
thurlow
copy
aeg
grand
junction
golo
fetsser
copies
geological
survey
including
master
copy
contents
page
abstract
introduction
sumniary
geology
ore
deposits
location
history
general
geology
alteration
zones
ore
deposits
results
examination
specimens
general
description
pitchblende
occurrance
illustrations
page
figure
map
showing
location
sunshine
mine
shoshone
county
idaho
figure
specimen
ore
accompanying
autoradiograph
level
sunshine
mine
figure
thin
section
made
specimen
shown
figure
table
table
tabular
section
rocks
coeur
alene
area
pitchblende
occurrence
sunshine
mine
shoshone
county
idaho
john
adams
king
abstract
sunshine
mine
coeur
district
idaho
recent
years
outstanding
silver
producer
siderite
veins
sedimentary
rocks
belt
series
siderite
veins
productive
level
contain
tetrahedrite
pyrite
galena
sulfides
cobalt
minerals
found
oxidized
zone
ore
concentrations
adjacent
mines
believed
associated
closely
zones
alteration
wall
rock
sericitized
bleached
pitchblende
discovered
sunshine
mine
thurlow
atomic
energy
commission
occurrence
brought
attention
geological
survey
time
examination
specimens
level
shows
finely
divided
pitchblende
occurs
along
margins
siderite
veins
quartzite
appears
one
earliestformed
vein
minerals
introduction
sunshine
mine
shoshone
county
idaho
examined
briefly
king
geological
survey
october
specimens
containing
pitchblende
collected
present
report
includes
results
laboratory
examination
specimens
adams
geological
survey
general
summary
geology
ore
deposits
sunshine
mine
published
recently
writers
prepared
summary
available
published
material
summary
presented
descriptions
specimens
order
serve
background
material
summary
geology
ore
deposits
location
sunshine
mine
sunshine
mining
company
silver
belt
area
coeur
district
shoshone
county
idaho
fig
three
half
miles
west
osburn
east
side
valley
big
creek
mine
operated
years
small
producer
area
considered
favorable
large
ore
bodies
known
parts
coeur
however
rich
ore
found
level
mine
exploration
adjoining
properties
successful
sunshine
mine
produced
silver
mine
idaho
produced
mine
shenon
mcconnel
silver
belt
coeur
district
idaho
idaho
bureau
mines
geology
pamphlet
world
production
tons
ore
regional
news
idaho
min
vol
averaging
ounces
silver
percent
lead
unstated
amounts
copper
workings
sunshine
mine
consist
vertical
jewell
shaft
drifts
levels
mine
workings
totaled
feet
ores
annual
report
mining
industry
idaho
treated
concentrating
plant
located
mine
pitchblende
deposits
sunshine
mine
discovered
fall
thurlow
atomic
energy
commission
brought
attention
geological
survey
time
general
coeur
veins
strongly
folded
faulted
sedimentary
rocks
belt
series
principally
quartzites
argillites
impure
limestones
rocks
divided
six
formations
shown
table
igneous
rocks
sunshine
mine
area
dikes
diabase
lamprophyre
diabase
dikes
contain
ore
minerals
lamprophyre
dikes
appear
barren
mines
occur
along
faults
offset
veins
shenon
mcconnel
cit
major
structural
feature
area
big
creek
axis
fold
trends
roughly
east
many
important
veins
including
sunshine
veln
occur
faults
fractures
along
steeply
dipping
north
limb
alteration
zones
rocks
coeur
district
locally
altered
hydrothermally
along
zones
much
half
mile
width
alteration
affected
shennon
mcconnel
rocks
types
pronounced
argillites
consists
sericitization
general
loss
color
altered
bleached
rocks
appear
mark
zones
important
ore
deposits
occur
individual
veins
confined
sorenson
deep
discoveries
intensify
coeur
activities
eng
min
vol
zoneso
sunshine
vein
lies
partly
within
one
alteration
zone
extends
easterly
direction
several
miles
ore
deposits
ores
silver
belt
including
sunshine
mine
generally
veins
containing
pyrite
tetrahedrite
minor
arsenopyrite
sphalerite
hematite
chalcopyrite
boulangerite
bournonite
gersdorffite
niass
reported
polaris
ore
body
willard
max
mineralization
polaris
mine
idaho
icon
geology
vol
adjoining
sunshine
deposits
unidentified
cobalt
mineral
occurs
sparingly
polaris
sunshine
mines
coo
found
oxidized
zone
sunshine
mine
pitchblende
locally
associated
sulfides
shenon
mcconnel
cit
sunshine
mine
regional
notes
idaho
eng
min
vol
november
anderson
stated
siderite
earliest
vein
anderson
microscopic
features
ore
sunshine
mine
econ
geology
vol
deposit
siderite
quartz
continued
form
period
described
following
sulfide
sequence
pyrite
arsenopyrite
tetrahedrite
galena
anderson
find
silver
minerals
inclusions
tetrahedrite
concluded
silver
tetrahedrite
isomorphous
constituent
study
mineralization
polaris
mine
willard
willard
maxeo
cit
concluded
deposition
vein
minerals
continuous
early
veins
reopened
least
twice
first
fracturing
admitting
quartz
replaced
part
carbonates
important
ore
minerals
deposited
later
access
provided
fracturing
results
examination
specimens
general
thin
sections
one
polished
section
several
hand
specimens
ore
level
sunshine
mine
studied
common
sulfide
gangue
minerals
recognized
addition
specimens
contained
highly
radioactive
mineral
probably
pitchblende
study
specimens
general
inferences
may
drawn
regarding
occurrence
pitchblende
relationship
minerals
specimens
groundmass
reddishbrown
quartzite
thin
section
shows
abundant
sericite
quartzite
crossed
veins
containing
various
amounts
gangue
ore
minerals
siderite
abundant
constituent
veins
pyrite
tetrahedrite
common
accompanied
galena
chalcopyrite
sphalerite
pyrite
probably
earliest
sulfide
tetrahedrite
latest
sphalerite
chalcopyrite
galena
appear
formed
intermediate
period
galena
commonly
occurs
inclusions
tetrahedrite
pitchblende
occurs
edges
veinlets
probably
earliest
vein
mineral
pitchblende
occurrence
smooth
surfaces
hand
specimens
pitchblende
appears
black
band
millimeter
wide
separating
vein
quartzite
thin
section
fig
shows
contact
vein
quartzite
sharp
black
band
produced
concentration
small
irregular
opaque
particles
disseminated
quartzite
adjacent
contact
lesser
extent
vein
radioactivity
shown
autoradiographs
confined
opaque
particles
probably
pitchblende
siderite
appreciably
darker
near
contacts
thenu
pitchblende
found
concentrated
veins
association
siderite
sulfide
minerals
specimen
illustrated
figure
accompanying
autoradiograph
narrow
vein
fringed
pitchblende
wide
vein
pitchblende
distributed
irregularly
exposed
width
polished
section
studied
pitchblende
appears
brecciated
fragments
embedded
matrix
siderite
one
thin
section
pitchblende
structure
filled
siderite
modes
occurrence
suggest
pitchblende
earliest
vein
mineral
specimen
shown
figure
vein
siderite
tetrahedrite
cuts
quartzite
two
veins
vein
shows
appreciable
radioactivity
noted
autoradiograph
vein
contain
pyrite
probably
younger
veins
three
veins
specimen
displaced
along
small
faults
shown
one
vein
figure
table
generalized
tabular
section
rocks
coeur
area
modified
table
ransoms
geological
survey
prof
paper
formation
striped
peak
formation
wallace
formation
regis
formation
revett
quartzite
burke
formation
prichard
slate
description
approximate
thickness
siliceous
sandstones
generally
minimum
flaggy
shaly
top
removed
erosion
calcareous
shales
argillite
calcareous
sandstones
impure
limestones
underlain
siliceous
argiliites
feet
indurated
shales
flaggy
sandstones
feet
white
quartzite
feet
sandstones
feet
ites
mostly
argillite
interbedded
sandstone
base
exposed
feet
minimum
feet
interior
geological
survey
trace
elements
memorandum
report
sunshine
mine
shoshone
figure
map
showing
location
sunshine
mine
shoshone
county
idaho
sideritetetrahedrite
vein
hedrite
veins
pitchblende
quartzite
figure
sawed
specimen
ore
accompanying
autoradiograph
level
sunshine
mine
actual
size
radioactive
band
radioactive
band
quartz
pyrite
tetrahedrite
siderite
figure
portion
thin
section
made
specimen
shown
figure
veinlet
cutting
quartzite
radioactive
zone
along
edges
veinlet
