geological
survey
open
file
report
report
preliminary
edited
reviewed
conformity
survey
standards
nomenclature
uaaq
juodaa
pue
qoiaej
ajeutui
aiunoo
jdoj
suj
ssiijsdcud
eoisaqd
pue
abstract
undisturbed
cores
saprolite
developed
crystalline
rocks
piedmont
province
fairfax
county
virginia
obtained
using
combination
tubes
denison
sampler
modified
diamond
principal
purpose
core
study
correlate
variations
chemistry
mineralogy
texture
engineering
properties
throughout
weathering
profile
coring
sites
chosen
obtain
maximum
depth
weathering
diverse
lithologies
rocks
investigated
include
politic
schist
metagraywacke
granite
diabase
serpentinite
four
twelve
samples
per
core
selected
depending
thickness
weathering
profile
serpentinite
fnore
pel
tic
schist
megascopic
changes
saprolite
character
analysis
petrography
texture
element
chemistry
shear
strength
compressibility
determined
corresponding
segments
core
standard
penetration
tests
performed
adjacent
coring
sites
evaluate
engineering
properties
situ
geochemical
changes
saprolite
developed
rock
type
follow
predictable
trends
fresh
rock
soil
profile
relative
increases
variable
relative
loss
variations
rnore
pronounced
weathering
profiles
mafic
ultramafic
rocks
metagraywacke
clay
minerals
granite
schist
metagraywacke
saprolite
ara
kaoiinlte
dioctahedral
verniculite
interlayered
micawermfcu
minor
illite
gibbsite
locally
developed
samples
schist
standard
penetration
test
data
upoer
saprolite
schist
metagraywacke
suggest
alternations
stronger
weaker
horizons
probably
reflect
variations
lithology
including
presence
quartz
lenses
results
granite
saprolite
consistent
indicate
lower
strength
shear
strength
increases
fairly
regularly
downward
weathering
profile
engineering
behavior
diabase
saprolite
controlled
dense
plastic
clay
layer
montmor
kaolinite
overlying
rock
weathered
granular
state
grus
engineering
properties
serpentinite
determined
thin
weathering
profile
introduction
preliminary
report
study
progress
upland
regolith
material
fresh
bedrock
geomorphic
surface
piedmont
fairfax
county
particularly
saprolfte
major
component
regolith
saprolite
part
regolith
retains
structure
parent
rock
defined
originally
becker
southern
appalachians
thoroughly
decomposed
earthy
untransported
rock
terms
used
report
unstructured
residuum
weathered
rock
defined
figure
despite
ubiquitous
occurrence
piedmont
southeastern
states
little
known
basic
textural
chemical
mineralogical
engineering
properties
saprolite
studies
weathering
processes
produce
saprolite
numerous
although
several
weathering
studies
made
piedmont
plaster
sherwood
cleaves
cleaves
others
experience
engineering
properties
saprolite
summarized
sowers
deere
patton
comprehensive
attempt
made
knowledge
study
chemical
mineralogical
engineering
properties
study
part
broader
program
investigation
environmental
geology
fairfax
county
underway
since
hoped
information
presented
well
information
presented
reports
drake
froelich
useful
land
use
planning
construction
septic
system
design
landfill
siting
etc
regional
geology
geology
parts
fairfax
county
described
several
published
reports
johnson
seiders
others
recently
revised
drake
froelich
map
fairfax
county
emphasizes
rock
types
shown
fig
major
crystalline
rock
types
piedmont
fairfax
county
metasedimentary
compositions
varying
arenaceous
argillaceous
metamorphic
grades
range
chlorite
phyllites
sillimanite
schists
migmatite
next
abundance
granitic
rocks
predominantly
foliated
occoquan
adamellite
southern
part
county
seiders
others
several
granitic
intrusivcs
nay
related
occoquan
batholith
rocks
mafic
ultramafic
composition
form
broad
generally
northeast
trending
belt
west
southwest
tne
city
fairfax
narrower
north
trending
belts
serpentinite
common
northcentral
part
fairfax
county
broad
diabase
bodies
intrusive
triassic
sandstone
siltstone
culpeper
basin
western
part
county
unconsolidated
sediments
coastal
plain
province
underlie
eastern
third
county
discussed
crystalline
nocks
diabase
structurally
complex
metamorphism
subjected
isoclinal
folding
refolding
drake
froelich
steeply
dipping
multiple
foliation
joint
planes
characteristic
structural
features
rock
types
investigated
rocks
saprolite
cores
obtained
include
pelitic
schist
unit
fig
metagraywacke
western
schist
hopson
occoquan
adamellite
serpentinite
diabase
general
character
sampled
units
chief
metasedimentary
rocks
fairfax
county
two
rock
types
metagraywacke
pelitic
schist
degrees
compositional
textural
variation
two
scale
two
types
constitute
mappable
units
even
third
intermediate
unit
metasemipelite
shown
fig
locally
distinguished
saprolite
metasedimentary
rocks
tends
thick
depth
fresh
bedrock
core
holes
varied
mechanical
reasons
several
boreholes
continued
unweathered
rock
hence
even
deeper
saprolite
night
encountered
cores
recovered
horizons
tended
minimal
typicaliv
less
matches
observations
roadcuts
comnoniy
saprolite
occurred
within
first
tube
downward
drill
hole
hardness
variable
general
increasing
typically
abrupt
transition
weathered
rock
encountered
two
characteristic
drill
logs
pel
tic
schist
rnetagraywacke
summarized
figures
columns
entitled
structure
occoquan
adamellite
white
light
gray
granitic
rock
foliation
textures
varying
hypidiomorphic
crystalloblastic
depth
weathering
granite
much
ico
longer
two
cores
obtained
unstructured
saprolite
extends
surface
degree
weathering
diminishes
progressive
fashion
metasedimentary
rocks
see
figure
thin
weathering
profile
developed
rocks
naficultramafic
complex
see
figure
typically
profile
less
meter
deep
commonly
renoved
erosion
saprolite
sensu
stricto
virtually
lacking
instead
dense
soil
developed
containing
nearly
fresh
rock
fragments
increase
abundance
downwards
transition
virtually
fresh
saprolite
rather
abrupt
underlying
rock
mafic
gabbroic
instead
ultramafic
development
saprolite
may
somewhat
complete
close
association
mafic
ultramafic
rocks
complex
variation
confirmed
available
cores
saprolite
diabase
commonly
relatively
thin
although
locally
may
thick
consists
granular
pellets
qrus
qrading
downwards
ccrestones
weathered
diabase
core
obtained
grus
overlain
dense
clayey
soil
several
thick
see
figure
many
localities
dense
clay
exceeds
thickness
drill
sites
drill
locations
representative
rock
types
shown
fig
figs
additional
cores
units
analyzed
locations
results
included
report
sampling
sites
chosen
order
obtain
thickest
saprolite
profile
uplands
rock
types
site
continuous
core
surface
unweathered
bedrock
obtained
standard
penetration
test
performed
closely
adjacent
hole
depth
techniques
procedures
drilling
sampling
sampling
done
mobile
drill
sampling
initiated
surface
refusal
depth
means
shelby
tubes
metasedimentary
rocks
depth
ranged
occoquan
adamellite
diabase
serpentinite
several
sampling
methods
tried
effective
depth
shelby
tube
denison
sampler
capacity
high
percentage
core
recovery
unconsolidated
material
expected
constitute
primary
sampling
tool
firm
rock
practice
however
denison
proved
excessively
slow
although
yielding
almost
continuous
cores
denison
samples
disturbed
engineering
testing
attempt
made
use
normal
core
drilling
face
discharge
bit
instead
denison
problems
encountered
including
poor
sample
recovery
due
flushing
action
cooling
water
variation
method
using
air
instead
water
cooling
subsequently
proved
quite
satisfactory
sampling
boring
accomplished
combination
tube
diamond
core
drilling
cooling
effected
portable
air
compressor
cfm
capacity
air
compressor
coupled
water
pump
means
adapter
drilling
begun
psi
increased
approximately
psi
per
depth
maximum
psi
sawtooth
bit
used
penetration
less
per
minute
diamond
bit
substituted
conibination
techniques
found
satisfactory
terns
efficiency
rate
core
analy
leal
samples
cores
split
processed
according
following
flow
chart
sample
petrography
impregnate
samples
prepare
polished
uncovered
thin
sections
petrographic
study
analysis
unrecognized
phases
plucked
section
texture
disaggregate
sample
hydrometer
analysis
clay
mineralogy
pipette
sample
form
fraction
diffraction
untreated
glycolated
heated
ides
chemical
analyses
rapid
rock
analysis
major
elements
tat
ive
spectroqraphic
analysis
elements
determination
spectroscopy
engineering
properties
density
uniaxial
shear
triaxial
shear
analytical
results
figures
summarize
analytical
results
cores
representative
major
crystalline
rock
types
fairfax
county
geochemtcal
changes
rock
type
follow
predictable
trends
fresh
rock
soil
profile
relative
increases
variable
relative
loss
variations
pronounced
weathering
profiles
mafic
ultramafic
rocks
least
metagraywacke
clay
minerals
granite
schist
metagraywacke
saprolite
kaolinite
dioctahedral
vermiculite
interlayered
minor
illite
gibbsite
locally
developed
samples
schist
engineering
tests
summarized
columns
headed
blow
counts
unified
system
classification
shear
strength
figures
serve
explanatory
keys
mechanical
tests
figure
summarizes
criteria
distinguishing
regolith
zones
illustrated
figs
also
suggests
tests
evaluation
engineering
behavior
standard
penetration
test
data
listed
figures
heading
blow
counts
upper
saprolite
schist
metagraywacke
suggest
alternations
stronger
weaker
horizons
probably
reflect
variable
lithology
including
quartz
lenses
results
granite
saprolite
consistent
indicate
lower
strength
shear
strength
increases
fairly
regularly
downward
weathering
profile
engineering
behavior
diabase
saprolite
controlled
dense
plastic
clay
layer
montmor
kaolinite
overlying
weathered
rock
engineering
properties
serpentinite
determined
thin
weathering
profile
following
general
observations
engineering
properties
saprolite
engineering
properties
vary
singly
function
depth
metasedimentary
units
heterogeneous
composition
parent
rock
arenaceous
argillaceous
greatly
influences
final
weathered
products
mechanical
properties
weathered
products
strength
compressibility
highly
variable
vertically
laterally
given
blpw
count
shear
strength
granite
greater
micaceous
units
metapelite
metagraywacke
joints
saprolite
frequently
control
laboratory
measured
triaxial
uniaxial
shear
strength
saprolite
shear
surfaces
often
developed
joint
fillings
granitic
rocks
thin
continuous
seams
residuum
often
traverse
saprolite
samples
seams
zones
weakness
saprolite
highly
micaceous
rocks
metapelite
low
density
high
mica
content
suggested
workers
sowers
deere
patton
saprolite
nature
may
susceptible
continuous
deformation
settling
existence
highly
micaceous
chloritic
foliation
shears
may
major
importance
local
strength
saprolite
rock
foundation
material
present
shear
zones
may
much
significance
engineering
behavior
site
general
regolith
characteristics
contacts
rock
units
greatly
different
tecture
pelitic
contact
commonly
exhibit
shear
zones
thick
pelitic
rocks
also
cormonly
exhibit
shear
zones
summary
report
represents
initial
attempt
correlate
mineralogical
chemical
variations
engineering
properties
piedmont
regolith
along
weathering
profile
fig
summarizes
observations
context
classification
scheme
regolfth
present
report
preliminary
superseded
fuller
version
containing
basic
data
meanwhile
results
reported
may
provide
impetus
research
different
parts
piedmont
bibliography
becker
reconnaissance
gold
fields
southern
appalachias
geol
survey
ann
rept
cleaves
piedmont
coastal
plain
geology
along
susquehanna
aqueduct
baltimore
aberdeen
maryland
maryland
geol
survey
rept
investigations
chemical
weathering
landforms
portion
baltimore
county
maryland
phd
dissert
baltimore
maryland
johns
hopkins
cleaves
godfrey
bricker
balance
small
watershed
geomorphic
implications
soc
america
bull
cleaves
fisher
bricker
chemica
serpentinite
eastern
piedmont
maryland
geol
soc
america
bull
deere
patton
slope
stability
residual
bolhfourth
panamer
ican
conference
soil
mechanics
foundation
engineering
drake
froelich
bedrock
map
fairfax
county
virginia
geol
survey
report
hopson
crystalline
rocks
howard
montgomery
counties
geology
howard
montgomery
counties
maryland
survey
johnson
geology
resources
nqton
vicinity
geol
survey
paper
plaster
sherwood
bedrock
weathering
residual
soil
formation
central
virginia
geol
see
america
bull
seiders
age
plutonism
tectonism
new
minimum
age
limit
glenarn
series
northeast
virginia
piedmont
near
occcquan
jour
sci
sowers
soil
problems
southern
piedmont
region
proceedings
asce
separate
engineering
properties
residual
soils
derived
igneous
metamorphic
rocks
second
panamerican
conference
mechanics
foundations
engineering
brazil
lustrations
figure
fairfax
county
geologic
map
showing
coring
site
locations
meta
pelite
analytical
log
metagraywacke
analytical
log
occoquan
adanelllte
analytical
log
serpentinite
analytical
log
diabase
analytical
log
unified
classification
system
materials
plasticity
laboratory
identification
engineering
behavior
compacted
materials
related
unified
system
classification
relation
allowable
foundation
pressure
standard
penetration
resistance
blow
count
residuun
page
descriptive
classification
regolith
overlying
crystalline
rocks
geologic
engineering
properties
special
reference
rock
types
piedmont
chemistry
ouooi
metapelite
structure
mineralogy
blow
counts
iitt
ilsi
unified
system
shear
strength
classification
vnuuuuatt
chemistry
metagraywacke
structure
density
bti
mineralogy
blow
counts
unified
system
classification
shear
strengt
log
lou
chemistry
granite
structure
density
djinjf
mineralogy
blow
counts
unified
system
classification
shear
strenc
kmuniti
serpentinite
chemistry
ott
oil
structure
density
mineralogy
blow
counts
unified
system
classification
diabase
chemistry
structure
density
itf
mineralogy
blow
counts
moo
ioo
unified
classifo
mlicl
shear
strength
unified
classification
system
sands
materials
major
divisions
united
class
system
typical
names
field
identification
procedures
scco
sands
gravelly
sands
little
fines
poorly
graded
sands
gravelly
sand
little
fines
sfwianitedhs
apreciable
ofaimnoeufnst
silty
sands
mixtures
clayey
sands
mixtures
wide
range
gra
size
substantial
amounts
intermediate
particle
sizes
predominantly
one
size
range
sizes
intermediate
sizes
missing
nonplastic
fines
fines
low
plasticity
plastic
fines
identification
procedures
fraction
smaller
sieve
size
dry
strength
crushing
characteristics
dilatancy
reaction
shaking
toughness
consistency
near
inorganic
silts
fine
sands
silty
clayey
fine
sands
clayey
silts
slight
plasticity
none
slight
quick
slow
inorganic
clays
low
medium
plasticity
gravelly
clays
sandy
clays
clays
med
urn
nigh
lean
clays
none
slow
none
medium
inorganic
silts
micaceous
fine
sandy
silty
soils
elastic
silts
silent
slow
none
sdgnt
med
urn
inorganic
clays
clays
higr
none
plasticity
chart
laboratory
identification
soils
liquid
limit
engineering
behavior
compacted
materials
related
unified
system
classification
typical
names
soil
groups
important
engineering
properties
unified
system
class
permeability
compacted
shear
compressibility
strength
whln
compacted
compacted
satuhatl
saturated
workability
construction
material
structural
performance
compacted
roadway
fill
frost
heavl
possible
important
characteristics
compacted
sands
gravelly
sands
little
fines
pervious
excellent
negligible
excellent
excellent
sands
gravelly
sands
little
fines
silty
sands
poorlygraded
mixtures
clayey
sands
poorlygraded
mixtures
inorganic
silts
fine
sands
rock
flour
silty
clayey
fine
sands
slight
plasticity
inorganic
clays
low
medium
plasticity
gravelly
clays
sandy
clays
silty
clays
lean
clays
iniorganlc
silts
micaceous
fine
sandy
silty
soils
llastic
silts
inorganic
clays
high
asticity
fat
clavs
pervious
semipervious
impervious
impervious
semipervious
impervious
impervious
semipervious
impervious
impervious
good
good
good
fair
fair
fair
fair
poor
poor
low
low
low
medium
medium
high
high
fair
fair
good
fair
good
fair
poor
poor
good
fair
fair
good
highly
erosive
poor
highly
erosive
fair
poor
poor
hluh
chancif
relation
allowable
foundation
pressure
standard
penetration
resistance
blow
count
residuum
piedmont
rocks
column
loads
ibs
band
width
represents
range
allowable
pressures
used
different
designers
fairfax
county
area
standard
penetration
resistance
blow
count
