department
interior
geological
survey
geologic
map
elsinore
quadrangle
riverside
county
california
weber
geological
survey
report
prepared
cooperation
state
california
division
mines
geology
report
preliminary
reviewed
conformity
geological
survey
editorial
standards
north
american
stratigraphic
code
use
trade
product
firm
names
descriptive
purposes
imply
endorsement
government
riverside
california
state
california
division
mines
geology
los
angeles
california
correlation
map
units
qoa
qof
holocene
quaternary
pleistocene
cenozoic
cene
kgdg
kgd
uvsdlvsjl
uussvv
creta
ceous
mesozoic
description
map
units
artificial
fill
holocene
includes
engineered
artificial
fill
north
margin
lake
elsinore
railroad
canyon
reservoir
dumps
tailings
mining
related
activities
good
hope
mine
northeast
part
quadrangle
clay
mining
west
walker
canyon
west
edge
quadrangle
alluvium
recently
active
stream
channels
washes
holocene
unconsolidated
deposits
sand
bouldery
alluvium
active
stream
channels
washes
alluvium
recently
subject
active
stream
flow
contains
terrace
deposits
along
alluviated
canyon
floor
areas
underlain
colluvium
along
base
slopes
modern
alluvial
fan
deposits
holocene
unconsolidated
deposits
coarsegrained
sand
bouldery
alluvium
modern
alluvial
fans
undissected
surfaces
deposits
intermittently
subject
inundation
reworking
stream
flows
lacustrine
deposits
laguna
holocene
unconsolidated
lacustrine
deposits
sand
silt
underlying
floor
laguna
surrounding
lake
elsinore
deposits
generally
coarser
grained
around
margins
deposits
axial
parts
deposits
intermittently
subject
inundation
qya
younger
alluvium
holocene
unconsolidated
grayish
brownish
sandy
alluvium
west
side
warm
springs
valley
marginal
parts
laguna
alluvium
intermediate
age
holocene
pleistocene
unconsolidated
well
indurated
brownish
sandy
alluvium
gradational
intermediate
age
qya
qoa
locally
includes
areas
underlain
qya
qoa
intermediate
age
alluvial
fan
deposits
pleistocene
unconsolidated
consolidated
deposits
sand
bouldery
alluvium
intermediate
age
alluvial
fans
surfaces
older
alluvium
pleistocene
mostly
dissected
brownish
sandy
alluvium
alluvium
older
alluvial
fans
pleistocene
mostly
thoroughly
dissected
older
alluvial
fan
deposits
commonly
topographically
adjacent
qoa
deposits
consists
well
indurated
brownish
sandy
conglomeratic
alluvial
fan
deposits
adjacent
flanks
basement
hills
pauba
formation
pleistocene
granitic
boulder
conglomerate
matrix
clasts
sand
exposed
rome
hill
adjacent
small
hill
northwest
southwest
edge
laguna
conglomeratic
sediments
pleistocene
patches
granite
conglomerate
medium
sand
matrix
exposed
north
laguna
west
warm
springs
valley
may
equivalent
pauba
formation
conglomeratic
sediments
pleistocene
patches
conglomerate
gravel
matrix
adjacent
railroad
canyon
reservoir
clasts
granitic
composition
overlain
older
alluvium
near
east
margin
quadrangle
conglomeratic
sediments
pleistocene
patches
conglomerate
gravel
matrix
located
elevation
feet
west
northwest
railroad
canyon
reservoir
cobble
boulder
clasts
granitic
rocks
widespread
cobbles
exotic
red
rhyolitic
volcanic
clasts
conglomerate
tertiary
isolated
patch
cobble
conglomerate
ridge
top
elevation
feet
east
laguna
conglomerate
composed
mainly
reddish
rhyolitic
volcanic
clasts
uncommon
quartzite
clasts
red
rhyolitic
clasts
exotic
area
appear
clasts
reported
sespe
poway
eocene
formations
elsewhere
southern
california
silverado
formation
paleocene
sandstone
conglomerate
siltstone
shale
west
warm
springs
valley
lower
part
silverdo
formation
contains
micaceous
sandstone
lignite
clay
rocks
paloma
valley
ring
complex
cretaceous
granodiorite
granite
light
gray
medium
grained
granite
granodiorite
rock
biotite
granite
less
common
granodiorite
plagioclase
occurs
subhedral
tabular
crystals
quartz
largely
microcline
occur
anhedral
masses
subhedral
irregular
sheaves
biotite
ragged
hornblende
crystals
make
less
percent
rock
biotite
much
abundant
hornblende
common
masses
hornblende
gabbro
included
granodiorite
granite
granodiorite
arroyo
del
toro
pluton
cretaceous
light
gray
dium
grained
massive
homogeneous
inclusion
free
granodiorite
weathers
produce
abundant
large
boulders
tonalitic
rock
gavilan
pluton
cretaceous
heterogeneous
tonalitic
rock
mostly
massive
dark
gray
medium
grained
tonalite
locally
common
abundant
mesocratic
melanocratic
inclusions
particularly
tonalite
occurs
north
warm
springs
valley
east
mouth
arroyo
del
toro
locally
includes
rocks
western
exposures
gavilan
pluton
west
mouth
arroyo
del
toro
fine
grained
hypabyssal
texture
kfgb
fine
grained
gabbro
cretaceous
series
dikes
small
bodies
finegrained
gabbro
cutting
quartz
rich
metasediments
north
railroad
canyon
reservoir
mixed
granitic
rocks
included
metamorphic
rocks
cretaceous
older
mesozoic
granitic
rocks
variable
amounts
included
metasedimentary
rocks
areas
granitic
rock
present
much
larger
amounts
included
metasedimentary
rock
granitic
rock
granodiorite
lesser
amounts
granite
tonalite
diorite
metasedimentary
rock
phyllite
gabbro
cretaceous
hornblende
gabbro
consisting
plagioclase
hornblende
accessory
epidote
sphene
chlorite
opaque
minerals
rock
minor
quartz
metamorphic
rocks
menifee
valley
mesozoic
phyllite
mostly
phyllite
lesser
amounts
metaquartz
sandstone
metasediments
locally
rock
slatey
extremely
fined
grained
white
mica
commonly
megascopically
visible
imparting
lustrous
sheen
phyllite
locally
contains
rare
small
chiastolite
crystals
aggregates
white
mica
pseudomorph
chiastolite
bedding
transposed
locally
preserved
sandy
parts
unit
widespread
occurrences
discontinuous
layers
rhodonite
bearing
siliceous
rock
much
rhodonite
altered
manganese
oxides
locally
includes
within
phyllite
sparse
layers
pods
marble
tremolite
bearing
marble
rock
quartzite
mostly
metaquartz
sandstone
smaller
amounts
metasediments
metagrawacke
phyllite
metaquartz
sandstone
impure
white
massive
indistinctly
layered
metasediments
mostly
metasandstones
common
impure
quartzite
phyllite
flaggy
layering
common
metaquartzite
metamorphic
rocks
gavilan
arroyo
del
toro
plutons
mesozoic
metavolcanic
rocks
quartz
latite
dacite
andesite
metavclcanic
rocks
volcanic
breccia
common
constituent
western
part
quadrangle
black
porphyritic
latitedacite
predominates
undivided
volcanic
metasedimentary
rocks
mixed
silicic
volcanic
rocks
silicic
metasedimentary
rocks
includes
volcanic
breccia
metasedimentary
breccia
conglomerate
locally
includes
rocks
predominatly
well
layered
dark
siliceous
metasediment
undivided
metasedimentary
volcanic
rocks
heterogeneous
sequence
mostly
metasedimentary
rocks
scattered
layers
blackish
silicic
rhyolitic
volcanic
rock
metasediments
metamudstone
mostly
hackle
fracturing
fine
grained
metasandstone
contain
relic
crossbedding
quartzite
metasediments
mostly
impure
white
tannish
massive
indistinctly
layered
fine
medium
grained
quartzite
lesser
amounts
quartz
rich
metasediments
quartzite
massive
flaggy
layering
common
gives
rise
rubblely
slopes
covered
angular
fragments
quartzite
contact
solid
accurately
located
long
dashed
well
located
short
dashed
approximately
located
dotted
gradational
fault
solid
accurately
located
long
dashed
well
located
short
dashed
approximately
located
dotted
concealed
arrows
indicate
sense
relative
movement
strike
dip
beds
horizontal
inclined
strike
dip
foliation
inclined
vertical
geologic
summary
elsinore
quadrangle
spans
western
part
perris
block
includes
length
elsinore
fault
zone
southwest
includes
small
part
santa
ana
structural
block
part
northern
peninsular
ranges
southern
california
perris
block
stable
structural
block
bounded
west
elsinore
fault
zone
east
san
jacinto
fault
zone
underlain
rocks
peninsular
ranges
batholith
cretaceous
age
prebatholithic
metasedimentary
metavolcanic
rocks
probable
mesozoic
age
todd
others
elsinore
fault
zone
consists
series
echelon
fault
strands
laguna
surface
expression
closed
depression
formed
basin
major
wildomar
willard
faults
west
side
laguna
glen
ivy
north
fault
east
lake
elsinore
historically
ephemeral
lake
terminous
san
jacinto
river
drainage
fills
topographic
lower
part
laguna
depression
rome
hill
south
edge
laguna
small
pressure
ridge
located
left
step
within
wildomar
fault
zone
metasedimentary
rocks
occur
pendants
septa
within
plutons
metasedimentary
rock
predominatly
greenschist
subgreenschist
grade
rocks
penetratively
deformed
bedding
transposed
well
developed
foliation
quartzites
relic
bedding
occurs
isolated
occurrences
especially
metasandstone
lenses
within
phyllite
structural
transposition
results
near
orthogonal
relationship
foliation
lithologic
contact
phyllite
quartzite
east
warm
springs
valley
phyllitic
rocks
abundant
quadrangle
constituting
structural
section
thick
interlayered
quartzite
lenses
siliceous
layers
widespread
phyllite
lenses
consist
quartz
rhodonite
partly
altered
manganese
oxides
propected
marble
occurs
rare
discontinuous
lenses
intercalated
within
phyllite
metavolcanic
rocks
occur
arroyo
del
toro
pluton
gavilan
pluton
northwest
part
quadrangle
volcanic
rock
quartz
latite
dacite
rhyolite
abundant
type
black
aphanitic
fine
grained
porphyritic
quartz
latitic
rock
temescal
wash
quartz
latite
larsen
east
quartz
latite
series
intermingled
silicic
volcanic
rocks
metasedments
batholithic
rocks
range
composition
gabbro
granite
hypersthenebearing
tonalitic
rocks
gavilan
pluton
occur
northern
part
quadrangle
forms
southern
part
discontinuous
plutonic
ring
complex
much
tonalite
variable
composition
reflected
color
ranging
light
dark
gray
hypabyssal
rock
predominates
western
extent
pluton
northwest
warm
springs
valley
typical
hypidiomorphic
textures
occur
northeast
mineralized
rock
engel
others
appears
spatially
related
outcrop
distribution
gavilan
pluton
located
along
northern
edge
quadrangle
south
half
arroyo
del
toro
pluton
pluton
consists
uniform
light
gray
massive
medium
grained
granodiorite
rock
pluton
devoid
inclusions
parts
pluton
quarried
building
stone
southeast
corner
quadrangle
northwest
part
paloma
valley
ring
complex
morton
baird
ring
complex
consists
ring
structure
consisting
granite
granodiorite
emplaced
within
hornblende
gabbro
contains
large
amounts
stoped
gabbro
fragments
ring
structure
interpreted
magmatically
emplaced
elliptical
zone
ring
fracturing
gabbro
sedimentary
rocks
paleocene
silverado
formation
located
terra
cotta
area
north
laguna
silverado
formation
consists
series
sandstone
conglomerate
siltstone
shale
lower
part
formation
micaeous
sandstone
lignite
clay
parts
formation
mined
clay
used
production
heavy
clay
products
patches
cobble
boulder
conglomerate
occur
elevations
feet
vicinity
railroad
resevoir
conglomerate
consist
granitic
rocks
apparently
derived
perris
block
patches
another
conglomerate
occur
west
north
railroad
reservoir
evlevations
opf
feet
also
granitic
clast
cobble
boulder
conglomerate
contains
cobbles
exotic
red
rhylolite
quartzite
menifee
paloma
valleys
floored
holocene
pleistocene
alluvium
elevation
feet
interconnected
valley
floor
surface
termed
paloma
surface
woodford
others
references
cited
engel
rene
geology
lake
elsinore
quadrangle
california
state
nia
division
mines
bulletin
larsen
batholith
associated
rocks
corona
elsinore
san
luis
rey
quadrangles
southern
california
geological
society
america
memoir
morton
baird
petrology
paloma
valley
ring
complex
southern
california
batholith
jour
research
geological
survey
todd
erskine
morton
metamorphic
tectonic
evolution
northern
peninsular
ranges
batholith
southern
california
ernst
metamorphism
crustal
evolution
western
united
states
rubey
volume
vii
englewood
cliffsm
new
jersey
