recognition
criteria
igneous
metamorphic
rocks
aerial
photographs
chichagof
kruzof
islands
southeastern
alaska
pomeroy
procedures
studies
photogeology
geological
survey
bulletin
aid
identification
major
rock
types
complex
geologic
terrane
united
states
government
printing
office
washington
united
states
department
interior
stewart
udall
secretary
geological
survey
thomas
nolan
director
sale
superintendent
documents
government
printing
office
washington
contents
introduction
geologic
recognition
elements
chichagof
recognition
criteria
metamorphic
rocks
aerial
photographs
recognition
criteria
intrusive
rocks
aerial
photographs
kruzof
summary
geology
rock
types
aerial
summary
identifying
data
selected
page
illustrations
page
figure
index
map
showing
area
tonal
differences
drainage
characteristics
metamorphicigneous
terrane
rust
mountain
area
chichagof
island
structural
features
drainage
characteristics
terrane
north
head
hoonah
sound
chichagof
drainage
characteristics
deep
strait
area
chichagof
tonal
differences
structural
features
terrane
north
hoonah
sound
chichagof
vegetation
structural
features
terrane
northeast
head
hoonah
sound
chichagof
drainage
characteristics
structural
features
igneousmetamorphic
terrane
near
rust
mountain
chichagof
vegetation
structural
features
terrane
point
bay
area
kruzof
drainage
characteristics
igneous
terrane
northeast
emmons
island
chichagof
island
structural
features
northeast
emmons
island
chichagof
metamorphic
terrane
southern
chichagof
island
contents
figure
tonal
differences
terrane
along
coast
northwestern
chichagof
island
tonal
differences
structural
features
terrane
along
eastern
kruzof
topographic
expression
volcanic
landscape
southern
page
table
page
table
summary
recognition
criteria
igneous
metamorphic
rocks
aerial
photographs
chichagof
kruzof
islands
procedures
studies
photogeology
recognition
criteria
igneous
metamorphic
rocks
aerial
photographs
chighagof
kruzof
islands
southeastern
alaska
pomeroy
abstract
various
aerial
photographic
recognition
elements
photographic
tone
vegetation
drainage
characteristics
structural
features
topographic
expression
assist
semidetailed
reconnaissance
field
mapping
complex
area
regionally
thermally
metamorphosed
rocks
intruded
several
types
igneous
rocks
combinations
recognition
elements
effective
distinguishing
igneous
metamorphic
rocks
chichagof
kruzof
islands
drainage
character
one
reliable
criteria
introduction
field
investigations
involving
regional
reconnaissance
mapping
conducted
chichagof
baranof
kruzof
islands
summer
loney
others
field
season
author
observed
usefulness
vertical
aerial
photographs
studying
complex
little
previously
written
photointerpretive
aspects
specific
purpose
paper
summarize
photointerpretive
features
igneous
metamorphic
terrane
chichagof
kruzof
islands
fig
areas
chichagof
island
mapped
workers
rossman
lathram
others
loney
others
reed
coats
discussed
procedures
studies
photogeology
figdre
index
map
showing
area
discussed
recognition
criteria
rocks
aerial
photographs
geologic
sketch
rocks
ranging
age
silurian
devonian
quaternary
crop
chichagof
kruzof
islands
plutonic
rocks
abundant
constitute
percent
area
discussed
layered
rocks
older
intrusive
bodies
although
metamorphosed
slightly
show
effects
either
contact
regional
dynamic
metamorphism
many
places
rock
type
result
one
form
metamorphism
area
complicated
structurally
faulting
folding
layered
rock
units
isoclinally
folded
pleistocene
epoch
ice
sheet
north
northeast
covered
highest
elevations
chichagof
kruzof
islands
aerial
photographs
indicate
ice
cover
reached
elevation
feet
large
part
chichagof
island
much
less
feet
kruzof
island
glaciers
longer
exist
area
ubiquitous
cirques
valleys
evidence
glaciation
occurred
geography
area
topographically
representative
southeastern
alaska
mountains
rise
directly
major
inland
waterways
low
regions
alluvial
valleys
best
developed
heads
bays
peaks
rise
elevations
slightly
less
feet
annual
rainfall
inches
major
climatic
feature
winter
climate
usually
moderate
along
shoreline
although
large
amount
snow
falls
higher
country
summers
usually
moist
cool
daily
temperature
summer
seldom
exceeds
hemlock
spruce
dominant
tree
growth
brush
usually
alder
devilsclub
berry
bushes
thick
impenetrable
places
low
areas
elevation
timberline
varies
usually
feet
recognition
elements
studying
aerial
photographs
igneous
metamorphic
terrane
different
recognition
elements
photograph
tone
vegetation
topographic
expression
drainage
erosional
characteristics
well
structural
features
rocks
foliation
jointing
used
recognition
elements
valuable
others
although
particular
recognition
element
effective
procedures
studies
photogeology
criteria
used
complete
interpretation
prevented
many
areas
insufficient
number
criteria
chichagof
island
summary
geology
central
eastern
parts
chichagof
island
dominated
several
plutonic
bodies
composed
principally
granodiorite
tonalite
diorite
gabbro
also
containing
small
amounts
syenite
monzonite
adamellite
trondhjemite
norite
loney
others
plutonic
bodies
intruded
metamorphosed
many
paleozoic
mesozoic
rocks
large
areas
mixed
migmatitic
rocks
lie
adjacent
several
plutonic
bodies
intrusive
rocks
probably
age
coast
eange
batholith
cretaceous
may
older
roof
pendants
consist
principally
intensely
folded
hornfels
marble
amphibolite
schist
belt
graywacke
argillite
conglomerate
limestone
marble
crops
along
northeast
edge
area
west
thick
section
nonplutonic
rocks
mapped
several
distinct
units
range
age
frojn
permian
triassic
early
cretaceous
units
nearly
monolithologic
consist
greenstone
marble
greenschist
phyllite
graywacke
marble
one
major
metamorphic
rock
types
region
marble
lighter
tone
photographs
metamorphic
rock
distinguished
rock
types
wherever
fairly
homogeneous
fig
marble
also
generally
lighter
tone
intrusive
rock
depending
scale
photographs
magnification
lens
stereoscope
karst
features
may
observed
places
massive
nonfoliated
marble
occurs
distinguished
metamorphic
rocks
usually
conspicuous
foliation
traces
also
joints
appear
less
developed
marble
greenschist
phyllite
hornfels
marble
usually
supports
stand
forest
denser
characteristic
intrusive
terranes
eastern
chichagof
island
wide
belt
nearly
homogeneous
marble
crops
along
chatham
strait
thick
stand
forest
obscures
area
shoreline
ridge
crests
timberline
marble
exposed
elsewhere
southeastern
alaska
marble
supports
denser
stand
evergreen
forest
metamorphic
recognition
criteria
rocks
aerial
photographs
figure
tonal
differences
drainage
terrane
rust
mountain
area
chichagof
island
marble
easily
differentiated
adjacent
metamorphic
rocks
extensive
gullying
diagnostic
terrane
underlain
plutonic
rock
greenstone
intruded
granodlorite
crops
along
mountain
flank
along
ridge
thin
veneer
greenstone
masks
granodiorite
places
note
drainage
greenstone
probable
fault
scarp
procedures
studies
photogeology
intrusive
rocks
condon
ray
eastern
part
island
small
number
rills
along
ridge
slopes
indicates
low
density
marble
much
greater
subterranean
drainage
solution
channels
mafic
igneous
rocks
metamorphic
derivatives
politic
sedimentary
rocks
phyllite
usually
high
drainage
density
fig
drainage
density
coarser
grained
derivatives
gneisses
quartzofeldspathic
schists
amphibolites
often
much
less
fig
discussing
gully
characteristics
associated
erosion
different
materials
lueder
writes
one
type
gully
develops
small
grained
cohesive
materials
low
porosity
gullies
long
wide
channels
moderate
large
number
branches
fairly
uniform
gradient
type
gully
typical
many
metamorphic
rocks
practically
observed
drainage
metamorphic
igneous
terranes
imposed
upon
thin
regolith
research
workers
purdue
university
found
gully
characteristics
major
soil
textural
groups
become
nondistinctive
also
combinations
found
soil
strong
profile
conversely
thin
soil
mantle
would
definite
gully
characteristics
photographs
metamorphic
rocks
show
conspicuous
foliation
also
equally
well
developed
joint
system
figs
checkerboard
grid
patterns
usually
indicate
area
metamorphic
rocks
gneisses
quartzofeldspathic
schists
however
characteristics
region
metamorphic
rocks
average
area
divided
photographs
owing
complexity
rocks
field
mapping
particular
lithology
even
semidetailed
scale
often
practically
impossible
areas
particularly
metamorphic
unit
tends
thin
short
lateral
extent
southwestern
chichagof
island
units
nearly
monolithologic
criteria
available
distinguish
metamorphic
rocks
marble
one
exception
massive
greenstone
foliation
commonly
obscure
nonexistent
photographs
figs
field
conversely
adjacent
bodies
greenschist
phyllite
pronounced
foliation
places
phyllite
reproduces
lighter
photographic
tone
greenschist
distinction
probably
due
abundant
siliceous
laminae
associated
particular
phyllite
unit
recognition
criteria
rocks
aerial
photographs
procedures
studies
photogeology
recognition
criteria
rocks
aerial
photographs
figure
tonal
differences
structural
characteristics
terrane
north
head
hoonah
sound
chichagof
island
gabbro
marble
interbedded
hornfels
schist
amphibolite
minor
marble
foliation
joints
although
tone
marble
exposures
lighter
gabbro
tone
vegetation
darker
marble
usually
shows
less
joints
metamorphic
rocks
note
checkerboard
grid
pattern
procedures
studies
photogeology
figuke
vegetation
structural
features
terrane
northeast
head
hoonah
sound
chichagof
island
gabbroic
terrane
comparatively
sparsely
wooded
even
elevations
low
feet
higher
country
underlain
mostly
hornfels
represents
joints
strike
foliation
metamorphic
rocks
recognition
criteria
rocks
aerial
photographs
ficdkk
drainage
characteristics
structural
features
terrane
near
rust
mountain
chichagof
island
deeply
system
developed
granodiorite
metamorphic
area
underlain
massive
greenstone
note
absence
foliation
traces
greenstone
thick
unmetamorphosed
graywacke
unit
borders
metamorphic
rocks
west
photographs
graywacke
distinguished
metamorphic
rocks
recognition
criteria
intrusive
rocks
aerial
photographs
aerial
photographs
little
value
differentiating
intrusive
rock
types
shown
field
mapping
individual
plutons
chichagof
island
usually
complex
may
include
diverse
rock
procedures
studies
photogeology
types
also
migmatitic
areas
recognized
aerial
photographs
tonal
variations
example
granodiorite
tonalite
gabbro
outcrop
either
nonexistent
weakly
reproduced
photograph
although
tonal
distinctions
would
logically
result
predominance
minerals
rock
type
tone
weathered
surface
occasionally
criterion
reliable
likewise
tonal
variations
intrusive
rock
types
mapped
author
areas
southeastern
alaska
well
reproduced
aerial
photographs
vegetational
differences
sometimes
useful
tonal
contrast
distinguishing
plutonic
rock
types
residual
soils
developed
silicic
rocks
usually
fertile
support
great
variety
vegetation
mafic
rocks
residual
soils
however
contain
less
well
balanced
supply
nutrients
support
restricted
type
vegetation
soils
derived
ultramafic
rocks
infertile
frequently
lack
vegetation
eardley
silicic
plutonic
rocks
eastern
half
chichagof
island
well
granodiorite
kruzof
island
fig
tend
support
dense
forest
contrast
gabbroic
area
northeast
northwest
head
hoonah
sound
low
timberline
scanty
brush
growth
see
figure
admittedly
terranes
underlain
silicic
plutonic
rock
support
dense
stand
vegetation
example
areas
central
western
chichagof
island
scant
tree
growth
typical
local
climatic
factors
effect
glaciation
soil
cover
drainage
possibly
cause
differences
area
however
ultramafic
rocks
along
eastern
shoreline
nearby
baranof
island
relation
unaffected
influences
boundary
red
bluff
bay
body
mapped
detail
guild
balsley
coincides
vegetational
boundary
although
near
sea
level
ultramafic
area
almost
vegetation
robinson
others
state
large
quantities
chromium
nickel
soils
cause
infertility
surface
drainage
patterns
intrusive
rock
chichagof
island
less
dense
metamorphic
rocks
see
figures
wide
spacing
streams
results
drainage
system
channels
tend
curvilinear
although
nearly
straight
slopes
steep
previously
mentioned
metamorphic
rocks
high
drainage
densities
ray
fischer
discuss
drainage
density
different
rock
types
recognition
criteria
rocks
aerial
photographs
ooa
figure
drainage
characteristics
igenous
terrane
northeast
emmons
island
chichhagof
island
deeply
incised
drainage
system
developed
tonalite
eapid
disintegration
rock
accounts
tone
hillside
ravines
characteristic
usually
reliable
differentiating
plutonic
metamorphic
rock
areas
largely
covered
vegetation
one
best
criteria
distinguishing
plutonic
metamorphic
rocks
recognition
steeply
incised
heads
hillside
ravines
characteristic
many
areas
intrusive
rock
see
figs
criterion
helpful
reliable
areas
outcrops
sparse
ridges
covered
trees
brush
lueder
discusses
one
type
gully
develops
noncohesive
material
appreciable
grain
size
porosity
characterized
comparatively
short
length
simple
direct
plan
short
simple
branches
steep
uniform
gradient
sharp
knickpoint
head
end
descriptive
short
steep
gash
nick
description
fits
areas
underlain
intermediate
plutonic
rocks
chichagof
island
kesidual
soils
developed
rocks
gabbroic
composition
sometimes
gullies
type
mentioned
lueder
gabbroic
rock
however
even
though
usually
often
produces
somewhat
clayey
impermeable
soil
soil
composition
depending
amount
hornblende
mafic
minerals
parent
rock
characteristics
drainage
system
likely
include
features
gullies
developed
silicic
intrusive
rocks
pelitic
metamorphic
rocks
large
part
plutonic
rock
chichagof
island
directionless
nonfoliated
occasionally
however
intrusive
mass
foliated
traces
foliation
sometimes
distinct
photograph
area
large
enough
feature
confused
conspicuous
steep
joint
set
prevails
plutons
fig
joint
systems
common
easily
distinguished
areas
partly
covered
sparse
vegetation
areas
good
outcrop
higher
areas
chichagof
island
igneous
metamorphic
rocks
often
distinguished
topographic
expression
ridges
plutonic
ridge
crests
somewhat
rounded
much
less
rugged
characteristic
serrate
ridges
metamorphic
rocks
marble
phyllite
greenschist
hornfels
gneissic
ridges
much
less
rugged
ridges
underlain
metamorphic
rocks
dikes
intruding
metamorphic
rock
usually
discernible
photographs
fig
resistant
country
rock
area
dikes
occasionally
relief
kruzof
island
summary
geology
rocks
ranging
age
triassic
jurassic
eecent
crop
kruzof
island
oldest
rocks
constitute
procedures
studies
photogeology
small
part
island
consist
greenstone
greenschist
graywacke
semischist
metachert
phyllite
graywacke
metamorphosed
places
overlies
transitional
rocks
granodioritic
plutoii
emplaced
deposition
graywacke
caused
contact
metamorphism
adjacent
rocks
basaltic
flows
erupted
southern
kruzof
island
recognition
criteria
rock
types
aerial
photographs
aerial
photographs
useful
distinguishing
intrusive
rock
graywacke
metamorphic
equivalents
pronounced
contrast
tone
found
along
shoreline
east
west
sides
island
figs
plutonic
rock
light
tone
compared
graywacke
graywacke
horiifels
parts
ridges
timberline
tonal
figure
structural
features
northeast
emmons
island
chlchagof
island
dominant
joint
set
tonalite
persistent
linear
features
represent
dominant
vertical
joint
set
nonfoliated
tonalite
trends
could
mistaken
foliation
metamorphic
igneous
rock
recognition
criteria
rocks
aerial
photographs
fiodrb
structural
features
metamorphic
terrane
southern
chichagof
island
altered
gabbroic
bodies
cut
sequence
greenstone
greenschist
metachert
note
light
tone
linear
trend
represents
foliation
metamorphic
rocks
thin
beds
metachert
could
mistaken
felsic
sills
linear
bodies
dikes
filled
joints
metamorphic
rocks
procedures
studies
photogeology
variations
used
metagraywacke
ridges
however
tend
sharper
crested
less
rugged
ridges
intrusive
rock
lie
similar
elevations
photographs
show
structural
patterns
two
rock
types
dissimilar
fairly
moderately
well
defined
joints
common
granodiorite
conspicuous
bedding
traces
found
graywacke
graywacke
hornfels
contact
graywacke
metamorphic
equivalent
gradational
distinguished
photo
graphs
contact
delineated
graywacke
older
rocks
transitional
associated
cones
southern
kruzof
island
obvious
features
aerial
photographs
fig
landscape
characterized
radial
dendritic
drainage
pattern
growing
along
creeks
shoreline
structural
trends
fig
although
photographic
tone
metagraywaeke
along
shoreline
closely
spaced
persistent
northwest
foliation
traces
metagraywacke
contrast
featureless
flatlying
basalt
summary
recognition
criteria
major
igneous
metamorphic
rock
types
aerial
photographs
chichagof
kruzof
islands
summarized
table
author
believes
recognition
applicable
elsewhere
southeastern
alaska
used
almost
region
photointerpretation
techniques
seldom
used
substitution
field
mapping
greatly
assist
experienced
field
even
complex
geologic
terrane
author
certainly
subscribe
suggestion
rocks
particularly
metamorphic
origin
might
best
differentiated
using
aerial
survey
instead
field
laboratory
methods
lueder
aerial
photographs
ior
discussed
area
chiefly
valuable
help
give
differentiation
igneous
metamorphic
rocks
aerial
photographs
limited
value
distinguishing
complexly
varied
metamorphic
lithologies
one
another
identifying
intrusive
rock
types
various
recognition
tone
vegetation
topographic
expression
drainage
erosional
characteristics
structural
features
rocks
used
demarcation
major
rock
types
criteria
drainage
character
one
reliable
recognition
elements
recognition
criteria
rocks
aerial
photographs
procedures
studies
photogeology
fncjj
fcj
rti
gco
oss
recognition
criteria
rocks
aerial
photographs
procedures
studies
photogeology
cdhrairnagie
eptahmoi
vegetation
oto
absent
tcexotauresde
drlaoinwage
idneciespedly
saibaaomvse
bmcounrnet
tbermedeiate
ilnitircusivce
prohckisc
adreandnidal
terns
lssws
jlli
dlsuroafwice
kfsiaetryst
places
foq
pres
sion
oai
exso
sfflo
plli
agma
sssg
dolmeemsoisnlygtrhoaannitic
carelonenskesg
ashonreldines
odmemnsoenly
isldoememsosinlymthaorabnle
labo
ctna
soj
saho
recognition
criteria
rocks
aerial
photographs
source
identifying
data
photographs
project
code
sea
southeastern
alaska
figure
roll
exposures
topographic
quadrangle
sitka
data
approximate
scale
photographs
photographs
taken
navy
july
focal
length
lens
camera
inches
photographs
may
purchased
geological
survey
map
information
office
washington
selected
bibliography
allum
photogeological
interpretation
areas
regional
metamorphism
londonj
inst
mining
metallurgy
bull
condon
geology
craig
quadrangle
alaska
geol
survey
bull
eardley
aerial
photographs
use
interpretation
new
york
harper
guild
balsley
chromite
deposits
red
bluff
bay
vicinity
baranof
island
alaska
geol
survey
bull
lathram
others
progress
map
geology
juneau
quadrangle
alaska
geol
survey
misc
geol
inv
map
scale
loney
berg
ponieroy
brew
reconnaissance
geologic
map
chichagof
island
northwestern
baranof
island
alaska
geol
survey
misc
geol
inv
honey
condon
dutro
geology
freshwater
bay
area
chichagof
island
alaska
geol
survey
bull
lueder
aerial
photographic
interpretation
principles
applications
new
york
book
miller
miller
photogeology
new
york
book
purdue
university
manual
airphoto
interpretation
soils
rocks
engineering
purposes
purdue
univ
school
civil
engineering
engineering
mechanics
procedures
studies
photogeology
ray
aerial
photographs
geologic
interpretation
mapping
geol
survey
paper
ray
fischer
quantitative
photography
geologic
research
tool
photogramm
reed
coats
geology
ore
deposits
chichagof
mining
district
alaska
geol
survey
bull
robinson
edgington
glen
byers
chemical
studies
soils
derived
rocks
high
magnesium
generally
high
chromium
nickel
dept
agriculture
tech
bull
rossman
geology
ore
deposits
northwestern
chichagof
island
geol
survey
bull
smith
aerial
photographs
interpretation
new
york
tator
others
photo
interpretation
geology
chap
manual
photographic
interpretation
soc
turner
gefugerelief
illustrated
schist
tor
topography
central
otago
new
zealand
jour
twenhofel
sainsbury
fault
patterns
southeastern
alaska
geol
soc
america
