department
interior
geological
survey
carbonate
deposits
warnick
canyon
colusa
county
california
oscarson
presser
carothers
report
report
preliminary
reviewed
conformity
geological
survey
editorial
standards
north
american
stratigraphic
code
use
trade
product
firm
names
descriptive
purposes
imply
endorsement
government
middlefield
road
menlo
park
california
contents
abstract
introduction
acknowledgments
regional
geology
mineralogy
methods
site
locations
data
chemistry
method
data
isotopes
methods
data
references
table
table
figures
tables
illustrations
page
abstract
carbonate
minerals
occur
conglomerate
cement
travertine
within
sedimentary
rocks
upper
plate
coast
range
thrust
carbonate
deposits
study
located
within
warnick
canyon
colusa
county
california
occur
within
lowest
kilometer
canyon
mineralogy
carbonates
ranges
aragonite
calcite
calcite
disordered
dolomite
water
temperatures
range
values
chemically
waters
mixed
introduction
ubiquitous
carbonate
deposits
travertine
conglomerate
cements
occur
within
lowest
kilometer
warnick
canyon
coast
range
colusa
county
california
figure
deposits
located
ephemeral
streambed
crop
west
flank
canyon
carbonate
specimens
collected
sites
locations
order
study
mineralogy
chemical
composition
morphology
water
either
springs
contact
carbonate
deposits
flowing
streambed
collected
sites
near
carbonate
deposits
water
analyzed
major
chemical
constituents
water
isotopic
compositions
studies
carbonates
fresh
water
continental
terrains
reported
early
research
arnold
anderson
entailed
descriptions
ami
interpretations
carbonates
located
valley
white
creek
near
coalinga
california
reported
water
white
creek
emanated
serpentine
terraces
springs
chemical
compositions
indicative
waters
reacted
host
rocks
depth
carbonates
formed
result
evaporation
stream
water
flowed
downstream
barnes
reported
chemical
isotopic
compositions
fluids
carbonates
holocene
cements
travertine
california
coast
range
formation
carbonates
stream
channels
coast
range
postulated
barnes
result
primary
precipitation
solutions
formed
dispersion
solutions
solutions
many
carbonate
deposits
known
associated
economically
important
mineralized
geothermal
regimes
example
barnes
others
preliminary
report
presents
mineralogical
chemical
data
carbonate
minerals
together
stable
isotopic
chemical
data
waters
samples
collected
warnick
canyon
first
part
larger
study
carbonate
deposits
coast
range
acknowledgments
thank
harold
pearson
permission
access
property
without
assistance
study
would
progressed
mark
huebner
united
states
geological
survey
usgs
instrumental
support
field
sampling
laboratory
analyses
talents
greatly
appreciated
also
appreciate
terry
keith
michael
thompson
critical
reviews
manuscript
thank
robert
mariner
usgs
performing
diffraction
analyses
regional
geology
entrance
warnick
canyon
located
latitude
longitude
canyon
extends
approximately
northward
figure
located
southwest
williams
canyon
lies
southeast
corner
geologically
complex
wilbur
springs
structure
lawton
geologic
structure
region
represented
juxtaposition
franciscan
complex
coast
range
ophiolite
great
valley
sequence
mclaughlin
area
crosscut
resort
fault
zone
bounded
two
northwest
northeast
trending
fault
systems
bartlette
springs
fault
zone
west
bear
valley
fault
zone
east
lawton
mclaughlin
mouth
canyon
lies
northeast
resort
fault
zone
canyon
formed
within
eroded
rocks
great
valley
sequence
mclaughlin
carbonate
deposits
study
occur
within
shales
mudstones
lithic
sandstones
upper
plate
coast
range
thrust
structurally
underlain
detrital
serpentinites
resistant
serpentinites
form
ridges
canyon
weathering
products
occur
clasts
within
carbonate
conglomerates
mineralogy
methods
hand
specimens
collected
outcrops
streambed
cements
along
lower
flanks
reaches
warnick
canyon
tributary
bear
creek
five
general
sites
described
representative
distinct
local
geochemical
settings
carbonate
specimens
analyzed
mineralogical
chemical
composition
using
diffraction
xrd
analysis
edx
elemental
compositions
morphologies
relationships
different
carbonates
within
sample
documented
using
scanning
electron
imaging
sem
selected
samples
also
analyzed
using
backscattered
electron
image
bse
hand
specimens
reduced
size
mechanically
pieces
larger
treated
single
grain
mounts
specimens
mounted
aluminum
stubs
conductive
adhesive
observations
analysis
sem
edx
sample
oriented
area
interest
clearly
visible
binocular
microscope
samples
coated
carbon
sem
analyses
adequate
photomicrographs
could
obtained
sample
charging
coating
applied
site
locations
data
data
applicable
mineralogy
carbonates
study
presented
sites
samples
collected
water
samples
springs
flowing
stream
water
gathered
time
mineral
specimen
collection
whenever
available
nearby
sites
water
data
presented
table
site
carbonate
deposit
site
figure
crops
west
flank
warnick
canyon
stream
channel
partially
exposed
terraces
containing
travertines
conglomerate
cements
figure
thicknesses
terraces
approximately
one
meter
individually
extend
laterally
entire
sequence
extends
slopes
towards
streambed
indicating
slump
feature
fluids
present
outcrop
collection
period
study
figures
shows
texture
typical
lithic
fragments
within
carbonate
cement
deposit
figure
sem
bse
micrograph
cement
serpentinite
clasts
within
cement
site
variable
mgcc
composition
carbonates
site
shown
diffractograms
together
relative
amounts
aragonite
minor
minerals
figure
elemental
compositions
carbonates
site
shown
figure
siteb
site
located
west
side
stream
bed
situated
downstream
site
figure
collection
period
study
groundwater
site
flowed
spring
beneath
exposed
carbonate
lenses
lithologically
similar
travertines
conglomerates
site
lenses
roughly
horizontal
long
thick
figure
base
outcrop
halite
occurs
carbonate
beds
direct
contact
site
spring
figure
diffractogram
carbonates
site
shows
compositions
similar
site
appear
near
dolomite
mgcc
composition
figure
site
silver
nickel
observed
descrete
phases
carbonate
cement
together
figure
even
though
nickel
chromium
occur
lithic
serpentinite
fragments
carbonate
cements
figure
loa
lob
silver
nickel
determined
edx
chloride
salts
carbonate
cements
figure
elemental
titanium
also
identified
edx
carbonate
cement
site
investigative
study
done
quantify
metals
sitec
carbonate
specimens
found
location
water
samples
collected
site
emanates
fractured
bedrock
stream
bed
sited
site
located
approximately
downstream
site
figure
site
approximately
stream
bed
west
flank
canyon
figure
exposed
conglomerate
lithologically
similar
conglomerate
site
figure
outcrop
thick
approximately
length
outcrop
part
general
slump
feature
hillside
collection
period
study
fluids
observed
site
mgcc
composition
carbonate
cement
site
indicated
diffractogram
shown
figure
elemental
composition
carbonate
site
shown
figure
supports
presence
mgcc
component
shown
corresponding
diffractogram
figure
sitee
carbonate
specimens
found
location
water
samples
collected
site
emanates
fractured
bedrock
stream
bed
sitef
site
located
mouth
warnick
canyon
samples
collected
apron
forming
north
bank
bear
creek
figure
apron
approximately
thick
wide
length
figure
carbonate
mineralogy
site
varies
aragonite
disordered
dolomite
figures
show
diffractograms
carbonates
site
typically
aragonite
thinly
coats
top
surface
apron
figure
also
coats
galleries
formed
within
eroded
portions
apron
figure
sem
micrographs
aragonite
carbonates
site
shown
figures
respectively
lastly
occur
elemental
composition
carbonate
cement
determined
edx
shown
figure
water
chemistry
methods
methods
utilized
field
determination
laboratory
sample
preparation
described
presser
barnes
alkalinity
concentrations
determined
titration
acid
automatic
titrator
alkalinity
determined
samples
collected
bottles
completely
filled
sealed
polyseal
caps
stored
refrigeration
chloride
concentrations
estimated
using
silver
dichromate
indicator
strip
sulfate
concentrations
estimated
using
turbidimetric
readings
precipitated
barium
sulfate
solutions
cations
silica
boron
analyzed
inductively
coupled
plasma
table
chemical
composition
waters
warnick
canyon
concentrations
temperatures
samples
approximately
concentrations
ranged
sample
siteb
sitec
sitee
sitef
sio
isotopes
methods
stable
isotope
analyses
performed
water
samples
collected
field
sites
glass
bottles
polyseal
caps
oxygen
isotopic
compositions
waters
determined
analyzing
equilibrated
solutions
epstein
mayeda
hydrogen
isotopic
compositions
determined
produced
reduction
water
glass
tubes
precision
permil
carothers
brigham
unpublished
method
dissolved
species
precipitated
field
adding
saturated
ammoniacal
approximately
water
prior
isotopic
analysis
values
precipitates
filtered
washed
free
atmosphere
dried
homogenized
ball
mill
precipitates
reacted
evolved
collected
isotopic
analysis
mccrea
isotopic
measurements
oxygen
hydrogen
reported
table
permil
deviations
relative
smow
standard
mean
ocean
water
values
reported
relative
pdb
chicago
peedee
belemnite
standard
precision
single
measurement
permil
oxygen
carbon
values
table
isotopic
composition
waters
dissolved
inorganic
carbon
species
warnick
canyon
sample
date
collected
siteb
sitec
sitee
sitef
references
arnold
anderson
conglomerate
formed
stream
california
bulletin
geological
society
america
barnes
ivan
carbonate
solid
solutions
holocene
conglomerate
cements
travertines
coast
range
california
geochimica
cosmochimica
acta
barnes
ivan
rapp
white
alteration
serpentine
wall
rock
alteration
mercury
deposits
california
coast
ranges
economic
geology
epstein
mayeda
variation
content
waters
natural
sources
geochimica
cosmochimica
acta
lawton
geology
north
half
morgan
valley
quadrangle
south
half
wilbur
spring
quadrangle
thesis
stanford
university
mccrea
isotopic
chemistry
carbonates
paleotemperature
scale
journal
chemical
mclaughlin
ohlin
thormahlen
jones
miller
blome
geologic
map
structure
sections
little
indian
springs
geothermal
area
northern
coast
ranges
california
geological
survey
miscellaneous
investigations
series
map
presser
barnes
ivan
dissolved
constituents
including
selenium
waters
vicinity
kesterson
national
wildlife
refuge
west
grassland
fresno
merced
counties
california
geological
survey
investigations
report
figure
location
map
warnick
canyon
showing
sample
sites
contour
intervals
feet
figure
photograph
site
carbonate
cement
conglomerate
located
approximately
stream
channel
thickness
conglomerate
varies
much
meter
exposed
bedding
planes
conglomerate
typical
sample
bag
scale
figure
photograph
conglomerate
site
lithic
fragments
cap
high
points
well
exposed
weathered
surface
pocket
knife
scale
sem
bse
image
subhedral
serpentinite
clasts
light
within
carbonate
matrix
dark
site
figure
difrractogram
carbonate
cements
site
showing
mgcc
enrichment
relative
cacc
indicated
shift
reflection
calcite
dolomite
vertical
lines
mark
positions
intense
peaks
quartz
calcite
dolomite
figure
diffractogram
cement
site
showing
deficient
composition
shown
figure
vfs
figure
edx
spectral
carbonate
cement
site
shown
figure
note
presence
sample
coating
edx
spectral
cement
shown
figure
shows
depletion
relative
shown
spectral
note
absence
geologicrl
survey
menlo
prrk
cursor
fri
lisv
vfs
figure
photograph
site
site
located
main
channel
downstream
site
spring
flows
beneath
conglomerate
beds
roughly
horizontal
length
figure
photograph
site
photograph
shows
halitebearing
horizons
areas
white
light
brown
conglomerate
beds
spring
iiiii
figure
diffractogram
cement
site
diffractogram
similar
sample
site
figure
reflection
mgcx
composition
near
dolomite
geologicrl
survey
menlo
prrk
tue
cursor
roi
rfk
jkj
lrlrr
vfs
figure
sem
edx
elemental
spectrum
showing
presence
sample
site
vfs
figure
sem
edx
spectrums
showing
presence
along
serpentinite
fragments
site
fresh
sample
serpentine
boulder
bear
creek
geological
survey
menlo
park
thu
roi
sehp
vfs
figure
photograph
site
outcrop
located
downstream
site
also
situated
west
flank
canyon
conglomerate
every
way
similar
conglomerate
site
utio
tiir
iiijiiir
figure
diffractogram
sample
site
diffractogram
similar
diffractograms
samples
site
figure
geologicrl
survey
menlo
pflrk
cursor
fri
figure
sem
edx
elemental
spectrum
sample
site
note
composition
carbonate
figure
photograph
site
looking
southeast
mouth
warnick
canyon
showing
bear
creek
white
coating
fresh
evaporite
aragonite
formed
last
rain
top
apron
lies
level
bear
creek
figure
diffractogram
sample
site
note
diffractogram
sample
shown
mgcc
rich
sample
shown
figure
next
page
figure
diffractogram
sample
site
note
presence
aragonite
pure
calcite
comparison
sample
shown
figure
figure
photograph
top
surface
apron
figure
showing
thin
coating
aragonite
hammer
shown
scale
figure
photograph
site
photograph
taken
north
flank
apron
shows
aragonite
coating
also
shown
aragonite
coating
small
stalactites
exposed
eroded
galleries
deposit
figure
sem
micrograph
aragonite
surface
sample
site
holes
may
indicate
presence
vegetation
crystal
formation
organic
material
disintegrated
left
clear
opening
figure
sem
micrograph
carbonate
dolomitic
site
micrograph
shows
incipient
dolomite
grains
geologicfll
survey
menlo
pflrk
tue
cuhsor
roi
cod
irq
vfs
figure
sem
edx
elemental
spectrum
carbonate
matrix
sample
site
showing
presence
