united
states
department
interior
geological
survey
text
accompany
report
coal
resource
occurrence
coal
development
potential
maps
elk
ridge
quadrangle
powder
river
county
montana
report
includes
plates
colorado
school
mines
research
institute
report
edited
conformity
geological
survey
editorial
standards
stratigraphic
nomenclature
contents
introduction
purpose
location
accessibility
phys
iography
land
status
general
geology
work
stratigraphy
coal
geology
coal
knobloch
coal
bed
coal
bed
coal
coal
beds
coal
bed
coal
bed
local
coal
beds
coal
coal
development
potential
development
potential
methods
development
potential
underground
mining
gasification
references
page
illustrations
plates
pocket
plates
coal
resource
occurrence
maps
coal
data
map
boundary
coal
data
map
illustrations
continued
coal
data
sheet
isopach
structure
contour
map
coal
bed
overburden
isopach
map
coal
bed
areal
distribution
tonnage
map
identified
resources
coal
bed
isopach
structure
contour
map
coal
bed
overburden
isopach
map
coal
bed
areal
distribution
tonnage
map
identified
resources
coal
bed
isopach
map
upper
lower
splits
sawyer
coal
bed
structure
contour
map
sawyer
coal
bed
splits
overburden
isopach
map
upper
split
sawyer
coal
bed
areal
distribution
tonnage
map
identified
resources
upper
split
sawyer
coal
bed
overburden
isopach
map
lower
split
sawyer
coal
bed
areal
distribution
tonnage
map
identified
hypothetical
resources
lower
split
sawyer
coal
bed
isopach
structure
contour
map
knobloch
coal
bed
overburden
isopach
map
knobloch
coal
bed
areal
distribution
tonnage
map
identified
resources
knobloch
coal
bed
plate
coal
map
methods
tables
page
table
table
coal
resource
tonnage
short
tons
category
federal
coal
lands
coal
resource
tonnage
short
tons
category
federal
coal
lands
convert
feet
miles
acres
tons
short
short
conversion
table
multiply
obtain
meters
kilometers
hectares
metric
tons
metric
introduction
purpose
text
use
conjunction
coal
resource
occurrence
cro
coal
development
potential
cdp
maps
elk
ridge
quadrangle
powder
river
county
montana
plates
geological
survey
report
set
maps
compiled
support
planning
work
bureau
land
management
response
federal
coal
leasing
amendments
act
provide
systematic
inventory
coal
resources
federal
coal
lands
known
recoverable
coal
resource
areas
krcras
western
united
states
inventory
includes
beds
subbituminous
coal
feet
thick
less
feet
overburden
beds
lignite
feet
thick
less
feet
overburden
location
elk
ridge
quadrangle
powder
river
county
montana
miles
south
miles
city
town
yellowstone
river
valley
eastern
montana
miles
city
interstate
highway
main
routes
burlington
northern
railroad
chicago
milwaukee
paul
pacific
railroad
accessibility
elk
ridge
quadrangle
accessible
miles
city
montana
going
south
highway
distance
miles
thence
westward
southwestward
miles
little
pumpkin
creek
road
north
border
quadrangle
quadrangle
also
accessible
broadus
montana
going
west
broadus
highway
miles
pumpkin
creek
road
north
graveled
pumpkin
creek
road
miles
south
border
quadrangle
pumpkin
creek
little
pumpkin
creek
roads
continue
quadrangle
intersect
number
unimproved
roads
trails
provide
access
remainder
quadrangle
physiography
elk
ridge
quadrangle
within
missouri
plateau
division
great
plains
physiographic
province
upland
plateau
surface
however
almost
completely
dissected
northerly
flowing
pumpkin
creek
little
pumpkin
creek
tributaries
southeastern
part
quadrangle
dissected
drained
pumpkin
creek
tributaries
west
ern
northern
parts
quadrangle
drained
little
pumpkin
creek
tributaries
two
streams
join
miles
northeast
quadrangle
pumpkin
creek
flows
northward
join
tongue
river
empties
yellows
tone
river
miles
city
high
rugged
forested
range
hills
known
elk
ridge
trends
northward
part
quadrangle
separating
drainage
basins
pumpkin
creek
little
pumpkin
creek
pumpkin
creek
crosses
southeast
corner
quadrangle
flood
plain
mile
wide
little
pumpkin
creek
crosses
northwest
southwest
corners
quadrangle
flood
plain
mile
wide
elk
ridge
rises
height
feet
feet
lowest
elevation
feet
cottonwood
creek
north
border
quadrangle
slopes
west
east
sides
elk
ridge
steep
coulees
descend
feet
deep
precipitous
sides
lower
slopes
elk
ridge
consist
intricately
dissected
mesas
broad
benches
capped
resistant
clinker
beds
produced
burning
thick
coal
beds
northeast
quarter
quadrangle
moderate
relief
remainder
quadrangle
quite
rugged
total
relief
quadrangle
feet
climate
climate
powder
river
county
characterized
pronounced
variations
seasonal
precipitation
temperature
annual
precipitation
region
varies
less
inches
inches
heaviest
precipitation
occurs
april
august
largest
average
monthly
precipitation
pccirs
june
temperatures
eastern
montana
range
low
high
highest
temperatures
occur
july
lowest
january
mean
annual
temperature
matson
blumer
land
status
northern
powder
river
basin
known
recoverable
coal
resource
area
covers
elk
ridge
quadrangle
except
limited
areas
along
eastern
northern
borders
quadrangle
boundary
coal
data
map
shows
location
krcra
boundary
land
ownership
status
outstanding
federal
coal
leases
prospecting
permits
general
geology
previous
work
bass
mapped
elk
ridge
quadrangle
part
ashland
coal
field
brown
others
mapped
knobloch
coal
bed
extreme
northwest
corner
quadrangle
part
foster
creek
coal
deposit
knobloch
sawyer
coal
beds
part
quadrangle
cottonwood
creek
deposit
gilmour
williams
mapped
northwestern
part
quadrangle
part
little
pumpkin
creek
coal
deposit
northern
eastern
parts
quadrangle
part
foster
creek
coal
deposit
stratigraphy
generalized
columnar
section
rocks
shown
coal
data
sheet
cro
maps
exposed
bedrock
units
belong
uppermost
member
paleocene
fort
union
formation
tongue
river
member
unit
made
mainly
sandstone
sandy
shale
carbonaceous
shale
coal
much
coal
burned
along
outcrops
baking
overlying
sandstone
shale
forming
thick
clinker
beds
upper
part
tongue
river
member
removed
erosion
feet
remains
quadrangle
coal
rocks
comprising
tongue
river
member
deposited
continental
environment
elevations
perhaps
tens
feet
meters
sea
level
vast
area
shifting
rivers
flood
plains
sloughs
swamps
lakes
occupied
area
northern
great
plains
paleocene
early
tertiary
time
representative
samples
sedimentary
rocks
overlying
interbedded
minable
coal
beds
eastern
northern
powder
river
basin
analyzed
content
trace
elements
geological
survey
results
summarized
department
agriculture
others
swanson
mapel
others
rocks
contain
greater
amounts
trace
elements
environmental
concern
similar
rocks
found
throughout
parts
western
united
states
structure
elk
ridge
quadrangle
northeastern
part
powder
river
structural
basin
regionally
strata
dip
southward
southeastward
angle
less
degree
structure
contour
maps
top
coal
beds
pis
show
regional
dip
places
modified
even
reversed
small
shallow
irregular
folds
nonuniformity
structure
may
due
differential
compaction
irregularities
deposition
coals
beds
result
continental
origin
coal
geology
major
coal
beds
elk
ridge
quadrangle
knobloch
lower
sawyer
upper
sawyer
coal
beds
ferry
clinker
formed
burning
ferry
coal
bed
caps
highest
ridges
addition
several
unnamed
thin
discontinuous
local
coal
beds
limited
extent
coal
beds
tongue
river
member
paleocene
fort
union
formation
shown
outcrop
coal
data
map
plate
section
coal
data
sheet
plate
lowermost
named
beds
knobloch
coal
bed
coal
overlain
noncoal
interval
feet
lower
sawyer
coal
bed
noncoal
interval
feet
upper
sawyer
coal
bed
rock
interval
feet
places
contains
two
local
coal
beds
coal
beds
noncoal
interval
feet
coal
bed
noncoal
interval
feet
coal
bed
noncoal
interval
feet
ferry
clinker
bed
knobloch
sawyer
lower
sawyer
upper
sawyer
coal
beds
contain
economic
coal
resources
coal
found
along
eastern
flank
powder
river
basin
montana
increases
rank
lignite
east
subbituminous
deeper
parts
basin
west
lignite
coal
heating
value
btu
per
pound
moist
basis
subbituminous
coal
heating
value
btu
per
pound
moist
basis
coal
analyses
available
present
time
adjacent
quadrangles
considered
making
decision
assign
rank
lignite
coal
quadrangle
boundary
may
within
quadrangle
enough
data
presently
known
allow
determine
boundary
line
quadrangle
certainty
therefore
rank
lignite
arbitrarily
assigned
coal
entire
quadrangle
additional
data
outlined
future
may
make
precise
determination
location
boundary
possible
trace
element
content
coals
quadrangle
determined
however
coals
northern
great
plains
including
fort
union
formation
montana
generally
found
contain
appreciably
lesser
amounts
elements
environmental
concern
coals
areas
united
states
hatch
swanson
coal
knobloch
coal
bed
deepest
coal
test
hole
elk
ridge
quadrangle
hole
northeast
corner
sec
drilled
total
depth
feet
feet
knobloch
coal
bed
hole
penetrated
traces
coal
depths
feet
feet
feet
traces
coal
approximate
intervals
feet
knobloch
coal
bed
based
intervals
two
uppermost
traces
coal
may
correlate
upper
lower
coal
beds
lowest
trace
coal
may
correlate
terret
coal
bed
however
correlations
substantiated
coal
beds
thin
economic
importance
mapped
quadrangle
knobloch
coal
bed
knobloch
coal
bed
named
bass
name
coal
bed
taken
knobloch
ranch
coal
mine
birney
day
school
quadrangle
located
miles
elk
ridge
quadrangle
knobloch
coal
bed
lies
feet
base
tongue
river
member
crops
northern
eastern
parts
elk
ridge
quadrangle
knobloch
coal
bed
ranges
thickness
feet
bed
dips
southward
southwestward
angle
less
degree
dip
interrupted
places
minor
shallow
folds
thickness
overburden
knobloch
coal
bed
ranges
zero
outcrops
feet
thickness
montana
bureau
mines
geology
cored
knobloch
coal
drill
hole
sec
part
elk
ridge
quadrangle
chemical
analysis
coal
depths
feet
shows
heating
value
btu
per
pound
ash
percent
sulfur
percent
basis
matson
blumer
heating
value
converts
btu
per
pound
moist
basis
indicating
coal
lignite
rank
sawyer
coal
bed
lower
sawyer
coal
bed
mapped
bass
coal
bed
described
exposures
ashland
coal
field
type
locality
given
bass
states
coal
bed
may
coalesce
sawyer
bed
east
pumpkin
creek
valley
bass
states
sawyer
coal
beds
separated
small
interval
appear
burned
together
localities
formed
one
thick
bed
clinker
carmichael
matson
blumer
considers
coal
bed
defined
bass
distinct
northern
part
elk
ridge
quadrangle
combined
sawyer
bed
southern
part
quadrangle
box
elder
creek
quadrangle
east
elk
ridge
quadrangle
samuelson
ranch
quadrangle
south
additional
evidence
sawyer
coal
beds
coalesce
evidence
appears
adequate
shown
coal
bed
lower
sawyer
coal
bed
inferred
split
line
along
lower
upper
sawyer
coal
beds
coalesce
shown
plate
sawyer
coal
bed
first
described
dobbin
exposures
forsyth
coal
field
possibly
rough
draw
black
spring
quadrangles
sawyer
well
exposed
quadrangles
miles
west
elk
ridge
quadrangle
elk
ridge
quadrangle
lower
sawyer
coal
bed
coal
bed
bass
feet
knobloch
coal
bed
crops
extensively
quadrangle
pis
isopach
map
lower
sawyer
shows
coal
ranges
feet
thickness
structure
contour
map
indicates
lower
sawyer
dips
southwestward
angle
less
degree
per
mile
thickness
overburden
lower
sawyer
coal
bed
ranges
zero
outcrops
feet
overburden
includes
higher
coal
beds
present
separation
lower
upper
sawyer
coal
beds
ranges
feet
drill
hole
sec
near
southern
border
quadrangle
pis
feet
outcrops
northern
part
quadrangle
isopach
map
shows
upper
sawyer
coal
bed
ranges
feet
thickness
structure
contour
map
indicates
coal
bed
dips
southwestward
angle
less
degree
thickness
overburden
upper
sawyer
coal
bed
ranges
zero
outcrops
feet
overburden
places
includes
higher
coal
beds
known
publicly
available
chemical
analysis
sawyer
coal
elk
ridge
quadrangle
analysis
sawyer
coal
depth
feet
drill
hole
sec
box
elder
creek
quadrangle
miles
east
elk
ridge
quadrangle
shows
ash
percent
sulfur
percent
heating
value
btu
per
pound
basis
matson
blumer
heating
value
converts
btu
per
pound
moist
basis
indicating
coal
location
lignite
rank
proximity
location
elk
ridge
quadrangle
assumed
sawyer
coal
elk
ridge
quadrangle
similar
lignite
rank
coal
beds
coal
beds
named
bass
exposures
ashland
coal
field
possibly
beaver
creek
school
cook
creek
reservoir
quadrangles
miles
west
elk
ridge
quadrangle
type
locality
given
bass
states
bed
little
economic
importance
contains
abundance
silicified
tree
stumps
fragments
logs
bass
represented
outcrops
beds
single
line
localities
map
beds
mapped
locally
part
quadrangle
measurement
indicates
thickness
feet
thinness
economic
coal
resources
assigned
coal
beds
coal
bed
coal
bed
first
described
bass
exposures
ashland
coal
field
possibly
elk
ridge
quadrangle
type
locality
given
coal
bed
crops
central
western
parts
elk
ridge
quadrangle
feet
coal
bed
feet
upper
sawyer
coal
bed
coal
bed
dips
northwestward
westward
southwestward
angle
less
degree
ranges
feet
thickness
thickness
overburden
coal
bed
ranges
zero
outcrops
feet
places
overburden
includes
coal
bed
known
publicly
available
chemical
analysis
coal
bed
close
elk
ridge
quadrangle
assumed
coal
similar
closely
associated
coals
quadrangle
lignite
rank
coal
bed
coal
bed
first
described
bass
exposures
ashland
coal
field
type
locality
given
elk
ridge
quadrangle
coal
bed
feet
coal
bed
coal
bed
crops
elevations
feet
elk
ridge
southwestern
part
quadrangle
coal
bed
ranges
feet
thickness
practically
flat
thickness
overburden
coal
bed
ranges
zero
outcrop
feet
known
publicly
available
chemical
analysis
coal
bed
elk
ridge
quadrangle
assumed
coal
similar
closely
associated
coals
quadrangle
lignite
rank
local
coal
beds
local
coal
beds
shown
plates
thin
limited
extent
consequently
assigned
economic
coal
resources
coal
resources
data
publicly
available
drill
holes
surface
mapping
others
see
list
references
used
construct
outcrop
isopach
structure
contour
maps
coal
beds
quadrangle
coal
resource
classification
system
established
bureau
mines
geological
survey
geological
survey
bulletin
coal
resource
estimated
gross
quantity
coal
ground
economically
extractable
may
become
resources
classified
either
identified
undiscovered
identified
resources
specific
bodies
coal
whose
location
rank
quality
quantity
known
geologic
evidence
supported
specific
measurements
undiscovered
resources
bodies
coal
surmised
exist
basis
broad
geologic
knowledge
theory
identified
resources
subdivided
three
categories
reliability
occurrence
namely
measured
indicated
inferred
according
distance
known
point
measurement
measured
coal
coal
located
within
mile
measurement
point
indicated
coal
extends
mile
beyond
measured
coal
distance
mile
measurement
point
inferred
coal
extends
miles
beyond
indicated
coal
distance
miles
measurement
point
undiscovered
resources
classified
either
hypothetical
speculative
hypothetical
resources
undiscovered
coal
resources
beds
may
reasonably
expected
exist
known
coal
fields
known
geologic
conditions
general
hypothetical
resources
located
broad
areas
coal
fields
coal
bed
observed
evidence
coal
existence
distant
outcrops
drill
holes
wells
miles
away
hypothetical
resources
located
beyond
outer
boundary
inferred
part
identified
resources
areas
assumption
continuity
coal
bed
supported
extrapolation
geologic
evidence
speculative
resources
undiscovered
resources
may
occur
favorable
areas
discoveries
made
speculative
resources
estimated
report
purposes
report
hypothetical
resources
subbituminous
coal
coal
beds
feet
thick
less
feet
overburden
occur
miles
measurement
hypothetical
resources
lignite
lignite
beds
feet
thick
less
feet
overburden
occur
miles
measurement
reserve
base
coal
economically
minable
part
identified
resources
reserves
calculated
report
reserve
base
coal
gross
amount
identified
resources
occurs
beds
feet
thick
less
feet
overburden
subbituminous
coal
less
feet
overburden
lignite
reserve
base
coal
may
either
coal
coal
report
reserve
base
coal
subbituminous
coal
less
feet
overburden
lignite
less
feet
overburden
report
reserve
base
coal
subbituminous
coal
feet
less
feet
overburden
lignite
feet
less
feet
overburden
reserves
recoverable
part
reserve
base
coal
area
percent
reserve
base
coal
considered
recoverable
recovery
factory
percent
therefore
reserves
amount
percent
reserve
base
coal
economic
reasons
coal
presently
mined
underground
methods
northern
powder
river
basin
therefore
recovery
factor
unknown
reserves
calculated
reserve
base
coal
tonnages
coal
resources
estimated
using
thicknesses
obtained
coal
isopach
map
coal
bed
see
list
illustrations
coal
resources
short
tons
isopached
coal
bed
product
acreage
coal
measured
planimeter
average
thickness
coal
bed
conversion
factor
short
tons
subbituminous
coal
per
metric
tons
per
conversion
factor
short
tons
lignite
per
metric
tons
per
tonnages
coal
reserve
base
reserves
hypothetical
categories
rounded
nearest
million
short
tons
shown
areal
distribution
tonnage
maps
see
list
illustrations
shown
table
total
tonnage
federally
owned
reserve
base
coal
quadrangle
estimated
million
short
tons
million
total
tonnage
federally
owned
hypothetical
coal
estimated
million
short
tons
million
shown
table
total
federally
owned
reserve
base
coal
estimated
million
short
tons
million
total
federally
owned
hypothetical
coal
estimated
million
short
tons
million
total
tonnage
undergroundminable
reserve
base
coal
million
short
tons
million
total
hypothetical
coal
million
short
tons
million
total
tonnages
per
section
reserve
base
coal
hypothetical
coal
including
coal
shown
plate
northwest
corner
federally
owned
coal
land
section
numbers
rounded
nearest
million
short
tons
percent
reserve
base
tonnage
classed
measured
percent
indicated
percent
inferred
coal
development
potential
potential
northern
powder
river
basin
areas
subbituminous
coal
beds
feet
thick
overlain
less
feet
overburden
lignite
beds
thickness
overlain
feet
less
overburden
areas
potential
surface
mining
assigned
high
moderate
low
development
potential
based
cubic
yards
overburden
per
short
ton
recoverable
coal
formula
used
calculate
values
lignite
mining
ratio
thickness
overburden
feet
thickness
lignite
feet
recovery
factor
area
conversion
factor
short
ton
lignite
values
used
rate
degree
potential
areas
within
stripping
limit
development
areas
values
greater
considered
high
moderate
low
development
potential
respectively
grouping
values
provided
geological
survey
based
economic
technological
criteria
contours
limit
overburden
isopach
serve
boundaries
tial
areas
shown
overburden
isopach
contour
plates
estimated
tonnages
reserve
base
hypothetical
coal
sources
category
high
moderate
low
shown
table
estimated
tonnages
coal
resources
shown
table
coal
presently
mined
underground
mining
northern
powder
river
basin
economic
reasons
purposes
report
coal
resources
considered
low
development
potential
development
potential
methods
coal
development
potential
cdp
map
included
series
maps
pertains
surface
mining
depicts
highest
coal
category
occurs
within
smallest
legal
subdivision
land
normally
acres
example
tract
land
contains
areas
high
moderate
low
development
potential
entire
tract
assigned
high
category
cdp
mapping
purposes
alternatively
tract
land
contains
areas
moderate
low
development
potential
entire
tract
assigned
moderate
category
cdp
mapping
purposes
practical
reasons
categories
areas
coal
smaller
acre
disregarded
assigning
development
potential
entire
tract
areas
moderate
high
topographic
relief
area
potential
surface
mining
coal
bed
area
values
often
restricted
narrow
band
high
low
development
potential
areas
fact
minimum
size
coal
tracts
narrow
band
moderate
developmentpotential
area
often
appear
cdp
map
falls
within
tracts
also
include
areas
high
development
potential
coal
development
potential
cdp
map
shows
areas
low
development
potential
abutting
areas
high
development
potential
coal
development
potential
federal
coal
lands
surface
mining
shown
cdp
map
federal
coal
lands
quadrangle
high
development
potential
surface
mining
knobloch
coal
bed
wide
area
high
development
potential
eastern
northern
parts
quadrangle
extending
coal
boundary
contour
area
moderate
development
potential
located
upslope
contours
contour
overburden
areas
low
development
potential
extend
contour
overburden
isopach
overburden
places
contains
higher
coal
beds
lower
sawyer
coal
bed
wide
area
high
development
potential
extending
coal
boundary
arbitrary
stripping
limit
overburden
isopach
southern
part
quadrangle
northern
part
quadrangle
wide
area
high
development
potential
extends
boundary
coal
contour
contours
overburden
isopach
locally
contours
narrow
area
moderate
development
potential
overburden
places
contains
higher
coal
beds
upper
sawyer
coal
bed
band
high
development
potential
central
part
quadrangle
boundary
coal
contour
narrow
band
moderate
development
potential
occurs
contours
wide
band
low
development
potential
extends
contour
upslope
overburden
isopach
overburden
places
contains
higher
coal
beds
coal
bed
occurs
topographic
ridge
southwestern
part
quadrangle
narrow
band
high
development
potential
values
almost
circles
ridge
another
narrow
band
moderate
development
potential
values
occurs
upslope
high
area
still
farther
upslope
wide
band
low
development
potential
occurs
contour
overburden
isopach
overburden
places
contains
overlying
coal
bed
coal
bed
occurs
ridges
southwestern
part
quadrangle
bands
high
development
potential
values
moderate
development
potential
values
low
development
potential
contour
overburden
isopach
tracts
federal
coal
land
northern
part
quadrangle
development
potential
coal
beds
removed
erosion
tracts
development
potential
southwestern
part
quadrangle
results
absence
upper
coal
beds
thick
overburden
lower
beds
percent
federal
coal
land
elk
ridge
quadrangle
high
coal
development
potential
surface
mining
percent
moderate
development
potential
percent
low
development
potential
percent
development
potential
development
potential
underground
mining
gasification
subbituminous
coal
beds
feet
thickness
lying
feet
less
feet
surface
lignite
beds
thickness
lying
feet
less
feet
surface
considered
development
potential
underground
mining
estimates
tonnage
coal
listed
table
category
coal
bed
coal
currently
mined
underground
methods
northern
powder
river
basin
poor
economics
therefore
coal
development
potential
underground
mining
resources
rated
low
coal
development
potential
map
underground
mining
made
gasification
coal
commercial
scale
done
united
states
therefore
development
potential
gasification
coal
found
limit
area
rated
low
coal
development
potential
map
gasification
coal
made
table
coal
resource
tonnage
short
tons
category
federal
coal
lands
elk
ridge
quadrangle
powder
river
county
montana
development
potentials
based
mining
ratios
cubic
yards
ton
recoverable
coal
convert
short
tons
metric
tons
multiply
coal
bed
reserve
base
tonnage
sawyer
upper
split
lower
sawyer
knob
loch
total
hypothetical
resource
tonnage
lower
sawyer
total
high
development
potential
mining
ratio
moderate
development
potential
mining
ratio
low
development
potential
mining
ratio
total
grand
total
table
coal
resource
tonnage
short
tons
category
federal
lands
elk
ridge
quadrangle
powder
river
county
montana
convert
short
tons
metric
tons
multiply
coal
bed
reserve
base
tonnage
sawyer
upper
split
lower
sawyer
knob
loch
total
hypothetical
resource
tonnage
knob
loch
total
high
development
potential
moderate
development
potential
low
development
potential
total
grand
total
references
bass
coal
tongue
river
valley
montana
geological
survey
press
memoir
ashland
coal
field
rosebud
powder
river
custer
counties
montana
geological
survey
bulletin
brown
andrew
culbertson
dunham
kepferle
may
strippable
coal
custer
powder
river
counties
montana
geological
survey
bulletin
dobbin
forsyth
coal
field
rosebud
treasure
big
horn
counties
montana
geological
survey
bulletin
gilmour
williams
geology
coal
resources
foster
creek
coal
deposit
eastern
montana
montana
bureau
mines
geology
bulletin
hatch
swanson
trace
elements
rocky
mountain
coals
proceedings
symposium
geology
rocky
mountain
coal
colorado
geological
survey
resource
series
mapel
swanson
connor
osterwald
others
summary
geology
mineral
resources
environmental
geochemistry
engineering
geologic
characteristics
northern
powder
river
coal
region
montana
geological
survey
report
matson
blumer
quality
reserves
strippable
coal
selected
deposits
southeastern
montana
montana
bureau
mines
geology
bulletin
bureau
mines
geological
survey
coal
resource
classification
system
bureau
mines
geological
survey
geological
survey
bulletin
department
agriculture
interstate
commerce
commission
department
interior
final
environmental
impact
statement
proposed
development
coal
resources
eastern
powder
river
coal
basin
wyoming
