contents
abs
ravt
troduc
ion
area
eva
iua
ions
deerlodge
park
area
dinosaur
quarry
gates
lodore
monument
headquarters
area
jones
hole
area
echo
park
area
test
well
echo
park
plans
fiscal
year
references
append
units
system
used
utah
system
used
colorado
figure
maps
showing
dinosaur
national
monument
area
evaluations
key
numbers
referred
park
area
dinosaur
quarry
area
gates
lodore
area
monument
headquarters
area
jones
hole
area
echo
park
area
diagram
showing
installation
data
echo
park
well
graphs
showing
recovery
artesian
pressure
echo
park
well
july
recovery
curve
echo
park
well
showing
calculation
transmissivity
drawdown
pumping
recovery
water
level
pumping
ceased
echo
park
well
relationship
discharge
water
level
echo
park
well
increase
artesian
flow
pumping
ceased
echo
park
well
iii
tables
table
generalized
geologic
sections
summary
data
wells
chemical
characteristics
water
springs
deerlodge
park
area
chemical
characteristics
water
selected
wells
springs
dinosaur
quarry
area
summary
data
wells
gates
lodore
area
chemical
characteristics
wells
gates
lodore
area
summary
data
well
monument
headquarters
area
chemical
characteristics
water
well
monument
headquarters
area
summary
data
springs
jones
hole
area
chemical
characteristics
water
selected
springs
jones
hole
area
summary
data
wells
spring
echo
park
chemical
characteristics
water
selected
wells
spring
echo
park
area
summary
data
wells
springs
areas
dinosaur
national
investigations
dinosaur
national
monument
sumsion
hydrologist
geological
survey
abstract
data
acquired
fiscal
year
geological
survey
dinosaur
national
monument
national
park
service
part
continuing
project
data
provide
basis
planning
development
management
use
available
water
resources
provide
adequate
water
supplies
springs
relatively
inaccessible
areas
evaluated
sources
water
supplies
seven
potential
well
sites
evaluated
drilling
depths
specific
aquifers
well
drilled
echo
park
near
fluence
green
yampa
rivers
tested
pumping
test
showed
well
yield
gallons
per
minute
drawdown
feet
specific
capacity
well
gallons
per
minute
gallons
per
minute
per
foot
water
samples
chemical
analysis
collected
nine
springs
one
well
except
ment
spring
good
chemical
quality
introduction
report
provides
data
dinosaur
national
monument
acquired
fiscal
year
cal
survey
behalf
national
park
service
hydrologic
investigation
mainly
specific
areas
monument
part
continuing
project
result
description
water
resources
monument
information
thus
acquired
intended
serve
basis
planning
development
management
use
available
provide
adequate
water
supplies
within
monument
areas
studied
water
sources
inventoried
fiscal
year
shown
figure
many
springs
localities
discussed
referred
report
relatively
inaccessible
terrain
traversable
foot
trails
streambeds
located
evaluated
sources
water
supplies
potential
well
sites
examined
evaluated
relation
existing
wells
hydrologic
geologic
setting
one
well
drilled
tested
collected
echo
park
water
samples
chemical
analysis
werejtade
nine
springs
one
well
spring
well
locations
shown
figure
key
numbers
given
tables
older
chemical
analyses
presented
tables
comparison
recent
data
figure
locations
areal
evaluations
made
fiscal
year
dinosaur
national
monument
locations
wells
springs
key
numbers
wells
springs
tables
hydrologic
investigations
made
fiscal
year
included
examination
wells
well
sites
springs
cub
creek
area
little
rainbow
park
rainbow
park
fiscal
year
hydrologic
investigations
made
round
top
lookout
harpers
corner
island
park
split
mountain
green
river
campgrounds
yampa
bench
area
kind
cooperation
assistance
dinosaur
national
monument
superintendent
dunning
staff
witucki
barrett
gratefully
acknowledged
areal
evaluations
peerlodge
park
area
deerlodge
park
along
yampa
river
easternmost
end
dinosaur
national
monument
moffat
county
fig
accessible
miles
paved
road
highway
geologic
formations
area
listed
table
rocks
deerlodge
park
exposed
monoclinal
fold
strata
inclined
southeastward
untermann
untermann
national
park
installed
two
wells
lodge
park
table
doerlojge
well
unused
well
feel
deep
reported
flt
gprn
gallons
per
minute
well
capped
sealed
present
used
future
vhen
source
power
pumping
available
record
pumping
test
specific
capacity
well
chemical
quality
water
deerlodgc
well
good
table
deeper
well
site
feet
deep
glen
canyon
sandstone
would
probably
furnish
estimated
requirement
deerlodge
park
reported
gpm
superintendent
iversen
oral
deerlodge
well
feet
deep
equipped
hand
pump
water
used
drinking
water
shallow
source
probably
contaminated
drinking
water
available
area
present
shallow
dug
veil
lined
stone
found
lower
end
disappointment
draw
narrow
valley
vest
deerlodge
park
well
iry
fig
table
weber
sandstone
exposed
west
draw
however
wells
ago
feet
deep
produce
good
formation
base
geological
survey
topographic
quadrangle
map
indian
water
canyon
colorado
contour
interval
feet
idotted
unes
represent
contours
datum
mean
sea
level
figure
deerlodge
park
table
data
wells
springs
deerlodge
park
area
key
well
location
number
depth
depth
water
yield
feet
feet
gpm
date
aquifer
disappointment
well
dry
park
city
deerlodge
well
flows
glen
canyon
deer
lodge
well
alluvium
key
spring
location
number
discharge
date
aquifer
bill
white
spring
curtis
disappointment
spring
park
city
two
springs
examined
deerlodge
park
area
including
disappointment
draw
fig
table
bill
white
spring
discharges
little
water
water
good
chemical
quality
table
disappointment
spring
also
discharges
little
water
probably
suitable
emergency
use
water
sulfate
dissolved
solids
excess
recommended
limits
public
health
service
table
dinosaur
quarry
area
dinosaur
quarry
area
near
southwest
corner
dinosaur
national
monument
north
green
river
figs
uintah
county
utah
accessible
miles
paved
road
highway
jensen
utah
dinosaur
quarry
outcrop
morrison
formation
one
several
formations
exposed
south
limb
split
mountain
anticline
untermann
untermann
strata
dip
southsouthwestward
vicinity
quarry
formations
area
described
table
sandstones
area
would
aquifers
drilled
wells
weber
glen
canyon
entrada
table
chemical
characteristics
water
selected
wells
springs
deerlodge
park
area
analyses
reported
milligrams
per
liter
date
sample
deerlodge
bill
white
disappointment
well
spring
spring
limits
silica
calcium
magnesium
sodium
potassium
bicarbonate
sulfate
chloride
fluoride
nitrate
boron
iron
dissolved
solids
hardness
temperature
specific
conductance
micromhos
dotted
represent
datum
mean
sea
level
base
geological
survey
topographic
quadrangle
map
dinosaur
quarry
utah
figure
dinosaur
quarry
area
october
national
park
service
installed
well
quarry
well
feet
deep
campbell
driller
written
near
quarry
fig
tahle
reportedly
yields
gpm
entrada
sandstone
however
thicknesses
sandstone
penetrated
totaling
feet
aquifer
penetrated
well
probably
glen
canyon
sandstone
well
head
located
feet
base
true
section
curtis
formation
dip
strata
site
perforated
interval
well
casing
feet
fall
within
glen
canyon
sandstone
shallow
well
riverbank
well
fig
table
provides
irrigation
water
lawns
gardens
dinosaur
quarry
area
recommended
another
well
drilled
alternate
supplementary
source
waler
public
supplies
area
recommended
well
site
shown
figure
feet
west
quarry
well
small
unnamed
draw
west
water
tank
estimated
drilling
depth
feet
glen
canyon
sandstone
use
quarry
spring
fig
table
discharging
gpm
reported
maximum
yield
water
supplies
discontinued
springs
area
remote
yield
sufficient
water
considered
sources
water
supply
quarry
well
provides
water
good
chemical
quality
intended
use
table
water
riverbank
well
concentrations
dissolved
solids
sulfate
excess
public
health
service
recommended
upper
limits
suitable
types
irrigation
example
lawns
gardens
orchard
draw
spring
water
good
quality
table
considered
remote
use
present
time
table
summary
data
wells
springs
dinosaur
quarry
area
key
well
quarry
well
riverbank
well
location
number
depth
feet
depth
water
yield
feet
gpm
date
surface
surface
aquifer
entrada
glei
canyon
alluvium
key
spring
red
wash
spring
quarry
spring
orchard
draw
spring
location
number
dis
cghpam
gee
aquifer
park
city
entrada
glen
canyon
table
chemical
characteristics
water
selected
wells
spring
dinosaur
quarry
area
analyses
reported
milligrams
per
liter
quarry
well
riverbank
orchard
phs
well
draw
spring
limits
date
sample
silica
calcium
magnesium
sodium
potassium
bicarbonate
hcoa
sulfate
chloride
fluor
ide
nitrate
boron
iron
dissolved
solids
hardness
temperature
specific
conductance
micromhos
gates
lodore
area
gates
lodore
area
lies
northernmost
part
dinosaur
national
monument
near
head
lodore
canyon
figs
moffat
county
colo
accessible
miles
unpaved
improved
road
colorado
state
highway
estimated
requirements
area
gpm
near
future
present
water
supply
gpm
may
insufficient
access
road
paved
visitors
area
increase
numbers
facilities
area
include
ranger
station
residence
maintenance
compound
presently
unused
campground
ramp
south
gates
lodore
green
river
canyon
walls
rise
abruptly
water
edge
river
miles
downstream
ranger
station
canyon
rim
feet
river
fig
uinta
mountain
group
browns
park
formation
alluvium
green
river
underlie
campground
ranger
station
table
gates
lodore
area
browns
park
formation
probably
exceed
feet
thickness
table
maximum
reported
thickness
browns
park
formation
feet
ihtermann
untermann
formation
dips
gently
eastward
area
overlapping
uinta
mountain
group
vernal
utah
feet
scale
feet
base
geological
survey
contour
interval
feet
topographic
map
canyon
lodore
datum
mean
orth
figure
gates
lodore
area
key
well
lodore
well
lodore
well
table
summary
data
wells
gates
lodore
area
location
number
depth
depth
water
yield
feet
feet
gpm
date
aquifer
alluvium
browns
park
table
chemical
characteristics
water
wells
gates
lodore
area
analyses
reported
milligrams
per
liter
lodore
well
lodore
well
phs
limits
date
sample
silica
calcium
magnesium
sodium
potassium
bicarbonate
sulfate
chloride
fluoride
nitrate
boron
iron
dissolved
solids
hardness
temperature
specific
conductance
micromhos
recommended
limit
tolerable
limit
national
park
service
installed
two
wells
gates
lodore
area
fig
tables
first
lodore
well
penetrated
alluvium
green
river
well
abandoned
chemical
quality
water
unsatisfactory
second
well
lodore
well
yields
gpm
browns
park
formation
drilling
third
well
suggested
alternate
supplementary
source
water
supply
meet
increased
near
requirements
approximate
proposed
location
terrane
lodore
well
shown
figure
springs
near
vicinity
lodore
ranger
station
browns
park
formation
aquifer
gates
lodore
area
capable
yielding
sufficient
water
development
monument
headquarters
area
dinosaur
national
monument
headquarters
area
miles
east
dinosaur
colot
adjacent
highway
moffat
county
figs
area
south
limb
blue
mountain
anticline
cullins
monoclinal
fold
strikes
east
dips
southward
formations
exposed
monument
headquarters
area
listed
described
table
principal
aquifer
underlying
monument
headquarters
area
glen
canyon
sandstone
national
park
service
installed
one
well
headquarters
well
feet
deep
fig
table
well
obtains
water
glen
canyon
sandstone
chemical
quality
water
good
intended
uses
table
second
well
installed
alternate
event
pump
failure
supplementary
source
water
periods
peak
demand
decline
yield
headquarters
well
percent
original
yield
owing
pump
failure
experienced
superintendent
iversen
oral
pump
since
replaced
well
site
east
maintenance
area
shown
proposed
well
site
figure
examined
required
drilling
depth
would
feet
alternate
site
shown
alternate
well
site
figure
feet
west
headquarters
well
required
drilling
depth
would
feet
springs
near
vicinity
dinosaur
national
monument
headquarters
jones
hole
area
jones
hole
area
part
dinosaur
national
monument
uintah
county
utah
fig
jones
hole
creek
canyon
represents
lower
continuation
diamond
gulch
jones
hole
area
accessible
boat
green
river
miles
secondary
roads
paved
improved
state
highway
vernal
utah
jones
hole
creek
canyon
traversable
foot
trails
fig
scale
feet
topographic
quadrangle
maps
datum
hill
colorado
plug
hat
rock
colorado
figure
monument
headquarters
table
summary
data
well
monument
headquarters
area
key
location
depth
depth
water
feet
feet
headquarters
well
yield
gpm
glen
canyon
geologic
formations
exposed
hole
area
listed
described
table
strata
cambrian
lodore
formation
undifferentiated
rocks
mississippian
age
morgan
formation
weber
sandstone
pennsylvanian
permian
age
rise
vertical
steps
jones
hole
creek
nearly
vertical
island
park
fault
shown
map
trending
northeastward
transects
central
part
jones
hole
creek
canyon
untermann
untermann
except
locally
deformed
island
park
fault
strata
jones
hole
area
dip
gently
southwestward
principal
aquifers
jones
hole
area
morgan
formation
weber
sandstone
campground
ranger
station
located
mouth
jones
hole
creek
campground
commonly
used
river
travelers
fig
water
uses
taken
directly
jones
hole
creek
increasing
use
area
visitors
others
water
jones
hole
creek
become
unsatisfactory
contamination
alternate
source
water
may
obtained
big
draw
spring
fig
table
obtaining
ground
water
wells
drilled
morgan
formation
weber
sandstone
feet
depth
north
island
park
fault
seems
feasible
however
roads
jones
hole
creek
canyon
potential
well
sites
presently
inaccessible
drilling
equipment
chemical
quality
water
jones
hole
big
draw
springs
good
fig
table
water
jones
hole
creek
also
good
chemical
quality
table
chemical
characteristics
water
headquarters
well
monument
headquarters
area
analyses
reported
milligrams
per
liter
headquartersphs
date
sample
silica
calcium
magnesium
sodium
potassium
bicarbonate
sulfate
chloride
fluoride
nitrate
boron
iron
dissolved
solids
hardness
temperature
specific
conductance
micromhos
contour
interval
datum
mean
sea
level
base
geological
surveys
figure
hole
area
topographic
quadrangle
map
jones
hole
table
data
springs
jones
hole
area
key
spring
colorado
north
burnt
spring
south
burnt
spring
utah
jones
hole
spring
big
draw
spring
ely
creek
spring
location
number
discharge
date
aquifer
morgan
morgan
morgan
weber
weber
echo
park
area
echo
park
lies
confluence
green
yampa
rivers
moffat
county
fig
echo
park
area
accessible
miles
paved
unpaved
roads
dinosaur
national
monument
headquarters
echo
park
within
deeply
incised
meander
green
river
fig
nearly
vertical
cliffs
weber
sandstone
table
rise
feet
valley
floor
park
quarter
square
mile
area
campground
ranger
station
near
north
end
estimated
requirements
presently
gpm
numbers
visitors
area
increase
requirements
may
increase
gpm
alluvium
much
feet
thick
echo
park
national
park
service
installed
two
shallow
wells
echo
park
wells
alluvium
echo
park
campground
fig
table
echo
park
well
subsequently
abandoned
echo
park
well
equipped
hand
pump
reported
yield
insufficient
quantities
water
periods
peak
demand
maintenance
superintendent
graham
liles
oral
mitten
fault
spring
shallow
well
box
elder
park
provide
water
river
travelers
echo
park
area
fig
table
chemical
characteristics
water
spring
selected
shallow
wells
given
table
table
chemical
characteristics
water
selected
springs
jones
hole
area
analyses
reported
mill
igrams
per
liter
jones
hole
spring
big
draw
spring
phs
limits
date
sample
silica
calcium
magnesium
sodium
potassium
bicarbonate
sulfate
chloride
fluoride
nitrate
boron
iron
dissolved
solids
hardness
cacoa
temperature
specific
conductance
micromhos
scale
base
geological
survey
contour
feet
topographic
quadrangle
map
canyon
mean
sea
level
colorado
figure
echo
feet
table
summary
data
spring
wells
echo
park
area
key
spring
location
number
discharge
gpm
date
aquifer
mitten
fault
spring
morgan
key
well
location
number
depth
feet
depth
water
feet
yield
gpm
aquifer
echo
park
well
surface
alluvium
park
well
surface
alluvium
echo
park
well
surface
weber
box
elder
well
surface
alluvium
abandoned
table
chemical
characteristics
water
selected
spring
wells
echo
park
area
analyses
reported
milligrams
per
liter
date
sample
mitten
fault
echo
park
box
elder
echo
park
phs
well
well
well
limits
silica
calcium
magnes
ium
sodium
potassium
bicarbonate
hco
sulfate
chloride
fluoride
nitrate
boron
iron
dissolved
solids
hardness
cacotemperature
specific
conductance
micromhos
test
well
echo
park
area
recommendations
drilling
third
well
echo
park
presented
memorandum
september
geological
survey
national
park
service
recommended
well
site
echo
park
einefc
sec
sixth
principal
base
line
meridian
altitude
well
site
interpolated
geological
survey
topographic
map
area
feet
fig
site
area
underlain
alluvium
fractured
weber
sandstone
drilling
echo
park
well
began
june
hole
accomodate
diameter
casing
drilled
rig
feet
alluvium
well
casing
firmly
seated
feet
weber
sandstone
thus
sealing
unconfined
ground
water
well
static
water
level
well
representing
water
table
alluvium
feet
datum
isd
top
first
joint
diameter
casing
shown
figure
well
drilled
depth
casing
open
hole
total
depth
feet
isd
drilling
rate
approximately
feet
per
hour
weber
found
fractured
entire
depth
penetrated
hole
ground
water
artesian
pressure
began
flow
well
feet
deep
well
deepened
flow
gradually
increased
flow
gpm
drilling
completed
depth
feet
diameter
casing
perforated
feet
installed
well
casing
perforated
interval
driller
reported
greatest
yield
well
drilled
twelve
torchcut
perforations
inches
made
staggered
pattern
foot
casing
perforated
diameter
casing
extends
feet
isd
connected
valved
diameter
horizontal
discharge
pipe
lower
inside
edge
discharge
pipe
feet
isd
fig
ring
seal
seated
around
casing
depth
space
surrounding
casing
grouted
cement
ring
seal
isd
well
surged
bailer
bailed
hours
water
clear
free
sediment
hours
perforated
casing
installed
artesian
flow
horizontal
discharge
pipe
gpm
water
level
casing
feet
isd
test
well
valve
discharge
pipe
closed
july
rise
water
level
casing
measured
recorded
hours
minutes
recovery
water
level
feet
isd
fig
rise
water
level
nearly
imperceptible
time
believed
near
static
level
valve
discharge
pipe
opened
well
allowed
flow
reaching
gpm
within
minutes
transmissivity
weber
sandstone
cubic
feet
per
day
per
foot
calculated
data
shown
figure
figure
installation
well
construction
data
echo
park
well
centrifugal
pump
rated
gpm
connected
well
open
top
casing
pumping
began
july
initial
pumping
rate
gpm
enough
lower
water
level
within
minutes
feet
isd
thus
causing
well
cease
flowing
horizontal
discharge
pipe
pumping
rate
drawdown
foot
specific
gallons
per
minute
per
foot
capacity
well
pumping
rate
maintained
hour
without
change
water
level
fig
pumping
rate
increased
gpm
lowering
water
level
feet
isd
within
minutes
pumping
rate
maintained
hours
hours
time
water
level
declined
additional
foot
feet
isd
last
hour
period
change
water
level
drawdown
feet
specific
capacity
fig
noon
pumping
rate
increased
gpm
lowering
water
level
foot
isd
within
minutes
pumping
rate
maintained
nearly
hours
first
part
time
first
minutes
water
level
declined
foot
foot
isd
change
water
level
final
hours
pumping
pumping
rate
drawdown
feet
specific
capacity
pumping
ceased
valve
discharge
pipe
closed
total
pumping
period
hours
minutes
figure
recovery
artesian
pressure
echo
park
well
july
gpm
change
head
one
cycle
cut
cos
gpm
cubic
jog
minutes
ceased
figure
recovery
curve
echo
park
well
showing
calculation
transmissivity
july
figure
drawdown
pumping
recovery
water
level
pumping
ceased
echo
park
well
recovery
water
level
feet
isd
nearly
instantaneous
period
seconds
water
level
oscillated
discharge
valve
opened
artesian
flow
resumed
gpm
feet
isd
relationship
discharge
water
level
echo
park
well
shown
figure
flow
well
increased
gpm
feet
isd
gpm
feet
isd
hours
minutes
following
cessation
pumping
fig
increase
interpreted
indication
artesian
flow
well
probably
sustained
increased
flow
also
indicates
well
probably
completely
developed
pumping
well
developed
pumping
well
flows
present
rate
pump
power
source
required
storage
tank
needed
rate
flow
water
level
fluctuate
slightly
seasonal
changes
artesian
pressure
within
aquifer
hence
flow
water
level
measured
recorded
least
monthly
order
define
range
fluctuations
recommended
well
allowed
flow
needed
rate
sufficient
supply
campground
requirements
gpm
freezing
weather
continuous
flow
gpm
sufficient
prevent
damage
discharge
pipe
valve
freezing
rate
flow
interfere
water
supply
source
water
area
static
ftorf
ffzom
discharge
plp
foo
gallons
per
figure
relationship
discharge
water
level
echo
park
well
figure
increase
artesian
flow
pumping
ceased
echo
park
well
cessation
flow
horizontal
discharge
pipe
due
loss
artesian
pressure
possible
occur
siphon
well
near
land
water
pipeline
installed
land
surface
provide
resumption
artesian
flow
artesian
head
ever
decline
land
surface
sufficient
water
ranger
station
campground
area
gpm
provided
means
small
centrifugal
pump
water
samples
chemical
analysis
taken
well
feet
deep
also
recovery
artesian
flow
gpm
following
completion
pumping
test
water
clear
without
apparent
sediment
sand
noticeable
taste
temperature
results
chemical
analysis
sample
collected
test
completed
given
table
significant
difference
water
feet
water
completed
well
remote
areas
springs
serve
emergency
sources
water
occasional
visitors
data
two
unused
wells
springs
areas
given
table
locations
key
number
given
figure
tab
data
wells
sprltigs
jareafi
dinosaur
key
locat
ion
number
depth
feet
depth
water
feet
yield
gpm
date
aquifer
colorado
baker
cabin
well
utah
park
city
formation
ruple
ranch
well
alluylum
key
spring
colorado
corral
spring
baker
spring
seeps
serviceberry
spring
marthas
spring
red
rock
ranch
spring
canyon
overlook
spring
surveyor
spring
limestone
spring
locat
ion
number
discharge
gpm
date
aquifer
browns
park
formation
cartra
member
shinarump
member
chinle
formation
alluvium
gartra
member
shinatxirnp
member
chinle
forma
tioh
alluvium
mis
issipp
ian
strata
undif
fercnt
iated
rippling
brook
spring
east
hackings
spring
west
hackings
spring
dripping
rock
spring
bassett
camp
spring
buffhams
spring
chokecherry
spring
buffhams
spring
rma
luviuiu
utah
garden
creek
spring
mckfce
spring
glen
canyon
sandstone
frou
sand
tone
nrv
mencos
shale
summary
plans
fiscal
year
evaluation
water
resources
hydrology
deerlodge
park
dinosaur
quarry
area
gates
lodore
jones
hole
area
monument
headquarters
area
test
drilling
echo
park
area
show
areas
potential
sites
drilled
wells
morgan
formation
weber
sandstone
glen
canyon
navajo
sandstone
test
well
echo
park
provide
water
sufficient
site
jones
hole
area
springs
provide
sufficient
water
supplies
requirements
near
future
hydrologic
investigations
proposed
fiscal
year
include
exploration
water
sources
remote
sections
monument
accessible
foot
dry
woman
canyon
outlaw
park
thanksgiving
gorge
others
areas
explored
springs
measured
discharge
selectively
sampled
chemical
analyses
evaluated
use
occasional
visitors
emergency
use
hydrologic
geologic
data
compiled
initial
stage
preparation
final
report
selected
references
cullins
geologic
map
mellen
hill
counties
kinney
geology
uinta
creole
area
duchesne
uintah
counties
utah
geol
rji
sears
yampa
canyon
uinta
mountains
geol
survey
paper
thomas
hydrologic
reconnaissance
river
utah
colorado
geol
survey
circ
untermann
unterraann
geology
lnosj
iri
national
monument
vicinity
utah
geolill
mineralog
survey
bull
geologic
map
dinosaur
national
monument
colorado
utah
dinosaur
nature
assoc
coop
utah
geol
survey
utah
field
house
nat
history
scale
public
health
service
drinking
water
standards
health
service
pub
appendix
appendix
units
terminology
results
chemical
analyses
temperature
measurements
given
report
metric
units
rather
familiar
english
units
temperatures
given
degrees
concentrations
reported
milligrams
per
liter
milliequivalents
per
liter
decrees
celsius
units
used
reporting
temperature
metric
system
one
degree
celsius
equal
degrees
fahrenheit
freezing
point
water
celsius
scale
following
table
may
usedrto
convert
temperature
data
given
report
familiar
fahrenheit
scale
unnumbered
table
next
page
milligrams
per
liter
base
unit
expressing
concentration
chemical
constituents
solution
represents
weight
solute
per
unit
volume
water
concentrations
less
unit
numerically
nearly
equal
unit
parts
per
million
ppm
formerly
used
geological
survey
table
temperatures
rounded
nearest
degree
underscored
temperatures
exact
equivalents
convert
two
lines
value
use
line
marked
asterisk
obtain
equivalent
temperature
conversions
beyond
limits
table
use
equations
formulae
say
effect
freezing
point
water
temperature
rises
falls
every
rise
fall
capacity
aquifer
transmit
store
water
described
transmissivity
aquifer
hydraulic
conductivity
material
storage
coefficient
aquifer
transmissivity
rate
water
transmitted
unic
width
aquifer
unit
hydraulic
gradient
units
cubic
feet
per
day
per
foot
reduces
term
transmissivity
replaces
term
coefficient
transraissibility
formerly
used
geological
survey
reported
units
ofrgallons
per
day
per
foot
convert
value
coefficient
transraissibility
equivalent
value
transmissivity
multiply
convert
transmissivity
coefficient
transmissibility
multiply
hydraulic
conductivity
material
volume
water
move
unit
cross
section
material
unit
time
unit
hydraulic
gradient
units
cubic
feet
per
day
per
square
foot
reduces
term
hydraulic
conductivity
replaces
term
field
coefficient
permeability
formerly
used
geological
survey
reported
units
gallons
per
day
per
square
foot
convert
value
field
coefficient
permeability
equivalent
value
hydraulic
conductivity
multiply
convert
hydraulic
conductivity
coefficient
permeability
multiply
storage
coefficient
aquifer
volume
water
releases
takes
storage
per
unit
surface
area
aquifer
per
unit
change
head
dimensionless
number
confined
conditions
typically
small
generally
unconfined
conditions
much
larger
typically
appendix
sections
within
township
tracts
within
section
cab
spring
numbering
system
used
utah
appendix
used
colorado
