department
interior
geological
survey
petroleum
geology
santa
maria
basin
assessment
province
california
national
assessment
undiscovered
oil
gas
resources
caroline
report
report
preliminary
reviewed
conformity
geological
survey
editorial
standards
north
american
stratigraphic
code
use
trade
product
firm
names
descriptive
purposes
imply
endorsement
government
geological
survey
middlefield
road
menlo
park
california
contents
introduction
basin
structural
setting
stratigraphy
source
roclb
burial
history
thermal
maturity
timing
migration
hydrocarbon
occurrence
geographic
distribution
stratigraphic
structural
habitat
petroleum
basis
play
definition
neogene
play
play
definition
reseivoirs
traps
seals
oil
characteristics
depth
occurrence
exploration
status
history
future
potential
acknowledgments
references
figures
index
maps
assessment
province
play
boundary
neogene
basins
oil
gas
fields
contour
map
base
tertiary
santa
maria
basin
plate
tectonic
model
tertiary
california
margin
rotation
tectonic
model
santa
maria
basin
structural
interpretations
wrench
tectonics
compresssional
tectonics
terrane
model
california
margin
stratigraphic
columns
huasna
district
arroyo
grande
district
central
santa
maria
district
southwestern
santa
maria
district
southeastern
santa
maria
district
trap
types
structural
trap
orcutt
field
stratigraphic
trap
santa
maria
valley
field
combination
trap
west
area
cat
canyon
field
contour
map
top
monterey
onshore
santa
maria
basin
contour
map
top
monterey
offshore
santa
maria
basin
tables
field
data
major
fields
nehring
oil
production
reserves
minor
fields
field
data
california
division
oil
gas
introduction
report
presents
summary
geology
used
basis
geological
survey
assessment
undiscovered
oil
gas
resources
santa
maria
basin
assessment
province
petroleum
geology
taken
part
published
sources
principally
crawford
california
division
oil
gas
assessment
made
baseline
discovered
oil
gas
resources
cumulative
production
plus
proved
reserves
nehring
data
base
nrg
associates
includes
fields
resources
exceeding
mmboe
million
barrels
oil
equivalent
figures
correspond
california
division
oil
gas
includes
fields
sizes
reserve
additions
due
field
development
new
discoveries
subsequently
declared
california
division
oil
gas
assessment
purposes
regarded
undiscovered
resources
total
cumulative
production
assessment
province
mmbbl
million
barrels
oil
mmbbl
ngl
natural
gas
liquids
bcf
billion
cubic
feet
gas
proved
reserves
totalled
mmbbl
oil
mmbbl
ngl
bcf
gas
nrg
associates
basin
location
santa
maria
basin
assessment
province
located
central
coastal
california
defined
figure
province
bounded
south
approximately
santa
ynez
fault
east
santa
county
line
west
offshore
western
limit
state
waters
within
miles
shore
jalama
south
nearly
monterey
north
northeast
assessment
province
generally
bounded
fault
extends
beyond
fault
north
include
approximate
extent
exposed
metamorphic
basement
rocks
geologically
speaking
assessment
province
mainly
represents
tertiary
onshore
santa
maria
basin
pismo
basin
arroyo
grande
district
figure
huasna
basin
huasna
district
figure
addition
assessment
province
also
includes
small
unnamed
tertiary
basins
basin
fragments
coast
ranges
west
fault
piece
tertiary
salinas
basin
northeast
fault
area
north
wedge
along
southern
boundary
regarded
part
tertiary
santa
basin
slivers
tertiary
sur
offshore
santa
maria
basins
adjacent
offshore
state
waters
figure
structural
setting
prevailing
views
formation
west
coast
neogene
basins
based
modifications
atwater
atwater
molnar
plate
tectonic
model
west
coast
north
america
model
neogene
basins
formed
triple
junction
north
american
pacific
farallon
plates
migrated
north
south
vicinity
southern
california
present
figure
various
theories
address
formation
basins
within
setting
blake
others
including
model
formation
neogene
santa
maria
geologic
basin
basin
tectonism
hall
another
theory
neogene
santa
maria
geologic
basin
formed
area
thinned
crust
related
clockwise
tectonic
rotations
elongate
crustal
blocks
bounded
less
vertical
faults
figure
hornafius
horaafius
others
miocene
younger
structural
style
assessment
province
generally
regarded
dominated
wrench
tectonics
associated
vertical
faulting
howell
others
figures
however
compressional
tectonics
associated
thrust
reverse
faulting
recently
advocated
dominant
structural
style
development
adjacent
offshore
areas
crouch
others
figure
subsequent
assessment
major
anticlinal
structures
throughout
assessment
province
related
folds
pliocene
younger
fold
thrust
belt
namson
davis
stratigraphy
santa
maria
basin
assessment
province
mainly
included
composite
terrane
vedder
others
composite
san
simeon
terrane
stanley
mountain
terrane
basement
rocks
san
simeon
terrane
consist
jurassic
cretaceous
franciscan
melange
figure
basement
rocks
stanley
mountain
terrane
consist
coast
range
ophiolite
upper
jurassic
cretaceous
sedimentary
rocks
espada
knoxville
formation
assessment
area
unconformity
represents
late
cretaceous
paleogene
time
vedder
others
unconformity
widespread
predominantly
miocene
strata
miocene
monterey
formation
point
sal
formation
stratigraphy
varies
locality
locality
southernmost
part
assessment
area
figures
sequence
overlain
locally
sespe
formation
overlying
sespe
overlying
late
paleogene
unconformity
huasna
figure
pismo
figure
geologic
basins
coastal
areas
north
west
fault
sequence
includes
sandstones
vaqueros
formation
shale
sandstone
early
miocene
rincon
shale
overlying
rincon
shale
volcaniclastic
sedimentary
rocks
miocene
obispo
tuff
areas
north
santa
maria
geologic
basin
figures
tranquillon
volcanics
locally
southern
part
assessment
province
figures
dibblee
locally
santa
maria
geologic
basin
especially
northwestern
part
basin
late
unconformity
overlain
sandstones
conglomerates
mudstones
lospe
formation
figure
unit
dated
early
miocene
age
stanley
others
time
assessment
presumed
uncertainly
late
oligocene
early
miocene
age
overlying
rincon
shale
southernmost
part
assessment
area
figures
obispo
tuff
areas
north
santa
maria
geologic
basin
figures
lospe
formation
locally
within
santa
maria
geologic
basin
figure
franciscan
cretaceous
sedimentary
rocks
within
much
santa
maria
geologic
basin
predominantly
strata
miocene
point
sal
monterey
formations
strata
consist
mainly
bathyal
siliceous
mudstones
shales
derived
diatom
oozes
sandstones
notably
abundant
lower
part
strata
central
part
onshore
santa
maria
basin
local
custom
areas
pismo
huasna
basins
lower
part
sequence
locally
included
point
sal
formation
overlying
monterey
formation
sequences
marine
sedimentary
rocks
generally
representing
deposition
comparatively
shallow
environments
santa
maria
geologic
basin
figure
lagoe
monterey
formation
overlain
places
disconformably
slight
significant
angularity
outer
neritic
mudstones
uppermost
miocene
lower
pliocene
sisquoc
formation
much
thick
clayey
mudstones
pliocene
foxen
mudstone
shallow
marine
sandstone
conglomerate
upper
pliocene
careaga
sandstone
pismo
basin
figure
monterey
formation
defined
equivalently
thick
sequence
upper
miocene
siliceous
mudstones
shales
locally
included
overlying
pismo
formation
pismo
formation
also
includes
shallow
marine
sandstones
conglomerates
latest
miocene
pliocene
age
figure
see
also
kablanow
surdam
huasna
basin
figure
monterey
formation
overlain
mainly
siltstone
sandstone
santa
margarita
formation
overlying
marine
pliocene
sequence
areas
assessment
province
upper
pliocene
pleistocene
gravel
sand
silt
deposits
paso
robles
formation
figure
basic
references
detailed
stratigraphy
assessment
province
canfield
woodring
bramlette
dibblee
hall
corbato
hall
hall
prior
hall
others
source
rocks
monterey
formation
generally
thought
significant
source
rock
santa
maria
basin
assessment
area
though
potential
source
rocks
rincon
shale
locally
present
area
studies
available
time
assessment
included
samples
within
assessment
province
mainly
surdam
stanley
pismo
santa
barbara
assessment
province
boundary
assessment
province
boundary
boundary
pacific
ocean
ventura
basin
assessment
province
figure
location
santa
maria
basin
assessment
province
neogene
play
boundary
point
arena
cordell
outer
santa
cruz
offshore
santa
maria
santa
lucia
onshore
santa
maria
santa
los
angeles
figure
location
neogene
basins
california
blake
others
mcculloch
lined
area
shows
assessment
province
basin
lopez
canyon
arroyo
grande
huasna
san
miguel
offshore
santa
maria
basin
point
pedernales
santa
maria
valley
casmalia
orcutt
vmmaarriia
cat
canyon
four
deer
onshore
santa
maria
basin
lompoc
barham
ranch
los
alamos
bonito
point
arguello
sword
hondo
santa
barbara
channel
santa
rosa
figure
oil
gas
fields
assessment
province
adjacent
areas
south
california
division
oil
gas
conception
figure
generalized
contour
map
base
tertiary
santa
maria
basin
assessment
province
california
datum
sea
level
contour
interval
mile
black
areas
cretaceous
outcrops
hachured
areas
upper
cretaceous
outcrops
shown
figure
located
reprinted
crawford
permission
figure
schematic
model
interaction
pacific
farallon
north
american
plates
six
tertiary
time
intervals
showing
time
initial
development
location
general
shape
neogene
basins
formed
blake
others
based
atwater
molnar
eel
river
basin
point
arena
basin
bodega
basin
santa
cruz
basin
osc
outer
santa
cruz
basin
santa
maria
basin
scb
southern
california
basin
sebasian
vizcaino
basin
tortugas
basin
magdalena
borderland
cxpianation
norm
american
otato
ctloh
iom
melfte
olata
notion
rotatim
worth
amor
icon
loto
toctonieomy
wmrtln
fmifle
norm
amortoan
ptotot
octonjc
rld
trontform
fault
southern
california
figure
geography
palinspastic
reconstruction
showing
preseritday
faults
shorelines
southern
california
circular
arrows
indicate
sense
amount
tectonic
rotation
suggested
paleomagnetic
data
rotation
interval
straight
arrows
indicate
amount
displacement
piercing
points
along
major
faults
reprinted
hornafius
others
permission
solhh
ltrtl
franciscan
woo
woo
figure
cross
sections
santa
maria
basin
assessment
province
santa
maria
district
crawford
based
krammes
curran
others
huasna
district
crawford
based
hall
corbato
across
southeastern
santa
maria
district
crawford
dibblee
location
cross
sections
shown
figure
reprinted
crawford
permission
santa
lucia
bank
figure
example
wrench
tectonic
interpretation
offshore
santa
maria
basin
howell
others
northeastern
santa
maria
basin
northeastern
santa
maria
basin
sec
figure
example
compressional
tectonic
interpretation
offshore
santa
maria
basin
point
sal
reprinted
crouch
others
permission
sutured
terranes
time
mybp
composite
terrane
salinian
composite
terrane
figure
geologic
history
santa
maria
santa
barbaraventura
basins
terranes
southern
california
northern
baja
california
showing
santa
allochthon
diagonal
lines
baja
borderland
allochthon
stippled
pattern
howell
others
proposed
latitude
trajectories
allochthons
constituent
terranes
shown
howell
others
generalized
stratigraphic
column
salinian
composite
terrane
composite
terrane
including
san
simeon
terrane
stanley
mountain
terrane
modified
slightly
vedder
others
formation
lith
santa
margarita
uaj
description
fine
coorse
groined
sondstone
ond
sondy
siltstone
siltstone
ond
siliceous
siltstone
fine
coorse
groined
sondstone
siltstone
ond
cloystone
fine
coorse
groined
sondstone
ocene
monterey
sal
obispo
tjt
ucojt
snobovj
carrie
creek
jollo
franciscan
siltstone
porceloneous
cherty
ond
limy
shole
ond
chert
northeastern
fine
medium
groined
sondstone
focies
diotomoceous
tuffoceous
siltstone
ond
cloystone
grades
laterally
obispo
southwest
ond
medium
groined
sondstone
northeast
tuff
ond
ash
siltstone
interbeds
cloystone
fine
coorse
groined
sondstone
conalomerote
ond
siltstone
fine
coorse
groined
sondstone
siltstone
ond
conglomerate
cloystone
conglomerate
sondstone
sondstone
siltstone
chert
ond
bosolt
serpentine
intrusions
figure
generalized
stratigraphic
section
huasna
district
reprinted
crawford
permission
luoj
iii
ouj
clret
formation
paso
robles
lith
description
grovel
sond
marine
fine
coarse
grained
sandstone
shale
claystane
interbeds
conglomerate
pismo
monithty
ooo
fine
medium
grained
sandstone
diotomite
diatomoceaus
shale
interbeds
sand
fine
coarse
grained
sandstone
sond
sond
silty
shale
siltstone
northern
fine
medium
grained
sandstone
tar
sand
siliceous
shale
diatamoceaus
shale
locally
cherty
porceloneous
cherty
shale
efle
siliceous
limy
shale
point
sal
obispo
rincon
vaqueros
franciscan
tuff
agglomerate
ash
bentonite
silty
cloy
shale
interbeds
altered
igneous
rocks
figure
generalized
stratigraphic
section
arroyo
grande
district
reprinted
crawford
permission
uljpopw
eerr
pliocene
formation
paso
robles
careaga
foxen
lith
zrere
description
grovel
sond
silt
cloy
coorse
groined
sondstone
conglomerote
fine
groined
sondstone
muds
tone
ond
siltstone
silty
tor
sond
upper
middle
sisquoc
iii
point
sal
lospe
zzt
diotomoceous
cloystone
ond
siltstone
diotomite
northern
eastern
marginal
sondstone
facies
porceloneous
shale
generally
ploty
locally
cherty
ond
laminated
diotomite
siliceous
ond
cherty
shole
ond
chert
phosphotic
silty
limy
ond
siliceous
shole
fine
coarse
groined
sandstone
locally
present
mudstone
ond
siltstone
thin
sandstones
greenish
ond
reddish
mudstone
siltstone
sondstone
conglomerate
knoxville
franciscan
ier
van
cloy
shole
sondstone
ond
conglomerote
altered
igneous
rocks
figure
generalized
stratigraphic
section
central
santa
maria
district
reprinted
crawford
permission
uzj
uoj
uooj
formation
paso
robles
careaga
lith
description
grovel
sand
silt
cloy
nan
marine
pebbly
sandstone
fine
groined
sandstone
sisquoc
diotomite
diotomoceous
cloystone
monterey
porceloneous
shale
generally
ploty
ill
tranquillon
siliceous
cherty
shale
chert
phosphotic
silty
limy
siliceous
shales
mudstone
siltstone
rhyolite
agglomerate
tuff
cloystone
vaqueros
medium
coarse
groined
sandstone
conglomerate
ooogs
wmwm
fine
medium
groined
sandstone
cloy
shale
cozy
dell
matilija
anita
cloy
shale
cloy
shale
iiiuj
espada
knoxville
carbonaceous
shale
thin
sandstone
interbeds
franciscan
sandstone
sheared
cloy
shale
chert
basalt
serpentine
intrusions
figure
generalized
stratigraphic
section
southwestern
santa
maria
district
reprinted
crawford
permission
pleist
upper
lower
uool
formation
paso
robles
lith
wvis
monterey
sal
vaqueros
sespe
coldwater
cozy
dell
matilija
juncal
sierra
blanca
description
gravel
sand
silt
clay
nen
medium
groined
sandstone
fine
medium
groined
sandstone
diatomite
end
diatomoceous
siltstone
eastern
sandstone
tequepis
siliceous
silly
shale
generally
platy
porcelaneous
shale
generally
platy
locally
cherty
organic
phosphatic
clay
shalt
fine
medium
grained
sandstone
locally
tuffaceous
cloy
shale
silly
shale
fint
medium
groined
sandstone
sandy
siltstone
fine
coarse
sandstone
conglomerate
reddish
greenish
silty
shale
non
fine
coarse
grained
sandstone
siltstone
interbeds
cloy
shale
silty
shale
fine
coarse
groined
sandstone
minor
siltstone
interbeds
cloy
shale
silty
shale
thin
sandstone
interbeds
sandy
limestone
espada
knoxville
carbonaceous
shale
thin
sandstone
interbeds
franciscan
oqoqoq
sandstone
sheared
cloy
shale
chert
figure
generalized
stratigraphic
section
southeastern
santa
maria
district
reprinted
crawford
permission
area
kablanow
surdam
huasna
area
curiale
others
orr
study
later
released
isaacs
tomson
onshore
santa
maria
area
data
also
available
point
conception
dst
well
offshore
santa
maria
basin
claypool
others
king
claypool
petersen
hickey
reported
values
total
organic
carbon
toc
monterey
formation
pismo
basin
surdam
stanley
santa
maria
basin
reported
values
toc
sisquoc
formation
monterey
formation
point
sal
formation
isaacs
others
general
monterey
strata
classed
type
kerogen
thought
derived
mainly
marine
algal
sources
varying
contributions
terrigenous
sources
surdam
stanley
kablanow
surdam
isaacs
tomson
sulfur
richness
kerogen
type
come
generally
known
subsequent
assessment
type
heasler
surdam
burial
history
thermal
maturity
timing
migration
main
burial
histories
available
time
assessment
pisciotto
onshore
santa
maria
basin
heasler
surdam
pismo
basin
kablanow
surdam
huasna
basin
histories
limited
lack
measured
equilibrium
thermal
gradients
published
one
well
santa
maria
valley
orcutt
lompoc
fields
french
lack
empirical
evidence
paleogradients
time
assessment
models
maturation
thermal
history
santa
maria
basin
assessment
province
complicated
two
newly
discovered
problems
misleading
maturity
parameters
misleading
thermal
models
maturity
parameters
misleading
probably
compositional
characteristics
kerogen
sparse
vitrinite
high
sulfur
oil
generation
comparatively
short
histories
milner
others
mcculloh
walker
others
petersen
hickey
heasler
surdam
orr
purposes
maturity
parameters
monterey
formation
considered
unreliable
little
value
summary
see
isaacs
petersen
thermal
models
misleading
unusual
porosity
thermal
conductivity
characteristics
diatomaceous
rocks
uncertainties
thermal
history
summary
see
isaacs
petersen
combined
unreliable
maturity
parameters
purposes
thermal
models
highly
speculative
questionable
value
predicting
oil
generation
however
ongoing
research
topics
subsequent
assessment
may
providing
useful
approaches
predictive
understanding
heasler
surdam
king
lillis
potential
deep
hydrocarbon
generation
areas
onshore
santa
maria
basin
lie
major
synclinal
areas
santa
maria
valley
orcutt
fields
orcutt
lompoc
fields
synclinal
areas
monterey
formation
shows
greater
diagenetic
grade
thermal
maturity
adjacent
structurally
high
areas
pisciotto
isaacs
tomson
basis
thickness
differences
sisquoc
formation
younger
strata
across
major
anticlinal
structures
see
example
figure
section
growth
structures
long
regarded
begun
late
miocene
coincident
boundary
sisquoc
monterey
formations
woodring
bramlette
growth
trapping
structures
presumed
preceded
migration
generated
hydrocarbons
crawford
subsequent
assessment
new
structural
interpretation
suggested
formation
thickness
differences
might
due
later
compressional
tectonic
regime
namson
davis
interpretation
correct
major
anticlinal
trapping
structures
may
developed
later
time
previously
thought
earlier
formed
trap
types
sandstone
pinchouts
might
accumulated
oil
lillis
king
hydrocarbon
occurrence
geographic
distribution
total
discovered
oil
gas
resources
assessment
province
vast
majority
located
onshore
santa
maria
basin
somewhat
less
derive
arroyo
grande
field
pismo
basin
minor
amounts
mmbbl
huasna
lopez
canyon
fields
huasna
basin
figure
table
areas
assessment
province
within
state
waters
within
miles
coastline
remain
undrilled
stratigraphic
structural
habitat
petroleum
oil
onshore
santa
maria
geologic
basin
occurs
various
rock
types
miocene
monterey
formation
shales
sandstones
overlying
latest
miocene
early
pliocene
sisquoc
formation
underlying
early
miocene
point
sal
formation
tables
minor
oil
also
reported
pliocene
foxen
formation
fractured
sandstones
lospe
formation
upper
cretaceous
knoxville
espada
formation
pismo
geologic
basin
arroyo
grande
field
oil
produced
permeable
sandstones
pismo
santa
margarita
formation
unusual
characteristic
oil
reservoirs
assessment
area
predominance
fractured
reservoirs
according
crawford
estimates
cumulative
production
time
derived
fractured
monterey
reservoirs
fractured
rock
permeable
sandstone
reservoirs
fractured
monterey
reservoirs
also
significant
adjacent
offshore
areas
point
arguello
field
offshore
santa
maria
basin
grain
others
hondo
field
santa
barbara
channel
operator
report
geological
survey
characteristic
fractured
reservoirs
difficulty
identifying
presence
reservoirs
due
lack
oil
shows
disregard
conventional
interpretation
summary
see
isaacs
petersen
within
assessment
area
petroleum
traps
two
major
types
structural
anticlinal
stratigraphic
overlap
truncation
sandstone
pinchout
schematic
examples
typical
traps
shown
figure
according
crawford
estimates
cumulative
production
time
derived
major
fields
characterized
anticlinal
traps
produce
mainly
fractured
monterey
reservoirs
cumulative
production
fields
characterized
stratigraphic
traps
produce
truncated
fractured
monterey
shale
overlapped
sisquoc
strata
lenticular
sisquoc
sandstones
estimated
cumulative
production
derived
overlapped
hard
sandstone
units
tarsealed
sandstones
subsequent
assessment
however
showed
several
fields
zaca
field
characterized
crawford
stratigraphic
traps
generally
classed
california
division
oil
gas
structural
traps
thus
cumulative
production
stratigraphic
traps
likely
less
perhaps
range
basis
play
definition
major
distinction
among
fields
considered
play
definition
reservoir
type
fractured
shale
permeable
sandstone
classed
reservoir
horizon
however
production
derived
fields
fractured
reservoirs
conventional
sandstone
reservoirs
california
division
oil
gas
many
individual
wells
produce
commingled
oils
production
historically
tabulated
field
area
reservoir
pool
throughout
assessment
province
methodology
assessment
based
field
discovery
history
field
size
distribution
distinction
reservoir
types
thus
practical
another
possible
distinction
among
fields
play
definition
might
trap
type
structural
stratigraphic
however
classed
trap
type
production
derived
solely
structural
traps
nearly
remaining
production
derived
fields
combination
trap
types
small
number
fields
assessment
province
major
fields
classed
nehring
data
single
hydrocarbon
source
regional
similarity
trap
types
combination
types
impracticality
cleanly
dividing
fields
categories
production
data
fields
assessment
area
grouped
together
single
play
termed
neogene
play
neocene
play
play
definition
neogene
play
characterized
oil
accumulations
reservoired
neogene
subjacent
strata
structural
stratigraphic
combination
traps
play
includes
tertiary
onshore
santa
maria
huasna
pismo
basins
together
adjacent
state
waters
area
approximately
miles
long
miles
wide
figure
reservoirs
major
reservoir
fractured
monterey
strata
estimated
crawford
accounting
cumulative
production
according
regan
hughes
important
fractured
reservoir
lithologies
chert
zones
followed
calcareous
shale
zones
platy
siliceous
porcelaneous
shale
zones
minor
economic
importance
dolostone
may
also
important
reservoir
lithology
locally
redwine
roehl
reservoirs
porosity
values
little
significance
production
mainly
result
permeability
adding
porosity
matrix
porosity
values
regan
hughes
grain
others
summary
discussion
see
isaacs
petersen
minor
fractured
reservoir
horizons
estimated
production
include
hard
sandstones
knoxville
lospe
point
sal
formations
crawford
second
major
reservoir
type
permeable
sandstone
sisquoc
point
sal
arroyo
grande
field
pismo
formations
crawford
production
sisquoc
sandstones
mainly
cat
canyon
santa
maria
valley
guadalupe
fields
point
sal
sandstones
main
area
santa
maria
valley
field
orcutt
field
casmalia
field
lagoe
indicated
point
sal
orcutt
field
bathyal
turbidite
sequence
likely
derived
northerly
direction
whereas
sisquoc
sandstones
marginal
facies
woodring
others
woodring
bramlette
traps
seals
simplest
traps
onshore
santa
maria
basin
major
faulted
anticlinal
traps
including
orcutt
figure
casmalia
lompoc
oil
fields
small
fields
characterized
solely
stratigraphic
traps
central
area
cat
canyon
field
produces
sisquoc
sandstone
west
area
santa
maria
valley
field
fields
basin
however
complex
traps
classed
combination
traps
nrg
associates
good
example
west
cat
canyon
field
figure
originally
produced
original
part
field
area
termed
sandstone
lenses
sisquoc
formation
woodring
bramlette
later
production
field
since
mainly
deeper
monterey
reservoirs
faulted
anticline
woodring
bramlette
california
division
oil
gas
seals
equally
complex
stratigraphic
traps
montereysisquoc
formational
boundary
lenticular
sands
within
sisquoc
pismo
formations
sisquoc
pismo
strata
provide
seal
within
monterey
formation
abundant
seals
available
matrix
permeability
permeability
extremely
low
porosity
permeability
barriers
due
variations
fracturing
probably
principal
seal
guadalupe
field
cemented
conglomerate
main
seal
woodring
bramlette
oil
characteristics
oil
assessment
province
generally
heavy
asphaltic
oil
api
gravities
less
although
included
assessment
conventional
resources
resources
area
thus
classed
unconventional
usual
definition
much
debate
surrounds
reason
generation
heavy
oils
heavy
oil
may
result
biodegradation
work
late
early
suggested
heavy
oils
santa
maria
area
instead
mainly
primary
heavy
oils
representing
early
generation
milner
others
petersen
hickey
curiale
orr
early
generation
generation
levels
thermal
metamorphism
conventionally
thought
oil
attributed
lowactivation
kerogen
petersen
hickey
according
petersen
hickey
oils
typically
contain
unusually
large
proportion
nonhydrocarbon
compounds
monterey
oil
average
oil
average
comparatively
small
proportion
saturated
hydrocarbons
monterey
oil
average
oil
average
indications
immaturity
many
including
marked
normal
alkane
profiles
also
characteristic
source
kerogen
summary
see
petersen
hickey
isaacs
petersen
addition
heavy
oil
assessment
province
tends
rich
sulfur
average
values
orr
sulfur
oils
correlates
inversely
api
gravity
high
sulfur
oil
generally
heavy
orr
orr
suggested
cause
early
generation
relative
ease
breaking
bonds
kerogen
type
hypothesized
oils
barham
ranch
area
due
kerogen
sources
area
depth
occurrence
depth
top
oil
reservoir
horizons
moderate
average
less
fields
listed
nehring
data
base
average
depth
reservoir
thickness
ranges
less
average
shallowest
average
reservoir
depths
casmalia
orcutt
modified
aapq
section
union
dome
union
careaga
foxen
sisquoc
figure
antidinal
santa
maria
valley
field
structure
section
modlfud
aapq
section
paso
robles
figure
example
stratigraphic
trap
cross
section
santa
maria
valley
field
showing
overlaptruncation
formational
boundary
reprinted
katherman
permission
figure
example
combination
trap
cross
section
west
area
cat
canyon
field
showing
stratigraphic
trap
sisquoc
sandstones
structural
trap
underlying
monterey
fractured
reservoirs
california
division
oil
gas
santa
maria
basin
structure
top
monterey
figure
depth
top
monterey
formation
onshore
santa
maria
basin
showing
major
oil
fields
dashed
lines
faults
wiggly
lines
mark
zero
edge
monterey
formation
reprinted
katherman
permission
offshore
santa
maria
basin
ogle
regional
monterey
formation
structural
trends
aft
ogl
argueuo
area
regional
monterey
formation
structural
trends
figure
generalized
monterey
structure
contour
map
offshore
santa
maria
basin
left
area
right
showing
oil
gas
fields
contour
interval
except
dashed
lines
show
boundaries
closed
structural
highs
lows
datum
sea
level
uncountoured
area
adjacent
coastline
state
waters
reprinted
ogle
others
permission
otso
arroyo
grande
fields
deepest
average
reservoir
depths
west
area
cat
canyon
field
see
table
however
fields
assessment
province
rather
complex
variety
oil
zones
reservoir
horizons
table
several
recently
discovered
pools
minor
fields
listed
nehring
data
base
see
table
average
depths
including
monterey
deep
pool
main
area
orcutt
field
los
alamos
field
careaga
canyon
field
old
area
san
antonio
creek
area
exploration
status
history
oil
first
discovered
assessment
area
main
area
orcutt
field
cumulative
production
mmbbl
tables
ensuing
exploration
discoveries
came
rapidly
major
oil
fields
mainly
anticlinal
traps
discovered
cumulative
production
lompoc
main
area
mmbbl
casmalia
mmbbl
arroyo
grande
tiber
area
mmbbl
west
cat
canyon
mmbbl
east
cat
canyon
mmbbl
gato
ridge
area
cat
canyon
field
cumulative
production
mmbbl
discovered
new
pool
casmalia
field
due
poor
marketing
conditions
especially
heavy
oil
produced
area
little
development
occurred
many
wells
area
shut
woodring
bramlette
discoveries
included
huasna
field
tar
spring
area
mmbbl
oak
park
area
mmbbl
arroyo
grande
field
even
late
however
exploration
stratigraphic
traps
underway
use
reflection
seismographs
search
finally
rewarded
discovery
santa
maria
valley
field
canfield
woodring
bramlette
one
largest
fields
assessment
province
cumulative
production
mmbbl
table
reconditioning
many
wells
full
production
development
world
war
resulted
number
new
field
area
discoveries
cumulative
production
careaga
area
mmbbl
orcutt
field
houk
area
mmbbl
santa
maria
valley
zaca
field
mmbbl
barbara
ranch
field
old
area
mmbbl
olivera
canyon
field
mmbbl
sisquoc
area
mmbbl
cat
canyon
field
tinaquaic
area
mmbbl
cat
canyon
field
four
deer
field
mmbbl
guadalupe
field
mmbbl
jesus
maria
field
mmbbl
since
discoveries
modest
two
new
area
discoveries
west
area
santa
maria
valley
field
mmbbl
central
area
mmbbl
cat
canyon
field
early
discovery
lopez
canyon
field
mmbbl
area
huasna
field
mmbbl
clark
area
mmbbl
santa
maria
valley
field
bradley
area
mmbbl
santa
maria
valley
field
los
alamos
field
mmbbl
careaga
canyon
field
old
area
mmbbl
active
exploration
late
early
spurred
several
new
area
discoveries
important
time
assessment
san
antonio
creek
area
careaga
canyon
field
northwest
area
lompoc
field
laguna
area
barham
ranch
field
future
potential
future
resource
potential
area
highest
undrilled
state
waters
several
fields
discovered
federal
offshore
waters
reserve
base
assessment
lie
partly
state
waters
figure
within
onshore
area
future
resource
potential
fair
promising
modest
prospects
include
deep
pools
fractured
permeable
sandstone
reservoirs
trapped
small
faults
structures
throughout
onshore
santa
maria
basin
discoveries
made
announced
included
three
classed
time
new
fields
sisquoc
ranch
harris
canyon
northwest
lompoc
northwest
fields
three
classed
new
pools
diatomite
monterey
deep
pools
main
area
orcutt
field
careaga
area
orcutt
field
field
extensions
throughout
onshore
santa
maria
basin
exploration
attention
parts
assessment
province
huasna
basin
result
discoveries
prospects
areas
seem
likely
fair
poor
acknowledgments
many
people
contributed
knowledge
counsel
geology
assessment
province
particularly
thank
charles
katherman
katherman
exploration
santa
maria
california
many
discussions
structure
oil
fields
santa
maria
basin
neil
petersen
worldwide
geosciences
houston
dedicated
pursuit
evidence
early
oil
generation
thank
generous
publicspirited
sharing
knowledge
expertise
thanks
valuable
discussions
also
extended
margaret
keller
larry
beyer
kenneth
bird
rick
stanley
jack
vedder
geological
survey
menlo
park
dave
griggs
late
frank
webster
formerly
mineral
management
service
los
angeles
ron
surdam
henry
heasler
ray
kablanow
formerly
university
wyoming
mike
clayton
texaco
denver
john
dunham
unocal
los
angeles
bill
bazeley
formerly
arco
bakersfield
thane
mcculloh
mobil
dallas
permission
reprint
figures
thank
american
association
petroleum
geologists
scott
hornafius
mobil
oil
dallas
texas
pacific
section
society
economic
paleontologists
mineralogists
charles
katherman
burdette
ogle
grand
junction
colorado
marilyn
tennyson
geological
survey
denver
colorado
kenneth
bird
reviewed
preliminary
versions
report
table
oil
field
data
santa
maria
basin
assessment
province
based
nehring
data
base
nrg
associates
average
average
average
cumulative
reserves
field
trap
type
formation
depth
thickness
api
year
oil
ngl
gas
top
gravity
mmbbl
mmbbl
bcf
santa
maria
valley
orcutt
main
area
cat
canyon
west
area
cat
canyon
east
gato
ridge
cat
canyon
sisquoc
area
guadalupe
lompoc
casmalia
zaca
cat
canyon
central
area
santa
maria
valley
west
area
arroyo
grande
tiber
area
olivera
canyon
four
deer
combination
structural
combination
combination
combination
combination
structural
structural
structural
stratigraphic
stratigraphic
combination
structural
combination
monterey
monterey
monterey
sisquoc
monterey
sisquoc
sisquoc
sisquoc
monterey
monterey
monterey
sisquoc
monterey
foxen
pismo
monterey
monterey
average
total
includes
main
southeast
bradley
clark
areas
table
cumulative
production
reserves
small
fields
field
areas
included
nehring
data
base
nrg
associates
california
division
oil
gas
see
also
table
field
arroyo
grande
oak
park
area
los
alamos
jesus
maria
careaga
cyn
barham
ranch
cat
canyon
tinaquaic
area
orcutt
careaga
area
huasna
harris
canyon
northwest
sisquoc
ranch
abd
lopez
canyon
santa
maria
valley
north
area
abd
cumulative
production
reserves
thru
thru
reserves
included
production
conservation
committee
california
oil
producers
table
oil
field
data
santa
maria
basin
assessment
province
california
division
oil
gas
field
area
pool
pool
date
cumulative
production
oil
gas
mmbbl
bcf
trap
type
average
reservoir
depth
average
reservoir
thickness
pool
api
gravity
cat
canyon
east
area
sisquoc
brooks
monterey
central
area
sisquoc
sisquoc
area
sisquoc
thomas
monterey
west
area
sisquoc
alexander
los
flores
gato
ridge
area
sisquoc
monterey
tinaquaic
area
monterey
olivera
canyon
area
cherty
bent
brown
buff
brown
faulted
homocline
lenticular
sands
sand
pinchout
homocline
permeability
barrier
west
flank
anticline
faulted
anticline
sand
pinchout
faulted
anticline
anticline
anticline
field
area
pool
santa
maria
valley
main
area
santa
margarita
arenaceous
cherty
bentonitic
brown
buff
brown
dark
brown
oil
sand
siltstone
shell
bradley
area
basal
sisquoc
monterey
clark
area
foxen
basal
sisquoc
monterey
north
area
abd
foxen
houkarea
foxen
basal
sisquoc
houk
monterey
chert
west
area
foxen
sisquoc
pool
date
cumulative
production
oil
gas
mmbbl
bcf
trap
type
average
reservoir
depth
average
reservoir
thickness
pool
api
gravity
faulted
homocline
north
flank
syncline
fault
trap
north
flank
syncline
faulted
homocline
stratigraphic
variations
unknown
faulted
nose
stratigraphic
variations
stratigraphic
trap
field
area
pool
monterey
knoxville
orcutt
main
area
diatomite
monterey
arenaceous
cherty
bentonitic
brown
buff
brown
dark
brown
point
sal
oil
sand
siltstone
shell
monterey
deep
careaga
area
monterey
casmalia
monterey
point
sal
lospe
lompoc
monterey
guadalupe
sisquoc
sal
zaca
pool
date
cumulative
production
oil
gas
mmbbl
bcf
trap
type
faulted
dome
faulted
anticlinal
nose
faulted
asymmetrical
anticline
faulted
asymmetrical
anticline
faulted
homocline
faulted
homocline
south
flank
anticline
average
reservoir
depth
average
reservoir
thickness
pool
api
gravity
field
area
pool
pool
date
cumulative
production
oil
gas
mmbbl
bcf
trap
type
average
reservoir
depth
average
reservoir
thickness
pool
api
gravity
monterey
four
deer
monterey
arenaceous
cherty
bentonitic
brown
buff
brown
barham
ranch
basal
sisquoc
monterey
arenaceous
cherty
jesus
maria
monterey
buff
brown
dark
brown
los
alamos
monterey
careaga
canyon
old
area
monterey
san
antonio
crk
area
monterey
sisquoc
ranch
monterey
arroyo
grande
oak
park
area
pismo
martin
faulted
anticlinal
nose
stratigraphic
variations
faulted
anticline
homocline
permeability
barriers
faulted
anticline
faulted
homocline
north
limb
syncline
field
area
pool
pool
date
cumulative
production
oil
gas
mmbbl
bcf
trap
type
elberta
tiber
area
pismo
dollie
martin
elberta
huasna
area
santa
margarita
tar
springs
area
abd
monterey
lopez
canyon
abd
point
sal
homocline
north
limb
syncline
anticline
anticline
faulted
nose
average
reservoir
depth
average
reservoir
thickness
pool
api
gravity
references
atwater
implications
plate
tectonics
cenozoic
tectonic
evolution
north
america
geological
society
america
bulletin
atwater
molnar
relative
motion
pacific
north
american
plates
deduced
spreading
atlantic
indian
south
pacific
oceans
stanford
university
publications
geological
sciences
blake
campbell
dibblee
howell
nilsen
normark
vedder
silver
neogene
basin
formation
relation
evolution
san
andreas
fault
system
california
american
association
petroleum
geologists
bulletin
california
division
oil
gas
california
oil
gas
fields
south
central
coastal
offshore
california
california
division
oil
gas
report
unpaginated
california
division
oil
gas
annual
report
state
oil
gas
supervisor
california
department
conservation
division
oil
gas
publication
california
division
oil
gas
annual
report
state
oil
gas
supervisor
california
department
conservation
division
oil
gas
publication
california
division
oil
gas
california
oil
gas
fields
california
department
conservation
division
oil
gas
publication
southern
central
coastal
offshore
california
edition
canfield
subsurface
stratigraphy
santa
maria
valley
oil
field
adjacent
parts
santa
maria
valley
california
american
association
petroleum
geologists
bulletin
claypool
baysinger
lubeck
love
organic
geochemistry
cook
geologic
studies
point
conception
deep
stratigraphic
test
well
outer
continental
shelf
southern
california
united
states
geological
survey
report
grain
mero
patterson
geology
point
arguello
discovery
american
association
petroleum
geologists
bulletin
grain
mero
patterson
geology
point
arguello
field
ingersoll
ernst
cenozoic
basin
development
coastal
california
englewood
cliffs
new
jersey
crawford
petroleum
potential
santa
maria
province
california
cram
future
petroleum
provinces
united
states
geology
potential
american
association
petroleum
geologists
memoir
crouch
bachman
shay
compressional
tectonics
along
central
california
margin
crouch
bachman
eds
tectonics
sedimentation
along
california
margin
pacific
section
society
economic
paleontologists
mineralogists
book
curiale
cameron
davis
biological
marker
distribution
significance
oils
rocks
monterey
formation
california
geochimica
cosmochimica
acta
dibblee
geology
southwestern
santa
barbara
county
california
california
division
mines
geology
bulletin
dibblee
geology
central
santa
ynez
mountains
santa
barbara
county
california
california
division
mines
geology
french
geothermal
gradients
california
oil
wells
drilling
production
practice
american
petroleum
institute
new
york
new
york
hall
geology
arroyo
grande
quadrangle
san
luis
obispo
county
california
california
division
mines
geology
map
sheet
hall
geologic
map
morro
bay
south
port
san
luis
quadrangles
san
luis
obispo
county
california
geological
survey
miscellaneous
field
studies
map
hall
geologic
map
cambria
region
san
luis
obispo
county
california
geological
survey
miscellaneous
field
studies
map
hall
geologic
map
san
blancas
region
san
luis
obispo
county
california
geological
survey
miscellaneous
field
studies
map
hall
geologic
map
twitchell
dam
parts
santa
maria
tepusquet
quadrangles
santa
barbara
county
california
geological
survey
miscellaneous
field
studies
map
hall
map
geology
along
little
pine
fault
part
sisquoc
foxen
canyon
zaca
lake
bald
mountain
los
olivos
figueroa
mountain
quadrangles
santa
barbara
county
california
geological
survey
miscellaneous
field
studies
map
hall
san
luis
obispo
transform
fault
middle
miocene
rotation
western
transverse
range
california
journal
geophysical
research
hall
corbato
stratigraphy
structure
mesozoic
cenozoic
rocks
nipomo
quadrangle
southern
coast
ranges
california
geological
society
america
bulletin
hall
ernst
prior
wiese
geologic
map
san
luis
simeon
region
california
geological
survey
miscellaneous
geologic
investigations
map
hall
prior
geologic
map
luis
obispo
region
san
luis
obispo
county
california
geological
survey
miscellaneous
field
studies
map
heasler
surdam
thermally
subsiding
basin
model
maturation
hydrocarbon
pismo
basin
california
isaacs
garrison
petroleum
generation
occurrence
monterey
formation
california
pacific
section
society
economic
paleontologists
mineralogists
book
heasler
surdam
thermal
evolution
coastal
california
application
hydrocarbon
maturation
american
association
petroleum
geologists
bulletin
heasler
surdam
thermal
hydrocarbon
maturation
modeling
pismo
santa
maria
basins
coastal
california
naeser
mcculloh
thermal
history
sedimentary
basins
methods
case
histories
new
york
hornafius
neogene
tectonic
rotation
santa
ynez
range
western
transverse
ranges
california
suggested
paleomagnetic
investigation
monterey
formation
journal
geophysical
research
hornafius
luyendyk
terres
kamerling
timing
extent
neogene
tectonic
rotation
western
transverse
ranges
california
geological
society
american
bulletin
howell
crouch
greene
mcculloch
vedder
basin
development
along
late
mesozoic
cainozoic
california
margin
plate
tectonic
margin
subduction
oblique
subduction
transform
tectonics
ballance
reading
sedimentation
mobil
zones
international
association
sedimentologists
special
publication
howell
champion
vedder
terrane
accretion
crustal
kinematics
basin
evolution
southern
california
ingersoll
ernst
cenozoic
basin
development
coastal
california
englewood
cliffs
new
jersey
isaacs
petersen
petroleum
miocene
monterey
formation
california
hein
siliceous
sedimentary
ores
petroleum
van
new
york
new
york
isaacs
tomson
reconnaissance
study
petroleum
characteristics
core
samples
sisquoc
monterey
formations
northsouth
subsurface
transect
across
onshore
santa
maria
basin
surface
sections
along
santa
coast
southern
california
geological
survey
report
isaacs
tomson
stewart
jackson
abundances
major
elements
sedimentary
components
cuttings
foxen
mudstone
sisquoc
monterey
point
sal
formations
union
hobbs
well
preliminary
comparison
cores
union
newlove
well
orcutt
oil
field
onshore
santa
maria
basin
california
geological
survey
report
isaacs
taggart
jackson
scott
analytical
reproducibility
abundance
major
elements
sedimentary
components
cores
sisquoc
monterey
point
sal
formations
union
newlove
well
orcutt
oil
field
onshore
santa
maria
basin
california
geological
survey
report
kablanow
surdam
diagenesis
hydrocarbon
generation
monterey
formation
huasna
basin
california
surdam
stratigraphic
tectonic
thermal
diagenetic
histories
monterey
formation
pismo
huasna
basin
california
society
economic
paleontologists
mineralogists
field
trip
guidebook
katherman
monterey
santa
maria
basin
course
outline
garrison
katherman
petroleum
occurrence
exploration
potential
monterey
formation
santa
maria
basin
professional
seminar
group
midland
texas
king
claypool
biological
marker
compounds
implications
generation
migration
petroleum
rocks
point
conception
deepstratigraphic
test
well
offshore
california
isaacs
garrison
petroleum
generation
occurrence
miocene
monterey
formation
california
pacific
section
society
economic
paleontologists
mineralogists
book
king
lillis
thermal
modeling
using
biomarkers
santa
maria
basin
california
abs
american
association
petroleum
geologists
bulletin
krammes
curran
others
correlation
section
across
santa
maria
basin
cretaceous
outcrop
santa
ynez
mountains
northerly
franciscan
outcrop
north
santa
maria
river
california
american
association
petroleum
geologists
pacific
section
correlation
section
lagoe
middle
cenozoic
basin
development
cuyama
basin
california
ingersoll
ernst
cenozoic
basin
development
coastal
california
englewood
cliffs
new
jersey
lillis
king
controls
variation
crude
oil
quality
santa
maria
basin
california
abs
american
association
petroleum
geologisists
bulletin
mcculloch
regional
geology
hydrocarbon
potential
offshore
central
california
scholl
grantz
vedder
geology
resource
potential
continental
margin
western
north
america
adjacent
ocean
basins
beaufort
sea
baja
california
council
energy
mineral
resources
mcculloch
evolution
offshore
central
california
margin
winterer
hussong
decker
eastern
pacific
ocean
hawaii
geological
society
america
geology
north
america
mcculloh
implications
petroleum
appraisal
cook
geologic
studies
point
conception
deep
stratigraphic
test
well
outer
continental
shelf
southern
california
united
states
geological
survey
report
milner
rogers
evans
petroleum
transformations
reservoirs
journal
geochemical
exploration
namson
davis
late
cenozoic
fold
thrust
belt
southern
coast
ranges
santa
maria
basin
california
american
association
petroleum
geologists
bulletin
nrg
associates
significant
oil
gas
fields
united
states
data
base
colorado
springs
colorado
ogle
significant
new
developments
santa
barbara
offshore
california
geology
economic
potential
moss
proceedings
southwestern
legal
foundation
exploration
economics
petroleum
industry
matthew
bender
company
new
york
new
york
ogle
wallis
heck
edwards
petroleum
geology
monterey
formation
offshore
santa
barbara
areas
ingersoll
ernst
cenozoic
basin
development
coastal
california
prenticehall
englewood
cliffs
new
jersey
orr
relationships
monterey
oils
organic
geochemistry
petersen
hickey
evidence
early
generation
oil
miocene
source
rocks
california
coastal
basins
abs
isaacs
garrison
petroleum
generation
occurrence
miocene
monterey
formation
california
pacific
section
society
economic
paleontologists
mineralogists
book
petersen
hickey
california
oils
evidence
early
generation
meyer
exploration
heavy
crude
oil
bitumen
american
association
petroleum
geologists
research
conference
october
santa
maria
california
preprints
petersen
hickey
california
oils
evidence
early
generation
meyer
exploration
heavy
crude
oil
natural
bitumen
american
association
petroleum
geologists
studies
geology
pisciotto
diagenetic
trends
siliceous
fades
monterey
shale
santa
maria
region
california
sedimentology
redwine
hypothesis
combining
dilation
natural
hydraulic
fracturing
dolomitization
explain
petroleum
reservoirs
monterey
shale
santa
maria
area
california
garrison
douglas
monterey
formation
related
siliceous
rocks
california
pacific
section
society
economic
paleontologists
mineralogists
book
regan
hughes
fractured
reservoirs
santa
maria
district
california
american
association
petroleum
geologists
bulletin
roehl
dilation
brecciation
proposed
mechanism
fracturing
petroleum
expulsion
dolomitization
monterey
formation
california
garrison
douglas
monterey
formation
related
siliceous
rocks
california
pacific
section
society
economic
paleontologists
mineralogists
book
stanley
johnson
tuttle
mason
swisher
cotton
thornton
york
filewicz
cole
obradovich
age
correlation
origin
type
lospe
formation
lower
miocene
santa
maria
basin
central
california
abs
american
association
petroleum
geologists
bulletin
surdam
stanley
diagenesis
migration
hydrocarbons
monterey
formation
pismo
syncline
california
garrison
douglas
monterey
formation
related
siliceous
rocks
california
pacific
section
society
economic
paleontologists
mineralogists
book
geological
survey
proposed
plan
development
santa
ynez
unit
santa
barbara
channel
california
final
environmental
statement
geological
survey
final
environmental
statement
vols
partially
reprinted
geology
reservoir
characteristics
santa
ynez
unit
santa
barbara
channel
california
isaacs
garrison
petroleum
generation
occurrence
miocene
monterey
formation
california
pacific
section
society
economic
paleontologists
mineralogists
book
vedder
howell
mclean
stratigraphy
sedimentation
tectonic
accretion
exotic
terranes
southern
coast
ranges
california
american
association
petroleum
geologists
memoir
walker
culloh
petersen
stewart
anomalously
low
reflectance
vitrinite
comparison
petroleum
maturation
indices
miocene
modelo
formation
los
angeles
basin
california
isaacs
garrison
petroleum
generation
occurrence
miocene
monterey
formation
california
pacific
section
society
economic
paleontologists
mineralogists
book
woodring
bramlette
lohman
stratigraphy
paleontology
santa
maria
district
california
american
association
petroleum
geologists
bulletin
woodring
bramlette
geology
paleontology
santa
maria
district
california
geological
survey
professional
paper
