water
facts
united
states
geological
survey
present
program
tor
water
facts
func
avariable
water
fac
prog
ram
wrth
annual
costs
obtamrng
adequa
water
facts
quan
occurre
nce
quolr
surface
water
ground
water
water
ground
water
qual
ity
water
accumulation
water
facts
con
means
transforming
poor
moster
good
servant
united
state
department
interi
geological
survey
washington
december
mcbride
chairman
oklahoma
planning
resources
board
oklahoma
city
oklahoma
dear
mcbride
transmitted
herewith
copy
report
entitled
water
facts
oklahoma
delivery
report
meets
one
principal
objective
investigation
availability
water
industrial
use
state
oklahoma
conducted
cooperatively
oklahoma
planning
resources
board
geological
survey
report
suggests
program
continuing
expanding
investigations
designed
guide
state
federal
officials
recommendations
therefor
quite
satisfactory
geological
survey
wish
publish
report
distribution
state
assistance
preparation
report
well
clf
state
representatives
gratefully
acknowledged
enclosure
truly
wratiibr
director
hort
ter
nektl
indu
ult
program
ate
program
orp
engin
import
nee
tinuity
len
area
coveraett
orm
ion
reducti
torage
alue
informati
tximum
water
recnr
tate
boundary
afegua
righl
ahoma
omp
reh
ive
prog
ram
homa
howi
loca
tion
ting
proposed
inr
tation
figure
annu
nnu
okl
ahoma
table
ration
homa
able
propo
addition
trea
ing
station
okl
tab
ground
ter
review
ram
date
rna
howin
cooperative
investigations
made
ince
prog
figure
compreh
program
polluti
ntaminat
ground
wate
oklahorn
howing
cation
exj
tin
ervation
well
ure
ter
jaw
tration
irri
ation
pecial
pro
ject
nual
cot
annual
oklahoma
quality
ater
urface
waters
ediment
loads
quality
ground
waters
industrial
utility
publ
water
supplies
total
annual
annual
cost
oklahoma
total
annual
cost
annual
cost
oklahoma
water
tilization
water
facfs
oklahoma
endowed
valu
ble
natural
one
essenti
towed
ture
use
wis
fully
nned
fullest
benefit
realized
nning
must
uid
ords
impossible
otherwi
fore
urnnce
water
supplies
continuous
ord
urf
round
ter
extending
many
years
alu
tio
avera
extreme
variations
uantity
occurrence
quality
supplie
sources
bee
use
ord
avai
lable
projects
may
designed
tructe
oper
ted
basi
information
generally
defi
ient
many
thu
indifferent
success
tial
ilure
actual
industrial
projects
planned
present
ord
must
ned
mea
inform
tion
oncerning
adequacy
suitability
ply
urface
round
thei
special
infor
tio
nch
important
factors
mum
flood
prot
ted
muni
ipalitie
may
eek
water
surface
streams
ells
ufficient
knowledge
quantity
quality
supplies
give
pro
assurance
success
undoubtedly
almost
total
ence
adequate
records
many
delayed
starting
completion
sound
projects
attendant
oklahoma
indeterminate
amounts
benefits
may
derived
therefrom
indefinite
continuation
josses
largely
prevented
prompt
accumulation
adequate
water
records
present
program
obtaining
information
water
limited
scope
short
duration
provide
adequate
record
united
states
geological
survey
investigating
water
resources
nation
since
cooperating
division
water
resources
oklahoma
planning
resource
board
state
geological
survey
oklahoma
agricultural
chanica
college
state
agenries
urvey
water
ources
oklahoma
industrial
use
part
survey
following
water
facts
oklahoma
bas
prepared
plans
suggest
comprehensive
program
continuation
present
program
normal
healthy
growth
one
would
assure
due
time
adequate
accumulation
water
facts
thi
comprehen
nun
rein
ribed
tudes
pansion
stream
gauging
cover
adequately
river
order
obtain
information
small
well
large
tre
baj
indu
trial
irrigation
municipal
ntr
ion
hould
provide
collection
inform
low
nti
ntrol
full
economic
use
urf
tigation
gro
resources
rtan
tat
extent
acity
geolog
tion
recovery
ground
water
municipal
industrial
irrig
ton
tuation
upplie
throu
ohout
wet
dry
inte
rntion
upplies
lie
obt
lue
oth
nal
urfa
grou
waters
mine
tnc
muni
indu
trial
agri
ultu
ral
use
erve
planning
treatment
uch
water
fit
hem
best
use
mea
urement
iment
contained
rface
water
use
ter
cha
nnel
ervoir
full
allowance
reduction
aciti
ilting
preparation
ort
upon
method
cont
rolling
uti
lizing
water
rces
adoption
tru
program
cing
operation
earlie
practicable
time
mean
assuri
oklahoma
fullest
benefit
may
accrue
ned
water
cost
pre
ent
fraction
mig
prevented
proper
use
adequate
water
fact
water
ram
described
rein
ann
urfa
water
ground
water
quality
water
includin
iment
utili
zation
studies
reports
total
oklahoma
suggested
prog
ram
attained
appropriate
growth
program
water
investigations
way
expanded
additional
activities
contemplated
program
suited
adoption
one
time
progressive
steps
may
deemed
wise
detailed
consideration
program
related
program
topographic
mapping
fouows
introduction
rom
tfle
rth
olut
ree
apri
elements
hence
man
realize
omp
ble
urring
source
full
knowledg
means
may
devised
uttiog
prev
ntin
harm
enti
effe
ient
utility
water
supply
water
klahoma
drie
yea
xperiencej
sin
ufficient
ter
fell
state
okl
homa
provided
every
man
wom
child
klahoma
upply
lion
per
throu
hout
yea
unfortunately
perhap
fortunately
nature
first
call
water
aft
take
would
still
rem
ever
lions
per
day
person
many
times
average
per
apita
consumption
nature
take
represents
consumptive
ter
tion
ter
evaporation
land
water
surfaces
residual
flow
nature
take
nerally
available
man
use
urface
flow
streams
underground
uppl
although
man
water
may
fairly
constant
throughout
year
upply
water
varie
greatly
day
day
year
year
decade
ade
even
much
longer
periods
time
since
innin
official
record
weather
bureau
greatest
rainfall
recorded
oklaho
uring
period
inche
ulpa
eptember
wit
unofficial
measurements
arne
torm
indicating
maximum
fall
inches
peri
betw
merame
hallett
greate
annual
precipitation
observed
inche
att
least
annual
observed
hes
boise
city
area
state
receiving
inche
rainfall
nature
take
inches
rai
fall
decrea
inch
nature
take
become
maller
reaches
inche
receiving
inches
rainfall
although
water
essentiall
pure
rainfall
become
polluted
contaminated
varying
degrees
extreme
imtadciel
becomes
unsuited
use
man
vegetation
industry
man
settle
prosper
confidence
must
assured
supply
water
personal
use
agriculture
adequate
quantity
quality
supply
may
either
und
klahoma
ntit
ture
ern
annual
nature
normal
tnk
quali
dver
affe
ted
oil
man
hly
oluble
knowledge
ater
dequate
knowl
ater
pect
quantity
lity
rounj
obtained
rvation
extending
long
tim
inform
obtai
indi
pen
represents
fir
form
tee
fro
oor
rna
tee
good
ervant
tion
plans
designs
flood
ontrol
pli
ater
indu
trial
domestic
ltural
ollution
ontamination
control
letion
upplie
use
ible
reca
ith
nee
havior
ater
time
future
nece
plan
made
future
experience
curate
experience
continuou
systematic
records
essential
avera
extreme
ariations
may
properly
evaluated
record
available
prop
rly
apprai
used
designs
plans
confidently
believed
failure
many
projects
involving
use
control
water
coul
prevented
thus
relatively
small
expenditu
fund
obtain
record
might
well
future
may
mean
avin
countle
dollar
many
live
deficiencies
shortcomings
water
facts
tudie
ariou
government
agencies
late
closed
time
usable
continuous
records
discharge
longer
year
red
river
tributaries
oklahoma
three
records
years
longer
short
intermittent
records
prevented
entirely
orne
essential
studies
tributaries
greatly
handicapped
others
records
supplemented
estimation
runoff
rainfall
deficiency
data
great
nothing
gained
results
studies
investigation
much
ion
complete
records
obtained
deficiencies
shortcomings
generally
applicable
records
oldahoma
ater
cts
hom
ngin
erin
revi
publi
ork
admini
tion
showed
dcni
dun
ing
flood
otrol
record
pre
ipitation
alth
ugh
thi
finally
arjy
mpleted
fit
delay
ned
dat
northern
llion
dolla
tulsa
coun
lev
might
prevent
data
orm
tion
ximum
flo
expe
ailable
design
dam
probably
uff
red
hway
ould
averted
information
lood
ble
cui
bridge
rade
foil
rorm
pril
tim
abou
hita
river
near
mmon
undoubtedly
loss
live
pre
ented
records
available
indicating
home
tho
unfortunate
people
ere
hazardou
placed
liable
floodin
tru
tion
undoubted
damage
property
would
redu
uffi
ient
inform
tion
available
ign
within
economic
limit
openings
uch
flood
ion
dwellin
site
abo
reach
flood
water
could
disaster
occurred
foss
may
reported
lives
part
prevented
known
flood
thi
might
reasonably
expected
within
short
span
years
ould
million
dollar
damage
uffered
durin
recent
floods
may
partially
ened
full
knowledge
bad
available
stages
discharges
reached
great
flood
confidently
believed
knowledge
woujd
contributed
adequate
desi
many
structures
destroyed
flood
influenced
placing
flood
line
much
property
dama
inundation
lack
knowledge
influent
seepa
surface
water
nated
field
brines
resulted
abandonment
ponca
city
supply
cost
constructing
new
ply
imil
rly
lluvium
orth
nadian
riv
low
hom
ity
impr
nat
ith
loride
ruin
ply
equate
kno
havior
vall
klahoma
would
water
obt
incd
two
rvoir
imij
num
rous
ntion
curred
many
oth
futur
unle
information
leeded
nnin
ntati
obt
incd
rol
furor
development
oklahoma
ion
ion
wiu
ontroll
quantity
qual
ble
ter
uppli
reli
ble
inform
ation
oncerning
ilit
rrect
bje
tionable
feature
uch
uppl
klahoma
colo
ica
urvey
ted
uture
lie
utilizing
proce
ing
industrie
raw
rial
hand
far
important
terial
entire
natutal
ource
mea
adequate
cord
ntity
quality
urface
supplies
vailable
ufficientl
long
period
distributed
areally
reasonably
complete
inf
mation
phases
qua
ntity
lity
upplies
survey
alec
resources
oklaho
industrial
use
urvey
water
okl
rna
industrial
use
begun
july
united
states
ogical
survey
cooperation
divi
ion
water
resource
oklahoma
planning
resources
board
cour
thi
survey
certai
deficiencies
information
water
oklahoma
become
apparent
division
united
states
survey
engaged
investigation
repared
recommendations
timated
cost
pro
ram
designed
give
oklahoma
information
ect
quantity
quality
water
upplies
quate
sufficiently
comprehensive
assist
oklahoma
materially
realizing
lly
future
possibilities
respect
industry
cooperative
investigations
united
states
geological
survey
authorized
make
general
vestigation
nation
water
resources
surveys
reports
fundamental
development
utilization
activities
agencies
adjudication
administration
rights
determination
equities
purposes
measures
daily
flow
surface
streams
records
fluctuations
lakes
reservoirs
investigates
ground
water
tain
availabijity
depth
recharge
discharge
anti
storage
makes
chemical
alyses
surface
ground
waters
special
reference
fitness
gri
ulture
indu
try
proper
treatment
publi
dome
uppl
ustrial
pro
use
int
rpretativ
view
furnishing
ull
best
rer
nit
tat
tate
muni
ipal
offi
ial
onne
ion
dmini
tion
per
tion
utilization
ine
superintendents
onne
ion
nning
igning
tructing
operating
onn
tio
inv
tment
nuia
tri
uto
atment
water
affe
ted
ara
ter
whi
lawyer
courts
tion
ith
title
equitie
mage
work
fin
anced
part
dire
ogres
ional
pprop
riation
oopcrative
fund
provided
states
municipalities
part
funds
furnished
federal
ncies
united
tate
ologi
urvey
rrent
program
water
inve
tig
ion
homa
ted
rgely
cooperation
state
oklahoma
corps
eng
scope
current
program
deficiencies
program
proposals
contemplate
expansions
prog
along
alj
line
urvey
acti
vities
related
water
attempt
diverse
growing
federal
state
local
needs
set
forth
detail
five
headings
surface
water
ground
water
quality
water
water
utilization
topographi
mapping
portion
rogram
made
available
oklahoma
estimated
costs
provided
cooperative
agreement
nit
tates
geolog
ical
survey
req
ted
entered
state
agencie
uch
agreements
funds
defray
program
would
ent
moun
klahoma
federal
government
present
cooperative
agreement
united
states
geol
ogical
rvey
division
ater
resources
oklahoma
planning
resources
board
respect
surface
waters
oklahoma
survey
respect
ground
water
item
biennium
included
budget
division
water
resources
oklahoma
planning
resources
board
inaljguration
investigation
quality
surface
waters
oklahoma
cooperation
united
states
geological
survey
hom
conne
tion
mun
icipal
pli
ower
iodu
try
irrigation
new
bli
hed
proc
natur
res
ing
man
ter
ult
romot
ary
ult
tion
info
ation
ntity
ilability
quality
thi
ompllhe
observations
ram
cont
inued
ion
xpan
pro
ide
rion
tion
ition
ion
nti
area
tribut
tream
valuable
urc
null
nlar
rog
hould
pro
earli
pos
ibl
dat
rder
pert
ent
ata
info
ion
may
hene
nee
hall
ion
benefit
projects
ram
decemb
united
tates
geological
survey
gaugi
tation
ddition
corp
ineers
ting
gau
ing
tions
sta
discharge
ing
incd
uni
ted
states
geologi
sur
additio
collecting
com
utin
publishing
record
dischar
tation
review
publishes
records
discharge
obtained
computed
ineer
thu
record
discharge
collected
two
rga
made
available
interested
rtie
ater
upply
per
united
states
geological
survey
ults
pro
ram
date
ram
prior
radic
tica
lly
records
collected
duri
period
tary
continuou
planned
progres
ive
program
latedlv
rted
close
one
continuous
stream
flow
ord
ion
yea
red
river
near
colbert
tabli
hed
october
decen
tber
state
homa
embarked
upon
much
long
deferred
program
stream
gauging
must
improved
expanded
fujjest
development
wisest
administration
made
water
program
corps
engineers
connection
flood
control
navigation
tion
program
carried
corps
engineers
operation
many
existing
auging
stations
state
finan
ced
largely
conducted
agency
programs
completed
work
corps
engineers
although
general
interest
may
tate
uld
lude
tiv
tllose
tmg
tions
mtght
otherwi
ontinu
ords
uld
ontinuicy
length
coverage
eoords
ontinuity
length
iullong
important
char
teri
tics
two
imp
qualtties
omp
hed
timntes
flow
whi
bor
ieom
itation
ail
bje
ntary
tion
itation
ord
llr
rio
rior
drie
wit
ult
runo
probably
les
sub
equ
ords
stream
mil
pra
tically
nonexjst
oklahoma
long
ontinuou
ords
rea
needed
use
ration
tee
uppli
proj
irrigation
muni
atisfa
tor
tual
ords
hat
thi
deficiency
ter
eventually
cau
entireiy
conj
ctural
might
asily
far
entire
cost
dequute
program
tre
ugi
undoubt
completion
ooomic
velopm
nts
homa
alrea
delayed
adequate
ttendant
benefit
lost
hom
alaries
costs
maintenance
operation
continuously
ing
fter
equipment
ior
oon
rcpl
mor
charge
measurements
ded
nnually
gauging
tations
oklahom
afford
pro
ram
con
equently
rovision
must
made
provide
additional
funds
continuation
present
program
well
normal
healthy
growth
expansion
eed
information
redtt
losse
storage
flow
tream
oklahoma
erratic
throughout
seasons
year
torage
generally
provided
catch
flood
runoff
later
needed
deposition
ilt
eva
poration
water
torage
ervoirs
whether
stock
tanks
large
reservoirs
devoted
use
irrigation
power
industries
municipal
water
upply
flood
control
take
tremendou
toll
year
reservoir
capacities
stored
water
may
actually
render
shajjow
ervoirs
practically
valueless
undertaken
determine
method
reliable
evaluation
evaporation
losses
perhaps
relation
evaporation
sta
ndard
weather
bureau
evaporation
actual
evaporation
water
surfaces
information
obtained
would
result
maklng
better
provisions
min
imizing
losses
win
liable
ter
upplies
would
sured
even
unf
vor
condition
information
maximum
imum
ched
noteworthy
floods
ilnble
ient
tion
velopm
bove
probable
reach
flood
waters
mean
averting
inc
lculable
losses
property
rojects
afely
ide
destructive
flo
ter
thi
inform
tion
avai
lable
exten
ively
ine
oth
niz
tions
evaluation
flood
ontrol
ater
channels
canadian
river
taloga
newcastle
river
woodward
reno
tre
hom
avail
ble
record
indicate
much
water
channel
losse
valuable
water
natural
artifi
han
imilar
condition
might
averted
result
tion
knowled
cause
losses
records
treruns
near
tate
boundary
safeguard
rights
oklahoma
uch
urfa
water
available
oklahoma
states
vailability
quality
supply
may
adversely
influenced
chan
states
uses
water
exercise
rights
oklahoma
control
changes
use
domestic
agricultural
commercial
accompanying
development
upstream
states
may
decrease
materially
water
received
states
pollutin
may
change
quality
water
render
unfit
man
uses
also
habitat
fish
therefore
records
quant
ities
quality
water
principal
streams
entering
leaving
state
hould
included
program
order
obtain
information
trends
changes
water
received
outside
sources
changes
oklahoma
may
making
water
flows
across
state
information
especially
useful
safeguarding
rights
oklahoma
interstate
streams
comprehensive
program
summary
estimates
annual
costs
continuing
present
program
enlarging
program
remedy
apparent
deficiencies
surface
water
facts
oklahoma
presented
table
existing
gauging
stations
listed
table
proposed
stations
table
locations
existing
proposed
stations
shown
accompanying
map
figure
jadmated
annual
cola
comp
cbeasive
surface
water
plognm
lbrdulive
osram
corpa
annual
ajit
continued
operation
gauging
stations
indudin
partial
cost
operation
gauging
stations
furnished
corps
bngineen
see
pigwe
location
table
list
establishment
period
years
operation
construction
new
gauging
stations
critical
points
critical
areas
see
figure
location
table
list
year
operadoo
tocal
investigation
evaporation
lake
surfaces
investigation
channels
total
annual
cost
partial
program
present
corps
full
cost
operation
gauging
stations
see
figure
locations
partial
cost
operation
gauging
stations
total
annual
cost
full
program
ooscs
state
oklahoma
moperative
asreemeat
program
united
staces
geological
survey
partial
program
exclusive
program
corps
engineers
pull
program
induding
supported
corps
engineers
table
scatioas
oklahoma
arkan
river
basin
arkansas
arkansas
river
tuls
arkans
river
near
kosee
atkao
river
alva
fork
arkan
river
near
cherokee
salt
fork
arkan
near
jet
fork
river
tonkawa
chikaskia
river
blackwell
black
bear
creek
pawnee
ranch
creek
near
qeveland
cim
river
near
boise
cimarron
near
cim
rron
river
ynoka
river
guthrie
imarron
perkins
cim
river
oilton
mannf
crooked
creek
near
nye
kansas
creek
near
tillwater
polecat
creek
near
heyburn
verdi
ris
river
near
lenapah
verdigris
river
near
sageeyah
verdigris
near
claremore
verdigris
river
near
inola
caney
river
hulah
cane
river
near
bartlesville
little
caney
river
near
copan
bird
creek
pawhuska
bird
creek
sperry
hominy
creek
near
skiatook
neo
river
near
commerce
neo
river
near
langley
neosh
river
near
choteau
neosho
river
near
wagoner
spring
river
near
quapaw
elk
river
near
tiff
city
ulinoi
river
near
tahlequah
illinois
river
near
gore
dirty
creek
near
warner
canadian
river
bridgeport
canadian
river
near
newcastle
canadian
river
calvin
canadian
river
near
whitefield
little
river
near
tecumseh
little
river
near
sasakwa
gaines
creek
near
krebs
pia
table
coodduecl
allkansas
river
basin
north
canadian
ver
near
guymoa
north
canadian
river
near
ver
north
canadian
rivej
near
port
supply
north
canadian
river
woodward
rrh
north
dian
reno
orth
rjver
oear
oklahoma
city
north
river
near
wetumka
coldw
ter
creek
neu
hardesty
wolf
creek
ttuck
wolf
creek
near
fargo
wolf
creek
near
fort
supply
deep
fork
near
beggs
deep
fork
near
salli
creek
near
sallisaw
pote
river
near
ter
poteau
river
potea
fourche
maline
near
red
oak
red
river
red
river
near
terral
red
river
near
gaine
ille
texas
red
river
near
colbert
river
arthur
cit
tex
salt
ford
red
river
mangum
north
fork
red
river
near
carter
north
pork
red
river
near
headrick
elm
fork
north
fork
red
river
near
cache
creek
near
washita
river
near
cheyenne
ashita
river
near
clinton
washita
river
carnegie
washita
river
near
tabler
hita
river
near
pauls
hita
river
durwood
pond
creek
near
port
cobb
rush
creek
near
purdy
caddo
creek
near
ardmore
blue
river
near
blue
muddy
boggy
creek
near
parris
boggy
creek
near
caney
kiamichi
river
near
belzoni
little
river
near
idabel
mountain
fork
river
near
eaajetowa
corps
engineers
table
addidoaal
scadoos
oklaboml
pia
allkansas
basin
led
lock
creek
lled
llock
cimarron
ames
buffalo
creek
salt
spriaas
eaaje
alief
creek
alioe
tlukey
creek
heonasey
kin
fisher
creek
kiaafw
cottonwood
creek
sewanl
ephraim
creek
lovell
bis
cabin
creek
ketchum
spavioa
creek
spavinaw
pryor
creek
pryor
spring
creek
murphy
braua
lllioois
river
atts
barren
pork
eldon
georges
pork
warner
deer
creek
hydro
clear
creek
beaver
kiowa
creek
logan
clear
creek
may
wewoka
creek
wewoka
deep
pork
stroud
brazi
milton
red
rjver
basin
elk
river
hobart
creek
headrick
west
cache
creek
deep
red
run
randlett
beaver
reek
nellie
mud
creek
atlee
bamit
creek
arapaho
rainy
mountain
creek
mountain
view
saddle
mountain
creek
cameaie
little
washita
river
wildborse
little
river
wright
city
ground
water
ground
water
utilized
parts
oklahoma
municipal
agricuj
tural
industrial
purposes
ground
water
available
state
source
water
parts
western
oklahoma
throughout
tate
practically
rural
population
depend
ter
reservoirs
supply
water
needs
however
althou
areally
exten
quantity
round
water
available
various
uses
definitely
limited
quality
varies
considerably
aquifer
aquifer
within
aquifer
elf
postwar
expansion
orderly
proper
development
water
resources
must
undert
ken
assure
oklahoma
maximum
develo
ment
future
growth
nation
part
undertaking
devdopment
pre
iicated
thorough
knowledge
occurrence
behavior
water
gre
underground
reservoirs
underlying
state
review
program
date
oklahoma
deficient
knowledge
ground
waters
areas
state
although
eed
knowledge
recognized
statehood
gould
professor
geology
university
oklahoma
associated
united
states
geological
survey
later
established
directed
geological
survey
report
prepared
water
resources
oklahoma
territory
published
general
report
based
reconnaissance
survey
information
existing
still
useful
however
deeper
aquifers
tapped
much
later
drilling
equipment
made
deeper
wells
possible
better
pumps
made
practicable
period
several
short
reports
dealing
ground
water
localities
published
mention
made
ground
water
report
dealing
primarily
gould
geology
water
resouras
oklahoma
survey
seibeothal
mineral
northeastern
oklahoma
geolo
icu
survey
biih
philijps
alvord
lleport
mayor
boud
commisiioners
oklahoma
city
imprond
water
jllpjtly
city
siebenthaj
origin
zinc
lea
deposits
joplin
region
geoloaical
bull
sch
wemaaon
water
jniptioo
vicinity
eold
oklahoma
joracal
suffty
ground
water
irrigation
vicinity
north
podc
canadian
iuyer
near
oklahoma
city
oklahoma
geolo
ical
surrey
ground
water
ltriptioo
near
glse
eius
county
oklahoma
surft
oob
llmick
supplies
city
enid
oklahoma
lotial
saner
report
publi
tion
oklahoma
ricultural
mech
ollege
otto
smith
robert
oott
warkentin
published
entitled
chemical
analyses
waters
oklahoma
teport
includes
discussion
geology
ground
water
oklahoma
dott
present
cooperation
oklahoma
geological
survey
united
tate
geolo
survey
initi
ted
intensive
investigation
resour
oklahoma
panhandle
started
figur
show
tion
area
investigated
cooperative
progr
work
texas
cimarron
counties
completed
report
thes
two
panhandle
schoff
published
bulletin
oklahom
geological
survey
field
work
beaver
county
practically
completed
writing
report
postponed
schoff
turns
military
service
expert
meantime
notes
short
summary
conditions
county
file
office
united
states
geological
survey
norman
available
use
answering
inquirie
cone
rning
groundwater
problems
beaver
county
field
work
imilar
investigations
resources
alluvial
formations
underlying
north
canadian
river
valley
oklahoma
nadian
counties
garber
sandstone
wellington
formation
permian
age
oklahom
cleveland
counties
ordovician
rocks
northeastern
oklahoma
completed
progress
information
obtained
available
norman
addition
fragmentary
information
concerning
localities
different
parts
state
obtained
connection
answerin
inquiries
local
problems
also
file
orman
thu
meager
start
made
obtaining
vast
amount
data
nece
basis
understanding
developing
potentialities
important
natural
resource
remaining
investigated
main
ring
formations
nelagoney
vamoosa
formations
oklahoma
whitehorse
sandstone
oklahoma
trinity
sand
southeastern
oklahoma
clear
fork
wichita
formations
cover
southwestern
section
terrace
deposits
scattered
western
half
state
alluvium
major
river
valleys
addition
many
minor
aquifers
yield
large
amounts
water
nevertheless
important
areas
underlie
among
boone
limestone
ground
water
resources
teas
county
oklahoma
oklahoma
loaiaj
suney
bull
ldaoff
geo
ground
water
resources
cimarron
county
oklahoma
olclahoiiui
saney
lhall
unus
ttaas
ehtc
cel
cat
northeastetn
oklahoma
chelsea
sandstone
lentil
cherokee
formatioo
near
seminole
coajlomente
oear
tuba
sialpaoa
aroup
pontotoc
sroup
arbuckle
moudtain
resion
formations
sroups
wichita
arbuckle
mountains
allu
ium
minor
streams
comprebeosive
piopml
comprehen
ive
prosram
obtain
lackina
information
int
ive
tudies
report
currence
behavior
ground
ter
major
aquifecs
enumerated
followed
similar
studies
county
county
throughout
state
minor
aquifers
would
interpreted
county
reports
might
prove
feasible
issue
groundwater
report
series
oklahoma
geological
survey
bulletins
geology
miner
ources
individual
counties
comprehensive
water
dat
included
proposed
report
economic
geology
oklahoma
thorough
investig
tion
water
aquifer
tee
specific
area
consists
several
phases
geology
area
must
tudied
geology
outcrop
structure
str
tigraphy
aquifer
composition
rock
relation
ability
transmit
water
calls
geologic
mapping
field
laboratory
analyses
materials
including
sie
test
determine
percentage
grain
sizes
collecting
correlating
well
log
working
geologic
problems
related
particular
aquifers
area
inventory
existing
wells
must
made
estimates
must
made
total
present
past
pumpage
aquifer
observation
well
program
must
set
determine
shape
tuation
water
table
piezometric
surface
consist
series
wells
whose
water
levels
registered
automatic
water
stage
recorder
measured
periodically
samples
water
various
wells
area
must
collected
analyzed
determine
quality
water
available
quality
may
vary
laterally
depth
field
pumping
tests
laboratory
permeability
tests
made
determine
ability
aquifer
transmit
water
tests
proper
pumpase
rates
proper
computed
overall
safe
yield
aquifer
determined
test
drilling
electric
logging
geophysical
exploration
needed
determine
occurrence
depth
different
aquifers
relation
intake
areas
presence
faults
barriers
flow
ground
water
report
must
pretn
red
statewide
obserfttion
wed
program
established
soon
possible
start
obtaining
records
fluctuati
water
table
piezometric
various
reservoirs
value
records
analyzing
potentialities
supply
demonstrated
times
longest
continuous
record
aftilable
stillwater
reek
payne
county
established
program
started
north
canadian
river
valley
program
canadi
county
program
cleveland
jahom
county
program
wells
programs
measured
varying
intervals
office
staff
united
states
cologi
sunrey
local
observers
accompanying
map
fig
bows
pre
ent
observation
wells
indicates
large
portion
state
covered
program
order
cover
state
adequately
key
tion
wells
needed
addition
present
wells
several
thes
wells
ould
equipped
order
ive
ontinuou
ord
weekly
measurements
ufficient
addition
considerable
number
observation
wells
eded
vily
pumped
areas
abandoned
wells
often
utilized
observation
wells
eventually
program
based
considerable
extent
wells
drilled
specifically
program
pollution
contamination
ground
water
pollution
ground
water
oil
field
brines
industrial
wastes
contamination
natural
causes
problems
various
areas
state
long
time
increased
industrialization
oklahoma
onable
expect
problems
increase
proper
solution
pre
ent
problems
revention
future
ones
necessitates
thorough
knowledge
occurrence
behavior
ground
water
cases
ent
application
physical
laws
governing
movement
ground
water
sufficient
eliminate
possible
causes
pollution
contamination
others
special
investigations
made
special
investigations
may
call
considerable
field
continuou
sampling
program
determine
progression
poll
ted
water
various
methods
determining
source
movem
tbt
polluted
water
example
salt
water
oil
well
may
surface
may
coming
abandoned
oil
well
repressuring
operations
porous
subsurface
stratum
number
samples
collected
area
might
easily
determine
origin
first
case
mentioned
origin
second
third
cue
would
difficult
determine
veral
areas
western
part
state
relatively
humid
eastern
lack
dry
summer
months
bad
forced
rketing
vegetables
fruits
times
prices
extremely
low
vel
pment
irrigation
ground
water
oklahoma
depend
adequate
knowledge
occurrence
quantity
quality
ground
special
projecfs
yting
ter
problems
losses
plants
aod
evaporation
import
enough
known
losses
work
desirable
similarly
channel
ses
tretche
north
canadian
aod
canadian
rivers
constitute
problem
involving
surface
water
ground
ter
olution
depend
knowledge
discharge
streams
underflow
geology
vaijey
total
annual
costs
annual
cost
oklahoma
estimate
annual
cost
continuing
comprehensive
grouodwater
program
embodying
factors
discussed
herein
continuation
present
program
expansion
aquifer
program
observation
wells
special
projects
chemical
analysis
ground
water
test
drilling
logging
wells
geophysical
exploration
total
expanding
present
cooperative
oklal
oma
geoiogi
survey
united
states
geological
survey
federal
government
ill
essentially
match
state
funds
dollar
dollar
cost
state
oklahoma
comprehensive
program
described
herein
would
per
aooum
quajjty
water
records
tbc
chemical
character
surface
sround
aters
throu
oklahoma
needed
becaus
extent
industrial
development
oklahoma
limited
large
measure
adequacy
water
upplies
suitable
chemical
quality
quaotitie
dissolved
suspended
matter
affect
fulness
ter
almost
every
line
manufa
industries
rigid
requirements
quality
ater
industries
tho
requirements
may
met
natural
water
treatment
local
wat
uir
ply
good
quality
always
ined
ite
considered
plant
nalyses
made
united
states
geological
survey
planned
show
quantities
uspcnded
dissolved
mat
nal
determine
fitness
ter
industrial
agricultural
use
domestic
use
affe
constituents
without
reference
sanitary
problem
investigation
however
much
mere
making
routine
analyses
established
standard
methods
sound
planning
sampling
program
necessary
insure
complete
continuing
records
phases
investigation
careful
scrutiny
analyses
needed
determine
accuracy
instances
decide
upon
thf
validity
sampling
careful
compilation
correlation
analytical
data
required
publication
chemical
ity
surface
ground
waters
throughout
oklahoma
considered
general
aspects
studie
already
completed
quality
water
streams
differs
widely
throug
hout
due
cot
natural
conditions
also
pollution
oil
field
brines
sewage
mine
wastes
industrial
effluents
pollution
may
extreme
cases
make
water
unfit
puq
ose
ordinary
uses
also
habitat
fish
life
highly
mineralized
waters
affect
specific
locality
pouution
occurs
may
also
adversely
affect
quality
water
downstream
users
even
though
miles
away
ground
waters
state
continue
used
industrial
municipal
supplies
weu
irrigation
ground
waters
may
differ
widely
chemical
character
following
pages
outlined
comprehensive
program
study
chemical
compositions
waters
throughout
oklahoma
quality
surface
waters
quality
surface
waters
oklahoma
information
chemical
composition
waters
red
river
nadian
river
basins
obtained
united
states
bureau
tion
points
however
information
consists
analyses
spot
samples
scattered
throughout
year
surface
waters
ints
throughout
state
compiled
united
tat
geological
urvey
currently
making
analyses
spot
samples
numerous
point
composites
amples
collected
daily
six
tion
reams
oklahoma
terminates
december
analyses
ive
rough
idea
quality
water
data
fragmen
general
significance
tematic
continuing
pro
ram
obtaining
quality
water
data
urfa
ters
oklahoma
lytic
urf
oklahoma
vary
widely
chemical
streams
moderate
size
tate
whi
headwaters
lower
reaches
fairly
uniform
concentration
time
constant
time
time
river
water
lit
different
times
much
ifty
per
cent
less
verage
one
hundred
per
cent
average
amount
disolve
matter
full
ideration
must
iven
variations
ion
toragc
provided
pecially
industries
using
water
every
year
orne
surface
water
upplies
poor
ality
many
times
year
available
records
way
show
variations
chemical
compo
ition
river
water
throughout
year
stre
samp
les
collecte
every
day
year
furnish
basis
evaluating
relative
effects
highly
mineralized
low
flow
much
better
water
available
durin
following
floods
knowledge
qua
lity
rface
water
may
expected
throughout
year
year
depends
sampling
program
covering
years
analysis
spot
sample
stream
may
misleading
taken
basis
choice
source
industrial
water
supply
waters
rry
large
amounts
soluble
salts
affected
mineral
matter
extraneous
sources
oil
wells
return
water
irrigation
industrial
wastes
much
ten
years
study
required
consequently
usually
insufficient
time
obtain
reliable
information
investigations
beruj
need
arises
unpublished
data
piles
butau
lledamation
oklahoma
city
okla
tht
chemical
analysb
water
oklahoma
oklahoma
pub
mith
vol
samples
analyses
composites
general
yield
wed
accurate
prediction
given
industrial
value
desired
sampling
prosram
daily
variations
may
impounded
waters
would
available
project
concentration
mineral
matter
solution
varies
amount
water
flowing
stream
necessary
adequate
records
obta
mplin
tion
quality
surface
water
generally
improved
following
heavy
rains
large
volumes
water
carried
streams
flood
flows
ter
large
lakes
usually
better
found
low
flow
tributary
streams
thus
mount
rainfall
surf
runoff
whi
often
vary
widely
year
year
terially
affect
average
chemical
omposition
water
stream
correlation
chemical
quality
water
rates
discharge
years
study
applied
discharges
kes
ible
indicate
whether
period
studied
representative
average
conditions
also
something
extreme
rage
ompositions
might
generally
obtain
reliable
figure
oncentration
record
daily
samples
many
years
may
nece
ary
comprehensive
investigation
indu
ial
quality
surface
waters
oklahoma
proposed
make
chemical
ane
yses
composite
daily
samples
points
year
station
records
discharge
available
stations
would
selected
operated
main
stems
major
rivers
throughout
state
determine
fitness
water
industrial
use
many
tributary
daj
sampling
points
contemplated
initial
study
group
arkansas
river
arkansas
city
kua
arkansas
river
tulsa
arkansas
river
van
ark
verdigris
river
near
sageeyah
neosho
grand
river
near
wagoner
river
near
gore
washita
river
near
durwood
canadian
river
near
whitefield
poteau
river
poteau
deep
pork
near
dewar
washita
river
near
clinton
north
canadian
river
canton
sampling
points
would
continued
adequate
analytical
treams
may
necessary
determine
proportion
total
load
contributed
ary
specific
reaches
river
following
records
obtained
probably
several
years
sampling
points
would
selected
basis
existing
data
current
needs
data
streams
points
stream
following
list
supplementary
sampling
stations
also
located
stations
would
desirable
study
chemical
character
surface
waters
throughol
state
gtoup
sprina
lliver
little
lliycr
oear
bel
neosho
lli
ocar
coaudeju
klamichi
liver
near
belzooi
canadian
liver
near
bridacport
caoadian
llivcr
calvin
north
canadian
river
near
wetumka
north
fork
red
ocar
headrick
ide
dog
town
fork
red
river
near
estdlioe
texas
cimuroo
mannford
cimarron
near
wayoob
cimuron
river
ncar
guthrie
salt
fork
arkansas
river
tonkawa
analyses
would
made
samples
collected
less
frequently
point
tream
adequ
ord
water
temperatures
would
obtained
sampling
stations
estimated
cost
program
including
operation
sampling
stations
groups
year
analyzing
samples
preparing
data
publication
would
per
annum
group
group
addition
providing
information
possibilities
industrial
use
waters
extent
character
stream
pollution
highly
eralized
wat
natural
salt
sprin
streams
oil
fields
industrial
wastes
wage
ptn
evaluated
program
continuing
sampling
program
important
pollution
abatement
standpoint
sonal
annual
loads
dissolved
salts
calculated
areas
major
salt
contribution
streams
could
determined
analyse
would
provide
valuable
store
information
future
development
water
supplies
municipalities
irrigati
sampling
stations
established
september
tion
preliminary
survey
water
available
industrial
uses
oklahoma
allotted
maintain
stations
rough
december
records
obtained
stations
necessary
commencing
sound
program
would
desirable
serve
continuity
records
estimated
additional
contribution
state
together
equal
allotment
united
states
geological
survey
would
ample
carry
work
end
current
fiscal
year
pending
initiation
comprehensive
program
sediment
comprehensive
systematic
measurement
silt
carried
streams
oklahoma
integral
part
well
rounded
study
industrial
utility
water
supplies
considerable
information
sediment
loads
gathered
corps
streams
throughout
state
connection
studies
silting
river
beds
influence
navigability
streams
effect
large
quantities
silt
ervoir
capacities
however
silt
samples
generally
taken
ally
data
inadequate
particularly
flood
flows
tremendous
quantities
sediment
transported
impossible
determine
sediment
loads
basis
samples
year
uopubusbed
eers
office
tulsa
deftisoo
tau
pend
tttl
ppre
ble
mounts
fte
use
ulness
water
industrial
well
domesti
purpose
important
factor
desi
operation
ication
tems
nsideration
must
given
quantities
suspended
matter
streams
determining
whether
dustry
find
possible
use
sour
water
supply
larae
quantitie
ilt
carried
many
streams
oklahoma
reate
problems
maintenance
irria
tion
canals
structure
also
fiu
reservoir
space
needed
con
erv
tion
flood
ontrol
consequently
additional
quantitative
data
sediment
loads
many
streams
oklahoma
essential
sound
planning
development
industrial
ter
supplies
tion
ampl
rom
tre
ugtng
statiocs
would
desirablt
omprehensive
program
measurement
sediment
loads
klahoma
sampling
station
continued
long
period
necess
adequate
records
quantities
suspended
atter
carried
stream
point
data
sediment
loads
would
desirable
many
hemical
observation
stations
needs
dem
nds
silt
pro
pective
ervoir
ites
immediate
consideration
wiu
influen
selection
sampling
points
tigation
initiated
amples
would
ollected
one
three
times
daily
station
depending
chara
teristi
stream
discharge
time
sampling
sample
total
sediment
content
would
made
chemical
analyses
representative
number
samples
would
also
made
estimated
cost
operating
sediment
stations
purchase
equipment
analyses
samples
preparing
data
publication
would
per
year
quality
ground
water
ground
water
state
continue
used
extensively
industrial
purposes
domestic
public
water
supplies
trrt
tion
stock
purpo
compo
ition
ground
aters
bears
relation
rock
formation
cur
knowledge
composition
value
tracing
ources
underground
waters
knowledge
chemical
compositioo
waters
inte
part
general
investigation
conditions
oklahoma
ampling
program
closely
studies
geology
resources
contemplated
united
states
logical
extent
cost
study
quality
underground
would
proportional
contingent
upon
funds
provided
studies
resources
oklahoma
data
compiled
chemicai
composition
underground
waters
though
anal
ses
cover
smaji
cit
unpubushed
data
fil
geological
norman
oklaboaaa
throughout
state
ter
wejl
urveys
arc
needed
many
areas
oklahoma
important
supplies
ground
water
arc
known
exist
ble
ter
formations
furnish
generai
picture
quality
table
ground
waters
oklahoma
however
half
counties
information
cidedly
inadequate
five
counties
even
single
analysis
well
ater
comprehen
ivc
stud
chemi
hara
ter
oklahoma
would
desirable
complete
analyses
samples
well
fully
representative
coverage
ground
waters
inferior
qua
jty
exp
lored
inten
ive
extensive
sampling
asc
rtai
hemi
water
whatever
purpose
inten
ely
developed
area
would
sirable
elect
key
well
amples
would
taken
periodicajly
chemical
han
hemi
character
water
ult
ive
withdrawals
underground
appreciable
quantitie
fluoride
public
domestic
water
supplies
orted
ahoma
tate
health
department
excessive
quantities
fluoride
make
water
undesirable
even
unsatisfactory
orne
domestic
uses
hence
would
appear
desirable
make
ation
occurrence
constituent
well
water
throughout
oklah
rna
boron
mall
qua
nti
ties
irri
tion
waters
may
injure
crops
unle
precautionary
measures
taken
boron
apprecia
quantitie
erved
many
ground
aters
oklahoma
supplies
critical
examination
constituent
developed
irrigation
damage
supplies
contamination
oil
field
brines
refinery
wastes
mine
seepage
wastes
receive
critical
dome
indu
rial
ater
upplies
preserved
abatement
pollution
subsurface
reservoirs
well
surface
streams
necessary
observation
wells
selected
systematrc
program
sampling
analysis
continued
long
period
necessary
obtain
required
lata
wells
require
years
observation
cooperation
expected
oil
companies
operating
oklahoma
contiguous
states
thorough
studies
would
provide
reliable
data
cit
would
contribute
toward
avoidance
litigation
towards
prevention
contamination
supplies
industrial
utility
public
water
supplies
quality
water
used
many
public
supplies
reporteg
smith
ailed
information
dditional
complete
analyses
needed
orne
ire
rep
rted
report
chemical
character
municipal
water
supplies
prepared
expectation
wijl
tim
time
changes
ources
treatment
suppli
tlke
ompr
publi
plie
may
prepared
covering
portions
state
considerable
detail
year
foo
period
years
preparation
adequate
report
chemical
character
public
ter
upplie
tate
might
cost
year
period
three
five
yean
total
annual
costs
annual
cost
oklahoma
estimate
annual
cost
comprehensive
pre
gram
discussed
herein
quality
surface
waters
comprehensive
program
sediment
loads
quality
ground
waters
included
program
industrial
utility
public
water
supplies
comprehensive
progressive
report
total
annual
cost
continuation
present
program
start
comprehensive
progt
estimated
annual
costs
state
oklahoma
cooperative
agreement
united
states
geological
survey
survey
oklahoma
half
program
first
year
annually
thereafter
water
uiuization
program
united
states
geological
survey
includes
analytical
studies
facts
inaease
utility
assure
program
shall
meet
need
adequately
possible
essential
feature
compil
tion
water
information
particularly
critical
events
floods
drou
hts
form
suited
convenient
effective
use
water
problems
statistical
records
often
require
supplemental
analysis
order
reveal
significance
form
analysis
depends
largely
nature
problem
hand
found
certain
kinds
analyses
enter
nearly
every
problem
indeed
availability
analyses
may
encourage
hold
wise
limits
case
may
proposed
pro
whi
involves
water
utilization
denciencies
hydrologic
earch
published
national
resources
planning
board
describes
great
number
needed
investigations
singular
bearing
hydrology
oklahoma
round
needs
done
preliminary
tre
tments
planned
general
types
study
undertake
ati
tical
inventor
addit
statistical
analyses
great
many
facts
regarding
water
resources
gained
preparation
quantitative
hydrologic
inventory
studies
consider
water
streams
one
phase
cycle
containing
intimately
related
phases
factors
including
preipitation
interception
vegetation
infiltration
soil
moisture
runoff
urface
ground
sources
surface
ground
storage
evaporation
tra
nspiration
vegetation
information
developed
useful
many
kind
water
problems
particu
larly
administration
land
use
conservation
problem
flood
control
moreover
serve
basis
estimating
tream
flow
areas
station
records
available
supplementary
method
combination
rainfall
records
synthesi
extension
records
especially
drought
flood
periods
problems
advantageously
investigated
studied
assembly
compilation
usable
form
basic
information
published
annually
papers
compilations
would
save
individual
users
much
labor
time
consumed
preparing
similar
compilations
use
individual
problems
assembly
compilation
records
maximum
stages
discharges
occurred
oklahoma
adjacent
states
data
essential
design
spillways
channels
use
location
projects
maximum
flood
levels
preparation
draioag
basin
areal
reports
hydrolog
area
giving
factual
dat
interpretative
studies
quality
quantity
surface
resources
area
type
report
contemplated
would
simil
issued
oklahoma
geo
logical
survey
beaver
cimarron
counties
broader
scope
cover
aspects
quantity
occurrence
quality
surface
ter
supplies
reports
water
losses
reaches
various
streams
relation
rainfall
runoff
effect
antecedent
inf
relation
study
would
provide
eful
relations
extending
short
term
records
oklahoma
past
average
monthly
water
losses
related
antecedent
current
precipitation
results
study
would
useful
computing
early
precipitation
records
supplies
water
needed
storage
irrigation
purposes
critical
periods
antedating
adequate
records
yields
may
expected
individual
storms
knowledge
would
extremely
useful
estimating
frequency
amount
water
supplies
available
small
storage
project
especially
western
oklahoma
practically
sustained
runoff
water
stored
must
caught
individual
storms
evaporation
open
water
surfaces
reservoirs
errors
assumption
amounts
los
might
seriously
cripple
efficiency
effectiveness
reservoir
investigations
reports
reliable
water
supplies
stock
use
infocmation
would
assist
selection
site
favorable
obtaining
reliable
supply
water
improve
design
construction
practices
view
minimizing
many
losses
evaporation
seepage
may
render
supply
practicaljy
valueless
confidently
believed
annual
investment
allied
stud
investigations
reports
would
yield
dividends
savings
peo
man
times
sum
cooperative
agreement
tbe
states
geological
survey
annual
cost
oklahoma
would
topographic
mapping
small
portion
state
oklahoma
covered
adequate
maps
needed
iovestiptioos
selection
sites
reservoirs
dams
ing
stations
examination
geologic
structure
rei
ted
occurrence
determination
drainage
areas
slopes
streams
many
purposes
lack
maps
distinct
handicap
many
investigations
united
states
geological
survey
corps
engineers
eau
reclamation
many
federal
tate
gencies
sugg
program
topogr
phic
mapping
inaugur
provide
essential
map
information
carrying
forward
investigations
economic
studies
upon
future
developments
state
dependent
thought
program
mappang
sufi
iciently
large
provide
maps
selected
areas
rate
commensurate
anticipated
progress
engineering
economic
developments
cost
topographic
mapping
state
would
one
half
actual
total
cost
maps
project
undertaken
cooperation
united
states
geological
survey
authorized
match
state
offerings
dollar
dollar
basis
provided
topographic
surveys
designed
result
maps
fcjr
publication
scales
pproximately
one
inch
mile
one
inch
equals
onehalf
mile
subject
appropriation
federal
funds
purpose
geological
survey
match
anj
offering
state
cooperative
topographic
surveys
however
thought
annual
offering
state
oklahoma
less
assure
orderly
economical
program
provide
essential
map
information
rate
serve
urgent
requirements
total
amount
available
annually
topographic
mapping
would
increased
two
times
annual
offering
state
equal
offering
federal
funds
appropriation
geological
survey
undertaken
cooperative
project
approximately
topographic
mapping
considered
adequate
quality
present
requirements
resulted
surveys
carried
earlier
years
cooperation
territorial
survey
commission
state
geological
survey
state
highway
commission
cooperation
state
highway
commission
authorized
state
house
biu
approved
governor
march
