united
states
department
interior
geological
survey
reconnaissance
geology
thaniyah
quadrangle
sheet
kingdom
saudi
arabia
robert
greene
report
ministry
petroleum
mineral
resources
deputy
ministry
mineral
resources
jiddah
kingdom
saudi
arabia
report
preliminary
reviewed
conformity
geological
survey
editorial
standards
stratigraphic
nomenclature
geological
survey
reston
contents
abstract
introduction
previous
work
present
study
physiography
precambrian
rocks
layered
rocks
metavolcanic
rocks
western
belt
metavolcanic
rocks
central
belt
metavolcanic
rocks
eastern
belt
layered
metavolcanic
rocks
quartzite
marble
metasedimentary
metavolcanic
rocks
mixed
rocks
metavolcanic
rocks
western
belt
diorite
metavolcanic
rocks
western
belt
tonalite
metavolcanic
rocks
central
belt
diorite
metavolcanic
rocks
eastern
belt
granite
diorite
tonalite
diorite
granite
tonalite
granite
plutonic
rocks
diorite
quartz
diorite
tonalite
quartz
diorite
tonalite
gneiss
khalij
tonalite
quartz
diorite
diorite
gabbro
gabbro
granite
biotite
granite
granite
granodiorite
graphic
granite
rhyolite
metabasalt
dikes
surficial
deposits
alluvium
structure
geologic
history
geochronology
economic
geology
ancient
copper
gold
mines
wadi
shuwas
district
geochemical
survey
building
stones
references
page
illustrations
plate
pocket
plate
reconnaissance
geologic
map
thaniyah
quadrangle
sheet
kingdom
saudi
arabia
figure
index
map
western
saudi
arabia
showing
location
thaniyah
quadrangle
reconnaissance
geology
thaniyah
quadrangle
sheet
kingdom
saudi
arabia
robert
greene
abstract
thaniyah
quadrangle
sheet
located
transition
zone
hijaz
mountains
najd
plateau
southwestern
saudi
arabia
lat
long
quadrangle
underlain
precambrian
metavolcanic
metasedimentary
plutonic
dike
rocks
metavolcanic
rocks
consist
metamorphosed
basalt
andesite
minor
dacite
rhyolite
underlie
three
discontinuous
belts
metasedimentary
rocks
confined
small
areas
underlain
quartzite
metasandstone
marble
rock
plutonic
rocks
include
extensive
unit
tonalite
quartz
diorite
smaller
unit
diorite
quartz
diorite
occupy
much
central
part
quadrangle
small
body
diorite
gabbro
zone
tonalite
gneiss
also
present
plutonic
rocks
assigned
nimas
batholith
younger
plutonic
rocks
include
extensive
graphic
granite
rhyolite
northeastern
part
quadrangle
several
smaller
bodies
granitic
rocks
gabbro
metavolcanic
rocks
commonly
strong
foliation
northwest
strike
steep
vertical
dip
diorite
quartz
diorite
sheared
brecciated
apparently
syntectonic
tonalite
quartz
diorite
foliate
nonfoliate
intruded
episodes
preceding
following
shearing
granitic
rocks
gabbro
posttectonic
trends
faults
dikes
mostly
related
najd
faulting
episode
radiometric
ages
mostly
adjacent
quadrangles
suggest
nimas
batholith
gabbro
granite
except
graphic
granite
rhyolite
unit
graphic
granite
rhyolite
old
metavolcanic
rocks
similar
hosting
copper
gold
mineralization
wadi
shuwas
mining
district
adjacent
southwestern
part
quadrangle
abundant
ancient
copper
mine
discovered
edge
tonalite
gneiss
belt
east
wadi
ranyah
granite
gabbro
economic
potential
building
stone
introduction
thaniyah
quadrangle
sheet
located
southwestern
saudi
arabia
lat
long
area
center
quadrangle
southeast
taif
fig
southeast
corner
quadrangle
west
bishah
permanent
population
concentrated
several
villages
along
wadi
tabalah
part
quadrangle
date
palms
hay
vegetable
crops
raised
largest
villages
thaniyah
lies
directly
west
water
gap
prominent
ridge
thaniyat
arabic
word
gorge
apparently
village
thus
quadrangle
named
water
gap
see
modern
paved
highway
connects
bishah
taifabha
highway
south
biljurshi
west
bishah
highway
cuts
across
southeastern
corner
thaniyah
quadrangle
continues
westward
south
quadrangle
boundary
thaniyah
villages
along
wadi
tabalah
served
short
secondary
roads
rest
quadrangle
served
network
ungraded
tracks
provide
good
access
rather
spectacular
mountain
road
winds
west
thaniyah
wadi
shuwas
northeastern
part
biljurshi
quadrangle
main
track
historical
significance
formerly
main
route
taif
southern
saudi
arabia
yemen
extends
northwest
southeast
across
quadrangle
previous
work
present
study
thaniyah
area
covered
geologic
map
southern
najd
quadrangle
jackson
others
surrounding
quadrangles
mapped
part
mapping
program
geological
survey
usgs
fig
include
aqiq
west
greenwood
biljurshi
southwest
greenwood
wadi
tarj
south
anderson
wadi
harjab
southeast
cornwall
junaynah
east
schmidt
miyah
northeast
schmidt
ufayriyah
north
greene
figure
map
western
saudi
arabia
showing
location
thaniyah
quadrangle
shaded
quadrangles
referred
report
southern
najd
jackson
others
ufayriyah
greene
miyah
schmidt
aqiq
greenwood
junaynah
schmidt
greenwood
tarj
anderson
harjabi
comwau
nimas
greenwood
hali
hadley
fieldwork
thaniyah
quadrangle
conducted
february
march
additional
field
checks
made
november
january
stations
quadrangle
immediately
adjacent
areas
visited
helicopter
reached
vehicle
work
report
performed
geological
survey
accordance
work
agreement
saudi
arabian
ministry
petroleum
mineral
resources
physiography
thaniyah
quadrangle
lies
transition
zone
hijaz
mountains
west
najd
plateau
east
southwesternmost
part
quadrangle
clearly
hijaz
rugged
mountain
peaks
ridges
rising
high
separated
deep
canyons
although
much
rest
quadrangle
rough
dissected
surface
developed
bedrock
local
relief
less
areas
mountainous
including
jabal
rafa
northwest
corner
kawr
burayha
part
series
ridges
south
southeast
shaib
sudayrah
plains
dotted
small
jabals
characterize
southeastern
part
small
area
near
northeast
corner
quadrangle
clearly
belong
najd
plateau
altitude
generally
decreases
northwest
southeast
across
area
summit
jabal
rafa
kawr
burayha
south
shaib
sudayrah
altitudes
range
altitude
plains
northeastern
part
southeastern
part
drainage
northwestern
part
quadrangle
provided
wadi
ranyah
tributaries
southern
central
eastern
parts
drained
wadi
tabalah
wadi
khalij
shaib
mutaarridah
shaib
sudayrah
tributaries
wadi
bishah
trunk
stream
lies
kilometers
east
quadrangle
precambrian
rocks
geologic
map
quadrangle
shown
plate
map
units
symbolized
generally
described
map
explanation
fully
discussed
following
paragraphs
layered
rocks
layered
rocks
quadrangle
ufayriyah
quadrangle
adjacent
north
divided
western
central
eastern
belts
belts
separated
belts
plutonic
rocks
layered
rocks
primarily
metavolcanic
minor
units
metasedimentary
formation
group
names
given
layered
rocks
quadrangles
adjacent
east
west
extended
quadrangle
term
granulite
used
report
refer
texture
structureless
equigranular
metamorphic
rocks
metavolcanic
rocks
western
belt
mountainous
area
along
western
boundary
quadrangle
underlain
metavolcanic
rocks
raw
consisting
flow
rock
tuff
breccia
ranging
composition
basalt
rhyodacite
common
andesite
dacite
flow
rocks
tuffs
weather
slabs
fragments
patina
metabasalt
consist
plagioclase
actinolite
chlorite
epidote
opaque
minerals
various
proportions
volcanic
rocks
contain
percent
plagioclase
phenocrysts
groundmass
texture
may
show
flow
foliation
tuff
breccia
microfragments
cataclastic
granulation
metadacite
rhyodacite
consist
sparse
phenocrysts
plagioclase
quartz
groundmass
may
contain
identifiable
plagioclase
quartz
actinolite
chlorite
epidote
may
cryptofelsite
like
mafic
rocks
groundmass
shows
flow
fragmental
cataclastic
textures
although
seen
thaniyah
quadrangle
abundant
pillow
structure
exposed
metavolcanic
rocks
strike
described
along
wadi
ranyah
wadi
thurat
adjacent
aqiq
quadrangle
entire
sequence
appears
originated
submarine
lavas
pyroclastic
flows
deformed
one
orogenies
metamorphosed
greenschist
facies
chlorite
grade
metavolcanic
rocks
central
belt
metavolcanic
rocks
central
belt
found
northwestern
part
quadrangle
east
west
wadi
ranyah
rocks
consist
metabasalt
medium
dark
gray
greenish
gray
fine
grained
locally
porphyritic
rocks
consist
plagioclase
actinolite
chlorite
epidote
opaque
minerals
contain
percent
much
percent
plagioclase
phenocrysts
textures
indicate
flows
tuffs
present
rocks
contain
percent
quartz
one
contains
hornblende
rocks
mostly
metamorphosed
greenschist
facies
chlorite
grade
locally
attain
amphibolite
facies
metavolcanic
rocks
eastern
belt
metavolcanic
rocks
eastern
belt
underlie
area
extending
southeast
corner
quadrangle
north
northwest
shaib
sudayrah
become
mixed
granite
rocks
include
metabasalt
amphibolite
mostly
fine
medium
grained
dark
gray
black
locally
streaked
mottled
lighter
colors
consists
plagioclase
quartz
blende
minor
epidote
opaque
minerals
metabasalt
consists
plagioclase
hornblende
epidote
grades
amphibolite
hornblende
content
exceeds
percent
rocks
largely
recrystallized
textures
suggesting
flows
tuffs
present
metamorphosed
amphibolite
facies
layered
metavolcanic
rocks
small
area
along
eastern
boundary
quadrangle
distinctive
sequence
layered
metavolcanic
rocks
includes
metadacite
metabasalt
steeply
dipping
layers
meters
thick
readily
observed
field
metadacite
brownish
gray
aphanitic
consists
largely
cryptofelsite
may
contain
percent
plagioclase
quartz
phenocrysts
groundmass
locally
contains
plagioclase
microlites
elsewhere
clearly
fragmental
metabasalt
dark
gray
greenish
gray
fine
grained
consist
plagioclase
hornblende
minor
epidote
opaque
minerals
metaandesite
contains
much
percent
plagioclase
phenocrysts
layered
metavolcanic
rocks
like
adjacent
eastern
belt
metamorphosed
amphibolite
facies
quartzite
quartzite
underlies
three
small
areas
western
part
quadrangle
southernmost
area
residual
sliver
plutonic
rocks
nimas
batholith
two
surrounded
metavolcanic
rocks
western
belt
structural
relationship
unit
uncertain
southernmost
occurrence
lat
long
quartzite
light
gray
fine
grained
thin
flaggy
bedding
consists
quartz
minor
amounts
hornblende
biotite
garnet
plagioclase
opaque
minerals
quartzite
underlies
prominent
jabal
near
wadi
ranyah
lat
long
rock
light
gray
medium
grained
outcrops
massive
black
patina
rock
consists
solely
quartz
traces
opaque
minerals
probably
hematite
third
quartzite
underlies
group
jabals
farther
north
western
boundary
quadrangle
lat
long
fine
grained
light
gray
weathers
rusty
color
purple
stains
rock
consists
quartz
percent
clinozoisite
trace
amounts
muscovite
garnet
opaque
minerals
marble
metasedimentary
metavolcanic
rocks
small
area
near
northwest
corner
quadrangle
larger
one
near
northeast
corner
underlain
rocks
marble
metasedimentary
metavolcanic
unit
area
near
northwest
corner
white
marble
interlayered
gray
metasandstone
surface
rock
mostly
weathered
brown
crumbly
marble
nearly
pure
carbonate
metasandstone
consists
recrystallized
quartz
plagioclase
biotite
area
near
northeast
corner
flat
plain
sparse
outcrops
metasedimentary
metavolcanic
rocks
distributed
irregular
fashion
adjacent
granite
forms
mountains
south
plain
outcrops
consist
mostly
granulite
contain
abundant
epidote
contain
minor
biotite
chlorite
sphene
opaque
minerals
amphibolite
interlayered
center
flat
near
northern
edge
marble
granulite
crops
ribbon
rock
alternating
layers
marble
granulite
thick
commonly
folded
boudinaged
marble
consists
carbonate
minor
diopside
scapolite
granulite
consists
equal
parts
diopside
scapolite
locally
minor
carbonate
plagioclase
trace
amounts
epidote
sphene
opaque
minerals
outcrops
area
metabasalt
amphibolite
mixed
rocks
metavolcanic
rocks
western
belt
diorite
metavolcanic
rocks
western
belt
diorite
mwd
consist
mixed
unit
metavolcanic
rocks
similar
described
western
belt
diorite
quartz
diorite
similar
described
diorite
quartz
diorite
unit
metavolcanic
rocks
western
belt
tonalite
metavolcanic
rocks
western
belt
tonalite
mwt
consist
mixed
unit
metavolcanic
rocks
similar
described
western
belt
tonalite
quartz
diorite
similar
described
tonalite
quartz
diorite
unit
metavolcanic
rocks
central
belt
diorite
metavolcanic
rocks
central
belt
diorite
mcd
consist
mixed
unit
metavolcanic
rocks
similar
described
central
belt
diorite
quartz
diorite
similar
described
diorite
quartz
diorite
unit
metavolcanic
rocks
eastern
belt
granite
metavolcanic
rocks
eastern
belt
granite
meg
consist
mixed
unit
metavolcanic
rocks
similar
described
eastern
belt
granite
rhyolite
similar
described
graphic
granite
rhyolite
unit
ggr
diorite
tonalite
diorite
tonalite
dqt
consist
mixed
unit
diorite
quartz
diorite
similar
described
diorite
quartz
diorite
unit
tonalite
similar
described
tonalite
quartz
diorite
unit
diorite
granite
diorite
granite
dqg
consist
mixed
unit
diorite
quartz
diorite
similar
described
diorite
quartz
diorite
unit
granite
rhyolite
similar
described
graphic
granite
rhyolite
unit
ggr
tonalite
granite
tonalite
granite
tog
consist
mixed
unit
tonalite
quartz
diorite
similar
described
tonalite
quartz
diorite
unit
granite
similar
described
graphic
granite
rhyolite
unit
ggr
plutonic
rocks
plutonic
rocks
dominant
thaniyah
quadrangle
underlie
percent
surface
range
composition
gabbro
granite
tonalite
quartz
diorite
diorite
nimas
batholith
voluminous
plutonic
rocks
classified
according
recommendation
international
union
geological
sciences
iugs
streckeisen
diorite
quartz
diorite
diorite
quartz
diorite
principal
rock
types
parts
three
zones
extending
across
quadrangle
diorite
quartz
diorite
spatially
associated
metavolcanic
rocks
constitute
oldest
part
nimas
batholith
anderson
greenwood
outcrop
appearance
rocks
unit
heterogeneous
black
rocks
intrude
rocks
commonly
sheared
fractured
metamorphosed
diorite
quartz
diorite
mixed
substantial
quantities
metavolcanic
rocks
tonalite
granite
mixed
units
mapped
diorite
commonly
consists
percent
plagioclase
percent
hornblende
meladiorite
may
contain
much
percent
hornblende
part
hornblende
commonly
altered
chlorite
epidote
opaque
minerals
generally
present
apatite
sphene
rare
half
samples
studied
contain
percent
quartz
percent
quartz
quartz
diorite
tonalite
quartz
diorite
much
thaniyah
quadrangle
underlain
tonalite
quartz
diorite
rocks
part
nimas
batholith
form
younger
phase
batholith
tonalite
quartz
diorite
largely
medium
coarse
grained
light
gray
white
many
speckled
black
white
due
visibly
separate
grains
mafic
felsic
minerals
altered
rocks
commonly
pinkish
outcrops
covered
black
patina
areas
unit
underlies
rough
dissected
land
nearly
continuous
outcrop
elsewhere
underlies
flat
pediments
outcrops
form
numerous
low
jabals
tonalite
consists
percent
plagioclase
percent
quartz
trace
percent
mafic
minerals
abundant
quartz
diorite
contains
percent
quartz
otherwise
similar
tonalite
fresh
tonalite
contains
percent
hornblende
percent
biotite
total
mafic
mineral
content
commonly
less
percent
rarely
exceed
percent
commonly
hornblende
biotite
partially
altered
chlorite
epidote
altered
pinkish
rocks
chlorite
epidote
mafic
minerals
zircon
rare
sphene
common
opaque
minerals
nearly
always
present
tonalite
quartz
diorite
generally
strongly
flow
foliated
rarely
cataclastic
foliation
trends
change
abruptly
suggest
multiple
intrusion
tonalite
gneiss
tonalite
gneiss
tgn
crops
two
zones
directly
line
one
long
lies
southcentral
part
quadrangle
long
lies
rock
light
dark
gray
fine
medium
grained
strongly
foliate
distinct
layers
contrasting
color
wide
visible
much
outcrop
tonalite
gneiss
consists
percent
plagioclase
percent
quartz
percent
hornblende
trace
amounts
opaque
minerals
secondary
chlorite
epidote
locally
biotite
locally
rock
contains
much
percent
hornblende
tonalite
gneiss
cataclastic
derived
tectonic
shear
less
granulated
tonalite
lies
west
zone
gneiss
northwestern
end
outcrop
zone
gneiss
tectonically
mixed
metavolcanic
rocks
central
belt
khalij
tonalite
quartz
diorite
additional
unit
tonalite
quartz
diorite
separated
main
unit
south
jabal
hate
part
quadrangle
unit
cuts
across
tonalite
gneiss
tgn
belt
dividing
two
parts
tonalite
quartz
diorite
medium
coarse
grained
similar
composition
rocks
main
unit
fewer
coarse
white
rocks
unit
pinkish
altered
ones
diorite
gabbro
prominent
black
jabal
near
center
quadrangle
underlain
diorite
gabbro
coarse
grained
speckled
light
gray
black
rock
slightly
altered
hornblende
diorite
containing
percent
plagioclase
percent
hornblende
trace
percent
epidote
locally
hornblende
altered
actinolite
gabbro
also
present
consists
percent
plagioclase
percent
olivine
percent
clinopyroxene
percent
hornblende
percent
opaque
minerals
percent
actinolite
derived
alteration
primary
mafic
minerals
gabbro
belt
containing
several
bodies
gabbro
gab
extends
midway
along
eastern
boundary
quadrangle
northwest
toward
center
northern
boundary
largest
southernmost
underlies
prominent
jabal
coarse
grained
center
gabbro
medium
coarse
grained
light
dark
gray
individual
minerals
give
speckled
appearance
gabbro
consists
percent
plagioclase
percent
olivine
percent
clinopyroxene
trace
percent
hornblende
trace
percent
opaque
minerals
gabbro
contains
small
amounts
biotite
secondary
chlorite
plagioclase
mafic
minerals
fresh
however
reaction
series
olivine
clinopyroxene
hornblende
biotite
seen
samples
gabbro
undeformed
unmetamorphosed
granite
granite
big
present
two
areas
near
center
quadrangle
another
area
near
northeast
corner
southernmost
central
areas
includes
two
prominent
jabals
surrounding
lowlands
several
small
jabals
area
largely
lowland
contains
four
prominent
small
jabals
consist
white
quartz
area
near
northeast
corner
lowland
contains
flat
outcrops
small
jabals
whaleback
form
granite
coarse
grained
individual
pink
light
gray
black
minerals
distinguishable
hand
specimen
granite
weathers
reddish
brown
distinct
black
characteristic
tonalite
diorite
metavolcanic
rocks
granite
northern
central
areas
distinctly
white
granite
consists
percent
potassium
feldspar
percent
quartz
percent
plagioclase
trace
percent
muscovite
traces
biotite
chlorite
epidote
zircon
opaque
minerals
garnet
locally
present
variants
rock
include
granite
large
feldspar
phenocrysts
lat
long
pegmatite
lat
long
underlie
prominent
small
jabals
biotite
granite
biotite
granite
forms
nearly
circular
pluton
adjacent
wadi
ranyah
northern
boundary
quadrangle
area
underlain
granite
flat
outcrops
abundant
granite
coarse
grained
dominantly
light
dark
pink
speckled
black
granite
consists
percent
perthitic
potassium
feldspar
percent
quartz
percent
plagioclase
percent
biotite
chlorite
well
traces
zircon
sphene
opaque
minerals
presence
biotite
neither
muscovite
amphibole
distinquishes
granite
others
quadrangle
granite
granodiorite
small
areas
southeastern
part
quadrangle
underlain
granite
granodiorite
ggd
flat
pediment
surface
dotted
small
jabals
rocks
unit
heterogeneous
fine
coarse
grained
light
gray
pink
outcrops
black
patina
similar
appearance
outcrops
tonalite
quartz
diorite
granite
granodiorite
composed
percent
potassium
feldspar
percent
quartz
percent
plagioclase
percent
mafic
minerals
samples
contain
biotite
hornblende
nearly
contain
accessory
zircon
opaque
minerals
secondary
epidote
common
chlorite
rare
graphic
granite
rhyolite
graphic
granite
rhyolite
ggr
underlie
extensive
mountainous
area
northeastern
part
quadrangle
jabal
rafa
mountainous
area
northwestern
part
quadrangle
parts
adjacent
quadrangles
places
rocks
mottled
dull
pink
gray
medium
grained
finer
grained
rocks
light
medium
pinkish
gray
graphic
granite
consists
percent
potassium
feldspar
percent
quartz
percent
plagioclase
traces
hornblende
sphene
opaque
minerals
secondary
epidote
chlorite
traces
alkali
amphibole
also
present
locally
potassium
feldspar
slightly
perthitic
generally
clouded
opaque
dust
quartz
intimately
intermixed
potassium
feldspar
graphic
texture
quartz
crystal
outlines
commonly
triangular
connecting
bars
finer
grained
granite
rhyolite
graphic
texture
grades
vermicular
plumose
spherulitic
textures
rocks
composed
quartz
one
feldspar
undetermined
proportions
metabasalt
dikes
hypabyssal
intrusive
dikes
occur
southeastern
part
quadrangle
abundant
areas
dikes
metabasalt
color
indices
range
widely
much
dike
rocks
consist
plagioclase
clinopyroxene
actinolite
minor
amounts
chlorite
epidote
opaque
minerals
rocks
low
color
index
quartz
surficial
deposits
alluvium
alluvium
present
along
major
minor
wadis
locally
covers
large
flat
areas
consists
mostly
sand
may
contain
cobbles
gravel
major
stream
channels
structure
geologic
history
metavolcanic
rocks
western
belt
continuous
similar
rocks
adjacent
aqiq
quadrangle
greenwood
forming
belt
wide
rocks
commonly
foliated
locally
layered
dips
mostly
vertical
rocks
must
either
isoclinally
folded
imbricately
faulted
perhaps
combination
two
fold
axes
commonly
seen
repetition
section
total
thickness
volcanic
rocks
would
equal
width
across
strike
unreasonably
large
figure
metavolcanic
rocks
central
belt
contrast
western
belt
commonly
massive
exhibit
strong
foliation
shear
zone
strike
belt
tonalite
gneiss
metavolcanic
rocks
eastern
belt
layered
metavolcanic
rocks
continuous
similar
rocks
adjacent
junaynah
quadrangle
schmidt
belt
increases
width
common
southern
boundary
quadrangles
near
center
boundary
quadrangles
point
north
belt
segmented
plutonic
rocks
metavolcanic
rocks
exhibit
strong
foliation
vertical
dips
near
southeast
corner
thaniyah
quadrangle
farther
north
foliation
irregular
commonly
parallels
contact
adjacent
tonalite
quartz
diorite
two
principal
plutonic
rock
units
quadrangle
tonalite
quartz
diorite
unit
diorite
quartz
diorite
unit
part
nimas
batholith
major
plutonic
rock
body
extending
least
south
southern
boundary
thaniyah
quadrangle
anderson
greenwood
north
northern
boundary
greene
several
mixed
rock
units
mapped
quadrangle
also
belong
least
part
batholith
simplicity
names
two
principal
rock
units
shortened
tonalite
diorite
respectively
following
discussion
structure
compositional
variety
rocks
show
nimas
batholith
consists
multiple
intrusions
several
different
rock
types
finer
grained
diorite
extremely
deformed
sheared
brecciated
intruded
later
coarser
grained
diorite
evidently
emplaced
syntectonically
adjacent
metavolcanic
rocks
folded
intrusion
main
body
tonalite
followed
brecciated
commonly
sheared
cataclasized
areas
strongest
foliation
shown
form
lines
plate
climax
orogeny
shear
zone
formed
extends
least
south
quadrangle
boundary
thaniyah
wadi
ranyah
named
tabalah
shear
zone
wadi
tarj
quadrangle
anderson
shear
zone
represented
tonalite
gneiss
belt
cataclasized
rock
derived
adjacent
tonalite
shapes
contacts
form
lines
suggest
domal
uplift
diorite
bodies
east
west
thaniyah
episode
stress
waned
additional
late
tonalite
intruded
interrupting
tonalite
gneiss
belt
part
quadrangle
foliation
tonalite
preexisting
foliation
tonalite
gneiss
elsewhere
weakly
foliated
nonfoliated
tonalite
emplaced
variety
posttectonic
plutonic
rocks
crops
quadrangle
small
diorite
gabbro
body
center
quadrangle
believed
earliest
intruded
dikes
shown
plate
apparently
derived
adjacent
granite
granite
granodiorite
south
granite
center
biotite
granite
northern
boundary
quadrangle
strike
axis
nimas
batholith
appear
formed
central
zone
weakness
granite
granodiorite
may
represent
concluding
phase
batholith
however
potassium
rocks
included
batholith
elsewhere
anderson
greenwood
graphic
granite
rhyolite
northeastern
part
quadrangle
part
large
complex
body
outcrop
extends
east
junaynah
quadrangle
schmidt
lwok
least
northwest
ufayriyah
quadrangle
greene
covered
late
cenozoic
lava
harrat
buqum
granite
intimately
intrudes
metavolcanic
rocks
eastern
belt
diorite
mixed
units
meg
dqg
small
body
granite
near
northeast
corner
quadrangle
arcuate
shape
may
intruded
ring
fractures
following
major
intrusion
cauldron
subsidence
structure
implies
late
intrusion
shallow
crustal
level
following
extensive
erosion
nimas
batholith
graphic
granite
rhyolite
well
granite
severely
broken
faults
joints
schematic
representation
full
pattern
joints
faults
shown
plate
deformation
probably
najd
age
faults
western
half
quadrangle
trend
due
north
parallel
locally
form
edge
nimas
batholith
may
represent
brittle
fracture
concluding
phase
uplift
batholithic
rocks
another
series
faults
trends
southwestern
part
quadrangle
one
displaces
belt
diorite
clearly
najd
faults
several
long
faults
similar
trend
northeastern
part
quadrangle
dikes
part
quadrangle
trend
faults
dikes
northwestern
parts
quadrangle
trend
northwestern
part
dominant
set
dikes
conjugate
trend
may
also
najd
trends
part
quadrangle
densest
also
average
trend
curvature
mirrored
associated
faults
indicates
trend
altered
eastern
end
swarm
intersects
rather
parallels
najd
fault
runs
straight
valley
shaib
sudayrah
northern
boundary
quadrangle
shear
fault
however
would
tend
open
fractures
along
trend
faults
trend
particular
line
faults
crosses
center
quadrangle
dikes
center
quadrangle
parallel
trend
southwestern
part
dikes
parallel
najd
trend
foliation
plutonic
rocks
geochronology
dates
obtained
rocks
collected
thaniyah
quadrangle
probably
correlative
rocks
give
conflicting
results
considerable
discretion
needed
deciding
dates
accept
aldrich
others
sec
report
ages
biotite
biotite
granite
tonalite
quartz
diorite
unit
report
lat
long
near
wadi
ranyah
mineral
ages
obtained
believed
reflect
partial
resetting
subsequent
zircon
ages
correlated
rocks
distinctly
older
discussed
aldrich
others
sec
report
ages
biotite
hornblende
granite
tonalite
quartz
diorite
unit
lat
long
directly
east
wadi
ranyah
two
ages
rock
different
isotopic
disturbance
suspected
however
biotite
age
similar
ages
nimas
batholith
number
two
ages
obtained
rocks
nimas
batholith
wadi
tarj
nimas
wadi
hali
quadrangles
south
thaniyah
fleck
others
report
ages
quartz
diorites
isochron
trondhjemite
cooper
others
report
age
one
samples
fleck
age
age
tonalite
gneiss
southern
nimas
batholith
ages
range
suggest
probable
age
nimas
batholith
fleck
others
report
age
metavolcanic
rocks
inlier
nimas
batholith
north
nimas
one
oldest
ages
reported
date
arabian
shield
may
old
consistent
inasmuch
older
batholithic
rocks
intrude
ages
gabbros
southern
arabian
shield
discussed
coleman
others
fleck
others
several
concordant
biotite
hornblende
ages
unaltered
samples
igneous
textures
suggest
intrusion
age
gabbro
bodies
range
gabbros
thaniyah
quadrangle
petrographically
similar
likely
age
range
similar
number
late
postorogenic
plutonic
rocks
southern
arabian
shield
dated
fleck
others
intrude
nimas
batholith
layered
rocks
marginal
likely
correlated
granite
biotite
granite
thaniyah
quadrangle
several
dates
rocks
aqiq
quadrangle
include
ages
quartz
monzonite
wadi
shuwas
fleck
others
granodiorite
brown
others
dates
fall
early
event
fleck
others
aldrich
others
report
dates
peralkaline
granite
jabal
rafa
aqiq
quadrangle
rocks
mapped
graphic
granite
rhyolite
ggr
thaniyah
ufayriyah
quadrangles
greene
constitute
extensive
unit
ages
fit
later
part
early
event
reported
fleck
bounding
dates
event
revised
older
fleck
written
ages
correct
youngest
plutonic
rocks
thaniyah
quadrangle
intruded
beginning
cambrian
time
economic
geology
ancient
copper
gold
mines
course
geologic
investigations
thaniyah
quadrangle
apparently
heretofore
unreported
ancient
copper
mine
discovered
mods
number
requested
located
fault
sliver
tonalite
gneiss
east
elbow
wadi
ranyah
lat
long
site
diorite
dike
long
cuts
across
sheared
tonalite
pit
near
one
end
surrounded
heaps
gossan
malachite
stained
open
shaft
east
pit
deep
fresh
rock
probably
recent
nearby
many
heaps
slag
numerous
stone
foundations
neither
waste
rock
piles
grinding
stones
found
dumps
several
ancient
gold
mines
said
exist
area
directly
east
wadi
ranyah
northern
end
tonalite
gneiss
belt
lat
long
shown
plate
schmidt
written
commun
additional
information
presently
available
inquiries
regarding
mineral
occurrence
documentation
system
mods
data
bank
may
made
office
technical
advisor
saudi
arabian
deputy
ministry
mineral
resources
jiddah
wadi
shuwas
district
wadi
shuwas
district
contains
many
ancient
gold
copper
mines
located
southeasternmost
aqiq
northeasternmost
biljurshi
quadrangles
greenwood
southwestern
part
thaniyah
quadrangle
considerable
geological
geochemical
work
done
district
geologists
japanese
geological
survey
directorate
general
mineral
resources
dgmr
past
years
deposits
discovered
economic
value
present
time
results
investigations
described
series
reports
ozawa
fujii
kato
fujii
reports
released
saudi
arabian
deputy
ministry
mineral
resources
example
see
saudi
arabian
directorate
general
mineral
resources
bulletin
saudi
arabian
deputy
ministry
mineral
resources
bulletin
adjacent
parts
thaniyah
quadrangle
underlain
metavolcanic
rocks
similar
wadi
shuwas
district
may
equally
good
mineral
potential
geochemical
survey
geochemical
survey
evaluation
mineral
potential
thaniyah
quadrangle
carried
fenton
fenton
fenton
analyzed
splits
rock
samples
author
collected
mapping
collected
additional
samples
normal
altered
mineralized
rocks
plutonic
volcanic
rocks
analyzed
gold
silver
copper
lead
zinc
atomic
absorption
using
nitric
acid
extraction
addition
plutonic
rocks
analyzed
fluorescence
zirconium
yttrium
niobium
molybdenum
rubidium
strontium
thorium
building
stones
granites
gabbros
found
thaniyah
quadrangle
exceptionally
attractive
might
make
excellent
dimension
stone
building
facings
steps
floors
stone
granite
graphic
granite
rhyolite
gabbro
units
might
suitable
exceptionally
attractive
granites
located
lat
long
lat
long
gabbro
lat
long
references
aldrich
brown
hedge
carl
marvin
richard
geochronologic
data
arabian
shield
sec
radiometric
age
determinations
rocks
arabian
shield
aldrich
sec
tabulation
ages
given
rocks
arabian
shield
brown
carl
hedge
richard
marvin
geological
survey
report
anderson
geology
wadi
tarj
quadrangle
sheet
kingdom
saudi
arabia
saudi
arabian
directorate
general
mineral
resources
geologic
map
scale
coleman
brown
keith
layered
gabbros
southwest
saudi
arabia
geological
survey
professional
paper
cooper
stacey
stoeser
fleck
evaluation
zircon
method
isotopic
dating
southern
arabian
craton
contributions
mineralogy
petrology
cornwall
geology
wadi
harjab
quadrangle
kingdom
saudi
arabia
saudi
arabian
directorate
general
mineral
resources
geologic
map
scale
fenton
mineral
resource
potential
ufayriyah
thaniyah
quadrangles
sheets
kingdom
saudi
arabia
saudi
minis
try
mineral
resources
report
also
geological
survey
report
fleck
coleman
cornwall
greenwood
hadley
schmidt
prinz
ratte
geochronology
arabian
shield
western
saudi
arabia
results
geological
society
america
bulletin
fleck
greenwood
hadley
anderson
schmidt
geochronology
evolution
southern
part
arabian
shield
geological
survey
professional
paper
fujii
geology
north
wadi
shwas
area
kingdom
saudi
arabia
saudi
arabian
directorate
general
mineral
resources
technical
record
greene
reconnaissance
geology
ufayriyah
quadrangle
sheet
kingdom
saudi
arabia
saudi
arabian
deputy
ministry
mineral
resources
report
scale
also
geological
survey
report
greenwood
geology
quadrangle
sheet
kingdom
saudi
arabia
saudi
arabian
directorate
general
mineral
resources
geologic
map
scale
greenwood
geology
biljurshi
quadrangle
sheet
kingdom
saudi
arabia
section
geophysical
investigation
andreasen
section
geochemical
investigation
mineral
resources
trent
kiilsgaard
saudi
arabian
directorate
general
mineral
resources
geologic
map
scale
greenwood
reconnaissance
geology
nimas
quadrangle
sheet
kingdom
saudi
arabia
saudi
arabian
directorate
general
mineral
resources
geologic
map
scale
hadley
geology
wadi
hali
quadrangle
sheet
kingdom
saudi
arabia
section
aeromagnetic
investigations
andreasen
saudi
arabian
directorate
general
mineral
resources
geologic
map
scale
jackson
bogue
brown
gierhart
geologic
map
southern
najd
quadrangle
kingdom
saudi
arabia
geological
survey
miscellaneous
geologic
investigations
map
scale
reprinted
saudi
arabian
directorate
general
mineral
resources
geologic
map
scale
kato
fujii
geochemical
reconnaissance
northern
wadi
shwas
area
kingdom
saudi
arabia
saudi
arabian
directorate
general
mineral
resources
technical
record
ozawa
copper
deposit
suqah
prospect
wadi
shwas
area
kingdom
saudi
arabia
saudi
arabian
directorate
general
mineral
resources
technical
record
saudi
arabian
deputy
ministry
mineral
resources
annotated
bibliography
saudi
arabian
deputy
ministry
mineral
resources
mineral
resources
bulletin
saudi
arabian
directorate
general
mineral
resources
annotated
bibliography
saudi
arabian
directorate
general
mineral
resources
mineral
resources
bulletin
schmidt
geology
wadi
miyah
quadrangle
sheet
kingdom
saudi
arabia
saudi
arabian
deputy
ministry
mineral
resources
geologic
map
series
scale
schmidt
geology
junaynah
quadrangle
sheet
kingdom
saudi
arabia
geological
survey
saudi
arabian
mission
technical
record
interagency
report
scale
also
geological
survey
report
streckeisen
plutonic
rocks
classification
nomenclature
recommended
iugs
subcommission
systematics
igneous
rocks
geotimes
