department
interior
geological
survey
hydrogeologic
data
lower
sioux
indian
community
southwestern
minnesota
michael
strobel
lisa
pottenger
open
file
report
cooperation
lower
sioux
indian
community
mounds
view
minnesota
department
interior
bruce
babbitt
secretary
geological
survey
thomas
casadevall
acting
director
use
trade
product
firm
names
descriptive
purposes
imply
endorsement
government
additional
information
write
district
chief
geological
survey
wrd
woodale
mounds
view
copies
report
purchased
geological
survey
branch
information
services
denver
federal
center
box
denver
contents
abstract
introduction
purpose
scope
location
description
study
area
methods
investigation
references
cited
figures
location
lower
sioux
indian
community
southwestern
minnesota
location
study
area
sampling
sites
lower
sioux
indian
community
southwestern
minnesota
tables
lake
elevations
temperature
dissolved
oxygen
measurements
larson
lake
lower
sioux
indian
community
southwestern
minnesota
depths
water
larson
lake
lower
sioux
indian
community
southwestern
minnesota
septembers
data
columbus
wetland
lower
sioux
indian
community
southwestern
minnesota
geologic
logs
lower
sioux
indian
community
southwestern
minnesota
texture
analysis
auger
cuttings
well
installation
lower
sioux
indian
community
southwestern
minnesota
water
levels
observation
wells
lower
sioux
indian
community
southwestern
minnesota
results
sampling
lower
sioux
indian
community
southwestern
minnesota
floppy
disk
back
cover
iii
conversion
factors
units
concentration
multiply
foot
square
foot
acre
mile
degree
fahrenheit
obtain
meter
square
meter
square
kilometer
kilometer
degree
celsius
concentrations
chemical
constituents
water
samples
given
milligrams
per
liter
micrograms
per
liter
milliequivalents
per
liter
milligrams
per
liter
unit
expresses
concentration
chemical
constituent
solution
mass
milligrams
constituent
per
unit
volume
liter
water
one
milligram
per
liter
equivalent
one
thousand
micrograms
per
liter
concentrations
chemical
constituents
reported
dissolved
total
recoverable
total
milliequivalents
per
liter
unit
expresses
concentration
chemical
constituents
solution
mass
milligrams
constituents
per
unit
volume
liter
water
combine
one
milliequivalent
chemical
constituent
mass
milligrams
equal
sum
atomic
weights
atoms
comprise
constituent
divided
number
charges
normally
associated
constituent
example
one
milliequivalent
calcium
ion
atomic
weight
charge
plus
two
mass
milligrams
water
sample
chemical
constituents
accurately
determined
total
cations
positive
ions
equal
total
anions
negative
ions
definition
terms
alkalinity
capacity
neutralizing
acid
commonly
reported
equivalent
amount
calcium
carbonate
property
attributed
dissolved
species
carbon
dioxide
water
less
aquifer
geological
formation
group
formations
part
formation
contains
sufficient
saturated
permeable
material
yield
significant
quantities
water
wells
springs
bacteria
microscopic
unicellular
organisms
typically
spherical
rodlike
spiral
threadlike
shape
often
clumped
colonies
bacteria
cause
disease
others
perform
essential
role
nature
recycling
materials
example
decomposing
organic
matter
form
available
reuse
plants
dissolved
material
representative
water
sample
passes
membrane
filter
convenient
operational
definition
used
federal
agencies
collect
water
data
determinations
dissolved
constituents
made
subsamples
filtrate
concentration
determined
either
analytically
method
mathematically
totaling
concentrations
individual
constituents
reported
comprehensive
chemical
analysis
analytical
determination
dissolved
solids
bicarbonate
generally
major
dissolved
component
water
converted
carbonate
therefore
mathematical
calculation
concentration
bicarbonate
value
milligrams
per
liter
multiplied
reflect
change
fecal
coliform
bacteria
bacteria
present
intestines
feces
animals
often
used
indicators
sanitary
quality
water
laboratory
defined
organisms
produce
blue
colonies
within
hours
incubated
medium
nutrient
medium
bacterial
growth
concentrations
expressed
number
colonies
per
sample
fecal
streptococcal
bacteria
bacteria
also
present
intestines
animals
presence
water
considered
verify
fecal
contamination
characterized
cocci
bacteria
capable
growth
infusion
broth
laboratory
defined
organisms
produce
red
pink
colonies
within
hours
medium
nutrient
medium
bacterial
growth
concentrations
expressed
number
colonies
per
sample
hardness
characteristic
commonly
recognized
increased
quantity
soap
required
produce
lather
computed
sum
equivalents
polyvalent
cations
expressed
equivalent
concentration
calcium
carbonate
colony
count
remark
code
used
reporting
bacteria
densities
plate
counts
fall
outside
ideal
range
lower
limit
colonies
set
number
statistically
valid
results
become
increasingly
questionable
upper
limit
differs
according
type
bacteria
represents
numbers
interference
colony
crowding
deposition
extraneous
material
factors
appear
result
increasingly
questionable
results
parameter
code
number
used
geological
survey
computerized
data
system
watstore
uniquely
identify
specific
constituent
codes
used
watstore
used
environmental
protection
agency
data
system
storet
environmental
protection
agency
assigns
approves
requests
new
codes
codes
presented
report
table
parentheses
classification
texture
classification
agrees
recommendations
made
american
geophysical
union
subcommittee
sediment
terminology
follows
classification
size
millimeters
method
analysis
clay
silt
sand
gravel
sedimentation
sedimentation
sedimentation
sieve
sieve
distribution
given
report
necessarily
representative
particles
geologic
unit
organic
matter
removed
sample
subjected
mechanical
chemical
dispersion
analysis
percent
composition
unit
expressing
ratio
particular
part
sample
population
total
sample
population
terms
types
numbers
mass
volume
pesticides
chemical
compounds
used
control
undesirable
organisms
major
categories
pesticides
include
insecticides
miticides
fungicides
herbicides
rodenticides
measure
acidity
alkalinity
solution
equal
negative
logarithm
concentration
hydrogen
ions
indicates
neutral
solution
value
lower
indicates
acid
solution
value
greater
indicates
alkaline
solution
sea
level
refers
national
geodetic
vertical
datum
ngvd
geodetic
datum
derived
general
adjustment
level
nets
united
states
canada
formerly
called
sea
level
datum
specific
conductance
measure
ability
water
conduct
electrical
current
expressed
microsiemens
per
centimeter
specific
conductance
related
type
concentration
ions
solution
used
approximating
content
water
commonly
concentration
dissolved
solids
milligrams
per
liter
percent
specific
conductance
microsiemens
relation
constant
stream
stream
may
vary
source
changes
composition
water
total
total
amount
given
constituent
representative
sample
regardless
constituent
physical
chemical
form
term
used
analytical
procedure
assures
measurement
least
percent
constituent
present
dissolved
suspended
phases
sample
knowledge
expected
form
constituent
sample
well
analytical
methodology
used
required
judge
results
reported
total
total
recoverable
amount
given
constituent
unfiltered
water
sediment
sample
digestion
method
usually
dilute
acid
solution
results
dissolution
less
percent
constituent
sample
hydrogeologic
data
lower
sioux
indian
community
southwestern
minnesota
michael
strobel
lisa
pottenger
abstract
report
presents
hydrogeologic
data
lower
sioux
indian
community
collected
geological
survey
cooperation
lower
sioux
indian
community
data
collected
include
water
levels
temperature
dissolved
oxygen
larson
lake
including
vertical
profile
temperature
dissolved
oxygen
near
center
lake
lake
depths
larson
lake
water
level
columbus
wetland
geologic
logs
sites
texture
analysis
selected
samples
auger
cuttings
sites
water
levels
observation
wells
specific
conductance
temperature
dissolved
oxygen
hardness
sites
sites
major
minor
ions
tracemetal
concentrations
water
sites
sites
fecal
coliform
fecal
streptococcal
bacteria
colony
counts
water
sites
nutrient
concentrations
water
sites
sites
pesticides
water
sites
surfacewater
site
introduction
lower
sioux
indian
community
hereinafter
referred
community
includes
area
acres
located
southwestern
minnesota
fig
population
community
community
located
minnesota
river
valley
adjacent
upland
area
south
river
primary
economic
activities
community
tourism
gaming
agriculture
casino
major
user
water
resources
area
primary
economic
activities
community
tourism
agriculture
casino
encompasses
area
includes
large
hotel
entertainment
complex
major
employer
area
agricultural
activities
also
provide
local
employment
addition
developing
tourist
business
casino
complex
lower
sioux
indian
community
also
interested
developing
outdoor
recreational
facilities
restoring
maintaining
wetland
areas
preserving
pristine
environmental
conditions
primary
source
water
community
ground
water
community
wells
open
either
confined
bedrock
aquifer
shallow
glacial
aquifers
community
concern
regarding
future
water
demand
assessment
shallow
sources
conditions
prompted
investigation
geologic
data
collected
analyzed
lower
sioux
indian
community
geological
survey
usgs
cooperation
lower
sioux
indian
community
purpose
scope
purpose
report
list
hydrogeologic
data
collected
lower
sioux
indian
community
data
collected
include
water
levels
temperature
dissolved
oxygen
larson
lake
fig
lake
depths
larson
lake
water
level
columbus
wetland
geologic
logs
texture
analysis
selected
samples
auger
cuttings
sites
water
levels
observation
wells
specific
conductance
temperature
dissolved
oxygen
hardness
sites
sites
major
minor
ions
concentrations
water
sites
sites
fecal
coliform
fecal
streptococcal
bacteria
colony
counts
water
sites
nutrient
concentrations
water
sites
sites
pesticides
water
sites
site
oon
base
geological
survey
digital
data
albers
conic
projection
standard
parallels
central
meridian
iowa
scale
iii
miles
kilometers
figure
location
lower
sioux
indian
community
southwestern
minnesota
location
description
study
area
methods
investigation
study
area
includes
lower
sioux
indian
community
located
partially
southern
high
bluff
partially
within
wide
valley
underfit
minnesota
river
fig
escarpment
separating
two
areas
steep
vertical
elevation
change
minnesota
river
underfit
formed
larger
flows
drained
glacial
lake
agassiz
payne
area
surrounding
minnesota
river
valley
mainly
used
agricultural
production
within
study
area
topography
changes
slightly
rolling
hills
glacial
drift
plain
uplands
relatively
flat
topography
river
valley
much
glacial
drift
overlies
precambrian
cretaceous
bedrock
uplands
bedrock
exposed
along
escarpment
forms
southern
edge
minnesota
river
valley
within
valley
alluvial
deposits
typically
ranging
thickness
overlie
precambrian
bedrock
hummocky
surface
glacial
drift
uplands
results
numerous
shallow
lakes
wetlands
addition
abandoned
quarries
filled
water
become
wetland
areas
along
escarpment
groundwater
discharge
glacial
bedrock
aquifers
provides
flow
numerous
springs
drain
minnesota
river
valley
abandoned
river
meanders
produced
oxbow
lakes
wetland
areas
last
years
large
flows
minnesota
river
flooded
many
lakes
wetlands
many
months
year
water
levels
larson
lake
measured
using
four
staff
gages
installed
southern
portion
lake
table
four
gages
needed
lake
exceeded
bank
flooding
minnesota
river
extended
south
normal
lake
conditions
multiple
gages
allowed
accurate
stage
measurements
flood
conditions
gages
surveyed
relation
local
benchmark
lake
stage
interpreted
relative
altitude
temperature
measurements
made
portable
multiparameter
meter
calibrated
start
day
vertical
profile
measured
center
lake
march
temperature
measurements
made
near
shore
approximately
water
surface
water
depths
larson
lake
measured
september
using
weighted
rope
table
measurements
water
levels
columbus
wetland
made
summer
using
two
staff
gages
placed
near
center
wetland
table
staff
gages
surveyed
therefore
measurements
provide
information
relative
change
water
levels
time
geologic
logs
described
auger
cuttings
sites
table
samples
sites
examined
percent
composition
gravel
sand
silt
clay
university
north
dakota
department
geology
geological
engineering
sediment
laboratory
table
observation
wells
installed
sites
accordance
well
construction
procedures
described
strobel
minnesota
river
valley
explanation
indian
reservation
study
boundary
data
site
number
indicates
site
identifier
data
site
number
indicates
site
identifier
columbus
wetland
upland
area
oxidation
nnponds
building
scale
miles
kilometers
figure
location
study
area
sampling
sites
lower
sioux
indian
community
southwestern
minnesota
wells
developed
following
installation
bailing
pumping
using
peristaltic
pump
water
levels
measured
observation
wells
various
times
using
either
steel
tape
electronic
meter
table
sites
surveyed
relative
sea
level
altitudes
sites
determined
topographic
maps
samples
collected
lakes
streams
ground
water
table
floppy
disk
back
cover
water
samples
collected
treated
stored
accordance
procedures
described
fishman
friedman
water
samples
analyzed
chemical
constituents
including
major
minor
ions
trace
metals
nutrients
pesticides
usgs
national
water
quality
laboratory
arvada
colorado
constituents
present
concentration
less
reporting
limit
reported
less
field
measurements
specific
conductance
temperature
dissolved
oxygen
made
portable
multiparameter
meters
calibrated
start
sampling
day
fecal
coliform
fecal
streptococcal
bacteria
water
samples
measured
usgs
laboratory
mounds
view
minnesota
samples
incubated
nutrient
medium
bacteria
growth
concentrations
expressed
number
colonies
per
milliliter
sample
water
samples
analyzed
pesticides
using
gas
spectrometry
usgs
national
water
quality
laboratory
arvada
colorado
water
samples
lakes
streams
collected
water
surface
near
center
lake
stream
exception
samples
taken
southern
portion
larson
lake
water
samples
wells
collected
using
peristaltic
pump
well
purged
least
three
well
volumes
water
prior
sampling
blank
replicate
samples
collected
analyzed
major
minor
ions
trace
metals
nutrients
verify
quality
assurance
analytical
results
reported
usgs
national
water
quality
laboratory
blank
replicate
samples
subjected
processing
handling
equipment
water
samples
analyses
indicated
samples
equipment
visits
sample
sites
analytical
results
water
samples
reported
usgs
national
water
quality
laboratory
reproducible
within
percent
references
cited
fishman
friedman
methods
determination
inorganic
substances
water
fluvial
sediments
geological
survey
techniques
investigations
book
chap
payne
sources
transport
sediment
nutrients
substances
minnesota
river
basin
geological
survey
investigations
report
strobel
hydraulic
properties
three
types
glacial
deposits
ohio
geological
survey
waterresources
investigations
report
table
lake
elevations
temperature
dissolved
oxygen
measurements
larson
lake
lower
sioux
indian
community
southwestern
minnesota
month
date
year
feet
degrees
celsius
milligrams
per
liter
determined
date
time
lake
elevation
sea
level
temperature
dissolved
oxygen
remarks
lake
frozen
except
inlet
depth
depth
depth
flooded
minnesota
river
flooded
minnesota
river
flooded
minnesota
river
flooded
minnesota
river
flooded
minnesota
river
flooded
minnesota
river
flooded
minnesota
river
table
depths
water
larson
lake
lower
sioux
indian
community
southwestern
minnesota
september
latitude
degrees
minutes
seconds
longitude
degrees
minutes
seconds
depth
water
feet
table
data
columbus
wetland
lower
sioux
indian
community
southwestern
minnesota
levels
relative
individual
gage
indicate
relative
change
lake
levels
month
date
year
determined
date
time
staff
gage
feet
staff
gage
feet
remarks
rained
foot
hours
days
prior
table
geologic
logs
lower
sioux
indian
community
southwestern
minnesota
site
number
shown
figure
soil
silty
sand
fine
coarse
clay
sandy
silt
brown
silt
fine
sand
silty
sand
fine
medium
regolith
cretaceous
sandstone
pieces
red
granite
regolith
cretaceous
sandstone
olive
clay
kaolinite
green
granite
red
fractured
silty
clay
silty
clay
gravel
tan
silt
medium
sand
gravel
tan
silt
coarse
sand
regolith
grus
green
granite
red
kaolinite
silty
clay
black
silt
gravel
tan
regolith
granite
decomposed
sand
coarse
gravel
sand
sand
coarse
clay
gray
sand
brown
silty
sand
gravel
brown
clay
soil
silt
tan
sand
gravel
sandy
silt
sand
coarse
brown
silt
sand
clay
brown
sandy
clay
clay
gray
clay
black
organic
clay
gray
wet
pebbles
oxidation
along
fractures
clay
gray
small
pebbles
sandy
clay
sandy
clay
sand
gravel
coarse
clay
site
number
site
number
site
number
site
number
site
number
site
number
dephth
surface
datum
table
geologic
logs
lower
sioux
indian
community
southwestern
minnesota
continued
site
number
shown
figure
geologic
log
depth
datum
feet
disturbed
gravel
parking
lot
soil
pebbly
black
soil
gravel
clayey
sand
gravel
gravel
sand
soil
sandy
pebbles
sand
medium
dry
limestone
pebbles
sand
medium
damp
pebbles
clayey
sand
medium
wet
clayey
sand
coarse
clayey
sand
coarse
pebbly
oxidized
fractures
sandy
clay
wet
clay
damp
sand
pebbles
brown
sandy
clay
gray
sand
fine
pebbles
brown
dry
sand
medium
pebbly
damp
sand
medium
gravel
saturated
clayey
sand
pebbles
clay
sand
saturated
soil
clayey
sand
pebbles
black
soil
clayey
pebbles
light
brown
sandy
clay
wet
sandy
clay
pebbles
wet
sand
saturated
sandy
clay
pebbles
wet
soil
fine
sand
sand
oxidized
sand
red
black
oxidized
sand
pebbles
clay
saturated
cobble
sand
fine
coarse
saturated
cobble
sand
dry
sand
brown
wet
sand
saturated
soil
clayey
black
organic
sandy
clay
light
brown
oxidized
sandy
clay
fine
sand
light
brown
oxidized
clay
saturated
sandy
clay
saturated
light
brown
clay
saturated
site
number
site
number
site
number
site
number
site
number
site
number
table
geologic
logs
lower
sioux
indian
community
southwestern
minnesota
continued
site
number
shown
figure
geologic
log
depth
datum
feet
soil
clayey
black
organic
clay
large
pebbles
brown
oxidized
till
clayey
pebbly
light
brown
oxidized
till
less
pebbly
yellowish
brown
silty
sand
clayey
dry
sand
fine
pebbly
till
clayey
sand
till
clayey
sand
medium
dry
till
silty
till
clayey
sand
gray
dry
site
number
table
texture
analysis
auger
cuttings
well
installation
lower
sioux
indian
community
southwestern
minnesota
analysis
performed
university
north
dakota
sediment
laboratory
site
number
shown
figure
site
number
figure
depth
sampled
interval
feet
land
surface
gravel
percent
sand
silt
clay
fsj
fsj
sss
cesn
vinq
iinn
oon
cns
ocs
oooc
ocoo
ocoooc
ono
inn
otc
vooocos
oooc
vcj
voq
oin
voo
oin
oooc
oooc
ocooocoooc
ocooocooocoo
oooooco
ooocooocoooc
ocoo
cncncn
ocoooc
oooc
ocoo
oooc
oooo
onvo
oooc
voq
ooocoo
nin
nin
invoooon
vovovo
government
printing
office
region
