department
interior
geological
survey
vitrinite
reflectance
values
coal
cuttings
san
juan
basin
new
mexico
mark
vito
james
report
report
preliminary
reviewed
conformity
geological
survey
editorial
standards
north
american
stratigraphic
code
use
trade
product
firm
names
descriptive
purposes
imply
endorsement
government
geological
survey
box
dfc
denver
colorado
vitrinite
reflectance
values
coal
cuttings
san
juan
basin
new
mexico
mark
pawlewicz
vito
nuccio
james
fassett
introduction
cooperative
project
new
mexico
oil
conservation
division
geological
survey
established
better
understand
thermal
maturity
coal
beds
upper
cretaceous
fruitland
formation
throughout
new
mexico
portion
san
juan
basin
first
product
project
geological
survey
report
fassett
nuccio
presented
vitrinite
reflectance
values
coal
samples
report
presents
additional
values
ongoing
project
additional
geological
survey
reports
similar
one
published
periodically
data
report
tabulated
township
range
section
quarter
section
well
depths
feet
provided
companies
drilling
wells
attempt
made
correct
adjust
depths
precisely
specific
coal
beds
geophysical
logs
working
cuttings
possibility
exists
samples
reported
given
depth
contaminated
caving
evaluation
regarding
contamination
included
report
high
density
data
san
juan
basin
contamination
stand
anomaly
deleted
data
set
study
coal
prepared
crushing
sample
mounting
epoxy
microscope
slide
planing
hardened
polishing
samples
percent
mean
random
vitrinite
reflectance
measured
randomly
oriented
vitrinite
grains
immersion
oil
using
stage
zeiss
universal
research
microscope
incident
white
light
monochromatic
filter
used
complete
explanation
see
stach
others
number
readings
per
sample
varied
depending
amount
clean
vitrinite
sample
samples
vitrinite
abundant
number
readings
per
sample
histograms
unimodal
number
readings
greater
standard
deviation
small
mean
vitrinite
reflectance
value
statistically
valid
general
description
geology
coal
resources
san
juan
basin
fassett
hinds
majority
coals
sampled
study
upper
cretaceous
fruitland
formation
attempt
made
distinguish
horizon
individual
coal
bed
fruitland
formation
sample
came
samples
underlying
upper
cretaceous
menefee
formation
distinguished
fruitland
formation
greater
depth
references
fassett
hinds
geology
fuel
resources
fruitland
formation
kirtland
shale
san
juan
basin
new
mexico
colorado
geological
survey
professional
paper
fassett
nuccio
vitrinite
reflectance
values
coal
cuttings
fruitland
menefee
formations
san
juan
basin
new
mexico
geological
survey
report
stach
mackowsky
teichmuller
taylor
chandra
teichmuller
stach
textbook
coal
petrology
edition
berlinstuttgart
borntraeger
table
vitrinite
reflectance
values
coal
drill
cuttings
san
juan
basin
new
mexico
township
north
range
west
sec
section
quarter
section
mean
random
vitrinite
reflectance
percent
mean
mean
measured
reflectance
readings
number
readings
standard
deviation
location
sec
company
well
name
depth
mean
shogoil
ltd
chijuilla
chase
oil
inc
jicaiilla
apache
dugan
prod
corp
sapp
dugan
prod
corp
sapp
bco
inc
state
yates
pet
kite
aca
fed
bco
inc
federal
bco
inc
federal
bco
inc
federal
nsww
dugan
prod
dugan
prod
corp
calgary
helsinki
dugan
prod
corp
dugan
prod
corp
dugan
prod
corp
dugan
prod
corp
bco
inc
federal
bobby
bco
inc
federal
bobby
bco
inc
federal
yates
pet
ristraagwstat
unocal
oil
gasdiv
rincon
unit
meridian
oil
inc
kah
des
pah
meridian
oil
inc
kah
des
pah
unocal
oil
gas
div
rincon
unit
unocal
oil
gas
div
rincon
unit
unocal
oil
gas
div
rincon
unit
unocal
oil
gas
div
rincon
unit
unocal
oil
gas
div
rincon
unit
unocal
oil
gas
div
rincon
unit
unocal
oil
gas
div
rincon
unit
location
sec
company
well
name
depth
unocal
oil
gas
div
rincon
unit
meridian
oil
inc
turner
hughes
unocal
oil
gas
div
lodewick
unocal
oil
gas
div
lodewick
meridian
oil
inc
cleveland
mckenzie
methane
angel
peak
mckenzie
methane
angel
peak
mckenzie
methane
angel
peak
meridian
oil
inc
rowley
meridian
oil
inc
gordon
meridian
oil
inc
san
juan
meridian
oil
inc
san
juan
meridian
oil
inc
san
juan
meridian
oil
inc
san
juan
meridian
oil
inc
san
juan
meridian
oil
inc
hardie
meridian
oil
inc
howell
meridian
oil
inc
lackey
meridian
oil
inc
hancock
meridian
oil
inc
omler
meridian
oil
inc
omler
meridian
oil
inc
san
juan
meridian
oil
inc
san
juan
meridian
oil
inc
san
juan
meridian
oil
inc
san
juan
meridian
oil
inc
san
juan
meridian
oil
inc
san
juan
meridian
oil
inc
san
juan
meridian
oil
inc
san
juan
meridian
oil
inc
howell
meridian
oil
inc
sunray
amoco
prod
day
meridian
oil
inc
day
com
meridian
oil
inc
mean
location
sec
company
meridian
oil
meridian
oil
meridian
oil
meridian
oil
meridian
oil
meridian
oil
meridian
oil
meridian
oil
meridian
oil
meridian
oil
meridian
oil
union
texas
pet
union
texas
pet
meridian
oil
meridian
oil
meridian
oil
meridian
oil
meridian
oil
meridian
oil
meridian
oil
meridian
oil
meridian
oil
meridian
oil
meridian
oil
meridian
oil
meridian
oil
meridian
oil
meridian
oil
meridian
oil
meridian
oil
meridian
oil
meridian
oil
meridian
oil
meridian
oil
inc
well
name
depth
vanderwart
roelofs
com
day
hardie
com
riddle
grambling
nye
lackey
hubbell
com
albright
albright
lloyd
fifiels
com
san
juan
san
juan
san
juan
san
juan
san
juan
san
juan
san
juan
san
juan
san
juan
san
juan
san
juan
san
juan
san
juan
san
juan
san
juan
san
juan
san
juan
san
juan
san
juan
mean
location
sec
company
meridian
oil
inc
meridian
oil
inc
meridian
oil
meridian
oil
inc
meridian
oil
inc
meridian
oil
inc
meridian
oil
inc
meridian
oil
inc
meridian
oil
inc
meridian
oil
inc
meridian
oil
inc
meridian
oil
inc
meridian
oil
inc
blackwood
nichols
blackwood
nichols
blackwood
nichols
blackwood
nichols
blackwood
nichols
meridian
oil
inc
meridian
oil
inc
meridian
oil
inc
meridian
oil
inc
meridian
oil
inc
meridian
oil
inc
meridian
oil
inc
blackwood
nichols
blackwood
nichols
meridian
oil
inc
meridian
oil
inc
blackwood
nichols
meridian
oil
inc
amoco
production
meridian
oil
inc
amoco
production
well
name
depth
san
juan
san
juan
san
juan
san
juan
san
juan
san
juan
san
juan
san
juan
san
juan
san
juan
san
juan
san
juan
san
juan
northeast
blanco
northeast
blanco
northeast
blanco
northeast
blanco
northeast
blanco
northeast
blanco
san
juan
san
juan
san
juan
san
juan
san
juan
frances
creek
northeast
blanco
northeast
blanco
san
juan
san
juan
northeast
blanco
howell
florance
howell
com
moore
gas
com
mean
location
sec
company
amoco
production
amoco
production
amoco
production
meridian
oil
inc
meridian
oil
inc
meridian
oil
inc
amoco
production
amoco
production
amoco
production
meridian
oil
meridian
oil
inc
amoco
production
amoco
production
amoco
production
meridian
oil
inc
meridian
oil
inc
meridian
oil
inc
meridian
oil
inc
meridian
oil
inc
meridian
oil
inc
meridian
oil
inc
meridian
oil
inc
amoco
production
meridian
oil
inc
amoco
production
meridian
oil
inc
meridian
oil
inc
meridian
oil
inc
amoco
production
meridian
oil
inc
meridian
oil
inc
ssww
meridian
oil
meridian
oil
inc
meridian
oil
inc
well
name
depth
howell
gas
com
florance
florence
howell
com
howell
howell
florence
gartner
gas
com
gartnera
howell
howell
gartner
florance
florance
dpngcomd
turner
com
riddle
woodriver
quigley
com
pierce
pierce
com
duff
com
florance
lindsey
com
florance
riddle
com
riddle
com
florence
com
florance
turner
mansfield
com
mansfield
com
sunray
atlantic
mean
location
sec
company
meridian
oil
inc
meridian
oil
inc
meridian
oil
inc
meridian
oil
inc
meridian
oil
inc
meridian
oil
inc
meridian
oil
inc
meridian
oil
inc
meridian
oil
amoco
production
mesa
oper
ltd
dugan
prod
corp
dugan
prod
corp
meridian
oil
inc
meridian
oil
inc
meridian
oil
inc
meridian
oil
inc
meridian
oil
inc
meridian
oil
inc
blackwood
nichols
blackwood
nichols
blackwood
nichols
blackwood
nichols
blackwood
nichols
blackwood
nichols
bkackwood
nichols
blackwood
nichols
blackwood
nichols
blackwood
nichols
blackwood
nichols
blackwood
nichols
blackwood
nichols
blackwood
nichols
blackwood
nichols
well
name
depth
sunray
san
juan
grambling
turner
federal
pierce
sunray
sunray
riddle
florence
stewart
state
com
turks
toast
turks
toast
rosa
unit
rosa
unit
rosa
unit
rosa
unit
rosa
unit
rosa
unit
northeast
blanco
northeast
blanco
northeast
blanco
northeast
blanco
northeast
blanco
northeast
blanco
northeast
blanco
northeast
blanco
northeast
blanco
northeast
blanco
northeast
blanco
northeast
blanco
northeast
blanco
northeast
blanco
northeast
blanco
mean
location
sec
company
blackwood
nichols
blackwood
nichols
blackwood
nichols
meridian
oil
inc
meridian
oil
inc
blackwood
nichols
blackwood
nichols
meridian
oil
inc
meridian
oil
inc
meridian
oil
inc
amoco
production
meridian
oil
inc
meridian
oil
inc
meridian
oil
inc
amoco
production
meridian
oil
inc
meridian
oil
inc
amoco
production
meridian
oil
inc
meridian
oil
inc
meridian
oil
inc
meridian
oil
inc
meridian
oil
inc
meridian
oil
inc
meridian
oil
inc
meridian
oil
inc
meridian
oil
inc
meridian
oil
inc
ssww
amoco
production
meridian
oil
inc
meridian
oil
inc
great
western
drilling
meridian
oil
inc
meridian
oil
inc
well
name
depth
northeast
blanco
northeast
blanco
northeast
blanco
northeast
blanco
northeast
blanco
northeast
blanco
northeast
blanco
hale
howell
kernaghan
howell
hale
san
juan
san
juan
sunrayg
sunray
riddle
sheets
san
juan
san
juan
atlantic
com
atlantic
atlantic
atlantic
atlantic
grenier
grenier
case
grenier
galloway
pubco
state
com
davis
davis
rrn
mean
location
sec
company
meridian
oil
quinoco
quinoco
nassau
meridian
oil
meridian
oil
meridian
oil
meridian
oil
meridian
oil
meridian
oil
meridian
oil
meridian
oil
meridian
oil
meridian
oil
meridian
oil
meridian
oil
meridian
oil
meridian
oil
meridian
oil
meridian
oil
meridian
oil
meridian
oil
meridian
oil
meridian
oil
meridian
oil
meridian
oil
meridian
oil
meridian
oil
meridian
oil
meridian
oil
meridian
oil
meridian
oil
meridian
oil
meridian
oil
inc
well
name
harper
com
jaquez
chavez
carracas
unit
quintana
mesa
allisonunit
allison
unit
allisonunit
allisonunit
allisonunit
allisonunit
allisonunit
allisonunit
allisonunit
epng
allisonunit
san
juan
san
juan
san
juan
san
juan
san
juan
epng
allison
unit
allison
unit
allison
unit
allison
unit
allison
unit
allison
unit
allison
unit
allison
unit
allison
unit
allison
unit
alhson
unit
burnt
mesa
depth
mean
location
sec
company
meridian
oil
inc
pipeline
meridian
oil
inc
meridian
oil
inc
meridian
oil
inc
meridian
oil
inc
meridian
oil
inc
meridian
oil
inc
meridian
oil
inc
meridian
oil
inc
meridian
oil
inc
meridian
oil
inc
great
western
drilling
great
western
drilling
amoco
production
nassau
resources
amoco
production
amoco
production
meridian
oil
inc
meridian
oil
inc
meridian
oil
inc
meridian
oil
inc
meridian
oil
inc
meridian
oil
inc
well
name
depth
burnt
mesa
san
juan
trail
canyon
reese
mesa
reese
mesa
reese
mesa
rattlesnake
san
juan
carter
ute
burroughs
com
epng
com
carter
ute
decker
decker
barnes
bettin
bisti
neala
moore
culpepper
martin
bondad
ute
ute
southern
ute
southern
ute
mean
