united
states
department
interior
geological
survey
geophysical
logs
coal
sections
two
holes
drilled
wasatch
plateau
coal
field
mahogany
point
quadrangle
emery
county
utah
eugene
ellis
report
report
edited
conformity
geological
survey
editorial
standards
stratigraphic
nomenclature
introduction
references
contents
page
illustrations
figures
pocket
figure
location
map
correlation
coal
sections
hiawatha
coal
zone
correlation
coal
sections
hiawatha
coal
zone
geophysical
log
drill
hole
geophysical
log
drill
hole
table
table
total
depths
intervals
logged
two
holes
drilled
mahogany
point
quadrangle
geophysical
logs
coal
sections
two
holes
drilled
wasatch
plateau
coal
field
mahogany
point
quadrangle
emery
county
utah
eugene
ellis
introduction
two
holes
total
drilled
wasatch
plateau
coal
field
emery
county
utah
july
november
drilling
contract
awarded
geological
survey
purpose
drilling
obtain
information
thickness
quality
extent
coal
cretaceous
blackhawk
formation
lithology
surrounding
rocks
project
part
geological
survey
continuing
program
evaluate
classify
federal
coal
lands
public
domain
drilling
done
trail
mountain
area
mahogany
point
quadrangle
utah
using
rotary
drilling
rig
drilling
media
air
injected
water
foam
mud
permission
drill
granted
officials
national
forest
forest
service
price
utah
locations
holes
shown
figure
drill
holes
logged
southwest
surveys
farmington
new
mexico
table
gamma
ray
density
caliper
resistance
logs
run
hole
fig
gamma
ray
density
caliper
logs
run
hole
fig
resistance
log
run
owing
unsatisfactory
hole
conditions
detailed
gamma
ray
density
caliper
logs
run
part
hole
hiawatha
coal
zone
spieker
penetrated
holes
correlated
zone
adjacent
holes
drilled
utah
geological
mineral
survey
davis
doelling
cooperation
geological
survey
figs
measurements
feet
convert
meters
multiply
table
total
depths
intervals
logged
two
holes
drilled
trail
mountain
area
mahogany
point
quadrangle
emery
county
utah
drill
holetotal
depthtotal
depthdetailed
log
references
davis
doelling
drilling
bituminous
coals
several
areas
wasatch
plateau
coal
field
utah
preliminary
report
salt
lake
city
utah
geological
mineral
survey
spieker
wasatch
plateau
coal
field
utah
geological
survey
bulletin
ooomn
feet
contour
interval
feet
figure
locations
trail
mountain
area
mahogany
point
quadrangle
emery
county
utah
sec
sec
sec
coal
thickness
feet
depth
surface
feet
meters
doelling
figure
correlation
coal
sections
hiawatha
coal
zone
spieker
drill
holes
trail
mountain
area
mahogany
point
quadrangle
emery
county
utah
coal
thickness
feet
depth
surface
feet
meters
figure
correlation
coal
sections
hiawatha
coal
zone
spieker
drill
holes
trail
mountain
area
mahogany
point
quadrangle
emery
county
utah
