soil
data
fire
chronosequences
upland
black
spruce
picea
mariana
stands
near
hess
creek
tok
interior
alaska
report
department
interior
geological
survey
page
intentionally
left
blank
soil
data
fire
chronosequences
upland
black
spruce
picea
mariana
stands
near
hess
creek
tok
interior
alaska
jonathan
donnell
jennifer
harden
kristen
manies
torre
jorgenson
mikhail
kanevskiy
xiaomei
report
department
interior
geological
survey
department
interior
ken
salazar
secretary
geological
survey
suzette
kimball
acting
director
geological
survey
reston
virginia
information
federal
source
science
earth
natural
living
resources
natural
hazards
http
call
overview
usgs
information
products
including
maps
imagery
publications
visit
http
suggested
citation
donnell
harden
manies
jorgenson
kanevskiy
xiaomei
soil
data
fire
chronosequences
upland
picea
mariana
stands
near
hess
creek
tok
interior
alaska
geological
survey
report
use
trade
product
firm
names
descriptive
purposes
imply
endorsement
government
although
report
public
domain
permission
must
secured
individual
copyright
owners
reproduce
copyrighted
material
contained
within
report
contents
introduction
study
region
soil
sampling
soil
sample
preparation
drying
soil
carbon
nitrogen
measurements
radiocarbon
measurements
descriptions
references
cited
appendix
site
descriptions
appendix
data
file
descriptions
iii
page
intentionally
left
blank
soil
data
fire
chronosequences
upland
black
spruce
picea
mariana
stands
near
hess
creek
tok
interior
alaska
jonathan
jennifer
kristen
torre
mikhail
xiaomei
introduction
soils
northern
circumpolar
permafrost
region
harbor
petagrams
kilograms
organic
carbon
nearly
percent
global
belowground
pool
tarnocai
others
soil
nearly
percent
presently
stored
perennially
frozen
ground
recent
climate
warming
northern
latitudes
resulted
warming
thawing
permafrost
many
regions
osterkamp
might
mobilize
stocks
associated
soil
reservoirs
via
decomposition
leaching
erosion
warming
also
increased
magnitude
severity
wildfires
boreal
region
turetsky
others
might
exacerbate
rates
permafrost
degradation
relative
warming
alone
given
size
vulnerability
soil
pool
permafrost
soils
permafrost
thaw
likely
function
strong
positive
feedback
climate
system
koven
others
schaefer
others
report
report
soil
inventories
two
upland
fire
chronosequences
located
near
hess
creek
tok
interior
alaska
sampled
organic
mineral
soils
top
meters
across
range
stand
ages
evaluate
effects
wildfire
permafrost
thaw
soil
dynamics
data
used
parameterize
simple
model
described
detail
donnell
others
model
simulations
examine
changes
soil
storage
response
fire
permafrost
thaw
climate
change
data
also
used
papers
including
harden
others
examines
recovery
johnson
others
synthesizes
data
within
alaska
soil
carbon
database
findings
studies
highlight
importance
climate
disturbance
wildfire
permafrost
thaw
soil
storage
loss
soil
ecosystems
study
region
using
aerial
photography
satellite
imagery
maps
historical
fire
perimeters
selected
chronosequence
sites
near
hess
creek
along
taylor
highway
near
tok
alaska
hess
creek
chronosequence
located
approximately
kilometers
north
fairbanks
alaska
along
dalton
highway
study
sites
located
forests
somewhat
poorly
drained
arctic
network
national
park
service
fairbanks
alaska
geological
survey
ecoscience
fairbanks
alaska
northern
engineering
university
alaska
fairbanks
fairbanks
alaska
earth
system
science
university
california
irvine
irvine
california
hess
creek
chronosequence
study
sites
located
within
erickson
creek
burn
stands
burn
burn
burn
mature
unburned
stands
age
years
taylor
highway
chronosequence
study
sites
located
within
burn
stands
burn
burn
burn
mature
unburned
stands
years
appendix
describes
location
site
precisely
within
site
soils
sampled
regional
climate
interior
alaska
characterized
continental
climate
temperature
extremes
ranging
degrees
celsius
hess
creek
study
region
average
daily
air
temperature
ranges
january
july
donnell
others
tok
average
daily
air
temperature
ranges
january
july
alaska
climate
research
center
tok
alaska
http
annual
precipitation
averages
millimeters
percent
falls
summer
growing
season
september
cold
snow
period
interior
alaska
typically
greater
days
long
hess
creek
maximum
snow
accumulation
occurred
late
march
average
centimeters
donnell
others
vegetation
stand
described
according
alaska
vegetation
classification
system
viereck
others
dominant
forest
type
along
hess
creek
chronosequence
open
black
spruce
picea
mariana
mill
britton
sterns
poggenburg
detailed
vegetation
descriptions
stand
age
reported
donnnell
others
dominant
forest
type
along
taylor
highway
chronosequence
also
open
black
spruce
mature
black
spruce
stands
forest
understory
comprised
small
woody
shrubs
vaccinium
ledum
groenlandicum
feather
mosses
pleurozium
schreberi
hylocomium
splendens
sphagnum
including
fuscum
reindeer
lichens
clanina
stellaris
arbuscula
dominated
ground
cover
mature
black
spruce
stands
recently
burned
black
spruce
stands
burn
vegetation
dominated
standing
dead
mariana
uliginosum
groenlandicum
betula
nana
burned
organic
soil
surfaces
quickly
colonized
ceratodon
purpureus
recently
burned
stands
stand
burned
mariana
dominant
tree
species
groenlandicum
dominant
understory
shrubs
feather
moss
aulocomium
dominated
ground
cover
soils
hess
creek
classified
gelisols
due
presence
permafrost
within
soil
surface
staff
organic
soil
horizons
overlying
mineral
soil
composed
live
moss
fibrous
amorphous
organic
matter
varied
thickness
stand
age
parent
material
across
chronosequence
composed
primarily
loess
silt
deposited
late
pleistocene
observed
numerous
buried
organic
horizons
undecomposed
moss
parts
rootlets
frozen
loess
deposits
thickness
frozen
loess
hess
creek
varied
spatially
ranged
based
drilling
boreholes
volumetric
ice
content
permafrost
hess
creek
high
ranging
percent
furthermore
massive
ice
wedges
locations
account
percent
permafrost
soil
volume
high
ice
content
permafrost
contributed
thaw
settlement
following
fire
hess
creek
numerous
thermokarst
depressions
observed
soils
along
taylor
highway
chronosequence
classified
gelisols
permafrost
present
enceptisols
permafrost
absent
horizon
thickness
composition
along
taylor
highway
chronosequence
similar
hess
creek
chronosequence
however
mineral
soil
consisted
thin
loess
mantle
underlain
mixture
silty
loam
gravel
shallow
bedrock
typically
less
permafrost
detected
mature
black
spruce
stands
whereas
burned
stands
soil
sampling
september
described
sampled
organic
mineral
soil
horizons
minimum
one
intensive
profile
replicate
stand
along
chronosequence
mineral
soil
horizons
characterized
texture
presence
buried
organic
material
burn
unburned
mature
stands
also
sampled
analyzed
soil
chemistry
five
profiles
across
three
replicate
stands
sampled
one
profile
stands
easily
accessible
stands
intermediate
age
massive
fire
years
addition
dug
shallow
pits
stand
age
class
describe
note
depths
horizons
within
soil
profile
well
note
depth
active
layer
organic
soil
horizons
sampled
hand
using
variety
soil
knives
scissors
corers
nadler
wein
saws
ensure
good
volume
measurements
surface
organic
samples
taken
small
increments
depending
horizon
thickness
homogeneity
material
mineral
samples
active
layer
taken
increments
using
small
soil
augers
soil
knives
permafrost
cores
obtained
using
sipre
corer
inside
diameter
tanaka
power
head
permafrost
samples
deeper
boreholes
deep
collected
may
association
state
alaska
department
transportation
public
facilities
akdot
shur
others
kanevskiy
others
samples
obtained
along
transect
spanning
unburned
mature
burn
stands
hollow
stem
drilling
performed
akdot
drill
rig
equipped
modified
cme
sampler
central
mine
equipment
louis
missouri
subsamples
frozen
soil
collected
deep
permafrost
cores
based
differences
visible
ice
content
soil
texture
presence
absence
organic
matter
sample
described
according
staff
canadian
soil
classification
working
group
methodologies
modified
soil
horizon
codes
according
following
scheme
live
moss
green
generally
contain
leaf
needle
litter
dead
moss
comprised
slightly
decomposed
dead
moss
dead
moss
layer
characterized
fibric
organic
horizons
contain
moss
roots
fibric
according
canadian
soil
system
fibrous
organic
layers
vary
degree
decomposition
roots
abundant
recognizable
moss
parts
cases
layers
would
considered
layers
soil
system
upper
duff
united
states
forest
service
system
mesic
according
canadian
soil
system
organic
layers
moderately
decomposed
recognizable
plant
parts
roots
layers
generally
horizons
soil
system
lower
duff
layers
system
humic
canadian
soil
system
sapric
organic
layers
highly
decomposed
layer
generally
smears
upon
squeezing
recognizable
plant
parts
layers
generally
horizons
soil
system
lower
duff
soil
system
layers
mineral
soil
forms
surface
organic
horizons
canadian
soil
system
less
percent
organic
matter
judged
field
mineral
soil
formed
horizon
canadian
soil
system
little
none
original
rock
structure
mineral
soil
little
affected
pedogenic
processes
canadian
soil
system
litter
layer
dead
leaves
twigs
etc
lichen
woody
debris
horizon
codes
could
described
lowercase
indicating
horizon
burned
would
mean
anything
light
scorching
deep
charring
frozen
samples
described
lowercase
samples
placed
clean
ziplock
bags
processed
cold
regions
research
engineering
laboratories
crrel
fairbanks
alaska
geological
survey
usgs
laboratories
menlo
park
california
soil
sample
preparation
drying
upon
arrival
samples
crrel
samples
inventoried
using
field
sheets
samples
placed
open
shelves
isolated
room
allowed
air
dry
constant
weight
determined
weights
obtained
least
week
apart
temperature
ranged
samples
oven
dried
hours
oven
samples
classified
organic
soil
horizons
example
moss
litter
oven
dried
avoid
loss
alteration
organic
matter
oxidation
decomposition
remaining
samples
oven
dried
oven
drying
samples
shipped
usgs
menlo
park
california
processing
samples
thoroughly
mixed
split
subsamples
analysis
archiving
archive
fractions
samples
described
available
contacting
harden
usgs
menlo
park
california
samples
processed
one
two
ways
depending
horizon
code
mineral
samples
gently
crushed
using
mortal
pestle
careful
break
aggregates
sieved
using
screen
soil
particles
pass
screen
removed
weighed
saved
separately
soil
particles
pass
screen
ground
hand
using
mortar
pestle
pass
screen
ground
material
mixed
placed
labeled
glass
sample
bottle
subsequent
analyses
organic
samples
weighed
roots
greater
diameter
removed
weighed
saved
separately
remaining
sample
milled
udy
corporation
cyclone
mill
fort
collins
colorado
pass
screen
milled
sample
thoroughly
mixed
representative
sample
placed
labeled
glass
sample
bottle
analytical
chemistry
soil
carbon
nitrogen
measurements
analyzed
soil
samples
total
carbon
nitrogen
using
carlo
erba
elemental
analyzer
samples
combusted
presence
excess
oxygen
resulting
sample
gases
swept
continuous
flow
helium
oxidation
furnace
followed
reduction
furnace
yield
water
vapor
water
removed
chemical
trap
chromatographically
separated
quantification
pella
organic
horizon
samples
inorganic
carbon
largely
absent
total
carbon
represents
total
organic
carbon
horizons
first
removed
carbonates
using
acid
fumigation
technique
komada
others
prior
running
samples
determine
total
organic
carbon
concentration
briefly
preweighed
samples
silver
capsules
transferred
small
desiccator
samples
wetted
deionized
water
exposed
vaporous
hydrochloric
acid
hours
carbonates
degassed
samples
carbon
dioxide
also
ran
mineral
samples
without
acid
fumigation
determine
total
carbon
concentration
total
calculated
difference
total
carbon
total
organic
carbon
samples
compared
main
working
standard
ethylene
diamine
acid
edta
calibrated
set
international
standards
chemical
formula
compound
corresponds
concentration
percent
concentration
percent
additional
working
standards
analyzed
samples
runs
check
consistency
overall
precision
peach
tree
leaves
issued
national
institute
standards
technology
nist
included
runs
comprised
organic
soil
marine
sediment
issued
chemistry
division
canadian
national
research
council
included
runs
comprised
mineral
soils
certified
values
standards
obtained
becker
govindaraju
respectively
radiocarbon
measurements
subset
organic
matter
mineral
soil
samples
analyzed
radiocarbon
evaluate
accumulation
rates
turnover
times
organic
carbon
throughout
soil
profile
samples
sent
keck
cycle
accelerator
mass
spectrometry
laboratory
university
california
irvine
analysis
small
number
samples
analyzed
lawrence
livermore
national
laboratory
center
accelerator
mass
spectrometry
cams
evaluate
effect
acid
fumigation
carbonate
removal
subset
bulk
mineral
samples
received
aba
pretreatment
consisting
acid
wash
hcl
repeated
base
washes
naoh
one
final
hcl
treatment
followed
rinse
deionized
water
sample
coal
also
aba
treated
ensure
contamination
pretreatment
process
organic
matter
soil
combusted
evacuated
sealed
quartz
tubes
presence
cupric
acid
cuo
silver
wire
following
cryogenic
purification
carbon
dioxide
reduced
graphite
reaction
using
method
others
radiocarbon
data
reported
permil
deviation
ratio
sample
oxalic
standard
decay
corrected
stuiver
polach
values
report
corrected
fractionation
using
situ
simultaneous
ams
measurement
also
report
radiocarbon
data
fraction
modern
radiocarbon
age
descriptions
four
separate
downloadable
files
containing
soil
data
collected
sites
described
report
appendix
lists
detail
data
within
following
four
spreadsheet
files
contains
field
descriptions
root
abundance
color
soil
texture
sampled
soils
contains
physical
descriptions
samples
volumetric
field
moisture
bulk
density
contains
elemental
elemental
soil
organic
matter
loss
ignition
loi
values
contains
qualitative
descriptions
soils
plots
soils
actually
sampled
soil
temperature
soil
moisture
also
collected
four
study
sites
along
hess
creek
chronosequence
data
available
bonanza
creek
ecological
research
website
http
searching
name
hess
creek
acknowledgments
thank
stephanie
ewing
pedro
rodriguez
assistance
field
miriam
jones
usgs
reston
clear
treat
university
new
hampshire
providing
helpful
comments
edits
earlier
version
manuscript
jonathan
donnell
work
project
done
part
studies
university
alaska
fairbanks
funding
work
provided
national
science
foundation
collaborative
grant
institute
northern
engineering
university
alaska
fairbanks
geological
survey
global
change
program
references
cited
becker
homogeneity
evaluation
new
nist
leaf
certified
reference
materials
zeisler
rolf
guinn
nuclear
analytical
methods
life
sciences
gaithersburg
maryland
national
institute
standards
damman
french
ecology
peat
bogs
glaciated
northeastern
united
states
community
profile
fish
wildlife
service
biological
report
harden
manies
donnell
johnson
frolking
fan
spatiotemporal
analysis
black
spruce
forest
soils
implications
fate
journal
geophysical
accessed
january
http
govindaraju
compliation
working
value
sample
description
geostandards
geostandards
newsletter
johnson
harden
mcguire
bliss
bockheim
clark
nettletonhollingsworth
jorgenson
kane
mack
donnell
ping
schuur
turetsky
valentine
soil
carbon
distribution
alaska
relation
soilforming
factors
geoderma
kanevskiy
shur
connor
dillon
stephani
donnell
study
syngenetic
permafrost
road
design
interior
alaska
hinkel
proceedings
tenth
international
conference
permafrost
june
salekhard
russia
northern
publisher
salekhard
russia
vol
international
contributions
komada
anderson
dormeier
carbonate
removal
coastal
sediments
determination
organic
carbon
isotopic
signatures
fumigation
direct
acidification
hydrochloric
acid
limnology
koven
ringeval
friedlingstein
ciais
cadule
khvorostyanov
krinner
tarnocai
permafrost
feedbacks
accelerate
global
warming
proceedings
national
academy
science
nadler
wein
new
forest
floor
corer
rapid
sampling
minimal
disturbance
adequate
precision
silva
fennica
donnell
harden
mcguire
kanevskiy
jorgenson
effect
fire
permafrost
interactions
soil
carbon
accumulation
upland
black
spruce
ecosystem
interior
carbon
loss
global
change
biology
donnell
harden
mcguire
romanovsky
exploring
sensitivity
soil
carbon
dynamics
climate
change
fire
disturbance
permafrost
thaw
black
spruce
ecosystem
biogeosciences
osterkamp
characteristics
recent
warming
permafrost
alaska
journal
geophysical
research
accessed
january
http
pella
elemental
organic
developments
american
laboratory
pella
elemental
organic
art
american
laboratory
schaefer
zhang
bruhwiler
barrett
amount
timing
permafrost
carbon
release
response
climate
warming
tellus
shur
kanevskiy
dillon
stephani
donnell
geotechnical
investigations
dalton
highway
innovation
project
case
study
syngenetic
permafrost
university
alaska
fairbanks
institute
northern
engineering
report
prepared
alaska
department
transportation
public
facilities
alaska
university
transporation
center
assigned
project
soil
classification
working
group
canadian
system
soil
classification
ontario
canada
nrc
canada
research
press
staff
keys
soil
taxonomy
blacksburg
virginia
pocahontas
press
stuvier
polach
data
radiocarbon
tarnocai
canadell
schuur
kuhry
mahtiova
zimov
soil
organic
carbon
pools
northern
circumpolar
permafrost
region
global
biogeochemical
cycles
accessed
january
http
turetsky
kane
harden
ottmar
manies
hoy
kasischke
recent
acceleration
biomass
burning
carbon
losses
alaskan
forests
peatlands
nature
geoscience
viereck
dyrness
batten
wenzlick
alaska
vegetation
classification
department
agriculture
forest
service
pacific
northwest
research
station
general
technical
report
trumbore
zheng
southon
mcduffee
luttgen
liu
modifying
sealed
tube
zinc
reduction
method
preparation
ams
graphite
targets
reducing
background
attaining
high
precision
nuclear
instruments
methods
physics
research
section
beam
interactions
materials
atoms
appendix
site
descriptions
appendix
describes
locations
site
described
report
hess
creek
chronosequence
sites
located
north
livengood
alaska
along
dalton
highway
taylor
highway
chronosequence
sites
located
along
taylor
highway
east
tok
alaska
following
text
gives
general
directions
sites
dominant
plant
species
site
information
regarding
sampling
personnel
hess
creek
chronosequence
hccn
slope
miles
dalton
highway
upslope
erickson
creek
bridge
plot
located
coordinates
approximately
west
road
study
plot
located
mature
black
spruce
stand
hylocomium
pleurozium
soil
profile
sampled
september
jennifer
harden
torre
jorgenson
jonathan
donnell
misha
kanevskiy
hccn
slope
miles
dalton
highway
upslope
erickson
creek
bridge
plot
located
coordinates
approximately
west
road
study
plot
located
mature
black
spruce
stand
hylocomium
pleurozium
soil
profile
sampled
september
jennifer
harden
joshua
koch
jonathan
donnell
misha
kanevskiy
hccn
slope
miles
dalton
highway
upslope
erickson
creek
bridge
plot
located
coordinates
approximately
west
road
study
plot
located
mature
black
spruce
stand
hylocomium
pleurozium
soil
profile
sampled
september
joshua
koch
jonathan
donnell
misha
kanevskiy
hccn
north
dalton
highway
mile
turn
left
onto
alyeska
pipeline
access
road
park
right
access
road
walk
downhill
toward
forested
slope
plot
located
coordinates
mature
black
spruce
stand
hylocomium
pleurozium
soil
profile
sampled
september
jonathan
donnell
misha
kanevskiy
hccn
north
dalton
highway
mile
park
left
side
road
along
plot
located
west
highway
coordinates
mature
black
spruce
stand
hylocomium
pleurozium
soil
profile
sampled
september
jennifer
harden
torre
jorgenson
jonathan
donnell
misha
kanevskiy
slope
miles
dalton
highway
upslope
erickson
creek
bridge
plot
located
coordinates
approximately
east
road
plot
located
recently
burned
black
spruce
stand
burn
lots
standing
dead
trees
burned
dead
moss
fibrous
organic
matter
forest
floor
soil
profile
sampled
september
jonathan
donnell
misha
kanevskiy
pedro
rodriguez
slope
miles
dalton
highway
upslope
erickson
creek
bridge
plot
located
coordinates
approximately
east
road
plot
located
recently
burned
black
spruce
stand
burn
lots
standing
dead
trees
burned
dead
moss
fibrous
organic
matter
forest
floor
soil
profile
sampled
september
jennifer
harden
pedro
rodriguez
slope
miles
dalton
highway
upslope
erickson
creek
bridge
plot
located
coordinates
approximately
east
road
plot
located
recently
burned
black
spruce
stand
burn
lots
standing
dead
trees
burned
dead
moss
fibrous
organic
matter
forest
floor
soil
profile
sampled
september
jennifer
harden
pedro
rodriguez
jonathan
donnell
misha
kanevskiy
north
mile
dalton
highway
turn
right
alyeska
pipeline
access
road
crossing
hess
creek
bridge
walk
approximately
access
road
turn
right
hill
towards
study
plot
plot
located
coordinates
recently
burned
black
spruce
stand
burn
lots
standing
dead
trees
burned
dead
moss
fibrous
organic
matter
forest
floor
soil
profile
sampled
september
jennifer
harden
jonathan
donnell
misha
kanevskiy
north
mile
dalton
highway
turn
left
gravel
road
drive
hill
overlooks
hess
creek
watershed
near
top
hill
park
side
plot
located
right
north
road
coordinates
recently
burned
black
spruce
stand
burn
lots
standing
dead
trees
burned
dead
moss
fibrous
organic
matter
forest
floor
soil
profile
sampled
september
jonathan
donnell
misha
kanevskiy
stephanie
ewing
north
mile
dalton
highway
turn
left
gravel
road
drive
hill
overlooks
hess
creek
watershed
near
top
hill
park
side
plot
located
right
north
road
coordinates
recently
burned
black
spruce
stand
burn
lots
standing
dead
trees
burned
dead
moss
fibrous
organic
matter
forest
floor
soil
profile
sampled
september
jonathan
donnell
misha
kanevskiy
north
mile
dalton
highway
turn
left
gravel
road
drive
hill
overlooks
hess
creek
watershed
near
top
hill
park
side
plot
located
right
north
road
coordinates
recently
burned
black
spruce
stand
burn
lots
standing
dead
trees
burned
dead
moss
fibrous
organic
matter
forest
floor
soil
profile
sampled
september
jonathan
donnell
misha
kanevskiy
north
dalton
highway
mile
turn
left
onto
alyeska
pipeline
access
road
park
right
access
road
walk
downhill
toward
slope
plot
located
coordinates
burned
stand
black
spruce
willow
shrubs
soil
profile
sampled
september
jonathan
donnell
misha
kanevskiy
north
mile
dalton
highway
park
front
gate
alyeska
pipeline
access
road
sampling
used
vehicles
atv
access
site
drive
access
road
turn
right
following
road
plot
located
coordinates
burned
stand
black
spruce
birch
aspen
trees
soil
profile
sampled
september
stephanie
ewing
jennifer
harden
jonathan
donnell
misha
kanevskiy
north
hess
creek
mile
dalton
highway
top
hill
turn
left
onto
gravel
road
park
road
side
road
study
site
located
approximately
north
gravel
road
mixed
black
spruce
aspen
stand
soil
profile
sampled
september
jonathan
donnell
misha
kanevskiy
pedro
rodriguez
hccs
study
site
located
miles
dalton
highway
park
left
side
road
right
erickson
creek
bridge
near
mile
dalton
highway
continue
walking
north
hill
around
left
turn
study
plot
located
coordinates
mature
black
spruce
stand
hylocomium
pleurozium
soil
profile
sampled
september
jonathan
donnell
misha
kanevskiy
taylor
highway
chronosequence
study
sites
located
along
taylor
highway
junction
alaska
highway
south
mount
fairplay
north
thnm
study
plot
located
west
taylor
highway
coordinates
mature
black
spruce
stand
hylocomium
pleurozium
soil
profile
sampled
september
jonathan
donnell
misha
kanevskiy
stephanie
ewing
thnm
study
plot
located
west
taylor
highway
coordinates
mature
black
spruce
stand
hylocomium
pleurozium
park
gravel
pit
east
side
road
walk
site
crossing
road
following
atv
access
trail
soil
profile
sampled
september
jonathan
donnell
misha
kanevskiy
thnm
study
plot
located
east
taylor
highway
coordinates
mature
black
spruce
stand
hylocomium
pleurozium
park
gravel
quarry
west
side
road
walk
site
crossing
road
following
atv
access
trail
soil
profile
sampled
september
jonathan
donnell
jennifer
harden
stephanie
ewing
dave
mcguire
thnm
study
plot
located
west
taylor
highway
coordinates
mature
black
spruce
stand
hylocomium
pleurozium
soil
profile
sampled
september
jonathan
donnell
thnm
study
plot
located
west
taylor
highway
coordinates
mature
black
spruce
stand
hylocomium
pleurozium
soil
profile
sampled
september
jonathan
donnell
misha
kanevksiy
thno
study
plot
located
coordinates
black
spruce
stand
burn
vaccinium
ledum
aulocomium
forest
floor
soil
profile
sampled
september
jennifer
harden
torre
jorgenson
thni
study
site
located
black
spruce
stand
burn
soil
profile
sampled
september
torre
jorgenson
jennifer
harden
thny
study
plot
located
coordinates
northfacing
mature
black
spruce
stand
hylocomium
pleurozium
soil
profile
sampled
september
jonathan
donnell
misha
kanevksiy
thny
study
plot
located
west
taylor
highway
coordinates
young
black
spruce
stand
polytrichum
lichen
forest
floor
park
gravel
pit
east
side
road
walk
site
crossing
road
following
atv
access
trail
soil
profile
sampled
september
jonathan
donnell
misha
kanevskiy
thnn
study
plot
located
east
taylor
highway
coordinates
recently
burned
black
spruce
stand
burn
ceratodon
forest
floor
soil
profile
sampled
september
jonathan
donnell
misha
kanevskiy
thnn
study
plot
located
west
taylor
highway
coordinates
recently
burned
black
spruce
stand
burn
polytrichum
ceratodon
forest
floor
park
gravel
pit
east
side
road
walk
site
crossing
road
following
atv
access
trail
soil
profile
sampled
september
jonathan
donnell
misha
kanevskiy
alaska
department
transportation
dot
sites
study
sites
located
mileposts
nine
along
dalton
highway
north
east
actual
road
sites
accessed
foot
along
proposed
road
cut
complete
description
study
sites
also
found
shur
kanevskiy
hcdt
study
plot
located
east
dalton
highway
coordinates
recently
burned
black
spruce
stand
erickson
creek
fire
pleurozium
schreberi
hylocomium
splendens
ceratodon
purpureus
forest
floor
soil
profile
sampled
may
jonathan
donnell
misha
kanevskiy
matthew
dillon
hcdt
study
plot
located
east
dalton
highway
coordinates
recently
burned
black
spruce
stand
erickson
creek
fire
dead
pleurozium
schreberi
hylocomium
splendens
live
ceratodon
purpureus
forest
floor
soil
profile
sampled
may
jonathan
donnell
misha
kanevskiy
matthew
dillon
hcdt
study
plot
located
east
dalton
highway
coordinates
mixed
stand
unburned
burned
black
spruce
erickson
creek
fire
pleurozium
schreberi
hylocomium
splendens
ceratodon
purpureus
sphagnum
fuscum
forest
floor
soil
profile
sampled
may
jonathan
donnell
misha
kanevskiy
matthew
dillon
hcdt
study
plot
located
east
dalton
highway
coordinates
recently
burned
black
spruce
stand
erickson
creek
fire
ledum
palustre
ceratodon
purpureus
forest
floor
soil
profile
sampled
may
jonathan
donnell
misha
kanevskiy
matthew
dillon
hcdt
study
plot
located
east
dalton
highway
coordinates
recently
burned
black
spruce
stand
erickson
creek
fire
ledum
palustre
epilobium
angustifolium
ceratodon
purpureus
forest
floor
soil
profile
sampled
may
jonathan
donnell
misha
kanevskiy
matthew
dillon
hcdt
study
plot
located
east
dalton
highway
coordinates
recently
burned
black
spruce
stand
erickson
creek
fire
dicranum
polytrichum
ceratodon
purpureus
forest
floor
soil
profile
sampled
september
jonathan
donnell
misha
kanevskiy
matthew
dillon
appendix
data
file
descriptions
file
contains
field
descriptions
sampled
soils
includes
following
columns
sample
sample
identification
first
two
letters
sample
labels
represent
region
study
either
hess
creek
taylor
highway
next
two
letters
represent
site
type
hess
creek
site
types
include
control
north
control
south
number
representing
burn
year
example
indicates
burn
taylor
highway
site
types
include
mature
stands
young
stands
intermediate
stands
old
stands
number
follows
four
characters
indicates
plot
decimal
point
separates
profile
number
basal
depth
sample
field
data
collected
dot
study
plots
depth
indicates
basal
depth
sampling
increment
field
horizon
horizon
type
sample
defined
field
live
moss
dead
code
moss
fibric
organic
matter
mesic
humic
mineral
soil
horizon
mineral
soil
horizon
mineral
soil
horizon
litter
wood
unknown
horizon
lowercase
horizon
code
indicates
sample
showed
evidence
burning
example
scorched
charred
lowercase
horizon
code
indicates
sample
frozen
sample
brief
description
sample
description
roots
root
abundance
size
using
conventions
staff
value
mineral
soil
measured
laboratory
deionized
water
added
create
soil
slurry
percent
soil
percent
water
prior
measurement
munsell
color
munsell
color
value
according
munsell
soil
color
chart
von
post
organic
soil
classification
using
von
post
scale
humification
texture
damman
frenh
mineral
soil
soil
texture
class
described
field
following
conventions
staff
plasticity
plasticity
category
mineral
soil
horizon
stickiness
stickiness
category
mineral
soil
horizon
structure
structure
category
mineral
soil
horizon
height
height
basal
depth
mineral
soil
boundary
therefore
mineral
bottom
organic
layer
zero
mineral
horizons
negative
numbers
recognizable
ranking
recognizable
plant
part
abundance
four
categories
many
plant
parts
none
gravel
notes
brief
description
gravel
abundance
form
size
file
contains
field
descriptions
soils
sites
described
sampled
file
includes
following
columns
sample
sample
identification
first
two
letters
sample
labels
represent
region
study
either
hess
creek
taylor
highway
next
two
letters
represent
site
type
hess
creek
site
types
include
control
north
control
south
number
representing
burn
year
example
indicates
burn
taylor
highway
site
types
include
mature
stands
young
stands
intermediate
stands
old
stands
number
follows
four
characters
indicates
stand
replicate
hyphen
separates
stand
replicate
number
transect
distance
main
profile
instances
added
part
profile
number
indicate
location
east
west
main
profile
decimal
point
separates
profile
number
basal
depth
sample
transect
data
collected
dot
study
plots
depth
indicates
basal
depth
sampling
increment
field
horizon
horizon
type
sample
defined
field
live
moss
dead
code
moss
fibric
organic
matter
mesic
humic
mineral
soil
horizon
lichen
litter
wood
lowercase
horizon
code
indicates
sample
showed
evidence
burning
example
scorched
charred
sample
brief
description
sample
description
active
layer
depth
frozen
layer
active
layer
thickness
thickness
roots
root
abundance
size
using
conventions
staff
von
post
organic
soil
classification
using
von
post
scale
humification
texture
class
damman
french
mineral
soil
soil
texture
class
following
conventions
staff
height
height
soil
horizon
soil
interface
mineral
munsell
color
munsell
color
value
according
munsell
soil
color
chart
plasticity
plasticity
category
mineral
soil
horizon
stickiness
stickiness
category
mineral
soil
horizon
firmness
firmness
category
mineral
soil
horizon
structure
structure
category
mineral
soil
horizon
gravel
estimated
amount
gravel
mineral
soil
horizon
percent
volume
gravel
structure
description
gravel
structure
size
class
size
file
contains
physical
data
bulk
density
volumetric
moisture
content
particle
size
analysis
column
definitions
follows
sample
sample
identification
first
two
letters
sample
labels
represent
region
study
either
hess
creek
taylor
highway
next
two
letters
represent
site
type
hess
creek
site
types
include
control
north
control
south
department
transportation
number
representing
burn
year
example
indicates
burn
taylor
highway
site
types
include
mature
stands
young
stands
intermediate
stands
old
stands
dot
study
plots
sites
labeled
hcdt
number
follows
four
characters
indicates
plot
decimal
point
separates
profile
number
basal
depth
sample
depth
indicates
basal
depth
sampling
increment
field
horizon
horizon
type
sample
defined
field
live
moss
dead
code
moss
fibric
organic
matter
mesic
humic
mineral
soil
horizon
lichen
litter
wood
lowercase
horizon
code
indicates
sample
showed
evidence
burning
example
scorched
charred
sample
brief
description
sample
description
date
sampled
date
sample
taken
thickness
thickness
soil
horizon
dry
weight
percent
soil
particles
passing
sieve
sample
gentle
crushing
dry
weight
percent
roots
larger
diameter
sample
sample
bulk
density
grams
soil
per
cubic
centimeter
soil
particles
greater
roots
greater
diameter
removed
bulk
density
grams
soil
per
cubic
centimeter
entire
soil
sample
fractions
excluded
calculated
similarly
bulk
density
except
weight
particles
greater
roots
greater
diameter
included
volumetric
percent
water
sample
volume
field
moisture
moisture
percent
weight
moisture
remaining
sample
sample
constant
weight
determined
subsequently
sample
file
contains
chemical
data
obtained
elemental
spectrometer
column
definitions
follows
sample
sample
identification
first
two
letters
sample
labels
represent
region
study
either
hess
creek
taylor
highway
next
two
letters
represent
site
type
hess
creek
site
types
include
control
north
control
south
department
transportation
number
representing
burn
year
example
indicates
burn
taylor
highway
site
types
include
mature
stands
young
stands
intermediate
stands
old
stands
dot
study
plots
sites
labeled
hcdt
number
follows
four
characters
indicates
plot
decimal
point
separates
profile
number
basal
depth
sample
depth
indicates
basal
depth
sampling
increment
field
horizon
horizon
type
sample
defined
field
live
moss
dead
code
moss
fibric
organic
matter
mesic
humic
mineral
soil
horizon
lichen
litter
wood
lowercase
horizon
code
indicates
sample
showed
evidence
burning
example
scorched
charred
sample
brief
description
sample
description
percent
weight
total
carbon
soil
sample
material
diameter
removed
percent
weight
total
nitrogen
soil
sample
material
diameter
removed
percent
weight
organic
carbon
soil
sample
material
diameter
removed
percent
weight
organic
nitrogen
soil
sample
material
diameter
removed
stable
isotope
signature
sample
material
diameter
removed
loi
value
bulk
sample
fraction
modern
bulk
soil
sample
fraction
modern
bulk
sample
bulk
sample
bulk
sample
value
bulk
soil
sample
standard
deviation
value
bulk
soil
sample
radiocarbon
age
bulk
soil
sample
age
bulk
sample
standard
deviation
radiocarbon
age
bulk
soil
sample
age
error
datable
material
fraction
modern
value
datable
material
example
char
woody
fraction
modern
debris
datable
material
value
datable
material
example
char
woody
debris
datable
material
datable
material
age
datable
material
age
error
notes
standard
deviation
value
datable
material
example
char
woody
debris
radiocarbon
age
datable
material
example
char
woody
debris
standard
deviation
radiocarbon
age
datable
material
example
char
woody
debris
description
sample
datable
material
