grology
brart
supai
group
subdivision
nomenclature
geological
survey
bulletin
supai
group
subdivision
nomenclature
edwin
mckee
contributions
stratigraphy
geological
survey
bulletin
supai
formation
grand
canyon
region
raised
rank
supai
group
divided
four
formations
range
age
early
pennsylvanian
early
permian
united
states
government
printing
office
washington
united
states
department
interior
rogers
morton
secretary
geological
survey
mckelvey
director
library
congress
cataloging
publication
data
mckee
edwin
dinwiddie
supai
group
subdivision
nomenclature
contributions
stratigraphy
geological
survey
bulletin
bibliography
geology
geology
geology
stratigraphic
nomenclature
arizona
grand
canyon
region
title
series
iii
series
united
states
geological
survey
bulletin
sale
superintendent
documents
government
printing
office
washington
stock
number
contents
page
abstract
introduction
field
terminology
new
nomenclature
watahomigi
formation
manakacha
formation
wescogame
formation
esplanade
sandstone
correlation
previous
subdivisions
type
section
supai
group
havasu
canyon
references
cited
illustration
page
figure
index
map
havasu
canyon
northern
arizona
conversion
measurements
metric
equivalents
inch
centimetres
foot
metre
kilometres
contributions
stratigraphy
supai
group
subdivision
nomenclature
edwin
mckee
abstract
supai
formation
grand
canyon
region
raised
rank
supai
group
divided
four
formations
widespread
surfaces
erosion
thin
conglomerate
beds
separate
formations
range
age
early
pennsylvanian
early
permian
oldest
youngest
named
watahomigi
manakacha
wescogame
formations
esplanade
sandstone
type
sections
formations
havasu
canyon
vicinity
supai
village
introduction
field
terminology
new
nomenclature
probably
first
geologist
carefully
consider
subdivision
supai
formation
logical
readily
recognizable
units
matthes
geological
survey
making
topographic
map
bright
angel
quadrangle
noticed
red
beds
formation
together
overlying
hermit
shale
characteristically
eroded
three
prominent
cliffs
interspersed
among
four
welldeveloped
slopes
discrimination
topographic
units
called
attention
matthes
connection
studies
supai
formation
field
classification
proved
useful
recording
data
time
subsequent
work
resulted
subdivision
supai
basis
topographic
expression
used
present
field
investigation
recognized
following
units
upper
cliff
unit
locally
includes
receding
ledge
unit
esplanade
cliff
upper
slope
unit
divided
conglomerate
two
parts
middle
cliff
unit
middle
slope
unit
lower
cliff
unit
lower
slope
unit
units
traced
throughout
grand
canyon
differ
remarkably
little
one
end
although
general
contributions
stratigraphy
cliff
units
massive
prominent
toward
west
slope
units
less
conspicuous
direction
many
western
sections
middle
slope
unit
weakly
developed
lower
middle
cliff
units
seem
merge
together
furthermore
extreme
western
grand
canyon
limestone
beds
middle
lower
slope
unit
massive
cliff
forming
unit
locally
divisible
three
subunits
although
subdivisions
supai
originally
delineated
based
entirely
topography
indirectly
types
rock
represented
certain
key
beds
faunal
zones
marker
surfaces
came
recognized
lent
much
support
correlations
place
place
important
key
beds
widespread
conglomerates
occur
three
horizons
addition
basal
conglomerate
redwall
limestone
surface
recognized
throughout
region
conglomerates
lowest
highest
occur
distance
lower
slope
unit
near
base
middle
cliff
unit
middle
upper
slope
unit
key
bed
conglomerates
distinctive
two
conglomerates
associated
marked
surfaces
erosion
relief
much
feet
channels
thus
seem
represent
regional
unconformities
parts
region
marine
faunas
conglomerates
show
hiatuses
appreciable
magnitude
represented
uppermost
conglomerate
recognized
sections
measured
middle
one
recognized
sections
lower
one
sections
partly
basis
widespread
erosion
surfaces
diagnostic
conglomerates
associated
partly
basis
topographic
expression
facilitates
mapping
supai
strata
grand
canyon
divided
four
formations
together
classed
supai
group
thus
supai
formation
darton
raised
rank
supai
group
divided
four
formations
follows
oldest
youngest
watahomigi
manakacha
wescogame
formations
esplanade
sandstone
watahomigi
formation
watahomigi
formation
named
watahomigi
point
west
side
havasu
canyon
miles
northwest
supai
village
directly
type
section
formation
fig
spelling
given
geological
survey
topographic
map
supai
name
common
family
name
among
havasupai
indians
official
havasupai
membership
roll
indians
name
use
spelling
watahomigie
supai
group
subdivision
nomenclature
figure
havasu
canyon
northern
arizona
showing
supai
village
points
canyon
walls
watahomigi
manakacha
wescogame
formations
derive
names
erosional
bench
shaded
esplanade
sandstone
named
location
type
sections
mwe
manakacha
wescogame
esplanade
watahomigi
contributions
stratigraphy
formation
consists
largely
limestone
mudstone
equal
proportions
areas
forms
ledgy
slope
retreats
rim
massive
redwall
limestone
commonly
one
conglomerate
occurs
near
base
another
occurs
locally
distance
middle
third
formation
composed
mostly
limestone
forms
massive
cliff
sections
dividing
formation
three
parts
lower
two
parts
believed
faunal
evidence
morrowan
age
upper
part
conglomerate
considered
atokan
age
watahomigi
rests
unconformably
redwall
limestone
conformably
overlain
manakacha
formation
manakacha
formation
manakacha
formation
named
manakacha
point
east
side
havasu
canyon
directly
supai
village
spelling
according
geological
survey
usage
topographic
map
supai
quadrangle
arizona
official
havasupai
membership
roll
uses
spelling
manakaja
indian
family
name
type
section
formation
along
apache
trail
begins
village
winds
canyonside
toward
point
manakacha
consists
lowest
massive
cliff
supai
group
also
small
bench
slope
lower
cliff
unit
middle
slope
unit
consists
crossbedded
limy
sandstone
sandy
limestone
minor
amounts
mudstone
rests
conformably
watahomigi
formation
boundary
places
indicated
change
slope
cliff
presence
lowermost
sandstones
manakacha
upper
boundary
formation
unconformity
marked
surface
erosion
basal
conglomerate
wescogame
formation
age
manakacha
cliff
unit
atokan
basis
diagnostic
fusulinids
ranging
throughout
grand
canyon
upper
part
slope
unit
either
atokan
des
moinesian
age
fossils
thus
far
found
unequivocal
evidence
either
wescogame
formation
wescogame
formation
named
wescogame
point
west
side
havasu
canyon
miles
southwest
supai
village
directly
hualapai
canyon
present
main
hualapai
horse
trail
village
passes
good
section
formation
exposed
along
trail
type
section
apache
trail
farther
north
wescogame
composed
dominantly
massive
crossbedded
sandstone
sandy
limestone
forms
prominent
cliff
includes
half
slope
upper
slope
unit
upper
slope
represented
type
section
present
nearly
everywhere
else
grand
canyon
mudstone
present
supai
group
subdivision
nomenclature
portionately
abundant
formation
wescogame
formation
probably
virgilian
age
indicated
fusulinids
corals
rests
unconformably
manakacha
formation
unconformably
beneath
strata
wolfcampian
age
esplanade
sandstone
esplanade
sandstone
geologic
unit
esplanade
called
white
esplanade
sandstone
member
supai
formation
present
report
esplanade
raised
formation
rank
uppermost
formation
supai
group
geographic
term
esplanade
comes
esplanade
platform
prominent
bench
walls
grand
canyon
especially
wide
conspicuous
western
part
term
esplanade
introduced
grand
canyon
dutton
referring
bench
carved
uppermost
sandstone
beds
supai
description
toroweap
area
subsequent
references
esplanade
platform
made
davis
robinson
noble
darton
others
eventually
name
applied
sandstone
forms
bench
convenience
reference
group
hard
sandstones
supports
forms
shelf
termed
sandstone
member
supai
formation
white
upper
feet
supai
hard
sandstones
known
locally
esplanade
sandstone
stoyanow
formation
consists
primarily
fine
grained
sandstone
forms
massive
cliffs
includes
small
amounts
siltstone
mudstone
weather
slopes
benches
recesses
western
grand
canyon
contains
extensive
beds
gypsum
near
grand
wash
cliffs
extreme
western
part
grand
canyon
apparently
interfingers
pakoon
limestone
mcnair
shivwits
plateau
type
section
selected
formation
along
apache
trail
passes
inner
canyon
havasu
broad
esplanade
platform
bench
occupied
hermit
shale
esplanade
sandstone
wolfcampian
age
underlain
unconformably
wescogame
formation
late
pennsylvanian
age
boundary
marked
surface
erosion
channels
feet
deep
persistent
conglomerate
esplanade
overlain
hermit
shale
leonardian
age
separated
many
places
greatly
channeled
surface
erosion
correlation
previous
subdivisions
subsequent
topographic
work
matthes
independent
observations
noble
suggested
informal
contributions
stratigraphy
fication
supai
recognized
subdivisions
top
bottom
subdivision
described
basal
slope
beginning
plane
unconformity
erosion
top
redwall
consisting
sandstone
shale
limestone
equal
amounts
seems
equivalent
watahomigi
formation
noble
subdivision
described
crossbedded
sandstone
middle
underlying
thick
massive
cliff
ledgy
slope
apparently
composed
manakacha
wescogame
foramtions
present
usage
together
overlying
upper
slope
unit
included
rocks
atokan
virgilian
wolfcampian
age
although
aware
widespread
conglomerate
erosion
surface
base
esplanade
sandstone
noble
placed
upper
boundary
higher
base
esplanade
cliff
noble
subdivision
nearly
equal
esplanade
sandstone
present
usage
include
basal
slope
described
containing
sandstone
sandy
shale
past
present
terminologies
summarized
compared
table
giving
classifications
supai
strata
summary
past
present
classifications
supai
strata
subdivisions
noble
informal
field
terms
new
formal
terminology
rock
units
supai
group
age
esplanade
cliff
upper
slope
middle
cliff
middle
slope
lower
cliff
lower
slope
esplanade
sandstone
wolfcampian
erosion
wescogame
formation
manakacha
formation
watahomigi
formation
virgilian
erosion
atokan
atokan
erosion
morrowan
erosion
type
section
supai
group
havasu
canyon
near
supai
village
coconino
county
watahomigi
formation
measured
westsideof
canyon
navajo
falls
upper
part
supai
group
measured
along
apache
trail
northeast
village
hermit
shale
siltstone
feet
structureless
mudstone
together
form
member
supai
group
subdivision
nomenclature
unconformity
erosion
surface
relief
feet
consists
isolated
plateaus
resistant
sandstone
rise
generally
flat
surface
formation
supai
group
esplanade
sandstone
esplanade
cliff
unit
sandstone
massive
forms
residual
hill
mesa
rises
general
surface
mile
north
estimated
sandstone
fine
grained
massive
forms
receding
round
ledges
top
main
cliff
sandstone
percent
fine
grained
percent
slightly
calcareous
thick
bedded
massive
locally
weathers
pinkish
gray
forms
massive
cliff
sandstone
fine
grained
friable
contains
wedge
planar
planes
long
sandstone
fine
grained
thickbedded
less
resistant
underlying
unit
upper
part
contains
several
beds
calcareous
sandstone
forms
cliff
receding
ledges
sandstone
limestone
uppermost
sandstone
pale
reddish
brown
fine
fine
grained
calcareous
friable
intermediate
sandstone
moderate
reddish
orange
fine
grained
calcareous
silly
basal
limestone
pale
red
silty
clastic
grains
etched
surface
three
units
form
cliffs
separated
prominent
parting
planes
contain
contain
local
festoon
structures
weather
black
varnish
sandstone
fine
grained
calcareous
percent
silty
percent
forms
recess
major
cliffs
sandstone
fine
grained
percent
grains
calcareous
contains
subangular
subrounded
grains
massive
structureless
contains
parting
zone
siltstone
separates
unit
two
parts
forms
base
esplanade
cliff
total
esplanade
cliff
unit
esplanade
slope
unit
sandstone
fine
grained
rounded
subrounded
calcareous
structureless
contains
several
calcareous
siltstone
partings
forms
recess
massive
cliff
sandstone
fine
grained
silty
thinto
contains
irregular
structures
forms
weak
ledge
conglomerate
irregularly
bedded
fills
channels
underlying
unit
forms
resistant
ledge
matrix
fine
sand
gravel
diameter
pebbles
maximum
diameter
pebbles
subrounded
rounded
poorly
sorted
composed
lightgray
limestone
siltstone
sandstone
fine
grained
finegrained
silty
contains
irregular
structure
forms
slope
weak
ledges
feet
contributions
stratigraphy
supai
group
esplanade
sandstone
continued
esplanade
slope
unit
continued
limestone
aphanitic
fine
grained
surface
markings
suggest
algae
contains
thin
locally
developed
bands
chert
forms
two
thin
beds
separated
gray
siltstone
thick
capped
bed
concretionary
limestone
sandstone
fine
grained
thin
bedded
forms
receding
ledges
limestone
concretionary
hard
includes
silt
forms
rounded
ledge
slope
sandstone
fine
grained
silty
grains
brittle
structureless
forms
slope
sandstone
fine
grained
silty
structureless
crumbly
forms
slope
sandstone
fine
grained
angular
silty
thinbedded
weathers
rounded
ledge
sandstone
fine
grained
calcareous
friable
forms
slope
sandstone
like
overlying
unit
fills
channel
conglomerate
forms
thin
bed
bottom
erosion
channel
matrix
silt
gravel
general
diameter
range
maximum
diameter
mostly
subrounded
rounded
well
rounded
composed
limestone
siltstone
total
esplanade
slope
unit
basal
channel
sandstone
conglomerate
total
esplanade
slope
unit
excluding
two
basal
channel
units
total
esplanade
sandstone
unconformity
channel
deep
wide
cut
massive
crossbedded
sandstones
filled
overlying
two
units
supai
group
wescogame
formation
upper
slope
unit
recognized
locality
middle
cliff
unit
sandstone
pinkish
gray
small
spots
base
grading
upward
pale
red
fine
fine
grained
calcareous
uhin
bedded
base
base
elsewhere
thick
bedded
thinner
beds
contain
flat
laminae
thicker
beds
contain
planar
long
contains
two
lenses
siltstone
base
weathers
varnish
forms
massive
cliff
mudstone
noncalcareous
flatbedded
contains
abundant
rivularites
forms
recess
base
cliff
sandstone
fine
grained
calcareous
shaly
structureless
forms
slope
weak
ledges
fills
upper
part
large
channel
older
pennsylvanian
rocks
sandstone
orange
fine
grained
calcareous
includes
mud
pellets
scattered
pebbles
near
base
forms
slope
fills
channel
bottoms
total
middle
cliff
unit
basal
channel
sandstones
feet
supai
group
subdivision
nomenclature
supai
group
wescogame
formation
continued
middle
cliff
unit
continued
total
middle
cliff
unit
excluding
basal
channel
sandstones
feet
total
wescogame
formation
unconformity
wide
channels
rounded
bottoms
cut
depths
much
sandstones
older
pennsylvanian
age
deep
exposed
horizon
many
places
vicinity
supai
group
manakacha
formation
middle
slope
unit
sandstone
fine
grained
large
scale
long
includes
grayishred
muddy
noncalcareous
fine
grained
sandstone
near
base
unit
forms
slope
total
middle
slope
unit
lower
cliff
unit
limestone
fine
grained
subrounded
silty
insoluble
percent
small
medium
scale
weathers
black
varnished
surface
forms
massive
resistant
cliff
rounded
edges
sandstone
fine
grained
limy
strongly
stratified
tabular
planar
sets
thick
contains
limestone
lenses
forms
cliff
receding
ledge
sandstone
siltstone
sandstone
purple
fine
grained
locally
massive
thick
bedded
limestone
lenses
grades
downward
calcareous
shaly
siltstone
interval
forms
receding
limestone
includes
much
fine
sand
insoluble
percent
crossbedded
tabluar
planar
sets
medium
thick
contains
jasper
near
top
forms
receding
ledges
limestone
includes
scattered
fine
grained
sand
medium
scale
contains
dant
chert
jasper
weathers
rough
black
surface
forms
inent
massive
cliff
limestone
light
brownish
gray
blotches
contains
jasper
layers
veins
near
base
scale
forms
cliff
siltstone
calcareous
percent
crumbly
rests
irregularly
channeled
surface
mudstone
total
lower
cliff
unit
total
manakacha
formation
erosion
surface
structureless
siltstone
surface
channeled
depths
irregular
intervals
locally
removed
entirely
erosion
supai
group
watahomigi
formation
lower
slope
unit
concealed
slope
sandstone
fine
grained
noncalcareous
structureless
forms
conspicuous
marker
bed
weathers
rounded
ledge
overlying
weak
cliff
siltstone
muddy
limy
laminated
contains
thin
jasper
lenses
top
forms
weak
contributions
stratigraphy
supai
group
watahomigi
formation
continued
lower
slope
unit
continued
mudstone
silty
calcareous
laminated
forms
steep
slope
concealed
slope
probably
mudstone
conglomerate
limestone
concretionary
tains
jasper
lenses
intraformational
limestone
pebbles
forms
rounded
ledge
steep
slope
marks
base
atokan
strata
limestone
light
gray
magnesian
silty
contains
abundant
elongate
concretions
lenses
gray
chert
forms
ledge
top
series
siltstone
friable
forms
bench
limestone
light
gray
silty
contains
thin
jasper
layers
crosscutting
veins
throughout
forms
series
ledges
separated
thin
mudstone
beds
limestone
dolomitic
interbedded
black
mudstone
containing
network
calcite
veins
weathers
concretionary
spheres
forms
slope
limestone
contains
abundant
jasper
layers
secondary
calcite
fillings
along
fractures
weathers
rough
surface
forms
ledge
limestone
silty
weathers
brown
forms
weak
ledge
straight
face
limestone
irregularly
bedded
interbedded
brown
mudstone
forms
slope
conglomerate
limestone
silty
contains
local
jasper
lenses
lenses
dark
intraformational
limestone
pebbles
max
top
unit
forms
series
resistant
ledges
mudstone
slightly
calcareous
crumbly
forms
slope
limestone
contains
thin
irregular
jasper
layers
consists
single
thick
bed
forms
resistant
cliff
concealed
talus
slope
siltstone
shaly
largely
concealed
forms
slope
conglomerate
thick
bedded
forms
resistant
ledge
matrix
fine
grained
sandstone
gravel
mostly
diameter
angular
subangular
composed
dark
red
chert
flint
concealed
slope
siltstone
shaly
fissile
laminated
limestone
beds
scattered
throughout
interval
forms
slope
conglomerate
shaly
unit
forms
ledge
matrix
fine
grained
sandstone
siltstone
gravel
abundant
diameter
pebbles
maximum
diameter
composed
light
gray
darkgray
chert
abundant
brachiopods
composita
top
unit
conglomerate
massive
unit
forms
ledge
matrix
mudstone
gravel
mostly
diameter
maximum
diameter
irregularly
shaped
random
orientation
composed
chert
limestone
aphanitic
weathers
pitted
surface
forms
ledge
feet
supai
group
subdivision
nomenclature
supai
group
watahomigi
formation
continued
lower
slope
unit
continued
conglomerate
contains
much
iron
oxide
fills
channel
matrix
mudstone
gravel
mostly
diameter
maximum
diameter
mostly
angular
composed
chert
total
lower
slope
unit
total
watahomigi
formation
total
supai
group
excluding
channel
sandstones
unconformity
channeled
surface
relief
horizontal
distance
redwall
limestone
horseshoe
mesa
member
limestone
aphanitic
forms
receding
ledges
references
cited
darton
reconnaissance
parts
northwestern
new
mexico
northern
arizona
geol
survey
bull
resume
arizona
geology
arizona
bur
mines
bull
davis
excursion
grand
canyon
colorado
harvard
college
museum
comp
zoology
bull
geol
ser
dutton
tertiary
history
grand
canyon
district
geol
survey
mon
atlas
mcnair
paleozoic
stratigraphy
part
northwestern
arizona
assoc
petroleum
geologists
noble
shinumo
quadrangle
grand
canyon
district
arizona
geol
survey
bull
section
paleozoic
formations
grand
canyon
bass
trail
geol
survey
paper
robinson
single
cycle
development
grand
canyon
colorado
science
stoyanow
correlation
arizona
paleozoic
formations
geol
soc
america
bull
white
david
flora
hermit
shale
grand
canyon
arizona
carnegie
inst
washington
pub
government
printing
office
onon
memorial
library
ueoiofly
orton
hall
oval
mail
ohio
state
university
columbus
