geological
survey
circular
november
reconnaissance
geology
hydrology
laramie
basin
wyoming
special
reference
laramie
little
laramie
river
valleys
robert
littleton
compiled
part
program
interior
department
development
missouri
river
basin
united
states
department
interior
oscar
chapman
secretary
geological
survey
wrather
director
washington
free
application
director
geological
survey
washington
gpo
conteits
abstract
introduction
purpose
scope
investigation
location
extent
area
previous
studies
well
numbering
geography
topography
drainage
climate
geology
fll
stratig
raphy
shallow
water
source
occ
depth
water
table
movement
ground
water
artesian
water
source
occurrence
relation
piezometric
surface
land
surface
direction
movement
water
loss
streams
conclusions
recommendations
measurements
records
wells
references
page
illusmations
plate
figure
page
map
part
laramie
basin
showing
geology
location
wells
pocket
generalized
section
across
laramie
river
basin
quealy
dome
laramie
range
james
lake
two
rivers
dome
map
missouri
river
basin
showing
areas
ground
water
studies
made
missouri
basin
sketch
showing
graphs
showing
annual
precipitation
amie
wyoming
cumulative
average
precipitation
laramie
iii
illustrations
figure
average
monthly
runoff
acre
laramie
river
woods
pioneer
canal
two
rivers
gaging
stations
graphs
showing
average
monthly
runoff
feet
laramie
river
woods
laramie
two
rivers
gaging
stations
monthly
normal
temperature
laramie
wyo
graphs
showing
average
monthly
runoff
feet
little
laramie
river
filmore
two
rivers
gaging
stations
monthly
normal
temperature
laramie
wyo
page
nbles
table
generalized
section
rocks
exposed
laramie
runoff
laramie
river
canal
two
rivers
gaging
stations
loss
tions
period
april
september
runoff
laramie
river
woods
laramie
two
rivers
gagidg
stations
loss
stations
ing
period
april
september
runoff
little
laramie
river
two
rivers
gaging
stations
loss
stations
period
april
september
water
levels
observation
wells
feet
surface
records
wells
basin
wyo
page
recodaissance
geologi
hydrology
laramie
wyoming
special
reference
laramie
laramie
river
valleys
robert
littleton
abstract
basin
wyoming
drained
laramie
laramie
medicine
bow
rivers
streams
rise
medicine
bow
mountains
flow
northward
across
floor
basin
courses
traverse
succession
thick
shales
thin
sandstones
limestones
range
carboniferous
tertiary
age
vast
amounts
coarse
alluvium
deposited
since
early
quaternary
time
rivers
tributary
creeks
emerge
onto
rloor
basin
alluvium
ranges
texture
boulders
coarse
gravel
upper
end
gravel
sand
silt
lower
end
basin
deposits
cap
mountain
pediments
comprise
remnants
earlier
terraces
thick
abandoned
stream
channels
present
stream
valleys
ground
water
occurs
artesian
conditions
within
laramie
basin
shallow
ground
water
contained
conditions
alluvium
along
principal
streams
places
gravel
cover
pediments
terraces
zone
saturation
alluvium
recharged
mostly
atreus
irrigation
high
water
table
created
periods
high
runoff
irrigation
season
periods
flood
plains
laramie
little
laramie
rivers
covered
water
water
table
close
surface
general
aovement
ground
water
alluium
direction
surface
drainage
direction
movement
controlled
locally
configuration
bedrock
surface
thus
places
water
diverted
depressions
lakes
artesian
water
permeable
units
vithin
stratified
rocks
parts
basin
structural
stratigraphic
conditions
favorable
moves
direction
dip
laramie
basin
wyoming
hay
meadows
evaporation
lakes
ponds
part
irrigation
return
tlow
seea
account
water
loss
laramie
little
laramie
riverso
effluent
seepage
stream
water
subsequent
loss
probably
account
part
loss
loss
percolation
deeper
aquifers
considered
negligibleo
obtain
clearer
picture
water
losses
additional
detailed
studies
suggestedo
purpose
scope
investigation
report
covers
field
investigation
one
several
areas
united
states
bureau
reclamation
reconnaissance
studies
details
scope
investigation
worked
conferences
officials
bureau
reclamation
geological
surveyo
purpose
determine
whether
stream
losses
along
reaches
laramie
little
laramie
bivers
could
explained
geologic
hydrologic
investigation
field
investigation
report
based
vas
made
writer
june
august
report
includes
description
topography
geology
related
conditions
data
pertaining
occurrence
ground
water
large
segment
laramie
basin
inventory
made
domestic
stock
wells
geologic
material
including
records
shot
holes
compiled
available
sources
geologic
cross
section
laramie
basin
prepared
tables
ntmoductiojl
showing
streaa
loss
compiled
stream
flow
made
surface
water
branch
survey
cooperation
wyoadns
state
engineer
investigation
made
general
supervision
lif
sayre
chief
ground
water
branch
geological
survey
aylor
regional
engineer
charge
ground
studies
missouri
river
basin
development
lohman
district
geologist
colorado
wyoming
closely
supervised
field
studies
preparation
report
report
vas
cally
reviewed
ray
records
checked
district
engineer
surface
water
branch
colorado
wyomingo
geologic
map
albany
county
wyo
prepared
love
geological
survey
wyoming
vas
adapted
little
chadge
reporto
location
extent
area
area
considered
report
includes
laraaie
river
basin
upper
end
wheatland
reservoir
laramie
basin
intermontane
basin
structural
hydrologic
control
aloq
lliles
river
valley
point
woods
gaging
station
dovilstrea
wheatland
reservoir
along
lliles
little
laraade
river
valley
confluence
river
upstream
filmore
gaging
station
laramie
basib
wyoming
geologic
studies
covered
almost
entire
laramie
basin
order
conditions
may
cause
stream
losses
along
principal
streams
would
taken
account
area
report
figure
previous
studies
first
comprehensive
study
stratigraphy
laramie
basin
made
darton
eliot
blacltvelder
siebenthal
since
early
study
many
specific
given
careful
attention
particularly
pertaining
wilson
minturn
love
compiled
map
albany
county
plate
report
taken
morgan
studied
geology
supply
city
ramie
morgan
report
contains
helpful
information
hydrology
stratified
rocks
carboniferous
age
stanolind
oil
california
drilled
many
shot
holes
conducting
seismograph
operations
throughout
basin
logs
shot
holes
released
publication
logs
made
available
study
writer
acknowledgments
special
acknowledgment
due
progress
thomas
state
geologist
wyolling
see
references
end
reporto
report
bill
areas
covered
reports
figure
missouri
river
basin
showing
areas
studies
laramie
basiny
wyoming
made
available
many
unpublished
data
fileso
love
geological
survey
provided
temporary
office
space
offered
many
helpful
suggestions
course
field
worko
george
humphrey
engineers
geologist
bureau
reclamation
especially
helpful
cooperativeo
personnel
stanolind
oil
gas
coo
california
coo
generously
supplied
logs
locations
shot
holes
drilled
companies
wells
numbered
report
according
location
within
land
subdivisions
general
land
office
survey
area
well
number
indicates
township
second
range
third
section
well
locatedo
lowercase
letters
following
section
number
indicate
location
well
within
sectiono
first
letter
denotes
quarter
section
second
section
third
section
tracto
letters
assigned
direction
beginning
northeast
quarter
section
section
sectiono
numbers
two
wells
tract
distinguished
consecutive
numbers
following
letterso
see
figo
rakges
west
fjl
fjl
fjl
base
line
lwell
number
figure
sketch
showing
eystemo
towsraphy
drainye
laramie
basin
intermontane
basin
open
bordered
north
east
laramie
range
south
north
end
front
range
colorado
partly
vest
medici
bow
rage
along
foot
laramie
raage
moudtain
ments
covered
places
thin
sheets
coarse
gravelo
floor
basin
plain
ranges
altitude
troa
feet
south
end
laramie
river
leaves
basin
wheatland
reservoiro
plain
consists
shallow
terraced
valleys
widely
separated
low
older
terraces
basin
contains
many
enclosed
extasi
big
hollow
alkali
baaino
wind
action
weathered
materials
shale
formations
darton
shape
size
pressions
seem
restricted
part
surrounding
deposits
gravel
rlch
prevented
removal
materials
late
quaternary
period
laraai
drained
principally
laramie
tle
laramie
rivers
entars
basin
woods
ladding
tlovs
across
basin
leaves
northeast
corner
tllrougl
canyon
cut
laramie
river
averages
feet
per
mile
little
laramie
river
flows
northeastward
geography
medicine
bow
mountains
joins
laraaie
river
intermittent
streams
flow
slopes
surrounding
mountains
supply
little
water
principal
streams
especially
true
lone
shell
creeks
flows
reach
laramie
river
except
periods
high
runof
dutton
creek
cooper
creek
flow
cooper
lake
rock
creek
eastward
flowing
tributary
laramie
river
captured
tributary
medicine
bow
river
lakes
many
lakes
throughout
laramie
basino
larger
lakes
smaller
named
lakes
shown
plate
relation
ground
water
discussed
appropriate
shallow
ground
water
small
ponds
occupy
numerous
small
ponds
temporary
dry
fall
winter
prolonged
periods
drought
lakes
valleys
laramie
little
rivers
fed
mostly
ground
watero
sevenmile
soda
longs
lone
water
table
lakes
bamf
orth
lake
rests
shale
alkali
basin
lies
level
water
table
alluvium
north
fed
almost
entirely
ground
water
discharged
alluvium
little
laraaie
river
valleyo
lakes
farther
valleys
little
laraade
rivers
basin
wyoming
mostly
surface
water
examples
lakes
james
cooper
western
part
basin
hutton
creighton
southern
part
basino
climate
laramie
basin
cool
arid
climate
characterized
strong
westerly
winds
scanty
precipitation
snow
falls
removed
basin
wind
irrigation
necessary
raise
hay
livestocko
monthly
annual
precipitation
vas
recorded
intervals
united
states
weather
bureau
larame
continuous
records
kept
see
fig
average
annual
precipitation
laramie
inches
normal
adjusted
teltperature
laramie
temperature
lowest
length
groving
season
ranges
days
killing
frosts
occurred
late
june
early
august
geology
summary
stratigraphy
sedimentary
rocks
exposed
laramie
basin
range
age
mississippian
recent
see
plo
general
features
formations
except
madison
limestone
listed
table
subsurface
ill
average
figure
graphs
showing
annual
precipitation
laramie
wyoming
cumulative
departure
average
tion
laramie
records
weather
preau
system
tabie
section
rocks
exposed
laramie
basin
series
tciu
omig
tjl
subdivision
ness
feet
general
features
water
supply
alluvium
terrace
deposits
white
river
boulders
gravel
sand
rived
igneous
eonta
unconfined
ground
water
morphic
rocks
gravel
clean
flood
plain
laramie
upper
end
basin
little
laramie
riverso
progressively
admixed
piles
water
stock
silt
clay
toward
lower
end
basin
chiefly
coarse
igneous
metamorphic
gravel
residual
placeso
occur
wellso
iextensive
zones
sat
uration
present
owing
remnants
earlier
terrace
elevated
position
depositso
systemo
occurs
remnants
valleys
laramie
rangeo
known
area
wind
river
formation
hanna
formation
medicine
bov
formation
occurs
remnantso
doo
sandy
shale
massive
sandstone
carbonaceous
shale
coarse
coal
doo
present
vest
side
basin
information
obtained
erosional
remnanto
water
supply
dark
marine
shale
containing
iseveral
beds
lewis
shale
probably
important
sandstone
occurs
formation
erosional
remnants
central
basin
imesaverde
formation
lover
sandstones
obtained
shale
sandy
supply
upper
shale
occurs
sandstones
probably
sion
remnant
saturated
recharge
basin
available
iblue
yey
sandy
shale
shajmon
steele
shale
atone
meaber
feet
comprises
large
part
limited
supplies
artesian
water
contained
shandon
sandstone
member
lying
rolling
plains
tae
niobrara
shale
overlain
chalk
chalk
contains
water
yellowo
contains
places
beds
jointed
formation
abundant
ostr
coyesta
weathered
water
generally
qoceramus
detormis
poor
qualityo
sandy
shale
upper
sandstone
contains
water
ifrontier
formation
three
beds
sandstoneo
limestone
feet
thick
near
base
may
alent
greenhorn
limestone
artesian
pressure
northwestern
part
basin
sandstones
southern
twothirds
basin
great
plainso
grained
tightly
contain
appreciable
mowry
shale
supply
artesian
water
gray
hard
tle
siliceous
shale
yields
little
water
ing
thin
beds
benton
table
section
rocks
exposed
laramie
basin
continued
system
series
mco
ness
general
features
water
supply
feet
clayey
sandy
shale
lower
cretaceous
thermopolis
taining
irregular
beds
bentonite
capped
lenticular
muddy
sandstone
member
doo
upper
cretaceous
three
distinct
lithologic
sandstones
contain
artesian
cloverly
sandstone
medial
shale
basal
sandstone
locally
conglomeratic
ness
individual
units
highly
alized
generally
unfit
domestic
useo
sandstones
recharged
saturated
morrison
formation
sundance
formation
ranges
widely
throughout
basino
variegated
shales
interbedded
thin
stoneso
limy
shale
upper
part
first
second
sundance
sandstones
separated
gray
limy
shale
alluvium
overlies
eled
surface
yields
little
watero
second
basal
iisundance
sandstone
contains
water
james
lake
two
rivers
domeso
sandstones
ill
lower
tential
aauiferso
red
white
sandstone
jelm
bedded
red
sandy
shale
siltstoneo
occurs
may
contain
artesian
watero
western
basino
chugwater
red
shale
siltstone
yields
little
water
formation
forelle
limestone
satanka
shale
casper
formation
fij
fountain
formation
purple
colored
dolomitic
limestone
containing
thin
beds
doo
red
shaleo
red
shale
locally
gypsiferous
persistent
zone
near
containing
thin
beds
dle
yields
water
stock
red
white
wells
along
eastern
margin
sandstone
basin
several
duatrial
wells
limestone
sandstone
supplies
artesian
water
stone
shale
sandy
wells
springs
along
west
westward
contains
slope
laramie
range
stone
similar
tensleep
stones
contain
solution
chan
sandstone
west
side
nels
several
miles
basin
correlation
across
outcropc
area
recharge
basin
definiteo
restricted
eastern
margin
arkosic
sandstone
conglomerate
feet
thick
east
side
basin
red
sandstone
sandstone
basino
important
artesian
aquifero
white
limestone
feet
thick
west
side
basino
granite
gneiss
schist
locally
contains
coarsegrained
basic
igneous
rocks
yields
little
watero
laramie
wyoming
information
recently
made
available
exploration
petroleum
wholly
accord
reached
previous
investigators
rocks
crop
part
basin
lithologic
characteristics
rocks
studied
field
hence
included
table
carlile
shale
upper
cretaceous
exposed
vicinity
rock
creek
oil
field
west
side
basin
sufficient
evidence
presence
basin
warrant
inclusion
table
detailed
study
may
warrant
assignment
black
clayey
shale
top
frontier
formation
base
niobrara
formation
sage
breaks
member
carlile
shale
upper
cretaceous
formations
younger
steele
shale
tertiary
formations
examined
detail
course
field
investigation
information
given
table
taken
dobbin
others
information
unconsolidated
quaternary
deposits
obtained
mapping
love
logs
wells
shot
holes
observations
field
published
reports
structure
laramie
basin
formed
broad
syncline
trending
north
gentle
dips
east
side
steep
dips
great
fault
west
side
darton
structure
syncline
complicated
several
domal
flexures
elongated
wide
arc
trending
northward
east
limb
syncline
low
anticlinal
structures
shallow
groulfd
water
elongated
normal
regional
strike
thrust
faults
depth
add
complexity
individual
structures
west
side
laramie
beckwith
mapped
reported
intricate
details
west
laramie
basin
elk
mountain
district
pattern
thrust
faulting
present
west
side
basin
encountered
oil
tests
general
direction
thrust
eastward
geologic
cross
section
laramie
basin
shown
plate
shallow
grouiid
water
source
occurrence
unconfined
ground
water
occurs
alluvium
along
laramie
little
laramie
rivers
along
larger
intermittent
streams
alluvium
rechar
ged
mainly
stream
flow
part
tiono
thin
gravel
deposits
terraces
mountain
pediments
also
contain
unconfined
ground
water
derived
directly
depth
water
table
water
table
ranges
depth
less
foot
feet
land
surface
valleys
feet
surface
mountain
pediments
terrace
water
levels
wells
along
laramie
little
laramie
rivers
reported
highest
laramie
basin
wyoming
shortly
spring
time
high
water
table
creates
llany
temporary
ponds
depressions
plains
increased
evaporation
transpiration
surface
water
supply
lower
water
table
ponds
disappear
summer
movement
ground
water
throughout
basin
particularly
valleys
laramie
little
laramie
rivers
water
contained
alluvium
moves
direction
parallel
general
course
streams
periods
low
stream
ground
water
discharged
laramie
little
rivers
rate
ground
water
controlled
hydraulic
gradient
permeability
alluvium
practically
alluvium
laramie
basin
overlies
undulating
part
sharply
configurated
bedrock
surface
result
zone
saturation
ranges
greatly
thickness
places
absent
hence
ground
water
follows
irregular
channels
places
diverted
undrained
areas
moves
alluvium
little
laraade
river
alkali
basin
ultimately
lost
evaporation
surface
lake
ground
water
moving
former
stream
course
laramie
river
discharges
soda
sevenmdle
lakes
likewise
lost
evaporation
long
ione
lakes
fed
partly
ground
water
alluvium
abandoned
stream
laramie
rivero
alluvium
artesian
water
vicinity
covered
mixed
slope
wash
low
permeability
consequently
ground
water
percolates
slowly
lone
lake
receive
considerable
surface
runoff
cooper
lake
lies
within
closed
basin
formed
partly
structure
partly
erosion
tertiary
sediments
evidence
ground
movement
cooper
lake
eastward
toward
laramie
river
movement
direction
restricted
steele
shale
locally
forms
broad
plunging
southwestward
however
reported
chemical
water
cooper
lake
suggests
subsurface
escape
water
troa
expected
path
ground
water
cooper
lake
would
westward
possibly
detailed
geologic
hydrolofic
vestigation
reveal
tertiary
formations
recharged
water
fro
lake
periods
high
water
level
discharge
water
lake
periods
lov
watero
artesian
source
occurrence
conditions
favorable
artesian
wells
laramie
basin
owing
synclinal
structure
basin
stratified
rocks
within
moderate
quantities
water
udder
artesian
pressure
obtained
casper
satanka
auudance
cloverly
formations
small
quantities
water
shandon
sandstone
steele
shaleo
labamie
basii
wyomi
stratigraphic
crop
recharge
direct
rainfall
melting
snow
percolation
overlying
saturated
alluvium
see
sandstones
sundance
cloverly
formations
recharged
principally
saturated
alluvium
along
laramie
river
relation
piezometric
surface
land
surface
piezometric
surface
aquifexo
surface
extending
intake
aquifer
dip
points
water
rise
wells
tap
aquifer
shape
slope
piezometric
surface
controlled
primarily
dip
permeability
aquifer
quantity
distribution
recharge
discharge
artesian
wells
east
side
basin
generally
flow
near
center
basin
aquifers
deeply
artesian
water
encountered
well
depth
upper
sandstone
cloverly
formation
water
sufficient
pressure
raise
feet
level
feet
land
log
well
made
writer
microscopic
study
well
cuttings
artesian
water
log
well
formation
niobrara
formation
shale
calcareous
shale
gray
clayey
fine
sandy
laminated
soft
brittle
containing
numerous
minute
limy
pellets
crude
linear
arrangement
fragments
inocergms
thin
beds
bentonite
interval
frontier
formation
sandstone
gray
mediumgrained
calcareous
composed
rounded
subangular
grains
quartz
numerous
fragments
inoceramus
shale
gray
clayey
laminated
calcareous
containing
crystals
pyrite
fragments
sandstone
gray
soft
poorly
cemented
weakly
calcareous
composed
predominantly
rounded
subangular
grains
quartz
accessory
mafic
minerals
giving
rock
salt
pepper
appearance
sandstone
gray
containing
shale
partings
interbedded
sandy
layey
shale
brittle
soft
fine
sandy
clayey
part
micaceous
containing
beds
sandstoneo
contains
abundant
fragments
inoceramus
streaks
white
yellow
bentoniteooocioooooooo
shale
soft
clayey
micaceous
finely
laminated
interbedded
sands
mowry
shale
shale
gray
hard
brittle
noncalcareous
siliceous
containing
irregular
streaks
thermopolis
shale
sandstone
member
sandstone
gray
poorly
tightly
calcareous
composed
principally
angular
grains
quartzo
sandstone
white
cemented
silica
composed
rounded
subangular
grains
quartz
sandstone
gray
brown
calcareous
finegrained
silty
shaly
interbedded
siltstone
shaleooooooooooooooooooooooooooo
labajiie
basii
log
well
continued
formation
thermopolis
shale
continued
shale
gray
clayey
interbedded
thin
streaks
brittle
siltstone
ing
pencil
structures
abundant
bentonite
cloverly
formation
upper
sandstone
member
sandstone
gray
soft
poorly
cemented
weakly
calcareous
composed
principally
grains
quartz
rounded
subangular
saturated
water
artesian
feet
depth
directionof
movement
water
artesian
aquifers
moves
direction
maximum
slope
piezometric
surface
east
side
laramie
baein
movement
flank
syncline
generally
northwesterly
directiono
water
records
indicate
considerable
water
loss
laraaie
little
laramie
bivers
cross
basin
inasdiuch
streamflow
records
winter
stations
comparisons
runoff
best
made
period
april
september
statements
follow
regard
runoff
loss
period
september
durillg
years
water
loss
used
report
includes
beneficial
consumptive
use
crops
loss
natural
processes
water
loss
streams
comparison
combined
runoff
laramie
river
woods
pioneer
canal
gaging
stations
runoff
laraaie
river
two
rivers
station
miles
downstreaa
indicates
period
studied
average
seasonal
loss
average
per
mile
see
table
excluding
water
diverted
pioneer
canal
average
seasonal
losses
laramie
river
runoff
laramie
river
woods
pioneer
canal
two
rivers
stations
loss
stations
period
april
september
april
september
total
combined
runoff
woods
pioneer
canal
runoff
two
rivers
loss
woods
pioneer
two
rivers
average
lrrom
records
surface
water
branch
geological
survey
obtained
cooperation
wyoming
state
engineer
part
runoff
april
period
studied
woods
laramie
gaging
laramie
two
rivers
gaging
stations
woods
two
rivers
gaging
stations
see
table
woods
two
rivers
gaging
stations
averaged
per
mile
laramie
basin
wyoming
table
runoff
laramie
river
woods
laramie
two
rivers
gaging
stations
stations
period
april
september
april
september
total
runoff
gaging
stations
woods
laramie
two
rivers
loss
gaging
stations
woods
laramie
laramie
two
rivers
woods
two
rivers
average
jjrom
records
surface
water
branch
geological
survey
obtained
cooperation
wyoming
state
engineer
part
runoff
tor
april
estimated
losses
greatest
may
june
runoff
greatest
coutinue
april
september
see
figs
time
september
water
loss
stretch
little
laramie
river
filmore
two
rivers
gaging
stations
averaged
season
period
studied
average
per
mile
seasonally
see
table
losses
throughout
period
april
september
see
fig
lar
described
laramie
rivero
woods
pioneer
canal
figure
average
monthly
runoff
laramie
river
woods
pioneer
canal
two
rivers
gaging
stations
september
cij
cij
til
cij
cij
figure
showing
average
monthly
runoff
laramie
river
woods
laramie
two
rivers
gaging
stations
monthly
normal
loss
streams
little
laramie
river
two
rivers
gaging
stations
loss
stations
period
april
septemberj
september
total
average
stations
two
rivers
loss
filmore
two
rivers
records
surface
water
branch
geological
survey
obtained
cooperation
wyoudng
state
water
loss
laramie
rivers
due
mainly
diversion
water
consequent
great
loss
water
evaporation
transpiration
irrigated
areas
roush
reported
period
return
flow
irrigation
along
laramie
river
valley
ranged
percent
water
diverted
native
hay
raeadows
irrigated
spreading
water
depth
ranging
fraction
inch
several
inches
low
percentage
return
resulting
irrigation
large
losses
moreover
return
flow
irrigation
evaporated
froja
ponds
soda
lakes
see
able
water
lost
also
transpiration
thick
stands
trees
filmore
two
rivers
lkt
figure
graphs
showing
average
monthly
runoff
little
laramie
river
filmore
two
rivers
gaging
stations
monthly
normal
temperature
laramie
wyo
conclusions
recommddations
shrubs
line
meandering
channels
laramie
little
mie
riverso
part
water
loss
probably
results
seepage
water
streams
high
adjacent
alluvium
rarily
held
bank
part
water
badlt
storage
lost
remainder
returns
streams
low
stages
amount
stream
water
may
percolate
deeper
aquifers
considered
negligibleo
conclusions
recommddatiobs
seasonal
april
september
water
loss
laraaie
basin
two
rivers
including
use
crops
natural
use
indicated
lar
river
stretch
little
river
stretch
total
large
losses
hay
aeadows
evaporation
part
return
flow
ponds
transpiration
trees
shrubs
along
streams
seem
account
great
part
water
loss
laramie
little
laramie
rivers
laraaie
basino
effluent
seepage
stream
water
alluvium
periods
runoff
subsequent
loss
probably
accounts
part
water
available
information
insufficient
divide
water
loss
amounts
beneficial
laramie
wyoming
nonbeneficial
useo
quantity
water
lost
percolation
deeper
aquifers
considered
negligibleo
reconnaissance
study
given
good
indications
magnitude
water
losses
laramie
basin
ways
water
losto
shown
existing
readily
available
data
insufficient
detail
quantity
accuracy
permit
definite
conclusions
concerning
reduction
nonbeneficial
water
losses
reveal
conditions
causing
water
loss
basin
determine
quantity
water
salvaged
additional
detailed
field
data
comprehensive
studies
existing
additional
data
needed
detailed
studies
suggestedo
include
limited
following
items
make
detailed
inventory
existing
wells
establish
comprehensive
network
observation
wells
wider
use
existing
wells
construction
new
strategically
located
observation
wells
make
periodic
measurements
water
level
observation
wells
test
drill
mine
character
thickness
extent
alluvium
lar
lidie
little
laramie
river
valleys
make
detailed
geologic
map
materials
bedrock
contour
map
prepare
water
table
contour
maps
obtain
detailed
records
inflow
diversion
compile
study
records
inflowj
outflow
diversion
irrigation
order
determine
total
make
pumping
tests
selected
wells
obtain
information
regarding
hydrologic
properties
principal
aquifers
supplement
data
wherever
possible
aaking
laboratory
teats
hydrologic
properties
principal
aquifers
assemble
study
available
data
prepare
comprehensive
report
periodic
measurements
water
levels
made
wells
reconnaissance
measurements
given
table
table
levels
observation
feet
datum
date
june
level
july
july
july
date
may
june
jul
water
level
may
june
jul
may
june
jul
may
june
jul
date
water
level
nov
laramie
basin
wyoming
table
water
levels
observation
wells
feet
datu
date
july
water
date
may
june
water
level
date
july
water
level
june
june
july
july
july
may
june
july
sept
becoroo
wells
inventory
wells
along
little
laramie
biters
vas
investigationo
see
table
additional
wells
visited
reported
records
vella
inadequate
ror
tabulation
wells
visited
reported
small
percentage
wells
laramie
basino
wells
tisited
drilled
vere
dug
water
wells
unconfined
aquifers
water
table
conditions
water
remaining
wells
artesian
wells
use
equipped
vith
cylinder
powered
wind
gasoline
motors
table
records
wells
laramie
basin
wyoo
well
see
figo
description
well
numbering
systemo
type
drilled
well
dug
wello
depth
measured
depths
given
feet
tenths
measuring
point
reported
depths
given
feet
land
surfaceo
type
brick
concrete
gal
galvanized
steel
rock
steel
tile
woodo
geologic
casper
formation
kcl
upper
sandstone
member
cloverly
formation
steele
shale
qal
alluvium
terrace
sand
gravelo
method
cylinder
natural
flow
none
turbineo
type
electric
gasoline
diesel
hand
windo
use
cooler
domestic
gation
used
stocko
depth
measured
depths
water
level
given
feet
tenths
hundredths
reported
depths
water
level
given
feet
well
number
owner
tenant
measuring
point
date
description
measure
ment
ralph
hollando
top
concreteoooo
government
monolith
doo
ooooooooo
henry
batho
ooo
gal
oooooooooooooeooooo
top
casing
top
casing
ooooo
edward
stitzel
alvin
gal
top
qal
easing
base
ray
moellerooooo
crack
board
cover
wood
cover
arnold
mazellgoo
ground
surfaceoeoooo
thompson
top
casingooooooo
loo
oda
mason
ooo
doo
mrso
clarkoooooo
elwood
hansonooo
gal
qal
top
board
coveroo
qal
doo
ooq
ocoooooooo
top
casingoooooco
sks
doo
oooooooooooo
doo
schottoooo
doo
coooooooo
ray
matheson
tarkio
ranch
oco
doo
gal
top
wood
coverooo
sqt
top
lover
beamsoo
qal
top
wood
coverooo
embree
ooo
knudseno
maurice
laycocko
henry
mazelloooo
doo
ooo
top
casingoooocoo
edr
ooooooocoooooooooooo
oqoooo
qal
top
casingooooooo
gal
qal
ooo
oooooooooooo
qal
djs
top
coveroooooooo
brazilooo
gal
qal
top
cabingooooooo
wmo
speagleburgo
top
wooden
form
william
robisono
doo
oooooooooooo
oral
love
joyoo
qal
cyjh
land
surfaceoooooooo
harmon
ooooodoocooooooo
top
top
wooden
covero
george
dobbidsoo
qal
hdu
doo
ooooo
coooooc
gordon
palmquist
qal
top
casing
doo
ooooooo
top
beaa
strong
qal
top
casing
wooden
coyer
table
records
wells
laramie
battin
wyo
continued
qal
board
next
pipe
baldwino
top
casing
top
wooden
cover
oil
test
johnson
gal
kcl
top
casingoooooo
doo
easterling
qal
doo
gietzooooo
oooooooooooooooeooo
dro
gal
qal
dis
top
gal
qal
oooo
qal
lit
doo
phillip
kuntz
top
wooden
plank
gearhart
qal
top
wooden
cover
fitchooooo
qal
doo
albany
county
top
casing
qal
top
wooden
cover
ralph
schmidt
clint
wallis
qal
top
pump
hole
land
surfaceoeqoqoo
qal
doo
loo
references
beckwith
structure
elk
mountain
district
carbon
county
geol
soco
america
bullo
bryan
kirk
papago
country
ariz
geographic
geologic
hydrologic
reconnaissance
guide
desert
watering
places
geol
survey
paper
darton
blackwelder
elliot
siebenthal
geol
survey
geol
atlas
folio
figs
plso
mapso
dobbin
hoots
dane
hancock
geology
rock
creek
oil
field
adjacent
areas
carbon
albany
counties
geolo
survey
bull
pls
love
geologic
albany
county
wyo
geol
survey
wyoming
university
wyoming
laramie
wyo
morgan
geology
ground
water
laramie
area
albany
county
wyo
geol
survey
unpublished
report
roush
report
stream
flow
laramie
river
woods
lookout
gaging
station
irrigation
seasons
unpublished
report
office
wyoming
state
engineer
cheyenne
ppo
wilson
john
minturn
structure
map
laramie
basin
contoured
dakota
sandstone
unpublished
map
files
wyoming
state
geologist
laramie
wyo
