carbonate
rocks
cambrian
ordovician
age
northampton
bucks
counties
eastern
pennsylvania
warren
hunterdon
counties
western
new
jersey
avery
ala
drake
contributions
stratigraphy
geological
survey
bulletin
united
states
department
interior
stewart
udall
secretary
geological
survey
thomas
nolan
director
geological
survey
library
catalog
card
publication
appears
page
united
states
government
printing
office
washington
sale
superintendent
documents
government
printing
office
washington
price
cents
paper
cover
contents
introduction
allentown
beekmantown
rickenbach
epler
jacksonburg
references
page
illustkation
page
figure
geologic
sketch
map
showing
distribution
carbonate
rocks
table
table
stratigraphic
nomenclature
used
previous
workers
page
contributions
stratigraphy
carbonate
rocks
cambrian
ordovician
age
northampton
bucks
counties
eastern
pennsylvania
warren
hunterdon
counties
western
new
jersey
avert
ala
drake
abstract
detailed
mapping
near
delaware
river
shown
carbonate
rocks
lying
hardyston
quartzite
early
cambrian
age
martinsburg
shale
middle
late
ordovician
age
divided
four
cartographic
units
units
include
leithsville
formation
allentown
dolomite
beekmantown
group
consisting
rickenbach
dolomite
epler
formation
jacksonburg
limestone
units
mapped
area
square
miles
recognized
southern
new
york
introduction
stratigraphy
carbonate
rocks
lehigh
delaware
valleys
long
problematical
lithologic
similarity
lack
paleontologic
data
structural
complexity
rocks
younger
hardyston
quartzite
early
cambrian
age
older
limestone
middle
ordovician
age
particularly
difficult
separate
even
difficult
map
new
jersey
kummel
adopted
term
kittatinny
limestone
sequence
present
day
new
jersey
geological
survey
follows
usage
wherry
first
suggested
division
rocks
pennsylvania
proposed
names
leithsville
allentown
coplay
test
mappability
leithsville
included
dolomite
dolomitic
limestone
interbedded
sericitic
shale
overlies
hardyston
quartzite
name
allentown
limestone
proposed
stratigraphically
younger
oolitic
dolomite
late
cambrian
age
characteristically
weathers
light
dark
gray
coplay
included
limestone
dolomite
early
ordovician
age
miller
frazer
miller
substituted
tomstown
formational
name
southeastern
pennsylvania
leithsville
contributions
stratigraphy
beekmantown
coplay
howell
eoberts
willard
revised
stratigraphic
nomenclature
area
reinstating
leithsville
formation
dividing
allentown
limestone
limeport
allentown
sensustricto
formations
kecent
detailed
mapping
associates
eight
quadrangles
area
fig
shown
five
formations
consistently
mappable
table
drake
mclaughlin
davis
recognized
leithsville
formation
used
wherry
howell
roberts
willard
formation
mapped
throughout
study
area
work
however
howell
eoberts
willard
division
allentown
rejected
formations
unmappable
wherry
original
usage
reinstated
lithologic
term
however
changed
limestone
dolomite
beekmantown
coplay
wherry
herein
recognized
group
consisting
rickenbach
dolomite
epler
formation
reference
section
allentown
dolomite
beekmantown
group
mapped
area
exposed
series
abandoned
quarries
natural
outcrops
along
delaware
river
pennsylvania
railroad
carpentersville
road
mile
south
carpentersville
section
begins
north
pohatcong
creek
allentown
dolomite
far
known
section
mapped
area
includes
stratigraphic
interval
table
stratigrapmc
nomenclature
used
previous
workers
report
wherry
miller
others
howell
roberts
willard
report
nazareth
formation
nisky
formation
coplay
limestone
allentown
limestone
leithsville
limestone
upper
jacksonburg
limestone
cement
rock
lower
jacksonburg
limestone
cement
limestone
cement
rock
facies
cement
limestone
igas
facies
beekmantown
formation
beekmantown
formation
bekmantown
group
epler
formation
rickenbach
dolomite
allentown
formation
allentown
formation
allentown
dolomite
limeport
formation
tomstown
formation
leithsville
formation
leithsville
formation
hardyston
formation
hardyston
formation
hardyston
quartzite
carbonate
rocks
pennsylvania
new
jersey
miles
iii
fiodbb
geology
distribution
carbonate
rocks
shaded
cambrian
ordovidan
age
near
delaware
river
eastern
pennsylvania
western
new
jersey
contributions
stratigraphy
allentown
dolomite
allentown
dolomite
gray
gray
gray
rock
weathers
characteristically
light
dark
gray
alternating
beds
bedding
thickness
alternates
rhythmically
poorly
laminated
massive
beds
averaging
feet
thickness
platy
shaly
beds
less
inch
thickness
beds
oolite
orthoquartzite
dolarenite
desiccation
dolorudite
common
colonies
several
varieties
stromatolites
characteristic
whole
formation
abundant
lower
middle
parts
alternations
color
bedding
megascopic
features
texture
revealed
microscopic
study
show
cyclic
nature
allentown
dolomite
succession
six
different
types
dolomite
recognized
zadnik
forming
ideal
cycle
cycle
bottom
top
follows
textureless
dololutite
dolarenite
oolitic
dolarenite
dolorudite
cryptozoan
dolomite
desiccation
dolorudite
individual
cycles
range
feet
thickness
toward
top
formation
microfacies
cryptozoan
dolomite
desiccation
dolorudite
tend
disappear
lenses
irregular
beds
chert
appear
formation
feet
thick
area
feet
measured
carpentersville
basal
part
covered
lower
contact
transitional
underlying
leithsville
formation
measured
sections
placed
base
lowest
allentown
cycle
mapping
contact
placed
lowest
recognized
stromatolite
colony
oolite
bed
upper
contact
transitional
rickenbach
dolomite
measured
sections
placed
top
highest
allentown
cycle
mapping
contact
placed
lowest
bed
coarsecrystalline
calcareous
dolomite
highest
stromatolite
colony
oolite
desiccation
dolorudite
orthoquartzite
bed
weller
dated
allentown
dolomite
late
cambrian
howell
roberts
willard
attempted
subdivision
allentown
limeport
allentown
sensu
stricto
formations
primarily
upon
faunal
evidence
largely
gained
outside
area
evidence
suggested
early
late
upper
cambrian
strata
present
allentown
middle
upper
cambrian
rocks
absent
lithologic
features
recognized
however
allow
systematic
mapping
formations
area
beekmantown
group
detailed
mapping
shows
strata
previously
assigned
beekmantown
formation
consist
two
mappable
lithologies
dolomite
unit
herein
called
rickenbach
dolomite
interbedded
carbonate
rocks
pennsylvania
new
jersey
dolomite
limestone
unit
herein
called
epler
formation
establishment
beekmantown
group
area
follows
usage
hobson
others
working
pennsylvania
hobson
beekmantown
group
berks
county
consists
stonehenge
bickenbach
epler
ontelaunee
formations
mapped
area
rickenbach
epler
recognized
stonehenge
apparently
pinches
areas
pronounced
unconformity
top
beekmantown
group
area
may
explain
absence
ontelaunee
formation
rickenbach
dolomite
lower
unit
beekmantown
group
area
includes
feet
various
types
dolomite
lower
part
formation
consists
gray
gray
coarsely
crystalline
dolomite
coarsely
crystalline
beds
calcareous
bedded
nodular
cherts
common
part
formation
characterized
patchy
ruditic
texture
well
shown
weathered
surfaces
barely
visible
freshly
broken
rock
phenoclasts
consist
tiny
crystals
dolomite
rarely
calcite
enclosed
matrix
coarsely
crystalline
dolomite
dolomite
boulder
conglomerate
sedimentary
breccia
also
present
upper
part
formation
generally
similar
lower
finely
crystalline
many
beds
dirty
appearance
abundance
silt
sand
grains
rickenbach
dolomite
grades
overlying
epler
formation
contact
placed
base
lowest
limestone
bed
measured
sections
mapping
epler
formation
heterogeneous
assemblage
feet
interbedded
dolomite
limestone
rickenbach
dolomite
assigned
epler
formation
limestones
light
gray
medium
gray
fine
crystalline
cryptocrystallme
occur
beds
average
less
foot
thickness
many
beds
finely
laminated
resemble
shale
dolomite
beds
largely
fine
crystalline
cryptocrystalline
rarely
medium
crystalline
medium
light
gray
dark
medium
gray
commonly
laminated
mottled
nodular
bedded
chert
common
throughout
formation
zone
rich
chert
near
base
zone
serves
useful
criteria
mapping
contact
area
epler
disconformably
overlain
jacksonburg
limestone
different
epler
lithology
present
place
upper
contact
observed
contributions
stratigraphy
jacksonburg
limestone
limestone
middle
ordovician
age
quarried
manufacture
portland
cement
area
rocks
called
nisky
nazareth
formations
wherry
referred
collectively
jacksonburg
limestone
miller
consist
lower
cement
limestone
facies
pure
granular
limestone
upper
facies
argillaceous
fine
grained
limestone
report
jacksonburg
limestone
used
sense
lower
cement
limestone
facies
medium
dark
gray
fine
coarse
grained
largely
well
bedded
calcarenite
crystalline
limestone
area
studied
cement
limestone
facies
basal
unit
calcirudite
contains
pebbles
ranging
diameter
clasts
gray
dolomite
chert
suggesting
probable
beekmantown
source
matrix
calcirudite
typical
calcarenite
cement
limestone
facies
according
cullen
sherwood
written
basal
calcirudite
absent
west
nazareth
upper
facies
jacksonburg
limestone
almost
black
argillaceous
limestone
presumably
thin
bedded
although
exposures
slaty
cleavage
far
dominant
planar
element
deformation
intense
area
mapped
fossils
rarely
found
strongly
smeared
bryozoa
seem
common
data
available
base
valid
estimate
thickness
jacksonburg
throughout
area
alpha
portland
cement
quarries
martins
creek
bangor
quadrangle
feet
cement
limestone
feet
could
cement
rock
present
john
ames
written
appears
however
cement
limestone
facies
commonly
feet
thick
jacksonburg
limestone
conformably
overlain
slates
martinsburg
shale
area
mapped
contact
appears
gradational
references
cited
drake
mclaughlin
davis
geology
frenchtown
quadrangle
new
geol
survey
geol
quad
map
hobson
lower
ordovician
beekmantown
succession
berks
county
pennsylvania
assoc
petroleum
geologists
howell
roberts
henry
willard
bradford
subdivision
dating
cambrian
eastern
pennsylvania
geol
soc
america
carbonate
rocks
pennsylvania
new
jersey
kummel
annual
report
state
geologist
new
jersey
geol
survey
miller
stratigraphy
jacksonburg
limestone
geol
soc
america
miller
fraser
miller
northampton
county
sylvania
pennsylvania
geol
survey
bull
ser
weller
stuart
description
cambrian
trilobites
new
jersey
new
jersey
geol
survey
ann
rept
wherry
early
paleozoics
lehigh
valley
district
sylvania
science
new
zadnik
petrography
upper
cambrian
dolomites
warren
county
new
jersey
geol
survey
report
government
printing
geological
survey
library
cataloged
publication
follows
drake
avery
ala
rocks
cambrian
ordovician
age
ampton
bucks
counties
eastern
pennsylvania
warren
hunterdon
counties
western
new
jersey
washington
govt
print
iii
map
table
geological
survey
bulletin
contributions
stratigraphy
bibliography
continued
next
card
drake
avery
ala
carbonate
rocks
cambrian
ordovician
age
northampton
bucks
counties
ern
pennsylvania
warren
hunterdon
counties
ern
new
jersey
card
carbonates
geology
stratigraphic
paleozoic
geology
pennsylvania
geology
new
jersey
geology
nomenclature
title
carbonate
rocks
cambrian
ordovician
age
series
