depaktment
interior
bulletin
united
states
geological
survey
washington
croyernment
printing
office
united
states
geological
survey
powell
dikectob
relation
laramie
molluscan
fauna
succeeding
eocene
groups
charles
white
washington
government
printing
office
contents
page
general
remarks
description
species
mollusca
uniouidae
cyrenidae
physidse
ancylidso
helicidae
pupidse
ceripuasiidte
kissoidoa
viviparidso
urustacea
cypridio
index
pftgo
plate
viviparus
trocbiformis
panguitchensis
leidyi
leidyi
var
formosus
raynoldsianus
goniobasis
tenera
filifera
nebrascensis
tenuicarinata
limntea
leptoliinnaea
ininuscula
acella
micronema
anorbis
convolntus
gyranlus
militaris
viviparus
nauus
hydrobia
utabensis
recta
iii
phyea
pleromatis
bulinus
atavus
physa
kanabensis
bullatula
unio
rectoides
mendax
sphaerium
formosum
unio
rectoides
helix
adipis
helix
nacimientensis
pupa
leidyi
relation
laramie
molluscan
eocene
faunas
charles
white
general
remarks
certain
equivalent
strata
found
exposed
various
widely
separated
localities
utah
southern
wyoming
containing
types
among
fossil
molluscan
forms
several
years
past
known
contain
species
elsewhere
characteristic
laramie
group
localities
referred
strata
regarded
belonging
laramie
group
generally
assigned
base
freshwater
eocene
series
difference
opinion
seems
existed
among
geologists
observed
position
stratigraphical
series
seem
differed
regard
position
plane
demarkation
separate
unmistakable
laramie
strata
beneath
strata
found
exposed
localities
especially
referred
following
remarks
vicinity
town
wales
valley
twelve
mile
creek
east
mayfield
west
base
musinia
mountain
large
county
san
pete
utah
soldier
fork
utah
county
utah
desolation
canon
green
eiver
eastern
utah
near
evanston
southwestern
wyoming
besides
certain
localities
near
panguitch
upper
kanab
respectively
southern
utah
ought
also
mentioned
past
season
satisfactory
opportunity
study
strata
localities
mentioned
heretofore
regarded
belonging
upper
part
laramie
group
presence
laramie
species
referred
investigations
utah
past
season
together
study
collections
previously
made
region
different
parties
government
surveys
satisfied
laramie
molluscan
eocene
bull
strata
localities
named
although
contain
laramie
species
equivalent
portions
wasatch
group
lowest
group
purely
eocene
series
prosecution
field
studies
past
season
especial
attention
given
strata
found
exposed
san
pete
valley
adjacent
portion
wasatch
mountains
principal
collections
wasatch
fossils
also
made
strata
mainly
near
town
wales
hills
form
western
side
san
pete
valley
vicinity
hills
composed
base
summit
strata
wasatch
group
reach
estimated
thickness
feet
strata
consist
sandstones
shales
marlites
layers
impure
limestone
resting
upon
coarse
conglomerate
forms
base
hills
evidently
forming
one
uninterrupted
series
bottom
base
wasatch
group
recognized
locality
probably
much
beneath
surface
valley
two
three
hundred
feet
conglomerate
bed
coal
worked
several
points
openings
known
wales
coal
mines
fossils
collected
strata
found
different
horizons
ranging
feet
beneath
coal
top
hills
vertical
range
strata
feet
recognized
species
invertebrate
fossils
obtained
plainly
belonging
one
fauna
layer
immediately
coal
undetermined
vertebrate
remains
found
invertebrate
forms
common
wasatch
group
elsewhere
three
four
known
occur
also
green
river
group
characteristic
laramie
species
new
part
also
found
almy
goal
mines
near
evanston
part
found
major
powell
desolation
canon
others
localities
southern
utah
west
base
musinia
mountain
part
found
howell
twelve
mile
creek
one
apparently
identical
form
professor
cope
obtained
pucrco
group
new
mexico
strata
exposed
near
town
wales
also
largely
exposed
wasatch
mountains
upon
east
side
san
pete
valley
mentioned
strata
found
rest
conformably
upon
laramie
worthy
note
connection
laramie
strata
upon
freshwater
eocene
strata
rest
referable
laramie
proper
conglomerate
probably
part
great
wasatch
conglomerate
largely
exposed
tho
valley
weber
river
echo
canon
southern
utah
mitr
general
remarks
strata
known
bear
river
laramie
upon
wasatch
apparently
lies
uncouformably
vicinity
following
list
species
collected
wales
locality
tabulated
show
part
localities
different
horizons
recognized
species
indicated
table
ranging
laramie
wasatch
group
found
mainly
lower
portion
latter
group
range
feet
coal
wales
locality
feet
base
group
furthermore
small
number
species
found
wasatch
strata
wales
locality
known
range
green
eiver
group
one
least
bridger
group
list
added
helix
pupa
obtained
professor
cope
puerco
group
new
mexico
names
list
regarded
synonyms
appear
remarks
connection
description
species
following
pages
table
allowing
ranqe
species
wasatch
list
fossils
aoa
mnmsiondia
sfoldoierr
stoujthtertn
eyanston
bcesolation
gpareorcno
tlyapriacal
bgrridogter
hayden
cnla
white
hayden
reason
doubt
whether
strata
hitherto
known
bear
river
laramie
regarded
portion
laratnio
group
position
uppermost
marine
cretaceous
groups
basal
portion
wasatch
laramie
proper
apparently
beyond
question
far
known
siugle
fossil
species
common
bear
river
strata
laramie
proper
seems
therefore
necessary
infer
fauna
former
strata
lived
separate
body
water
whether
preceded
followed
contemporary
laramie
asserted
confidence
question
rendered
still
obscure
fact
bear
river
fauna
contains
types
known
north
american
strata
among
living
faunas
continent
discussions
reference
made
fauna
laramio
proper
bear
river
laramie
laeamie
molluscan
eocene
bull
table
showing
range
species
continued
wasatch
list
fossils
moausnitnaina
cdeasonlaotinon
ltaryampiec
gpareorcuop
bgriodugepr
evanston
plauorbia
gyraulus
militaris
white
goniobasis
tenuiparinata
meek
hayden
goniobasis
nebrascensis
meek
hayden
hydrobia
utahensis
viviparus
trochiformis
meek
hayden
viviparus
leidyi
meek
viviparus
raynoldaianus
meek
hayden
viviparus
panguitchonsis
white
following
general
remarks
presented
connection
purpose
explaining
relation
wasatch
group
developed
utah
understood
hold
lararnie
groups
intimate
stratigraphical
relation
laramie
group
marine
cretaceous
series
beneath
recognized
every
field
geologist
studied
strata
fact
addition
discovery
dinosaurian
remains
laramie
led
range
group
member
cretaceous
series
seems
reason
doubt
sedimentation
continuous
marine
cretaceous
series
also
series
laramie
true
beginning
laramie
period
comparatively
sudden
change
character
wmm
general
remarks
previously
existing
molluscan
fauna
tlie
whole
area
occupied
laramio
waters
certain
horizon
unbroken
succession
strata
abrupt
disappearance
distinctively
marine
equally
abrupt
accession
brackish
water
fresh
water
forms
continue
whole
laramie
group
hand
similar
evidence
continuous
sedimentation
laramie
wasatch
group
hitherto
publicly
announced
true
conformity
wasatch
upon
laramie
places
distinctly
recognized
major
powell
others
denied
existence
wherever
later
strata
discovered
resting
upon
laramie
group
limits
indicated
note
found
free
fossil
forms
reasonably
referred
even
slightly
saline
habitat
laramie
strata
contain
many
brackish
water
forms
throughout
vertical
range
overlying
strata
contain
genera
land
mollusca
characterize
existing
lakes
rivers
land
adjacent
former
writings
upon
laramie
group
suggested
whole
molluscan
fauna
ceased
abruptly
close
period
know
numerous
fresh
water
species
laramie
group
survived
brackishwater
contemporaries
became
members
wasatch
fauna
thought
probable
physical
changes
attended
extinction
mollusca
laramie
sea
also
attended
like
extinction
contemporaries
still
expressed
hope
certain
species
one
species
nuculana
axincea
odontobasia
appears
survived
partial
freshening
laramie
waters
fact
regarded
affecting
general
statement
true
marine
conditions
ceased
beginning
laramie
period
reference
hero
made
report
geology
theuinta
mountains
powell
plane
recognized
separating
laramie
pointof
rocks
group
marine
cretaceous
group
beneath
gave
certain
layers
laramie
contain
fossils
properly
belonging
cretaceous
none
fossils
belong
true
laramie
fauna
understood
also
referred
certain
layers
containing
characteristic
laramie
forms
base
wasatch
bitter
group
views
concurred
appear
referring
chapter
iii
report
cited
since
regarded
laramie
beginning
distinctively
marine
forms
cease
ending
brackish
water
forms
cease
thus
seen
unconformity
referred
zoo
cit
existing
laramie
wasatch
groups
really
occurs
within
laramie
observations
conformity
wasatch
upon
laramie
see
tenth
annual
report
united
states
geological
geographical
survey
territories
page
eleventh
report
pages
twelfth
report
part
page
see
report
geological
survey
fortieth
parallel
volume
page
volume
page
laeamie
molluscan
eocene
bull
would
yet
found
continued
existence
wasatch
tentative
opinion
confirmed
known
facts
considered
species
recognized
among
collections
utah
southern
wyoming
identical
certain
forms
laramie
strata
upper
missouri
eiver
region
belong
upper
part
laramie
beds
southern
region
idea
definite
restriction
upward
range
laramie
species
seemed
supported
professor
cope
discovery
new
strata
holding
intermediate
position
well
recognized
laramie
strata
beneath
equally
well
recognized
wasatch
strata
vertebrate
fauna
distinctly
different
either
groups
according
professor
different
vertebrate
fauna
faunas
preceded
followed
separated
strata
containing
distinct
group
name
puerco
group
typical
localities
group
new
mexico
southern
colorado
recognizes
strata
containing
puerco
fauna
distinguishing
stratigraphical
characteristics
endlich
also
recognized
distinction
southern
colorado
places
wasatch
studied
juxtaposition
especially
utah
southern
wyoming
puerco
group
hitherto
recognized
either
stratigraphical
paleontological
characteristics
professor
cope
gives
maximum
thickness
puerco
beds
new
mexico
feet
estimate
holmes
essentially
agrees
endlich
estimates
thickness
something
southern
colorado
three
authors
agree
however
puerco
conformable
laramie
beneath
wasatch
beds
first
discovered
regarded
part
wasatch
group
already
intimated
known
within
area
comprises
large
part
territory
utah
true
conformity
wasatch
upon
laramie
several
characteristic
molluscan
species
laramie
group
pass
wasatch
strata
become
members
purely
freshwater
fauna
group
region
intimate
stratigraphical
paleontological
relation
wasatch
laramie
annual
report
united
states
geological
geographical
survey
territories
statement
concerning
puerco
group
vertebrate
fauna
professor
cope
see
american
naturalise
volume
xix
important
references
vertebrate
fauna
see
volume
niuth
annual
report
united
states
geological
geographical
survey
territories
general
remakks
observed
character
none
strata
either
laramie
wasatch
suggest
propriety
separating
either
formations
distinct
group
even
subordinate
division
observed
nothing
character
strata
suggested
presence
region
puerco
group
cope
received
professor
cope
small
collection
land
shells
obtained
typical
puerco
strata
near
town
nacimiento
figured
plate
special
search
made
like
forms
utah
strata
referred
exception
somewhat
satisfactory
identification
puerco
unio
rectoidcs
wasatch
strata
near
town
wales
search
without
material
success
probabilities
lower
portion
satch
series
part
utah
represents
puerco
group
cope
known
range
inolluscan
species
laramie
wasatch
group
actual
identification
species
alone
wasatch
puerco
would
serve
fix
puerco
horizon
utah
region
precision
facts
present
known
seem
plainly
indicate
puerco
fossils
published
professor
cope
indicate
distinct
epoch
history
north
american
vertebrate
life
neither
stratigraphy
remains
inolluscan
life
far
known
give
corresponding
indication
either
physical
faunal
changes
present
therefore
hesitate
recognize
puerco
epoch
indicated
vertebrate
fauna
professor
cope
published
able
recognize
existence
distinct
group
strata
representing
epoch
region
examined
admit
record
puerco
epoch
made
history
vertebrate
life
aqueous
invertebrate
life
except
locally
stratigraphical
series
species
found
pass
laramie
wasatch
figured
described
together
others
followingpages
bulletin
perpetuation
specific
forms
gillbearing
mollusks
seems
make
necessary
infer
unbroken
continuity
aqueous
habitat
also
continuous
sedimentation
laramie
wasatch
group
condition
strata
part
utah
recently
examined
also
favors
inference
continuity
sedimentation
area
within
blending
laramie
wasatch
took
place
although
large
evidently
much
smaller
blending
marine
cretaceous
strata
fauna
laramie
observed
strata
indicate
intimate
relation
laramie
wasatch
much
disturbed
district
difficulty
tracing
succession
largely
increased
presence
surface
debris
vegetation
uppn
mountain
slopes
still
succession
laramie
mollusc
eocene
traced
good
degree
satisfaction
canons
upon
eastern
face
wasatch
eange
emery
san
pete
counties
utah
beginning
bluish
marls
colorado
group
castle
valley
traced
successive
strata
without
break
think
fox
hills
laramie
groups
wasatch
group
addition
intimate
relation
three
groups
eocene
deposits
namely
wasatch
green
eiver
bridger
especially
green
eiver
basin
north
uinta
mountains
say
certain
species
mollusks
range
three
groups
everywhere
conformable
evident
sedimentation
continuous
whole
series
seem
conclusive
proof
complete
unbroken
stratigraphical
series
western
region
extending
middle
cretaceous
top
eocene
aggregating
nearly
quite
two
miles
thickness
remarkable
fact
connected
production
great
series
sedimentation
evidently
materially
interrupted
least
large
part
area
within
deposits
found
aqueous
life
changed
first
purely
marine
character
alternating
brackish
fresh
waters
finally
purely
character
waters
series
strata
deposited
first
marine
alternating
brackish
fresh
finally
wholly
fresh
course
implies
occurrence
great
physical
changes
upon
north
american
continent
cretaceous
eocene
periods
however
interrupt
sedimentation
large
part
interior
inability
geologists
fix
upon
definite
plane
demarkation
shall
separate
uppermost
marine
cretaceous
strata
laramie
group
referred
well
known
also
known
similar
state
things
really
obtains
within
large
part
territory
utah
regard
strata
laramie
wasatch
groups
strange
strata
upon
confines
groups
containing
identical
fauna
sbould
sometimes
referred
one
sometimes
group
fauna
recognized
identical
far
abrupt
faunal
break
laramie
wasatch
groups
formerly
supposed
known
faunal
relation
two
groups
intimate
laramie
marine
cretaceous
species
yet
known
passed
latter
laramie
fact
survival
wasatch
epoch
several
freshwater
molluscan
species
hitherto
regarded
belonging
exclusively
laramie
naturally
leads
inquire
whether
tbe
upper
portion
laramie
series
upper
missouri
eiver
region
elsewhere
may
properly
referred
wasatch
whim
general
remarks
laramie
applying
rule
determination
upper
limit
laramie
group
designated
previous
page
appears
probable
least
upper
portion
series
strata
exposed
vicinity
fort
union
near
mouth
yellowstone
eiver
referred
wasatch
group
lower
portion
series
known
fort
union
beds
belongs
laramie
group
doubted
presence
characteristic
dinosaurian
vertebrate
remains
evidently
break
series
strata
separate
two
formations
upper
part
series
however
fresh
water
molluscan
forms
found
except
one
species
corbuld
understood
come
comparatively
low
horizon
moreover
several
species
mollusks
found
fort
union
series
laramie
strata
also
found
wasatch
strata
utah
intimate
relation
laramie
upper
missouri
eiver
region
eocene
series
apparently
supported
discovery
beds
top
sentinel
butte
region
beds
connected
laramie
strata
beneath
direct
continuity
suggested
probably
represent
green
eiver
closing
remarks
thought
desirable
state
concisely
grounds
conclusion
strata
western
portion
national
domain
form
one
uninterrupted
series
est
marine
cretaceous
formations
top
bridger
group
uppermost
eocene
series
inclusive
reasons
fall
two
separate
categories
one
based
upon
observed
stratigraphical
conditions
upon
character
distribution
fossil
contents
respective
groups
strata
stratigraphical
conditions
indicate
continuous
sedimentation
one
group
formation
next
succeeding
one
great
series
first
conformity
second
absence
abrupt
change
character
composition
material
deposited
although
numerous
instances
unconformity
within
vertical
range
great
series
question
especially
distinctively
marine
cretaceous
strata
unconformity
case
involves
whole
formation
series
words
unconformity
two
formations
two
portions
formation
apparent
one
locality
perfect
conformity
found
localities
greatest
complete
unconformity
great
series
hitherto
understood
exist
laramie
wasatch
groups
known
even
horizon
perfect
conformity
within
great
area
includes
large
part
territory
utah
area
doubtless
americaa
journal
science
third
series
vol
xxv
bull
laramie
molluscan
eocene
bull
materially
reduced
strata
much
displaced
eroded
paleontological
evidence
unbroken
continuity
series
formations
question
consists
mainly
known
passage
cer
tain
species
fossils
one
formation
next
species
existed
estuaries
marine
waters
cretaceous
formations
deposited
survived
brackish
waters
laramie
sea
probable
yet
demonstrated
specific
identification
fossils
laramie
strata
certain
species
molluscan
fossils
range
three
purely
eocene
groups
long
known
also
known
similar
range
considerable
number
species
laramie
period
coexisted
brackish
water
forms
wasatch
group
demonstrates
faunal
continuity
series
base
laramie
top
bridger
group
passage
species
one
group
another
understood
indicate
must
continuity
congenial
habitat
one
epoch
habitat
continuously
lacustrine
way
thought
possible
species
question
survived
escaping
fluviatile
waters
original
lacustrine
habitat
returning
similar
one
subsequently
established
ground
character
deposits
fossils
found
indicates
sedimentation
continuous
laramie
wasatch
aqueous
habitat
therefore
continuous
one
epoch
survival
latter
epoch
certain
species
flourished
former
one
shows
habitat
continuously
congenial
one
conclusion
course
implies
individuals
surviving
species
whose
remains
found
upper
formation
direct
lineal
descendants
lower
appear
two
alternatives
conclusion
first
species
incorrectly
identified
second
reintroduced
become
extinct
light
modern
zoology
latter
proposition
thought
demand
serious
consideration
former
said
specific
determinations
cases
made
much
confidence
accuracy
may
reasonably
attend
work
kind
connection
statement
grounds
upon
based
opinions
advanced
foregoing
pages
proper
make
remarks
upon
estimated
value
fossils
origin
geological
determinations
fossil
mollusca
principal
forms
characterize
deposits
alone
referred
differentiation
mollusca
generic
family
ordinal
groups
diversification
specific
forms
among
groups
immensely
greater
marine
waters
brackish
white
general
remarks
waters
much
less
open
marine
lacustrine
waters
minimum
differentiation
found
large
collections
fossil
mollusca
made
different
parts
world
indicate
slight
tendency
differentiation
among
mollusca
always
obtained
past
geological
time
also
types
established
persisted
long
series
geological
periods
therefore
become
known
fossils
origin
little
value
compared
marine
origin
indices
true
geological
age
strata
containing
consequence
real
value
fossils
aids
study
strati
graphical
geology
underestimated
admitted
forms
little
value
determining
geological
age
strata
really
great
importance
study
local
even
continental
geology
fossils
indeed
would
quite
impracticable
ascertain
whether
waters
formations
deposited
marine
brackish
fresh
except
character
contained
fossils
formations
considerable
extent
produced
upon
continental
areas
consequently
record
phases
continental
history
marine
formations
give
indication
western
north
america
deposits
rival
extent
thickness
great
marine
formations
would
impossible
arrive
knowledge
attained
except
study
fossils
great
lacustrine
formations
distinguishing
fauna
uniform
character
great
areas
quite
remarkable
large
area
seas
deposits
formed
uniform
conditions
existed
geographical
distribution
species
nearly
quite
great
average
marine
mollusca
example
species
laramie
group
found
points
thousand
miles
apart
eocene
groups
molluscan
fauna
practically
identical
points
much
miles
apart
view
indicated
estimate
value
fossils
freshwater
origin
study
geology
great
continental
areas
hesitated
use
confidence
foregoing
discussions
lakamie
molluscan
eocene
bull
description
genus
unio
betzius
unio
mendax
white
plate
figs
unio
vetuatus
meek
white
keport
upon
united
states
geographical
surveys
west
one
hundredth
meridian
vol
unio
mendax
white
bulletin
united
states
geological
geographical
survey
territories
vol
ill
unio
mendax
white
third
annual
report
united
states
geological
survey
figs
shell
medium
size
subelliptical
marginal
outline
valves
moderately
gibbons
portion
valve
less
flattened
case
examples
regarded
females
slightly
increased
convexity
median
portion
test
somewhat
thin
beaks
situated
near
front
inconspicuous
slightly
elevated
hinge
line
umbones
scarcely
differing
convexity
adjacent
portion
valves
anterior
margin
rounded
somewhat
regularly
diminishing
curve
basal
margin
convexity
latter
margin
sometimes
slight
sometimes
considerable
difference
probably
due
sex
dorsal
margin
nearly
straight
slightly
convex
posterior
margin
sloping
downward
backward
dorsal
margin
posterobasal
extremity
narrowly
rounded
basal
margin
surface
marked
ordinary
lines
growth
numerous
small
wrinkles
usually
visible
upon
beaks
two
lines
radiate
beak
upon
portion
valve
test
somewhat
light
hinge
also
delicate
usual
shells
unio
equal
size
lateral
cardinal
teeth
true
unio
length
adult
example
probably
female
height
proportionate
jength
males
apparently
little
species
first
described
volume
report
upon
united
states
geographical
surveys
west
one
hundredth
meridian
loc
cit
erroneously
referred
vetustus
meek
types
meek
species
came
bear
eiver
laramie
specimens
species
came
wasatch
strata
near
wales
utah
specimens
figured
described
probably
males
proportions
differ
little
specimens
figured
bulletin
figures
copied
plate
third
annual
keport
geological
survey
one
plain
oval
types
unio
common
great
genus
jurassic
period
present
time
indeed
closely
like
nucalis
meek
hayden
published
coming
jurassic
rocks
vicinity
black
hills
locality
position
species
hitherto
collected
desolation
canon
wales
localities
utah
likely
found
locality
wasatch
group
region
vertical
range
wafc
found
feet
wales
locality
unio
rectoides
plate
fig
plate
figs
shell
transversely
elongate
subelliptical
marginal
outline
front
margin
regularly
rounded
basal
margin
broadly
convex
margin
sloping
downward
backward
extremity
narrowly
rounded
base
beaks
situated
onequarter
length
shell
front
incurved
umbones
prominent
elevated
hinge
line
surface
plain
length
height
form
found
associated
mendax
wales
locality
range
variation
doubtless
great
species
unio
seems
much
difference
form
described
mendax
allow
referred
species
principal
differences
greater
proportionate
length
rectoides
prominence
umbones
greater
distance
beaks
front
fossil
form
bears
resemblance
living
rectus
lamarck
locality
position
specimen
figured
plate
together
less
perfect
examples
obtained
wales
locality
fragment
figured
plate
probably
belongs
species
obtained
professor
cope
puerco
group
near
town
nacimiento
new
mexico
genus
scopoli
formosum
meek
hayden
plate
figs
formosa
proceedings
academy
natural
sciences
sphcwium
formosum
proceedings
academy
natural
sciences
splicerium
formosum
meek
report
united
states
geological
survey
territories
vol
fig
splicerium
formosum
white
third
annual
report
united
states
geological
survey
fig
wasatch
strata
locality
near
wales
utah
examples
sylicerinm
found
appear
identical
laramie
molluscan
eocene
bull
meek
hayden
type
specimens
obtained
fort
union
laramie
strata
best
one
specimens
found
wales
locality
represented
figure
plate
figure
plate
represents
type
specimen
meek
hayden
copy
original
fiure
genus
lamarck
plate
fig
single
imperfect
example
found
wales
locality
evidently
belongs
genus
lirnnsea
general
aspect
like
living
species
columella
species
limncea
yet
known
either
laramie
wasatch
group
form
properly
referred
possible
variety
similis
meek
bridger
group
southern
wyoming
specimen
imperfect
allow
satisfactory
specific
description
subgenus
leptolimnjea
swainson
llmnjea
mintiscula
white
plate
figs
lamncea
ptolimncea
minuseula
white
proceedings
united
states
national
museum
vol
ill
limncea
lqptolimna
minuscula
white
third
annual
report
united
states
geological
survey
figs
imperfect
examples
one
figured
plate
found
among
fossils
wasatch
strata
wales
locality
appear
belong
minuscula
white
type
specimens
species
found
strata
upon
confines
wasatch
green
eiver
groups
southern
wyoming
figure
plate
represents
one
examples
found
wales
locality
figures
represent
one
type
specimens
genus
acella
haldeman
aoella
micronema
platell
fig
among
fossils
collected
wasatch
strata
wales
locality
several
fragments
small
limnseid
whitk
referable
genus
acella
fragments
sufficient
give
good
idea
outline
general
character
shell
none
sufficiently
perfect
figured
satisfactorily
fore
prepared
outline
understood
represent
general
aspect
species
given
plate
fig
tho
face
marked
fine
distinct
uniform
lines
direction
corresponds
lines
growth
shell
approximately
also
axis
length
adult
shells
apparently
millimeters
shell
perhaps
specifically
identical
form
found
associated
preceding
species
strata
near
junction
wasatch
green
eiver
groups
iii
southern
wyoming
tioned
described
page
volume
iii
proceedings
united
states
national
museum
genus
planoebis
miiller
planorbis
convolutus
meek
hayden
plate
fig
planorus
convolutus
report
united
states
geological
survey
territories
vol
figs
planorus
convolutus
white
third
annual
report
united
states
geological
sur
vey
fig
imperfect
examples
species
planorms
found
among
wasatch
mollusca
wales
locality
seem
differ
specifically
convolutus
meek
hayden
type
specimens
convolutus
came
laramie
strata
upper
missouri
eiver
region
wasatch
specimens
agree
closely
regarded
variety
fragments
planorbis
also
found
wasatch
strata
near
evanston
probably
belong
species
subgenus
gyraulus
agassiz
planorbis
gyraulus
militaris
white
plato
figs
planorus
gyraiilus
militaris
white
proceedings
national
museum
vol
ill
planorus
gyraulus
militaris
white
third
annual
report
united
states
geological
survey
figs
type
specimens
species
came
near
headwaters
soldier
fork
utah
county
utah
portion
wasatch
group
imperfect
examples
obtained
wales
locality
species
also
recognized
strata
upon
confines
green
eiver
wasatch
groups
laeamie
molluscan
eocene
southern
wyoming
figures
plate
copies
original
figures
published
work
last
cited
genus
physa
draparnaud
phtsa
pleromatis
white
plate
iii
figs
physa
pleromaiis
white
report
upon
united
states
geographical
surveys
west
one
hundredth
meridian
vol
xxi
fig
physa
pleromaiis
white
third
annual
report
united
states
geological
survey
figs
original
specimens
species
came
wasatch
strata
utah
equivalent
wales
locality
numerous
examples
also
obtained
specimens
species
likewise
often
met
wasatch
strata
north
uinta
mountains
region
also
extends
base
green
eiver
group
specimens
collected
wales
locality
well
collected
elsewhere
show
great
variation
form
proportions
great
range
variation
absence
intermediate
forms
one
would
hesitate
refer
specimens
showing
two
extremes
variation
different
species
specimens
illustrated
plate
iii
show
much
variation
full
extremes
especially
shown
young
phtsa
kanabensis
white
plate
iii
figs
physa
jcanabensis
white
report
upon
geology
uinta
mountains
powell
original
specimens
pjiysa
jcanabensis
obtained
major
powell
strata
southern
utah
regarded
belonging
lararnie
point
eocks
group
described
loo
cit
specimens
imperfect
satisfactorily
figured
several
imperfect
examples
form
probably
belongs
species
found
wasatch
strata
wales
locality
already
often
mentioned
specimens
show
last
volution
proportionally
much
inflated
others
theoriginal
specimens
icanabensis
show
probable
fully
adult
figs
represent
two
imperfect
examples
wales
locality
fig
restored
outline
full
adult
shell
wftttr
physa
btjllata
plate
iii
figs
shell
small
ovoid
volutions
four
five
number
last
one
large
ventricose
spire
small
short
forming
small
part
length
shell
surface
marked
usual
lines
growth
length
one
largest
examples
greatest
breadth
species
closely
like
living
bullata
gould
seems
differ
fossil
forms
much
justify
reference
published
species
considerable
number
examples
form
collected
show
good
degree
varition
last
volution
specimens
much
expanded
making
aperture
broad
examples
expansion
less
length
spire
also
variable
short
cases
locality
position
wasafcch
strata
near
wales
utah
also
several
localities
equivalent
strata
wasatch
mountains
east
pete
valley
genus
bulinus
miiller
bulinus
atavtjs
white
plato
iii
figs
alamis
white
bulletin
unitecv
states
geological
geographical
survey
territories
vol
ill
bulinus
atavus
white
twelfth
annual
report
united
states
geological
geographical
survey
territories
part
fig
bulinus
atavus
white
third
annual
report
united
states
geological
survey
figs
among
fossils
collected
wasatch
strata
wales
locality
utah
examples
closely
like
identical
form
described
loc
cit
name
bulinus
atavus
utah
specimens
quite
perfect
far
exhibit
specific
characters
seem
differ
type
specimens
smaller
size
type
specimens
collected
professor
cope
judith
kiver
laramie
beds
montana
among
physidsa
collected
wasatch
strata
wales
locality
utah
less
imperfect
examples
seem
referable
preceding
species
closely
resemble
bulinus
subelongatus
meek
hayden
types
obtained
laramie
strata
mouth
judith
river
montana
fragments
found
wasatch
strata
near
evauston
southwestern
wyoming
appear
also
belong
species
laramie
molluscan
eocene
genus
aceoloxus
beck
acroloxus
actinophorus
uov
plate
fig
shell
small
elongate
subelliptical
marginal
outline
somewhat
wider
front
behind
apex
situated
little
onequarter
full
length
shell
posterior
end
surface
marked
ordinary
lines
growth
crossed
multitude
minute
radiating
lines
latter
visible
lens
length
breadth
form
possibly
identical
minutus
meek
hayden
laramie
strata
fort
union
mont
seems
differ
specifically
form
however
possessing
finely
radiate
markings
surface
proportionally
longer
locality
position
wasatch
strata
near
town
wales
utah
helicidje
genus
helix
linnaeus
helix
nacimientensis
plate
figs
shell
large
nmbilicate
volutions
six
seven
number
broadly
convex
upon
upper
side
increasing
regularly
width
depth
somewhat
rapidly
increased
adjacent
umbilicus
upon
maturity
shell
periphery
shell
somewhat
sharply
angular
earlier
stages
growth
obtusely
even
obscurely
later
stages
spire
convex
apex
obtuse
surface
last
volution
broadly
convex
periphery
border
umbilicus
abruptly
rounded
outline
aperture
approximately
obtusely
angular
outer
lip
apparently
neither
thickened
reflexed
greatest
diameter
largest
example
collection
height
species
related
peripheria
white
much
larger
shell
peripheral
angle
much
sharper
specimens
equal
size
peripheria
locality
position
puerco
strata
near
town
nacimiento
collected
professor
cope
white
pupim
helix
adipis
plate
figs
shell
small
spire
moderately
elevated
umbilicus
broad
outer
lip
apparently
slightly
reflexed
materially
thickened
surface
marked
regular
transverse
raised
lines
corresponding
direction
ith
lines
growth
height
diameter
two
examples
little
shell
obtained
possible
immature
appear
adult
jnaaspect
species
resembles
evanstonensis
white
wasatch
beds
near
evanston
shell
larger
umbilicus
closed
locality
position
puerco
group
near
town
nacimiento
vwas
obtained
professor
cope
found
associated
preceding
following
species
genus
pupa
lamarck
pupa
leidyr
meek
plate
figs
pupa
leidyi
meek
sixth
annual
eeport
united
states
geological
survey
territories
associated
preceding
species
among
shells
collected
professor
cope
puerco
group
near
town
nacimiento
specimens
seem
specifically
identical
pupa
leidyi
meek
never
able
find
meek
type
leidyi
among
collections
national
therefore
obliged
rely
upon
description
alone
description
agrees
closely
specimens
new
mexico
justify
reference
species
except
upon
ground
come
different
horizons
meek
types
came
top
green
biver
group
base
bridger
new
mexican
specimens
come
horizon
apparently
feet
lower
shown
previous
page
bulletin
series
strata
complete
laramie
group
bridger
inclusive
seems
therefore
good
reason
doubt
niolluscau
form
lived
continuously
whole
time
formations
deposited
laramie
molluscan
eocene
genus
goniobasis
lea
goniobasis
tenuicarinata
meek
hayden
plate
figs
melania
tenuicarinata
proceedings
academy
natural
sciences
goniobasis
tenuicarinata
report
united
states
geological
survey
territories
vol
fig
goniobasis
tenuicarinata
white
report
upon
united
states
geographical
surveys
west
one
hundredth
meridian
vol
xxi
fig
goniobasis
tenuicarinata
white
third
annual
report
united
states
geological
survey
fig
best
known
gasteropods
laramie
group
found
different
localities
montana
colorado
formerly
supposed
confined
group
type
specimens
meek
hayden
came
laramie
strata
near
fort
union
mont
specimens
figured
volume
explorations
surveys
loc
cit
came
wasatch
strata
wales
locality
utah
also
represented
figs
plate
bulletin
large
number
specimens
obtained
wales
locality
vary
considerably
among
possess
essential
characteristics
species
indeed
seems
reason
doubt
wasatch
specimens
respects
specifically
identical
obtained
undoubted
laramie
strata
goniobasis
nebrascensis
meek
hayden
plate
figs
melania
nebrascensis
proceedings
academy
natural
sciences
goniobasis
nebrascensis
report
united
states
geological
survey
territories
vol
fig
goniobasis
nebrascensis
white
report
upon
united
states
geographical
surveys
west
one
hundredth
meridian
vol
xxi
fig
goniobasis
nebrascensis
white
third
annual
report
united
states
geological
survey
figs
species
variable
one
seems
part
confounded
another
similar
form
occurs
laramie
strata
montana
specimen
represented
figures
plate
work
last
cited
especially
referred
copied
figures
still
widely
different
regard
typical
form
wuitjj
nebrascensis
failure
artist
add
revolving
lines
appear
meek
original
figures
specimen
specimens
found
wales
locality
many
years
ago
gilbert
pronounced
meek
saw
identical
nebrascensis
near
relationship
nebrascensis
tenuicarinata
two
forms
occur
wasatch
strata
utah
quite
apparent
difference
constant
two
forms
found
associated
layers
form
referred
nebrascensis
also
recognized
among
collections
made
wasatch
strata
near
evanston
desolation
canon
utah
goniobasis
tenera
hall
plateii
figs
cerithiwm
ten
rum
hall
exploring
expedition
oregon
northern
california
fre
mont
ill
fig
goniobasis
tcnera
white
report
upon
united
states
geographical
surveys
west
one
hundredth
meridian
vol
xxi
fig
goniobasis
tcnera
white
third
annual
report
united
states
geological
survey
species
common
forms
eocene
strata
west
ranges
wasatch
group
thebridger
group
inclusive
varies
greatly
surface
markings
also
size
less
five
specific
names
different
authors
given
forms
regard
belonging
species
examples
varieties
figured
plate
work
last
cited
arranged
show
gradation
nearly
plain
highly
ornamented
examples
imperfect
examples
typical
variety
tenera
found
near
top
series
exposed
wales
locality
goniobasis
filifera
platell
fig
imperfect
examples
species
goniobasis
found
wales
locality
utah
associated
tenuicarinata
others
forms
described
previous
pages
evidently
belong
unpublished
species
shell
rather
small
slender
volutions
convex
marked
three
revolving
raised
lines
similar
mark
volutions
tenuicarinata
revolving
lines
two
number
one
examples
another
seems
one
indication
longitudinal
folds
mark
tenera
fine
revolving
striae
appear
upon
tenuicarinata
carinse
observed
laramie
molluscan
eocene
genus
hydbobia
hartinann
hydeobia
recta
white
plate
fig
hydroma
recta
white
geological
keport
uinta
mountains
powell
hydroma
recta
white
third
annual
keport
united
states
geological
survey
fig
original
specimens
species
obtained
coalbearing
wasatch
strata
near
evanston
southwestern
wyoinidg
numerous
imperfect
examples
also
found
wales
locality
layers
associated
coal
also
layers
several
hundred
feet
coal
specimens
crushed
pressure
strata
otherwise
imperfect
seem
specifically
identical
type
specimens
latter
also
imperfect
represented
plate
bulletin
view
molluscan
types
shells
found
associated
reason
doubt
whether
species
ought
referred
genus
hydrobia
perhaps
might
better
reason
referred
bythinella
paludistrina
hydeobia
utahensis
white
plate
fig
hydroma
utahensis
white
geological
report
uiiita
mountains
powell
hydroma
utahcnsis
white
third
annual
report
united
states
cal
survey
fig
type
specimens
species
came
wasatch
strata
west
base
musiuia
mountain
san
pete
county
utah
also
found
equivalent
strata
wales
locality
latter
specimens
well
preserved
copies
original
figures
given
plate
bulletin
view
close
faunal
relationship
wasatch
group
known
hold
laramie
seems
improbable
hydrobia
utahensis
ought
regarded
specifically
identical
eulimoides
meek
hayden
latter
obtained
laramie
strata
upper
missouri
eiver
region
remarks
made
concerning
generic
relations
preceding
species
also
applicable
genus
miceopyegus
meek
miceopyrgus
minutultjs
meek
hayden
plate
fig
melania
minutula
proceedings
academy
natural
sciences
miuutvlns
meek
report
united
states
geological
survey
territories
vol
fig
mivropyrgus
minutulus
white
third
annual
report
united
states
geological
survey
fig
small
shells
found
wasatch
strata
wales
locality
imbedded
one
thin
limestone
layers
appear
specifically
identified
micropyrgus
minutulus
meek
hayden
apparent
difference
utah
specimens
somewhat
larger
dimensions
given
meek
hayden
type
specimens
came
fort
union
lararnie
strata
montana
figures
plate
copied
meek
original
figures
muchen
larged
genus
vivipaeus
gray
yivipakus
trochiformis
meek
hayden
plate
figs
conf
figs
viviparus
trochiformis
proceedings
academy
natural
sciences
viviparus
trochiformis
white
report
upon
united
states
geographical
surveys
west
one
hundredth
meridian
vol
xxi
fig
viviparus
trocmformis
meek
report
united
states
geological
survey
territories
vol
tig
viviparus
irocmformis
white
third
annual
report
united
states
geological
survey
figs
compare
also
leidyi
leidyi
var
formosus
raynoldsianus
meek
hayden
loo
cii
also
panguitchensis
white
third
annual
report
united
states
geological
survey
figs
species
originally
described
meek
hayden
laramie
strata
upper
missouri
eiver
region
afterwards
recognized
among
fossils
brought
certain
strata
utah
since
ascertained
belong
wasatch
group
upon
collections
referred
also
study
collected
past
season
wales
locality
still
convinced
utah
examples
specifically
identical
original
specimens
brought
montana
furthermore
find
utah
collections
varietal
forms
may
propriety
referred
respectively
leidyi
raynoldsianus
lakamie
molluscan
eocene
idull
find
among
collections
intermediate
forms
seem
show
varieties
trocmformis
varietal
forms
indicate
ought
also
considered
variety
trocmformis
besides
close
relationship
among
forms
named
shown
work
last
cited
intimate
relation
tulotoma
tkompsoni
white
holds
viviparus
trocmformis
vlvipaeus
nanus
plate
figs
viviparus
white
beport
upon
united
states
geographical
surveys
west
one
hundredth
meridian
vol
xxi
fig
shell
small
axis
short
compared
transverse
diameter
volutions
five
number
regularly
convex
surface
plain
height
largest
example
collection
greatest
diameter
form
first
noticed
loc
cit
specimens
tlien
obtained
would
justify
application
new
specific
name
past
season
however
collected
considerable
number
nearly
perfect
examples
indicate
really
belongs
unpublished
form
therefore
given
new
specific
name
locality
position
wasatch
strata
near
wales
utah
equivalent
strata
several
localities
wasatch
mountains
crustacea
genus
cypeis
miiller
cypris
sanpetensis
plate
fig
shell
obliquely
oblong
marginal
outline
wider
behind
anterior
margin
rounded
ventral
margin
straight
also
little
longer
dorsal
posterior
margin
gently
convex
sloping
downward
little
backward
dorsal
ventral
margin
valves
moderately
convex
slight
transverse
depression
observable
towards
anterior
end
length
height
lmm
locality
position
wasatch
strata
near
town
wales
jtah
plate
bull
plate
paga
vlviparus
trochiformis
related
forms
fig
viviparus
trochiformis
fort
union
beds
copy
meek
type
figure
figs
opposite
views
another
example
also
fort
union
beds
figs
opposite
views
example
wasatoh
beds
near
wales
utah
specimen
elongate
usual
figs
views
three
types
panguitchenaia
southern
utah
fig
copy
meek
type
figure
leidyi
figs
copies
meek
figures
leidyi
var
formosut
figs
copies
meek
figures
raynoldsictnua
figures
plate
natural
size
bulletin
viviparus
pai
uitckeiisi
leidyi
leidyi
var
fonnosus
rayiioldsianus
plate
plate
page
goniobasis
tenera
figs
views
two
typical
examples
natural
size
goniobasis
filifera
fig
view
one
type
specimens
enlarged
goniobasis
nebrascensis
figs
views
two
examples
wasatch
beds
near
wales
utah
natural
size
goniobasis
tenuicarinata
figs
examples
wasatch
strata
near
wales
utah
natural
size
fig
copies
meek
original
figures
type
specimen
fort
union
beds
minuscula
fig
example
wasatch
beds
near
wales
utah
enlarged
figs
opposite
views
type
specimen
southern
wyoming
enlarged
fig
lateral
view
imperfect
example
natural
size
acella
micronema
fig
restored
outline
enlarged
planorbis
convolutus
fig
copies
meek
original
figures
planorbis
gyraulus
militaris
figs
opposite
views
one
type
specimens
enlarged
vlviparus
nanus
figs
opposite
views
adult
example
enlarged
hydrobiatjtahensis
fig
lateral
view
type
specimen
enlarged
hydrobia
recta
fig
views
type
specimens
enlarged
acroloxus
actinophorus
fig
apical
view
type
specimen
wales
locality
enlarged
figure
partial
restoration
specimen
somewhat
crushed
cypris
sanpetensis
fig
lateral
view
left
valve
enlarged
mlcropyrgus
mintjtulus
fig
lateral
views
enlarged
meek
btjltetjn
goniobasis
tenera
tilifera
nebraseensis
tenuicarinata
limnaia
leptoliumrca
iiiiimscula
limnrea
micronema
planorbis
convolutus
inilitai
viviparus
uanus
hydrobia
utahensis
acroloxus
actinopborus
cyjiris
micropyrgus
miuutulus
plate
iii
plate
iii
prysa
pleromatts
fig
lateral
view
type
specimen
natural
size
figs
opposite
views
another
example
wasatch
beds
near
wales
utah
natural
size
figs
lateral
views
examples
locality
bulinus
atavus
figs
copies
meek
figures
type
specimens
judith
eiver
strata
natural
size
figs
opposite
views
example
wasatch
beds
near
wales
utah
apparently
belonging
species
although
much
smaller
types
physa
kanabensis
fig
lateral
view
crushed
imperfect
example
wales
locality
natural
size
fig
another
fragment
locality
fig
restored
outline
whole
shell
physa
bullatula
figs
lateral
views
three
different
examples
wales
locality
natural
size
fig
lateral
view
exanc
pie
tlie
locality
perhaps
belonging
species
geological
survey
bulletin
ill
physa
pleromatis
buiinus
atavus
physa
kanabensis
bullutula
plate
plate
page
rectoidbs
fig
right
side
view
natural
size
unio
mendax
fig
left
side
view
natural
size
fig
right
side
view
smaller
example
fig
interior
view
portiou
right
valve
formosum
fig
copies
meek
figures
type
specimen
fort
union
beds
natural
size
enlarged
fig
right
valve
wasatch
strata
near
wales
utah
enlarged
geological
survey
bulletin
uuio
rectoiiies
mendax
sphserium
fonnoaum
bull
plate
unio
rectoidest
figs
opposite
views
fragment
left
valve
helix
adipis
figs
lateral
apical
views
one
type
specimens
enlarged
helix
figs
upper
lateral
views
largest
perfect
example
collection
natural
size
test
nearly
exfoliated
fig
lateral
view
another
example
portion
last
volution
distorted
pressure
fig
apical
portion
showing
angular
character
periphery
earlier
volutions
pupa
leidyi
figs
opposite
views
broken
example
best
one
collection
enlarged
fig
another
example
crushed
imperfect
figured
plate
professor
cope
puerco
group
near
town
nacimiento
mex
bulletin
unip
reetoides
helix
nacimientensis
pupa
leidyi
helix
atlipis
index
page
acella
inicrouema
acroloxus
actinophorus
ancylidse
bulimia
atavus
ceriphasiidse
cope
puerco
group
crustacea
cyrenidw
cypridffi
cypris
sanpetensis
description
species
endlich
quoted
general
remarks
goniobasis
filifera
goniobasis
nebrascensis
goniobasis
tenera
goniobasis
teuuicarinata
helicidse
helix
adipis
helix
nacimientensis
holmes
quoted
hydrobiarecta
hydrobia
utahensis
limnsea
limnaea
leptolimnsea
minuscula
limufeidab
list
species
mollusca
micropyrgus
minutulus
physabullata
physa
kanabensis
physa
pleromatis
physidse
planorbis
convolutus
planorbis
gyraulus
militaris
puerco
group
pupa
leidyif
pupidse
rissoidffi
species
description
list
tabular
view
range
sphserium
formosum
tabular
view
range
species
unio
menclax
unionidse
index
page
unio
rectoides
viviparidse
viviparus
leidyi
viviparus
leidyi
var
formosus
viviparus
nanus
viviparus
panguitchensis
viviparus
raynoldsianus
viviparus
trochiformis
advertisement
bulletin
publications
united
states
geological
survey
issued
accordance
statute
approved
march
declares
publications
geological
surrey
shall
consist
annual
report
operations
geological
economic
maps
illustrating
resources
classification
lands
reports
upon
general
economic
geology
paleontology
annual
report
operations
geological
surrey
shall
accompany
annual
report
secretary
interior
special
memoirs
reports
said
survey
shall
issued
uniform
quarto
series
deemed
necessary
director
otherwise
ordinary
octavos
three
thousand
copies
shall
published
scientific
exchanges
sale
price
publication
literary
cartographic
materials
received
exchange
shall
property
united
states
form
part
library
organization
money
resulting
sale
publications
shall
covered
treasury
united
states
july
following
joint
resolution
referring
government
publications
passed
congress
whenever
document
report
shall
ordered
printed
congress
shall
printed
addition
number
case
stated
number
copies
binding
distribution
among
entitled
receive
general
laws
seen
none
survey
publications
furnished
gratuitous
distribution
copies
annual
report
distributed
document
rooms
congress
copies
publications
distributed
officers
legislative
executive
departments
stated
depositories
throughout
united
states
except
therefore
cases
extra
number
publication
specially
supplied
office
survey
copies
publications
gratuitous
distribution
annual
reports
annual
reports
already
published
first
annual
report
hon
carl
schurz
clarence
king
map
preliminary
report
describing
plan
organization
publications
report
director
united
states
geological
survey
powell
map
third
annual
report
united
states
geological
survey
powell
xviii
maps
fourth
annual
report
united
states
geological
survey
powell
xxxii
maps
fifth
annual
report
united
states
geological
survey
powell
xxxvi
maps
sixth
annual
report
press
monographs
monographs
nos
icc
vii
vhi
published
viz
tertiary
history
grand
canon
district
atlas
clarence
dutton
capi
xiv
atlas
sheets
folio
price
geology
comstock
lode
washoe
district
atlas
george
becker
atlas
sheets
folio
price
comstock
mining
miners
eliot
lord
xiv
price
rocks
lake
superior
roland
irving
xvi
price
contributions
knowledge
older
mesozoic
flora
virginia
fontaine
price
deposits
eureka
nevada
joseph
curtis
xiii
price
vot
paleontology
eureka
district
charles
walcott
xiii
price
brachiopoda
lamellibranchiata
raritan
clays
greensand
marls
new
jersey
robert
whitfleld
price
advertisement
following
press
viz
dinocerata
monograph
order
gigantic
mammals
othniel
charles
marsh
xviii
geological
history
lake
lahontan
quaternary
lake
northwestern
nevada
israel
cook
russell
xiv
xii
geology
mining
industry
leadville
atlas
emmons
xxix
atlas
sheets
following
preparation
viz
tjie
precious
metals
clarence
king
geology
eureka
mining
district
nevada
atlas
arnold
hague
lake
bonneville
gilbert
sauropoda
marsh
stegosauria
marsh
geology
quicksilver
deposits
pacific
slope
atlas
george
becker
series
north
wisconsin
michigan
roland
irving
description
new
fossil
plants
dakota
group
leo
lesquereux
younger
mesozoic
flora
virginia
william
fontaine
report
denver
coal
basin
samuel
emmous
report
mining
district
colorado
samuel
emmons
report
silver
cliff
mining
district
samuel
emmons
flora
dakota
group
newberry
bulletins
bulletins
survey
contain
papers
relating
general
purpose
work
properly
come
underthe
heads
annual
reports
monographs
bulletins
contains
one
paper
complete
however
bered
continuous
series
may
thus
united
volumes
convenient
size
facilitate
bulletin
two
paginations
one
proper
another
belongs
part
volume
series
bulletins
nos
already
published
viz
triclinic
pyroxene
augitic
rocks
whitman
cross
geological
sketch
buffalo
peaks
colorado
emmons
price
cents
gold
silver
conversion
tables
giving
coining
values
troy
ounces
fine
metal
albert
williams
price
aents
fossil
faunas
upper
devonian
along
meridian
tompkins
county
new
york
bradford
county
pennsylvania
henry
price
cents
mesozoic
fossils
charles
white
price
cents
dictionary
altitudes
united
states
compiled
henry
gannett
price
cents
elevations
dominion
canada
spencer
price
cents
mapoteca
geologica
americana
catalogue
geological
maps
america
north
south
jules
marcou
john
belknap
marcou
price
cents
secondary
enlargements
mineral
fragments
certain
rocks
irving
vanhise
price
cents
report
work
done
washington
laboratory
fiscal
year
clarke
chief
chemist
chatard
assistant
price
cents
cambrian
faunas
north
america
preliminary
studies
charles
walcott
price
cents
quaternary
recent
mollusca
great
basin
descriptions
new
forms
ellsworth
call
introduced
sketch
quaternary
lakes
great
basin
bert
price
cents
cryatallographic
study
thlnolite
lake
lahontan
edward
dana
price
cents
boundaries
united
states
several
states
territories
henry
gannett
price
cents
electrical
magnetic
properties
carl
barus
vincent
strouhal
price
cents
mesozoio
cenozoio
paleontology
california
charles
white
price
cents
higher
devonian
faunas
ontario
county
new
york
clarke
price
cents
development
crystallization
igneous
rocks
washoe
nevada
arnold
hague
iddings
price
cents
marine
eocene
miocene
fossil
mollnsca
western
north
america
charles
white
price
cents
notes
stratigraphy
california
george
becker
price
cents
contributions
mineralogy
eocky
mountains
whitman
cross
fcrand
price
cents
lignites
great
sioux
reservation
bailey
willis
price
cents
new
cretaceous
fossils
california
charles
white
price
cents
observations
junction
eastern
sandstone
keweenaw
series
keweenaw
point
lake
superior
irving
chamberlin
price
cents
list
marine
mollusca
comprising
quaternary
fossils
recent
forms
american
localities
cape
hatteras
cape
eoque
including
bermudas
dall
price
cents
present
technical
condition
steel
industry
united
states
phineas
barnes
price
cents
copper
smelting
henry
howe
price
cents
report
work
done
chemistry
physics
mainly
fiscal
year
price
cents
gabbros
associated
hornblende
rocks
occurring
neighborhood
baltimore
george
williams
price
cents
invertebrates
north
american
jurassic
charles
white
price
cents
second
contribution
studies
cambrian
faunas
north
america
charles
walcott
price
cents
systematic
review
present
knowledge
fossil
insects
including
myriapods
nids
samuel
scudder
price
cents
mineral
springs
united
states
albert
peale
price
cents
notes
geology
northern
california
joseph
diller
price
cents
relation
laramie
molluscan
fauna
succeeding
eocene
groups
charles
white
price
cents
physical
properties
carl
barus
vincent
strouhal
price
cents
numbers
bulletins
form
volume
numbers
volume
numbers
volume
iii
numbers
volume
volume
yet
complete
following
press
viz
subsidence
small
particles
insoluble
solid
liquid
carl
barus
types
laramie
flora
lester
ward
peridotite
elliott
county
kentucky
joseph
diller
upper
beaches
deltas
glacial
lake
agassiz
warren
upham
preparation
geologic
notes
northern
washington
territory
bailey
willis
fossil
faunas
upper
devonian
genesee
section
henry
williams
bibliography
north
american
crustacea
vogdes
statistical
papers
fourth
series
publications
special
reference
mineral
resources
united
states
undertaken
series
following
published
viz
mineral
resources
united
states
albert
williams
xvii
price
cents
mineral
resources
united
states
albert
williams
xiv
price
cents
preparation
mineral
resources
united
states
calendar
year
albert
williams
correspondence
relating
publications
survey
remittances
must
postal
note
money
order
stamps
addressed
dleector
united
states
geological
subvey
washington
october
washington
