origin
primary
lacustljne
green
ocene
coloraifo
utili
geological
survey
bulletin
availability
books
maps
geological
survey
instructions
ordering
publications
geological
survey
along
prices
last
offerings
given
issues
monthly
catalog
new
publications
geological
survey
prices
available
geological
survey
publications
released
prior
current
year
listed
recent
annual
price
availability
list
publications
may
listed
various
geological
survey
catalogs
see
back
inside
cover
listed
recent
annual
price
availability
list
may
longer
available
reports
released
ntis
may
obtained
writing
national
technical
information
service
department
commerce
springfield
please
include
ntis
report
number
inquiry
order
geological
survey
publications
mail
counter
offices
listed
mail
counter
books
professional
papers
bulletins
papers
techniques
investigations
circulars
publications
interest
leaflets
pamphlets
booklets
single
copies
earthquakes
volcanoes
preliminary
determination
epicenters
miscellaneous
reports
including
foregoing
series
gone
print
superintendent
documents
obtainable
mail
geological
survey
information
services
box
federal
center
denver
books
maps
books
maps
geological
survey
available
counter
following
geological
survey
offices
authorized
agents
superintendent
documents
anchorage
university
lakewood
center
bldg
menlo
park
middlefield
subscriptions
periodicals
earthquakes
volcanoes
preliminary
determination
epicenters
obtained
superintendent
documents
government
printing
office
washington
check
money
order
must
payable
superintendent
documents
maps
maps
address
mail
orders
geological
survey
information
services
box
federal
center
denver
residents
alaska
may
order
maps
geological
survey
earth
science
information
center
twelfth
box
fairbanks
reston
national
center
sunrise
valley
salt
lake
city
south
state
spokane
post
office
west
riverside
ave
washington
interior
maps
maps
may
purchased
counter
following
geological
survey
offices
fairbanks
federal
bldg
twelfth
ave
rolla
independence
stennis
space
center
origin
primary
diagenetic
carbonates
lacustrine
green
river
formation
eocene
colorado
utah
janet
pitman
geological
survey
bulletin
united
states
government
printing
office
washington
department
interior
bruce
babbitt
secretary
geological
survey
gordon
eaton
director
sale
geological
survey
information
services
box
federal
center
denver
use
trade
product
firm
names
publication
descriptive
purposes
imply
endorsement
government
library
congress
data
pitman
janet
origin
primary
diagenetic
carbonates
lacustrine
green
river
formation
eocene
colorado
utah
pitman
janet
geological
survey
bulletin
includes
bibliographical
references
supt
docs
rocks
rocks
geology
green
river
formation
series
cip
contents
abstract
introduction
analytical
methods
results
carbonate
mineralogy
stable
isotopes
abundance
oil
yield
distribution
carbon
oxygen
isotopes
discussion
primary
versus
diagenetic
carbonate
carbon
isotopes
carbonate
primary
carbonates
diagenetic
carbonates
primary
carbonates
oxygen
isotopes
carbonate
isotopic
trends
carbonate
curves
carbon
trends
oxygen
trends
conclusions
acknowledgments
references
cited
figures
generalized
geologic
map
utah
northwest
colorado
generalized
stratigraphy
eocene
green
river
formation
colorado
utah
ternary
diagram
range
compositions
carbonate
piceance
creek
uinta
basins
chemostratigraphic
profiles
ratios
carbonate
mineralogy
richness
usbm
well
piceance
creek
basin
chemostratigraphic
profiles
ratios
carbonate
mineralogy
richness
usgs
coyote
wash
well
uinta
basin
plots
showing
degree
correlation
calcite
dolomite
calcite
dolomite
relationship
versus
primary
diagenetic
carbonate
minerals
usbm
well
piceance
creek
basin
relationship
versus
primary
diagenetic
carbonate
minerals
usgs
coyote
wash
well
uinta
basin
isotopic
compositions
primary
diagenetic
carbonate
minerals
lake
bosumtwi
ghana
schematic
hydrologic
model
summarizing
temporal
changes
bicarbonate
source
lake
level
salinity
lake
uinta
system
tables
generalized
lithofacies
depositional
environments
hydrologic
states
green
river
formation
stable
isotopes
carbonate
mineralogy
oil
yield
green
river
formation
piceance
creek
basin
colorado
stable
isotopes
carbonate
mineralogy
oil
yield
green
river
formation
uinta
basin
utah
iii
origin
primary
diagenetic
carbonates
lacustrine
green
river
formation
eocene
colorado
utah
janet
pitman
abstract
introduction
stable
isotope
geochemistry
used
gain
better
understanding
origin
shales
eocene
green
river
formation
deposited
ancient
lake
complex
isotopic
mineralogic
data
reported
two
wells
one
piceance
creek
basin
colorado
uinta
basin
utah
lakes
basins
evolved
independently
separate
water
bodies
led
unique
depositional
histories
chemistries
results
show
carbonate
minerals
dominant
constituents
oil
shales
formation
primary
early
diagenetic
precipitates
whose
isotopic
compositions
determined
environmental
conditions
lake
state
time
deposition
initially
primary
carbonate
precipitation
took
place
hydrologically
open
lake
regime
abundant
inorganic
carbon
dissolved
marine
paleozoic
rock
later
basin
hydrologically
closed
organically
productive
precipitation
primary
carbonate
promoted
processes
exchange
atmosphere
lake
water
minor
influence
diagenetic
carbonate
precipitated
anoxic
sediments
bacterial
methanogenesis
active
due
high
burial
rates
organic
carbon
relative
seawater
lake
waters
brackish
slightly
saline
periods
precipitation
brines
evolutionary
trends
curves
carbonate
provide
historic
record
effects
basin
closure
hydrologic
residence
time
carbon
oxygen
geochemical
cycles
major
carbon
trends
record
biologic
processes
related
levels
paleoproductivity
carbon
burial
major
oxygen
trends
reflect
changes
ratio
lake
inflow
evaporation
cyclic
excursions
carbon
oxygen
trends
record
changes
short
time
periods
eocene
green
river
formation
deposited
large
lake
complex
known
lake
uinta
occupjed
piceance
creek
basin
colorado
uinta
basin
utah
fig
early
eocene
lakes
shallow
hydrologically
connected
water
bodies
open
freshwater
input
areas
south
later
middle
eocene
lakes
closed
depocenter
led
distinct
depositional
histories
chemistries
thick
sequences
madstone
referred
oil
shale
deposited
lakes
piceance
creek
basin
abundant
nahcolite
sodium
bicarbonate
accumulated
along
shales
central
part
lake
nahcolite
deposited
locally
uinta
basin
lake
thinly
bedded
oil
shale
comprises
rhythmically
alternating
submillimeter
laminations
light
laminations
composed
predominantly
carbonate
minerals
whereas
dark
laminations
contain
primarily
silicate
minerals
considerable
controversy
remains
regarding
origin
shales
carbonate
minerals
calcite
dolomite
two
models
proposed
deposition
green
river
formation
shales
stratified
lake
model
proposed
bradley
eugster
defines
deep
greater
permanently
stratified
saline
alkaline
lake
high
organic
productivity
surface
waters
deposition
anoxic
bottom
waters
bradley
eugster
infer
calcite
shales
chemically
precipitated
water
column
determine
whether
dolomite
primary
diagenetic
replacement
mineral
model
originally
advanced
eugster
surdam
suggests
broad
playa
flats
surrounding
large
ephemeral
lake
sites
extreme
evaporation
model
proposed
calcite
precipitated
capillary
origin
primary
diagenetic
carbonates
green
river
formation
colorado
utah
upliff
basin
uiilta
kilometers
explanation
tertiary
volcanic
intrusive
rocks
green
river
formation
tertiary
sedimentary
rocks
evaporite
deposits
precambrian
intrusive
rocks
precambrian
sedimentary
rocks
contact
fault
thrust
fault
wells
provided
core
samples
usgs
coyote
wash
well
sec
usbm
sec
figure
generalized
geologic
map
utah
northwest
colorado
showing
location
piceance
creek
uinta
basins
two
study
wells
zone
near
surface
mudflats
later
incorporated
deeper
water
sediments
calcite
altered
dolomite
study
utilized
isotopic
mineralogic
data
delineate
major
hydrologic
states
within
lake
uinta
system
establish
origin
carbonate
mineral
phases
primary
versus
diagenetic
within
regimes
determine
controls
geochemical
cycles
carbon
oxygen
two
wells
continuous
core
bureau
mines
well
piceance
creek
basin
geological
survey
coyote
wash
well
uinta
basin
analyzed
fig
part
study
successive
members
formation
subdivided
major
lithofacies
assigned
interpreted
lake
states
depositional
environments
defined
ryder
others
within
lake
uinta
system
table
analytical
methods
representative
samples
shales
green
river
formation
sampled
stable
isotope
analysis
carbonate
fractions
isotopic
analysis
performed
represent
mixtures
procedure
based
different
reaction
rates
chemically
distinct
carbonate
phases
used
obtain
carbon
oxygen
isotope
ratios
walters
others
prevent
contamination
organic
matter
acid
digestion
kerogen
removed
samples
ashing
prior
reaction
inability
physically
separate
discrete
carbonate
phases
samples
led
attributing
gas
evolved
first
hour
calcium
carbonates
calcite
gas
evolved
several
hours
carbonates
dolomite
ankerite
carbon
isotope
analysis
uinta
basin
zww
zww
analytical
methods
piceance
creek
basin
oil
yield
explanation
dolomitic
oil
shale
intertonging
contact
argillaceous
oil
shale
mudstone
madstone
limestone
siltstone
argillaceous
shale
sandstone
evaporite
halite
interbedded
dolomitic
oil
shales
member
boundary
heavier
line
sampled
interval
mahogany
zone
boundary
rich
zones
usgs
coyote
wash
well
sec
usbm
ola
well
sec
figure
generalized
stratigraphy
eocene
green
river
formation
colorado
utah
cashion
written
diagram
scale
table
generalized
lithofacies
depositional
environments
hydrologic
states
lower
middle
eocene
green
river
formation
colorado
utah
open
lacustrine
corresponds
deposition
marginal
lacustrine
corresponds
deposition
member
parachute
creek
garden
gulch
douglas
lithofacies
depositional
hydrologic
state
piceance
creek
basin
colorado
oil
shale
evaporite
open
lacustrine
closed
argillaceous
shale
open
lacustrine
closed
mixed
marginal
lacustrine
open
parachute
creek
douglas
creek
uinta
basin
utah
oil
shale
open
lacustrine
closed
mixed
marginal
lacustrine
open
ryder
others
cored
bureau
mines
ola
well
mineral
nahcolite
performed
using
standard
techniques
global
geochemistry
corporation
written
measurements
organic
matter
see
dean
anders
made
splits
samples
carbonate
isotopes
analyzed
isotope
results
reported
per
mil
difference
relative
peedee
belemnite
pdb
standard
using
delta
notation
accurate
ratios
determined
diffraction
isotopically
analyzed
samples
ratio
origin
primary
diagenetic
carbonates
green
river
formation
colorado
utah
usbm
oia
well
calcite
aragonite
calcite
dolomite
mole
excess
usgs
coyote
wash
well
calcite
aragonite
calcite
siderite
explanation
lithofacies
oil
shale
evaporite
argillaceous
shale
ankerite
siderite
explanation
lithofacies
oil
shale
mixed
clastic
siderite
figure
ternary
diagram
showing
range
compositions
carbonate
piceance
creek
uinta
basins
dolomite
calcite
reported
peak
height
background
fine
grain
size
complexly
intergrown
nature
carbonate
minerals
prevented
accurate
calculation
weight
percent
calcite
dolomite
determinations
gallons
per
ton
throughout
report
refers
short
ton
pounds
made
using
fischer
assay
pyrolysis
stanfield
frost
reported
samples
containing
carbonate
technique
measure
rock
ability
generate
oil
thus
provides
means
estimating
content
study
diffraction
analysis
revealed
considerable
compositional
variability
individual
carbonate
phases
two
wells
fig
varieties
dolomite
ranging
ideal
dolomite
dolomite
ankerite
tend
predominate
calcite
intervals
high
oil
yield
calcite
containing
small
amounts
abundant
zones
low
oil
yield
upper
part
parachute
creek
member
calcite
ubiquitous
aragonite
siderite
sparse
throughout
formation
results
carbonate
mineralogy
finely
disseminated
carbonate
minerals
abundant
constituents
shales
examined
piceance
creek
uinta
basins
stable
isotopes
abundance
oil
yield
carbonate
isotope
ratios
isotope
ratios
carbonate
mineralogy
ratios
oil
yield
gallons
per
ton
contents
samples
piceance
creek
uinta
basins
reported
tables
illustrated
relative
depth
stratigraphic
position
results
table
stable
isotopes
carbonate
mineralogy
oil
yield
green
river
formation
piceance
creek
basin
colorado
data
bureau
mines
ola
well
leaders
indicate
determined
isotope
values
per
mil
pdb
depth
meters
calcite
dolomite
nahcolite
organic
matter
parachute
creek
member
closed
hydrologic
facies
facies
leached
zone
evaporite
facies
garden
gulch
member
closed
hydrologic
facies
argillaceous
shale
facies
value
reported
dean
anders
ratio
oil
yield
gallons
per
ton
origin
primary
diagenetic
carbonates
green
river
formation
colorado
utah
table
stable
isotopes
carbonate
mineralogy
oil
yield
green
river
formation
uinta
basin
utah
data
geological
survey
coyote
wash
well
leaders
indicate
determined
isotope
values
per
mil
pdb
depth
meters
calcite
olso
dolomite
olso
organic
ratio
parachute
creek
member
closed
hydrologic
facies
facies
douglas
creek
member
open
hydrologic
facies
mixed
facies
value
reported
dean
anders
oil
yield
gallons
per
ton
figures
also
shown
table
figure
ratios
eral
nahcolite
carbonate
minerals
green
river
generally
enriched
depleted
relative
pdb
standard
average
values
calcite
dolomite
sample
tend
show
small
differences
figs
piceance
creek
basin
range
values
calcite
dolomite
highly
variable
respectively
majority
values
fall
negative
values
carbonate
brecciated
shales
top
evaporite
facies
values
bonate
uinta
basin
also
show
large
variations
calcite
dolomite
values
compared
values
carbonate
tend
show
less
variation
piceance
creek
basin
ranges
calcite
dolomite
uinta
basin
values
carbonate
generally
range
calcite
dolomite
except
open
hydrologic
facies
calcite
dolomite
nahcolite
organic
matter
peak
heights
oil
yield
zone
mahogany
zone
llll
ttl
feet
oilshale
marlstone
meters
explanation
sandstone
leached
nahcolite
figure
chemostratigraphic
profiles
ratios
calcite
dolomite
nahcolite
organic
matter
carbonate
mineralogy
peak
heights
richness
oil
yield
gallons
per
ton
usbm
bureau
mines
well
piceance
creek
basin
isotope
values
reported
per
mil
pdb
dashed
regression
lines
represent
temporal
trends
solid
horizontal
lines
represent
major
lithostratigraphic
boundaries
zone
zone
organic
matter
peak
heights
oil
yield
zone
mahogany
zone
feet
meters
explanation
oil
shale
marlstone
limestone
contorted
oil
shale
sandstone
figure
chemostratigraphic
profiles
ratios
calcite
dolomite
organic
matter
carbonate
mineralogy
peak
heights
richness
oil
yield
gallons
per
ton
usgs
geological
survey
coyote
wash
well
uinta
basin
isotope
values
reported
per
mil
pdb
dashed
regression
lines
represent
temporal
trends
solid
horizontal
lines
represent
major
lithostratigraphic
boundaries
zone
zone
zmttl
mmz
ttl
results
cis
dolomite
pdb
dolomite
pdb
figure
plots
showing
degree
correlation
calcite
dolomite
calcite
dolomite
usbm
ola
well
usgs
coyote
wash
well
point
graph
represents
isotopic
value
carbon
versus
oxygen
one
sample
values
variable
calcite
dolomite
values
nahcolite
piceance
creek
basin
display
considerable
variation
substantial
enrichment
ranging
comparison
values
nahcolite
carbonate
minerals
sample
show
nahcolite
enriched
relative
calcite
dolomite
values
organic
matter
piceance
creek
uinta
basins
remain
relatively
constant
throughout
formation
dean
anders
study
highest
values
occur
open
hydrologic
facies
uinta
basin
oil
yield
shales
generally
varies
significantly
ranging
gallons
per
ton
highest
oil
yields
closed
hydrologic
facies
lowest
oil
yields
open
hydrologic
facies
distribution
carbon
oxygen
isotopes
three
populations
types
carbonate
recognized
green
river
formation
basis
range
distribution
compositions
figs
one
type
characterizes
open
hydrologic
facies
uinta
basin
type
slight
positive
negative
values
generally
negative
values
define
linear
trend
high
degree
correlation
fig
stratigraphic
equivalents
cored
study
well
piceance
creek
basin
however
comparable
depositional
hydrologic
environments
existed
basins
uinta
basin
primary
trend
superimposed
isotope
plot
solid
line
fig
facilitate
interpretation
data
second
type
carbonate
widespread
closed
hydrologic
facies
basins
displays
extreme
positive
values
generally
negative
values
displaced
well
uinta
basin
linear
carbonate
trend
correlation
exists
figs
third
type
occurs
piceance
creek
basin
slight
negative
values
slight
negative
values
displaced
uinta
basin
linear
trend
fig
compositional
overlap
first
two
carbonate
types
may
occur
within
individual
lithofacies
see
facies
plots
figs
evaporite
facies
piceance
creek
basin
two
populations
nahcolite
distinguished
basis
range
values
table
nodular
nahcolite
moderate
extreme
positive
values
generally
restricted
middle
lower
part
facies
bedded
nahcolite
slight
moderate
positive
values
occurs
upper
part
evaporite
facies
figure
following
page
relationship
versus
primary
diagenetic
carbonate
minerals
usbm
ola
well
piceance
creek
basin
primary
carbonate
trend
uinta
basin
shown
reference
isotope
data
individual
lithofacies
right
plot
note
similarity
diagenetic
trends
green
river
formation
lake
bosumtwi
see
fig
origin
primary
diagenetic
carbonates
green
river
formation
colorado
utah
carbonate
ttend
coyote
wash
well
lithofacies
oil
shale
evaporite
leached
zone
argillaceous
shale
hydrologic
state
closed
closed
closed
closed
calcite
dolomite
facies
evaporite
facies
iiii
facies
discussion
facies
facies
lithofacies
oil
shale
shell
carbonate
hydrologic
state
closed
open
calcite
dolomite
figure
relationship
versus
primary
diagenetic
carbonate
minerals
usgs
coyote
wash
well
uinta
basin
primary
carbonate
trend
shown
solid
line
drawn
data
points
note
compositional
overlap
carbonate
types
facies
anomalous
values
included
regression
calculations
isotope
data
individual
lithofacies
right
plot
note
similarity
diagenetic
trends
green
river
formation
lake
bosumtwi
see
fig
discussion
primary
versus
diagenetic
carbonate
degree
correlation
compositions
distinguishes
primary
versus
diagenetic
calcites
dolomites
modem
closed
saline
alkaline
lakes
high
organic
productivity
talbot
kelts
data
botz
others
replotted
talbot
one
example
lake
bosumtwi
ghana
africa
talbot
kelts
fig
carbonate
minerals
form
primary
precipitates
lake
bosumtwi
tend
show
slight
positive
negative
values
high
degree
correlation
diagenetic
carbonate
precipitates
display
variable
moderate
extreme
positive
values
shifted
primary
carbonate
trend
green
river
formation
carbonate
minerals
exhibit
isotopic
distribution
pattern
comparable
lake
bosumtwi
carbonates
see
figs
despite
lower
range
values
basis
lake
bosumtwi
data
origin
primary
diagenetic
carbonates
green
river
formation
colorado
utah
primary
carbonates
ocn
diagenetic
trend
primary
trend
calcite
aragonite
calcite
dolomite
siderite
figure
isotopic
composltlons
primary
diagenetic
carbonate
minerals
lake
bosumtwi
ghana
talbot
kelts
solid
lines
depict
primary
diagenetic
methanogenic
trends
calcites
dolomites
green
river
slightly
opositive
values
formed
mainly
primary
precipitation
water
mass
whereas
carbonate
phases
moderate
high
positive
values
greater
formed
predominantly
diagenetic
processes
close
interface
calcites
dolomites
negative
values
piceance
creek
basin
interpreted
formed
primary
precipitation
rather
diagenesis
carbonisotopesofcarbonate
carbon
isotopes
carbonates
green
river
formation
record
composition
dissolved
inorganic
carbon
dic
reservoir
lake
water
sediments
time
carbonate
precipitation
carbon
reservoir
lake
modified
rates
organic
productivity
atmospheric
exchange
bacterially
mediated
diagenetic
reactions
degree
basin
closure
residence
time
also
greatly
influenced
dic
compositions
uinta
basin
compositions
calcites
dolomites
along
primary
trend
see
fig
interpreted
record
evolution
aqueous
bicarbonate
lake
shifted
hydrologically
open
short
regime
hydrologically
restricted
long
regime
negative
values
trend
correspond
initial
starting
values
bicarbonate
within
range
reported
marine
carbonate
alluvial
rocks
keith
weber
weber
suggests
ground
water
containing
dissolved
eroded
paleozoic
carbonate
rock
principal
recharge
source
basin
positive
values
carbonate
trend
reflect
influence
increased
basin
closure
water
residence
time
composition
carbon
reservoir
values
enriched
coupled
generally
high
richness
host
shales
argues
dic
reservoir
regulated
increased
effects
photosynthesis
paralleling
progressive
eutrophication
effects
photosynthesis
composition
enhanced
increased
salinity
stratification
water
exchange
atmosphere
lake
water
appears
played
less
important
role
composition
carbon
reservoir
basin
closure
diagenetic
carbonates
piceance
creek
uinta
basins
substantial
evidence
suggesting
bicarbonate
rather
bicarbonate
governed
precipitation
diagenetic
carbonates
shales
first
values
carbonates
moderately
highly
positive
figs
rapid
reduction
sulfate
accompanying
large
carbon
flux
organic
matter
undoubtedly
caused
alkalinities
increase
greatly
process
led
formation
compounds
methane
associated
via
acetate
metabolism
turn
promoted
precipitation
diagenetic
carbonate
minerals
enriched
second
compositions
carbonates
displaced
positive
values
relative
primary
carbonate
trend
similar
diagenetic
methanic
calcites
dolomites
modem
lake
bosumtwi
compare
figs
fig
diagenetic
carbonates
lake
bosumtwi
form
sediment
pore
waters
overlying
lake
waters
high
rates
evaporation
methanogenesis
talbot
kelts
third
changes
compositions
calcites
dolomites
generally
vary
independently
relative
changes
compositions
organic
matter
figs
inverse
relationship
discussion
suggests
either
isotopic
record
organic
matter
complex
thus
distinct
carbonate
calcite
dolomite
formed
carbon
reservoir
controlled
exclusively
latter
likely
case
basis
evidence
presented
calcites
dolomites
greater
green
river
formation
early
diagenetic
products
formed
bacterial
regime
methanogenic
processes
active
sedimentation
organic
matter
burial
rates
carbon
high
bacterial
methanogenesis
strong
affect
dic
turn
isotopic
composition
diagenetic
carbonates
supported
occurrence
organically
derived
sulfur
disseminated
disulfide
minerals
respectively
shales
tuttle
goldhaber
tuttle
goldhaber
indicate
bacterial
sulfate
reduction
essentially
completed
lake
water
kept
sediments
undersaturated
respect
sulfate
minerals
sulfate
depleted
bacteria
methanic
bacteria
became
dominant
high
iron
content
carbonate
species
may
resulted
insufficient
amounts
hydrogen
sulfide
precipitate
available
ferrous
iron
pyrite
cole
dyni
primary
carbonates
isotopically
light
values
calcites
dolomites
brecciated
shales
evaporite
facies
piceance
creek
basin
fig
interpreted
two
ways
values
could
reflect
reequilibration
recrystallization
meteoric
water
containing
soil
late
burial
history
however
compositions
show
lower
values
would
expected
carbonate
precipitation
related
recrystallization
therefore
carbonates
artifact
recrystallization
reasonable
explanation
light
values
reflect
processes
related
decreased
burial
rates
respiration
increased
content
intermediate
deep
waters
lake
uinta
upon
reflux
overlying
waters
composition
bicarbonate
resulting
carbonate
precipitates
would
shifted
lighter
values
increased
circulation
water
column
indicates
water
body
tended
toward
less
stratification
oxygenisotopesofcarbonate
oxygen
isotope
compositions
carbonate
minerals
green
river
formation
predominantly
function
ratio
water
precipitated
carbonates
distribution
compositions
along
primary
carbonate
trend
uinta
basin
fig
records
isotopic
evolution
lake
uinta
shifted
open
short
regime
closed
saline
long
regime
values
carbonate
near
negative
end
trend
including
data
shell
carbonate
environments
rocque
reflect
composition
inflow
water
freshest
waters
lake
values
near
positive
end
trend
record
compositions
evolved
waters
lake
waters
occurred
areas
evaporation
high
progressive
isotopic
evolution
water
body
paralleled
increased
closure
residence
time
water
resulted
primary
carbonate
minerals
enriched
relative
inflow
water
continuity
primary
trend
time
suggests
major
changes
source
fresh
water
lake
occur
like
primary
carbonate
minerals
diagenetic
phases
green
river
also
preserve
record
lake
uinta
isotopic
evolution
basins
values
diagenetic
carbonates
partially
completely
overlap
compositional
range
oxygen
primary
carbonate
minerals
see
figs
suggests
isotopically
modified
pore
waters
essentially
composition
overlying
evaporated
lake
waters
values
diagenetic
carbonates
piceance
creek
basin
fig
show
wide
scatter
compared
limited
range
values
diagenetic
carbonates
uinta
basin
negative
values
reflect
less
saline
pore
waters
indicate
shallow
fresher
water
conditions
lake
initial
stages
closure
positive
values
reflect
saline
pore
waters
imply
highly
evaporated
waters
overlying
lake
linear
trend
facies
see
facies
plots
figs
consistent
pore
waters
became
progressively
evolved
evaporation
residence
time
water
lake
increased
extent
evaporation
turn
isotopic
evolution
green
river
lakes
time
closed
precipitating
carbonate
evaluated
using
fractionation
equation
friedman
calcite
calculated
water
compositions
smow
standard
mean
ocean
water
based
estimated
carbonate
precipitation
temperature
average
carbonate
values
specific
various
lithofacies
freshest
water
existed
lakes
open
short
regimes
estimated
composition
later
upon
closure
basins
lake
waters
evolved
heavier
compositions
periods
formation
alternated
episodes
deposition
piceance
creek
basin
waters
brackish
slightly
saline
origin
primary
diagenetic
carbonates
green
river
formation
colorado
utah
compositions
approximately
relative
lake
inflow
waters
evolved
isotopically
much
presumably
water
mass
became
isotopically
even
heavier
periods
extreme
evaporation
ended
deposition
time
evaporite
minerals
forming
piceance
basin
lake
waters
estimated
compositions
approximately
depositing
oil
shale
uinta
basin
waters
also
isotopically
modified
relative
inflow
waters
following
formation
facies
piceance
creek
basin
lakes
basins
increased
size
productivity
period
precipitating
waters
piceance
creek
basin
estimated
compositions
whereas
uinta
basin
water
mass
slightly
heavier
enrichment
uinta
basin
lake
consistent
lake
waters
farther
source
inflow
waters
thus
affected
greater
evaporation
similar
conclusion
reached
tuttle
goldhaber
basis
sulfur
isotope
geochemistry
formation
isotopic
trends
carbonate
curves
temporal
trends
isotope
curves
carbonate
dashed
lines
figs
document
evolution
carbon
oxygen
cycles
green
river
lakes
perturbations
superimposed
trends
record
alterations
geochemical
cycles
much
shorter
time
periods
variations
carbon
oxygen
budget
lake
uinta
probably
controlled
changes
climate
tectonic
conditions
eocene
piceance
creek
basin
decreasing
values
carbonate
nahcolite
bottom
facies
top
evaporite
facies
parallel
oslight
increase
carbonate
fig
contrast
inocreasing
carbonate
corresponds
slight
decreasing
values
carbonate
facies
uinta
basin
increasing
carbonate
extends
upward
facies
accompanied
associated
changes
values
fig
superimposed
trends
carbonate
rhythmic
succession
positive
negative
excursions
figs
trends
contrast
display
minor
fluctuations
excursions
generally
correlate
zones
richness
oil
yield
carbonate
mineralogy
see
grabowski
pavear
basis
data
positive
excursions
correspond
zones
increased
oil
yield
higher
ratios
negative
excursions
correspond
zones
decreased
oil
yield
lower
ratios
positive
correlation
three
parameters
wells
present
study
based
indistinct
large
sample
spacing
carbon
trends
combination
biologic
processes
lake
waters
sediments
produced
evolutionary
trends
carbon
curves
carbonate
observed
trends
uinta
basin
would
expected
lake
closed
freshwater
inflow
increase
heavier
values
initially
related
intense
photosynthetic
activity
removal
organic
carbon
however
productivity
increased
time
rates
burial
became
high
promoted
bacterial
methanogenesis
sediments
formation
carbonate
precipitates
heavier
values
set
processes
explain
carbonate
trends
facies
piceance
creek
basin
shown
figure
trends
versus
evaporite
facies
piceance
creek
basin
diverge
time
thus
long
period
deposition
compositions
carbon
reservoir
progressively
decreased
compositions
oxygen
reservoir
systematically
increased
suggests
carbonate
precipitation
related
increased
salinity
caused
evaporation
lazar
erez
shown
atmospheric
invasion
saline
alkaline
water
causes
large
negative
fractionation
brine
atmospheric
intense
photosynthetic
activity
photosynthetic
effect
reported
freshwater
lake
herczeg
fairbanks
possibility
due
kinetic
isotope
fractionation
piceance
creek
basin
compatible
measured
values
enrichment
carbonate
however
inconsistent
small
changes
compositions
organic
matter
eocene
lake
uinta
partial
pressure
dissolved
much
greater
atmospheric
large
bicarbonate
reservoir
water
consequently
organic
carbon
fixed
would
depleted
per
mil
calder
parker
herczeg
fairbanks
basis
geochemical
conditions
concluded
exchange
dominant
process
controlling
carbonate
precipitation
piceance
creek
basin
deposition
evaporite
facies
reasonable
explanation
carbonate
trends
evaporite
facies
reflect
effects
increased
respiration
oxidation
organic
matter
source
high
input
isotopically
light
originating
organic
matter
water
mass
means
diffusion
would
shifted
composition
carbon
reservoir
water
resulting
carbonate
precipitates
lighter
values
increased
effects
respiration
also
account
decrease
nahcolite
bottom
top
acknowledgments
evaporite
facies
positive
values
high
diagenetic
nodules
near
base
facies
clearly
indicate
generation
methane
associated
sediments
demonstrated
nahcolite
precipitates
pressure
water
least
times
atmosphere
see
fig
bradley
eugster
lower
values
low
bedded
nahcolite
top
facies
attributed
precipitation
overlying
lake
waters
processes
active
ratio
biogenic
organic
matter
green
river
lakes
varied
substantially
short
time
intervals
recorded
succession
broad
positive
negative
excursions
carbon
trends
carbonate
particularly
piceance
creek
basin
positive
excursions
reflect
increases
burial
indicate
influence
bacterial
methanogenesis
thus
generally
preserve
original
primary
carbon
trend
contrast
negative
excursions
reflect
decreases
burial
represent
effects
hence
record
predominantly
primary
carbon
trend
rhythmically
alternating
carbon
excursions
ultimately
may
provide
historic
record
paleoclimate
change
modified
local
sedimentation
effects
oxygen
trends
temporal
trends
curves
carbonate
record
history
green
river
lakes
effects
long
water
residence
time
composition
oxygen
reservoir
water
piceance
creek
basin
slight
increases
parallel
increased
tions
nahcolite
implying
progressive
evaporation
shallowing
piceance
creek
basin
lake
time
buildup
heavy
isotope
oxygen
small
comparison
modern
saline
lakes
suggests
lake
received
minor
inflow
mitigated
effects
extreme
evaporation
decreases
carbonate
facies
consistent
expansion
deepening
lake
trends
uinta
basin
indicate
water
body
tended
toward
hydrologic
stability
stable
water
body
implies
minor
alterations
ratio
freshwater
inflow
evaporative
loss
hence
also
implies
isotopic
continuity
water
positive
negative
excursions
curves
record
alterations
hydrologic
balance
positive
excursions
correspond
increased
evaporation
negative
excursions
correspond
increased
lake
inflow
piceance
creek
basin
nounced
positive
excursion
base
facies
observed
stratigraphic
position
uinta
basin
excursion
immediately
overlies
interval
nahcolite
formerly
widespread
piceance
creek
basin
nahcolite
precipitated
carbonate
mudflats
period
maximum
lake
regression
later
upon
lake
expansion
reworked
center
lake
may
added
component
heavy
oxygen
reservoir
water
caused
composition
precipitated
carbonates
shift
heavier
values
return
light
values
interval
suggests
effect
short
lived
large
reservoir
water
fact
positive
excursion
observed
uinta
basin
may
reflect
absence
nahcolite
assuming
source
heavy
oxygen
conclusions
geochemical
evidence
presented
study
indicates
lake
processes
piceance
creek
uinta
basins
promoted
enrichment
relative
inorganic
carbon
initially
green
river
systems
enriched
values
greater
caused
bacterial
methanogenesis
sediment
pore
waters
early
diagenesis
less
enriched
values
less
produced
lake
waters
resulted
organic
matter
deposited
beneath
anoxic
bottom
waters
fig
degree
stratification
strongly
influenced
processes
primary
versus
diagenetic
governing
carbonate
precipitation
lake
waters
well
stratified
high
levels
organic
productivity
carbon
burial
promoted
bacterial
methanogenesis
formation
diagenetic
carbonates
anoxic
sediments
conversely
lake
waters
poorly
stratified
processes
resulted
primary
carbonate
precipitation
water
decomposition
respiration
organic
matter
lake
piceance
creek
basin
poorly
stratified
reversed
bicarbonate
enrichment
caused
photosynthesis
values
carbonate
indicate
waters
green
river
lakes
predominantly
brackish
slightly
saline
relative
seawater
except
periods
deposition
waters
presumably
brines
periods
rise
fall
recorded
variations
carbonate
much
eocene
time
green
river
lakes
hydrologically
closed
resulted
significant
increases
salinity
due
evaporation
isotopic
evolution
water
acknowledgments
work
study
based
funded
evolution
sedimentary
basins
program
geological
survey
analysis
performed
carbonate
assemblage
augusta
warden
petroleum
geology
isotope
geochemical
laboratory
usgs
origin
primary
diagenetic
carbonates
green
river
formation
colorado
utah
lithofacies
lake
state
bicarbonate
source
salinity
resprration
methanogenesis
low
high
low
lake
level
high
oil
shale
leached
zone
evaporite
closed
argillaceous
shale
lithofacies
lake
state
bicarbonate
source
salinity
resprration
methanogenesrs
low
high
low
lake
level
high
oil
shale
closed
carbonateclastic
semirestricted
figure
schematic
hydrologic
model
summarizing
temporal
changes
bicarbonate
source
lake
level
salinity
lake
uinta
system
piceance
creek
basin
uinta
basin
denver
analyses
also
performed
contract
global
geochemistry
corporation
habra
laramie
energy
research
center
kindly
provided
core
material
fischer
assay
analyses
study
references
cited
botz
stoffers
tietze
isotope
geochemistry
carbonate
sediments
lake
kivu
africa
chemical
geology
bradley
eugster
geochemistry
paleolimnology
trona
deposits
associated
authigenic
minerals
green
river
formation
wyoming
geological
survey
professional
paper
calder
parker
geochemical
implications
induced
changes
fractionation
algae
geochimica
cosmochimica
acta
cole
dyni
origin
lacustrine
creek
member
green
river
formation
colorado
society
economic
paleontologists
mineralogists
abstracts
programs
references
cited
dean
anders
effects
source
depositional
environment
diagenesis
characteristics
organic
matter
oil
shale
green
river
formation
wyoming
utah
colorado
tuttle
geochemical
biogeochemical
sedimentological
studies
green
river
formation
wyoming
utah
colorado
geological
survey
bulletin
eugster
surdam
depositional
environment
green
river
formation
preliminary
report
geological
society
america
bulletin
friedman
compilation
stable
isotope
fractionation
factors
geochemical
interest
geological
survey
professional
paper
grabowski
pavear
sedimentology
petrology
profunda
lacustrine
sediments
mahogany
zone
green
river
formation
piceance
creek
basin
northwest
colorado
society
economic
paleontologists
mineralogists
core
workshop
carbonates
buildups
turbidites
debris
flows
chalks
society
sedimentary
geology
herczeg
fairbanks
anomalous
carbon
isotope
fractionation
atmospheric
dissolved
inorganic
carbon
induced
intense
photosynthesis
geochimica
cosmochimica
acta
keith
weber
carbon
oxygen
isotopic
composition
selected
limestones
fossils
geochimica
cosmochimica
acta
rocque
molluscan
faunas
flagstaff
formation
central
utah
geological
society
american
memoir
lazar
boaz
erez
jonathan
carbon
geochemistry
depletions
due
intense
photosynthesis
geochimica
cosmochimica
acta
ryder
fouch
elison
early
tertiary
sedimentation
western
uinta
basin
utah
geological
society
america
bulletin
stanfield
frost
method
assaying
oil
shale
modified
fisher
assay
retort
bureau
mines
report
investigations
talbot
review
palaeohydrological
interpretation
carbon
oxygen
isotopic
ratios
primary
lacustrine
carbonates
chemical
geology
isotope
geochemistry
section
talbot
kelts
primary
diagenetic
carbonates
anoxic
sediments
lake
bosumtwi
ghana
geology
paleolimnological
signature
carbon
oxygen
isotopic
ratios
carbonates
lacustrine
sediments
katz
rosendahl
lacustrine
studies
modem
analogues
american
association
petroleum
geologists
studies
geology
tuttle
goldhaber
sedimentary
sulfur
geochemistry
ancient
lakes
uinta
deposition
diagenesis
paleogene
green
river
formation
geochimica
cosmochimica
acta
walters
claypool
choquette
reaction
rates
variation
acid
preparation
method
geochimica
cosmochimica
acta
weber
isotopic
composition
flagstaff
carbonate
rocks
bearing
history
lake
flagstaff
central
utah
geochimica
cosmochimica
acta
published
central
region
denver
colorado
manuscript
approved
publication
may
edited
richard
scott
graphics
prepared
william
sowers
use
made
material
photocomposition
gayle
dumonceaux
government
printing
office
region
selected
series
geological
survey
publications
earthquakes
volcanoes
issued
bimonthly
preliminary
determination
epicenters
issued
monthly
books
reports
professional
papers
mainly
comprehensive
scientific
reports
wide
lasting
interest
importance
professional
scientists
ngineers
included
reports
results
resource
studies
pographic
hydrologic
geologic
investigations
also
include
ollections
related
papers
addressing
different
aspects
single
scintific
topic
bulletins
contain
significant
data
interpretations
scientific
interest
generally
limited
scope
georaphic
coverage
professional
papers
include
results
reource
studies
geologic
topographic
investigations
well
ollections
short
papers
related
specific
topic
papers
comprehensive
reports
present
interpretive
results
hydrologic
investigations
wide
interest
professional
geologists
hydrologists
engineers
series
covers
nvestigations
phases
hydrology
including
hydrology
availabilty
water
quality
water
use
water
circulars
present
administrative
information
important
scientif
information
wide
popular
interest
format
designed
distribuion
cost
public
information
usually
interest
investigations
reports
papers
intertretive
nature
made
available
public
outside
formal
usgs
pubications
series
copies
reproduced
request
unlike
formal
usgs
tublications
also
available
public
inspection
deposiories
indicated
usgs
catalogs
reports
include
unpublished
manuscript
reports
maps
tnd
material
made
available
public
consultation
delositories
nonpermanent
form
publication
may
cit
publications
sources
information
jlaps
geologic
quadrangle
maps
multicolor
geologic
maps
toiographic
bases
quadrangle
formats
scales
mainy
showing
bedrock
surficial
engineering
maps
generally
include
brief
texts
maps
include
structure
columnar
sections
geophysical
investigations
maps
topographic
planimetic
bases
various
scales
show
results
surveys
using
geophysical
echniques
gravity
magnetic
seismic
radioactivity
relect
subsurface
structures
economic
geologic
significance
vtany
maps
include
correlations
geology
miscellaneous
investigations
series
maps
planimetric
opographic
bases
regular
irregular
areas
various
scales
resent
wide
variety
format
subject
matter
series
also
ludes
quadrangle
photogeologic
maps
planimetric
ases
show
geology
interpreted
aerial
photographs
eries
also
includes
maps
mars
moon
coal
investigations
maps
geologic
maps
topographic
planimetric
bases
various
scales
showing
bedrock
surficial
geology
stratigraphy
structural
relations
certain
areas
oil
gas
investigations
charts
show
stratigraphic
information
certain
oil
gas
fields
areas
petroleum
potential
miscellaneous
field
studies
maps
multicolor
maps
topographic
planimetric
bases
quadrangle
ular
areas
various
scales
maps
show
bedrock
geology
relation
specific
mining
problems
maps
primarily
maps
various
subjects
environmental
studies
wilderness
mineral
investigations
hydrologic
investigations
atlases
multicolored
maps
topographic
planimetric
bases
presenting
geohydrologic
data
regular
irregular
areas
pnnctpal
scale
regional
studies
scale
smaller
catalogs
permanent
catalogs
well
others
giving
comprehensive
listings
geological
survey
publications
available
conditions
indicated
usgs
map
distribution
box
building
denver
federal
center
denver
see
latest
price
availability
list
publications
geological
survey
may
purchased
mail
counter
paperback
book
form
set
microfiche
publications
geological
survey
may
purchased
mail
counter
paperback
book
form
set
microfiche
publications
geological
suryey
may
purchased
mail
counter
paperback
book
form
two
volumes
publications
listing
index
set
microfiche
supplements
quent
years
since
last
permanent
catalog
may
purchased
matl
counter
paperback
book
form
state
catalogs
list
geological
survey
geologic
reports
maps
state
may
purchased
mail
counter
paperback
booklet
form
price
availability
list
geological
survey
publications
issued
annually
available
free
charge
paperback
booklet
form
selected
copies
monthly
catalog
new
publications
geological
survey
available
free
charge
mail
may
obtained
counter
paperback
booklet
form
wishing
free
subscription
monthly
catalog
new
publications
geological
survey
write
geological
survey
national
center
reston
government
publications
listed
older
catalogs
announcements
publications
may
incorrect
therefore
prices
charged
may
differ
prices
catalogs
announcements
publications
