underclay
deposits
somerset
eastern
fayette
counties
pennsylvania
john
hosterman
geological
survey
bulletin
geological
mineralogical
chemical
study
underclay
beds
allegheny
formation
southwestern
pennsylvania
united
states
government
printing
office
washington
united
states
department
interior
rogers
morton
secretary
geological
survey
mckelvey
director
library
congress
sale
superintendent
documents
government
printina
office
washinaton
price
cents
paper
cover
stock
number
contents
abstract
introduction
geology
underclay
beds
brookville
underclay
bed
clarion
underclay
bed
lower
kittanning
underclay
bed
middle
kittanning
underclay
bed
upper
kittanning
underclay
bed
lower
freeport
underclay
bed
bolivar
clay
bed
upper
freeport
underclay
bed
origin
underclay
conclusions
references
cited
page
illustrations
plate
page
map
showing
outcrop
allegheny
group
somerset
county
pennsylvania
adjacent
areas
pocket
columnar
sections
allegheny
group
somerset
eastern
fayette
counties
pennsylvania
pocket
table
table
chemical
mineralogical
composition
allegheny
group
underclays
somerset
eastern
fayette
part
eastern
westmoreland
counties
page
iii
underclay
deposits
somerset
eastern
fayette
counties
pennsylvania
john
hosterman
abstract
economically
important
underclay
beds
somerset
eastern
fayette
part
eastern
westmoreland
counties
allegheny
group
pennsylvanian
age
beds
local
usage
oldest
youngest
called
brookville
clarion
lower
kittanning
upper
kittanning
lower
freeport
bolivar
upper
freeport
clarion
lower
kittanning
upper
kittanning
bolivar
best
clay
beds
potential
economic
standpoint
contain
flint
semiflint
clay
used
primarily
making
refractory
clay
products
underclay
beds
probably
result
leaching
finegrained
sediments
acid
swamp
introduction
area
underclay
investigation
somerset
eastern
fayette
part
eastern
westmoreland
counties
southwestern
pennsylvania
includes
contiguous
strip
allegany
garrett
counties
preston
county
approximate
boundaries
report
area
chestnut
ridge
west
allegheny
front
east
southern
boundary
approximately
miles
south
pennsylvania
line
northern
boundary
contiguous
north
boundary
somerset
county
area
drained
youghiogheny
casselman
rivers
tributaries
rivers
flow
northwestward
ohio
river
small
area
southeastern
somerset
county
drained
wills
creek
tributaries
creek
flows
potomac
river
entire
area
within
allegheny
mountain
section
appalachian
plateaus
physiographic
province
immediately
east
allegheny
front
separates
appalachian
mountains
valley
ridge
province
allegheny
mountains
three
main
ridges
allegheny
mountain
laurel
hill
chestnut
ridge
trend
feet
adjacent
valleys
underclay
deposits
pennsylvania
purpose
project
study
mineralogical
chemical
composition
economic
clay
beds
area
compile
data
occurrences
clay
grateful
mining
personnel
refractories
general
refractories
kaiser
refractories
chemical
allowing
access
strip
mines
wish
thank
david
jones
southwestern
mines
helpful
cooperation
geology
sedimentary
rocks
allegheny
plateau
lie
series
rather
open
folds
flank
dips
three
ridges
chestnut
ridge
laurel
hill
negro
mountain
anticlinal
intervening
valleys
synclinal
younger
rocks
exposed
valleys
older
rocks
crop
along
ridges
exceptions
structure
pattern
allegheny
big
savage
mountains
steeply
dipping
opposite
limbs
deer
park
anticline
little
allegheny
mountain
steeply
dipping
limb
syncline
rocks
youngest
strata
area
therefore
strip
mines
old
underground
mines
valleys
lower
slopes
ridges
areal
distribution
sedimentary
rocks
shown
geologic
maps
pennsylvania
maryland
gray
others
cleaves
others
geologic
maps
covering
parts
area
flint
hickok
moyer
richardson
stratigraphic
column
exposed
rocks
area
pennsylvanian
system
monongahela
group
conemaugh
group
allegheny
group
pottsville
group
mississippian
system
mauch
chunk
formation
loyalhanna
limestone
pocono
formation
devonian
catskill
formation
jennings
formation
total
thickness
strata
feet
however
report
concerned
hundred
feet
geology
allegheny
group
contains
economic
clay
deposits
allegheny
group
includes
sedimentary
rocks
top
homewood
formation
pottsville
group
top
upper
freeport
coal
usually
underlies
mahoning
sandstone
member
glenshaw
formation
conemaugh
group
group
ranges
thickness
feet
flank
chestnut
ridge
hickok
moyer
feet
somerset
county
flint
measured
sections
show
thickness
ranges
feet
near
ohiopyle
fayette
county
sample
locs
feet
williams
somerset
county
sample
loc
allegheny
group
composed
predominantly
shale
siltstone
sandstone
coal
clay
make
percent
entire
group
important
economic
value
group
divided
hickok
moyer
three
formations
clarion
kittanning
freeport
clarion
formation
includes
strata
top
homewood
base
underclay
beneath
lower
kittanning
coal
approximately
feet
thick
contains
brookville
clarion
coal
underclay
beds
mount
savage
clay
maryland
waage
equivalent
clarion
clay
pennsylvania
kittanning
formation
includes
strata
base
lower
kittanning
underclay
top
upper
kittanning
coal
formation
feet
feet
thick
hickok
moyer
contains
lower
middle
upper
kittanning
coal
clay
beds
freeport
formation
includes
strata
top
upper
kittanning
coal
base
mahoning
sandstone
member
top
upper
freeport
coal
formation
ranges
thickness
feet
contains
lower
upper
freeport
coal
clay
beds
also
contains
bolivar
clay
bed
westmoreland
fayette
counties
underclay
beds
underclay
beds
contain
one
two
three
types
clayflint
semiflint
plastic
underclay
ranges
light
gray
dark
gray
differences
color
chiefly
caused
differing
amounts
carbonaceous
matter
munsell
color
designations
kelly
judd
underclay
deposits
pennsylvania
clay
brief
discussion
mineralogical
chemical
properties
three
types
clay
follows
flint
clay
hard
nonplastic
refractory
clay
composed
percent
kaolinite
trace
illite
however
much
percent
quartz
silt
may
present
flint
clays
best
grade
flint
clay
area
composed
percent
percent
percent
loc
table
sio
contents
slightly
composition
theoretical
kaolinite
percent
percent
percent
pyrometric
cone
equivalent
standard
method
measuring
clay
resistance
heat
flint
clay
ranges
semiflint
clay
intermediate
gradational
flint
plastic
clay
physical
properties
composition
chemical
composition
semiflint
clay
composed
kaolinite
illite
clay
minerals
amount
kaolinite
however
twice
combined
amount
illite
clay
quartz
major
nonclay
mineral
occurs
silt
amounts
percent
semiflint
clay
range
clay
distinctly
lower
properties
flint
clay
fluxing
effect
alkali
content
illite
clay
minerals
plastic
clay
consists
mixture
kaolinite
illite
mixedlayer
clay
amount
kaolinite
equal
combined
amount
illite
clay
value
plastic
clay
plasticity
rather
refractory
properties
consequently
commonly
used
bond
nonplastic
flint
semiflint
clays
quartz
present
silt
amounts
percent
presence
quartz
silt
sample
often
misleads
field
identification
type
clay
quartz
silt
tends
make
clay
harder
plastic
clay
looks
like
semiflint
semiflint
clay
looks
like
flint
plastic
clay
diffraction
method
identifying
clay
minerals
fluorescence
method
determining
chemical
composition
routine
details
sample
preparation
described
hosterman
diffraction
samples
treated
ethylene
glycol
test
presence
expandable
clay
montmorillonite
heated
check
presence
collapsible
clay
vermiculite
heated
test
presence
chlorite
brookville
bed
neither
montmorillonite
vermiculite
found
present
samples
indicated
presence
chlorite
treated
hydrochloric
acid
check
presence
chlorite
kaolinite
clay
ratios
table
based
ratios
obtained
diffraction
traces
data
give
amount
mineral
present
accuracy
percent
clay
ratios
table
derived
ratios
following
diffraction
peaks
kaolinite
illite
chlorite
quartz
crystallinity
kaolinite
ranged
variety
flint
clay
basal
spacing
poorly
crystallized
variety
plastic
clay
basal
spacing
study
area
clays
suitable
refractory
uses
occur
underclays
allegheny
group
opinion
mercer
clay
bed
pottsville
group
mined
extensively
central
pennsylvania
present
economic
clay
study
area
opinion
supported
waage
flint
clays
mined
clarion
lower
kittanning
upper
kittanning
bolivar
beds
clays
brookville
middle
kittanning
lower
freeport
upper
freeport
mined
commercially
detailed
discussion
mineralogy
chemical
composition
bed
follows
brookville
underclay
bed
brookville
oldest
clay
allegheny
group
commonly
feet
homewood
formation
however
many
places
brookville
clay
difficult
differentiate
overlying
clarion
clay
especially
fayette
county
feet
shale
separate
two
clays
one
clay
associated
coal
bed
absent
seven
samples
brookville
clay
taken
five
localities
table
clay
bed
averages
feet
thickness
predominantly
plastic
local
lenses
semiflint
clay
quartz
present
samples
abundant
enough
make
clay
silty
amounts
silica
alumina
potassium
oxide
give
good
indication
potential
commercial
value
clay
brookville
clay
average
chemical
content
percent
sioz
percent
percent
brookville
bed
much
economic
potential
table
composition
allegheny
group
underclays
somerset
eastern
fayette
part
eastern
westmoreland
counties
type
clay
analyses
fluorescence
methods
chemical
results
weight
percent
trace
sample
locality
thickness
loss
ignition
sum
mixed
kaolinite
lllite
layer
chlorite
ratio
quartz
upper
freeport
clay
plastic
silty
plastic
plastic
silty
semiflint
silty
plastic
silty
plastic
plastic
silty
bolivar
clay
plastic
ldo
isemiftint
flint
ido
iplastic
flint
lflint
silty
plastic
plastic
silty
upper
kittanning
clay
plastic
silty
flint
silty
plastic
zzt
plastic
silty
semiflint
plastic
silty
flint
plastic
flint
semiflint
flint
middle
kittanning
clay
plastic
lower
kittanning
clay
plastic
semiflint
plastic
plastic
silty
plastic
flint
plastic
semiflint
flint
plastic
flint
plastic
plastic
silty
semiflint
plastic
silty
flint
plastic
silty
flint
table
mineralogical
composition
allegheny
group
underclays
somerset
eastern
fayette
part
eastern
westmoreland
counties
type
clay
sample
locality
thickness
clarion
clay
semiflint
flint
plastic
flint
semiflint
plastic
semiflint
flint
plastic
silty
flint
plastic
silty
flint
silty
semiflint
flint
plastic
flint
flint
silty
loss
ignition
sum
mixed
kaolinite
dlite
layer
chlorite
quartz
ratio
tzj
tzj
ztzj
semfflint
jlflint
brookville
clay
plastic
silty
semiflint
plastic
plastic
silty
semiflint
plastic
sample
contains
siderite
chemical
analyses
determined
rapid
rock
methods
roadcut
poplar
run
road
miles
north
pennsylvania
route
intersection
old
strip
mine
feet
west
pennsylvania
route
miles
south
mill
run
roadcut
pennsylvania
route
miles
northeast
ohiopyle
strip
mine
roaring
run
miles
north
jennerstown
roadcut
mile
south
draketown
strip
mine
mile
south
ralphton
strip
lnine
near
route
mile
northeast
bertsville
roadcut
pennsylvania
turnpike
miles
east
somerset
interchange
railroad
cut
western
maryland
railroad
mile
south
big
savage
tunnel
old
mine
along
youghiogheny
river
miles
west
mill
run
exposure
along
unimproved
road
miles
south
mill
run
roadcut
pennsylvania
route
mile
north
kaufmann
old
strip
mine
along
pennsylvania
turnpike
miles
west
somerset
interchange
roadcut
pennsylvania
route
scullton
miles
west
new
lexington
railroad
cut
baltimore
ohio
railroad
mile
north
confluence
strip
mine
near
route
miles
southeast
somerset
strip
mine
near
mud
pike
miles
east
bando
roadcut
end
bridge
mile
north
casselman
railroad
cut
east
end
pinkerton
tunnel
ohio
railroad
old
strip
mine
miles
east
beachly
roadcut
old
underground
mine
pennsylvania
route
miles
north
listonburg
roadcut
intersection
pennsylvania
route
route
old
strip
mine
miles
southwest
garrett
table
mineralogical
composition
allegheny
group
underclays
somerset
eastern
fayette
part
eastern
westmoreland
counties
old
strip
mine
miles
southwest
garrett
old
underground
mine
miles
southwest
donaldton
outcrop
secondary
road
miles
north
rasler
run
railroad
cut
baltimore
ohio
railroad
feet
southwest
indian
head
exnosure
along
youghiogheny
river
miles
west
mill
run
roadcut
pennsylvania
route
mile
northeast
ohiopyle
roadcut
cucumber
falls
near
ohiopyle
strip
mine
meadow
run
miles
south
ohiopyle
strip
mine
meadow
run
miles
south
ohiopyle
roadcut
king
bridge
pennsylvania
route
miles
west
new
lexington
strip
mine
mile
east
acosta
roadcut
bando
railroad
cut
western
maryland
railroad
rockwood
railroad
cut
west
end
shoofly
tunnel
baltimore
ohio
railroad
mile
east
fort
hill
strip
mine
mile
west
shanksville
strip
mine
miles
southeast
garrett
old
underground
mine
mile
north
hoblitzell
old
underground
mine
state
line
miles
west
ellerslie
strip
mine
ferguson
run
mile
southeast
ferguson
map
old
strip
mine
miles
east
lemont
furnace
map
exposure
mile
southwest
normalville
railroad
cut
near
baltimore
ohio
station
roadcut
pennsylvania
route
ohiopyle
exposure
laurel
run
miles
south
ohiopyle
railroad
cut
western
maryland
railroad
huston
miles
northwest
confluence
railroad
cut
western
maryland
railroad
across
river
fort
hill
strip
mine
miles
southeast
fort
hill
roadcut
mile
northeast
friendsville
map
strip
mine
miles
south
rockwood
old
strip
mine
tarkiln
run
miles
southwest
grantsville
roadcut
paint
creek
miles
east
windber
old
strip
mine
mile
east
macdonaldton
old
underground
mine
williams
miles
southeast
fairhope
old
underground
mine
mile
south
williams
old
underground
mine
strip
mine
east
slope
big
savage
mountain
miles
north
route
exposure
miles
southwest
normalville
exposure
miles
north
bakersville
zzt
clarion
kittanning
beds
lacks
flint
clay
potassium
content
high
relatively
thin
best
exposure
brookville
clay
near
baltimore
ohio
railroad
station
ohiopyle
locality
loc
feet
semiflint
plastic
clay
exposed
railroad
cut
feet
semiflint
plastic
brookville
clay
exposed
along
western
maryland
railroad
huston
loc
miles
northwest
confluence
clarion
underclay
bed
clarion
mount
savage
clay
bed
stratigraphic
position
feet
brookville
samples
clay
collected
localities
table
bed
averages
almost
feet
thickness
contains
flint
clay
type
clay
quartz
present
silt
many
samples
however
completely
free
quartz
basis
samples
collected
clay
bed
average
percent
percent
percent
thickness
abundance
flint
clay
make
clarion
underclay
economically
important
clay
area
clay
currently
mined
general
refractories
two
localities
negro
miles
south
rockwood
loc
west
slope
near
fort
hill
loc
somerset
county
clarion
clay
bed
mined
kaiser
refractories
chemical
east
slope
big
savage
mountain
near
county
line
miles
west
mount
savage
loc
refractories
tarkiln
run
miles
southwest
grantsville
garrett
county
loc
areas
clarion
clay
mined
williams
wills
creek
somerset
county
loc
glade
city
miles
east
meyersdale
somerset
county
near
macdonaldton
miles
east
berlin
somerset
county
loc
chestnut
ridge
miles
east
lemont
furnace
fayette
county
loc
lower
kittanning
underclay
bed
lower
kittanning
clay
bed
approximately
feet
brookville
underlies
one
extensively
mined
coal
beds
area
samples
clay
collected
localities
table
clay
bed
averages
feet
thickness
contains
plastic
clay
flint
semiflint
clay
quartz
present
silt
samples
siderite
present
samples
lower
underclay
deposits
pennsylvania
kittanning
clay
average
percent
sioz
percent
percent
slightly
higher
amount
potassium
clay
compared
clarion
clay
reflection
abundance
clay
although
lower
kittanning
clay
bed
may
locally
thick
clarion
clay
bed
contains
large
amounts
plastic
clay
consequently
economically
less
important
clarion
bed
lower
kittanning
clay
bed
presently
mined
miles
south
ohiopyle
fayette
county
refractories
kaiser
refractories
chemical
locs
area
companies
removing
approximately
feet
overburden
mine
feet
clay
east
flank
negro
mountain
miles
west
meyersdale
loc
lower
kittanning
clay
mined
shipped
mount
savage
refractories
plant
mount
savage
allegany
county
somerset
county
west
shanksville
loc
lower
kittanning
flint
clay
mined
shipped
hiram
swank
sons
plant
johnstown
recently
company
operated
underground
mine
hollsopple
another
old
underground
mine
lower
kittanning
clay
bed
little
allegheny
mountain
state
line
miles
west
ellerslie
loc
middle
kittanning
underclay
bed
middle
kittanning
clay
bed
approximately
feet
stratigraphically
lower
kittanning
bed
clay
bed
well
exposed
result
one
sample
collected
table
places
observed
clay
plastic
considered
poor
heatresistant
properties
middle
kittanning
clay
bed
averages
feet
thickness
economic
potential
refractory
product
upper
kittanning
underclay
bed
upper
kittanning
clay
bed
stratigraphic
position
feet
lower
kittanning
bed
fourteen
samples
collected
localities
table
clay
averages
little
feet
thickness
plastic
clay
abundant
flint
semiflint
clay
quartz
present
silt
samples
five
samples
silt
sufficiently
abundant
make
clay
silty
upper
kittanning
clay
average
chemical
composition
percent
lower
freeport
bolivar
beds
percent
percent
amount
potassium
reflection
amount
plastic
clay
present
bed
upper
kittanning
semiflint
clay
mined
strip
pit
along
mud
pike
miles
east
bando
loc
shipped
mount
savage
refractories
plant
mount
savage
allegany
county
general
refractories
mined
tons
flint
clay
bed
strip
pit
near
silbaugh
miles
southeast
confluence
miles
east
beachly
somerset
county
loc
upper
kittanning
well
exposed
east
end
pinkerton
tunnel
baltimore
ohio
railroad
loc
old
underground
mine
pennsylvania
state
route
mile
south
beachly
miles
north
listonburg
loc
wwer
freeport
underclay
bed
lower
freeport
clay
bed
stratigraphic
position
approximately
feet
lower
kittanning
bed
bed
observed
two
places
area
roadcut
miles
northeast
ohiopyle
section
extending
locs
lower
freeport
clay
feet
thick
roadcut
cucumber
falls
loc
clay
feet
thick
clay
bed
mined
judging
physical
appearance
clay
two
localities
probably
thin
mine
appears
poor
properties
though
samples
taken
clay
bed
bolivar
clay
bed
name
bolivar
first
applied
clay
mined
vicinity
town
bolivar
northeastern
westmoreland
county
past
years
name
bolivar
variously
applied
several
different
beds
past
workers
waage
flint
used
term
bolivar
interchangeably
upper
freeport
clay
lies
immediately
upper
freeport
coal
bed
however
prefer
usage
hickok
moyer
shaffner
placed
bolivar
feet
upper
freeport
coal
bolivar
clay
bed
stratigraphically
feet
lower
kittanning
however
lenticular
often
missing
particularly
somerset
county
twelve
samples
clay
taken
four
localities
study
area
clay
bed
average
chemical
composition
percent
percent
percent
flint
clay
underclay
deposits
pennsylvania
slightly
abundant
plastic
semiflint
clay
quartz
present
samples
abundant
three
clay
silty
bolivar
clay
bed
extensively
mined
around
bolivar
westmoreland
county
years
deposits
virtually
exhausted
clay
also
mined
small
scale
miles
west
mill
run
fayette
county
along
youghiogheny
river
loc
feet
clay
exposed
strip
mine
exposures
bolivar
clay
roadcut
mile
north
kaufmann
miles
south
mill
run
loc
pit
along
pennsylvania
turnpike
near
clear
run
miles
west
somerset
interchange
feet
silty
plastic
clay
seen
upper
freeport
underclay
bed
upper
freeport
clay
bed
stratigraphically
approximately
feet
lower
kittanning
coal
bed
directly
underlies
upper
freeport
coal
bed
nine
samples
clay
collected
nine
different
localities
table
clay
bed
averages
feet
thickness
contains
average
percent
percent
percent
amount
indicates
upper
freeport
bed
predominantly
plastic
clay
quartz
present
samples
abundant
enough
two
make
clay
silty
upper
freeport
clay
bed
probably
could
exploited
profitably
contains
much
silt
lacks
flint
semiflint
clay
origin
underclay
several
theories
origin
underclay
suggested
various
authors
derivation
colloidal
material
area
lateritic
weathering
deposition
swamps
bolger
weitz
burst
alteration
volcanic
ash
beds
seiders
leaching
sediments
acid
swamps
patterson
hosterman
detailed
sampling
analysis
several
clay
beds
done
determine
beds
showed
meaningful
systematic
variations
chemical
mineralogical
composition
might
helpful
explaining
genesis
underclay
deposits
bolivar
clay
sampled
old
underground
mine
miles
west
mill
run
fayette
county
along
youghiogeny
river
loc
bed
feet
thick
origin
underclay
composed
interbedded
flint
semiflint
plastic
clay
upper
kittanning
bed
sampled
strip
mine
high
wall
east
slope
negro
mountain
miles
northwest
meyersdale
miles
southwest
garrett
somerset
county
loc
bed
feet
thick
composed
flint
clay
lower
kittanning
sampled
roadcut
kings
bridge
mud
pike
somerset
county
loc
clay
plastic
feet
thick
also
sampled
coal
strip
mine
mile
east
acosta
somerset
county
loc
contains
feet
plastic
clay
none
sets
samples
showed
systematic
increase
decrease
amount
sioz
top
bottom
bed
uniform
change
clay
mineralogy
vertical
section
clarion
bed
sampled
old
underground
mine
williams
somerset
county
loc
consists
feet
plastic
clay
underlain
feet
flint
clay
two
sets
samples
collected
locality
showed
increase
decrease
top
bottom
bed
also
amount
kaolinite
increased
amount
illite
decreased
top
base
bed
variations
within
bed
may
fortuitous
plastic
clay
overlying
flint
clay
contributes
variations
mentioned
however
shown
table
different
localities
plastic
clay
occurs
flint
clay
never
constant
relative
position
flint
semiflint
clay
therefore
seems
unlikely
underclays
represent
soil
profile
residual
accumulation
weathering
place
presence
root
fossils
absence
soil
profile
weathering
profile
lack
bedding
intimate
association
overlying
coal
beds
marine
fossils
enclosing
black
shales
suggest
clay
deposited
coastal
swamps
lagoons
mineralogical
chemical
compositions
indicate
underclays
formed
lowgradient
swamps
whose
acidic
reducing
environments
altered
ordinary
sediments
pennsylvanian
age
hypothesis
supported
observations
schultz
patterson
hosterman
theoretically
alteration
clay
leaching
takes
place
shortly
deposition
burial
overlying
sediments
three
types
semiflint
represent
progressive
stages
leaching
process
juvenile
unaltered
underclay
plastic
type
composed
underclay
deposits
pennsylvania
poorly
crystalline
kaolinite
clay
minerals
amount
degree
crystallinity
kaolinite
increases
successively
plastic
semiflint
flint
clay
conversely
amount
illite
clay
decreases
quartz
present
types
clay
silt
fine
sand
ranges
amounts
minute
trace
percent
according
leaching
theory
kaolinite
recrystallizes
forms
concurrently
removal
alkalies
iron
silica
illite
clay
patterson
hosterman
also
leaching
process
sufficiently
intense
long
lasting
almost
silica
quartz
leached
diaspore
boehmite
formed
result
silica
removed
kaolinite
conclusions
economic
potential
underclay
beds
allegheny
group
somerset
eastern
fayette
counties
seem
favorable
mercer
clay
bed
central
pennsylvania
olive
hill
clay
bed
northeastern
kentucky
mercer
clay
olive
hill
clay
occur
pottsville
group
early
pennsylvanian
age
composed
fairly
continuous
beds
flint
semiflint
clay
pennsylvania
geological
survey
hosterman
underclay
beds
allegheny
group
however
contain
considerable
quartz
silt
flint
semiflint
clay
occur
discontinuous
lenses
pods
intercalated
much
plastic
clay
additional
economic
factor
commonwealth
pennsylvania
planning
restrict
mining
vicinity
laurel
hill
area
scheduled
development
recreational
area
however
reserves
silty
flint
semiflint
clay
available
throughout
somerset
eastern
fayette
counties
sufficient
supply
declining
market
refractory
clay
products
best
clay
beds
future
exploitation
clarion
lower
kittanning
upper
kittanning
bolivar
references
cited
bolger
weitz
mineralogy
origin
mercer
fireclay
pennsylvania
inst
mining
metall
engineers
problems
clay
laterite
new
york
term
lmd
commonly
used
literature
author
however
prefers
use
represents
disordered
stacking
unit
cell
random
stacking
one
also
one
references
cited
burst
new
clay
mineral
evidence
concerning
diagenesis
missouri
fireclays
inst
mining
metall
engineers
problems
clay
laterite
new
york
cardwell
erwin
woodward
compilers
geologic
west
virginia
morgantown
sheets
scale
cleaves
others
compilers
editors
geologic
map
maryland
baltimore
maryland
geol
survey
scale
flint
geology
mineral
resources
southern
somerset
county
pennsylvania
pennsylvania
geol
survey
bull
gray
carlyle
others
geologic
map
pennsylvania
harrisburg
pennsylvania
geol
survey
scale
hickok
moyer
geology
mineral
resources
fayette
county
pennsylvania
pennsylvania
geol
survey
bull
hosterman
map
olive
hill
clay
bed
northeastern
kentucky
geol
survey
mineral
inv
field
studies
map
scale
clay
deposits
spokane
county
washington
geol
survey
bull
kelly
judd
methods
designating
colors
dictionary
color
names
natl
bur
standards
circ
patterson
hosterman
geology
refractory
clay
deposits
haldeman
wrigley
quadrangles
kentucky
geol
survey
bull
pennsylvania
geological
survey
map
mercer
clay
adjacent
units
clearfield
centre
clinton
counties
pennsylvania
pennsylvania
geol
survey
map
richardson
description
quadrangles
fpennsylvania
geol
survey
geol
atlas
folio
schultz
petrology
underclays
geol
soc
america
seiders
volcanic
origin
flint
clay
fire
clay
coal
bed
breathitt
formation
eastern
kentucky
geol
survey
paper
shaffner
geology
mineral
resources
new
florence
quadrangle
pennsylvania
pennsylvania
geol
survey
atlas
waage
refractory
clays
maryland
coal
measures
maryland
dept
geology
mines
water
resources
bull
government
printing
office
