contributions
geography
united
states
pedestal
rocks
formed
differential
erosion
kirk
bryan
introduction
isolated
rocks
consisting
larger
mass
resting
smaller
base
pedestal
known
generally
pedestal
rocks
form
one
spectacular
types
natural
monuments
processes
forms
produced
doubtless
numerous
agents
rock
destruction
probable
varied
methods
weathering
abrasion
play
part
formation
rocks
two
preceding
papers
contributions
origin
certain
pedestal
rocks
attributed
abrasion
base
rock
running
water
rain
wash
differential
weathering
paper
additional
examples
rocks
formed
arid
climates
differential
weathering
described
nice
cooperation
chemical
mechanical
weathering
washington
differential
weathering
sandstone
new
mexico
produce
rocks
detailed
study
distinguished
rocks
described
preceding
papers
due
differential
rain
wash
abrasion
running
water
pedestal
rocks
may
produced
abrasive
action
water
suspended
matter
streams
work
waves
seas
lakes
scour
sand
favorable
conditions
production
form
stream
introduction
block
rock
channel
fall
lowering
channel
sides
mass
rock
place
fairly
constant
flow
water
without
excessive
floods
might
violence
snap
pedestal
sufficiently
short
duration
process
abrasion
solution
streams
given
martel
sole
causes
pedestal
rocks
described
large
number
bryan
kirk
pedestal
rocks
arid
southwest
geol
survey
bull
pedestal
rocks
stream
channels
idem
see
also
bryan
kirk
pedestal
rocks
eng
min
jour
press
vol
martel
des
gres
fonlainebleau
services
carte
france
bull
bulletin
several
earlier
papers
dating
back
summarized
contributions
geogeaphy
united
states
various
parts
france
vigorously
combats
idea
rain
wind
erode
rocks
describes
three
rocks
whose
form
produced
stream
action
rock
bed
velon
river
stands
bottom
partly
destroyed
pothole
rock
limestone
cavern
furfoos
protected
weather
rain
wind
fragile
subject
abrasion
must
due
almost
wholly
solution
rock
gibbon
eiver
yellowstone
national
also
described
contends
rivers
strong
turbulent
currents
flowed
level
plateaus
france
particularly
plateau
fontainebleau
although
streams
date
back
pleistocene
pliocene
time
channel
features
still
persist
form
potholes
arches
pedestal
rocks
limestone
areas
subterranean
streams
flowing
caverns
also
produce
forms
partly
solution
partly
abrasion
subsequently
erosion
brought
light
day
effectiveness
stream
erosion
making
rocks
somewhat
limited
set
forth
conclusion
confirmed
rarity
occurrences
beds
present
streams
although
three
examples
cited
martel
seem
entirely
valid
position
regard
rocks
france
represents
point
view
concurred
attribute
rocks
fontainebleau
work
weathering
rain
wash
formation
isolated
masses
abrasive
plucking
action
waves
cliff
common
masses
term
stack
applied
described
number
notched
stack
mass
somewhat
undercut
waves
ordinarily
notch
side
exposed
waves
stacks
notch
weakness
rock
martel
cit
fig
broeck
van
den
martel
rahir
cavernes
les
rivieres
souterraines
belgique
vol
fig
martel
concerning
torrential
origin
peduncular
rocks
compt
vol
bryan
kirk
pedestal
rocks
stream
channels
geol
survey
bull
etude
sur
les
gres
forst
pontainebleau
soc
france
vol
barre
relief
forst
fontainebleau
annales
geographic
vol
lapparent
legons
ographie
physique
paris
haug
traite
geologic
vol
paris
geikie
archibald
scenery
scotland
london
fairbanks
practical
physiography
fig
boston
arber
coastal
scenery
north
devon
london
atwood
geology
mineral
resources
parts
alaska
peninsula
geol
survey
bull
pis
hobbs
earth
features
meaning
figs
johnson
shore
processes
development
pis
new
york
cotton
geomorphology
new
zealand
new
zealand
board
sci
art
manual
fig
dalmage
postpliocene
volcanics
british
columbia
coast
jour
geology
vol
fig
geological
survey
bulletin
plate
hillock
basalt
columns
miles
nohth
wheeler
grant
county
wash
column
left
form
pedestal
rock
photographed
pedestal
bock
formed
mechanical
disruption
basalt
column
photographed
geological
survey
bulletin
plate
sandstone
block
resting
pedestal
shale
detached
bank
formed
part
sandstone
block
resting
rubble
old
talus
elsewhere
stripped
shale
slope
pedestal
rocks
canyon
jemez
creek
mex
photographed
geological
survey
bulletin
plate
hock
sandstone
near
seven
lakes
mckinley
county
mex
photographed
pedestal
rock
sandstone
near
mogillvray
ranch
mckinley
county
mex
photographed
pedestal
rocks
formed
differential
erosion
position
greatest
scour
extends
way
around
stack
notched
stacks
form
pedestal
rocks
obviously
rocks
structurally
weak
easily
destroyed
high
waves
great
storms
direct
abrasive
action
windblown
sand
asserted
number
writers
agent
formation
pedestal
rocks
deserts
neither
descriptions
photographs
presented
writers
wholly
convincing
except
rock
coast
red
sea
described
wade
one
southwest
africa
described
inherent
reason
form
produced
process
provided
winds
sand
operate
sufficient
length
time
favorably
located
mass
pedestal
show
marks
abrasion
sand
possibility
polish
pelts
grazing
animals
eliminated
karl
walther
pointed
describing
pedestal
rock
granite
produced
differential
weathering
plains
uruguay
pedestal
rocks
areas
various
types
climate
due
differential
weathering
object
paper
describe
particular
processes
differential
weathering
produced
certain
pedestal
rocks
areas
climates
differ
type
comparatively
arid
examples
state
washington
studied
incidentally
course
geologic
examination
columbia
basin
irrigation
project
rocks
canyon
jemez
creek
seen
leave
year
rocks
mckinley
county
visited
geologic
study
recent
deposits
chaco
canyon
national
geographic
society
pedestal
rock
basalt
pedestal
rock
basalt
described
means
perfect
form
due
curious
combination
circumstances
description
doubtless
interesting
concerned
processes
arid
regions
rock
lies
north
end
small
hillock
miles
southwest
adrian
miles
north
wheeler
grant
county
wash
locality
part
columbia
plateau
quincy
basin
structural
depression
lies
west
lavas
plateau
vicinity
dip
fairly
complete
list
given
geol
survey
bull
wade
arthur
observations
eastern
desert
egypt
considerations
bearing
origin
british
trias
discussion
london
geol
soc
quart
vol
fig
denudation
south
africa
south
africa
geol
soc
xxxiv
especially
fig
estudios
geomorfologicos
geolsgicos
montevideo
inst
hist
geog
revista
vol
footnote
contributions
geography
united
states
almost
insensibly
westward
pass
gravel
sand
form
plain
several
waterless
gorges
extend
westward
higher
land
fade
basin
near
mouth
one
gorges
black
rock
coulee
long
ago
deserted
glacial
waters
excavated
area
numerous
rocky
hillocks
projecting
plain
irregular
rock
surface
hillocks
high
points
doubtless
carved
glacial
waters
black
rock
coulee
floor
dust
flats
quincy
basin
rehandled
loess
surrounding
plateaus
settled
hillock
pedestal
rock
consists
group
basalt
columns
inches
feet
across
columns
mostly
unusually
even
symmetrical
shown
plate
column
separated
neighboring
ones
space
inches
wide
yet
column
though
irregularities
normal
columns
fits
neighbors
evidently
displaced
since
formation
base
columns
ground
surface
rock
continuous
column
column
except
medial
crack
inch
side
crack
rock
soft
greenish
gray
rusty
crevices
gives
appearance
suffered
chemical
decomposition
space
columns
ground
obviously
due
removal
rock
weakened
way
projecting
columns
though
diminished
size
hard
sound
faces
smooth
regular
little
affected
corrosive
processes
suffer
disruption
spalling
dense
tough
rock
breaks
spalls
chips
spalling
due
pedestal
rock
shown
left
plate
detail
plate
column
two
incipient
cross
joints
well
shown
plate
spalling
joints
produced
narrow
neck
surmounted
block
full
size
column
neighboring
column
suffering
process
adjacent
columns
also
show
spalling
corners
columns
lost
sides
well
corners
numerous
thin
rock
chips
litter
ground
chips
larger
fragments
broken
corners
appear
fresh
rock
ring
struck
hammer
chips
collected
surface
dug
columns
studied
clarence
ross
furnished
following
statement
chips
columnar
basalt
studied
microscope
thin
section
small
grains
embedded
immersion
oils
show
interesting
characteristics
suspected
examination
rock
normal
basalt
little
altered
composed
calcic
plagioclase
augite
sparse
olivine
magnetite
pedestal
books
formed
differential
erosion
chips
collected
ground
dull
weathered
pitted
surface
millimeter
surface
appear
fresh
sharp
metallic
ring
fresh
rock
chips
collected
ground
surface
dirty
appearance
laminae
cracks
filled
alteration
products
among
opal
abundant
ring
give
dull
sound
tapped
present
appearance
rock
decay
chips
collected
ground
plagioclase
grains
entirely
unaltered
chemically
augite
grains
nearly
fresh
sparse
olivine
partly
decomposed
mineral
secondary
olivine
present
probably
developed
final
cooling
rock
product
later
weathering
small
amount
limonitic
material
developed
gives
rock
rusty
appearance
hand
lens
material
lies
cracks
cleavage
planes
minerals
viewed
microscope
pale
stain
accentuates
fractures
cleavage
planes
striking
characteristic
development
plagioclase
augite
countless
small
fractures
far
abundant
conspicuous
fresh
basalt
surface
chips
minerals
appear
nearly
fresh
microscope
become
fragile
picked
forceps
surface
although
fractures
nearly
conspicuous
minerals
fragile
fractures
general
cut
across
augite
olivine
grains
random
directions
plagioclase
grains
make
angle
cleavage
follow
cleavage
plane
distance
break
across
angle
approximately
another
cleavage
plane
form
rather
regular
network
fractures
minerals
rock
chips
collected
ground
surface
surprisingly
fresh
considering
appearance
rock
hand
specimen
plagioclase
grains
unaltered
chemically
augite
olivine
grains
show
distinctly
alteration
minerals
chips
collected
ground
plagioclase
augite
fractures
characteristic
minerals
normal
fresh
basalt
abundant
fractures
shown
minerals
chips
collected
ground
greater
amount
weathering
chemical
decomposition
rock
chips
collected
ground
surface
observed
boss
confirmed
chemical
tests
carried
chemical
laboratory
geological
survey
fairchild
results
may
tabulated
follows
partial
analysis
weathered
basalt
hillock
miles
north
wheeler
grant
county
wash
sample
sample
taken
taken
ground
ground
per
cent
per
cent
ferrous
iron
feo
relative
loss
content
ferrous
iron
rock
chips
surface
indicates
olivine
augite
begun
contributions
geography
united
states
break
expected
decay
increase
water
content
indicates
hydrous
clayey
minerals
formed
result
decomposition
minerals
perhaps
also
plagioclase
although
microscope
mineral
gives
sign
decomposition
intimate
fracturing
mineral
grains
rock
chips
surface
brought
boss
study
safely
attributed
mechanical
disruption
absence
decomposition
products
except
small
amount
iron
oxide
testifies
almost
complete
lack
chemical
change
physical
forces
caused
disruption
frost
action
thermal
expansion
contraction
diurnal
annual
fluctuations
air
temperature
seems
sufficient
water
could
penetrate
mass
otherwise
unaltered
mineral
grains
disrupt
expansion
freezing
though
data
available
support
contention
fractures
however
type
arise
grains
subjected
stresses
due
thermal
expansion
contraction
time
confined
stressed
grains
affected
forces
diurnal
changes
air
temperature
numerous
short
period
produce
greater
ranges
temperature
adjacent
parts
rock
doubtless
effective
annual
changes
temperature
producing
cracks
also
noted
ground
surface
fracturing
absent
although
annual
changes
temperature
effective
spalling
small
chips
larger
masses
pedestal
rock
largely
due
also
mechanical
process
spalling
type
ordinarily
attributed
thermal
expansion
contraction
blackwelder
recently
expressed
doubts
evident
review
literature
lingered
minds
geologists
validity
process
relatively
arid
locality
conditions
favorable
numerous
rapid
changes
air
temperature
changes
disrupt
rock
produce
spalling
observed
even
changes
temperature
locality
insufficient
disrupt
rock
normal
strength
outer
part
basalt
columns
already
suffered
minute
internal
rupture
component
minerals
therefore
lacks
part
original
strength
may
quite
distinct
physical
properties
frost
action
also
wholly
eliminated
locality
cold
winter
moisture
collected
fractures
mineral
grains
might
freeze
cause
spalling
blackwelder
eliot
exfoliation
phase
rock
weathering
jour
geology
vol
pedestal
rocks
formed
differential
erosion
relatively
small
amount
chemical
weathering
observed
ground
surface
columns
may
possibly
due
forces
operative
past
little
decomposition
sort
evident
outcrops
basalt
columbia
plateau
cliffs
thought
formed
streams
issuing
ice
wisconsin
time
appear
consist
fresh
rock
close
inspection
shows
many
zones
soft
decomposed
rock
along
vertical
joints
minerals
filled
vesicles
basalt
leached
bands
opal
cracks
less
decomposed
ordinarily
columbia
plateau
surfaces
formed
time
underlain
rock
softened
discolored
unmistakable
chemical
weathering
may
chemical
weathering
locality
began
early
pleistocene
inherited
time
preceding
occupation
black
bock
coulee
glacial
removed
place
moderate
thickness
rock
hand
glacial
channel
black
kock
coulee
may
belong
intermediate
glaciation
spokane
bretz
earlier
ice
advance
ample
time
chemical
weathering
take
place
since
channel
formed
chemical
weathering
may
even
going
present
time
although
climate
arid
soil
retentive
moisture
rock
formed
arid
climate
within
dry
spot
washington
nearly
circular
region
miles
diameter
annual
rainfall
less
inches
published
observations
united
states
weather
bureau
wheeler
miles
south
altitude
indicate
incomplete
record
mean
annual
precipitation
inches
precipitation
takes
place
winter
months
november
february
though
showers
also
common
may
june
moisture
stored
ground
winter
together
spring
rains
sufficient
support
sagebrush
fair
cover
grass
vegetation
sufficiently
luxuriant
retain
fine
loesslike
soil
capacity
soil
hold
moisture
may
already
stated
provide
suitable
conditions
ground
surface
small
amount
chemical
decomposition
taken
place
columns
ground
surface
however
rain
readily
washes
away
parts
rock
chemically
decomposed
even
minor
degree
long
dry
summer
insolation
full
play
bretz
glacial
drainage
columbia
plateau
qeol
soc
america
vol
map
fig
show
black
rock
coulee
glacial
channel
see
however
bretz
channeled
scablands
columbia
plateau
jour
geology
vol
especially
contributions
geogeaphy
united
states
alternate
contraction
expansion
dense
basalt
columns
causes
near
surface
intimate
fracturing
component
minerals
forces
tend
bring
flaking
chips
sides
spalling
corners
columns
frost
action
may
come
play
may
possibly
dominant
factor
disrupting
rock
thus
pedestal
rock
attained
form
action
chemical
mechanical
weathering
basalt
column
two
incipient
cross
fractures
combination
conditions
necessary
production
rock
wholly
exceptional
miles
northwest
adrian
somewhat
similar
pedestal
rock
formed
identical
manner
material
eroded
pedestal
transported
water
inner
pigdke
diagram
illustrating
differential
rainwash
pedestal
rock
consisting
impervious
block
resting
easily
eroded
mass
differential
rainwash
violent
showers
characteristic
arid
climates
produce
pedestal
rocks
differential
rainwash
blocks
impervious
material
rest
easily
eroded
material
mechanism
process
observed
near
lees
ferry
described
earlier
process
shown
diagrammatically
figure
main
work
producing
pedestal
done
drip
curtain
excavates
annular
groove
around
rock
inner
film
water
however
clings
adhesion
overhang
rock
reaches
pedestal
largely
work
film
erodes
thins
pedestal
back
drip
curtain
rain
observed
lees
ferry
inner
film
reached
pedestal
wet
top
inner
film
may
reach
pedestal
may
suitable
circumstances
cause
erosion
evident
pedestal
rock
canyon
jemez
creek
bryan
kirk
geol
survey
bull
pedestal
rocks
formed
differential
erosion
towns
canyon
jemez
hot
springs
miles
east
lees
ferry
ariz
rock
consists
loose
block
dense
red
sandstone
derived
outcrops
farther
uphill
rests
pedestal
red
shale
shown
plate
face
pedestal
vertical
hardened
mud
similar
form
origin
rolls
mud
form
inside
adobe
house
roof
leaks
obviously
inner
film
water
traveling
overhang
shown
figure
reached
eroded
pedestal
movement
water
little
scouring
action
continued
lead
removal
material
pedestal
already
loosened
weathering
rock
near
consists
block
sandstone
resting
mass
rubble
turn
rests
red
shale
rubble
doubtless
also
underlying
block
last
remnants
talus
mantled
mountain
side
block
partly
protected
underlying
rubble
process
differential
erosion
rainwash
vertical
grooves
rubble
bear
mute
testimony
erosion
water
dripping
face
pedestal
inner
film
point
marked
rubble
overhangs
protects
red
shale
forms
lower
inches
pedestal
rubble
therefore
resistant
rainwash
shale
climate
area
rocks
occur
different
lees
ferry
except
lower
temperature
greater
precipitation
due
altitude
feet
higher
mean
annual
rainfall
amounts
inches
jemez
hot
springs
according
record
united
states
weather
bureau
period
years
compared
inches
estimated
mean
lees
ferry
mean
rainfall
inches
places
locality
well
within
arid
zone
usually
considered
yet
evident
rock
shown
plate
differs
form
natural
monument
called
earth
pyramid
earth
pillar
demoiselle
larger
block
proportion
size
pedestal
seems
therefore
essential
difference
origin
method
erosion
earth
pillars
pedestal
rocks
type
yet
earth
pillars
generally
admitted
normal
forms
erosion
humid
regions
although
doubtless
less
numerous
arid
regions
slower
rate
erosion
gives
longer
life
differential
sapping
overlying
block
pedestal
rock
formed
differential
rainwash
relatively
impervious
rain
upper
block
porous
however
absorbs
part
rain
falls
circulation
water
within
mass
rock
promotes
contributions
geography
united
states
ing
solution
sandstone
particularly
susceptible
attack
water
absorbed
rain
generally
water
dissolves
cement
traveling
original
lines
easiest
passage
emerges
sides
base
rock
runs
evaporated
near
point
emergence
rock
crumbles
original
sand
grains
fall
away
carried
rainwash
intricacies
produced
process
truly
marvelous
general
excavation
eating
back
original
mass
takes
place
process
called
differential
sapping
although
characteristic
also
weathering
sandstone
humid
regions
forms
produced
process
arid
regions
attributed
many
wind
erosion
however
invoked
differential
sapping
method
formation
niches
dry
waterfalls
rock
shelters
windows
arches
sandstone
dry
climate
navajo
country
certain
rock
shelters
niches
papago
saguaro
national
monument
southern
arizona
mean
annual
rainfall
inches
also
ascribed
process
pedestal
hocks
sandstone
locality
climate
northwestern
new
mexico
areas
underlain
sandstone
shale
upper
cretaceous
age
pedestal
rocks
numerous
outcrop
sandstone
one
pedestal
rocks
may
found
rocks
special
forms
monuments
erosion
customarily
isolated
recession
cliffs
shape
due
cooperation
variety
structure
original
rock
several
processes
rocks
symmetrical
form
due
nicety
cooperation
may
considered
fortuitous
great
numbers
pedestal
rocks
exist
region
indicate
certain
conditions
dominant
nature
rock
structure
processes
act
upon
production
pedestal
rocks
southern
part
san
juan
basin
near
crown
point
mckinley
county
described
following
paragraphs
climate
area
moderately
arid
marked
cold
winters
hot
summers
incomplete
weather
record
extending
years
crown
point
altitude
feet
published
united
states
weather
bureau
gives
mean
annual
precipitation
inches
five
consecutive
years
gregory
geology
navajo
country
reconnaissance
parts
arizona
new
mexico
utah
geol
survey
paper
bryan
kirk
papago
country
arizona
geographic
geologic
hydrologic
reconnaissance
guide
desert
watering
places
geol
survey
paper
pedestal
rocks
formed
differential
erosion
record
complete
precipitation
ranged
inches
indicating
extent
great
droughts
spondingly
wet
years
area
subject
large
part
winter
precipitation
form
snow
spring
ground
usually
sufficiently
moist
permit
growth
vegetation
may
june
rain
sufficient
wet
ground
rare
july
rainy
season
begins
heavy
cumulus
clouds
drift
country
clouds
fall
violent
local
rains
cloudbursts
areas
rains
fall
sometimes
small
heavier
rains
usually
cover
extensive
areas
half
annual
precipitation
falls
rainy
season
period
rain
uncertain
time
place
years
generally
high
rainfall
areas
receive
little
rain
many
years
summer
rains
delayed
september
spite
severity
conditions
growth
plants
loamy
clayey
soils
developed
shale
overflow
areas
ephemeral
streams
good
growth
deeprooted
perennial
grass
makes
principal
growth
summer
rains
sandstone
beds
usually
crop
bare
rock
little
soil
except
patches
sand
scanty
grass
grows
sand
hardy
juniper
scrub
cedar
thrives
scattered
groves
even
bare
rock
mean
annual
temperature
crown
point
far
determined
absolute
range
temperature
however
large
january
july
daily
range
especially
early
summer
also
large
probably
amounting
much
relatively
severe
climate
long
periods
drought
violent
rains
hot
summers
cold
winters
warm
days
cold
nights
corresponding
effects
erosive
processes
bocks
one
picturesque
pedestal
rocks
area
stands
half
mile
road
crown
point
chaco
canyon
near
seven
lakes
shown
plate
rock
rises
small
knoll
area
sparse
vegetation
small
bushes
grass
junipers
knoll
lies
small
amphitheater
low
cliffs
horizontal
sandstone
identical
material
pedestal
rock
rock
thus
erosion
remnant
small
valleys
working
headward
cliffs
remarkable
details
form
inspection
photograph
shows
joint
faces
entirely
obliterated
massive
sandstone
top
implication
isolation
rock
due
erosion
streams
along
vertical
joints
remarkably
slim
pedestal
composed
laminated
somewhat
contributions
geogeaphy
united
states
clayey
sandstone
constricted
portion
halfway
similar
material
capping
sandstone
massive
projecting
portions
mass
seems
obvious
laminated
clayey
beds
suffered
weathering
remainder
rock
form
due
distribution
less
resistant
beds
summation
differences
rate
weathering
differential
sapping
denned
page
active
process
seems
evident
first
selective
work
certain
beds
effective
irrespective
thickness
position
ground
surface
second
time
visit
days
rain
surface
slimmest
part
pedestal
damp
whereas
rest
rock
dry
powdery
differential
rain
wash
solely
accountable
rock
differences
resistance
different
sandstone
beds
slight
porous
upper
mass
must
absorb
least
part
every
rainfall
however
seems
likely
inner
film
water
creeps
rock
face
rainstorms
effective
removing
loosened
grains
intricate
reentrants
mass
doubtless
many
loosened
grains
simply
fall
gravity
others
perhaps
shaken
loose
high
winds
scour
sand
carried
wind
appreciable
effect
denied
base
rock
high
ground
wind
scour
effective
authorities
agreed
feet
ground
surface
limit
effective
wind
rock
illustrated
plate
stands
near
road
crown
point
chaco
canyon
miles
northeast
crown
point
right
view
rounded
boss
sandstone
eroded
horizontal
sandstone
bed
pedestal
rock
stands
detached
plain
sandy
soil
within
area
view
merges
alluvial
sandy
loam
apparently
rock
mass
approximating
cube
shape
isolated
along
vertical
joints
present
form
seems
due
differential
sapping
upper
part
rock
separated
remainder
bedding
plane
seems
fair
assume
upper
sandstone
always
somewhat
harder
remainder
rock
porous
however
crumbly
surface
obviously
absorbs
rain
water
emerges
lower
pores
sandstone
pedestal
surface
lower
portion
notably
soft
friable
particularly
near
ground
individual
sand
grains
loosened
fall
gravity
among
others
see
hobbs
erosional
degradational
processes
deserts
especial
reference
origin
desert
depressions
assoc
geographers
annals
vol
pedestal
socks
fokmeid
dlfpellentlal
erosiotf
washed
inner
film
rains
pedestal
disintegrate
sand
relatively
slow
solution
cement
periodically
large
pieces
fall
attested
presence
base
rock
scars
left
pedestal
almost
fitted
seems
likely
frost
action
pedestal
saturated
rains
aids
detaching
blocks
wide
range
temperature
severity
winter
noted
scars
recent
falls
somewhat
ancient
surfaces
minutely
pitted
pit
inch
diameter
half
inch
deep
contain
dead
insect
pupae
seems
evident
wasps
bore
holes
nests
young
overhang
rock
protected
direct
impact
rain
thus
animals
contribute
slight
degree
erosion
rock
seems
impossible
wind
scour
important
part
formation
rock
pulverulent
surface
pedestal
testifies
differential
sapping
scars
frost
action
pitted
surfaces
insect
erosion
none
surfaces
could
retain
characteristics
sand
blast
marked
contrast
firm
harsh
surfaces
similar
rocks
region
unquestionably
scoured
sand
surrounding
area
sandy
might
expected
local
debris
derived
erosion
sandstone
near
small
accumulations
sand
inches
feet
thick
however
less
prevented
moving
growth
grass
near
pedestal
rock
sand
moving
large
amount
violence
else
grass
sagebrush
would
cut
away
rock
fragments
lying
foot
pedestal
rock
would
shaped
wind
scour
pedestal
rocks
humid
regions
pedestal
rocks
described
paper
located
arid
regions
yet
processes
arisen
operative
humid
regions
review
geologic
textbooks
one
would
gain
impression
pedestal
rocks
characteristic
arid
regions
occur
humid
lands
aside
notched
stacks
coasts
pedestal
rocks
formed
streams
whose
origin
apparently
independent
climate
considerable
number
pedestal
rocks
humid
regions
described
england
hughes
perched
blocks
associated
phenomena
geol
soc
london
quart
vol
notes
geology
parts
yorkshire
westmoreland
geol
polytechn
soc
west
rid
yorkshire
vol
bonney
work
rain
rivers
cambridge
press
contributions
geography
united
states
ireland
certain
pedestal
rocks
consist
glacial
erratics
compact
insoluble
rocks
resting
limestone
solution
limestone
except
partly
protected
erratic
block
produced
forms
estimates
age
pedestal
rocks
therefore
time
since
glaciation
comparison
height
pedestal
rate
solution
limestone
wholly
satisfactory
mushroom
rocks
new
ked
sandstone
devonshire
thought
kinahan
part
due
work
rain
driven
horizontally
wind
sandstone
crags
kinder
scout
provoked
discussion
relative
effect
scour
winddriven
sand
differential
erosion
apparently
later
investigator
published
definite
conclusion
wisconsin
good
examples
pedestal
rocks
may
attributed
differential
weathering
subprocesses
differential
rainwash
sapping
life
oof
pedestal
rocks
humid
regions
relatively
short
rapidity
rock
decay
colder
countries
increased
effectiveness
frost
action
due
presence
moisture
forms
less
persistent
presence
vegetation
inhibits
rainwash
much
vertical
cutting
minor
streams
rocks
ordinarily
occur
result
exceptional
conditions
imposition
blocks
dense
insoluble
stone
limestone
else
areas
porous
sandstone
limestone
erosion
forms
porous
sandstone
humid
lands
reproduce
many
spectacular
features
arid
regions
areas
rock
resemble
arid
regions
scanty
sterile
soil
sparse
vegetation
low
water
table
features
well
brought
literature
fontainebleau
sandstone
already
referred
numerous
works
quadersandstein
buntsandstein
areas
germany
similarly
limestones
particularly
areas
mediterranean
type
climate
may
kinahan
valleys
relation
fissures
fractures
faults
london
wynne
notes
physical
features
land
formed
denudation
ireland
roy
geol
soc
vol
mackintosh
results
observations
position
boulders
etc
abstract
discussion
geol
soc
london
cit
discussion
paper
enys
geol
soc
london
quart
vol
dryer
jug
rock
near
shoals
ind
indiana
acad
sci
proc
logan
geologic
conditions
oil
fields
southern
indiana
indiana
dept
conservation
pub
fig
bonnoll
clarence
variety
physiographic
material
counties
southern
illinois
illinois
acad
sci
vol
hopkins
marbles
limestones
arkansas
geol
survey
ann
rept
vol
alden
quaternary
geology
southeastern
wisconsin
geol
survey
paper
pedestal
books
formed
differential
erosion
produce
somewhat
similar
forms
although
climates
like
eastern
united
states
areas
type
rock
usually
mantled
deep
soil
conclusions
foregoing
description
pedestal
rocks
widely
separated
states
washington
new
mexico
calls
attention
variety
processes
involved
formation
minor
distinctive
forms
emphasizes
accumulating
evidence
many
pedestal
rocks
even
arid
regions
attributable
primarily
processes
wind
erosion
examples
cited
due
processes
also
operative
humid
regions
fact
relatively
larger
number
found
arid
regions
probably
due
much
differences
nature
processes
weathering
erosion
rate
humid
regions
formation
soil
chemical
weathering
growth
vegetation
inhibit
formation
pedestal
rocks
favorable
places
rapidly
destroy
formed
channel
erosion
rio
salado
socorro
county
new
mexico
deepening
widening
stream
channels
southwest
phenomenon
taken
place
within
memory
men
living
began
different
dates
progressed
different
rates
several
streams
summarized
recent
flood
plains
numerous
minor
streams
yet
undissected
nearly
every
one
menaced
deep
channel
arroyo
visibly
increases
headward
year
channels
arroyos
grow
headward
smooth
flood
plains
valleys
constantly
widen
lateral
cutting
growth
minor
tributaries
seems
inevitable
present
flood
plains
eventually
disappear
new
flood
plains
form
lower
levels
consequences
processes
native
life
agriculture
stock
raising
activities
man
numerous
important
interesting
scientific
problems
also
raised
various
theories
advanced
account
accelerated
erosion
reviewed
paper
already
cited
valid
conclusions
merits
theories
reached
historical
data
time
erosion
began
accumulated
knowledge
date
beginning
progress
spectacular
change
regimen
streams
particularly
necessary
arriving
decision
effect
erosive
processes
introduction
cattle
sheep
overgrazing
localities
ensued
paper
presents
contribution
necessary
body
data
historical
evidence
based
two
reliable
surveys
made
changes
channel
comparatively
minor
stream
new
mexico
rio
salado
tributary
rio
grande
west
rises
north
side
datil
mountains
general
bryan
kirk
date
channel
trenching
arroyo
cutting
arid
southwest
science
new
vol
see
also
swift
date
channel
trenching
southwest
idem
vol
wynn
fred
west
fork
gila
river
idem
vol
contributions
geography
united
states
eastward
course
north
range
thence
narrow
gap
socorro
mountains
sierra
ladron
junction
rio
grande
village
san
acacia
rio
salado
formed
junction
alamosa
creek
also
locally
known
rio
salado
large
stream
north
total
length
drainage
line
alamosa
creek
considered
main
stem
miles
basin
drained
lies
almost
wholly
socorro
county
village
puertecito
lies
miles
junction
two
streams
santa
rita
riley
post
office
miles
lorenzo
padilla
first
settler
still
living
santa
rita
came
valley
channel
rio
salado
inconsiderable
broad
flat
valley
seemed
propitious
place
farming
consequently
others
followed
according
survey
notes
daniel
curry
subdivided
townships
sections
santa
rita
time
grown
town
inhabitants
curry
recorded
width
stream
bed
ranging
feet
number
section
lines
town
santa
rita
lies
one
sections
granted
atlantic
pacific
railroad
therefore
belonged
successor
santa
system
inhabitants
town
defective
title
land
support
application
united
states
general
land
office
land
declared
public
town
site
paul
moore
magdalena
employed
make
survey
information
contained
note
supplied
moore
whose
interest
new
mexican
geology
large
whose
help
matters
hereby
acknowledged
survey
found
course
river
radically
different
shown
curry
survey
measurements
ranging
feet
stretch
stream
channel
curry
found
widths
feet
differences
tabulated
width
rio
salado
different
points
location
said
feet
feet
according
testimony
local
inhabitants
moore
exceptional
rain
flood
washed
road
formed
new
stream
channel
since
time
channel
erosion
rio
salado
new
mexico
nel
constantly
widened
agricultural
land
valley
destroyed
unlike
many
similar
streams
new
mexico
widened
channels
deepened
period
rio
salado
least
vicinity
santa
rita
even
yet
banks
feet
high
average
feet
high
obvious
however
whole
regimen
stream
much
different
existed
little
known
progress
erosion
upstream
however
thorn
survey
alamosa
creek
witnessed
august
headward
erosion
felipe
gilbert
creek
tributary
alamosa
creek
according
notes
generously
furnished
paper
point
sec
miles
village
puertecito
arroyo
stream
worked
headward
undissected
valley
flat
distance
feet
result
single
storm
destroying
road
crossing
necessitating
detour
party
avoid
gully
record
may
conclude
progress
erosion
begun
near
santa
rita
measured
years
fairly
slow
yet
years
later
affected
minor
tributaries
thoughtful
men
must
naturally
consider
whether
possible
check
erosion
whether
would
profitable
otherwise
advantageous
one
necessary
items
information
decision
must
based
relative
value
land
dissected
undissected
flood
plain
many
writers
deplored
destruction
valley
bottoms
one
attempted
put
monetary
value
loss
occurred
yet
estimate
necessary
worth
consider
remedial
measures
winchester
geology
alamosa
creek
valley
socorro
county
special
reference
occurrence
oil
gas
geol
survey
bull
