earth
planetary
science
letters
contents
lists
available
sciencedirect
earth
planetary
science
letters
lava
delta
deformation
proxy
submarine
slope
instability
federico
traglia
teresa
nolesini
lorenzo
solari
andrea
ciampalini
william
frodella
damiano
steri
benedetto
allotta
andrea
rindi
lorenzo
marini
niccolò
monni
emanuele
galardi
nicola
casagli
dipartimento
scienze
della
terra
università
degli
studi
firenze
via
pira
firenze
italy
dipartimento
scienze
della
terra
università
pisa
via
santa
maria
pisa
italy
dipartimento
ingegneria
industriale
università
degli
studi
firenze
via
santa
marta
firenze
italy
mdm
team
oﬃcial
company
università
degli
studi
firenze
via
venezia
firenze
italy
article
info
article
history
received
july
received
revised
form
january
accepted
january
available
online
february
editor
mather
keywords
lava
delta
stromboli
volcano
submarine
landslides
insar
volcano
deformation
limit
equilibrium
analysis
abstract
instability
lava
deltas
recurrent
phenomenon
affecting
volcanic
islands
potentially
cause
secondary
events
littoral
explosions
due
interactions
hot
lava
seawater
tsunamis
shown
interferometric
synthetic
aperture
radar
insar
powerful
technique
forecast
collapse
newly
emplaced
lava
deltas
work
goes
demonstrating
monitoring
lava
deltas
successful
strategy
observe
deformation
landslide
systems
unstable
volcanic
ﬂanks
paper
displacement
measurements
derived
synthetic
aperture
radar
sar
imagery
used
detect
lava
delta
instability
stromboli
volcano
italy
recent
ﬂank
eruptions
affected
sciara
del
fuoco
sdf
depression
created
stacked
lava
delta
overlies
scar
produced
tsunamigenic
landslide
occurred
december
csk
snt
sar
data
collected
february
october
processed
using
squeesar
algorithm
obtained
ground
displacement
maps
revealed
differential
ground
motion
lava
delta
csk
snt
datasets
identifying
stable
area
characterized
less
datasets
within
northern
sector
sdf
unstable
area
characterized
velocity
ﬁelds
order
csk
snt
datasets
respectively
central
sector
sdf
slope
stability
offshore
part
sdf
reconstructed
based
recently
performed
multibeam
bathymetric
survey
evaluated
using
limit
equilibrium
method
lem
simulations
factor
safety
values
always
characterized
submarine
slope
coastline
critical
surfaces
search
volumes
corresponded
december
landslide
involved
lava
delta
surrounding
areas
insar
data
provided
deformation
ﬁeld
ﬂank
eruptions
whereas
lem
results
highlighted
accumulation
lava
ﬂows
sdf
submarine
slope
main
cause
detected
lava
delta
deformation
lava
delta
instability
measured
also
pico
island
azores
kilauea
volcano
hawaii
evidence
broader
spectrum
instability
phenomena
take
place
coastal
submarine
area
ﬂanks
volcanoes
kilauea
past
lava
deltas
moved
faster
surrounding
slope
recorded
movements
relate
collapses
deltas
producing
rapid
mass
wasting
near
coasts
contrast
stromboli
pico
lava
deltas
move
velocity
surrounding
slope
cases
displacement
lava
deltas
considered
proxy
deformation
submarine
slides
studies
dealing
lava
delta
deformation
thus
analysis
presented
work
beneﬁt
monitoring
submarine
slopes
coastal
island
volcanic
systems
potential
generate
tsunamis
author
published
elsevier
open
access
article
license
http
introduction
corresponding
author
address
traglia
lava
deltas
formed
accumulation
lava
ﬂows
within
sea
lake
richards
nemec
lipman
https
author
published
elsevier
open
access
article
license
http
traglia
earth
planetary
science
letters
fig
location
island
stromboli
within
central
mediterranean
area
island
stromboli
main
active
geological
features
sciara
del
fuoco
crater
terrace
two
village
areas
highlighted
ikonos
image
collected
april
emphasizing
december
landslide
scarps
partially
buried
lava
ﬂow
ﬁeld
pleiadesnt
image
collected
may
highlighting
superimposed
lava
ﬂow
ﬁelds
progradation
lava
delta
derived
comparison
also
shown
stacked
lava
delta
photo
collected
october
bathymetric
survey
comprising
vent
lava
ﬂow
massive
lava
ﬂow
base
vent
lava
ﬂow
consists
thin
basal
pahoehoe
lava
ﬂows
extensive
debris
deposits
produced
lava
crumbling
sdf
extremely
steep
slope
moore
ramalho
bosman
frequently
unstable
delta
collapses
potentially
cause
secondary
hazardous
events
littoral
explosions
tsunamis
mattox
mangan
chiocci
hildenbrand
poland
orr
lava
delta
instability
measured
kilauea
volcano
hawaii
occurring
since
emplacement
ending
complete
collapse
delta
poland
orr
pico
island
azores
associated
creep
southeastern
ﬂank
island
hildenbrand
steep
delta
slopes
subject
frequent
instability
failure
events
ranging
slow
slope
creep
slow
intergranular
frictional
sliding
due
low
strain
rate
fast
moving
debris
ﬂows
high
strain
rate
eventually
evolving
turbidites
nemec
paper
provides
evidence
study
lava
deltas
deformation
means
interferometric
synthetic
aperture
radar
insar
data
fundamental
monitoring
stability
submarine
slopes
coastal
island
volcanic
systems
stromboli
volcano
chosen
representing
optimal
environmental
setting
case
history
volcano
slope
instability
phenomena
methodology
tested
combination
displacement
monitoring
slope
stability
modelling
revealed
observed
deformation
related
instability
submarine
slope
proposed
combination
observations
advanced
techniques
remote
sensing
numerical
modelling
provides
information
cause
extent
detected
lava
delta
deformation
ﬁeld
considered
proxy
deformation
submarine
slides
case
study
stromboli
stromboli
volcanic
island
located
tyrrhenian
sea
southern
coast
italy
fig
entire
volcanic
ediﬁce
high
sea
bottom
located
tip
aeolian
archipelago
belongs
late
quaternary
large
volcanic
complex
mostly
basaltic
composition
tibaldi
volcanic
ediﬁce
affected
several
episodes
sector
collapse
relevant
occurred
part
volcanic
ediﬁce
created
sdf
depression
tibaldi
another
large
collapse
event
occurred
tibaldi
producing
massive
landslide
roberto
sdf
depression
landslide
scar
extends
sea
level
ﬂank
volcano
partially
ﬁlled
volcaniclastic
deposits
lavas
kokelaar
romagnoli
rotonda
nolesini
emitted
summit
crater
terrace
located
ephemeral
vents
located
within
sdf
fig
marsella
eruptive
activity
consists
typical
persistent
strombolian
activity
characterized
intermittent
explosions
three
vent
zones
central
craters
located
summit
crater
terrace
calvari
persistent
strombolian
activity
often
punctuated
periods
dominated
stronger
explosions
lava
overﬂows
crater
terrace
lava
ﬂows
ephemeral
vents
ﬂank
eruptions
recently
occurred
calvari
marsella
zakšek
traglia
earth
planetary
science
letters
ﬂank
eruption
landslide
sequence
fig
total
volume
bonaccorso
chiocci
generated
two
tsunamis
affected
coastline
maximum
stromboli
village
tinti
tsunamis
caused
initial
submarine
rotational
slide
slide
composed
two
coalescing
slides
chiocci
affected
underwater
clastic
apron
depth
chiocci
well
second
subaerial
translational
slide
slides
tommasi
fig
submarine
subaerial
slides
caused
large
gravitational
slope
deformations
slide
tommasi
fig
triggered
injection
lateral
intrusion
bonaccorso
slide
developed
drained
conditions
preventing
collapse
entire
block
chiocci
continuous
displacement
excessive
pore
pressure
likely
generated
slide
undrained
load
condition
reducing
effective
stresses
values
compatible
static
liquefaction
material
tommasi
boldini
finally
subaerial
slides
induced
foot
removal
slide
chiocci
eruption
another
ﬂank
eruption
began
february
opening
ﬁrst
ephemeral
vent
base
crater
area
followed
opening
second
ephemeral
vent
within
sdf
marsella
recent
ﬂank
eruption
started
august
lasted
november
traglia
emplacement
lava
sdf
fracture
located
fig
zakšek
recent
ﬂank
eruptions
stromboli
characterized
ephemeral
vents
located
sdf
elevations
ranging
eruption
marsella
eruption
marsella
effusions
characterized
vents
lava
ﬂows
reached
sea
initial
phase
rate
phase
zakšek
producing
small
lava
deltas
less
coastline
marsella
eruptions
characterized
vents
ﬂank
eruptions
built
greater
deltas
coastline
marsella
entrance
lava
ﬂows
sea
interactions
seawater
led
littoral
explosions
latter
directly
produced
large
quantities
volcaniclastic
deposits
caused
quenching
fragmentation
processes
occurred
offshore
portion
sdf
bosman
eruption
volume
erupted
material
mainly
gathered
underwater
rather
subaerially
marsella
bosman
recent
ﬂank
eruptions
produced
stacked
lava
delta
scar
generated
tsunamigenic
landslides
occurred
december
fig
however
lava
deltas
stromboli
commonly
features
commonly
eroded
away
sea
within
demonstrated
lack
recognizable
lava
deltas
shoreline
shallow
water
areas
eruption
kokelaar
romagnoli
casalbore
marsella
bosman
material
methods
insar
data
collected
february
october
processed
using
squeesar
algorithm
ferretti
fig
provided
deformation
ﬁeld
following
ﬂank
eruptions
based
recently
performed
multibeam
bathymetric
survey
stability
submerged
lava
delta
sector
investigated
using
limit
equilibrium
method
lem
insar
interferometric
sar
insar
advanced
geodetic
technique
mainly
used
construct
digital
elevation
models
dem
stevens
measure
ground
motions
occurred
certain
time
interval
massonnet
feigl
mapping
ground
movement
insar
technology
usually
referred
differential
insar
dinsar
although
yields
displacement
projected
along
line
sight
los
direction
crosetto
interferometric
phase
corrupted
noise
decorrelation
caused
contributions
sum
different
scatterers
sar
acquisitions
signal
decorrelation
related
different
factors
temporal
geometric
decorrelation
volume
scattering
atmospheric
artefacts
processing
error
estimated
calculating
coherence
values
ranging
two
acquisitions
zebker
displacements
better
estimated
processing
long
stack
images
using
algorithms
permanent
scatterer
interferometry
psinsar
ferretti
rather
using
approaches
crosetto
work
squeesar
algorithm
represents
technological
evolution
psinsar
technique
ferretti
fig
used
squeesar
algorithm
analyses
targets
radar
imaging
dataset
involves
identiﬁcation
coherent
permanent
scatterers
small
parts
study
area
exhibit
coherent
phase
behaviour
also
partially
coherent
distributed
scatterers
usually
correspond
manmade
objects
buildings
linear
structures
open
outcrops
whereas
pixels
belonging
certain
surface
similar
common
radar
returns
displacement
vectors
ferretti
typically
correspond
homogeneous
ground
surfaces
uncultivated
regions
desert
areas
scattered
outcrops
ferretti
space
adaptive
ﬁltering
procedure
despecks
based
statistical
test
able
discriminate
whether
two
pixels
statistically
homogeneous
ferretti
applied
stack
sar
images
smirnov
test
kwam
vidakovic
solution
used
select
statistically
homogeneous
pixels
shp
within
certain
search
window
usually
one
hectare
large
test
performed
directly
amplitude
values
pixel
used
connect
pixels
record
common
radar
characteristics
pixel
considered
centre
search
window
shp
considered
homogeneous
population
analysed
selecting
shp
despecks
algorithm
allows
average
amplitude
intensity
values
set
reduce
speckle
noise
homogeneous
areas
without
modifying
pointwise
targets
pixels
referred
estimate
complex
coherence
matrix
every
set
shp
ferretti
phase
triangulation
algorithm
pta
ferretti
applied
coherence
matrices
every
optimize
phase
values
original
stack
sar
images
perform
phase
unwrapping
hooper
zebker
finally
jointly
processed
using
psinsar
procedure
ferretti
work
total
sar
images
ghz
csk
constellation
february
december
sar
images
ghz
snt
satellite
february
used
fig
fig
also
shows
localization
reference
point
chosen
sdf
depression
area
slope
movements
historically
registered
expected
applying
insar
techniques
challenging
task
traglia
earth
planetary
science
letters
fig
los
displacement
map
february
december
los
displacement
map
february
october
los
coherence
map
los
coherence
map
datasets
used
descending
orbit
see
satellite
geometry
description
supplementary
material
interpretation
colours
ﬁgure
reader
referred
web
version
article
active
volcanic
islands
volcanic
environments
frequent
ground
surface
modiﬁcations
occur
eruptions
may
lead
coherence
loss
dietterich
traglia
another
issue
variability
tropospheric
water
vapour
modiﬁes
radar
signal
wadge
source
noise
interferometry
hanssen
leads
radar
delay
causing
changes
refractivity
index
puysségur
effect
particularly
strong
along
steep
slopes
volcanic
cone
topographic
relief
induce
local
ﬂow
air
modiﬁes
temperature
pressure
water
content
motion
mixing
kim
williams
subdivided
procedures
needed
reduce
tropospheric
noise
statistical
methods
exploit
redundant
stack
data
limit
component
calibratory
techniques
measure
model
atmospheric
effect
subtracting
radar
signal
thus
complex
environment
always
possible
separate
deformations
atmospheric
noise
components
without
removing
thus
underestimating
part
actual
deformation
along
sdf
slope
expected
deformations
order
several
centimetres
per
year
whereas
atmosphere
disturbance
order
centimetres
reason
slight
atmospheric
phase
screen
aps
ﬁltering
performed
ferretti
allowed
preservation
deformation
component
much
possible
losing
coherence
sectors
sdf
table
flir
thermal
camera
main
technical
speciﬁcations
feature
detector
size
spectral
range
temperature
range
thermal
accuracy
thermal
sensitivity
field
view
spatial
resolution
minimum
focus
distance
unit
pixel
deg
rad
value
multitemporal
infrared
thermographic
surveys
several
ﬁeld
inspections
multitemporal
infrared
thermographic
irt
surveys
sdf
performed
fig
february
ﬂank
eruption
august
september
ﬂank
eruption
december
ﬂank
eruption
order
analyse
patterns
thermal
behaviour
lava
ﬂows
inﬂuence
lava
delta
well
obtain
information
rock
mass
fracturing
surface
weakness
lava
delta
rocks
irt
surveys
carried
using
handheld
flir
uncooled
microbolometer
thermal
camera
table
flir
adjacent
thermogram
analysis
mosaicking
performed
using
flir
software
flir
mpixel
digital
camera
acquires
images
traglia
earth
planetary
science
letters
fig
multitemporal
infrared
thermographic
irt
surveys
sdf
mosaicked
thermograms
approximately
pixel
resolution
acquired
august
gmt
picturing
front
view
lava
ﬂow
ﬁeld
northern
sector
sdf
accumulation
hot
volcaniclastic
material
top
lava
delta
corresponding
visible
scenario
mosaicked
thermograms
approximately
pixel
resolution
acquired
september
gmt
enhancing
late
lava
ﬂow
external
breccia
along
sdf
northern
sector
newly
formed
lava
delta
corresponding
visible
scenario
images
visible
range
simultaneously
respect
thermograms
improved
interpretation
detected
thermal
anomalies
bathymetric
survey
characterize
submerged
slope
sector
sdf
bathymetric
survey
carried
september
fig
using
multibeam
khz
uhr
frequency
model
capable
performing
side
scan
sonar
functionalities
truepix
determine
background
morphology
survey
carried
catamaran
using
following
mbes
multibeam
system
multibeam
sonic
depth
sounder
khz
transducer
dgps
topcon
system
emisphere
secondary
system
motion
sensor
integrated
orion
gyrocompass
tssteledyne
qps
qinsy
hydrographic
survey
software
given
characteristics
multibeam
system
seaﬂoor
investigated
generating
digital
elevation
model
dem
cell
size
moreover
rockfall
hazards
steep
subaerial
sdf
area
prevented
working
close
coastline
positioning
procedure
performed
using
topcpn
model
differential
gps
dgps
differential
correction
acquisition
management
storage
location
navigation
data
performed
navigation
system
consisting
workstation
equipped
qinsy
survey
software
produced
qps
dgps
surface
displacement
system
interfaced
necessary
measurement
tools
data
acquisition
management
digital
data
organized
within
database
series
ﬁles
identiﬁed
following
parameters
survey
line
identiﬁer
date
recording
time
recording
chosen
instrumental
conﬁguration
designed
optimize
required
operations
simultaneously
obtain
precise
data
set
details
bathymetric
surveys
reported
supplementary
materials
limit
equilibrium
method
stability
submarine
sdf
slope
evaluated
using
software
reid
evaluates
slope
stability
dem
using
method
column
approach
assesses
stability
many
potential
failure
surfaces
considering
volume
range
reid
evaluates
slope
stability
using
version
bishop
simpliﬁed
method
limitequilibrium
analysis
considering
rotational
spherical
landslide
surfaces
reid
records
lowest
factor
safety
dem
cell
deﬁned
follows
shear
stress
shear
resistance
strength
deﬁned
tan
cohesion
normal
stress
pressure
acting
shear
surface
angle
nal
friction
reid
also
computes
volume
area
associated
potential
landslides
determines
least
stable
potential
failure
surface
entire
dem
reid
numerical
code
also
includes
option
represent
subsurface
materials
full
distributions
material
cohesion
angle
internal
friction
weight
earthquake
seismic
loading
effects
analysis
iii
pressure
effects
either
using
ratios
relative
vertical
stresses
piezometric
surface
full
distribution
pressure
heads
fully
variably
saturated
groundwater
ﬂow
ﬁelds
effects
unsaturated
suction
stresses
internal
friction
cohesion
sizable
effects
depth
slip
surface
thus
inﬂuence
volume
area
potential
landslide
reid
one
way
constrain
inﬂuence
material
modelled
landslide
use
ratio
tan
cohesion
material
unit
weight
hillslope
height
angle
internal
friction
janbu
higher
value
deeper
critical
surface
traglia
earth
planetary
science
letters
fig
results
bathymetric
survey
offshore
part
see
detailed
methodology
instrumentation
description
supplementary
material
merged
relief
model
derived
digital
elevation
model
pixel
resolution
onshore
part
constructed
panchromatic
images
sensed
satellites
collected
may
shaded
relief
model
showing
position
lava
delta
respect
sdf
volcaniclastic
apron
bathymetric
slope
angle
bathymetric
proﬁles
variations
slope
angles
depth
morphological
analysis
used
starting
point
limit
equilibrium
analysis
model
volcaniclastic
apron
distal
area
constructed
prism
comprising
saturated
pyroclastic
deposit
unit
see
table
whereas
lava
delta
constructed
prism
comprising
saturated
lava
breccia
unit
see
table
thicknesses
derived
bathymetric
proﬁles
variations
slope
angles
depth
larger
associated
volume
critical
surface
always
shallow
smallest
volume
based
submarine
morphology
previous
reconstructions
kokelaar
romagnoli
chiocci
casalbore
bosman
lem
analysis
constructed
considering
two
layers
subsurface
materials
namely
volcaniclastic
deposits
comprise
entire
submarine
sdf
slope
lava
delta
covers
volcaniclastic
deposits
northernmost
region
sdf
extends
coastline
approximately
aim
model
effect
lava
delta
stability
sdf
volcaniclastic
apron
lateral
sdf
edges
considered
water
table
assumed
ﬂat
coincident
sea
level
representing
vertically
hydrostatic
pressure
heads
beneath
traglia
earth
planetary
science
letters
table
material
properties
assigned
model
limit
equilibrium
method
data
boldini
rotonda
nolesini
layer
lava
delta
volcaniclastic
apron
distal
area
unit
pyroclastic
deposits
cohesion
kpa
friction
angle
dry
unit
weight
saturated
unit
weight
surface
water
load
slope
pore
pressure
acting
slope
deﬁned
vertical
depth
beneath
piezometric
surface
multiplied
unit
weight
water
reid
pore
pressure
related
pressure
head
units
length
water
unit
weight
following
equation
hγw
unit
weight
angle
internal
friction
cohesion
saturated
sdf
material
boldini
nolesini
used
determine
potential
failure
mass
beneath
piezometric
surface
table
results
ground
deformation
maps
within
entire
sdf
area
squeesar
analysis
csk
dataset
revealed
maximum
displacement
recorded
sdf
sector
related
presence
lava
ﬂow
ﬁelds
northern
sdf
overﬂows
western
sdf
overﬂows
reported
fig
related
displacement
fig
whereas
maximum
displacement
recorded
snt
dataset
related
presence
lava
ﬂow
ﬁeld
fig
ground
displacement
maps
revealed
differential
ground
motion
lava
delta
csk
snt
datasets
identifying
stable
area
northern
sdf
unstable
area
central
sdf
fig
northern
part
delta
stable
datasets
yielding
velocities
less
whereas
central
part
points
points
csk
snt
datasets
respectively
fig
characterized
average
displacement
rates
order
csk
snt
datasets
respectively
time
series
analysis
analysis
proﬁle
tracks
fig
displacement
time
series
extracted
single
located
along
fig
conﬁrmed
differential
ground
motion
delta
unstable
portion
records
high
displacement
values
since
reaching
cumulative
values
period
csk
dataset
snt
dataset
total
amount
february
october
csk
time
series
deformation
points
show
clear
change
trend
last
part
series
corresponding
december
acquisition
registered
acceleration
equal
point
points
snt
time
series
shows
another
change
trend
highlighted
time
series
points
located
central
sector
lava
delta
register
strong
deceleration
starting
april
acquisitions
deformation
velocities
drop
points
respectively
toward
stability
point
located
boundary
delta
stable
sector
point
located
within
stable
area
registers
minor
temporal
oscillations
displacement
values
around
november
august
variations
connected
ground
surface
process
likely
related
intrinsic
variation
millimetres
acquisition
psi
processing
thus
derived
time
series
zones
located
datasets
within
central
sdf
area
fig
consistent
accumulation
volcaniclastic
material
mainly
derived
strombolian
activity
summit
crater
terrace
traglia
dynamic
landscape
evolution
produces
low
coherence
thus
precluding
possible
measurement
displacements
using
squeesar
technique
traglia
investigation
relationship
lava
delta
subsidence
thickness
lava
ﬂow
carried
using
two
digital
elevation
models
dems
fig
collected
dem
obtained
using
airborne
laser
scanning
resolution
resolution
used
traglia
whereas
dem
obtained
using
vhr
optical
imagery
satellites
resolution
resolution
observed
fig
direct
correlation
thickness
lava
ﬂow
displacement
values
measured
snt
dataset
multitemporal
infrared
thermography
irt
survey
fig
revealed
typical
stromboli
lava
ﬂow
ﬁeld
morphology
produced
vent
described
lava
ﬂow
ﬁeld
lodato
comprised
proximal
shield
formed
series
tumuli
resultant
ﬂows
around
effusive
vent
medial
zone
fed
small
ﬂows
large
ﬂows
emplaced
initial
phase
august
characterized
steep
slopes
caused
lava
crumbling
fig
production
debris
ﬁeld
iii
basal
toe
composed
debris
ﬂow
ﬁeld
emplaced
stacked
lava
delta
comprising
early
august
lava
ﬂows
irt
inspections
also
revealed
rapid
cooling
lava
delta
longer
fed
directly
lava
ﬂows
ﬁrst
days
following
eruption
onset
ﬁeld
surveys
evidence
fracturing
processes
related
instability
phenomena
observed
bathymetric
survey
isobaths
shape
fig
immediately
possible
notice
absence
december
landslide
scar
max
depth
max
width
located
northern
edge
sdf
part
fig
thus
accounting
almost
complete
scar
ﬁlling
observed
chiocci
slope
versus
depth
analysis
based
new
bathymetric
reconstruction
allowed
identiﬁcation
two
different
sectors
surveyed
part
submerged
sdf
fig
proximal
area
coastline
characterized
steeper
slope
smoother
morphology
deﬁnable
volcaniclastic
apron
casalbore
lava
delta
located
northern
part
proximal
area
showing
slope
gradient
rough
surface
iii
distal
area
deeper
slope
gradient
smooth
morphology
traglia
earth
planetary
science
letters
fig
details
lava
delta
area
squeesar
los
displacement
map
february
december
squeesar
los
displacement
map
february
october
displacement
trend
along
proﬁle
tracks
recorded
processing
images
topographic
proﬁles
collected
resolution
resolution
resolution
resolution
also
reported
highlighting
absence
relationship
thickness
lava
accumulated
observed
displacements
displacement
trend
along
proﬁle
tracks
recorded
processing
images
displacement
time
series
measured
points
evidenced
tracks
recorded
processing
images
displacement
time
series
measured
points
evidenced
recorded
processing
images
location
points
points
respectively
table
model
results
search
volume
interval
lowest
volume
lowest
area
lowest
max
thickness
lowest
volume
limit
equilibrium
method
stability
analysis
conducted
using
three
different
ranges
landslide
volumes
table
considering
small
moderate
large
submarine
slope
failures
values
always
characterized
submarine
slope
coastline
simulations
higher
values
observed
distal
areas
fig
critical
surface
lowest
factor
safety
simulations
involves
much
lava
delta
depths
fig
resulting
potential
landslide
volume
traglia
earth
planetary
science
letters
fig
limit
equilibrium
analysis
results
different
landslide
search
volumes
volumes
ranging
volumes
ranging
volumes
ranging
comparison
limit
equilibrium
models
results
search
volumes
ranging
los
displacement
map
february
october
highlighting
limit
december
slide
reported
chiocci
lower
values
represent
lowest
ﬁnding
stability
modelling
search
volume
interval
displacement
lem
results
along
proﬁle
track
shown
maximum
thickness
area
second
set
analyses
critical
surface
located
central
area
sdf
involving
part
lava
delta
depths
fig
resulting
potential
landslide
volume
maximum
thickness
sliding
surface
largest
potential
landslide
identiﬁed
central
area
sdf
position
landslides
depths
fig
volume
maximum
thickness
sliding
surface
table
discussion
sar
instruments
detect
lava
ﬂow
motions
related
different
mechanisms
stevens
thermal
contraction
movements
perpendicular
slope
fig
readjustment
external
breccia
resulting
radar
phase
decorrelation
due
rapid
chaotic
movement
surface
scatterers
dietterich
fig
iii
depression
substrate
triggered
overloading
affecting
area
covered
newly
emplaced
material
margin
extending
tens
hundreds
metres
beyond
stevens
chen
ﬂat
topography
latter
effect
produce
vertical
movements
stevens
turn
slope
instability
movements
steep
slope
topography
fig
bonforte
traglia
sar
signals
associated
subsidence
lava
ﬂows
slip
landsliding
ebmeier
moreover
fracturing
lava
ﬂow
joint
formation
could
increase
movements
steep
slope
topography
fig
case
lava
deltas
ground
deformation
generally
attributed
thermal
contraction
cooling
lava
compaction
volcaniclastic
materials
deposits
autoclastic
debris
delta
poland
orr
stromboli
sar
coherence
reduced
localized
areas
placed
upslope
respect
lava
delta
implying
readjustment
external
breccia
makes
small
contribution
insar
signal
fig
delta
area
overall
coherence
remained
high
values
datasets
fig
crumbling
newly
emplaced
lava
breccia
movement
along
slope
highlighted
irt
surveys
fig
measured
traglia
using
insar
apparatus
traglia
earth
planetary
science
letters
fig
conceptual
model
lava
ﬂow
motions
related
different
components
shown
thermal
contraction
movements
perpendicular
slope
joint
formation
movements
steep
slope
topography
readjustment
external
breccia
resulting
low
coherence
radar
phase
due
rapid
chaotic
movement
surface
scatterers
iii
depression
substrate
triggered
overloading
affecting
area
covered
newly
emplaced
material
margin
extending
tens
hundreds
metres
beyond
thus
increasing
slope
instability
movements
steep
slope
topography
los
direction
simpliﬁed
scheme
used
reader
understand
acquisition
geometry
see
satellite
geometry
description
supplementary
material
section
oriented
along
los
direction
representing
suitable
situation
insar
based
monitoring
study
conceptual
model
phenomena
occur
lava
emplacement
radar
response
slope
terms
ground
deformation
order
correctly
estimate
components
mandatory
combine
ascending
descending
orbits
bonforte
unfortunately
data
reported
processed
one
orbit
effettive
limiting
shadowing
layover
problems
sciara
del
fuoco
slope
conceptual
model
main
triggers
volcanoes
slope
instability
shown
motion
surﬁcial
material
condition
without
involvement
landslide
condition
triggered
slope
overloading
part
occurring
stromboli
ﬂank
eruption
traglia
part
lava
delta
collapse
kilauea
sansone
smith
mechanisms
like
sheet
intrusion
occurred
stromboli
ﬂank
eruption
bonaccorso
seismic
shaking
trigger
destabilization
entire
volcano
ﬂank
voight
elsworth
reducing
factor
safety
shallower
deeper
levels
movements
impossible
measure
applying
squeesar
technique
csk
imagery
due
satellite
revisiting
time
days
ﬂank
eruption
irt
ﬁeld
inspections
also
showed
rapid
cooling
lava
delta
evidence
fracturing
processes
related
instability
phenomena
fig
work
focused
effect
slope
loading
shallow
motion
surﬁcial
deposits
see
nolesini
modelling
comparison
gbinsar
data
discussion
considering
persistent
ﬂank
motion
volcanic
spreading
see
poland
lem
analyses
highlighted
proximal
area
characterized
low
traglia
earth
planetary
science
letters
ues
relative
distal
areas
fig
moreover
lowest
value
search
volume
always
located
volcaniclastic
apron
around
lava
delta
position
december
landslide
likely
reﬂects
beginning
new
instability
phase
like
occurred
december
tsunamigenic
landslide
worth
noting
northernmost
part
lava
delta
overlies
northern
stable
sdf
lateral
margin
chiocci
measured
displacement
may
related
instability
volcaniclastic
apron
within
scar
due
low
strain
rate
likely
associated
loading
volcaniclastic
material
exerted
lava
delta
drained
conditions
fig
implies
drained
shear
strength
sdf
volcaniclastic
inﬁll
higher
maximum
shear
stress
related
delta
loading
theory
also
supported
time
series
deformation
extracted
csk
dataset
moving
sector
lava
delta
abrupt
acceleration
directly
connected
emplacement
lava
ﬂows
eruption
began
august
registered
fig
stable
sector
lava
delta
time
series
deformation
showed
oscillations
conﬁrming
correlation
displacements
registered
underwater
morphology
lithology
lava
delta
shear
rate
increases
undrained
load
conditions
could
generate
liqueﬁed
ﬂow
chiocci
intensiﬁcation
could
related
reactivation
gravitational
slope
formations
slide
proposed
chiocci
december
event
slope
overloading
subaerial
landslide
proposed
nolesini
lava
delta
instability
measured
pico
island
azores
hildenbrand
kilauea
volcano
hawaii
poland
orr
latter
location
insar
data
revealed
lava
delta
instability
seaward
displacement
subsidence
occurred
ended
complete
collapse
delta
poland
orr
ﬁrst
case
slump
southeastern
ﬂank
pico
island
identiﬁed
slump
involving
several
cubic
kilometres
subaerial
submarine
volcano
structure
shows
little
horizontal
displacement
signiﬁcant
downward
movement
hildenbrand
lava
deltas
mentioned
earlier
text
emplaced
areas
affected
large
scale
ﬂank
deformation
stromboli
pico
instabilities
registered
velocity
magnitude
surrounding
slope
kilauea
deltas
show
higher
velocity
compared
called
hilina
slump
poland
review
kilauea
ﬂank
instability
generally
speaking
moving
lava
deltas
considered
landslides
case
stromboli
new
lava
delta
ﬁlled
december
landslide
scar
insar
measures
subsidence
rate
order
case
also
case
pico
slump
classiﬁed
slow
landslide
terms
cruden
varnes
classiﬁcation
kilauea
rapid
mass
wasting
shallow
submarine
basalts
documented
sansone
smith
effusive
eruption
produced
widespread
formation
lava
pillows
site
water
depth
range
collapsed
days
generating
debris
ﬁeld
composed
material
ranging
size
ﬁne
sand
boulder
fragments
sansone
smith
case
data
used
classify
delta
movements
slow
landslides
moving
within
perimeter
bigger
slow
landslide
hilina
slump
continuous
motion
slopes
deltas
implies
limit
equilibrium
condition
volcano
ﬂanks
factors
safety
approach
unity
cases
acceleration
system
caused
slope
overload
kilauea
collapses
sansone
smith
types
forcing
dike
intrusion
overloading
seismic
shaking
etc
produce
strong
increase
velocity
sudden
drop
development
rapid
landslides
debris
turbidites
hutchinson
conclusions
slope
failures
volcanic
ediﬁces
produce
wide
spectrum
instability
phenomena
small
slope
deformation
eventually
evolving
debris
avalanches
greatest
danger
associated
landslides
coastal
island
volcanoes
ability
generate
tsunamis
whose
effects
propagate
far
away
source
areas
addition
coastal
population
progressively
increasing
world
thus
danger
caused
tsunamigenic
landslides
expected
grow
future
efforts
focused
stromboli
volcano
optimal
environmental
setting
case
history
volcano
slope
instability
phenomena
since
experienced
moderate
major
instability
events
slopes
prone
phenomena
iii
recent
ﬂank
eruptions
produced
stacked
lava
delta
monitored
using
remote
sensing
techniques
ﬂanks
affected
persistent
volcanic
activity
signiﬁcantly
affect
stability
slopes
landslides
ﬂanks
may
generate
tsunamis
could
affect
inhabited
areas
one
best
studied
among
monitored
volcano
earth
providing
exceptional
validation
data
constrains
study
sar
images
obtained
february
october
processed
using
squeesar
algorithm
moreover
limit
equilibrium
method
lem
analysis
constructed
based
new
underwater
data
detail
squeesar
data
revealed
differential
ground
motion
lava
delta
csk
snt
datasets
identifying
stable
area
northern
sdf
unstable
area
central
sdf
displacement
time
series
conﬁrmed
internal
delta
subdivision
also
demonstrated
presence
abrupt
changes
trends
unstable
portion
sdf
connected
emplacement
eruption
lava
ﬂows
boundary
two
areas
corresponds
northern
edge
december
tsunamigenic
landslides
factor
safety
ranges
coastline
simulations
lowest
factor
safety
search
volumes
always
involves
greater
part
lava
delta
matches
december
landslide
boundary
resulting
potential
landslides
range
volume
maximum
thicknesses
ranging
measured
displacement
related
sliding
volcaniclastic
materials
due
lava
delta
load
drained
conditions
drained
shear
strength
sdf
inﬁll
higher
maximum
shear
stress
related
delta
loading
comparing
data
stromboli
ground
displacement
measurements
pico
island
kilauea
volcano
possible
state
lava
delta
motion
evidence
instability
phenomena
take
place
ﬂanks
volcanoes
continuous
motion
volcano
slopes
deltas
implies
limit
equilibrium
condition
slopes
kind
perturbation
leads
acceleration
system
produce
strong
increase
ground
velocity
development
rapid
landslides
successful
strategy
proposed
traglia
earth
planetary
science
letters
combines
observations
advanced
techniques
remote
sensing
numerical
modelling
provide
information
nature
extent
deformation
ﬁeld
cause
detected
lava
delta
deformation
study
demonstrates
techniques
support
detection
lava
delta
instabilities
identiﬁcation
monitoring
coastal
submarine
landslides
volcanic
setting
acknowledgements
work
ﬁnancially
supported
presidenza
del
consiglio
dei
ministri
dipartimento
della
protezione
civile
presidency
council
ministers
department
civil
protection
within
framework
project
publication
however
reﬂect
position
oﬃcial
policies
department
bathymetric
survey
carried
mdm
team
oﬃcial
company
university
florence
whose
core
business
development
products
services
unmanned
marine
applications
work
carried
using
products
asi
italian
space
agency
delivered
asi
licence
use
framework
cosmoskymed
open
call
science
project
project
title
volcano
instbility
vita
scientiﬁc
coordinator
traglia
images
obtained
data
hub
managed
asi
authors
grateful
cuia
technical
support
exploitation
phase
images
processed
tre
altamira
using
squeesar
technique
authors
grateful
bellotti
luciani
fumagalli
tre
altamira
technical
support
processing
phase
traglia
supported
fellowship
funded
università
degli
studi
firenze
ente
cassa
risparmio
firenze
volcano
sentinel
project
work
ﬁnancially
supported
volcano
sentinel
extension
project
call
settore
ricerca
scientiﬁca
innovazione
tecnologica
funded
ente
cassa
risparmio
firenze
scientiﬁc
responsibility
federico
traglia
traglia
beneﬁted
mobility
fellowship
geodesy
applied
geophysics
accademia
dei
lincei
royal
society
project
title
monitoring
volcano
slope
instability
movie
mike
poland
acknowledged
precious
suggestions
exchange
knowledge
kilauea
lava
deltas
chiarini
acknowledged
grammar
corrections
authors
grateful
matt
patrick
two
anonymous
reviewers
precious
suggestions
comments
signiﬁcantly
improved
manuscript
mather
acknowledged
valuable
suggestions
editorial
handling
manuscript
appendix
supplementary
material
supplementary
material
related
article
found
online
https
references
boldini
wang
sassa
tommasi
application
ring
shear
tests
analysis
tsunamigenic
landslides
stromboli
volcano
italy
landslides
bonaccorso
calvari
garfì
lodato
patanè
dynamics
december
ﬂank
failure
tsunami
stromboli
volcano
inferred
volcanological
geophysical
observations
geophys
res
lett
sde
bonforte
gonzález
fernández
joint
terrestrial
aerial
measurements
study
ground
deformation
application
sciara
del
fuoco
stromboli
volcano
sicily
remote
sens
bonforte
guglielmino
coltelli
ferretti
puglisi
structural
assessment
mount
etna
volcano
permanent
scatterers
analysis
geochem
geophys
geosyst
bosman
casalbore
romagnoli
chiocci
formation
lava
delta
insights
multibeam
bathymetry
direct
observations
stromboli
eruption
bull
volcanol
calvari
bonaccorso
madonia
neri
liuzzo
salerno
behncke
caltabiano
cristaldi
giuffrida
spina
marotta
ricci
spampinato
major
eruptive
style
changes
induced
structural
modiﬁcations
shallow
conduit
system
stromboli
case
bull
volcanol
calvari
spampinato
lodato
harris
patrick
dehn
burton
andronico
chronology
complex
volcanic
processes
ﬂank
eruption
stromboli
volcano
italy
reconstructed
direct
observations
surveys
handheld
thermal
camera
geophys
solid
earth
casalbore
romagnoli
chiocci
frezza
characteristics
volcaniclastic
apron
around
stromboli
volcano
italy
mar
geol
chen
remy
froger
peltier
villeneuve
darrozes
ground
displacement
observations
using
insar
gnss
piton
fournaise
volcano
remote
sens
environ
chiocci
romagnoli
bosman
morphologic
resilience
depositional
processes
due
rapid
evolution
submerged
sciara
del
fuoco
stromboli
island
december
submarine
slide
tsunami
geomorphology
chiocci
romagnoli
tommasi
bosman
stromboli
tsunamigenic
submarine
slide
characteristics
possible
failure
mechanisms
geophys
solid
earth
crosetto
monserrat
devanthéry
crippa
persistent
scatterer
interferometry
review
isprs
photogramm
remote
sens
cruden
varnes
landslide
types
processes
turner
schuster
eds
landslides
investigation
mitigation
special
report
transportation
research
board
national
research
council
washington
chapter
roberto
rosi
bertagnini
marani
gamberi
distal
turbidites
tsunamigenic
landslides
stromboli
volcano
aeolian
islands
italy
submarine
mass
movements
consequences
springer
dordrecht
traglia
nolesini
ciampalini
solari
frodella
bellotti
fumagalli
rosa
casagli
tracking
morphological
changes
slope
instability
using
spaceborne
sar
data
geomorphology
dietterich
poland
schmidt
cashman
sherrod
espinosa
tracking
lava
ﬂow
emplacement
east
rift
zone
kilauea
hawai
synthetic
aperture
radar
coherence
geochem
geophys
geosyst
https
ebmeier
biggs
muller
avard
responsible
widespread
deformation
arenal
volcano
earth
sci
front
https
ferretti
fumagalli
novali
prati
rocca
rucci
new
algorithm
processing
interferometric
squeesar
ieee
trans
geosci
remote
sens
ferretti
prati
rocca
permanent
scatterers
sar
interferometry
ieee
international
geoscience
remote
sensing
symposium
igarss
proceedings
vol
ieee
ferretti
prati
rocca
permanent
scatterers
sar
interferometry
ieee
trans
geosci
remote
sens
flir
flir
thermacam
technical
speciﬁcations
http
flir
flir
researchir
http
hanssen
radar
interferometry
data
interpretation
error
analysis
vol
springer
science
business
media
hildenbrand
marques
catalão
catita
costa
largescale
active
slump
southeastern
ﬂank
pico
island
azores
geology
hooper
zebker
phase
unwrapping
three
dimensions
application
insar
time
series
opt
soc
hutchinson
model
ﬂow
slides
geotech
janbu
application
composite
slip
surfaces
stability
analysis
european
conference
stability
earth
slopes
vol
rowland
walker
formation
circular
littoral
cones
hoehoe
mauna
loa
hawai
bull
volcanol
kim
lin
yun
tsai
seo
hong
choi
investigation
potential
volcanic
risk
baekdu
dinsar
time
series
analysis
atmospheric
correction
remote
sens
kokelaar
romagnoli
sector
collapse
sedimentation
clast
population
evolution
active
volcano
stromboli
italy
bull
volcanol
traglia
earth
planetary
science
letters
kwam
vidakovic
nonparametric
statistics
applications
science
engineering
wiley
hoboken
lipman
moore
mauna
loa
lava
accumulation
rates
hilo
drill
site
formation
lava
deltas
period
declining
overall
volcanic
growth
geophys
solid
earth
lodato
spampinato
harris
calvari
dehn
patrick
morphology
evolution
stromboli
lava
ﬂow
ﬁeld
example
basaltic
ﬂow
ﬁeld
emplaced
steep
slope
bull
volcanol
marsella
baldi
coltelli
fabris
morphological
evolution
sciara
del
fuoco
since
reconstructing
effusive
activity
stromboli
volcano
bull
volcanol
massonnet
feigl
radar
interferometry
application
changes
earth
surface
rev
geophys
mattox
mangan
littoral
hydrovolcanic
explosions
case
study
interaction
kilauea
volcano
volcanol
geotherm
res
nemec
deltas
remarks
terminology
classiﬁcation
coarsegrained
deltas
nolesini
traglia
del
ventisette
moretti
casagli
deformations
slope
instability
stromboli
volcano
integration
gbinsar
data
analog
modeling
geomorphology
poland
orr
identifying
hazards
associated
lava
deltas
bull
volcanol
poland
peltier
bonforte
puglisi
spectrum
persistent
volcanic
ﬂank
instability
review
proposed
framework
based
piton
fournaise
etna
volcanol
geotherm
puysségur
michel
avouac
tropospheric
phase
delay
interferometric
synthetic
aperture
radar
estimated
meteorological
model
multispectral
imagery
geophys
solid
earth
ramalho
quartau
trenhaile
mitchell
woodroffe
ávila
coastal
evolution
volcanic
oceanic
islands
complex
interplay
volcanism
erosion
sedimentation
change
biogenic
production
rev
reid
christian
brien
gravitational
stability
threedimensional
stratovolcano
ediﬁces
geophys
solid
earth
reid
christian
brien
henderson
software
analyze
slope
stability
throughout
digital
landscape
tech
rep
geological
survey
techniques
methods
book
richards
geology
islas
revillagigedo
mexico
birth
development
volcan
barcena
isla
san
benedicto
bull
volcanol
rotonda
tommasi
boldini
geomechanical
characterization
volcaniclastic
material
involved
landslides
stromboli
geotech
geoenviron
eng
sansone
smith
rapid
mass
wasting
following
nearshore
submarine
volcanism
kilauea
volcano
hawaii
volcanol
geotherm
res
stevens
wadge
williams
lava
subsidence
accuracy
ers
insar
digital
elevation
models
volcanoes
int
remote
sens
tibaldi
corazzato
marani
gamberi
evidence
structures
feeding
magma
stromboli
volcano
italy
relations
ediﬁce
ﬂank
failure
creep
tectonophysics
tinti
pagnoni
zaniboni
landslides
tsunamis
december
stromboli
analysed
numerical
simulations
bull
volcanol
tommasi
baldi
chiocci
coltelli
marsella
pompilio
romagnoli
landslide
sequence
induced
eruption
stromboli
volcano
landslides
springer
berlin
heidelberg
voight
elsworth
failure
volcano
slopes
geotechnique
wadge
webley
james
bingley
dodson
waugh
veneboer
puglisi
mattia
baker
edwards
clarke
atmospheric
models
gps
insar
measurements
tropospheric
water
vapour
ﬁeld
mount
etna
geophys
res
lett
williams
bock
fang
integrated
satellite
interferometry
tropospheric
noise
gps
estimates
implications
interferometric
synthetic
aperture
radar
products
geophys
solid
earth
zakšek
hort
lorenz
satellite
thermal
observation
effusive
eruption
stromboli
volcano
remote
sens
zebker
rosen
hensley
analysis
active
lava
ﬂows
kilauea
volcano
hawaii
using
radar
correlation
measurements
geology
