  34 bed
  30 north
  30 dakota
  27 beds
  26 area
  24 butte
  21 survey
  21 lignite
  18 river
  18 coal
  13 report
  12 data
  11 geol
  10 knife
   9 sentinel
   9 mercer
   9 geological
   8 tongue
   8 study
   8 member
   8 hazen
   8 center
   8 approximately
   8 analyses
   7 used
   7 table
   7 structure
   7 stratigraphic
   7 samples
   7 logs
   7 geology
   7 four
   7 ash
   6 leonard
   6 holes
   6 element
   6 dunn
   6 counties
   6 correlation
   5 western
   5 union
   5 shown
   5 schoolhouse
   5 royse
   5 preliminary
   5 percent
   5 oliver
   5 fort
   5 formation
   5 county
   5 correlations
   5 bull
   5 beulah
   4 weir
   4 values
   4 trace
   4 surface
   4 smith
   4 rept
   4 provided
   4 paul
   4 paleocene
   4 montana
   4 mines
   4 maps
   4 location
   4 geophysical
   4 general
   4 depositional
   4 composition
   4 company
   4 carlson
   4 average
   4 acres
   3 water
   3 united
   3 underlies
   3 subsurface
   3 stratigraphy
   3 states
   3 spectrographic
   3 reported
   3 previous
   3 others
   3 minor
   3 mined
   3 mine
   3 major
   3 lignites
   3 kunkel
   3 johnson
   3 isopach
   3 hares
   3 figure
   3 field
   3 environments
   3 diagrams
   3 currently
   3 contact
   3 bur
   3 brackets
   3 available
   3 analysis
   2 zap
   2 written
   2 work
   2 within
   2 williston
   2 upper
   2 unit
   2 underwood
   2 two
   2 thickness
   2 strippable
   2 strata
   2 sondreal
   2 school
   2 sample
   2 ronald
   2 reserves
   2 reports
   2 remaining
   2 rehbein
   2 references
   2 received
   2 positive
   2 position
   2 pollard
   2 plant
   2 parts
   2 part
   2 overlies
   2 name
   2 modified
   2 missouri
   2 menge
   2 members
   2 mapping
   2 main
   2 lower
   2 logged
   2 locations
   2 local
   2 lithologic
   2 less
   2 law
   2 laboratory
   2 kube
   2 knox
   2 inv
   2 house
   2 hagel
   2 geologic
   2 except
   2 elder
   2 early
   2 drilling
   2 drill
   2 determined
   2 determinations
   2 describes
   2 described
   2 deposits
   2 density
   2 contour
   2 considered
   2 conformably
   2 circ
   2 called
   2 calculated
   2 bullion
   2 brant
   2 berg
   2 benson
   2 basis
   2 basin
   2 basic
   2 also
   1 young
   1 yeager
   1 wyoming
   1 wisconsinan
   1 williams
   1 west
   1 wells
   1 well
   1 variability
   1 value
   1 valley
   1 uppermost
   1 unpublished
   1 tsiu
   1 town
   1 three
   1 tfteilre
   1 tertiary
   1 tables
   1 syncline
   1 supplement
   1 sulfur
   1 suite
   1 studies
   1 structural
   1 strat
   1 state
   1 stanton
   1 standards
   1 stage
   1 square
   1 spear
   1 spacing
   1 southwestern
   1 southeast
   1 south
   1 sources
   1 source
   1 son
   1 slope
   1 similar
   1 showed
   1 show
   1 sheridan
   1 shallow
   1 shale
   1 several
   1 ser
   1 separated
   1 sedimentologic
   1 sedimentary
   1 sections
   1 scub
   1 scattered
   1 sandstone
   1 rocks
   1 ria
   1 reversed
   1 results
   1 resources
   1 reserve
   1 remnants
   1 reliably
   1 reliable
   1 relatively
   1 referred
   1 red
   1 rea
   1 range
   1 published
   1 proximate
   1 province
   1 provide
   1 projections
   1 projected
   1 program
   1 probable
   1 preserved
   1 present
   1 prepared
   1 precision
   1 prairie
   1 power
   1 potentially
   1 pocket
   1 plates
   1 plate
   1 planned
   1 plains
   1 personnel
   1 per
   1 page
   1 owing
   1 overlying
   1 overburden
   1 outcrop
   1 order
   1 one
   1 ocdc
   1 occur
   1 northern
   1 nonmarine
   1 nomenclature
   1 necessary
   1 necessarily
   1 near
   1 nazo
   1 natural
   1 napoleon
   1 names
   1 mostly
   1 morton
   1 moisture
   1 mno
   1 misc
   1 milton
   1 million
   1 might
   1 mgo
   1 method
   1 measured
   1 mclean
   1 may
   1 marmarth
   1 mark
   1 map
   1 many
   1 majority
   1 mainly
   1 made
   1 lying
   1 log
   1 locally
   1 little
   1 likely
   1 lateral
   1 later
   1 knowledge
   1 keuther
   1 kept
   1 investigated
   1 introduction
   1 interval
   1 interior
   1 interburden
   1 information
   1 inf
   1 important
   1 illustrations
   1 illustrate
   1 igrapny
   1 identified
   1 holocene
   1 hettinger
   1 ground
   1 great
   1 golden
   1 glenharold
   1 glacial
   1 given
   1 geometric
   1 generally
   1 generalizedsection
   1 generalized
   1 gasification
   1 garrison
   1 garfield
   1 fryburg
   1 fourth
   1 forms
   1 form
   1 folded
   1 flat
   1 flank
   1 fes
   1 federal
   1 facilitate
   1 extensive
   1 etc
   1 erosional
   1 eocene
   1 entire
   1 enough
   1 elements
   1 edj
   1 editorial
   1 edited
   1 eastern
   1 drillhole
   1 drillers
   1 drilled
   1 drifts
   1 dove
   1 dodge
   1 discussed
   1 direct
   1 diffcrpnt
   1 diagram
   1 determine
   1 detected
   1 depth
   1 dependent
   1 department
   1 custer
   1 crops
   1 croft
   1 creek
   1 covers
   1 covered
   1 cover
   1 correlative
   1 correlated
   1 control
   1 continuous
   1 continuity
   1 continued
   1 contents
   1 content
   1 contains
   1 construct
   1 conl
   1 conjunction
   1 conformity
   1 confidence
   1 concerning
   1 composed
   1 commissions
   1 commercially
   1 clearly
   1 chicago
   1 chemical
   1 ceol
   1 central
   1 cao
   1 campbell
   1 buttes
   1 bureau
   1 bracket
   1 bowman
   1 boundaries
   1 benches
   1 ben
   1 bbbbbbbb
   1 based
   1 associated
   1 ascending
   1 art
   1 areas
   1 arbitrarily
   1 applied
   1 applicable
   1 appear
   1 along
   1 almost
   1 alluvium
   1 additional
   1 addition
   1 adams
   1 across
   1 accuracy
   1 aaci
