 152 san
 145 california
 135 shelf
 130 santa
 117 area
 105 fault
 100 point
  97 sediment
  81 faults
  74 seismic
  73 region
  72 ridge
  66 southern
  62 along
  61 others
  57 sediments
  56 diego
  55 zone
  55 offshore
  54 geology
  54 conception
  53 sea
  52 catalina
  51 slope
  49 island
  48 quaternary
  48 geological
  47 areas
  44 canyon
  43 reflection
  43 may
  43 gulf
  43 channel
  40 report
  40 geologic
  40 data
  40 continental
  39 floor
  38 study
  38 slopes
  38 bank
  37 pedro
  37 borderland
  36 earthquake
  35 map
  34 water
  34 depth
  32 gas
  32 barbara
  32 adjacent
  31 western
  31 part
  31 near
  31 associated
  30 unit
  30 profiles
  30 core
  30 central
  30 bedrock
  29 south
  29 shallow
  29 earthquakes
  29 deposits
  28 mapped
  28 major
  27 well
  27 time
  27 structure
  27 faulting
  27 beach
  27 age
  26 west
  26 thrust
  26 records
  26 nicolas
  25 within
  25 verdes
  25 two
  25 survey
  25 sample
  25 palos
  24 basin
  23 submarine
  23 reflectors
  23 platform
  23 movement
  23 marine
  23 located
  23 gravity
  23 east
  23 depths
  23 arguello
  23 acoustic
  22 zones
  22 seismicity
  22 seafloor
  22 rocks
  22 relatively
  22 nappe
  22 location
  22 identified
  22 hazards
  22 division
  22 appears
  22 active
  21 shown
  21 sedimentary
  21 plate
  21 one
  21 northern
  21 greene
  21 bulletin
  20 surface
  20 probably
  20 presence
  20 occurred
  20 newport
  19 vedder
  19 used
  19 society
  19 pleistocene
  19 north
  19 late
  19 field
  19 collected
  18 vicinity
  18 structural
  18 high
  18 geologists
  18 coronado
  18 association
  18 also
  18 activity
  17 three
  17 thickness
  17 slip
  17 present
  17 petroleum
  17 mass
  17 jolla
  17 features
  17 basins
  16 upper
  16 studies
  16 moore
  16 mines
  16 evidence
  16 events
  16 creep
  16 america
  15 special
  15 slides
  15 reported
  15 preliminary
  15 number
  15 locations
  15 instability
  15 geophysical
  15 generally
  15 failure
  15 extends
  15 emery
  15 appear
  14 usgs
  14 tertiary
  14 slumps
  14 several
  14 sand
  14 recent
  14 many
  14 lines
  14 lies
  14 levees
  14 less
  14 large
  14 hills
  14 epicenters
  14 american
  13 unconsolidated
  13 type
  13 travel
  13 suggest
  13 similar
  13 show
  13 seepage
  13 reflect
  13 noted
  13 northwest
  13 miocene
  13 long
  13 locally
  13 length
  13 indicate
  13 however
  13 edge
  13 downslope
  13 defined
  13 basement
  13 base
  13 approximately
  12 westward
  12 thin
  12 pliocene
  12 onshore
  12 nearly
  12 much
  12 lower
  12 hydrocarbon
  12 correlated
  12 continuous
  12 coastal
  11 units
  11 tsunamis
  11 trend
  11 transport
  11 small
  11 segment
  11 seeps
  11 richmond
  11 potential
  11 occur
  11 mcculloch
  11 mainland
  11 line
  11 lee
  11 history
  11 distribution
  11 described
  11 channels
  11 boundary
  11 apparent
  10 yerkes
  10 trough
  10 tectonic
  10 system
  10 studied
  10 structures
  10 samples
  10 range
  10 prominent
  10 oil
  10 oceanside
  10 liquefaction
  10 islands
  10 indicates
  10 holocene
  10 greater
  10 folds
  10 flows
  10 fine
  10 environmental
  10 eastern
  10 displacement
  10 commonly
  10 canyons
  10 break
  10 beneath
  10 across
   9 wide
   9 vertical
   9 technology
   9 summary
   9 subsurface
   9 southeast
   9 side
   9 sale
   9 related
   9 recorded
   9 parallel
   9 nappes
   9 modern
   9 miguel
   9 lease
   9 latitude
   9 known
   9 kennedy
   9 extending
   9 edwards
   9 editors
   9 cruise
   9 composed
   9 block
   9 around
   9 anomalies
   9 although
   9 accumulations
   8 subaqueous
   8 strata
   8 sta
   8 southward
   8 size
   8 single
   8 significant
   8 shear
   8 selected
   8 sandstone
   8 rock
   8 outer
   8 origin
   8 numerous
   8 northeast
   8 minor
   8 meters
   8 mateo
   8 margin
   8 magnitude
   8 los
   8 longitude
   8 introduction
   8 interpretation
   8 gases
   8 folded
   8 faulted
   8 fairly
   8 failures
   8 extend
   8 exposed
   8 epicenter
   8 engineering
   8 discontinuous
   8 deep
   8 dart
   8 could
   8 characterized
   8 characteristics
   8 character
   8 buried
   8 angeles
   7 valley
   7 upward
   7 unstable
   7 university
   7 tributaries
   7 trends
   7 thrusting
   7 systems
   7 surficial
   7 subbottom
   7 steep
   7 state
   7 sources
   7 seismically
   7 seaward
   7 reverse
   7 ranging
   7 publication
   7 pattern
   7 pacific
   7 orange
   7 offset
   7 little
   7 legg
   7 interpreted
   7 gorsline
   7 gabriel
   7 form
   7 flow
   7 extensive
   7 event
   7 development
   7 deformation
   7 damage
   7 cut
   7 cover
   7 county
   7 conditions
   7 complex
   7 column
   7 clarke
   7 aspects
   7 additional
   7 acoustically
   6 wrench
   6 united
   6 uchupi
   6 trackline
   6 top
   6 thick
   6 states
   6 sparker
   6 southwest
   6 slump
   6 slide
   6 since
   6 silt
   6 shows
   6 seismological
   6 result
   6 proposed
   6 profile
   6 processes
   6 principally
   6 principal
   6 possibly
   6 perils
   6 paper
   6 older
   6 ocs
   6 obtained
   6 norris
   6 moderate
   6 loma
   6 lasuen
   6 knoll
   6 institute
   6 information
   6 inferred
   6 immediately
   6 hileman
   6 guidebook
   6 gawthrop
   6 found
   6 fig
   6 estimated
   6 especially
   6 erosion
   6 eocene
   6 elliott
   6 dip
   6 determined
   6 dana
   6 concerning
   6 coast
   6 caused
   6 bounding
   6 basis
   6 banks
   6 amplitude
   6 agnew
   6 addition
   6 abbott
   5 welday
   5 volcanic
   5 unpublished
   5 tsunami
   5 transparent
   5 throughout
   5 thought
   5 thirtymile
   5 thesis
   5 tectonics
   5 surfaces
   5 superimposed
   5 suggests
   5 stratigraphic
   5 stations
   5 sounder
   5 six
   5 showing
   5 setting
   5 section
   5 sec
   5 science
   5 scarps
   5 rotational
   5 rosa
   5 rise
   5 resulting
   5 resolution
   5 represent
   5 reflects
   5 quadrangle
   5 probable
   5 possible
   5 poorly
   5 plane
   5 period
   5 percent
   5 offsets
   5 northwestern
   5 network
   5 natural
   5 miscellaneous
   5 milliseconds
   5 middle
   5 methods
   5 material
   5 lucia
   5 lompoc
   5 limited
   5 level
   5 levee
   5 lack
   5 january
   5 investigation
   5 interval
   5 internal
   5 inner
   5 half
   5 grant
   5 grain
   5 general
   5 fron
   5 four
   5 forms
   5 formed
   5 flat
   5 figure
   5 extent
   5 either
   5 editor
   5 edgington
   5 early
   5 displace
   5 deposition
   5 currents
   5 crops
   5 cortes
   5 correlation
   5 contain
   5 constructed
   5 compiled
   5 characteristically
   5 carried
   5 broad
   5 based
   5 annual
   5 alien
   5 affected
   5 aboard
   4 young
   4 years
   4 williams
   4 wilkinson
   4 wagner
   4 velocity
   4 uniboom
   4 unconformity
   4 types
   4 topography
   4 thermogenic
   4 test
   4 tan
   4 strong
   4 strength
   4 solutions
   4 shocks
   4 sheets
   4 sheet
   4 sharp
   4 series
   4 separation
   4 sampling
   4 rivers
   4 river
   4 ridges
   4 results
   4 reflector
   4 reflections
   4 rapid
   4 presumed
   4 planes
   4 physiographic
   4 patterns
   4 past
   4 parts
   4 orientation
   4 organic
   4 narrow
   4 morton
   4 merge
   4 marks
   4 made
   4 localities
   4 least
   4 largest
   4 larger
   4 journal
   4 joins
   4 jennings
   4 isolated
   4 investigations
   4 indicating
   4 include
   4 incised
   4 hydrocarbons
   4 howell
   4 heads
   4 head
   4 geotechnical
   4 geologically
   4 foraminifera
   4 flanking
   4 five
   4 fill
   4 figures
   4 fermin
   4 extension
   4 escarpment
   4 entire
   4 end
   4 elsewhere
   4 echelon
   4 distinct
   4 discrete
   4 direction
   4 dipping
   4 difficult
   4 department
   4 deformed
   4 december
   4 dames
   4 dall
   4 crossed
   4 creek
   4 created
   4 cost
   4 contorted
   4 continue
   4 comprises
   4 common
   4 coastline
   4 closely
   4 change
   4 cdp
   4 bounded
   4 bottom
   4 border
   4 biogenic
   4 bedding
   4 barrows
   4 baja
   4 anticline
   4 another
   4 analysis
   4 analyses
   4 ages
   4 additionally
   4 absence
   3 ziony
   3 ynez
   3 work
   3 wolf
   3 wentworth
   3 weaver
   3 veneer
   3 vector
   3 varies
   3 van
   3 uplift
   3 unnamed
   3 underlying
   3 undergone
   3 unconformably
   3 transverse
   3 transported
   3 tracts
   3 traces
   3 topographic
   3 today
   3 third
   3 thickest
   3 texas
   3 ten
   3 suggesting
   3 style
   3 strike
   3 steeply
   3 stability
   3 square
   3 solution
   3 sites
   3 site
   3 silty
   3 siltstone
   3 significance
   3 short
   3 ship
   3 severe
   3 sets
   3 sedimentation
   3 second
   3 seamount
   3 scripps
   3 sciences
   3 scale
   3 rotated
   3 rose
   3 rosacortes
   3 rodriguez
   3 reworked
   3 restricted
   3 represented
   3 reports
   3 relict
   3 relative
   3 regional
   3 reflected
   3 refers
   3 referred
   3 record
   3 reconnaissance
   3 real
   3 rather
   3 ranges
   3 quiet
   3 proximity
   3 properties
   3 produced
   3 produce
   3 primary
   3 prevalent
   3 presented
   3 predominantly
   3 potentially
   3 possibility
   3 plotted
   3 plates
   3 planetary
   3 plain
   3 piston
   3 pis
   3 petrology
   3 paleontologists
   3 overlie
   3 oral
   3 ocean
   3 observed
   3 november
   3 northwestward
   3 normal
   3 nearshore
   3 moving
   3 moody
   3 monica
   3 mineralogists
   3 miller
   3 michael
   3 mexico
   3 medium
   3 masses
   3 maria
   3 maps
   3 majority
   3 low
   3 longer
   3 lithology
   3 likely
   3 lie
   3 leveed
   3 lesser
   3 largely
   3 laden
   3 kilometer
   3 khz
   3 karl
   3 kaplan
   3 isopach
   3 interpretations
   3 instrumentally
   3 instrumental
   3 including
   3 includes
   3 hummocky
   3 houston
   3 historical
   3 historic
   3 hill
   3 highresolution
   3 henry
   3 hazard
   3 harding
   3 hanks
   3 ground
   3 greatest
   3 geotechnology
   3 geodetic
   3 forming
   3 formation
   3 forces
   3 fold
   3 flank
   3 file
   3 felt
   3 farther
   3 exception
   3 except
   3 evaluation
   3 established
   3 equivalent
   3 environment
   3 economic
   3 eastward
   3 due
   3 drawings
   3 drake
   3 dott
   3 dorn
   3 doerner
   3 doctoral
   3 distance
   3 determine
   3 depositional
   3 deposited
   3 degree
   3 crossings
   3 crop
   3 covered
   3 coverage
   3 cores
   3 cook
   3 control
   3 consists
   3 considered
   3 consequently
   3 connect
   3 conference
   3 concentrated
   3 compressional
   3 compression
   3 component
   3 compared
   3 cole
   3 coarse
   3 clements
   3 centered
   3 catcher
   3 carlsbad
   3 carbonate
   3 calcareous
   3 broken
   3 bouma
   3 blocks
   3 blm
   3 axis
   3 average
   3 arnal
   3 appreciable
   3 appendix
   3 anomaly
   3 amount
   3 aligned
   3 alaska
   3 acted
   3 accumulation
   2 younger
   2 year
   2 wood
   2 wimberly
   2 wilcox
   2 whether
   2 weak
   2 von
   2 voids
   2 vectors
   2 varied
   2 valleys
   2 use
   2 urban
   2 unknown
   2 uninterrupted
   2 uniform
   2 undifferentiated
   2 underwater
   2 uncommon
   2 uicolas
   2 typically
   2 turn
   2 transparency
   2 tracklines
   2 townley
   2 tops
   2 times
   2 tho
   2 thinness
   2 thanks
   2 textural
   2 terraces
   2 terrace
   2 terminal
   2 term
   2 tectonically
   2 swings
   2 swinging
   2 swept
   2 subsequently
   2 stratigraphy
   2 stratigraphically
   2 strand
   2 stevenson
   2 spaced
   2 southwestward
   2 source
   2 sound
   2 sonographs
   2 sonar
   2 somewhere
   2 smith
   2 slumping
   2 slow
   2 sliding
   2 simultaneously
   2 sill
   2 shoreline
   2 shore
   2 shock
   2 shepard
   2 shallowly
   2 shale
   2 shaking
   2 shaken
   2 severely
   2 september
   2 separations
   2 seismographic
   2 seep
   2 sedimentology
   2 sedimentologic
   2 sections
   2 scarp
   2 savage
   2 sari
   2 sangrey
   2 rittenberg
   2 rises
   2 richter
   2 review
   2 reverberations
   2 resulted
   2 resolved
   2 remainder
   2 reflecting
   2 references
   2 recovery
   2 recording
   2 recognized
   2 recency
   2 random
   2 radar
   2 questionable
   2 purisima
   2 pulse
   2 provided
   2 proportion
   2 prone
   2 professional
   2 proceedings
   2 procedures
   2 previously
   2 previous
   2 presumably
   2 press
   2 prescott
   2 prepared
   2 predominately
   2 polaris
   2 place
   2 pilkey
   2 periods
   2 perhaps
   2 per
   2 penetration
   2 payton
   2 patton
   2 partly
   2 particularly
   2 particular
   2 parke
   2 package
   2 overlain
   2 overbank
   2 outcropping
   2 otherwise
   2 otc
   2 orr
   2 orientations
   2 operations
   2 open
   2 ooo
   2 oceanography
   2 oceanographic
   2 occurs
   2 occurring
   2 obscure
   2 notch
   2 northward
   2 northerly
   2 nidever
   2 nelson
   2 nature
   2 mud
   2 movements
   2 mouths
   2 mountains
   2 mountain
   2 mounds
   2 motion
   2 morphology
   2 morphologic
   2 moreover
   2 monterey
   2 model
   2 mission
   2 mikolaj
   2 methane
   2 menard
   2 meeting
   2 measuring
   2 measured
   2 maximum
   2 marking
   2 marked
   2 mark
   2 margins
   2 march
   2 mar
   2 management
   2 mainly
   2 magnitudes
   2 lying
   2 lose
   2 local
   2 lng
   2 listed
   2 list
   2 limit
   2 lewis
   2 leasing
   2 layers
   2 layer
   2 latter
   2 las
   2 landsliding
   2 land
   2 kvenvolden
   2 knowledge
   2 knolls
   2 kelp
   2 juan
   2 isobath
   2 intersection
   2 intersecting
   2 interruptions
   2 intermediatepenetration
   2 intermediate
   2 ingle
   2 indication
   2 implies
   2 identification
   2 identifiable
   2 hoggan
   2 hillscoronado
   2 highest
   2 heezen
   2 heavily
   2 hazardous
   2 hampton
   2 hall
   2 hake
   2 gutenberg
   2 gullies
   2 great
   2 gradually
   2 graben
   2 grab
   2 geomorphic
   2 geographic
   2 gently
   2 generated
   2 gathered
   2 gan
   2 future
   2 frontal
   2 friedman
   2 frequency
   2 following
   2 folding
   2 flowage
   2 floors
   2 flooding
   2 flanks
   2 filled
   2 fife
   2 feature
   2 extreme
   2 exploration
   2 exists
   2 excess
   2 exceeds
   2 example
   2 eustatic
   2 ensiminger
   2 energy
   2 enclosing
   2 empties
   2 easterly
   2 drawn
   2 drainage
   2 done
   2 dominated
   2 diving
   2 disturbed
   2 distances
   2 dissolved
   2 disrupt
   2 displacing
   2 displaces
   2 displaced
   2 discussed
   2 discontinuation
   2 directly
   2 dimensions
   2 devoid
   2 developed
   2 detrital
   2 descriptive
   2 deposit
   2 depicting
   2 del
   2 degrees
   2 deeper
   2 decrease
   2 declivity
   2 damaged
   2 curved
   2 cruises
   2 crossing
   2 criteria
   2 crest
   2 covering
   2 correlate
   2 convex
   2 controlled
   2 contribution
   2 contributed
   2 contrasting
   2 contrast
   2 continuing
   2 continues
   2 continuation
   2 contains
   2 constructional
   2 constraints
   2 consist
   2 conglomerate
   2 conformably
   2 conform
   2 conduits
   2 conduit
   2 comprising
   2 comprise
   2 compressive
   2 comprehensive
   2 composition
   2 comparable
   2 coffman
   2 cluster
   2 clukey
   2 close
   2 cleveland
   2 clemente
   2 clear
   2 claypool
   2 clay
   2 cited
   2 chile
   2 chaotic
   2 channelized
   2 changes
   2 catalog
   2 cases
   2 carbon
   2 capistrano
   2 calculated
   2 calcium
   2 cabrillo
   2 bureau
   2 bubbles
   2 breadth
   2 boundaries
   2 blatt
   2 blanc
   2 beyond
   2 bernard
   2 bent
   2 believe
   2 bay
   2 basic
   2 barrier
   2 barnes
   2 banta
   2 bandy
   2 band
   2 axes
   2 available
   2 associates
   2 assessment
   2 applied
   2 applications
   2 appearing
   2 apparently
   2 angles
   2 andreas
   2 ana
   2 alternate
   2 almost
   2 aleutians
   2 aid
   2 aftershocks
   2 affect
   2 administration
   2 acknowledgments
   2 accurately
   2 accuracy
   2 absent
   1 zonation
   1 zero
   1 youngest
   1 york
   1 yearly
   1 written
   1 wrenching
   1 would
   1 workers
   1 william
   1 width
   1 widespread
   1 wider
   1 widens
   1 widely
   1 white
   1 whitcomb
   1 wharfs
   1 westernmost
   1 westerly
   1 waves
   1 wave
   1 watersaturated
   1 waters
   1 washington
   1 volume
   1 viscous
   1 violent
   1 vinning
   1 video
   1 vicente
   1 via
   1 vessel
   1 verify
   1 ventura
   1 venting
   1 veneered
   1 varying
   1 vary
   1 various
   1 values
   1 value
   1 vallecitossan
   1 usually
   1 using
   1 upthrust
   1 unusually
   1 union
   1 undisturbed
   1 undertaken
   1 understood
   1 understanding
   1 underlies
   1 underlain
   1 undergoing
   1 underconsolidation
   1 undeformed
   1 unconfornity
   1 uncertain
   1 ultimately
   1 ubiquitous
   1 uanta
   1 typed
   1 twelve
   1 tusten
   1 turbidite
   1 turbid
   1 tudor
   1 truncated
   1 truncate
   1 true
   1 troughmaximinos
   1 tributary
   1 triangle
   1 transportation
   1 translated
   1 transactions
   1 trade
   1 traction
   1 traced
   1 trace
   1 total
   1 toppozada
   1 topped
   1 toppazada
   1 took
   1 toe
   1 tinsley
   1 tine
   1 tijuana
   1 tightly
   1 tidal
   1 tid
   1 thus
   1 though
   1 thorough
   1 thinly
   1 thicknesses
   1 thicken
   1 theoretical
   1 thai
   1 text
   1 tests
   1 termination
   1 terminate
   1 tensional
   1 tension
   1 tens
   1 temblor
   1 teleseisraic
   1 techniques
   1 technical
   1 taylor
   1 taken
   1 take
   1 table
   1 synclines
   1 symposium
   1 swing
   1 swift
   1 surveyed
   1 surrounds
   1 surrounding
   1 surfaced
   1 support
   1 summarized
   1 suggested
   1 sufficient
   1 sudden
   1 substantial
   1 subsidiary
   1 subsidence
   1 subparallel
   1 submitted
   1 subjected
   1 subdivided
   1 subbottoin
   1 stuart
   1 structurally
   1 stroudsburg
   1 stronger
   1 strikeslip
   1 stress
   1 stratification
   1 strands
   1 stewart
   1 sterly
   1 steps
   1 step
   1 steeper
   1 station
   1 statement
   1 stands
   1 standards
   1 standard
   1 stained
   1 spontaneously
   1 splay
   1 specific
   1 sparse
   1 spacing
   1 space
   1 southsouthwest
   1 southerly
   1 southeastward
   1 southeastern
   1 sorted
   1 somewhat
   1 smooth
   1 smear
   1 smaller
   1 slowly
   1 slightly
   1 sizes
   1 situate
   1 sisquoc
   1 simple
   1 simonetti
   1 simirenko
   1 similarly
   1 similarity
   1 silverman
   1 silver
   1 silts
   1 siitstone
   1 significantly
   1 signals
   1 signal
   1 sidescan
   1 shumway
   1 shorter
   1 shift
   1 shelves
   1 sharply
   1 shallowest
   1 shallower
   1 severly
   1 seven
   1 set
   1 services
   1 sequences
   1 sequence
   1 separated
   1 sense
   1 selective
   1 seisnic
   1 seismotectonic
   1 seismology
   1 seismograph
   1 seisirtological
   1 seen
   1 seely
   1 sedineat
   1 sedimentological
   1 seconds
   1 seacliff
   1 scour
   1 scott
   1 scientists
   1 scattered
   1 sandy
   1 sampled
   1 salient
   1 sackett
   1 sac
   1 rounded
   1 rotation
   1 ross
   1 roooo
   1 roberts
   1 robert
   1 rio
   1 rigid
   1 revised
   1 reviewed
   1 resultant
   1 ression
   1 responsible
   1 respectively
   1 resolve
   1 resistant
   1 resig
   1 resembles
   1 required
   1 representing
   1 replaced
   1 repeated
   1 remote
   1 remaining
   1 remained
   1 remain
   1 relocated
   1 reliable
   1 relevance
   1 relationships
   1 relationship
   1 relation
   1 regions
   1 regime
   1 refined
   1 reduces
   1 red
   1 reconstruction
   1 recently
   1 readily
   1 reader
   1 react
   1 reaches
   1 reach
   1 radiating
   1 quinterno
   1 quality
   1 quadrilateral
   1 pushed
   1 purposes
   1 pulgas
   1 published
   1 provide
   1 proper
   1 promote
   1 prominant
   1 projecting
   1 profiling
   1 processed
   1 problems
   1 prior
   1 princip
   1 presently
   1 prepare
   1 preferred
   1 predominant
   1 precursors
   1 precludes
   1 postulated
   1 postulate
   1 positioning
   1 pose
   1 pore
   1 populations
   1 populated
   1 poor
   1 ponding
   1 pollution
   1 pollutants
   1 plots
   1 plenum
   1 platt
   1 platforms
   1 plastically
   1 planktic
   1 planed
   1 planar
   1 plains
   1 places
   1 pitas
   1 physiography
   1 physiographically
   1 photographic
   1 phenomenon
   1 phenomena
   1 phase
   1 pertinent
   1 persistent
   1 periodically
   1 pennsylvania
   1 ped
   1 peclro
   1 paula
   1 paucity
   1 park
   1 parallels
   1 paleogeography
   1 paleocurrents
   1 paleocene
   1 paleobathymetric
   1 page
   1 packages
   1 oxnard
   1 overpressured
   1 overlying
   1 overlap
   1 overall
   1 outcrops
   1 outcrop
   1 oton
   1 osborn
   1 oro
   1 originally
   1 operational
   1 operated
   1 oooo
   1 oooi
   1 ooao
   1 onto
   1 onofre
   1 ohio
   1 ofr
   1 offs
   1 offered
   1 ocscal
   1 ocoji
   1 oceanic
   1 observations
   1 oat
   1 nviji
   1 notion
   1 note
   1 notably
   1 nose
   1 nos
   1 norton
   1 northwesttrending
   1 northridge
   1 northplunging
   1 normark
   1 nordquist
   1 nopiilation
   1 none
   1 nomenclature
   1 nolf
   1 nnf
   1 night
   1 next
   1 new
   1 nevada
   1 neogene
   1 needed
   1 necessitated
   1 nearby
   1 naturally
   1 national
   1 napped
   1 names
   1 named
   1 name
   1 nagaty
   1 murray
   1 multiplying
   1 multiples
   1 multiple
   1 multichannel
   1 mudstone
   1 mouth
   1 mounded
   1 mou
   1 mostly
   1 moorings
   1 monitored
   1 modified
   1 mixture
   1 mixing
   1 mitigation
   1 minutes
   1 miniranger
   1 million
   1 middleton
   1 microns
   1 mfd
   1 metu
   1 metropolitan
   1 merit
   1 merging
   1 merely
   1 menlo
   1 memorandum
   1 memoir
   1 mechanisms
   1 mechanism
   1 mean
   1 mcclelland
   1 maximinos
   1 matter
   1 materials
   1 masters
   1 masking
   1 masked
   1 maryjane
   1 margarita
   1 mapping
   1 manuscript
   1 manner
   1 malfunction
   1 maintained
   1 maines
   1 main
   1 luyendyk
   1 lowland
   1 lov
   1 lotnpoc
   1 longitudinal
   1 locked
   1 loading
   1 littoral
   1 lithostratigraphic
   1 liquefy
   1 linker
   1 linger
   1 lineaments
   1 likelihood
   1 levels
   1 letters
   1 led
   1 leading
   1 lead
   1 lateral
   1 landward
   1 landslides
   1 landforms
   1 lajoie
   1 laguna
   1 lag
   1 lacks
   1 lacking
   1 laboratory
   1 kimberly
   1 kilometers
   1 kileman
   1 kibbee
   1 kevin
   1 keller
   1 kelez
   1 keith
   1 kamchatka
   1 juxtaposition
   1 junger
   1 july
   1 jts
   1 joint
   1 john
   1 job
   1 jiego
   1 jewport
   1 jacinto
   1 irregularity
   1 irregularities
   1 irregular
   1 involved
   1 involve
   1 investigators
   1 interstitial
   1 interpretive
   1 interpret
   1 interior
   1 interested
   1 intercanyon
   1 interbeds
   1 interbedded
   1 intensively
   1 intensity
   1 intensely
   1 institution
   1 input
   1 initiated
   1 initially
   1 influencing
   1 influenced
   1 infilling
   1 inferences
   1 industries
   1 inducing
   1 indicative
   1 indications
   1 indicated
   1 index
   1 indeed
   1 increases
   1 increased
   1 inclusion
   1 included
   1 inclined
   1 incising
   1 incipient
   1 inadvertant
   1 inadequate
   1 improved
   1 imprecision
   1 impossible
   1 imply
   1 imperial
   1 imbricate
   1 imasters
   1 ilost
   1 ilicolas
   1 ilesa
   1 ijicolas
   1 identify
   1 ibrahim
   1 hypocenters
   1 hutchinson
   1 huntington
   1 hundred
   1 hummockv
   1 host
   1 horsts
   1 horst
   1 horizontally
   1 horizontal
   1 horizon
   1 honor
   1 hole
   1 hog
   1 hirozawa
   1 highs
   1 highly
   1 higher
   1 hicolas
   1 heston
   1 hence
   1 hemipelagic
   1 helped
   1 heck
   1 heavier
   1 headward
   1 headscarp
   1 headlands
   1 hcd
   1 harvey
   1 hap
   1 hamlin
   1 hamilton
   1 hacl
   1 groups
   1 groundwater
   1 gregoriohosgri
   1 greatly
   1 gravels
   1 gravel
   1 grand
   1 grades
   1 gobernadora
   1 gerta
   1 geosciences
   1 geometry
   1 geometrically
   1 geoenvironmental
   1 geochemical
   1 gentle
   1 gave
   1 gaseous
   1 gaps
   1 gample
   1 gaal
   1 funded
   1 fronts
   1 front
   1 froii
   1 freshness
   1 freeman
   1 francisco
   1 franciscan
   1 framework
   1 fragments
   1 fractured
   1 foxen
   1 fourth
   1 foremost
   1 follows
   1 follow
   1 focus
   1 focal
   1 fluid
   1 fluctuations
   1 flores
   1 flo
   1 flanked
   1 fish
   1 firstmotion
   1 first
   1 fiorton
   1 final
   1 figs
   1 fernando
   1 fauna
   1 fate
   1 far
   1 failing
   1 factors
   1 facilities
   1 facies
   1 fabric
   1 extrapolation
   1 extensively
   1 extended
   1 expression
   1 express
   1 exposures
   1 exploitation
   1 exist
   1 exhibit
   1 exerted
   1 excursion
   1 exceptions
   1 exceedingly
   1 examined
   1 examination
   1 exaggeration
   1 evolution
   1 even
   1 establishing
   1 establish
   1 essentially
   1 essays
   1 escape
   1 eroded
   1 equipment
   1 eppley
   1 episodes
   1 epicentral
   1 eos
   1 environments
   1 enhanced
   1 englewood
   1 engineers
   1 endorsement
   1 employed
   1 emphasis
   1 emergent
   1 elsinore
   1 elevations
   1 elevation
   1 elementary
   1 eight
   1 effects
   1 effectively
   1 editorial
   1 edges
   1 eastwest
   1 earth
   1 earlier
   1 dynamics
   1 dynamic
   1 dune
   1 duane
   1 drilling
   1 drift
   1 drape
   1 drain
   1 drag
   1 doyle
   1 downward
   1 downthrown
   1 downdropped
   1 dowden
   1 douglas
   1 dominantly
   1 dominant
   1 documented
   1 distortion
   1 distorted
   1 distal
   1 dissect
   1 disruption
   1 displays
   1 displaying
   1 displacements
   1 dispersal
   1 dislocated
   1 discussion
   1 discrepancies
   1 discharging
   1 directed
   1 dips
   1 dill
   1 dilation
   1 digitally
   1 difficulty
   1 differential
   1 different
   1 diagnostic
   1 diagenesis
   1 determining
   1 determination
   1 details
   1 detailed
   1 detail
   1 detached
   1 desireable
   1 description
   1 derived
   1 density
   1 demonstrate
   1 delimiting
   1 deeply
   1 decreased
   1 decoupling
   1 decoupled
   1 decade
   1 debouched
   1 date
   1 damming
   1 damaging
   1 cyclic
   1 cutting
   1 curving
   1 cummings
   1 cruz
   1 crouch
   1 crosssection
   1 critical
   1 craters
   1 cranmer
   1 cracks
   1 covers
   1 coupled
   1 counties
   1 coulc
   1 correspond
   1 convenience
   1 contributing
   1 contribute
   1 contrasts
   1 contract
   1 contents
   1 contemporaneous
   1 conte
   1 contained
   1 contacts
   1 cont
   1 construction
   1 constrained
   1 consolidation
   1 consistent
   1 consisted
   1 considerations
   1 consideration
   1 considerable
   1 connects
   1 conjunction
   1 conjugate
   1 conformity
   1 conforming
   1 confidence
   1 conclusion
   1 concluded
   1 concerned
   1 concentration
   1 concave
   1 compressing
   1 compressed
   1 components
   1 complexly
   1 complexity
   1 compilation
   1 compatible
   1 comparing
   1 commun
   1 commerce
   1 comments
   1 combination
   1 collection
   1 collect
   1 colleagues
   1 colburn
   1 coarser
   1 coarseness
   1 coaplex
   1 clusters
   1 closer
   1 cliffs
   1 clearly
   1 claystone
   1 clayey
   1 clasts
   1 circumstances
   1 circular
   1 circle
   1 cid
   1 chronologically
   1 chiefly
   1 chert
   1 chase
   1 characterize
   1 characteristic
   1 chapman
   1 centers
   1 caught
   1 catalogued
   1 carry
   1 carol
   1 carefully
   1 careaga
   1 capsulized
   1 capped
   1 capability
   1 calciuin
   1 cacchione
   1 byproducts
   1 bulges
   1 buenaventura
   1 buchanan
   1 bubble
   1 brune
   1 brooks
   1 bright
   1 brian
   1 branch
   1 bragge
   1 bounds
   1 bound
   1 borrego
   1 bordering
   1 bordered
   1 borchardt
   1 boomer
   1 body
   1 boat
   1 board
   1 blom
   1 blankets
   1 blanca
   1 bisect
   1 bezore
   1 beyer
   1 benthic
   1 bendix
   1 bending
   1 belt
   1 believed
   1 behave
   1 bedded
   1 bearing
   1 bathymetry
   1 bathymetric
   1 basinward
   1 basal
   1 bands
   1 ban
   1 bailey
   1 bacterial
   1 backrotated
   1 back
   1 avg
   1 avenues
   1 augustine
   1 augmented
   1 attesting
   1 attest
   1 attenuating
   1 attention
   1 atmospheric
   1 asymmetric
   1 assumed
   1 associations
   1 assessments
   1 assessed
   1 assess
   1 art
   1 arne
   1 aprons
   1 april
   1 appraisal
   1 appearance
   1 anticlines
   1 anticlinal
   1 anomalously
   1 anomalous
   1 annually
   1 angularity
   1 angular
   1 angle
   1 ancillary
   1 analyzed
   1 anacapa
   1 amounts
   1 among
   1 alternative
   1 alteration
   1 alone
   1 allowed
   1 alegria
   1 aill
   1 agua
   1 agree
   1 advisors
   1 admixtures
   1 admixed
   1 adjoin
   1 addresses
   1 actually
   1 activities
   1 account
   1 accompanied
   1 accelerated
   1 abyssal
   1 abundant
   1 abundance
   1 abstract
   1 absorption
   1 abruptly
   1 abrupt
   1 abraded
