 573 earthquake
 387 going
 327 one
 326 people
 326 anchorage
 312 get
 299 area
 270 building
 259 alaska
 209 things
 208 would
 206 earthquakes
 174 know
 173 think
 171 could
 169 really
 163 time
 159 like
 156 got
 151 lot
 148 city
 145 well
 136 years
 136 emergency
 128 areas
 126 first
 125 need
 122 two
 121 buildings
 119 magnitude
 119 damage
 117 disaster
 116 back
 112 community
 111 also
 108 right
 106 want
 105 thing
 105 fault
 103 state
 103 public
  99 problem
  98 take
  98 santa
  97 plan
  94 cruz
  93 tsunami
  93 figure
  91 see
  91 fire
  90 large
  88 way
  87 recovery
  87 downtown
  86 little
  85 said
  84 plate
  84 california
  82 planning
  81 may
  81 make
  80 new
  79 another
  78 much
  78 many
  78 major
  78 department
  76 work
  75 kind
  73 problems
  73 happened
  73 good
  72 say
  72 san
  72 probably
  72 look
  72 bay
  71 come
  71 center
  70 region
  70 done
  69 school
  69 response
  69 real
  69 important
  68 water
  68 business
  67 information
  66 along
  65 went
  65 local
  64 within
  64 put
  64 next
  63 occurred
  62 around
  61 trying
  61 street
  61 part
  61 fact
  60 talk
  60 pacific
  60 great
  60 big
  59 three
  58 construction
  57 federal
  56 watsonville
  56 north
  55 year
  55 wave
  55 still
  55 process
  55 ground
  54 even
  54 came
  54 able
  53 something
  53 place
  53 made
  52 feet
  52 example
  52 deal
  51 red
  51 long
  50 system
  50 slide
  50 potential
  50 let
  49 course
  48 together
  48 last
  48 government
  48 different
  48 box
  47 seismic
  47 prieta
  47 occur
  47 happen
  47 event
  47 district
  46 point
  46 number
  46 needs
  46 loma
  46 keep
  45 housing
  45 day
  45 built
  44 getting
  44 facilities
  44 cross
  44 actually
  43 high
  42 use
  42 structures
  42 situation
  42 period
  42 might
  42 everybody
  41 try
  41 tell
  41 percent
  40 since
  40 phase
  40 motion
  40 miles
  40 heights
  40 avenue
  39 top
  39 talking
  39 set
  39 resources
  39 rebuilding
  39 francisco
  39 everything
  38 shows
  38 risk
  38 plates
  38 months
  38 involved
  38 geological
  38 every
  38 bit
  37 office
  37 fema
  37 assistance
  36 sure
  36 structure
  36 small
  36 show
  36 landslide
  36 funds
  35 schools
  35 question
  35 pretty
  35 operations
  35 house
  35 geologic
  34 whether
  34 type
  34 tsunamis
  34 property
  34 peat
  34 money
  34 level
  33 start
  33 services
  33 relative
  33 reconstruction
  33 quickly
  33 near
  33 insurance
  33 hazard
  33 design
  32 working
  32 town
  32 started
  32 side
  32 saying
  32 old
  32 help
  32 give
  32 generated
  32 gas
  32 fairbanks
  32 call
  31 wanted
  31 took
  31 survey
  31 site
  31 particular
  31 looking
  31 hazards
  31 following
  31 flood
  31 faults
  31 evidence
  31 days
  31 away
  30 significant
  30 section
  30 quite
  30 private
  30 left
  30 found
  30 engineers
  30 case
  30 better
  29 without
  29 whole
  29 used
  29 shaking
  29 program
  29 prepared
  29 power
  29 plans
  29 particularly
  29 order
  29 never
  29 national
  29 four
  29 fig
  29 enough
  29 elementary
  28 today
  28 second
  28 maybe
  28 less
  28 land
  28 hours
  28 far
  28 development
  28 dealing
  28 boundary
  28 base
  28 american
  27 trees
  27 saw
  27 safe
  27 rupture
  27 maximum
  27 line
  27 learned
  27 later
  27 john
  27 however
  27 future
  27 facility
  27 events
  27 economic
  27 couple
  26 zone
  26 times
  26 several
  26 mountain
  26 million
  26 life
  26 incident
  26 immediately
  26 hazardous
  26 george
  26 force
  26 five
  26 damaged
  26 county
  26 communities
  26 coming
  26 codes
  26 caused
  26 called
  26 available
  26 agencies
  25 urban
  25 sort
  25 road
  25 ready
  25 municipality
  25 moving
  25 happens
  25 folks
  25 entire
  25 engineering
  25 division
  25 director
  25 central
  25 best
  24 thought
  24 support
  24 subsidence
  24 six
  24 shown
  24 report
  24 possible
  24 move
  24 main
  24 least
  24 layer
  24 immediate
  24 command
  24 certain
  24 castle
  24 almost
  23 worked
  23 volunteers
  23 somebody
  23 safety
  23 provide
  23 places
  23 pay
  23 opportunity
  23 operation
  23 oakland
  23 meters
  23 mentioned
  23 kinds
  23 kids
  23 issues
  23 cover
  23 communications
  23 close
  23 believe
  23 bank
  23 although
  23 ago
  22 view
  22 takes
  22 run
  22 questions
  22 past
  22 palmer
  22 outside
  22 needed
  22 mitigation
  22 lower
  22 location
  22 kilometers
  22 hospital
  22 home
  22 general
  22 experience
  22 else
  22 difficult
  22 coastal
  22 chief
  22 care
  21 works
  21 taking
  21 southern
  21 sources
  21 source
  21 short
  21 result
  21 remember
  21 reason
  21 port
  21 page
  21 organization
  21 occurs
  21 management
  21 loan
  21 lines
  21 island
  21 homes
  21 historic
  21 greater
  21 energy
  21 data
  21 clear
  21 change
  21 administration
  20 uplift
  20 types
  20 temporary
  20 systems
  20 surface
  20 structural
  20 similar
  20 segment
  20 radio
  20 picture
  20 low
  20 hard
  20 half
  20 group
  20 gets
  20 fourth
  20 find
  20 expect
  20 end
  20 council
  20 conference
  20 comes
  20 check
  20 businesses
  20 active
  19 walls
  19 vertical
  19 upon
  19 terms
  19 study
  19 southeast
  19 shock
  19 sea
  19 rather
  19 project
  19 portage
  19 police
  19 morning
  19 making
  19 gray
  19 goes
  19 geophysical
  19 food
  19 epicenter
  19 effort
  19 east
  19 determine
  19 concrete
  19 code
  19 buried
  19 borough
  19 aftershocks
  19 affected
  19 activity
  18 west
  18 valdez
  18 understand
  18 setting
  18 required
  18 repair
  18 renewal
  18 rebuild
  18 quake
  18 prior
  18 organizations
  18 open
  18 meetings
  18 leave
  18 killed
  18 hill
  18 handle
  18 fine
  18 finally
  18 failure
  18 exercise
  18 due
  18 developed
  18 designed
  18 decisions
  18 combellick
  18 bridge
  18 bottom
  18 basically
  18 army
  18 always
  17 zones
  17 world
  17 waves
  17 though
  17 test
  17 studies
  17 south
  17 shelter
  17 service
  17 river
  17 recent
  17 projects
  17 parking
  17 nothing
  17 normal
  17 moved
  17 materials
  17 map
  17 law
  17 larger
  17 job
  17 individual
  17 idea
  17 heard
  17 gives
  17 frequency
  17 field
  17 equipment
  17 difference
  17 demolition
  17 deformation
  17 control
  17 commander
  17 certainly
  17 brought
  17 amount
  17 aid
  17 across
  16 zoning
  16 yakataga
  16 valley
  16 tumagain
  16 tsunamigenic
  16 stuff
  16 stay
  16 slides
  16 shelters
  16 serious
  16 series
  16 says
  16 running
  16 room
  16 research
  16 represent
  16 range
  16 per
  16 paid
  16 owners
  16 others
  16 obviously
  16 natural
  16 meter
  16 masonry
  16 manager
  16 knew
  16 horizontal
  16 freeway
  16 fires
  16 feel
  16 either
  16 drive
  16 disasters
  16 destroyed
  16 costs
  16 communication
  16 anything
  16 andreas
  15 worry
  15 week
  15 wasilla
  15 using
  15 transportation
  15 story
  15 size
  15 sites
  15 seen
  15 rescue
  15 policy
  15 peninsula
  15 organized
  15 ones
  15 older
  15 northwest
  15 mayor
  15 locations
  15 located
  15 largest
  15 islands
  15 interval
  15 heavy
  15 felt
  15 especially
  15 early
  15 decision
  15 concerned
  15 board
  15 beneath
  15 already
  15 ahead
  14 various
  14 utilities
  14 university
  14 training
  14 strain
  14 shocks
  14 sense
  14 sector
  14 salvation
  14 redevelopment
  14 preparedness
  14 opened
  14 often
  14 mud
  14 mountains
  14 monday
  14 mind
  14 mike
  14 meeting
  14 mean
  14 looked
  14 loans
  14 living
  14 lessons
  14 landslides
  14 knowledge
  14 key
  14 inlet
  14 industry
  14 hit
  14 history
  14 head
  14 geology
  14 geologists
  14 generating
  14 foundation
  14 electricity
  14 electric
  14 earth
  14 country
  14 collapse
  14 charles
  14 cash
  14 build
  14 block
  14 based
  14 audience
  14 approved
  14 air
  14 agree
  13 weeks
  13 vegetation
  13 upper
  13 traffic
  13 team
  13 staff
  13 special
  13 respond
  13 regulations
  13 regional
  13 record
  13 recently
  13 probabilities
  13 previous
  13 park
  13 ocean
  13 occurring
  13 minor
  13 measure
  13 matter
  13 maps
  13 load
  13 likely
  13 issue
  13 historical
  13 higher
  13 happening
  13 guys
  13 gap
  13 fairly
  13 essentially
  13 destruction
  13 deaths
  13 critical
  13 creek
  13 cook
  13 contact
  13 concern
  13 completely
  13 comments
  13 coast
  13 changed
  13 bob
  13 becomes
  13 became
  13 association
  12 yet
  12 uplifted
  12 unique
  12 turned
  12 told
  12 telephone
  12 supposed
  12 suite
  12 substantial
  12 subject
  12 square
  12 specific
  12 simply
  12 showed
  12 session
  12 review
  12 retrofit
  12 results
  12 residents
  12 repaired
  12 relief
  12 regions
  12 probability
  12 personnel
  12 person
  12 perhaps
  12 neighborhood
  12 municipal
  12 model
  12 live
  12 layers
  12 known
  12 imagine
  12 hour
  12 height
  12 hand
  12 geologist
  12 exposed
  12 established
  12 effects
  12 defense
  12 davies
  12 bring
  12 bridges
  12 basis
  12 average
  12 authority
  12 america
  12 allow
  12 aho
  12 agency
  12 address
  12 access
  11 whatever
  11 warning
  11 vision
  11 value
  11 uses
  11 united
  11 third
  11 tendency
  11 taken
  11 supply
  11 states
  11 standpoint
  11 stabilization
  11 southcentral
  11 sit
  11 simple
  11 seward
  11 rest
  11 responding
  11 relatively
  11 related
  11 regular
  11 recommendations
  11 rate
  11 quick
  11 quality
  11 putting
  11 president
  11 passed
  11 parts
  11 normally
  11 minutes
  11 merchants
  11 medical
  11 mass
  11 lost
  11 lituya
  11 legislation
  11 kept
  11 kenai
  11 interesting
  11 interest
  11 institute
  11 inside
  11 infrastructure
  11 improve
  11 identify
  11 identified
  11 hurricane
  11 gulf
  11 girdwood
  11 generate
  11 generally
  11 families
  11 face
  11 experienced
  11 exactly
  11 everyone
  11 engineer
  11 effect
  11 eadie
  11 displacement
  11 discuss
  11 departments
  11 demolished
  11 degrees
  11 credit
  11 created
  11 consider
  11 company
  11 cause
  11 capable
  11 blank
  11 beginning
  11 awhile
  11 associated
  11 asked
  11 anybody
  11 answer
  11 action
  11 absolutely
  10 yes
  10 western
  10 weather
  10 wants
  10 unreinforced
  10 turnagain
  10 turn
  10 tried
  10 tide
  10 thinking
  10 surveys
  10 sufficient
  10 subduction
  10 stations
  10 soon
  10 soil
  10 soft
  10 slip
  10 sitting
  10 showing
  10 shape
  10 seem
  10 ruptured
  10 population
  10 pointed
  10 perspective
  10 participation
  10 parameters
  10 northern
  10 nobody
  10 movement
  10 measurement
  10 means
  10 massive
  10 mary
  10 lots
  10 liquefaction
  10 limited
  10 indicated
  10 impacts
  10 houses
  10 held
  10 hayward
  10 hall
  10 guy
  10 grant
  10 gone
  10 given
  10 front
  10 foot
  10 family
  10 fall
  10 extremely
  10 excellent
  10 ever
  10 eoc
  10 employees
  10 economy
  10 earlier
  10 displaced
  10 developing
  10 current
  10 cost
  10 continues
  10 considered
  10 computer
  10 coalinga
  10 civil
  10 cases
  10 blocks
  10 begin
  10 become
  10 banking
  10 bad
  10 attention
  10 assembly
   9 yesterday
   9 yakutat
   9 worth
   9 whitmore
   9 wait
   9 vulnerable
   9 uniform
   9 understanding
   9 true
   9 trained
   9 tough
   9 term
   9 technical
   9 tanks
   9 survive
   9 stress
   9 speakers
   9 somewhere
   9 someone
   9 single
   9 sides
   9 shut
   9 severe
   9 seven
   9 separate
   9 send
   9 segments
   9 scale
   9 robert
   9 rigid
   9 resulted
   9 responsibility
   9 residential
   9 reports
   9 regarding
   9 recorded
   9 reasons
   9 ranges
   9 produced
   9 priority
   9 present
   9 practice
   9 plat
   9 pipeline
   9 pictures
   9 photograph
   9 permit
   9 permanent
   9 officials
   9 nice
   9 naturally
   9 must
   9 middle
   9 march
   9 mapped
   9 loss
   9 looks
   9 longer
   9 loads
   9 light
   9 knowing
   9 italy
   9 highly
   9 guess
   9 geotechnical
   9 followed
   9 floor
   9 finance
   9 expected
   9 examples
   9 estimate
   9 establish
   9 emergencies
   9 elmendorf
   9 education
   9 easy
   9 eagle
   9 drills
   9 discussion
   9 direction
   9 develop
   9 debris
   9 damaging
   9 create
   9 coordinator
   9 concerns
   9 computers
   9 completed
   9 compared
   9 cold
   9 circle
   9 changes
   9 century
   9 centimeters
   9 binder
   9 behind
   9 analysis
   9 alyeska
   9 alternate
   9 allowed
   9 additional
   9 act
   8 wrong
   8 worried
   8 wall
   8 volcanoes
   8 updike
   8 unsafe
   8 units
   8 trailers
   8 torsion
   8 torn
   8 thus
   8 thrust
   8 tend
   8 task
   8 tall
   8 talked
   8 supplies
   8 sudden
   8 subdivision
   8 stumps
   8 streets
   8 stewart
   8 status
   8 standing
   8 speaking
   8 smaller
   8 shallow
   8 sewer
   8 scarp
   8 roger
   8 resource
   8 require
   8 repairs
   8 recover
   8 received
   8 rebuilt
   8 provided
   8 programs
   8 pounding
   8 postearthquake
   8 portion
   8 play
   8 plafker
   8 piece
   8 overlying
   8 operating
   8 onto
   8 october
   8 occurrence
   8 note
   8 nine
   8 nature
   8 native
   8 name
   8 modeled
   8 minimal
   8 military
   8 meet
   8 media
   8 measurements
   8 material
   8 mall
   8 maintenance
   8 losses
   8 lose
   8 length
   8 ken
   8 international
   8 incredible
   8 increase
   8 include
   8 inadequate
   8 improvement
   8 impacted
   8 hudson
   8 hotel
   8 hospitals
   8 hope
   8 highway
   8 heat
   8 hear
   8 hank
   8 groups
   8 governor
   8 functions
   8 fortunately
   8 fort
   8 forces
   8 focus
   8 flexible
   8 financing
   8 failed
   8 extreme
   8 extent
   8 estimates
   8 districts
   8 developer
   8 determined
   8 depth
   8 dead
   8 dating
   8 corps
   8 core
   8 consideration
   8 conditions
   8 concept
   8 comparison
   8 common
   8 commission
   8 commercial
   8 collapsed
   8 clothes
   8 closely
   8 cities
   8 backup
   8 aware
   8 avalanche
   8 assume
   8 architects
   8 aleutians
   8 afternoon
   8 advice
   7 yeah
   7 wonderful
   7 wherever
   7 webb
   7 vulnerability
   7 victims
   7 useful
   7 unfortunately
   7 total
   7 throughout
   7 tents
   7 tectonic
   7 tax
   7 tank
   7 talks
   7 table
   7 susitna
   7 strong
   7 stories
   7 stored
   7 store
   7 stand
   7 southwest
   7 sound
   7 sometimes
   7 solutions
   7 solution
   7 smith
   7 silt
   7 shumagin
   7 seismicity
   7 secondary
   7 saturday
   7 rubble
   7 rooted
   7 role
   7 ridge
   7 resulting
   7 regard
   7 realize
   7 rapid
   7 radios
   7 questioner
   7 pull
   7 protect
   7 properties
   7 principals
   7 primary
   7 preservation
   7 potentially
   7 post
   7 possibly
   7 possibility
   7 political
   7 plain
   7 phone
   7 permits
   7 organizing
   7 oil
   7 numbers
   7 notice
   7 nonstructural
   7 necessarily
   7 nearly
   7 month
   7 middleton
   7 message
   7 mechanisms
   7 meanwhile
   7 matanuska
   7 logistics
   7 loading
   7 lesson
   7 leaks
   7 laws
   7 joint
   7 initially
   7 initial
   7 impact
   7 hold
   7 hey
   7 hell
   7 health
   7 hammer
   7 generators
   7 generator
   7 fund
   7 functional
   7 frequently
   7 follow
   7 fixed
   7 finding
   7 final
   7 fell
   7 familiar
   7 falling
   7 failures
   7 fail
   7 factor
   7 expensive
   7 except
   7 enter
   7 efforts
   7 edge
   7 distance
   7 direct
   7 designing
   7 depending
   7 demolitions
   7 cut
   7 covered
   7 closer
   7 closed
   7 churches
   7 chimneys
   7 charlie
   7 challenge
   7 centers
   7 causing
   7 carry
   7 brief
   7 break
   7 bigger
   7 basic
   7 aspect
   7 ask
   7 arm
   7 architectural
   7 approval
   7 anticipate
   7 answers
   7 airport
   7 aftershock
   7 aerial
   7 advance
   7 actual
   7 actions
   6 william
   6 volcano
   6 utility
   6 usgs
   6 underneath
   6 underlying
   6 tower
   6 toward
   6 tomorrow
   6 tom
   6 tidal
   6 thick
   6 thank
   6 tent
   6 telling
   6 survival
   6 sue
   6 subsequent
   6 students
   6 strongly
   6 strikes
   6 standard
   6 spent
   6 span
   6 sokolowski
   6 soils
   6 social
   6 sits
   6 ship
   6 shifted
   6 shift
   6 shear
   6 shaker
   6 separated
   6 sent
   6 seismically
   6 sectors
   6 scientists
   6 scientific
   6 runs
   6 roofs
   6 roof
   6 rodney
   6 rod
   6 roads
   6 richardson
   6 requirements
   6 representing
   6 remains
   6 relationship
   6 relate
   6 reinforced
   6 recurrence
   6 recognize
   6 rapidly
   6 ran
   6 railroad
   6 push
   6 purpose
   6 psychological
   6 providing
   6 proposed
   6 priorities
   6 principles
   6 principal
   6 position
   6 portable
   6 phones
   6 periods
   6 pavilions
   6 pass
   6 parks
   6 paper
   6 ordinances
   6 ordinance
   6 orderly
   6 operators
   6 oes
   6 night
   6 moves
   6 moment
   6 modeling
   6 mexico
   6 met
   6 makes
   6 maintain
   6 loose
   6 lives
   6 lights
   6 legislature
   6 kodiak
   6 knows
   6 keeps
   6 jose
   6 irregular
   6 interior
   6 interested
   6 intense
   6 inspection
   6 indication
   6 indicates
   6 indicate
   6 increased
   6 horizontally
   6 homeowners
   6 hearing
   6 guidelines
   6 guarantee
   6 gotten
   6 giving
   6 gentleman
   6 gave
   6 fundamental
   6 full
   6 freeze
   6 forward
   6 formation
   6 firm
   6 financial
   6 filled
   6 figures
   6 features
   6 extension
   6 expand
   6 existing
   6 existed
   6 evacuate
   6 ended
   6 elements
   6 eight
   6 duck
   6 dsr
   6 distribution
   6 discussed
   6 detailed
   6 deposits
   6 depends
   6 deep
   6 dangerous
   6 cypress
   6 crews
   6 correct
   6 cooperation
   6 contents
   6 configuration
   6 communicate
   6 committee
   6 commerce
   6 cole
   6 climate
   6 clearly
   6 chugach
   6 choice
   6 china
   6 chemicals
   6 charged
   6 changing
   6 chance
   6 carried
   6 carefully
   6 buttress
   6 began
   6 banks
   6 background
   6 assigned
   6 assessment
   6 asnam
   6 asking
   6 asbestos
   6 architect
   6 approximately
   6 applied
   6 apparently
   6 anyone
   6 anymore
   6 amplitude
   6 amplification
   6 amateur
   6 activities
   6 acceleration
   5 yellow
   5 worst
   5 worldwide
   5 wood
   5 windows
   5 whose
   5 whereby
   5 watts
   5 watching
   5 valuable
   5 upward
   5 upset
   5 unless
   5 underthrust
   5 typically
   5 tudor
   5 tremendous
   5 train
   5 touch
   5 topic
   5 tie
   5 therefore
   5 tests
   5 technology
   5 tangshan
   5 sustain
   5 supports
   5 supporting
   5 suits
   5 suddenly
   5 success
   5 streetscape
   5 starting
   5 standards
   5 stabilize
   5 split
   5 spend
   5 specifically
   5 soldotna
   5 slope
   5 siting
   5 significantly
   5 shot
   5 shorter
   5 shore
   5 shechter
   5 sharp
   5 share
   5 seminar
   5 seems
   5 seeing
   5 security
   5 seconds
   5 science
   5 schulz
   5 scene
   5 scenario
   5 save
   5 sat
   5 sales
   5 rules
   5 ron
   5 rock
   5 responsible
   5 respect
   5 resistance
   5 requiring
   5 requires
   5 removed
   5 removal
   5 reliable
   5 reduce
   5 records
   5 recommend
   5 read
   5 reaction
   5 purposes
   5 pta
   5 progress
   5 produce
   5 procedure
   5 pressures
   5 preserved
   5 presentation
   5 pole
   5 plywood
   5 plotted
   5 platting
   5 plant
   5 pioneer
   5 pile
   5 piers
   5 pieces
   5 phases
   5 personally
   5 peak
   5 paula
   5 parents
   5 overview
   5 outages
   5 ought
   5 organize
   5 ofmagnitude
   5 official
   5 offices
   5 obtained
   5 object
   5 november
   5 none
   5 news
   5 neither
   5 mutual
   5 montague
   5 modifiedfrom
   5 modem
   5 models
   5 michael
   5 mention
   5 mapping
   5 mader
   5 lorenzo
   5 literally
   5 list
   5 levels
   5 kowalik
   5 keeping
   5 kauai
   5 jurisdictions
   5 january
   5 introduction
   5 intact
   5 inspectors
   5 individuals
   5 independent
   5 incredibly
   5 including
   5 inches
   5 improvements
   5 hypothetical
   5 hundreds
   5 hundred
   5 hot
   5 hoping
   5 homestead
   5 hills
   5 grants
   5 geographic
   5 garage
   5 funding
   5 function
   5 fuel
   5 friday
   5 frequent
   5 free
   5 focused
   5 flow
   5 floods
   5 flag
   5 figured
   5 fast
   5 exist
   5 evergreen
   5 eventually
   5 evening
   5 establishing
   5 environment
   5 enormous
   5 engine
   5 enforcement
   5 emphasis
   5 element
   5 effective
   5 economics
   5 eastern
   5 duration
   5 dramatic
   5 distributed
   5 directly
   5 differently
   5 deposition
   5 depend
   5 define
   5 decrease
   5 deals
   5 dashed
   5 court
   5 countries
   5 consequences
   5 condition
   5 complete
   5 comment
   5 closing
   5 citizens
   5 charlotte
   5 causes
   5 cascadia
   5 capability
   5 broke
   5 boy
   5 boreholes
   5 border
   5 binkley
   5 beyond
   5 belt
   5 beach
   5 attended
   5 arms
   5 appropriate
   5 apart
   5 anyway
   5 anticipated
   5 aleutian
   5 age
   5 afford
   5 affecting
   5 administrative
   5 adequate
   5 addition
   5 acceptable
   5 ability
   4 zero
   4 written
   4 wonder
   4 window
   4 width
   4 whittier
   4 ways
   4 volcanic
   4 victim
   4 vice
   4 versus
   4 vehicles
   4 values
   4 usually
   4 urbanized
   4 underground
   4 tuesday
   4 trunk
   4 trucks
   4 trouble
   4 travel
   4 transition
   4 track
   4 tougher
   4 totally
   4 timber
   4 thousands
   4 thomas
   4 terraces
   4 tectonics
   4 tearing
   4 teams
   4 tape
   4 tagged
   4 susceptible
   4 surrounding
   4 superintendent
   4 summary
   4 suggests
   4 suggested
   4 successful
   4 submerged
   4 storm
   4 stop
   4 steps
   4 step
   4 stayed
   4 statewide
   4 statement
   4 starts
   4 star
   4 stage
   4 spaces
   4 sooner
   4 somewhat
   4 soloviev
   4 solid
   4 slow
   4 slopes
   4 slightly
   4 shopping
   4 shook
   4 shelf
   4 shaded
   4 severely
   4 settled
   4 sets
   4 sessions
   4 seismologists
   4 scotch
   4 sba
   4 risks
   4 rise
   4 rid
   4 responsibilities
   4 respectively
   4 resolution
   4 repeater
   4 remove
   4 remaining
   4 remain
   4 released
   4 references
   4 reach
   4 randy
   4 randall
   4 qualify
   4 properly
   4 profile
   4 professional
   4 primarily
   4 prevent
   4 presented
   4 prefab
   4 predict
   4 pose
   4 portions
   4 poles
   4 points
   4 plus
   4 planned
   4 placed
   4 pitch
   4 pick
   4 photo
   4 paul
   4 panel
   4 outline
   4 opinion
   4 operational
   4 operate
   4 oldest
   4 ofthe
   4 ofalaska
   4 oem
   4 oceanic
   4 newer
   4 network
   4 net
   4 neic
   4 necessary
   4 mount
   4 moderator
   4 mode
   4 moa
   4 missed
   4 minimum
   4 miller
   4 metropolitan
   4 merchandise
   4 menlo
   4 members
   4 luck
   4 losing
   4 locally
   4 localities
   4 lined
   4 limits
   4 liked
   4 lighthouse
   4 learning
   4 leam
   4 leader
   4 late
   4 lasted
   4 largely
   4 knocked
   4 kits
   4 kitchen
   4 kanamori
   4 june
   4 involvement
   4 interests
   4 intensity
   4 insure
   4 instead
   4 initiated
   4 influx
   4 indeed
   4 inch
   4 illustrate
   4 hurry
   4 hurricanes
   4 humana
   4 huge
   4 hopefully
   4 holding
   4 helping
   4 helped
   4 helicopter
   4 hearings
   4 headquarters
   4 hats
   4 happy
   4 hands
   4 growth
   4 green
   4 gradually
   4 gradual
   4 goal
   4 glad
   4 gary
   4 game
   4 fun
   4 frontier
   4 frightening
   4 forth
   4 form
   4 forecast
   4 fly
   4 flurry
   4 flooding
   4 fix
   4 finished
   4 fill
   4 fernando
   4 fences
   4 feeling
   4 feed
   4 federally
   4 fatalities
   4 fashion
   4 extending
   4 expert
   4 experiences
   4 estimated
   4 erosion
   4 era
   4 embarcadero
   4 elevation
   4 elected
   4 easier
   4 drop
   4 drift
   4 doors
   4 door
   4 document
   4 divided
   4 divide
   4 distant
   4 discovered
   4 dever
   4 devastation
   4 determining
   4 detail
   4 deputy
   4 deposited
   4 demand
   4 degree
   4 decided
   4 debarr
   4 dealt
   4 dave
   4 date
   4 danger
   4 damages
   4 currents
   4 currently
   4 crustal
   4 crust
   4 crisis
   4 cranes
   4 cracks
   4 cove
   4 corporation
   4 coordinating
   4 coordinated
   4 controversial
   4 continuing
   4 consultants
   4 conclusions
   4 conclude
   4 complicated
   4 compensation
   4 comparing
   4 compare
   4 commanders
   4 clearing
   4 cleanup
   4 clean
   4 clay
   4 cited
   4 circumstances
   4 chile
   4 checking
   4 checked
   4 charge
   4 chapter
   4 challenges
   4 chair
   4 cars
   4 careful
   4 car
   4 cape
   4 caltrans
   4 busy
   4 buses
   4 burned
   4 burial
   4 brick
   4 breaks
   4 bragaw
   4 boulevard
   4 bootlegger
   4 books
   4 boats
   4 bluff
   4 biggest
   4 benefit
   4 beautiful
   4 batteries
   4 avalanches
   4 atwc
   4 assumption
   4 assessments
   4 aspects
   4 april
   4 appointed
   4 appendix
   4 appears
   4 anywhere
   4 anytime
   4 amplitudes
   4 among
   4 alternative
   4 allowing
   4 allocated
   4 algeria
   4 alaskan
   4 agreement
   4 ades
   4 addressed
   4 add
   4 activate
   4 accumulated
   4 account
   3 yugoslavia
   3 wrote
   3 writing
   3 workers
   3 words
   3 word
   3 withstand
   3 wish
   3 wilson
   3 wide
   3 watch
   3 warehouse
   3 wanting
   3 volunteer
   3 voice
   3 visible
   3 virtually
   3 vicinity
   3 vibration
   3 utilize
   3 user
   3 unpredictable
   3 unified
   3 underlain
   3 typical
   3 twice
   3 truth
   3 truck
   3 tree
   3 transit
   3 transcripts
   3 towards
   3 topographic
   3 topics
   3 tools
   3 toilet
   3 title
   3 timing
   3 threaten
   3 thanks
   3 tested
   3 terrace
   3 tends
   3 telephones
   3 tear
   3 tasks
   3 symbols
   3 symbol
   3 switching
   3 sutton
   3 suspended
   3 surprise
   3 supervisors
   3 sunday
   3 summer
   3 substantially
   3 subsided
   3 submergence
   3 submarine
   3 subjected
   3 style
   3 studied
   3 struggle
   3 stresses
   3 stream
   3 straining
   3 storing
   3 storage
   3 stephen
   3 steel
   3 station
   3 stars
   3 stable
   3 stabilized
   3 squeezed
   3 spurr
   3 spot
   3 sponsored
   3 specified
   3 sounds
   3 sometime
   3 solve
   3 soccer
   3 slowly
   3 slower
   3 sliding
   3 skopje
   3 situations
   3 similarly
   3 sign
   3 shops
   3 shifting
   3 shelves
   3 sharrock
   3 shallower
   3 separating
   3 sensitive
   3 sensible
   3 seismologist
   3 sections
   3 season
   3 scenarios
   3 sand
   3 saltwater
   3 saga
   3 round
   3 roughly
   3 rough
   3 rosa
   3 root
   3 roadways
   3 rises
   3 revisions
   3 reversed
   3 reston
   3 resonance
   3 resolve
   3 reserve
   3 requests
   3 request
   3 represents
   3 represented
   3 representative
   3 repeats
   3 remembered
   3 remarks
   3 rely
   3 relocated
   3 releases
   3 release
   3 relationships
   3 relation
   3 rehabilitation
   3 regs
   3 reflects
   3 reflect
   3 reentrant
   3 redevelop
   3 recovering
   3 receive
   3 reasonably
   3 reasonable
   3 realized
   3 realistic
   3 ratio
   3 rates
   3 raises
   3 rains
   3 radiotelescopes
   3 radiocarbon
   3 purchasing
   3 pump
   3 publishing
   3 published
   3 provides
   3 providence
   3 proposals
   3 proposal
   3 projected
   3 professionals
   3 proceedings
   3 procedures
   3 probable
   3 prince
   3 pricey
   3 pressure
   3 press
   3 preserve
   3 presentations
   3 preparing
   3 prepare
   3 preparation
   3 preliminary
   3 prehistoric
   3 predetermined
   3 precision
   3 pounds
   3 posted
   3 postdisaster
   3 positive
   3 positions
   3 populations
   3 poor
   3 pool
   3 politics
   3 please
   3 players
   3 plaster
   3 planners
   3 planner
   3 pipes
   3 piling
   3 piles
   3 physical
   3 phenomenal
   3 pays
   3 pattern
   3 pajaro
   3 owner
   3 owned
   3 overriding
   3 overhead
   3 origins
   3 originate
   3 original
   3 opportunities
   3 operated
   3 officer
   3 ofemergency
   3 ofanchorage
   3 occasion
   3 obvious
   3 obtain
   3 objectives
   3 noted
   3 northwood
   3 northeast
   3 normalcy
   3 noaa
   3 neighbors
   3 nearby
   3 murty
   3 mostly
   3 monitor
   3 momentum
   3 moderate
   3 mixed
   3 miss
   3 minute
   3 minimize
   3 mess
   3 mendocino
   3 measured
   3 meantime
   3 marshes
   3 marks
   3 market
   3 marked
   3 margin
   3 mandatory
   3 majority
   3 maintaining
   3 magnitudes
   3 mad
   3 lowlands
   3 longitude
   3 lomond
   3 lockridge
   3 locked
   3 loadings
   3 lists
   3 listening
   3 link
   3 linda
   3 likelihood
   3 lifelines
   3 lies
   3 lie
   3 liaison
   3 legal
   3 learn
   3 lasts
   3 larry
   3 lander
   3 lamunyon
   3 lake
   3 laid
   3 jump
   3 joe
   3 jmepg
   3 jim
   3 japan
   3 jail
   3 isolated
   3 involve
   3 investigations
   3 inundation
   3 inundated
   3 intervals
   3 intertidal
   3 intended
   3 instant
   3 instance
   3 inland
   3 injuries
   3 infinite
   3 induced
   3 indicating
   3 increasing
   3 incoming
   3 included
   3 impressed
   3 illustrates
   3 illustrated
   3 iii
   3 identifying
   3 humpty
   3 human
   3 hook
   3 hoc
   3 hits
   3 highlight
   3 highest
   3 hellatious
   3 heavily
   3 heating
   3 heaters
   3 hawaii
   3 haul
   3 hat
   3 hanging
   3 handled
   3 grow
   3 greatest
   3 graded
   3 gosh
   3 glass
   3 glacier
   3 geotechnically
   3 geodetic
   3 gear
   3 gallons
   3 gain
   3 functioning
   3 frequencies
   3 frames
   3 former
   3 formed
   3 format
   3 forget
   3 florida
   3 flat
   3 fishing
   3 fireplaces
   3 files
   3 filed
   3 feeding
   3 february
   3 famous
   3 fallout
   3 fairweather
   3 factors
   3 facing
   3 facilitate
   3 faced
   3 extra
   3 exterior
   3 extends
   3 explain
   3 experts
   3 exercises
   3 exciting
   3 exact
   3 evaluation
   3 evaluate
   3 evacuating
   3 evacuated
   3 eva
   3 eureka
   3 estate
   3 essential
   3 eruptions
   3 equipped
   3 episodes
   3 entirely
   3 enterprise
   3 engineered
   3 emphasize
   3 eligible
   3 eklutna
   3 edges
   3 dwelling
   3 duties
   3 dust
   3 ductility
   3 driving
   3 dripping
   3 draw
   3 drainage
   3 dots
   3 distribute
   3 difficulty
   3 differences
   3 devastating
   3 determinedfor
   3 destructive
   3 desk
   3 desire
   3 designers
   3 designated
   3 depths
   3 dependent
   3 dennis
   3 demolish
   3 december
   3 debt
   3 death
   3 deadly
   3 david
   3 dates
   3 dark
   3 dan
   3 daily
   3 cylinders
   3 culture
   3 crosses
   3 criticized
   3 crerf
   3 creative
   3 cracked
   3 crack
   3 covers
   3 costly
   3 cordon
   3 copy
   3 cope
   3 coordinators
   3 coordination
   3 coordinate
   3 convince
   3 conveyor
   3 contrast
   3 continue
   3 contingency
   3 continent
   3 context
   3 consultant
   3 constructed
   3 constituents
   3 considering
   3 connections
   3 connected
   3 congress
   3 conflict
   3 conferences
   3 conducted
   3 condemned
   3 conclusion
   3 concerning
   3 concentrated
   3 compressive
   3 composure
   3 composed
   3 components
   3 component
   3 complex
   3 columbia
   3 colorado
   3 color
   3 college
   3 coastfrom
   3 clothing
   3 client
   3 clearance
   3 clays
   3 classic
   3 clark
   3 church
   3 chose
   3 child
   3 character
   3 chapters
   3 chamber
   3 chained
   3 cellular
   3 ceilings
   3 caution
   3 category
   3 casualty
   3 carve
   3 capture
   3 captain
   3 capacity
   3 cap
   3 calling
   3 caldap
   3 calculate
   3 buying
   3 buy
   3 budget
   3 broken
   3 broad
   3 brings
   3 bringing
   3 bricks
   3 boxes
   3 boundaries
   3 boulder
   3 black
   3 binders
   3 bill
   3 belief
   3 behalf
   3 bases
   3 banker
   3 bands
   3 ball
   3 balance
   3 badly
   3 awareness
   3 avoid
   3 automatic
   3 augustine
   3 attitude
   3 attempt
   3 atmospheric
   3 associates
   3 assistant
   3 assess
   3 art
   3 arrows
   3 arrived
   3 arguments
   3 arguing
   3 arctic
   3 approximate
   3 approve
   3 applications
   3 appear
   3 apparatus
   3 annual
   3 andrew
   3 andreanof
   3 amazing
   3 alert
   3 agreed
   3 ages
   3 aftermath
   3 affect
   3 afb
   3 advantage
   3 adjustment
   3 added
   3 adak
   3 acting
   3 acres
   3 achieve
   3 accuracy
   3 accessible
   3 abrupt
   2 young
   2 yard
   2 write
   2 worse
   2 woodwork
   2 wondering
   2 wiped
   2 wintertime
   2 winter
   2 wind
   2 willing
   2 wife
   2 widespread
   2 whoever
   2 white
   2 whereas
   2 westward
   2 weekend
   2 weak
   2 watched
   2 washed
   2 warmer
   2 warehouses
   2 war
   2 walked
   2 walk
   2 waiting
   2 voluntary
   2 volume
   2 voad
   2 vlbi
   2 visual
   2 virginia
   2 violently
   2 versa
   2 vegetated
   2 variations
   2 vandenburg
   2 valid
   2 vacant
   2 usual
   2 uplifts
   2 upgrade
   2 updating
   2 updated
   2 unlikely
   2 unlike
   2 unknowingly
   2 union
   2 unimak
   2 unidentified
   2 unfortunate
   2 unexpected
   2 underthrusting
   2 undergoing
   2 undergo
   2 undamaged
   2 uncertain
   2 umbrella
   2 ultimately
   2 turnout
   2 turning
   2 tumbled
   2 treated
   2 traverse
   2 traveling
   2 trauma
   2 translation
   2 trail
   2 tragic
   2 towers
   2 tourism
   2 touched
   2 torsional
   2 toro
   2 tops
   2 topographically
   2 tipped
   2 tip
   2 tides
   2 thursday
   2 thrown
   2 throw
   2 threat
   2 thousand
   2 thoughts
   2 theory
   2 theme
   2 thefault
   2 tension
   2 temperature
   2 tells
   2 teller
   2 television
   2 telecommunications
   2 techniques
   2 teachers
   2 teacher
   2 taxes
   2 tanaina
   2 talkeetna
   2 tag
   2 synonymous
   2 symposium
   2 swimming
   2 sustained
   2 suspicious
   2 surviving
   2 survived
   2 surprised
   2 surfaces
   2 supplied
   2 suggest
   2 suffer
   2 subducting
   2 student
   2 stuck
   2 struggled
   2 structurally
   2 stronger
   2 stringent
   2 strictly
   2 strengthening
   2 strengthen
   2 storms
   2 stopped
   2 steve
   2 staying
   2 statements
   2 stands
   2 staffing
   2 spreading
   2 spoken
   2 speed
   2 speaker
   2 speak
   2 spangle
   2 space
   2 sorts
   2 sorting
   2 soquel
   2 sophisticated
   2 snapped
   2 smoke
   2 smiled
   2 sloped
   2 slipping
   2 slipped
   2 skills
   2 skid
   2 similarities
   2 silts
   2 signed
   2 shuts
   2 shots
   2 shortly
   2 shop
   2 shoes
   2 shifts
   2 shemya
   2 shattered
   2 shapes
   2 shannon
   2 shakers
   2 shaken
   2 shaft
   2 setup
   2 settlement
   2 september
   2 seminars
   2 semi
   2 selkregg
   2 self
   2 seismological
   2 seemed
   2 sediment
   2 secured
   2 secretary
   2 secretaries
   2 secondly
   2 seaward
   2 search
   2 screening
   2 scouts
   2 schedule
   2 scenes
   2 scarce
   2 saved
   2 sauber
   2 sanitary
   2 samples
   2 safer
   2 rushing
   2 ruptures
   2 rubber
   2 rowe
   2 routes
   2 route
   2 rolling
   2 roles
   2 roadway
   2 riverbank
   2 riparian
   2 revision
   2 reviews
   2 reviewed
   2 revenue
   2 reunited
   2 return
   2 retrofitting
   2 retain
   2 restricted
   2 restored
   2 restoration
   2 restaurant
   2 responders
   2 responder
   2 responded
   2 resourceful
   2 resolving
   2 resolved
   2 resolutions
   2 resigned
   2 residences
   2 researched
   2 requirement
   2 requesting
   2 replica
   2 replacement
   2 replace
   2 repayment
   2 remote
   2 reliability
   2 relates
   2 reinforcement
   2 reinforce
   2 reimburse
   2 rehab
   2 regards
   2 reflection
   2 referred
   2 redwood
   2 redeveloped
   2 reconstructed
   2 reconstruct
   2 recognizing
   2 recall
   2 reality
   2 realism
   2 readiness
   2 react
   2 ranging
   2 raised
   2 rain
   2 railroads
   2 rail
   2 quote
   2 quasars
   2 quantitative
   2 quantifying
   2 qualified
   2 pumps
   2 pumpkins
   2 pulling
   2 prune
   2 provision
   2 proven
   2 prove
   2 proud
   2 protest
   2 protected
   2 prosper
   2 proposition
   2 prohibit
   2 professor
   2 product
   2 processes
   2 problematical
   2 principle
   2 prevented
   2 prevalent
   2 pretrial
   2 preserving
   2 prelude
   2 precise
   2 practicing
   2 practices
   2 postrescue
   2 postpone
   2 postmark
   2 poster
   2 postal
   2 portola
   2 populated
   2 pops
   2 pop
   2 politically
   2 pointing
   2 pocket
   2 plug
   2 pleasure
   2 plastic
   2 planet
   2 placing
   2 pier
   2 pie
   2 picked
   2 phenomenon
   2 petroleum
   2 perspectives
   2 personal
   2 permission
   2 periodically
   2 perform
   2 pendulum
   2 peeling
   2 pavement
   2 patients
   2 path
   2 partnership
   2 participate
   2 participants
   2 partially
   2 parapet
   2 paramedics
   2 paramedic
   2 pair
   2 pace
   2 owns
   2 overweight
   2 overturned
   2 overload
   2 overlap
   2 overhangs
   2 overcome
   2 outstanding
   2 outskirts
   2 outlying
   2 outlined
   2 ottawa
   2 otherwise
   2 originated
   2 organic
   2 orders
   2 option
   2 optimistic
   2 optical
   2 operator
   2 onshore
   2 okada
   2 ofprehistoric
   2 offset
   2 occupancy
   2 occasional
   2 obtaining
   2 observations
   2 objects
   2 numerous
   2 nuclear
   2 nonprofit
   2 nonetheless
   2 noises
   2 nights
   2 ngdc
   2 newspapers
   2 newspaper
   2 newest
   2 networks
   2 neighborhoods
   2 nauka
   2 named
   2 myers
   2 mum
   2 multifamily
   2 movements
   2 motions
   2 mother
   2 moscow
   2 mortgagee
   2 mortgage
   2 moratorium
   2 monument
   2 monthly
   2 monitoring
   2 moments
   2 modify
   2 modes
   2 mobile
   2 mitigate
   2 mistake
   2 miracles
   2 millions
   2 methods
   2 messages
   2 merchant
   2 meehan
   2 mechanism
   2 measures
   2 meant
   2 meals
   2 mccann
   2 matters
   2 masses
   2 marching
   2 manpower
   2 managed
   2 manage
   2 man
   2 maintains
   2 maintained
   2 magazine
   2 mag
   2 mae
   2 lying
   2 luxury
   2 lucille
   2 loved
   2 loud
   2 los
   2 longterm
   2 locate
   2 localized
   2 lived
   2 listen
   2 liquefy
   2 limit
   2 lifetime
   2 lifestyle
   2 lifeline
   2 lidia
   2 licensed
   2 liability
   2 levees
   2 letting
   2 lee
   2 lectures
   2 leaving
   2 leaves
   2 lead
   2 lateral
   2 lastly
   2 langston
   2 landmark
   2 lahr
   2 labs
   2 labeled
   2 lab
   2 knock
   2 kick
   2 kayak
   2 journal
   2 jobs
   2 jerry
   2 jello
   2 james
   2 jack
   2 items
   2 item
   2 isolators
   2 isolation
   2 isolating
   2 irs
   2 involving
   2 investments
   2 investigation
   2 intricate
   2 interruption
   2 interpretations
   2 internal
   2 interim
   2 interferometry
   2 interface
   2 intelligent
   2 integrating
   2 instructive
   2 institutions
   2 instituted
   2 instability
   2 inspected
   2 insight
   2 injured
   2 initiate
   2 iniki
   2 inflated
   2 infill
   2 induce
   2 increases
   2 inclement
   2 incidentally
   2 improved
   2 implemented
   2 illustration
   2 ignore
   2 ideas
   2 hypothetically
   2 hurt
   2 hung
   2 howard
   2 horizon
   2 homeowner
   2 holes
   2 hole
   2 hispanic
   2 hired
   2 hip
   2 hillside
   2 hendrickson
   2 helps
   2 helpful
   2 helen
   2 heated
   2 healthy
   2 heads
   2 hardly
   2 hanson
   2 halloween
   2 habitable
   2 guiding
   2 guide
   2 guidance
   2 growing
   2 grew
   2 gregory
   2 greatly
   2 grateful
   2 grand
   2 grading
   2 grab
   2 governments
   2 gloves
   2 globally
   2 global
   2 glaciers
   2 girders
   2 geologically
   2 geographically
   2 geographical
   2 gently
   2 gearing
   2 garages
   2 gaps
   2 games
   2 furniture
   2 funny
   2 fully
   2 friends
   2 friali
   2 freshwater
   2 framework
   2 foundations
   2 forms
   2 fork
   2 forgot
   2 forestry
   2 forest
   2 fords
   2 ford
   2 folder
   2 floors
   2 flooded
   2 flight
   2 flexibility
   2 flex
   2 fixes
   2 fit
   2 fiscal
   2 firehouses
   2 finish
   2 figuring
   2 fight
   2 fifth
   2 feels
   2 fear
   2 farther
   2 fannie
   2 falls
   2 fallen
   2 facts
   2 eye
   2 exteriors
   2 extensively
   2 extensive
   2 express
   2 exposure
   2 experiment
   2 experiencing
   2 expenses
   2 exists
   2 excursion
   2 excited
   2 exchange
   2 exceed
   2 examine
   2 everywhere
   2 evaporator
   2 evacuation
   2 europe
   2 escort
   2 equity
   2 equations
   2 equally
   2 epicenters
   2 environmental
   2 entry
   2 entity
   2 entitled
   2 enstar
   2 english
   2 ends
   2 encouraging
   2 encountered
   2 elizabeth
   2 elevator
   2 elevated
   2 electrical
   2 efficient
   2 eeri
   2 edited
   2 eating
   2 easily
   2 dunbar
   2 dumpty
   2 dumped
   2 drums
   2 drought
   2 dropped
   2 drives
   2 driver
   2 drill
   2 dozen
   2 dowl
   2 dotted
   2 dollars
   2 docks
   2 dock
   2 disturbances
   2 distinctly
   2 distinct
   2 disenchantment
   2 discussions
   2 discussing
   2 discontinuities
   2 disagree
   2 directed
   2 dips
   2 dipping
   2 dilemma
   2 digging
   2 diffuse
   2 died
   2 diaphragm
   2 devoted
   2 developments
   2 detterman
   2 determination
   2 detention
   2 detection
   2 detailing
   2 desired
   2 designs
   2 designee
   2 describing
   2 describe
   2 density
   2 denali
   2 demolishing
   2 delivering
   2 delegate
   2 delays
   2 delay
   2 deformed
   2 defining
   2 defined
   2 deeper
   2 declining
   2 declared
   2 declaration
   2 deck
   2 deciding
   2 decades
   2 debriefings
   2 debriefing
   2 dated
   2 damned
   2 dacs
   2 cycle
   2 cuts
   2 customers
   2 cultural
   2 culprit
   2 criteria
   2 crane
   2 courthouse
   2 counter
   2 corrected
   2 cordoned
   2 converging
   2 convergent
   2 controversy
   2 controlling
   2 contributions
   2 contribution
   2 contractors
   2 contractor
   2 continued
   2 container
   2 contained
   2 contain
   2 consuming
   2 consumers
   2 consists
   2 considerably
   2 consensus
   2 connection
   2 congestion
   2 confused
   2 conflicts
   2 confirmed
   2 confident
   2 conduct
   2 concluding
   2 concepts
   2 concentration
   2 concentrate
   2 computed
   2 compression
   2 complaining
   2 complacent
   2 comparable
   2 companies
   2 commonly
   2 comers
   2 comer
   2 columns
   2 columbus
   2 colored
   2 collection
   2 coded
   2 cleared
   2 classrooms
   2 classification
   2 class
   2 civic
   2 citizen
   2 circular
   2 chugiak
   2 christmas
   2 christensen
   2 chinese
   2 chimney
   2 checks
   2 charts
   2 chart
   2 chaotic
   2 chaos
   2 challenging
   2 centimeter
   2 ceiling
   2 caught
   2 categories
   2 catastrophically
   2 catalogue
   2 cards
   2 card
   2 capabilities
   2 canfield
   2 canada
   2 calculated
   2 buyer
   2 businessmen
   2 bush
   2 burning
   2 bureaucracy
   2 burden
   2 budgets
   2 bubble
   2 brown
   2 british
   2 breaking
   2 breakdown
   2 branches
   2 branch
   2 bracing
   2 braced
   2 bowl
   2 boost
   2 book
   2 bomb
   2 bolts
   2 boilers
   2 bodies
   2 boat
   2 blow
   2 bills
   2 billion
   2 bering
   2 ben
   2 behave
   2 bed
   2 bears
   2 baton
   2 bat
   2 basin
   2 basements
   2 baseline
   2 barn
   2 bare
   2 barbara
   2 bankruptcy
   2 bankers
   2 band
   2 backed
   2 axis
   2 awwu
   2 awful
   2 availability
   2 authorized
   2 australia
   2 attorney
   2 attend
   2 attempting
   2 athletic
   2 assure
   2 assumed
   2 assist
   2 assign
   2 arrowheads
   2 arrow
   2 arriving
   2 armenia
   2 argument
   2 argue
   2 archive
   2 aqueduct
   2 approaches
   2 approach
   2 appreciate
   2 apply
   2 appealed
   2 apparent
   2 apathetic
   2 antennas
   2 annually
   2 announcements
   2 annex
   2 angle
   2 angelo
   2 angeles
   2 analyses
   2 amplify
   2 amounts
   2 ammonia
   2 alone
   2 alien
   2 alan
   2 aided
   2 afterwards
   2 afraid
   2 affects
   2 adversarial
   2 adopted
   2 adjust
   2 adjacent
   2 adggs
   2 addressing
   2 addresses
   2 adapting
   2 adaptedfrom
   2 adapt
   2 activefaults
   2 activating
   2 acronyms
   2 acknowledgments
   2 achieved
   2 accurate
   2 accounts
   2 accounting
   2 accounted
   2 accordingly
   2 accepted
   2 accept
   2 accelerating
   2 accelerated
   2 academy
   2 academic
   2 absorb
   2 abandoned
   1 zonefor
   1 yogi
   1 yards
   1 yapping
   1 yakatag
   1 yacht
   1 wyss
   1 wrecking
   1 wrapped
   1 worthwhile
   1 worries
   1 woronzoff
   1 worn
   1 workshop
   1 workload
   1 worker
   1 wondered
   1 woman
   1 withstood
   1 wishing
   1 wished
   1 wisdom
   1 wing
   1 windshield
   1 win
   1 wilt
   1 williams
   1 willard
   1 wildfire
   1 wild
   1 wiggle
   1 widest
   1 wholeheartedly
   1 whiplash
   1 whenever
   1 wheels
   1 wharf
   1 wetland
   1 wet
   1 wells
   1 welfare
   1 weight
   1 wednesday
   1 weaving
   1 wears
   1 weapon
   1 weakness
   1 weaker
   1 wavecut
   1 waterfront
   1 wasting
   1 washing
   1 warn
   1 wamer
   1 walters
   1 wallinga
   1 walking
   1 walker
   1 waived
   1 waite
   1 wainwright
   1 wadati
   1 vulnerabilities
   1 vovvvvv
   1 voted
   1 volumes
   1 voltage
   1 vitality
   1 vital
   1 visiting
   1 visited
   1 visit
   1 visibility
   1 viscosity
   1 virtue
   1 vips
   1 violent
   1 villages
   1 village
   1 views
   1 viewpoints
   1 viewpoint
   1 videotape
   1 video
   1 victimized
   1 vicepresident
   1 vibrations
   1 vibes
   1 viaduct
   1 viable
   1 vhp
   1 vertically
   1 versions
   1 vernon
   1 ventilate
   1 velocity
   1 velcro
   1 vehicular
   1 vehicle
   1 vcrs
   1 vault
   1 vastly
   1 vast
   1 vary
   1 variety
   1 varies
   1 variable
   1 vans
   1 van
   1 valleys
   1 valentine
   1 vacated
   1 utilized
   1 utah
   1 usurped
   1 usher
   1 users
   1 useless
   1 usa
   1 urge
   1 upside
   1 upgrading
   1 upgraded
   1 update
   1 unusual
   1 unto
   1 untested
   1 untenable
   1 unstable
   1 unsettling
   1 unprepared
   1 unpleasant
   1 unnoticed
   1 unmet
   1 unloading
   1 unknown
   1 uniting
   1 unit
   1 unforeseen
   1 unenviable
   1 undoubtedly
   1 underway
   1 underwater
   1 undertook
   1 undertaken
   1 undertake
   1 understandings
   1 undamped
   1 unconservative
   1 uncommon
   1 unclear
   1 uncle
   1 uncertainty
   1 unbelievable
   1 unanticipated
   1 unable
   1 uhf
   1 ubc
   1 uaa
   1 tysdal
   1 typify
   1 typifies
   1 typewriters
   1 tweak
   1 tustamena
   1 turns
   1 turnover
   1 turmoil
   1 turbine
   1 tunnel
   1 tuned
   1 tumbling
   1 tumbles
   1 tub
   1 truckloads
   1 trucked
   1 trout
   1 trough
   1 troopers
   1 tripped
   1 trip
   1 triggered
   1 tries
   1 trick
   1 triangle
   1 triage
   1 trestles
   1 trend
   1 tremors
   1 tremor
   1 travis
   1 traverses
   1 transverse
   1 transporting
   1 transmission
   1 transitions
   1 transformers
   1 traditional
   1 tractors
   1 townscape
   1 towns
   1 totalling
   1 tornadoes
   1 tore
   1 toppled
   1 topple
   1 tons
   1 tonight
   1 tombibeau
   1 tokyo
   1 token
   1 toilets
   1 toes
   1 toe
   1 todd
   1 toads
   1 tizzy
   1 titus
   1 tion
   1 timothy
   1 tilt
   1 ties
   1 tier
   1 tied
   1 tidalflooding
   1 thumb
   1 thriving
   1 threw
   1 thresholds
   1 threatening
   1 thoroughly
   1 thinkers
   1 thin
   1 thickness
   1 thibert
   1 thereby
   1 thereafter
   1 theories
   1 theirjobs
   1 theirjob
   1 thefigure
   1 theater
   1 thatjust
   1 thanksgiving
   1 text
   1 testing
   1 testimony
   1 territory
   1 terrific
   1 terribly
   1 terrible
   1 terrane
   1 terra
   1 terminology
   1 terminate
   1 termed
   1 tenth
   1 tensile
   1 tended
   1 ten
   1 temperatures
   1 telecommuting
   1 technique
   1 technicians
   1 teaches
   1 tampons
   1 tallied
   1 taller
   1 talented
   1 talbot
   1 tail
   1 tabletop
   1 symmetry
   1 sykes
   1 switch
   1 swept
   1 sweep
   1 sweat
   1 swear
   1 swath
   1 swamped
   1 swallows
   1 sutface
   1 sustaining
   1 suspend
   1 susan
   1 survivors
   1 surveying
   1 surprising
   1 surprises
   1 supratidal
   1 supported
   1 suppliers
   1 supplement
   1 superimposed
   1 superficial
   1 super
   1 sunshine
   1 summertime
   1 summarized
   1 summarize
   1 sumatomo
   1 sum
   1 suggestions
   1 suggesting
   1 suffered
   1 suck
   1 successively
   1 successive
   1 succeeded
   1 subtle
   1 subtidal
   1 substandard
   1 subsidy
   1 subsiding
   1 subsides
   1 subsections
   1 submit
   1 subducted
   1 subaerial
   1 styles
   1 sturgulewski
   1 sturdy
   1 stuart
   1 struck
   1 strongest
   1 stringing
   1 striking
   1 strike
   1 stressed
   1 strengthened
   1 strength
   1 strategy
   1 strapped
   1 strap
   1 strange
   1 straightened
   1 straight
   1 stops
   1 stopping
   1 stone
   1 stolen
   1 stimulating
   1 stiffening
   1 stiffen
   1 stiff
   1 stick
   1 steward
   1 stepping
   1 stephens
   1 stellar
   1 steinberg
   1 steer
   1 steep
   1 statistics
   1 statistically
   1 stationary
   1 stating
   1 static
   1 stanford
   1 standby
   1 stamp
   1 stam
   1 stagnating
   1 stages
   1 staffs
   1 staffed
   1 stacks
   1 stachou
   1 stability
   1 squashing
   1 squares
   1 spruce
   1 spring
   1 spray
   1 spots
   1 spontaneous
   1 sponsor
   1 splitting
   1 spitting
   1 spirit
   1 spill
   1 spence
   1 speculation
   1 speculate
   1 spectra
   1 spectacularly
   1 spectacular
   1 sparsely
   1 spanish
   1 spall
   1 southwestwardjump
   1 southeastern
   1 southcentralsoutheast
   1 sounded
   1 somehow
   1 solving
   1 solves
   1 sold
   1 sociologic
   1 society
   1 sobering
   1 snowshoe
   1 snow
   1 snaps
   1 snap
   1 smoothly
   1 smoother
   1 smokestacks
   1 smell
   1 slumping
   1 slows
   1 slots
   1 sloshing
   1 slosh
   1 sloping
   1 slips
   1 slippage
   1 slight
   1 slew
   1 sleeping
   1 sleep
   1 skidmarks
   1 skated
   1 sjoberg
   1 sizes
   1 sized
   1 sixteen
   1 situated
   1 sited
   1 sister
   1 sir
   1 sinks
   1 sink
   1 singlefamily
   1 simulated
   1 simplistic
   1 simplest
   1 simpler
   1 silty
   1 silly
   1 signs
   1 signals
   1 sidewalks
   1 sidewalk
   1 sideline
   1 shutdown
   1 shrubs
   1 shrinkage
   1 shownfor
   1 shoulders
   1 shorting
   1 shortcuts
   1 shortages
   1 shortage
   1 shoring
   1 shoreline
   1 shored
   1 shoddy
   1 shocksfrom
   1 ships
   1 shipping
   1 shipments
   1 shields
   1 sherrod
   1 sheriff
   1 shepherds
   1 shelving
   1 sheltering
   1 sheets
   1 sheeting
   1 sheared
   1 shattering
   1 shasta
   1 sharing
   1 shared
   1 shambles
   1 shall
   1 shakes
   1 shake
   1 severed
   1 settings
   1 serving
   1 servicing
   1 servicemen
   1 serviced
   1 serves
   1 served
   1 serve
   1 seriousness
   1 seriously
   1 sequencing
   1 sequence
   1 septic
   1 separations
   1 separation
   1 separately
   1 sensitivity
   1 senior
   1 sending
   1 sell
   1 selection
   1 selected
   1 seized
   1 seismology
   1 seismographs
   1 seismographic
   1 seismograph
   1 segregation
   1 segmented
   1 seek
   1 seed
   1 sediments
   1 secure
   1 secret
   1 secondranked
   1 seattle
   1 seat
   1 sears
   1 screw
   1 screeching
   1 scream
   1 scott
   1 scot
   1 score
   1 sciences
   1 schultz
   1 schnurr
   1 schleich
   1 scheme
   1 scary
   1 scared
   1 scar
   1 scanners
   1 scanner
   1 scagliotti
   1 savings
   1 saturated
   1 satisfactory
   1 satisfaction
   1 satellites
   1 sanford
   1 sandwiches
   1 sands
   1 sandra
   1 sample
   1 salt
   1 salesman
   1 sacredness
   1 rvs
   1 russians
   1 russian
   1 russel
   1 rural
   1 rupturing
   1 runway
   1 runner
   1 rumble
   1 rule
   1 ruins
   1 ruining
   1 ruined
   1 rounds
   1 rotating
   1 rope
   1 roots
   1 rooms
   1 roland
   1 rogers
   1 roede
   1 rodgers
   1 robinson
   1 roberta
   1 rob
   1 roaster
   1 roachell
   1 rivers
   1 risky
   1 riskier
   1 risked
   1 rippling
   1 rippers
   1 rip
   1 rio
   1 ringing
   1 ring
   1 rim
   1 rigorously
   1 rigorous
   1 rigmarole
   1 riding
   1 ridges
   1 rides
   1 ride
   1 rickey
   1 revising
   1 revise
   1 revert
   1 reverse
   1 reveal
   1 revamping
   1 reuse
   1 returned
   1 retrofitted
   1 retired
   1 retains
   1 retaining
   1 retained
   1 retail
   1 resurveying
   1 resultant
   1 restroom
   1 restrict
   1 restless
   1 restaurants
   1 responses
   1 resisting
   1 resistant
   1 resist
   1 residue
   1 resident
   1 residence
   1 researchers
   1 rerouted
   1 requested
   1 reproduced
   1 representatives
   1 reporting
   1 reported
   1 replay
   1 replatted
   1 repetitive
   1 repeated
   1 repeat
   1 repealed
   1 reorganize
   1 reopened
   1 reopen
   1 rental
   1 rent
   1 renovated
   1 remole
   1 remnants
   1 reminders
   1 remind
   1 remarkable
   1 remark
   1 remained
   1 reluctant
   1 relocation
   1 relocates
   1 relocate
   1 relive
   1 religious
   1 relieving
   1 relieved
   1 releasing
   1 relays
   1 relay
   1 relaxes
   1 relaxationfollowing
   1 relaxation
   1 relax
   1 relatives
   1 relations
   1 relating
   1 rejected
   1 reiswig
   1 reinvent
   1 reinstated
   1 reinforcing
   1 reimbursement
   1 rehired
   1 rehabilitated
   1 rehabilitate
   1 rehabbed
   1 regulatory
   1 regulators
   1 regulating
   1 regulate
   1 regularly
   1 registration
   1 registrants
   1 regionfor
   1 regardless
   1 refused
   1 refreshments
   1 reflecting
   1 reflected
   1 refined
   1 refilling
   1 referral
   1 reference
   1 reexamined
   1 reevaluating
   1 reestablish
   1 reelected
   1 reel
   1 redundant
   1 reduction
   1 reducing
   1 reduces
   1 redone
   1 redick
   1 redesigned
   1 rectangular
   1 recruitment
   1 recreation
   1 recovered
   1 reconsidered
   1 recommendation
   1 recollect
   1 recognizes
   1 recognized
   1 reciprocal
   1 recession
   1 receiving
   1 receives
   1 recedes
   1 recalls
   1 recalculated
   1 rebuildings
   1 rebound
   1 rebar
   1 reassess
   1 rearrange
   1 reactive
   1 reaches
   1 reached
   1 reaccumulate
   1 razed
   1 raw
   1 ravines
   1 ratios
   1 rationing
   1 rational
   1 rat
   1 rarely
   1 rare
   1 rank
   1 randau
   1 ramps
   1 ramp
   1 raising
   1 raining
   1 railways
   1 radius
   1 radiotelescope
   1 radical
   1 radiate
   1 radcliff
   1 quo
   1 quit
   1 quimby
   1 quietly
   1 quiet
   1 quickest
   1 questioned
   1 questionable
   1 quelling
   1 queen
   1 quarters
   1 qualities
   1 quakes
   1 putty
   1 puts
   1 pushed
   1 pursued
   1 purely
   1 purchased
   1 purchase
   1 punishment
   1 punctuation
   1 pulled
   1 publicize
   1 publicity
   1 publication
   1 psychologically
   1 psas
   1 psa
   1 pruned
   1 proximity
   1 provisional
   1 proves
   1 protocols
   1 protective
   1 protection
   1 protecting
   1 propped
   1 proportionately
   1 proportional
   1 proportion
   1 proper
   1 propensity
   1 propagate
   1 proof
   1 prone
   1 promote
   1 promised
   1 prominent
   1 projecting
   1 projectedfrom
   1 prohibitive
   1 progressive
   1 progressing
   1 progressed
   1 professions
   1 products
   1 production
   1 producing
   1 produces
   1 principally
   1 prime
   1 pride
   1 priced
   1 price
   1 previously
   1 prevention
   1 preventative
   1 prevailing
   1 preuss
   1 preston
   1 presidential
   1 preservationists
   1 presenting
   1 preexisting
   1 predisaster
   1 predictive
   1 prediction
   1 predicted
   1 predictability
   1 predetermine
   1 preclude
   1 precisely
   1 precipitated
   1 preceding
   1 precautions
   1 praying
   1 practiced
   1 practically
   1 powers
   1 powering
   1 powell
   1 potenza
   1 potable
   1 postscript
   1 posting
   1 postconference
   1 possess
   1 positively
   1 posed
   1 ports
   1 porsches
   1 popular
   1 poorly
   1 polyesters
   1 polyester
   1 pollution
   1 policies
   1 pointedly
   1 podium
   1 plunged
   1 plumbing
   1 plumb
   1 plowing
   1 plottedfor
   1 plots
   1 plot
   1 pleased
   1 pleasanton
   1 plazas
   1 plaza
   1 playing
   1 player
   1 platform
   1 plastering
   1 plastered
   1 plaque
   1 planted
   1 planetary
   1 planes
   1 plane
   1 piping
   1 pipe
   1 pinpointing
   1 pinpoint
   1 pinkston
   1 pinch
   1 pillars
   1 pillar
   1 pilings
   1 pignalberi
   1 pig
   1 pickups
   1 picking
   1 piano
   1 physics
   1 physicians
   1 physically
   1 philosophy
   1 philadelphia
   1 phasing
   1 phased
   1 pfeiffer
   1 peters
   1 peter
   1 pestilence
   1 perverse
   1 persuasive
   1 persevered
   1 permitted
   1 permanently
   1 perished
   1 periodical
   1 perimeter
   1 performance
   1 perfectly
   1 perception
   1 percentages
   1 pepper
   1 pennoyer
   1 penneys
   1 pending
   1 pendergrass
   1 pedestrian
   1 pederson
   1 peats
   1 payrolls
   1 payroll
   1 payment
   1 paying
   1 paycheck
   1 pavoni
   1 pavilion
   1 paved
   1 patterns
   1 patrols
   1 patrol
   1 patrick
   1 patient
   1 patching
   1 patch
   1 pat
   1 passing
   1 passes
   1 partner
   1 partly
   1 participating
   1 participated
   1 parkway
   1 parent
   1 paralyze
   1 parallel
   1 paragraphs
   1 paraded
   1 paperwork
   1 papers
   1 pantries
   1 panning
   1 panicked
   1 panhandle
   1 pamela
   1 paired
   1 painting
   1 pageoph
   1 pad
   1 packard
   1 package
   1 owen
   1 overwhelmingly
   1 overwhelming
   1 overturf
   1 oversimplifies
   1 overnight
   1 overloaded
   1 overjust
   1 overgrown
   1 overemphasized
   1 overcrowded
   1 overboard
   1 overall
   1 outset
   1 outreach
   1 outlook
   1 outfitting
   1 outermost
   1 outer
   1 outdoor
   1 otter
   1 oscillators
   1 oscillating
   1 originally
   1 oriented
   1 orientation
   1 organizational
   1 ordinary
   1 ordering
   1 options
   1 optional
   1 opposites
   1 opposed
   1 oppose
   1 opening
   1 onset
   1 ongoing
   1 oliver
   1 olhoft
   1 oks
   1 okd
   1 ointment
   1 ohio
   1 ofvibration
   1 ofuplift
   1 oftidal
   1 ofthose
   1 ofthis
   1 ofthese
   1 ofstanding
   1 ofscale
   1 ofplant
   1 ofparticular
   1 ofone
   1 ofmotion
   1 ofmost
   1 ofmontague
   1 ofmeasurable
   1 ofmarch
   1 ofmajor
   1 ofmagnitudes
   1 oflituya
   1 oflike
   1 oflarge
   1 oflandslides
   1 ofknowledge
   1 ofintertidal
   1 ofhazards
   1 ofgenerating
   1 offthe
   1 offsets
   1 offreshwater
   1 offive
   1 offigure
   1 officers
   1 offering
   1 offer
   1 offense
   1 offelt
   1 ofdots
   1 ofdead
   1 ofcontrol
   1 ofapproximately
   1 ofabout
   1 odds
   1 oceanography
   1 occurrences
   1 occupy
   1 occupied
   1 occupants
   1 occasionally
   1 obstacles
   1 observing
   1 observed
   1 observatory
   1 obscured
   1 obligation
   1 objections
   1 nws
   1 nutrition
   1 nurses
   1 nowhere
   1 novice
   1 notices
   1 notes
   1 notably
   1 northwestward
   1 northwestern
   1 northway
   1 northward
   1 northeastern
   1 norm
   1 nordstrom
   1 noon
   1 nonreinforced
   1 nonevident
   1 nonconforming
   1 noise
   1 nodding
   1 nittygritty
   1 nishenko
   1 nightmare
   1 nicely
   1 newsprint
   1 networkfor
   1 neighbor
   1 negotiation
   1 negatively
   1 neat
   1 nearest
   1 nazca
   1 nazario
   1 natives
   1 nation
   1 nasty
   1 nash
   1 nasa
   1 napkins
   1 namely
   1 myths
   1 music
   1 museum
   1 mundane
   1 multitude
   1 multistory
   1 muddy
   1 movie
   1 movers
   1 mountainfault
   1 motorists
   1 mosses
   1 moss
   1 mortgagor
   1 mortgages
   1 morris
   1 mornings
   1 montessori
   1 monterey
   1 moist
   1 modified
   1 modifications
   1 modest
   1 modernization
   1 moderatesized
   1 mobilization
   1 mob
   1 mixing
   1 mix
   1 mitigating
   1 mitigated
   1 mistreating
   1 mistakes
   1 missions
   1 mission
   1 misses
   1 misimpression
   1 miscellaneous
   1 miraculous
   1 mio
   1 minnesota
   1 minneapolis
   1 mine
   1 minds
   1 millimeters
   1 millimeter
   1 millennia
   1 mile
   1 migrate
   1 midwest
   1 middlefield
   1 microzonation
   1 metlakatla
   1 methodical
   1 method
   1 meteorite
   1 merrill
   1 meridian
   1 merely
   1 mere
   1 mentality
   1 mental
   1 memorandum
   1 memoranda
   1 member
   1 megathrust
   1 megahertz
   1 medoris
   1 medic
   1 medbery
   1 measurable
   1 meaningful
   1 meal
   1 meadow
   1 mccoys
   1 mccoy
   1 mayors
   1 maximize
   1 max
   1 mau
   1 matthew
   1 mathematically
   1 materialfrom
   1 matching
   1 matches
   1 matched
   1 massin
   1 masks
   1 maryland
   1 marson
   1 marsh
   1 marking
   1 marketing
   1 mark
   1 marine
   1 marilyn
   1 marie
   1 margaret
   1 marco
   1 mar
   1 manuals
   1 manual
   1 manning
   1 manner
   1 mandated
   1 managing
   1 malls
   1 makeup
   1 makeshift
   1 maker
   1 majorfaults
   1 maintenances
   1 mains
   1 mainly
   1 macnaughton
   1 mac
   1 lynn
   1 lynda
   1 lunch
   1 lucky
   1 luce
   1 loussac
   1 louisiana
   1 loudspeaker
   1 loudermilk
   1 lotz
   1 loses
   1 lorraine
   1 lorn
   1 looting
   1 looted
   1 loosely
   1 loop
   1 longstanding
   1 longitudinal
   1 logistical
   1 logic
   1 log
   1 locusts
   1 locust
   1 lock
   1 locals
   1 lobby
   1 loaded
   1 livable
   1 litigation
   1 lit
   1 listing
   1 lisa
   1 liquefied
   1 liquefiable
   1 lion
   1 linked
   1 lining
   1 lineaa
   1 lindsey
   1 linden
   1 limbo
   1 limb
   1 likes
   1 lightly
   1 lifts
   1 lifted
   1 lifestyles
   1 license
   1 library
   1 liable
   1 lexington
   1 levasseur
   1 letter
   1 lets
   1 les
   1 leninakan
   1 lengths
   1 lending
   1 lend
   1 legitimate
   1 legislatures
   1 legislator
   1 legislative
   1 legislated
   1 legally
   1 leg
   1 ledoux
   1 led
   1 lecturer
   1 lecture
   1 leblond
   1 leaped
   1 leaking
   1 leaked
   1 leak
   1 leading
   1 leaders
   1 lea
   1 lays
   1 layperson
   1 layout
   1 lay
   1 lawyers
   1 lawyer
   1 lawsuits
   1 laundry
   1 lath
   1 laterally
   1 latchkey
   1 laren
   1 lapse
   1 language
   1 lanes
   1 landsliding
   1 landslidegenerated
   1 lands
   1 landing
   1 landfill
   1 landers
   1 landed
   1 lags
   1 lady
   1 ladder
   1 lack
   1 labor
   1 kuriles
   1 kulis
   1 kuezek
   1 krause
   1 korovin
   1 koechlein
   1 knowledgeable
   1 knocking
   1 knit
   1 knik
   1 kit
   1 kiss
   1 kindest
   1 kilometer
   1 kill
   1 kicking
   1 kicked
   1 keying
   1 keyboard
   1 kevin
   1 ketchikan
   1 kencanfield
   1 kempton
   1 kelly
   1 kelley
   1 katmai
   1 katalla
   1 karrie
   1 karen
   1 kamchatka
   1 kachemak
   1 justify
   1 justified
   1 junior
   1 jumpy
   1 jumping
   1 julie
   1 judith
   1 joseph
   1 jorgensen
   1 joni
   1 joints
   1 jointly
   1 johnson
   1 johnny
   1 johnaho
   1 joanne
   1 jeopardize
   1 jeanne
   1 japanese
   1 jane
   1 jampacked
   1 jamagin
   1 jacobs
   1 jaci
   1 itselfmany
   1 itselfjust
   1 issuing
   1 issued
   1 irritated
   1 irregularities
   1 iowa
   1 involves
   1 invited
   1 invitations
   1 investing
   1 investigated
   1 inverted
   1 inventorying
   1 inventory
   1 inventories
   1 inventive
   1 invented
   1 inundationfollowing
   1 introductory
   1 introduced
   1 interview
   1 intertie
   1 intersection
   1 intersect
   1 interpretation
   1 interpret
   1 intermingle
   1 interlink
   1 interiors
   1 interference
   1 interfere
   1 interestingly
   1 interestfor
   1 interchanges
   1 interagency
   1 interactions
   1 intensively
   1 intend
   1 insulators
   1 insufficient
   1 instruments
   1 instrumentally
   1 institutionalized
   1 institutional
   1 instated
   1 installing
   1 installed
   1 inspired
   1 inspector
   1 inspecting
   1 inspect
   1 insert
   1 inquiry
   1 inquiries
   1 input
   1 inorganic
   1 inoculation
   1 inner
   1 inn
   1 ink
   1 injury
   1 initiatives
   1 inierferometry
   1 inhumane
   1 ingenious
   1 informative
   1 informal
   1 inform
   1 info
   1 influence
   1 inflationary
   1 infamous
   1 inexorably
   1 inexorable
   1 industrial
   1 inducing
   1 individually
   1 indiscriminately
   1 indicatefaults
   1 india
   1 index
   1 independently
   1 incurred
   1 increasingly
   1 incorporate
   1 inconsistency
   1 incomprehensible
   1 incomes
   1 income
   1 includes
   1 incidents
   1 incarcerated
   1 incapable
   1 inadvertently
   1 inadequacies
   1 improving
   1 improper
   1 impression
   1 impossible
   1 importing
   1 importantly
   1 importance
   1 import
   1 implications
   1 implementing
   1 impetus
   1 imperative
   1 impairs
   1 impair
   1 impacting
   1 illustrating
   1 ill
   1 ignoring
   1 ignored
   1 ifleft
   1 iditarod
   1 identification
   1 identical
   1 ideally
   1 ideal
   1 icy
   1 hypocenters
   1 hypocenter
   1 hydraulic
   1 hybrid
   1 hunt
   1 hump
   1 humankind
   1 hugo
   1 host
   1 horseshoe
   1 horse
   1 horror
   1 hookup
   1 honorable
   1 honor
   1 honolulu
   1 honestly
   1 homogenous
   1 homer
   1 homelessness
   1 homeless
   1 holocene
   1 holiday
   1 holds
   1 historically
   1 hiring
   1 hint
   1 hindered
   1 hilo
   1 hillsides
   1 highlights
   1 highlighted
   1 hideaway
   1 hidden
   1 hfsi
   1 hewlett
   1 heroes
   1 hence
   1 hefty
   1 heck
   1 hearts
   1 heartache
   1 healing
   1 headlines
   1 headed
   1 headache
   1 haywood
   1 hauled
   1 hatfields
   1 hatfield
   1 hassle
   1 hart
   1 harry
   1 harm
   1 hardy
   1 hardware
   1 harder
   1 harbor
   1 hansen
   1 hangups
   1 handouts
   1 handling
   1 handicapped
   1 handbasket
   1 hammered
   1 ham
   1 halted
   1 halt
   1 hallway
   1 hairy
   1 hail
   1 hag
   1 hachured
   1 habit
   1 habermann
   1 haber
   1 gutters
   1 gumeys
   1 gulkana
   1 guinea
   1 guesses
   1 guarding
   1 guard
   1 grown
   1 gropp
   1 grips
   1 grinding
   1 grim
   1 greg
   1 gravity
   1 gravels
   1 gravel
   1 grating
   1 grasses
   1 graphically
   1 granted
   1 grandmother
   1 graham
   1 graduate
   1 grad
   1 graben
   1 governors
   1 govern
   1 gottschalk
   1 goose
   1 goods
   1 golf
   1 godsend
   1 goals
   1 glue
   1 globe
   1 glauner
   1 glasses
   1 girl
   1 gina
   1 gift
   1 germinate
   1 german
   1 geoscientists
   1 geologichazards
   1 geodetically
   1 genuine
   1 gentle
   1 geno
   1 generations
   1 generates
   1 generals
   1 generalized
   1 gene
   1 gee
   1 gears
   1 geared
   1 gazpacho
   1 gathered
   1 gather
   1 gatekeeping
   1 gasoline
   1 garth
   1 gamble
   1 galveston
   1 gaining
   1 gail
   1 futures
   1 fuses
   1 furthermore
   1 furnishes
   1 funded
   1 functionally
   1 fuge
   1 fuels
   1 fuca
   1 frustration
   1 frozen
   1 frise
   1 friction
   1 fresno
   1 freeways
   1 freedom
   1 freed
   1 fred
   1 franscisco
   1 franchise
   1 framing
   1 fragmentation
   1 fracturing
   1 fraction
   1 fourmember
   1 fossil
   1 fortunate
   1 fortuna
   1 fortrayed
   1 forthe
   1 forming
   1 formerly
   1 forever
   1 foreign
   1 foreground
   1 foregoing
   1 forecasts
   1 forecasting
   1 forced
   1 footprint
   1 foothills
   1 footage
   1 foods
   1 follows
   1 folded
   1 focusing
   1 focal
   1 flying
   1 flux
   1 fluorescent
   1 fluid
   1 flowing
   1 floodlights
   1 floating
   1 flippant
   1 flip
   1 flights
   1 fleming
   1 flavor
   1 flashlights
   1 flammables
   1 flames
   1 flakes
   1 flair
   1 fjords
   1 fjord
   1 fixtures
   1 fixture
   1 fits
   1 fisherman
   1 firmly
   1 firehouse
   1 firefighting
   1 fiord
   1 finishing
   1 fingers
   1 finger
   1 finds
   1 financially
   1 financed
   1 filling
   1 file
   1 figs
   1 fighting
   1 fields
   1 fiber
   1 fha
   1 fewer
   1 ferndale
   1 ferguson
   1 fencing
   1 fenced
   1 female
   1 felton
   1 fees
   1 feeds
   1 fee
   1 feasible
   1 favor
   1 faulty
   1 faucets
   1 faster
   1 fastened
   1 fasten
   1 fascinating
   1 farms
   1 farm
   1 fared
   1 fantastic
   1 fanny
   1 fanners
   1 fairweatherqueen
   1 fainveather
   1 failing
   1 factored
   1 eyesore
   1 eyes
   1 exxon
   1 exuberance
   1 extremes
   1 extraction
   1 expressways
   1 expressed
   1 explosive
   1 explore
   1 exploded
   1 explaining
   1 explained
   1 expertise
   1 expense
   1 expenditure
   1 expended
   1 expediting
   1 expedited
   1 expansion
   1 exhibits
   1 exercised
   1 exempt
   1 exemplified
   1 excursions
   1 excess
   1 exceptions
   1 exceeded
   1 excavating
   1 examined
   1 evolved
   1 evident
   1 evaporates
   1 evaluations
   1 evaluated
   1 evade
   1 eurasian
   1 euphoria
   1 estimations
   1 estimating
   1 estes
   1 establishments
   1 escorting
   1 escape
   1 eruption
   1 erupted
   1 error
   1 erratic
   1 ernest
   1 eric
   1 erect
   1 erasing
   1 equilibrium
   1 equation
   1 equals
   1 equal
   1 episode
   1 epicentral
   1 environmentalists
   1 entrenched
   1 entrance
   1 entities
   1 ensuring
   1 ensure
   1 enormously
   1 enjoyed
   1 enjoyable
   1 enjoy
   1 engaged
   1 encroaching
   1 encourage
   1 encircles
   1 encampments
   1 encampment
   1 enacted
   1 enables
   1 enabled
   1 enable
   1 empty
   1 employee
   1 emphasized
   1 emotions
   1 emotional
   1 emerging
   1 elsewhere
   1 ellwein
   1 ellipses
   1 eliminated
   1 elias
   1 eleven
   1 elevators
   1 electronics
   1 electronically
   1 elderly
   1 elastic
   1 elapsed
   1 elaborate
   1 effectively
   1 educationally
   1 educational
   1 educated
   1 editors
   1 editions
   1 editing
   1 ecuador
   1 economists
   1 economist
   1 economies
   1 ecology
   1 eccentricity
   1 eccentric
   1 eats
   1 eaten
   1 easel
   1 eased
   1 ease
   1 earthquakeprone
   1 ears
   1 earned
   1 dwell
   1 durand
   1 duplication
   1 dumb
   1 ductile
   1 dual
   1 dsrs
   1 dry
   1 druthers
   1 drove
   1 drip
   1 drilling
   1 drilled
   1 driftwood
   1 drifts
   1 dried
   1 dress
   1 dreamt
   1 drawn
   1 dramatically
   1 drake
   1 drain
   1 dragons
   1 drafty
   1 doyle
   1 downwarped
   1 downwarp
   1 downward
   1 downslope
   1 downsized
   1 download
   1 downgrading
   1 downdrop
   1 downbending
   1 doubt
   1 doubles
   1 doubledeck
   1 dot
   1 dora
   1 doorstep
   1 donald
   1 doll
   1 dole
   1 documents
   1 documenting
   1 documented
   1 documentation
   1 doctored
   1 doctorate
   1 dobrovolny
   1 dixon
   1 divine
   1 divergent
   1 disturbing
   1 distributions
   1 distressing
   1 distances
   1 dissolve
   1 dissipated
   1 dissemination
   1 disseminate
   1 disruption
   1 disrepair
   1 disposal
   1 displayed
   1 display
   1 displacing
   1 displacements
   1 dispatchers
   1 dispatch
   1 dismissed
   1 dismiss
   1 disintegrated
   1 dishes
   1 discrimination
   1 discrepancy
   1 discovering
   1 discover
   1 discouraged
   1 disconnected
   1 disclosure
   1 disciplines
   1 discipline
   1 discharge
   1 disastrous
   1 disasterrecovery
   1 disappear
   1 dirty
   1 directors
   1 directions
   1 dip
   1 diocese
   1 dimmick
   1 dimensions
   1 dimension
   1 digression
   1 dig
   1 diffused
   1 differing
   1 differentiating
   1 differential
   1 diedfrom
   1 dictated
   1 dictate
   1 diapers
   1 dialogue
   1 diagrams
   1 diagonally
   1 devoid
   1 devices
   1 devastated
   1 detrimentally
   1 details
   1 destroying
   1 desires
   1 desirable
   1 designation
   1 designates
   1 designate
   1 deserved
   1 described
   1 derive
   1 derelict
   1 deputies
   1 dept
   1 depressed
   1 deposit
   1 deployment
   1 deny
   1 densely
   1 dense
   1 demonstrates
   1 demonstrably
   1 demarco
   1 delicately
   1 deliberately
   1 delayed
   1 del
   1 degraded
   1 deforms
   1 deflections
   1 definitely
   1 defines
   1 defensive
   1 defaults
   1 deductibles
   1 deductible
   1 decreased
   1 decline
   1 declaring
   1 declare
   1 decisionmaker
   1 decipher
   1 decent
   1 deceiving
   1 decay
   1 decade
   1 debts
   1 debates
   1 debated
   1 debate
   1 dean
   1 dang
   1 dammed
   1 dam
   1 dallas
   1 dale
   1 dahlia
   1 dade
   1 dac
   1 cycles
   1 cutting
   1 custodians
   1 custodial
   1 curved
   1 curry
   1 curriculum
   1 curious
   1 curbs
   1 culturally
   1 cult
   1 culprits
   1 cucullu
   1 cubicle
   1 cube
   1 crying
   1 cry
   1 crushing
   1 crumbled
   1 crumble
   1 cruel
   1 crucial
   1 crowded
   1 crossing
   1 crocker
   1 criticism
   1 cries
   1 crew
   1 crevices
   1 crest
   1 credible
   1 credibility
   1 creation
   1 creates
   1 crazy
   1 crawl
   1 crashes
   1 crashed
   1 crash
   1 crafted
   1 cracking
   1 cozy
   1 cows
   1 covering
   1 coverage
   1 courtyard
   1 courtesy
   1 couplets
   1 countywide
   1 counts
   1 countless
   1 counterparts
   1 counted
   1 councils
   1 councilmen
   1 cotton
   1 cosmopolitan
   1 cosmetically
   1 cosmetic
   1 correlated
   1 correctly
   1 corrections
   1 corners
   1 cordoning
   1 cora
   1 copies
   1 cooperated
   1 cooper
   1 coolers
   1 cooking
   1 convinced
   1 conveying
   1 convey
   1 conversations
   1 converges
   1 convergence
   1 convenience
   1 controversies
   1 contributors
   1 contributor
   1 contributing
   1 contributes
   1 contributed
   1 contribute
   1 contrasts
   1 contrary
   1 contract
   1 continuous
   1 continental
   1 content
   1 contended
   1 contemporary
   1 contemporaneous
   1 contaminated
   1 contains
   1 containers
   1 consulted
   1 construct
   1 constraints
   1 constantly
   1 consolidation
   1 consistency
   1 considerations
   1 considerable
   1 consequently
   1 consequence
   1 conner
   1 connectors
   1 conjunction
   1 conies
   1 congressmen
   1 confront
   1 conforming
   1 conform
   1 conflagration
   1 confirm
   1 confines
   1 configurations
   1 confidence
   1 condemnation
   1 concerted
   1 concentrations
   1 conceivable
   1 computerized
   1 computation
   1 comptroller
   1 compromises
   1 compromise
   1 compressional
   1 compressing
   1 compress
   1 compounded
   1 compound
   1 comply
   1 complexity
   1 complexities
   1 complexes
   1 completes
   1 compiled
   1 compilation
   1 competition
   1 competent
   1 compares
   1 commuters
   1 commute
   1 commonalities
   1 commit
   1 commissioner
   1 commercially
   1 comfortable
   1 combustion
   1 combines
   1 combination
   1 column
   1 colors
   1 colonel
   1 collie
   1 collecting
   1 collectedfrom
   1 collectability
   1 collect
   1 collapses
   1 colder
   1 coke
   1 cognizant
   1 coffee
   1 coexisting
   1 cody
   1 coding
   1 cocos
   1 cobum
   1 coasts
   1 cluster
   1 clues
   1 cloud
   1 closure
   1 closest
   1 cloistered
   1 clinics
   1 clinic
   1 climates
   1 cliffs
   1 cliffand
   1 clients
   1 clerks
   1 claw
   1 claudette
   1 classroom
   1 classify
   1 classified
   1 classifications
   1 classical
   1 classes
   1 clashed
   1 clarification
   1 clamps
   1 claim
   1 cityofwatsonville
   1 cityofvaldez
   1 cite
   1 circumvent
   1 circumstance
   1 cinch
   1 chutes
   1 chronologically
   1 chronological
   1 chris
   1 chopo
   1 choices
   1 chinatown
   1 children
   1 chiefs
   1 chester
   1 cherry
   1 chemistry
   1 chemist
   1 cheeseman
   1 cheek
   1 checkmatrix
   1 charter
   1 charm
   1 charities
   1 charitable
   1 characteristics
   1 characteristic
   1 channeling
   1 channel
   1 chances
   1 challenged
   1 chairman
   1 chain
   1 certification
   1 ceremony
   1 centuries
   1 centrally
   1 centerpiece
   1 ceases
   1 ceased
   1 caved
   1 cavalry
   1 cautious
   1 caustics
   1 cauldrons
   1 cattle
   1 cashing
   1 casey
   1 carrying
   1 carl
   1 cargo
   1 careless
   1 cardboard
   1 captured
   1 capitalization
   1 canteens
   1 cans
   1 canoes
   1 canfleld
   1 camps
   1 camping
   1 campers
   1 camper
   1 campbell
   1 campaign
   1 camp
   1 camey
   1 cameras
   1 camera
   1 calvin
   1 caltech
   1 calmed
   1 calm
   1 calls
   1 calendar
   1 cafeteria
   1 cafes
   1 cade
   1 cable
   1 cabinet
   1 byron
   1 byrnes
   1 buyers
   1 butte
   1 burlingame
   1 burger
   1 bureaucracies
   1 bureau
   1 bundle
   1 bums
   1 bum
   1 bulletin
   1 bulldozers
   1 bulldozer
   1 bulldozed
   1 bulldoze
   1 bulk
   1 bulges
   1 builds
   1 buckled
   1 brushed
   1 brophy
   1 broadcasting
   1 brittle
   1 bright
   1 bredin
   1 breakfast
   1 brayton
   1 brand
   1 bragg
   1 bradley
   1 braces
   1 brace
   1 bowman
   1 bought
   1 bottoms
   1 bottles
   1 bother
   1 bothell
   1 borings
   1 borders
   1 bookstore
   1 bookshelves
   1 bookshelf
   1 booklets
   1 bombs
   1 bolt
   1 bold
   1 boilerplate
   1 boiler
   1 bohi
   1 bogue
   1 boards
   1 boarding
   1 bmws
   1 blur
   1 bluffs
   1 blue
   1 blown
   1 blocking
   1 blocked
   1 blockage
   1 blinders
   1 blind
   1 blight
   1 bless
   1 blankets
   1 blanket
   1 biola
   1 bimodal
   1 bifurcates
   1 bicyclists
   1 bibeau
   1 bet
   1 berry
   1 berra
   1 bent
   1 benson
   1 benefits
   1 bend
   1 bench
   1 bemice
   1 belonged
   1 belong
   1 bell
   1 believes
   1 believed
   1 begun
   1 begins
   1 beer
   1 bedrock
   1 beck
   1 beautifully
   1 beauchamp
   1 beast
   1 bearings
   1 bear
   1 beams
   1 beam
   1 beaches
   1 bayous
   1 bayfault
   1 bav
   1 baugh
   1 bathymetric
   1 bathtub
   1 bashed
   1 basement
   1 basal
   1 bars
   1 barry
   1 barriers
   1 barrett
   1 barely
   1 bar
   1 banner
   1 banging
   1 banded
   1 banda
   1 ban
   1 balancing
   1 balanced
   1 bakery
   1 bailouts
   1 bailout
   1 bags
   1 bag
   1 backs
   1 awards
   1 awarded
   1 award
   1 awakening
   1 avoided
   1 avenues
   1 autonomously
   1 automobiles
   1 auto
   1 authors
   1 auspicious
   1 auklet
   1 august
   1 auditorium
   1 audio
   1 attributed
   1 attribute
   1 attractive
   1 attract
   1 attorneys
   1 attitudes
   1 attics
   1 attest
   1 attendance
   1 attempted
   1 attained
   1 attached
   1 atomic
   1 atka
   1 atc
   1 assumptions
   1 assuming
   1 associations
   1 assisting
   1 assisted
   1 assigning
   1 assessing
   1 assessed
   1 assembled
   1 assam
   1 asphalt
   1 aside
   1 artists
   1 artifacts
   1 articles
   1 arterials
   1 arrangements
   1 arranged
   1 arose
   1 armenians
   1 arliss
   1 arise
   1 arenas
   1 architecturally
   1 approving
   1 approvals
   1 appropriation
   1 appropriately
   1 appreciated
   1 application
   1 applicants
   1 appendices
   1 appeared
   1 apd
   1 apartment
   1 apace
   1 anxious
   1 anticipation
   1 answering
   1 announcement
   1 annexes
   1 andreanoff
   1 anchorjob
   1 anchor
   1 analyzing
   1 analogy
   1 amplified
   1 amortize
   1 amended
   1 amend
   1 amchitka
   1 ambulances
   1 altogether
   1 alternatively
   1 alter
   1 alspach
   1 alpine
   1 alluvium
   1 allows
   1 allocation
   1 allocating
   1 alldredge
   1 alerted
   1 alcom
   1 alaskans
   1 alascom
   1 alarms
   1 airplane
   1 airline
   1 aircraft
   1 airborne
   1 aims
   1 aim
   1 agriculture
   1 agricultural
   1 agony
   1 agitation
   1 aging
   1 aggressive
   1 aggregated
   1 aggregate
   1 afterward
   1 afterschocks
   1 aforementioned
   1 affordable
   1 aerosol
   1 advocating
   1 advocate
   1 advisory
   1 advisories
   1 adventure
   1 advances
   1 advanced
   1 adults
   1 admitted
   1 admit
   1 admirable
   1 administrator
   1 administer
   1 adjustments
   1 adhered
   1 adhere
   1 adec
   1 additionally
   1 adapted
   1 adaptations
   1 acute
   1 acts
   1 actor
   1 activation
   1 activated
   1 acted
   1 acree
   1 acquired
   1 acoustical
   1 acknowledging
   1 acknowledge
   1 achieving
   1 accused
   1 accumulating
   1 accumulate
   1 accomplishment
   1 accommodated
   1 accommodate
   1 abuts
   1 abut
   1 absorbed
   1 absolutes
   1 absolute
   1 absence
   1 abkj
   1 abilities
   1 abide
   1 abandon
