 660 coal
 373 bed
 358 formation
 321 beds
 314 sandstone
 294 rocks
 272 mountain
 264 area
 262 river
 239 feet
 218 volcanic
 214 sec
 194 puget
 191 tiger
 155 group
 153 thick
 145 part
 143 green
 140 siltstone
 126 tukwila
 120 resources
 118 exposed
 111 valley
 106 clay
 104 cumberland
 101 raging
  96 taylor
  94 deposits
  93 thickness
  92 renton
  92 gray
  91 mine
  91 franklin
  90 contains
  89 upper
  89 hobart
  88 south
  88 section
  87 west
  87 map
  83 rock
  83 cedar
  81 maple
  79 creek
  77 north
  76 lower
  75 washington
  75 unnamed
  75 stratigraphic
  75 quadrangle
  75 probably
  75 along
  74 carbonaceous
  72 locally
  71 geology
  70 age
  68 quadrangles
  67 mines
  66 strata
  66 near
  66 grained
  65 may
  64 stage
  63 inches
  62 kummer
  61 percent
  61 fault
  61 base
  61 altered
  58 micaceous
  57 plate
  56 sequence
  56 nos
  55 lake
  55 canyon
  54 top
  54 range
  54 drift
  53 zone
  53 marine
  53 east
  53 also
  52 much
  51 claystone
  50 iii
  49 shown
  49 many
  49 fossil
  48 fine
  47 areas
  46 sand
  46 mapped
  46 geol
  45 sill
  45 sedimentary
  45 minerals
  45 mined
  45 generally
  43 tuff
  43 covered
  43 black
  42 loc
  42 igneous
  42 described
  41 two
  41 total
  41 thin
  41 sample
  41 glacial
  41 evans
  40 side
  40 arkosic
  39 grains
  39 fossils
  38 syncline
  38 survey
  38 cascade
  37 plagioclase
  37 massive
  37 eocene
  37 elk
  37 brown
  37 abundant
  36 miles
  35 outcrops
  35 kaolinite
  35 includes
  35 ice
  35 conglomerate
  34 table
  34 similar
  34 measured
  34 distribution
  33 small
  33 issaquah
  33 impure
  33 gravel
  33 data
  32 series
  32 mckay
  32 matrix
  32 geologic
  32 durham
  32 although
  31 one
  31 main
  31 intrusive
  31 friable
  30 several
  30 ravensdale
  30 new
  30 late
  30 fragments
  30 estimated
  30 carbon
  30 big
  30 bayne
  29 used
  29 partly
  29 included
  29 equivalent
  28 outcrop
  28 maps
  28 fig
  27 western
  27 sections
  27 report
  27 occurs
  27 northwest
  27 county
  27 altitude
  27 alteration
  26 weathers
  26 large
  26 anticline
  25 undifferentiated
  25 till
  25 sills
  25 sandy
  25 samples
  25 resource
  25 palmer
  25 material
  25 gem
  25 forms
  25 early
  24 vine
  24 shows
  24 shale
  24 quartz
  24 present
  24 poorly
  24 others
  24 mineral
  24 lowland
  24 however
  24 feldspar
  24 estimates
  24 contain
  24 chlorite
  24 chiefly
  24 bituminous
  23 well
  23 upland
  23 ummer
  23 tertiary
  23 stratigraphy
  23 stratified
  23 hard
  23 assigned
  22 units
  22 tons
  22 sound
  22 silty
  22 position
  22 occidental
  22 mica
  22 locality
  22 known
  22 interval
  22 field
  22 composed
  22 bedding
  21 rank
  21 prospect
  21 oligocene
  21 name
  21 long
  21 interstratified
  21 dark
  21 across
  20 wolfe
  20 sunset
  20 source
  20 mile
  20 member
  20 leaves
  20 including
  20 economic
  20 adjacent
  19 within
  19 usgs
  19 sugarloaf
  19 ryan
  19 principal
  19 middle
  19 less
  19 king
  19 indicated
  19 found
  19 deep
  19 commonly
  18 weaver
  18 slope
  18 respectively
  18 peak
  18 overlying
  18 occur
  18 mining
  18 hydrothermally
  18 half
  18 diamond
  18 dale
  18 common
  18 center
  18 body
  18 analysis
  17 structure
  17 strip
  17 old
  17 leaf
  17 highway
  17 fifteenmile
  17 analyses
  16 younger
  16 underlying
  16 southwest
  16 show
  16 porphyritic
  16 phenocrysts
  16 paleobotany
  16 norbisrath
  16 navy
  16 mullineaux
  16 mostly
  16 major
  16 low
  16 light
  16 landsburg
  16 inferred
  16 individual
  16 grivetti
  16 formed
  16 formations
  16 floral
  16 flora
  16 dip
  16 could
  16 correlation
  16 corner
  16 contact
  16 chemical
  16 calcite
  16 calcareous
  16 bedded
  16 andesite
  15 yellowish
  15 vashon
  15 three
  15 therefore
  15 stone
  15 stages
  15 southeast
  15 seattle
  15 prospects
  15 peat
  15 nearly
  15 laminated
  15 lakes
  15 graphic
  15 glover
  15 folds
  15 flow
  15 crops
  14 young
  14 tuffaceous
  14 strike
  14 soft
  14 sees
  14 ravenian
  14 ranges
  14 northern
  14 nonmarine
  14 montmorillonite
  14 lithology
  14 limb
  14 least
  14 lapilli
  14 include
  14 groundmass
  14 form
  14 figure
  14 faults
  14 directly
  14 description
  14 cut
  14 crop
  14 crandell
  14 concealed
  14 almost
  14 abandoned
  13 youngest
  13 surface
  13 subbituminous
  13 study
  13 showing
  13 refractory
  13 quaternary
  13 parts
  13 medium
  13 marker
  13 make
  13 made
  13 localities
  13 line
  13 identified
  13 hills
  13 harris
  13 feldspathic
  13 especially
  13 composition
  13 collected
  13 characterized
  13 channel
  13 bull
  13 axis
  13 average
  13 available
  13 andesitic
  12 water
  12 warren
  12 walker
  12 unknown
  12 silt
  12 road
  12 relatively
  12 recognized
  12 production
  12 possibly
  12 overlain
  12 origin
  12 oldest
  12 older
  12 mediate
  12 local
  12 lawson
  12 interbedded
  12 fultonian
  12 exposures
  12 eureka
  12 district
  12 dirty
  12 deposit
  12 cross
  12 content
  12 commercial
  12 cavanaugh
  12 bureau
  12 bur
  12 breccia
  11 zones
  11 workings
  11 white
  11 vicinity
  11 use
  11 underlain
  11 township
  11 thus
  11 showed
  11 sheet
  11 related
  11 rather
  11 products
  11 plant
  11 places
  11 pit
  11 petroleum
  11 page
  11 observed
  11 nichols
  11 named
  11 mollusks
  11 members
  11 indicate
  11 hydrothermal
  11 hammer
  11 ground
  11 general
  11 fraction
  11 elsewhere
  11 displacement
  11 continental
  11 consists
  11 completely
  11 city
  11 belt
  11 ash
  10 unit
  10 trend
  10 though
  10 southern
  10 separated
  10 scale
  10 replaced
  10 preliminary
  10 possible
  10 pebbles
  10 opaque
  10 northeast
  10 newcastle
  10 mountains
  10 miocene
  10 minor
  10 location
  10 little
  10 lie
  10 lenses
  10 jones
  10 hinge
  10 highest
  10 gower
  10 four
  10 flows
  10 flint
  10 except
  10 evidence
  10 estimate
  10 discovery
  10 dips
  10 different
  10 containing
  10 concretions
  10 classification
  10 chert
  10 boulders
  10 bluff
  10 based
  10 apparent
   9 yellow
   9 whereas
   9 weathering
   9 type
   9 tion
   9 time
   9 suitable
   9 suggests
   9 stratigraphically
   9 squak
   9 smith
   9 slopes
   9 size
   9 short
   9 sediment
   9 rogers
   9 rml
   9 resistant
   9 represent
   9 profile
   9 points
   9 paper
   9 outwash
   9 mcl
   9 mafic
   9 land
   9 intrusion
   9 impressions
   9 hornblende
   9 horizontal
   9 holder
   9 high
   9 greater
   9 gravity
   9 georgetown
   9 gard
   9 fresh
   9 follows
   9 extensively
   9 div
   9 deposited
   9 defined
   9 cowlitz
   9 continuous
   9 considered
   9 cement
   9 called
   9 broad
   9 bedrock
   9 basis
   9 approximately
   9 apparently
   9 according
   8 whose
   8 waldron
   8 tentatively
   8 swamp
   8 stratification
   8 steep
   8 sources
   8 snoqualmie
   8 slide
   8 scattered
   8 roadcut
   8 readily
   8 previously
   8 potential
   8 pipe
   8 parallel
   8 pale
   8 pacific
   8 obscure
   8 next
   8 million
   8 mantle
   8 mammoth
   8 lies
   8 level
   8 ledges
   8 ledge
   8 landslide
   8 laminae
   8 investigation
   8 intruded
   8 intervals
   8 international
   8 indicates
   8 glycolation
   8 given
   8 gas
   8 gabb
   8 flank
   8 finer
   8 fields
   8 fairly
   8 established
   8 erosion
   8 determined
   8 detailed
   8 course
   8 correlative
   8 correlated
   8 construction
   8 conformably
   8 coast
   8 classified
   8 cashman
   8 boundary
   8 beneath
   8 beauty
   8 associated
   8 amount
   8 additional
   7 written
   7 various
   7 uvasana
   7 underground
   7 uncertain
   7 turritella
   7 tunnel
   7 traced
   7 throughout
   7 texture
   7 terrace
   7 subsidence
   7 structural
   7 streams
   7 sorted
   7 soil
   7 silica
   7 siderite
   7 roads
   7 remains
   7 probable
   7 previous
   7 preserved
   7 presence
   7 posed
   7 pleistocene
   7 plain
   7 peaks
   7 pattern
   7 partings
   7 overlie
   7 original
   7 olympic
   7 oil
   7 number
   7 mcintyre
   7 manufacture
   7 largely
   7 kummerian
   7 irregular
   7 inv
   7 important
   7 illite
   7 granular
   7 grain
   7 flowed
   7 fit
   7 first
   7 extent
   7 extended
   7 euhedral
   7 divided
   7 distance
   7 dipping
   7 derived
   7 department
   7 cuts
   7 consisting
   7 collections
   7 collection
   7 coarse
   7 coals
   7 clayey
   7 cinnabar
   7 channels
   7 change
   7 categories
   7 buckley
   7 averages
   7 assumed
   7 appearance
   7 ankerite
   7 adjusted
   7 addition
   7 access
   6 zoned
   6 would
   6 work
   6 value
   6 tributary
   6 topography
   6 thought
   6 testing
   6 terms
   6 tains
   6 tain
   6 subdivided
   6 studied
   6 stearns
   6 stated
   6 specific
   6 species
   6 southwestern
   6 somewhat
   6 sherwood
   6 sheets
   6 seems
   6 ridge
   6 reward
   6 reported
   6 remaining
   6 relation
   6 regular
   6 regarded
   6 recent
   6 rau
   6 quarries
   6 quad
   6 published
   6 primary
   6 potash
   6 poor
   6 orange
   6 obscured
   6 northward
   6 mount
   6 matter
   6 marked
   6 macneil
   6 lowest
   6 lithologic
   6 listed
   6 later
   6 isolated
   6 iron
   6 ing
   6 independent
   6 identification
   6 horizontally
   6 higher
   6 gave
   6 franklinian
   6 foraminifera
   6 foot
   6 flakes
   6 fieldwork
   6 features
   6 example
   6 earliest
   6 due
   6 diameter
   6 development
   6 detail
   6 designated
   6 depressions
   6 constituents
   6 consist
   6 compared
   6 color
   6 cobbles
   6 closely
   6 clastic
   6 ceramics
   6 cemented
   6 carbonate
   6 btu
   6 augite
   6 angular
   6 analyzed
   6 alta
   6 aggregate
   5 years
   5 writer
   5 wide
   5 vertical
   5 variety
   5 untreated
   5 underlie
   5 unconformably
   5 unaltered
   5 ummerian
   5 twice
   5 tributaries
   5 tree
   5 town
   5 tongue
   5 thicknesses
   5 thicker
   5 tectonic
   5 suggest
   5 states
   5 sparse
   5 snavely
   5 smaller
   5 slightly
   5 site
   5 sides
   5 sets
   5 separately
   5 separate
   5 seem
   5 ripple
   5 removed
   5 regularly
   5 regional
   5 references
   5 red
   5 recorded
   5 rapid
   5 ranging
   5 rainier
   5 pugot
   5 proportion
   5 properties
   5 plunges
   5 physical
   5 pelecypod
   5 past
   5 particularly
   5 overturned
   5 overburden
   5 organic
   5 occurrence
   5 occurred
   5 numerous
   5 nnd
   5 night
   5 neu
   5 movement
   5 moraine
   5 moisture
   5 mineralogy
   5 microfossils
   5 microcrystalline
   5 materials
   5 mass
   5 marino
   5 margin
   5 makes
   5 magnetic
   5 locs
   5 lithic
   5 lines
   5 lincoln
   5 last
   5 lack
   5 laboratory
   5 knight
   5 keechelus
   5 jacket
   5 intrusions
   5 intraformational
   5 interlayered
   5 intensely
   5 industry
   5 index
   5 identifications
   5 hudson
   5 history
   5 hill
   5 heating
   5 glaciers
   5 geologists
   5 garden
   5 frazier
   5 former
   5 films
   5 fauna
   5 far
   5 fall
   5 exposure
   5 entirely
   5 end
   5 eechelus
   5 easily
   5 distinctive
   5 detritus
   5 depth
   5 deposition
   5 debris
   5 cushman
   5 cover
   5 cooperation
   5 control
   5 continued
   5 constituent
   5 conspicuous
   5 compact
   5 coaly
   5 clouded
   5 clean
   5 ceous
   5 central
   5 celadonite
   5 blocked
   5 bench
   5 basalt
   5 axial
   5 assoc
   5 another
   5 anaskat
   5 amounts
   5 america
   5 alluvium
   5 aff
   4 year
   4 workers
   4 woody
   4 weathered
   4 weather
   4 watershed
   4 volatile
   4 visible
   4 vermiculite
   4 vegetation
   4 valuable
   4 valleys
   4 usage
   4 united
   4 typical
   4 trunk
   4 trenches
   4 trees
   4 transition
   4 trace
   4 thermal
   4 tend
   4 swl
   4 summary
   4 sufficient
   4 subangular
   4 stuart
   4 structurally
   4 stream
   4 steeply
   4 state
   4 standard
   4 southward
   4 soc
   4 slh
   4 slacks
   4 siliceous
   4 shape
   4 separates
   4 selective
   4 seen
   4 second
   4 seam
   4 saddle
   4 rivers
   4 retreat
   4 result
   4 resembles
   4 rept
   4 represented
   4 replacement
   4 relative
   4 region
   4 referred
   4 randomly
   4 railroad
   4 quicksilver
   4 pugetensis
   4 produced
   4 prepared
   4 possibility
   4 portal
   4 point
   4 plants
   4 placed
   4 place
   4 photograph
   4 permeable
   4 per
   4 pelecypods
   4 papers
   4 overlies
   4 opposite
   4 olive
   4 occupied
   4 obtained
   4 notes
   4 nearby
   4 nated
   4 mountaintaylor
   4 millions
   4 metamorphic
   4 melt
   4 megafossil
   4 measurements
   4 measurement
   4 marks
   4 mapping
   4 making
   4 lists
   4 limited
   4 lesser
   4 lava
   4 lateral
   4 lamination
   4 lacustrine
   4 key
   4 junction
   4 invertebrate
   4 interpretation
   4 indurated
   4 igng
   4 hoover
   4 holes
   4 head
   4 hanna
   4 grayish
   4 grade
   4 government
   4 glauconite
   4 gives
   4 gibbsite
   4 geological
   4 gently
   4 generalized
   4 front
   4 formerly
   4 folding
   4 flood
   4 fill
   4 faulted
   4 farther
   4 farming
   4 facies
   4 extensive
   4 extends
   4 extend
   4 exploration
   4 explain
   4 expands
   4 exist
   4 escarpment
   4 eoal
   4 eastern
   4 dry
   4 drained
   4 drainage
   4 dominant
   4 distinguish
   4 direction
   4 dikes
   4 desire
   4 des
   4 crystalline
   4 crystal
   4 crest
   4 convolute
   4 contour
   4 continuously
   4 contained
   4 contacts
   4 coni
   4 concentrations
   4 compiled
   4 combined
   4 columnar
   4 clays
   4 chloritized
   4 chloritic
   4 cenozoic
   4 buwaldana
   4 burden
   4 brecciated
   4 boehmite
   4 bods
   4 bod
   4 bloating
   4 best
   4 bend
   4 began
   4 approximate
   4 ancl
   4 allow
   4 advance
   4 accumulation
   4 accessibility
   3 zeolite
   3 works
   3 willis
   3 westward
   3 waste
   3 walls
   3 victory
   3 venericardia
   3 variable
   3 vaderensis
   3 using
   3 useful
   3 uplift
   3 unusually
   3 unpublished
   3 uniform
   3 types
   3 transitional
   3 topographic
   3 ton
   3 together
   3 toe
   3 times
   3 tile
   3 throw
   3 thanks
   3 test
   3 ter
   3 tejon
   3 taken
   3 tacoma
   3 swelling
   3 sulfur
   3 suite
   3 suggested
   3 subhedral
   3 structures
   3 still
   3 spillway
   3 speckled
   3 slumped
   3 slabby
   3 shapiro
   3 separator
   3 separation
   3 see
   3 sea
   3 sciences
   3 satisfactory
   3 samuel
   3 sampled
   3 roy
   3 rounded
   3 roslyn
   3 rocky
   3 roberts
   3 roadcuts
   3 reverse
   3 returned
   3 retreating
   3 results
   3 resulted
   3 repeated
   3 relief
   3 reliability
   3 reference
   3 recognition
   3 recession
   3 quarry
   3 quantities
   3 quality
   3 pub
   3 provides
   3 provided
   3 provide
   3 prominent
   3 projection
   3 printing
   3 principally
   3 preston
   3 preglacial
   3 potamides
   3 porous
   3 porcellanite
   3 polished
   3 plus
   3 planes
   3 periods
   3 perhaps
   3 pease
   3 paul
   3 park
   3 owing
   3 outlet
   3 ormation
   3 originally
   3 ore
   3 opened
   3 olequahensis
   3 offset
   3 office
   3 occupy
   3 observations
   3 observation
   3 nton
   3 noted
   3 normal
   3 nonvolcanic
   3 neither
   3 nearness
   3 narrow
   3 moved
   3 molds
   3 moines
   3 modified
   3 modern
   3 moderately
   3 mixture
   3 mixed
   3 might
   3 microns
   3 methods
   3 method
   3 merriam
   3 mentioned
   3 maximum
   3 mainly
   3 mackin
   3 lying
   3 lows
   3 logging
   3 llh
   3 linn
   3 limbs
   3 like
   3 lenticular
   3 larger
   3 landslides
   3 keasey
   3 intrude
   3 ington
   3 increase
   3 inch
   3 illustrated
   3 hydrologic
   3 huntting
   3 hundred
   3 hummocky
   3 hornii
   3 horizon
   3 highland
   3 hiawatha
   3 hendoni
   3 heat
   3 growth
   3 granules
   3 grand
   3 good
   3 glass
   3 gillison
   3 gastropoda
   3 fusion
   3 fossiliferous
   3 forestry
   3 foraminiferal
   3 followed
   3 folded
   3 fluvial
   3 flanks
   3 filled
   3 figures
   3 faulting
   3 face
   3 extremely
   3 excluded
   3 eventually
   3 estimation
   3 eroded
   3 enumclaw
   3 entire
   3 enough
   3 elmore
   3 duplicate
   3 downwarp
   3 downstream
   3 domengine
   3 division
   3 diverted
   3 diversion
   3 distinguished
   3 distinct
   3 diffractometer
   3 difficult
   3 differentiated
   3 differential
   3 developed
   3 dentalina
   3 degree
   3 deeply
   3 decanted
   3 current
   3 crosses
   3 crossbedded
   3 correspond
   3 correlates
   3 correlate
   3 contours
   3 continuity
   3 continuation
   3 constitute
   3 conifers
   3 confined
   3 concretionary
   3 con
   3 compose
   3 come
   3 coke
   3 cohee
   3 coarser
   3 coalified
   3 cliffs
   3 cliff
   3 clear
   3 clark
   3 chloe
   3 characteristics
   3 characteristically
   3 characteristic
   3 character
   3 changes
   3 caused
   3 cardinal
   3 capay
   3 canyons
   3 calculating
   3 calculated
   3 bulimina
   3 brownish
   3 broken
   3 bretz
   3 brannock
   3 bout
   3 boundaries
   3 botts
   3 blocks
   3 beikman
   3 become
   3 basic
   3 basaltic
   3 baked
   3 arrow
   3 arbitrarily
   3 apart
   3 anticlinal
   3 andesine
   3 ancestral
   3 analyst
   3 altitudes
   3 ages
   3 advancing
   3 adequate
   3 accompanied
   3 absent
   3 absence
   2 yoder
   2 yet
   2 wood
   2 wnshington
   2 without
   2 widely
   2 whieh
   2 whether
   2 webster
   2 way
   2 washed
   2 warshaw
   2 wares
   2 ware
   2 wanek
   2 walsh
   2 vibrator
   2 vesicular
   2 verified
   2 vent
   2 veinlets
   2 varies
   2 values
   2 usually
   2 upstream
   2 upright
   2 upon
   2 unsorted
   2 univ
   2 uniformly
   2 undrained
   2 underlies
   2 ulatisian
   2 tuffbreccia
   2 tubes
   2 truncacila
   2 true
   2 trends
   2 trench
   2 transported
   2 transit
   2 townships
   2 toward
   2 tonnage
   2 tongues
   2 tlw
   2 tively
   2 tipple
   2 tions
   2 tiated
   2 thins
   2 thickets
   2 textured
   2 tests
   2 terraces
   2 tered
   2 tentative
   2 temporary
   2 temperatures
   2 technical
   2 tech
   2 tavlor
   2 tact
   2 synclinal
   2 swell
   2 swamps
   2 suspension
   2 suspended
   2 supply
   2 supplied
   2 supplement
   2 suites
   2 subsurface
   2 subsp
   2 subsequently
   2 subdividing
   2 subbltumlnous
   2 studies
   2 street
   2 strandberg
   2 stramineum
   2 stevens
   2 stand
   2 staining
   2 stain
   2 spread
   2 spp
   2 spots
   2 split
   2 spacing
   2 sorting
   2 solutions
   2 soils
   2 society
   2 snndstone
   2 slump
   2 slow
   2 siwtion
   2 situation
   2 situated
   2 single
   2 silicified
   2 silicate
   2 sharp
   2 shadow
   2 settle
   2 seliger
   2 seepage
   2 sediments
   2 secondary
   2 scope
   2 scaphander
   2 saprolite
   2 sammamish
   2 ruffner
   2 royal
   2 root
   2 rocl
   2 robulus
   2 rigg
   2 ridges
   2 rich
   2 rice
   2 reworked
   2 revised
   2 return
   2 resulting
   2 rest
   2 respects
   2 resistance
   2 represents
   2 representative
   2 reports
   2 remove
   2 relationship
   2 reddish
   2 recrystallized
   2 records
   2 record
   2 recently
   2 raven
   2 rates
   2 rate
   2 rangle
   2 ran
   2 quoted
   2 quartzose
   2 quarried
   2 pyrite
   2 purposes
   2 purpose
   2 pteria
   2 provinces
   2 project
   2 professional
   2 produetion
   2 process
   2 procedure
   2 private
   2 power
   2 poverty
   2 poulson
   2 possibilities
   2 posits
   2 positions
   2 posite
   2 plutonic
   2 plunge
   2 pls
   2 ple
   2 platy
   2 plagiocardium
   2 pits
   2 pitar
   2 photographs
   2 petrographic
   2 perpendicular
   2 pellets
   2 pelecypoda
   2 pebble
   2 pce
   2 passes
   2 pass
   2 partial
   2 parallelus
   2 oxides
   2 outlying
   2 outlined
   2 otter
   2 otherwise
   2 ostrea
   2 orogeny
   2 oregon
   2 orbicularis
   2 oral
   2 operating
   2 ooal
   2 ofpuget
   2 obliterated
   2 objectives
   2 numbers
   2 nuculana
   2 nose
   2 northeastern
   2 northcraft
   2 none
   2 nodes
   2 nncl
   2 nlso
   2 nlh
   2 never
   2 network
   2 nel
   2 needles
   2 necessary
   2 nearest
   2 ndjusted
   2 native
   2 national
   2 narizian
   2 names
   2 mytilus
   2 must
   2 mixing
   2 mineralized
   2 milligals
   2 miller
   2 metropolitan
   2 metallic
   2 mer
   2 melted
   2 megafossils
   2 megafauna
   2 mediumgrained
   2 means
   2 mcintosh
   2 mation
   2 masses
   2 markets
   2 markers
   2 margins
   2 mappable
   2 maplevalley
   2 mantled
   2 man
   2 mallory
   2 magnetite
   2 lumber
   2 lowish
   2 lowell
   2 lobe
   2 livingston
   2 linite
   2 limonite
   2 limit
   2 likely
   2 lignite
   2 lightweight
   2 lewisiana
   2 levels
   2 length
   2 led
   2 lcm
   2 lay
   2 laths
   2 latest
   2 largest
   2 lamelliconcha
   2 laiming
   2 kinds
   2 kettle
   2 kaolinized
   2 kangley
   2 judged
   2 jour
   2 joined
   2 james
   2 isodynamic
   2 inwl
   2 invertebrates
   2 introduction
   2 intertongues
   2 intertongue
   2 intermittently
   2 interlaminated
   2 intergrowth
   2 interest
   2 insufficient
   2 information
   2 increases
   2 inconspicuous
   2 impossible
   2 imbedded
   2 ill
   2 ian
   2 hyde
   2 horizons
   2 hington
   2 highly
   2 henton
   2 henriksen
   2 hematitic
   2 heavy
   2 harder
   2 halloysite
   2 grouped
   2 greenish
   2 greek
   2 great
   2 gravels
   2 granodiorite
   2 granitic
   2 graded
   2 gorge
   2 glauconitic
   2 gentle
   2 gabbiana
   2 free
   2 francis
   2 frag
   2 fracture
   2 fowler
   2 fourth
   2 foundry
   2 fortnation
   2 formrution
   2 formntion
   2 forester
   2 footnote
   2 following
   2 fluid
   2 flat
   2 flannery
   2 fixed
   2 fiske
   2 fisher
   2 fied
   2 fibrous
   2 fenneman
   2 fell
   2 favorable
   2 fast
   2 faintly
   2 extrusive
   2 extension
   2 expand
   2 excess
   2 exceptions
   2 excellent
   2 evident
   2 eupatagus
   2 estimating
   2 erratic
   2 ernest
   2 erally
   2 equal
   2 eocenica
   2 environment
   2 entrenched
   2 engineering
   2 enclosing
   2 emission
   2 elh
   2 either
   2 economically
   2 eastward
   2 easey
   2 earthflow
   2 drut
   2 drag
   2 downdropped
   2 downdip
   2 dominantly
   2 distinctly
   2 dissimilar
   2 disrupted
   2 dispersed
   2 discussed
   2 discrete
   2 discovered
   2 discontinuous
   2 discharge
   2 disaggregated
   2 dimension
   2 difficulty
   2 differences
   2 difference
   2 differ
   2 dickerson
   2 dichotomus
   2 determine
   2 descriptions
   2 describing
   2 depending
   2 dentalium
   2 demand
   2 deformed
   2 define
   2 decorative
   2 decomposed
   2 dawsonite
   2 date
   2 dashed
   2 danville
   2 dana
   2 dacite
   2 crushed
   2 crosslaminated
   2 crossing
   2 critical
   2 crestline
   2 counties
   2 costatus
   2 correlations
   2 correlating
   2 core
   2 corbicula
   2 coosensis
   2 coombs
   2 continue
   2 contents
   2 constitutes
   2 consolidated
   2 conglomeratic
   2 conformable
   2 cone
   2 concentric
   2 conceals
   2 conceal
   2 computed
   2 compound
   2 composite
   2 complex
   2 compilation
   2 comparison
   2 company
   2 commercially
   2 collapses
   2 collapse
   2 coextensive
   2 coated
   2 coarsegrained
   2 cll
   2 clips
   2 climate
   2 claysize
   2 classed
   2 chart
   2 channeling
   2 chalk
   2 ceramic
   2 centrifuge
   2 centraliachehalis
   2 casts
   2 careous
   2 campbell
   2 calkins
   2 california
   2 burned
   2 buried
   2 bulk
   2 brothers
   2 british
   2 brick
   2 breweri
   2 bressler
   2 branch
   2 bounding
   2 book
   2 bony
   2 bonaceous
   2 bogs
   2 bodies
   2 blum
   2 bluffs
   2 blue
   2 block
   2 blende
   2 ble
   2 blaze
   2 biostratigraphy
   2 billion
   2 beyond
   2 better
   2 bennett
   2 bay
   2 batissa
   2 barlow
   2 baking
   2 back
   2 auburn
   2 attempt
   2 astm
   2 assisted
   2 assignment
   2 areal
   2 arc
   2 applin
   2 appear
   2 anywhere
   2 anticlines
   2 annual
   2 among
   2 american
   2 allison
   2 activity
   2 acknowledgments
   2 acila
   2 acer
   2 accurate
   2 accumulated
   2 account
   2 abundance
   2 abstract
   2 able
   1 zonation
   1 ypo
   1 york
   1 yon
   1 yolcanic
   1 yith
   1 yise
   1 yer
   1 yellowstone
   1 yeen
   1 yater
   1 yalley
   1 xuttall
   1 worm
   1 world
   1 wonder
   1 wolf
   1 wlh
   1 wiui
   1 willisi
   1 william
   1 willapa
   1 wiese
   1 whole
   1 whiteware
   1 weyerhaeuser
   1 wet
   1 westtrending
   1 wenatchee
   1 wellsorted
   1 weldon
   1 welding
   1 weight
   1 weh
   1 wedge
   1 weaveri
   1 weaverandpalmer
   1 weak
   1 waterlevel
   1 waterfall
   1 wasllington
   1 wash
   1 warp
   1 war
   1 walter
   1 wacke
   1 vvashington
   1 vvarren
   1 vvalker
   1 vvaldron
   1 vrophyritic
   1 volumes
   1 volmtnic
   1 voleanic
   1 volcano
   1 vohanic
   1 visually
   1 viscosity
   1 virtually
   1 virgin
   1 villages
   1 viewed
   1 view
   1 vever
   1 vereent
   1 verages
   1 vensdale
   1 venian
   1 venericardiasp
   1 veneer
   1 vary
   1 varieties
   1 variations
   1 variation
   1 variants
   1 val
   1 vahey
   1 uvland
   1 uvabana
   1 uuadrangles
   1 utilizing
   1 utilized
   1 uses
   1 usc
   1 ured
   1 urea
   1 ure
   1 upward
   1 uppermost
   1 uplifted
   1 uoundaries
   1 unwarranted
   1 unusual
   1 unstable
   1 unrecognized
   1 unpredict
   1 unnumbered
   1 unnam
   1 unlmown
   1 unless
   1 unite
   1 unimportant
   1 uniformity
   1 unfossiliferous
   1 unfortunately
   1 undesirable
   1 undergone
   1 unctuous
   1 unconsolidated
   1 unconformity
   1 ultrasonic
   1 ultimately
   1 uljlwr
   1 ukwila
   1 ujre
   1 ujnd
   1 uation
   1 tyz
   1 typically
   1 turritellid
   1 turn
   1 ture
   1 tuminous
   1 tulsa
   1 tukwua
   1 tuft
   1 tuffs
   1 tuffnceous
   1 tude
   1 tub
   1 ttuly
   1 tttrritclla
   1 ttauey
   1 ttaayylloorr
   1 tsuga
   1 trunks
   1 trumtaru
   1 trough
   1 troubled
   1 trne
   1 trix
   1 trip
   1 trending
   1 trenching
   1 traverse
   1 travel
   1 tratilied
   1 trap
   1 transportation
   1 translucent
   1 transferred
   1 trained
   1 trails
   1 townsites
   1 towns
   1 tower
   1 tourmaline
   1 totals
   1 tot
   1 tory
   1 took
   1 tolfe
   1 toil
   1 tobacco
   1 tnylor
   1 tnlnvila
   1 tngle
   1 tluin
   1 tlon
   1 tlll
   1 tljj
   1 tling
   1 tjlanata
   1 tive
   1 tit
   1 tirely
   1 tionary
   1 timber
   1 tilted
   1 tillis
   1 tigermountain
   1 tical
   1 tial
   1 thurston
   1 thousand
   1 thoroughly
   1 thnt
   1 third
   1 thinly
   1 thiekness
   1 thid
   1 thicknesh
   1 thicknes
   1 thickners
   1 thickly
   1 thicket
   1 thi
   1 thereby
   1 theno
   1 thenavy
   1 tfuulre
   1 textures
   1 text
   1 texanus
   1 tested
   1 tes
   1 ters
   1 territory
   1 terrane
   1 termination
   1 termed
   1 terials
   1 tenth
   1 tentatiyely
   1 tends
   1 tended
   1 ten
   1 temperature
   1 tellina
   1 techniques
   1 tcxamts
   1 tashington
   1 tarle
   1 taras
   1 tanen
   1 tan
   1 talus
   1 takes
   1 tailings
   1 tablj
   1 synclines
   1 swxnex
   1 swx
   1 swnset
   1 swlti
   1 swings
   1 swauk
   1 swank
   1 surficial
   1 surfaces
   1 supplemented
   1 superintendent
   1 superimposed
   1 sunuuumlsh
   1 sunshinll
   1 sunl
   1 suney
   1 sumner
   1 summation
   1 sum
   1 suited
   1 suitability
   1 suggesting
   1 sufficiently
   1 successively
   1 successive
   1 suburban
   1 substance
   1 subsided
   1 subrounded
   1 subroundecl
   1 subronnded
   1 subordinate
   1 submitted
   1 subject
   1 subdued
   1 subbullota
   1 subbullata
   1 subbituminohs
   1 struted
   1 struoture
   1 structually
   1 struction
   1 strtwtural
   1 striped
   1 strikes
   1 striae
   1 strengthened
   1 streaks
   1 streaked
   1 strained
   1 strain
   1 str
   1 stoneway
   1 stoliczka
   1 stock
   1 stnndstone
   1 stirred
   1 stems
   1 stees
   1 steeper
   1 steepened
   1 steels
   1 started
   1 stanridge
   1 stands
   1 standing
   1 standards
   1 stance
   1 spur
   1 springs
   1 spring
   1 sporadic
   1 spheroidal
   1 spherical
   1 sphagnum
   1 speculative
   1 speculations
   1 speculated
   1 specimens
   1 specimen
   1 specifications
   1 special
   1 sparsely
   1 soutlnvest
   1 southwestward
   1 southplunging
   1 southernmost
   1 southeastward
   1 southeastern
   1 sou
   1 sort
   1 sonth
   1 soluble
   1 solena
   1 solen
   1 soledadensis
   1 sog
   1 sntstone
   1 snowfields
   1 snbroundecl
   1 smooth
   1 smnner
   1 smidy
   1 slurry
   1 slumping
   1 sllnd
   1 slll
   1 slight
   1 slacking
   1 slabs
   1 sketched
   1 sizes
   1 six
   1 sive
   1 sites
   1 sioz
   1 sinum
   1 since
   1 similarity
   1 siltstoue
   1 silicates
   1 significantly
   1 significant
   1 signed
   1 sierra
   1 sidered
   1 shrubs
   1 shortly
   1 shortens
   1 shoreline
   1 shnle
   1 shifted
   1 shells
   1 sheil
   1 shedorardia
   1 shedocardia
   1 shear
   1 shaly
   1 shallow
   1 shales
   1 shades
   1 seyernl
   1 sewer
   1 seven
   1 ses
   1 serve
   1 ser
   1 sequences
   1 sepnrntely
   1 separating
   1 semifriable
   1 semifiint
   1 sellittle
   1 selected
   1 select
   1 sel
   1 seemingly
   1 sedimentation
   1 secretary
   1 season
   1 scoured
   1 scour
   1 scheme
   1 scarps
   1 scarp
   1 scaphpoda
   1 scaphopods
   1 scaphopoda
   1 scanned
   1 saturated
   1 satnple
   1 sargeantl
   1 saquah
   1 sanely
   1 sandstones
   1 sandsone
   1 san
   1 sale
   1 sakamoto
   1 rut
   1 rustum
   1 runs
   1 rto
   1 rthe
   1 rthat
   1 roximate
   1 routine
   1 route
   1 roure
   1 rosemarshall
   1 rooted
   1 rooks
   1 rolfe
   1 roeks
   1 roefdthneeagr
   1 roadcnt
   1 roadbank
   1 roaclcut
   1 rnu
   1 rnernbers
   1 rnd
   1 rnassin
   1 rnap
   1 rllll
   1 riyer
   1 riverbank
   1 riter
   1 rise
   1 riprap
   1 rind
   1 right
   1 rhyolite
   1 reversal
   1 revealed
   1 reuton
   1 retreated
   1 retaining
   1 retained
   1 restricting
   1 restricted
   1 restrict
   1 resouroes
   1 resort
   1 residue
   1 residual
   1 reservoirs
   1 reserves
   1 resents
   1 resemble
   1 required
   1 require
   1 repeanlmreirvejru
   1 rendered
   1 removing
   1 remained
   1 reliable
   1 relations
   1 relates
   1 relate
   1 regions
   1 regarding
   1 reflected
   1 reflect
   1 referable
   1 refer
   1 reeorded
   1 redmondi
   1 redcedar
   1 recording
   1 recognize
   1 recognizable
   1 recemented
   1 rec
   1 reau
   1 reasonable
   1 reason
   1 reases
   1 realgar
   1 real
   1 reacted
   1 reaching
   1 reached
   1 rded
   1 rcntonformatian
   1 rcen
   1 rbonate
   1 rayensdale
   1 rating
   1 ratig
   1 rath
   1 rated
   1 rarely
   1 rare
   1 raphy
   1 raphlc
   1 ralph
   1 railway
   1 radiating
   1 radial
   1 raatl
   1 quujternary
   1 quisetwm
   1 quinqueloculina
   1 quinqucloculina
   1 quickly
   1 questionable
   1 question
   1 queries
   1 queried
   1 quantity
   1 qualities
   1 quadranqles
   1 qttinqucloculina
   1 pyroxene
   1 puted
   1 pumping
   1 pugetensi
   1 pugct
   1 pttgetensis
   1 pseudolivalineata
   1 pseudoliva
   1 psaolumthere
   1 proximity
   1 proximate
   1 proves
   1 prospeel
   1 proposed
   1 proportions
   1 property
   1 prolific
   1 projected
   1 progressively
   1 progressive
   1 progressed
   1 professor
   1 prof
   1 produeed
   1 product
   1 processed
   1 procedures
   1 princi
   1 primarily
   1 preservation
   1 presents
   1 presented
   1 prepare
   1 preferred
   1 preferentially
   1 predominate
   1 preclude
   1 precisely
   1 precise
   1 precipitation
   1 preceded
   1 prdblem
   1 prairie
   1 pper
   1 powerful
   1 powder
   1 poten
   1 postglacin
   1 possiblllties
   1 positiye
   1 posit
   1 ported
   1 porcellanitelike
   1 pods
   1 pocket
   1 pocahontas
   1 plunging
   1 plotted
   1 plngioclase
   1 pliocene
   1 plates
   1 platb
   1 plastic
   1 plane
   1 planar
   1 plagioolase
   1 pla
   1 pitaria
   1 pis
   1 piper
   1 pile
   1 piate
   1 physiography
   1 physiographic
   1 phosphate
   1 philadelphia
   1 phenomena
   1 peuucida
   1 petrology
   1 permitted
   1 period
   1 percentages
   1 percentage
   1 penetrated
   1 pellucida
   1 peculiar
   1 pecora
   1 pebible
   1 paved
   1 patterns
   1 pattee
   1 parting
   1 particles
   1 parallels
   1 par
   1 pands
   1 panded
   1 palmerjunctionarea
   1 paleozoic
   1 paleontology
   1 paleogene
   1 paleobot
   1 palebotany
   1 pajmer
   1 pacificor
   1 pace
   1 oxposed
   1 oxide
   1 owned
   1 owe
   1 overshadowed
   1 override
   1 overpass
   1 overiying
   1 outside
   1 outpourings
   1 oughout
   1 orting
   1 orpiment
   1 orkings
   1 organisms
   1 order
   1 orcck
   1 orbicula
   1 opportunity
   1 oplopanax
   1 operators
   1 openfile
   1 open
   1 ooin
   1 oocur
   1 onsidered
   1 onntain
   1 onnl
   1 olympia
   1 olfe
   1 oleguahemi
   1 okay
   1 oibicidoidc
   1 ohanapecosh
   1 offshore
   1 offsetting
   1 offsel
   1 ocridentis
   1 oceania
   1 occurrences
   1 occupies
   1 occnr
   1 occasions
   1 ocalensis
   1 ocalensi
   1 obtainable
   1 obtain
   1 obsettntion
   1 oascade
   1 oari
   1 oanyon
   1 oakdale
   1 nzinuta
   1 nwu
   1 nwljt
   1 nwl
   1 nwh
   1 nrkosic
   1 nre
   1 npper
   1 nounauthorized
   1 notable
   1 northwestward
   1 northwesttrending
   1 northwestern
   1 northwesterly
   1 northeastward
   1 norelco
   1 nonrefraotory
   1 nonmnrine
   1 nonmarino
   1 nonm
   1 nonfissile
   1 nomnarine
   1 nodules
   1 nnticllne
   1 nnmbers
   1 nnit
   1 nncient
   1 nitidavenus
   1 ninlets
   1 nine
   1 nickel
   1 niblock
   1 newberryi
   1 newberry
   1 newberrui
   1 nevada
   1 net
   1 nesses
   1 ness
   1 neh
   1 needed
   1 need
   1 necessitated
   1 nea
   1 nclase
   1 natural
   1 nat
   1 naginrj
   1 nae
   1 naceous
   1 muscovite
   1 mowntaht
   1 moves
   1 mountnin
   1 mouj
   1 mottled
   1 morillonite
   1 moreover
   1 morairi
   1 moraines
   1 mor
   1 montmorillonitechlorite
   1 mont
   1 monntain
   1 mon
   1 mollusk
   1 molding
   1 moen
   1 modiato
   1 moderate
   1 mnin
   1 mni
   1 mmlong
   1 mmer
   1 mix
   1 miueral
   1 missing
   1 miscorrelation
   1 misc
   1 minutes
   1 minuta
   1 minll
   1 minernls
   1 mineralogist
   1 mild
   1 microscopic
   1 microfossil
   1 micnceous
   1 mexico
   1 metamorphosed
   1 met
   1 mesh
   1 merge
   1 mercury
   1 ments
   1 mentary
   1 ment
   1 meltwater
   1 megistostoma
   1 megascopically
   1 meet
   1 measures
   1 measure
   1 mealy
   1 mcquade
   1 mbeomdbye
   1 matted
   1 mathewsoni
   1 materialis
   1 mated
   1 masters
   1 maru
   1 markus
   1 market
   1 mark
   1 marginulina
   1 marginal
   1 manufacturing
   1 maintained
   1 mains
   1 magnitude
   1 magneticmineral
   1 macoma
   1 macginitie
   1 lwrridu
   1 lvian
   1 lttadrangles
   1 lta
   1 lrine
   1 lri
   1 lowermost
   1 lost
   1 lookout
   1 longer
   1 lon
   1 logist
   1 logged
   1 lof
   1 loealities
   1 loculi
   1 locn
   1 locations
   1 locating
   1 locallrtles
   1 locall
   1 load
   1 lnterstratified
   1 lnko
   1 lnd
   1 lmyer
   1 lmve
   1 lly
   1 llnite
   1 lllotes
   1 lllel
   1 lllaplc
   1 lliattvatha
   1 llart
   1 lkouwmemr
   1 lker
   1 lkab
   1 lizzard
   1 lized
   1 lithologies
   1 lithologically
   1 lithofacies
   1 literature
   1 lished
   1 lira
   1 lineata
   1 lin
   1 limonitic
   1 lill
   1 lightwelght
   1 lighter
   1 liesch
   1 library
   1 lger
   1 lewis
   1 leonard
   1 leg
   1 left
   1 lee
   1 lected
   1 leayes
   1 leaffosslls
   1 leaching
   1 ldicated
   1 lble
   1 layers
   1 latern
   1 larl
   1 lapse
   1 lap
   1 landsllde
   1 landsbnrg
   1 landowners
   1 landforms
   1 laid
   1 lacking
   1 laccoliths
   1 laccolith
   1 labelled
   1 lab
   1 kununer
   1 kummorian
   1 kosic
   1 knowledge
   1 knmyn
   1 kitsap
   1 kingcounty
   1 kimmer
   1 kept
   1 kelly
   1 keep
   1 kaqlinized
   1 kaolnite
   1 kaolinization
   1 kanaskatarea
   1 kanaskat
   1 juxtaposition
   1 junw
   1 july
   1 joints
   1 jointly
   1 joins
   1 join
   1 john
   1 joe
   1 joaquin
   1 jnapping
   1 jlrofiles
   1 jlfa
   1 jjfountain
   1 jigny
   1 jgoenmes
   1 january
   1 jaeksoncn
   1 jacksoncnsis
   1 ized
   1 itiver
   1 ithe
   1 ith
   1 ite
   1 itbe
   1 italic
   1 isotropic
   1 island
   1 isandstone
   1 irtial
   1 irregularly
   1 irregularities
   1 ioure
   1 inw
   1 involved
   1 investigations
   1 inulina
   1 intrudes
   1 intpressions
   1 intervening
   1 intertonguing
   1 interstrntifiecl
   1 interstratijied
   1 interstitial
   1 intersection
   1 intersecting
   1 interrupted
   1 interpreting
   1 interpreted
   1 internat
   1 internal
   1 intermediate
   1 interlnminnted
   1 interior
   1 intergrown
   1 intergrannlar
   1 interfingers
   1 interfinger
   1 inter
   1 intensities
   1 intense
   1 integral
   1 instrument
   1 instead
   1 inst
   1 inside
   1 inorganic
   1 inhabited
   1 ings
   1 ingredients
   1 informally
   1 informal
   1 ined
   1 individuals
   1 individually
   1 indication
   1 indicating
   1 indica
   1 indeterminable
   1 increasing
   1 increased
   1 inconspicuously
   1 incompletely
   1 inc
   1 inassive
   1 inasmuch
   1 inadequate
   1 imprudent
   1 impregnated
   1 impounded
   1 importance
   1 impermeable
   1 imperfectly
   1 imperalis
   1 impenetrable
   1 impcralis
   1 immediate
   1 iludson
   1 illustrations
   1 illitemontmorillonite
   1 ijis
   1 ijhmani
   1 ije
   1 identifierl
   1 identifiable
   1 identical
   1 ide
   1 ics
   1 icinity
   1 iarker
   1 hzo
   1 hypothesis
   1 hypocrystalline
   1 hydrous
   1 hydrocarbons
   1 hut
   1 humus
   1 humidity
   1 hto
   1 hthologies
   1 hot
   1 hornil
   1 hornfels
   1 horizontajly
   1 horizonal
   1 hopson
   1 homogeneous
   1 holocrystalline
   1 holocene
   1 hold
   1 hlack
   1 hilltops
   1 highvolatile
   1 hickel
   1 hezekiah
   1 heterophylla
   1 herein
   1 heqnence
   1 hensis
   1 hence
   1 hemlock
   1 heen
   1 hed
   1 hecla
   1 heatinj
   1 heated
   1 headwaters
   1 heads
   1 hcsourcos
   1 hcndonf
   1 hazard
   1 hawaii
   1 haulage
   1 hardened
   1 hantken
   1 hans
   1 hank
   1 hanitic
   1 hand
   1 hanapecosh
   1 hammar
   1 ham
   1 halfway
   1 haging
   1 hackly
   1 hachures
   1 gyroidina
   1 gure
   1 guidebook
   1 gude
   1 growing
   1 grove
   1 grouping
   1 groupfosslls
   1 groujl
   1 grog
   1 groen
   1 grnins
   1 gristispira
   1 greeil
   1 greatly
   1 grazing
   1 gravelly
   1 graphically
   1 granule
   1 grainerl
   1 gradually
   1 gradual
   1 grading
   1 grades
   1 gradations
   1 gra
   1 goo
   1 gmy
   1 glycolated
   1 glomeratic
   1 glomerate
   1 glassy
   1 glacier
   1 glaciation
   1 ginder
   1 ggroidina
   1 ger
   1 geologist
   1 geologically
   1 geography
   1 geographically
   1 geographic
   1 genus
   1 genetically
   1 generic
   1 geiger
   1 gaudryina
   1 gastropods
   1 gases
   1 gaseous
   1 garnet
   1 gari
   1 gangways
   1 futeenmlle
   1 futeenmile
   1 fused
   1 furnace
   1 furms
   1 fulton
   1 fuels
   1 fuel
   1 frothy
   1 frivble
   1 fria
   1 frequently
   1 frariklin
   1 frantz
   1 fracturing
   1 fractured
   1 fractory
   1 fqrmations
   1 fourfold
   1 fossilloc
   1 fossh
   1 formational
   1 formal
   1 forks
   1 forests
   1 forest
   1 fore
   1 foraminuera
   1 foraminiferu
   1 footnotes
   1 fonnation
   1 foltmatio
   1 follow
   1 folio
   1 foldecl
   1 fold
   1 fnult
   1 fncilitate
   1 floras
   1 floor
   1 flooding
   1 flinty
   1 flasks
   1 flanked
   1 fland
   1 fjponhlcs
   1 five
   1 fissile
   1 fish
   1 firmly
   1 fired
   1 fire
   1 fir
   1 fiouhe
   1 fiom
   1 finding
   1 find
   1 finally
   1 fil
   1 figu
   1 figs
   1 fifes
   1 ficopsi
   1 fices
   1 fiaggy
   1 ffrraaznikerl
   1 fewer
   1 ferring
   1 ferric
   1 ferns
   1 fernie
   1 feeling
   1 feature
   1 farmirig
   1 fanlt
   1 falls
   1 fain
   1 factory
   1 factors
   1 fact
   1 facilitates
   1 facilitated
   1 faceous
   1 faalt
   1 extrusion
   1 extraeted
   1 extract
   1 external
   1 extending
   1 expresses
   1 exploratory
   1 explanation
   1 explaining
   1 expensive
   1 expected
   1 expanded
   1 exists
   1 existence
   1 existed
   1 exfoliates
   1 exclusive
   1 excessively
   1 excavations
   1 excavate
   1 examined
   1 examine
   1 exact
   1 ewposccl
   1 evidently
   1 everywhere
   1 eventuauy
   1 events
   1 even
   1 evaluate
   1 etum
   1 ettle
   1 eter
   1 estuarine
   1 estimrute
   1 estimntc
   1 estern
   1 establishing
   1 est
   1 eruptive
   1 ere
   1 erals
   1 equivalents
   1 equisetum
   1 equipment
   1 equi
   1 eponidesgeguaensis
   1 epoch
   1 episodes
   1 epiclastic
   1 eorrelated
   1 eooperative
   1 eooene
   1 eonverted
   1 eocehe
   1 eoalingcnsis
   1 enji
   1 encompass
   1 empty
   1 empties
   1 emposell
   1 emphasizes
   1 emphasis
   1 embedded
   1 embayment
   1 embankments
   1 elongated
   1 elongate
   1 elly
   1 elliptical
   1 ell
   1 elay
   1 effects
   1 eene
   1 ection
   1 economy
   1 economical
   1 echinoids
   1 echinoid
   1 echinoderms
   1 echinoderma
   1 ease
   1 earthflows
   1 earlier
   1 earing
   1 eanyon
   1 ean
   1 dwellings
   1 duwnmish
   1 duwamlsh
   1 duwamish
   1 dutch
   1 dusky
   1 duplication
   1 duplicated
   1 dumps
   1 dump
   1 dubia
   1 drumlinlike
   1 dropped
   1 driven
   1 drill
   1 driliing
   1 drifts
   1 drifl
   1 dried
   1 draining
   1 drain
   1 dowling
   1 doubtless
   1 doned
   1 donald
   1 domenglne
   1 dolomitic
   1 dolomite
   1 dolo
   1 documents
   1 documented
   1 docs
   1 docene
   1 dmvamish
   1 dltlractomotor
   1 dltlerontial
   1 divisions
   1 disturbed
   1 distorted
   1 distinctively
   1 distinction
   1 distilled
   1 displncement
   1 displaeed
   1 displacements
   1 discussion
   1 discussing
   1 discrepancies
   1 discordant
   1 discordance
   1 disconformable
   1 disclosing
   1 director
   1 directions
   1 directed
   1 direct
   1 ding
   1 dimensions
   1 diluted
   1 dike
   1 diffraetometer
   1 diffraction
   1 differs
   1 dient
   1 dicrute
   1 dicate
   1 diatomite
   1 diagram
   1 devilsclub
   1 devil
   1 detracts
   1 detract
   1 detector
   1 destroyed
   1 despite
   1 desired
   1 desirable
   1 designation
   1 describes
   1 dept
   1 depression
   1 depends
   1 densities
   1 deltaic
   1 dell
   1 degrees
   1 definitions
   1 definition
   1 definitely
   1 deel
   1 deduce
   1 ded
   1 declined
   1 decisa
   1 decanting
   1 davisprospllct
   1 davis
   1 darkgray
   1 darker
   1 dams
   1 daly
   1 dacitic
   1 cyelammina
   1 cyclammina
   1 cxposell
   1 cussed
   1 curved
   1 curnborland
   1 curled
   1 cubhmani
   1 ctnaininu
   1 ctiox
   1 crysts
   1 crystals
   1 crystallize
   1 crustal
   1 crumbles
   1 crosslamination
   1 crossed
   1 crosscut
   1 crossbedding
   1 cristispira
   1 cretaceous
   1 crescentemi
   1 creep
   1 creations
   1 crease
   1 crassatella
   1 crabsatella
   1 crabs
   1 crab
   1 cowllte
   1 cowlitzensis
   1 covers
   1 covereel
   1 courtesy
   1 counter
   1 correia
   1 corp
   1 cores
   1 corbula
   1 copper
   1 controls
   1 contrast
   1 continues
   1 continously
   1 contenrt
   1 contemporaneity
   1 containswoody
   1 constancy
   1 consistent
   1 considerably
   1 conservative
   1 conservation
   1 conradi
   1 conrad
   1 connection
   1 connected
   1 connect
   1 conld
   1 congress
   1 conglomera
   1 conforms
   1 conformity
   1 conditioner
   1 concrl
   1 concrete
   1 concerned
   1 concentration
   1 concentrated
   1 conc
   1 comprising
   1 comprises
   1 comprehensive
   1 compounds
   1 compositions
   1 composing
   1 componsed
   1 component
   1 complications
   1 complexly
   1 completed
   1 complete
   1 competitive
   1 comparing
   1 comparable
   1 compacted
   1 coming
   1 combination
   1 column
   1 colored
   1 colluvial
   1 colloidal
   1 collecteq
   1 collapsed
   1 coking
   1 coincident
   1 coincide
   1 coherent
   1 cofll
   1 coats
   1 coastal
   1 coarsetextured
   1 coarsely
   1 coarsegrain
   1 coalmore
   1 coallwd
   1 coalbearing
   1 coa
   1 cnrrent
   1 cmposcd
   1 cmposc
   1 clown
   1 closure
   1 closer
   1 close
   1 clnystone
   1 clinal
   1 clearly
   1 clearings
   1 clayware
   1 claystqne
   1 claw
   1 clasts
   1 clase
   1 citing
   1 cities
   1 circinaturn
   1 cipal
   1 cibiridoides
   1 cibicides
   1 cially
   1 chloritie
   1 cherty
   1 chemically
   1 characteryielded
   1 characterizes
   1 characterize
   1 chalcedony
   1 cevtainty
   1 certainty
   1 certain
   1 centralia
   1 centers
   1 census
   1 cementation
   1 celadonitelike
   1 caving
   1 cating
   1 category
   1 catchment
   1 cascn
   1 carrying
   1 carried
   1 carolinensis
   1 carolinemi
   1 carnegie
   1 carbonaeeous
   1 cao
   1 cannon
   1 canic
   1 came
   1 calqic
   1 cally
   1 californica
   1 calculations
   1 calculation
   1 calculate
   1 cal
   1 byigs
   1 business
   1 burg
   1 buliminajacksonemi
   1 built
   1 builders
   1 buchanan
   1 broadleaf
   1 bro
   1 brittle
   1 bring
   1 brief
   1 bridge
   1 brew
   1 breccias
   1 breaks
   1 breakaway
   1 break
   1 bracketed
   1 boye
   1 bounded
   1 boulder
   1 bouguer
   1 bottom
   1 borderline
   1 bordering
   1 bonneville
   1 bonnceous
   1 boldes
   1 bnt
   1 blutl
   1 bluish
   1 bleache
   1 blanketed
   1 blanket
   1 blades
   1 blackishbrown
   1 blackberry
   1 biotite
   1 bik
   1 bigleaf
   1 bewildering
   1 bet
   1 beside
   1 beoause
   1 beneficiating
   1 benches
   1 ben
   1 belmy
   1 believed
   1 begun
   1 beginning
   1 beell
   1 bedroek
   1 becomes
   1 becl
   1 beck
   1 became
   1 bearing
   1 beaker
   1 bble
   1 bayno
   1 bati
   1 bass
   1 basins
   1 basin
   1 bases
   1 basal
   1 bars
   1 barrier
   1 banks
   1 bank
   1 bands
   1 band
   1 ball
   1 bailey
   1 bacsoealofbekdu
   1 backed
   1 axes
   1 away
   1 avoid
   1 avernge
   1 averaged
   1 avenalensis
   1 authority
   1 authigenic
   1 attractive
   1 attitude
   1 atlas
   1 ation
   1 asymmetric
   1 assure
   1 assumptions
   1 assuming
   1 assoeiated
   1 association
   1 associates
   1 assisting
   1 assistance
   1 assigning
   1 assignable
   1 assemblage
   1 asphalt
   1 asia
   1 ascribed
   1 artis
   1 art
   1 arren
   1 arranged
   1 arlwsic
   1 arkose
   1 argillaceous
   1 arej
   1 apr
   1 appropriate
   1 appreciated
   1 appreciably
   1 applying
   1 appears
   1 apparei
   1 anthracitic
   1 ant
   1 anomaly
   1 anomalous
   1 ann
   1 anms
   1 angstrom
   1 angley
   1 andesites
   1 andersonl
   1 anderson
   1 amphimorphina
   1 ami
   1 amber
   1 alzoa
   1 always
   1 aluminum
   1 alumina
   1 alternative
   1 alternating
   1 alove
   1 alnus
   1 alluviurn
   1 alluvial
   1 allowed
   1 allowance
   1 alllaly
   1 alker
   1 aliteration
   1 alined
   1 alike
   1 alder
   1 alaska
   1 aine
   1 aid
   1 ahs
   1 ahrupt
   1 agriculture
   1 ago
   1 aggregates
   1 agencies
   1 afforded
   1 aerial
   1 advantage
   1 advanced
   1 administered
   1 adjoining
   1 active
   1 acoustica
   1 acginitie
   1 aceous
   1 accompanies
   1 accessory
   1 abundnnt
   1 absolute
   1 abs
   1 abruptly
   1 abrupt
   1 aboye
   1 ably
   1 abbreviated
   1 abatement
