  73 gneiss
  49 new
  45 london
  30 connecticut
  27 formation
  26 area
  24 rocks
  24 quartzite
  22 schist
  22 part
  22 monson
  21 plainfield
  17 stratigraphic
  17 granite
  17 geol
  16 survey
  15 brimfield
  14 units
  13 sterling
  13 rock
  12 mamacoke
  12 gneisses
  11 unit
  11 thick
  11 map
  11 lundgren
  11 island
  11 consists
  11 age
  10 upper
  10 plutonic
  10 middle
  10 may
  10 lower
  10 layers
  10 amphibolite
   9 section
   9 quadrangle
   9 mapped
   9 group
   9 gregory
   9 gray
   9 geologic
   8 stratigraphy
   8 rhode
   8 others
   8 locally
   8 joshua
   7 thin
   7 names
   7 name
   7 layered
   7 facies
   7 eastern
   7 beds
   7 bedrock
   6 sequence
   6 river
   6 rice
   6 quad
   6 however
   6 geology
   6 geological
   6 contributions
   6 areas
   6 ages
   5 within
   5 white
   5 throughout
   5 southeastern
   5 snyder
   5 sillimanite
   5 quartz
   5 present
   5 older
   5 massachusetts
   5 lyme
   5 granodiorite
   5 grade
   5 general
   5 contains
   5 contain
   5 belt
   5 also
   4 washington
   4 uncasville
   4 table
   4 structure
   4 separated
   4 recognized
   4 places
   4 micaceous
   4 mica
   4 massive
   4 history
   4 haddam
   4 garnetiferous
   4 fig
   4 feldspathic
   4 fairly
   4 east
   4 column
   3 work
   3 west
   3 volcanic
   3 underlying
   3 thicknesses
   3 thickness
   3 subordinate
   3 sillimanitic
   3 show
   3 seen
   3 sedimentary
   3 rosenfeld
   3 richard
   3 revision
   3 redefinition
   3 quinn
   3 ordovician
   3 occur
   3 northwestern
   3 niantic
   3 nat
   3 much
   3 monzonite
   3 montville
   3 minor
   3 metamorphosed
   3 member
   3 lenses
   3 jour
   3 intrusive
   3 interpretations
   3 hill
   3 highest
   3 granitic
   3 goldsmith
   3 formerly
   3 first
   3 feet
   3 fault
   3 exposures
   3 elsewhere
   3 either
   3 dome
   3 different
   3 described
   3 deep
   3 dark
   3 county
   3 common
   3 clearly
   3 bull
   3 biotite
   3 base
   3 associated
   3 appears
   3 accord
   3 abundant
   2 zartman
   2 youngest
   2 younger
   2 written
   2 workers
   2 worked
   2 valley
   2 useful
   2 used
   2 usage
   2 uniform
   2 type
   2 traced
   2 total
   2 thus
   2 thames
   2 tectonic
   2 syntectonic
   2 south
   2 somewhat
   2 since
   2 similar
   2 silurian
   2 side
   2 shows
   2 sheets
   2 series
   2 scituate
   2 scattered
   2 rodgers
   2 rich
   2 rept
   2 relationships
   2 references
   2 radiometric
   2 quartzites
   2 quadrangles
   2 probably
   2 printing
   2 primary
   2 pretectonic
   2 precambrian
   2 potassium
   2 possibly
   2 poor
   2 plutons
   2 placed
   2 phacoliths
   2 parts
   2 partings
   2 paper
   2 paleozoic
   2 page
   2 office
   2 north
   2 nodules
   2 necessary
   2 narragansett
   2 muscovite
   2 mostly
   2 moore
   2 minerals
   2 metavolcanic
   2 metasedimentary
   2 metamorphic
   2 mapping
   2 many
   2 mafic
   2 made
   2 little
   2 lithology
   2 lie
   2 less
   2 lawrence
   2 kock
   2 investigations
   2 interlayered
   2 inches
   2 immediate
   2 hurley
   2 hornblende
   2 hope
   2 honey
   2 hampshire
   2 granites
   2 government
   2 given
   2 form
   2 foot
   2 feldspar
   2 feininger
   2 evidence
   2 eaton
   2 early
   2 dominant
   2 distinctive
   2 dikes
   2 detailed
   2 current
   2 correlated
   2 commonly
   2 clough
   2 changed
   2 central
   2 cambrian
   2 called
   2 brookins
   2 boulders
   2 bottom
   2 biotitic
   2 beneath
   2 bearing
   2 basin
   2 arrangement
   2 approximate
   2 appreciable
   2 appear
   2 anticline
   2 alternating
   2 according
   1 zite
   1 yet
   1 would
   1 without
   1 william
   1 western
   1 well
   1 weathering
   1 waring
   1 voluntown
   1 village
   1 varying
   1 varied
   1 variations
   1 use
   1 uppermost
   1 united
   1 unfortunately
   1 underlies
   1 underlain
   1 unconforniably
   1 unconformably
   1 uncertain
   1 udall
   1 typically
   1 typical
   1 types
   1 turn
   1 tural
   1 true
   1 toward
   1 tops
   1 top
   1 tomas
   1 tipper
   1 tinctly
   1 thrust
   1 three
   1 though
   1 thinned
   1 thickest
   1 thicker
   1 thickened
   1 textured
   1 texture
   1 text
   1 terrain
   1 term
   1 tens
   1 tend
   1 ten
   1 swollen
   1 swirled
   1 supports
   1 superintendent
   1 superimposed
   1 suggested
   1 suggest
   1 sugary
   1 subdivided
   1 structures
   1 structural
   1 stringers
   1 streaks
   1 streaked
   1 stratiqraphy
   1 stratigrapbic
   1 still
   1 stewart
   1 stern
   1 states
   1 stain
   1 stable
   1 spots
   1 sphene
   1 spersed
   1 southern
   1 soc
   1 smith
   1 sions
   1 similarly
   1 sills
   1 silicate
   1 shown
   1 shore
   1 shiny
   1 sharp
   1 sequences
   1 separable
   1 semiconcordant
   1 seems
   1 see
   1 sections
   1 secretary
   1 schists
   1 scale
   1 sale
   1 rusty
   1 rotated
   1 rod
   1 robinson
   1 robert
   1 retained
   1 results
   1 restricted
   1 rest
   1 resent
   1 resemble
   1 research
   1 represent
   1 related
   1 regional
   1 rarely
   1 rare
   1 rapid
   1 ranging
   1 range
   1 radioisotope
   1 quartzose
   1 quartzmica
   1 qiiinn
   1 produced
   1 primarily
   1 price
   1 previous
   1 presumably
   1 presented
   1 presence
   1 preliminary
   1 precise
   1 posttectonic
   1 position
   1 pods
   1 pliosed
   1 plates
   1 plagioclase
   1 place
   1 pink
   1 phacolithic
   1 petrochemistry
   1 perthite
   1 perhaps
   1 pennsylvanian
   1 pelitic
   1 pegmatite
   1 pecora
   1 partridge
   1 particular
   1 pago
   1 outside
   1 outline
   1 ory
   1 original
   1 order
   1 oral
   1 open
   1 oldest
   1 old
   1 odiorite
   1 occurs
   1 observed
   1 nvinvaias
   1 ntroduction
   1 norwich
   1 northwest
   1 northern
   1 northeast
   1 nonsillimanitic
   1 nonlayered
   1 nere
   1 near
   1 natural
   1 nappe
   1 named
   1 must
   1 moritville
   1 modifiers
   1 missing
   1 mineral
   1 migmatite
   1 meters
   1 metasandstones
   1 mdnson
   1 masses
   1 marvin
   1 marked
   1 margins
   1 manual
   1 manner
   1 make
   1 major
   1 mainacoke
   1 main
   1 magnetite
   1 lumped
   1 longer
   1 lime
   1 likewise
   1 lies
   1 lesser
   1 lenticularly
   1 lenticular
   1 least
   1 leads
   1 layersvof
   1 layering
   1 layer
   1 late
   1 large
   1 lacking
   1 kent
   1 john
   1 jaffe
   1 irregular
   1 introduction
   1 interspersed
   1 interpretation
   1 internat
   1 internal
   1 interleaved
   1 interior
   1 interfolded
   1 interbedded
   1 instead
   1 inequigranular
   1 individual
   1 indistinctly
   1 indicate
   1 increasing
   1 included
   1 include
   1 impure
   1 implications
   1 immediately
   1 illustration
   1 iii
   1 identification
   1 hornblendebearing
   1 hills
   1 highlands
   1 higher
   1 hereby
   1 hematite
   1 hadlyme
   1 gross
   1 greenish
   1 gravimetric
   1 grains
   1 grained
   1 gneissic
   1 glastonbury
   1 gests
   1 geologists
   1 geochronological
   1 generalized
   1 gates
   1 garnet
   1 furthermore
   1 fossils
   1 fornily
   1 forms
   1 forming
   1 formed
   1 follows
   1 folds
   1 flowage
   1 flakes
   1 fitchville
   1 finer
   1 figuee
   1 features
   1 favor
   1 far
   1 fall
   1 fact
   1 extremely
   1 extent
   1 explanatory
   1 exclusively
   1 excluding
   1 excluded
   1 except
   1 everywhere
   1 evenly
   1 establishment
   1 equivocal
   1 eodgers
   1 england
   1 encompasses
   1 elongate
   1 ehode
   1 earlier
   1 downward
   1 domes
   1 documents
   1 divided
   1 distributed
   1 distinguishing
   1 distinguished
   1 distinctly
   1 distinct
   1 discussed
   1 discuss
   1 director
   1 diopside
   1 difficulties
   1 difficult
   1 determining
   1 department
   1 degrees
   1 definite
   1 cuppels
   1 coworkers
   1 counties
   1 correspond
   1 correlative
   1 correlation
   1 correlate
   1 core
   1 copenhagen
   1 continuous
   1 continuity
   1 contents
   1 containing
   1 conspicuously
   1 conspicuous
   1 consistent
   1 consist
   1 considerably
   1 connection
   1 conglomerates
   1 concordant
   1 concentrated
   1 complications
   1 complex
   1 compared
   1 combined
   1 colored
   1 collins
   1 coexisting
   1 coast
   1 coarse
   1 clots
   1 clear
   1 cited
   1 characterizes
   1 characterized
   1 characterize
   1 characteristically
   1 characteristic
   1 changes
   1 certainly
   1 cents
   1 caused
   1 calculation
   1 calcsilicate
   1 calcareous
   1 bulletin
   1 bucknam
   1 boundary
   1 book
   1 bolite
   1 body
   1 blocky
   1 blocks
   1 black
   1 better
   1 basis
   1 augite
   1 assigned
   1 assign
   1 ashaway
   1 aos
   1 amphibolites
   1 amounts
   1 america
   1 always
   1 although
   1 along
   1 aegerine
   1 adopted
   1 activity
   1 across
   1 abundantly
   1 abundance
   1 abstract
   1 absent
   1 abs
   1 abandoned
