 283 coal
 145 bed
  91 quadrangle
  73 development
  72 potential
  71 feet
  69 number
  54 map
  49 peak
  49 baldy
  47 isopach
  46 overburden
  38 areas
  37 river
  35 resources
  31 lignite
  30 mining
  29 contour
  28 powder
  24 surface
  24 broadus
  23 tonnage
  23 high
  23 cook
  22 low
  21 tons
  21 thickness
  21 cache
  21 base
  20 short
  20 montana
  20 miles
  20 less
  19 structure
  19 shows
  19 reserve
  19 moderate
  18 upper
  18 rank
  18 percent
  18 pawnee
  16 bass
  15 total
  15 survey
  15 resource
  15 part
  15 outcrops
  15 hypothetical
  15 geological
  14 split
  14 million
  14 identified
  14 bryson
  14 beds
  14 area
  13 shown
  13 report
  13 ranges
  13 known
  13 creek
  12 northern
  12 narrow
  12 assigned
  11 noncoal
  11 located
  11 interval
  11 geology
  11 field
  11 coals
  10 values
  10 table
  10 land
  10 federal
  10 degree
  10 basin
   9 occur
   9 near
   9 member
   9 first
   9 estimated
   9 chemical
   9 category
   9 bands
   9 areal
   9 also
   8 westward
   8 underground
   8 tongue
   8 per
   8 occurs
   8 maps
   8 lands
   8 distribution
   8 butte
   8 available
   8 analysis
   7 within
   7 wide
   7 thick
   7 small
   7 ridges
   7 publicly
   7 northwestern
   7 moorhead
   7 mines
   7 flood
   7 dip
   7 data
   7 county
   7 clinker
   7 cdp
   7 bureau
   7 bulletin
   7 boundary
   7 angle
   6 warren
   6 reserves
   6 recoverable
   6 plates
   6 mile
   6 methods
   6 measured
   6 includes
   6 extend
   6 eastern
   6 described
   5 united
   5 undiscovered
   5 tract
   5 tonnages
   5 states
   5 railroad
   5 purposes
   5 plate
   5 plains
   5 plain
   5 parts
   5 northwest
   5 north
   5 metric
   5 measurement
   5 may
   5 matson
   5 mapped
   5 location
   5 limit
   5 inferred
   5 indicated
   5 hill
   5 geologic
   5 general
   5 gasification
   5 factor
   5 crests
   5 considered
   5 blumer
   5 basis
   4 wyoming
   4 western
   4 value
   4 valley
   4 topographic
   4 swanson
   4 stripping
   4 southern
   4 slopes
   4 section
   4 rocks
   4 ratio
   4 range
   4 quadrangles
   4 precipitation
   4 pound
   4 point
   4 owned
   4 others
   4 occurrence
   4 made
   4 limited
   4 illustrations
   4 heating
   4 greater
   4 found
   4 formation
   4 federally
   4 exposures
   4 environmental
   4 entire
   4 elements
   4 economic
   4 east
   4 dips
   4 department
   4 corner
   4 btu
   4 beyond
   4 based
   4 along
   3 work
   3 used
   3 union
   3 tracts
   3 trace
   3 town
   3 ton
   3 therefore
   3 status
   3 speculative
   3 southeastern
   3 south
   3 shale
   3 see
   3 sec
   3 rosebud
   3 region
   3 references
   3 recovery
   3 reasons
   3 previous
   3 paleocene
   3 nearest
   3 named
   3 multiply
   3 mountain
   3 mapping
   3 local
   3 list
   3 interstate
   3 highway
   3 highest
   3 great
   3 fort
   3 forming
   3 exist
   3 evidence
   3 either
   3 drill
   3 distance
   3 dahl
   3 crops
   3 counties
   3 convert
   3 conversion
   3 contours
   3 climate
   3 categories
   3 burned
   3 burlington
   3 band
   3 baking
   3 analyses
   2 yellowstone
   2 yards
   2 west
   2 variations
   2 valleys
   2 throughout
   2 text
   2 temperatures
   2 temperature
   2 system
   2 supported
   2 sulfur
   2 subbituminous
   2 strippable
   2 strata
   2 specific
   2 southwest
   2 similar
   2 sheridan
   2 sheet
   2 series
   2 sandstone
   2 rounded
   2 rocky
   2 road
   2 removed
   2 relief
   2 regional
   2 rather
   2 rated
   2 quantity
   2 quality
   2 provide
   2 principal
   2 presently
   2 plateau
   2 places
   2 page
   2 overlying
   2 overlain
   2 outcrop
   2 often
   2 northwestward
   2 name
   2 much
   2 moist
   2 modified
   2 mined
   2 minable
   2 meters
   2 measurements
   2 mapel
   2 mainly
   2 lowest
   2 locally
   2 krcra
   2 inventory
   2 introduction
   2 interstream
   2 interior
   2 indicating
   2 including
   2 inches
   2 holes
   2 hills
   2 higher
   2 hatch
   2 gross
   2 grand
   2 gilmour
   2 gillette
   2 generally
   2 flows
   2 flank
   2 fields
   2 extends
   2 extending
   2 erosion
   2 epsie
   2 elevations
   2 elevation
   2 economically
   2 divides
   2 dissected
   2 derives
   2 deposits
   2 cubic
   2 converts
   2 continental
   2 content
   2 contains
   2 contain
   2 concern
   2 commercial
   2 colorado
   2 classified
   2 classification
   2 city
   2 central
   2 calculated
   2 broad
   2 bodies
   2 ber
   2 average
   2 ash
   2 annual
   2 amounts
   2 amount
   2 agriculture
   2 adjacent
   2 acres
   2 accessibility
   1 yellow
   1 workers
   1 wider
   1 whose
   1 wells
   1 well
   1 vast
   1 various
   1 varies
   1 using
   1 use
   1 uppermost
   1 unknown
   1 units
   1 unimproved
   1 underlies
   1 two
   1 tributaries
   1 traces
   1 tops
   1 time
   1 tial
   1 thus
   1 three
   1 thicknesses
   1 theory
   1 tertiary
   1 tens
   1 technological
   1 tables
   1 systematic
   1 symposium
   1 swamps
   1 surmised
   1 support
   1 summary
   1 summarized
   1 successively
   1 succeeded
   1 subdivision
   1 subdivided
   1 structural
   1 stream
   1 stratigraphy
   1 stratigraphically
   1 stratigraphic
   1 statement
   1 state
   1 standards
   1 special
   1 southwestward
   1 southeast
   1 sources
   1 smallest
   1 smaller
   1 sloughs
   1 slightly
   1 size
   1 side
   1 shifting
   1 several
   1 set
   1 serve
   1 selected
   1 sedimentary
   1 sections
   1 seasonal
   1 sea
   1 school
   1 scale
   1 sandy
   1 samples
   1 rugged
   1 routes
   1 roads
   1 rivers
   1 results
   1 restricted
   1 response
   1 respectively
   1 resistant
   1 reservoir
   1 research
   1 representative
   1 remaining
   1 reliability
   1 regionally
   1 refer
   1 red
   1 recorded
   1 reconnaissance
   1 recognized
   1 reasonably
   1 ratios
   1 rate
   1 raining
   1 rained
   1 quite
   1 quarter
   1 purpose
   1 published
   1 publication
   1 proximity
   1 province
   1 provided
   1 prospecting
   1 proposed
   1 pronounced
   1 projected
   1 product
   1 proceedings
   1 present
   1 preliminary
   1 practical
   1 potentials
   1 poor
   1 pocket
   1 planning
   1 planimetric
   1 planimeter
   1 pis
   1 physiography
   1 physiographic
   1 pertains
   1 permits
   1 perhaps
   1 peerless
   1 paul
   1 pacific
   1 ownership
   1 outstanding
   1 outer
   1 osterwald
   1 occupied
   1 obtained
   1 obtain
   1 observed
   1 numbers
   1 northward
   1 northeastward
   1 northeastern
   1 normally
   1 nomenclature
   1 next
   1 national
   1 narrower
   1 namely
   1 monthly
   1 modern
   1 missouri
   1 minor
   1 minimum
   1 mineral
   1 mine
   1 milwaukee
   1 midway
   1 mean
   1 management
   1 main
   1 lying
   1 lowermost
   1 lower
   1 lonesome
   1 listed
   1 level
   1 lesser
   1 legal
   1 leaving
   1 leasing
   1 leases
   1 later
   1 largest
   1 larger
   1 lakes
   1 lack
   1 krcras
   1 knowledge
   1 kilometers
   1 kendrick
   1 june
   1 july
   1 join
   1 january
   1 isopached
   1 irregularities
   1 intricately
   1 interbedded
   1 institute
   1 increases
   1 included
   1 include
   1 impact
   1 however
   1 horn
   1 hole
   1 hectares
   1 heaviest
   1 grouping
   1 ground
   1 gray
   1 graveled
   1 going
   1 given
   1 geochemistry
   1 formula
   1 formed
   1 forest
   1 folding
   1 flow
   1 fit
   1 final
   1 fied
   1 favorable
   1 faulting
   1 falls
   1 fact
   1 extrapolation
   1 extractable
   1 exposed
   1 expected
   1 exists
   1 existence
   1 excluded
   1 except
   1 example
   1 even
   1 estimates
   1 established
   1 ernest
   1 environment
   1 engineering
   1 editorial
   1 edited
   1 economics
   1 early
   1 drained
   1 done
   1 division
   1 distributon
   1 distant
   1 disregarded
   1 discoveries
   1 differential
   1 dietz
   1 developmentpotential
   1 determined
   1 description
   1 depth
   1 depositional
   1 deposited
   1 depicts
   1 deeper
   1 decision
   1 custer
   1 currently
   1 csj
   1 crop
   1 cro
   1 criteria
   1 creeks
   1 covers
   1 coutour
   1 country
   1 control
   1 continuity
   1 continued
   1 contents
   1 containing
   1 construct
   1 connor
   1 conjunction
   1 conformity
   1 conditions
   1 comprising
   1 composite
   1 compiled
   1 compaction
   1 common
   1 commission
   1 commerce
   1 classed
   1 circling
   1 chicago
   1 characterized
   1 characteristics
   1 caused
   1 carbonaceous
   1 canyon
   1 calculate
   1 buttermilk
   1 bright
   1 branch
   1 boundaries
   1 border
   1 birney
   1 big
   1 belong
   1 bedrock
   1 become
   1 away
   1 august
   1 assumption
   1 assumed
   1 assigning
   1 assign
   1 ashland
   1 april
   1 approximately
   1 appreciably
   1 appear
   1 another
   1 anderson
   1 analyzed
   1 amendments
   1 alternatively
   1 adjoining
   1 act
   1 across
   1 acreage
   1 acre
   1 according
   1 accompany
   1 accessible
   1 access
   1 abutting
