  92 water
  84 concentrations
  79 total
  75 wells
  73 illinois
  65 standards
  57 dissolved
  51 number
  41 well
  40 levels
  38 sample
  38 bottoms
  36 samples
  36 exceeded
  35 american
  34 table
  32 data
  31 public
  31 iron
  30 manganese
  30 index
  29 map
  28 pnd
  28 constituent
  26 standard
  26 recoverable
  26 general
  25 state
  24 feet
  24 constituents
  24 area
  23 solved
  22 quality
  21 zinc
  21 tables
  21 survey
  21 sulfate
  21 solids
  21 continued
  20 sampling
  20 lead
  20 figure
  19 use
  19 mercury
  19 date
  18 station
  18 concentration
  17 louis
  17 high
  17 exceed
  17 distribution
  17 december
  16 percent
  15 surface
  15 sampled
  15 per
  15 one
  15 industrial
  15 effluent
  15 depth
  14 river
  14 nitrogen
  13 miles
  13 ground
  13 fluoride
  13 east
  12 nitrite
  12 nitrate
  12 mean
  12 kilometers
  12 geological
  12 areas
  11 system
  11 study
  11 period
  11 organic
  10 supply
  10 report
  10 pumpage
  10 liter
  10 groundwater
  10 fig
  10 engineers
  10 dewatering
  10 deposits
  10 deep
  10 corps
  10 conditions
  10 collected
  10 army
  10 areal
  10 also
   9 uses
   9 used
   9 mississippi
   9 may
   9 less
   9 generally
   9 changes
   9 analysis
   9 analyses
   8 sodium
   8 second
   8 schicht
   8 ranged
   8 pump
   8 potential
   8 polychlorinated
   8 pended
   8 copper
   8 cadmium
   8 arsenic
   8 aquifer
   7 specific
   7 rise
   7 residue
   7 primary
   7 maximum
   7 land
   7 irrigation
   7 information
   7 explanation
   7 damage
   7 chromium
   7 analyzed
   7 analytical
   6 waters
   6 units
   6 time
   6 three
   6 suspended
   6 supplies
   6 summary
   6 shows
   6 pws
   6 provided
   6 pollution
   6 part
   6 near
   6 micrograms
   6 methods
   6 level
   6 investigation
   6 increased
   6 heptachlor
   6 hardness
   6 greater
   6 first
   6 evaporation
   6 dieldrin
   6 development
   6 detection
   6 control
   6 clair
   6 chemical
   6 board
   6 aquatic
   6 alluvial
   5 wehrmann
   5 underlain
   5 type
   5 treatment
   5 southwestern
   5 several
   5 scheme
   5 respectively
   5 resources
   5 present
   5 precipitation
   5 phosphorus
   5 pesticides
   5 naphthalenes
   5 lower
   5 limits
   5 initial
   5 increase
   5 iii
   5 due
   5 criteria
   5 collection
   5 chloride
   5 carbon
   5 although
   5 along
   4 within
   4 waterquality
   4 throughout
   4 suitability
   4 statistical
   4 stages
   4 sites
   4 shallow
   4 september
   4 sas
   4 region
   4 protection
   4 periods
   4 october
   4 numbers
   4 minimum
   4 milligrams
   4 measured
   4 made
   4 location
   4 located
   4 industries
   4 indicate
   4 includes
   4 grid
   4 figures
   4 environmental
   4 ensure
   4 emmons
   4 elevated
   4 district
   4 discharged
   4 digits
   4 deg
   4 circular
   4 calcium
   4 biphenyls
   4 ambient
   4 agency
   3 western
   3 usgs
   3 two
   3 twice
   3 toxaphene
   3 temperature
   3 square
   3 smith
   3 site
   3 since
   3 significant
   3 shown
   3 selected
   3 secondary
   3 resulted
   3 resource
   3 relation
   3 records
   3 reconnaissance
   3 protect
   3 problems
   3 private
   3 prior
   3 primarily
   3 potassium
   3 others
   3 ness
   3 mile
   3 maps
   3 many
   3 major
   3 listed
   3 lindane
   3 limit
   3 life
   3 landfills
   3 jones
   3 investigations
   3 indicates
   3 however
   3 highest
   3 health
   3 geology
   3 five
   3 evaluate
   3 estimated
   3 epoxide
   3 environment
   3 endrin
   3 dot
   3 done
   3 discharge
   3 different
   3 determination
   3 designed
   3 decrease
   3 contact
   3 comparison
   3 color
   3 chlordane
   3 chapter
   3 celsius
   3 caused
   3 bruin
   3 bedrock
   3 baker
   3 alkalinity
   3 aldrin
   3 agricultural
   3 affect
   3 aesthetic
   3 additional
   2 yet
   2 written
   2 would
   2 wolf
   2 withdrawn
   2 whereas
   2 watersupply
   2 walker
   2 voelker
   2 various
   2 valley
   2 using
   2 urbana
   2 upper
   2 unit
   2 techniques
   2 sufficient
   2 substances
   2 streams
   2 stage
   2 springfield
   2 southern
   2 sorption
   2 slight
   2 skougstad
   2 sium
   2 significantly
   2 showing
   2 showed
   2 show
   2 sewer
   2 semiconfined
   2 selecting
   2 sections
   2 section
   2 seconds
   2 searcy
   2 scope
   2 schemes
   2 sand
   2 rocks
   2 rises
   2 response
   2 reserves
   2 require
   2 related
   2 reitz
   2 references
   2 reducing
   2 recov
   2 ratio
   2 ranging
   2 range
   2 purpose
   2 pumped
   2 proximity
   2 provides
   2 production
   2 produced
   2 processing
   2 probability
   2 prescribe
   2 precipitate
   2 portions
   2 polychlor
   2 platinumcobalt
   2 plain
   2 perthane
   2 pennsylvanian
   2 pcb
   2 page
   2 owners
   2 outlined
   2 occurrence
   2 observed
   2 numbering
   2 normal
   2 noncarbonate
   2 necessary
   2 nearly
   2 much
   2 mostly
   2 missouri
   2 mississippian
   2 mirex
   2 minutes
   2 million
   2 meter
   2 metals
   2 mckee
   2 manufacturing
   2 magnesium
   2 madison
   2 longitude
   2 locations
   2 latitude
   2 later
   2 large
   2 kilometer
   2 introduction
   2 intended
   2 institute
   2 indicated
   2 including
   2 illustrations
   2 hydrologic
   2 highway
   2 higher
   2 guide
   2 gravel
   2 goerlitz
   2 gallons
   2 four
   2 formations
   2 food
   2 fluctuations
   2 flooded
   2 flood
   2 field
   2 excess
   2 exception
   2 evaluation
   2 evaluating
   2 equal
   2 endosulfan
   2 emphasis
   2 economic
   2 eastern
   2 early
   2 driven
   2 drainage
   2 disposal
   2 determine
   2 description
   2 described
   2 denote
   2 degrees
   2 degree
   2 decreasing
   2 decreased
   2 dde
   2 day
   2 david
   2 damages
   2 counties
   2 contributed
   2 contamination
   2 conductance
   2 conclusions
   2 concerns
   2 compliance
   2 compiled
   2 compared
   2 chlor
   2 change
   2 centimeter
   2 canal
   2 brown
   2 breaks
   2 boundary
   2 book
   2 bergstrom
   2 beneficial
   2 basements
   2 assistance
   2 around
   2 ard
   2 appear
   2 alton
   2 alternative
   2 acknowledgments
   2 abstract
   1 zone
   1 ymhos
   1 years
   1 year
   1 write
   1 work
   1 wood
   1 william
   1 width
   1 widespread
   1 widely
   1 weather
   1 wastes
   1 warrant
   1 volume
   1 vicinity
   1 versus
   1 values
   1 valleytrain
   1 utility
   1 user
   1 urban
   1 univariate
   1 united
   1 unique
   1 unchanged
   1 ultimate
   1 typically
   1 turbine
   1 trivalent
   1 transportation
   1 totaled
   1 topography
   1 thoxych
   1 thirty
   1 third
   1 thickness
   1 thick
   1 testing
   1 terms
   1 telephone
   1 technical
   1 swamps
   1 sustained
   1 supplied
   1 summaries
   1 sulfates
   1 suggests
   1 subsequent
   1 studies
   1 structural
   1 street
   1 steel
   1 statistically
   1 states
   1 stains
   1 stabilized
   1 special
   1 southward
   1 southeastern
   1 south
   1 sources
   1 source
   1 sludge
   1 slope
   1 slightly
   1 six
   1 similarly
   1 similar
   1 shut
   1 shortly
   1 sharply
   1 shallower
   1 shall
   1 services
   1 service
   1 sequentially
   1 see
   1 sediments
   1 sector
   1 secretary
   1 scavenging
   1 saturation
   1 sands
   1 rules
   1 rounds
   1 round
   1 rock
   1 risen
   1 resulting
   1 resultant
   1 result
   1 responded
   1 residential
   1 requires
   1 represents
   1 representative
   1 represent
   1 reports
   1 reported
   1 relief
   1 relationship
   1 regulations
   1 reflecting
   1 refining
   1 refers
   1 referencing
   1 reduction
   1 readings
   1 reach
   1 raleigh
   1 railroads
   1 railroad
   1 quantities
   1 purchased
   1 pumping
   1 publication
   1 provide
   1 property
   1 properties
   1 pronounced
   1 prompted
   1 prolonged
   1 project
   1 products
   1 produce
   1 processes
   1 procedures
   1 procedure
   1 problem
   1 probably
   1 printing
   1 previously
   1 preservation
   1 presently
   1 prepared
   1 preliminary
   1 precipitates
   1 practiced
   1 potable
   1 possible
   1 populated
   1 poorly
   1 ponds
   1 pollutants
   1 point
   1 pmhos
   1 plotting
   1 plotted
   1 planning
   1 plan
   1 pipes
   1 phate
   1 permeable
   1 peristaltic
   1 penetrate
   1 peck
   1 particulate
   1 particular
   1 partial
   1 packing
   1 oxidizes
   1 overview
   1 overlie
   1 outside
   1 outlining
   1 original
   1 organics
   1 order
   1 operators
   1 oil
   1 office
   1 odd
   1 obtain
   1 observations
   1 numbered
   1 noted
   1 northern
   1 north
   1 nondrinking
   1 nine
   1 next
   1 nese
   1 needs
   1 necessity
   1 necessitate
   1 national
   1 nation
   1 must
   1 municipal
   1 multiply
   1 monroe
   1 moderate
   1 misssissippianage
   1 missing
   1 minor
   1 microsiemen
   1 micromho
   1 metropolitan
   1 metric
   1 meet
   1 median
   1 meat
   1 measurements
   1 means
   1 materials
   1 material
   1 mapped
   1 manga
   1 main
   1 magnitude
   1 lowest
   1 lowered
   1 low
   1 long
   1 locating
   1 litl
   1 list
   1 linity
   1 line
   1 lenes
   1 late
   1 last
   1 largest
   1 largely
   1 lakes
   1 kept
   1 june
   1 jet
   1 jack
   1 irrigational
   1 investigated
   1 inventory
   1 interstate
   1 international
   1 interior
   1 installed
   1 insight
   1 insecticides
   1 inorganic
   1 initially
   1 ini
   1 infrastructure
   1 infiltration
   1 infiltrated
   1 industry
   1 industrialized
   1 individual
   1 increasing
   1 included
   1 include
   1 inches
   1 importance
   1 implementation
   1 immediate
   1 iimhos
   1 identify
   1 identification
   1 ide
   1 hydrocarbon
   1 human
   1 housing
   1 homes
   1 hexavalent
   1 helped
   1 heavy
   1 heavily
   1 hazards
   1 hard
   1 hap
   1 hand
   1 gravels
   1 granite
   1 gradually
   1 government
   1 geographic
   1 gen
   1 gain
   1 friedman
   1 foundations
   1 found
   1 form
   1 forced
   1 foot
   1 followed
   1 fluvial
   1 fluor
   1 fluctuate
   1 flows
   1 flouride
   1 floor
   1 fishman
   1 final
   1 filtering
   1 fill
   1 fifth
   1 federal
   1 feasible
   1 feasibility
   1 favorable
   1 fairly
   1 failures
   1 fahrenheit
   1 factors
   1 factor
   1 extensive
   1 extended
   1 exposed
   1 expected
   1 expanded
   1 except
   1 exceedance
   1 examining
   1 examined
   1 evident
   1 evenly
   1 even
   1 established
   1 essentially
   1 especially
   1 erdmann
   1 encompasses
   1 elsewhere
   1 eleven
   1 elevations
   1 either
   1 effect
   1 eet
   1 edition
   1 easily
   1 ease
   1 durum
   1 dupo
   1 duncan
   1 ductance
   1 dry
   1 drinking
   1 drilled
   1 drained
   1 double
   1 domestic
   1 division
   1 distributed
   1 dissolvediron
   1 discussion
   1 discussed
   1 director
   1 directly
   1 differences
   1 determined
   1 detail
   1 desirable
   1 designated
   1 depths
   1 depicting
   1 dependent
   1 department
   1 denver
   1 defined
   1 deeper
   1 declined
   1 decline
   1 ddd
   1 days
   1 dallas
   1 cut
   1 cumulative
   1 cubic
   1 coverage
   1 could
   1 corresponding
   1 correlated
   1 copies
   1 cooperation
   1 converting
   1 converted
   1 contours
   1 contents
   1 contaminants
   1 contains
   1 containing
   1 contained
   1 contain
   1 consumption
   1 construction
   1 construct
   1 constraints
   1 consists
   1 consistent
   1 considered
   1 conservation
   1 consecutively
   1 consecutive
   1 confirmed
   1 concluded
   1 composed
   1 completely
   1 complete
   1 communities
   1 commission
   1 commercial
   1 coarser
   1 coarse
   1 clark
   1 city
   1 cities
   1 cific
   1 chromiura
   1 chlorinated
   1 chief
   1 changed
   1 chain
   1 central
   1 centers
   1 center
   1 cause
   1 carolina
   1 california
   1 calciumsulfate
   1 cahokia
   1 caco
   1 businesses
   1 built
   1 branch
   1 box
   1 bottom
   1 body
   1 bluffs
   1 better
   1 behavior
   1 basis
   1 baseline
   1 based
   1 back
   1 average
   1 assumed
   1 associated
   1 assisted
   1 assigned
   1 assess
   1 aside
   1 ascending
   1 artificial
   1 approximately
   1 approached
   1 applicable
   1 appendix
   1 appeared
   1 aphtha
   1 apart
   1 anticipated
   1 anomalously
   1 anomalous
   1 ance
   1 already
   1 alluvium
   1 allowed
   1 alleviate
   1 airborne
   1 air
   1 agriculture
   1 affected
   1 adequate
   1 addition
   1 adapted
   1 according
   1 accessibility
   1 access
   1 abundance
   1 abnormally
   1 abandon
