 184 area
 149 soil
 112 water
  73 permit
  73 feet
  73 basin
  71 surface
  71 red
  69 sites
  69 rim
  66 soils
  65 method
  63 mining
  58 study
  57 per
  56 data
  53 vegetation
  51 areas
  50 discharges
  49 survey
  49 map
  48 runoff
  47 reclamation
  46 site
  45 geological
  43 values
  43 coal
  42 sediment
  42 percent
  42 moisture
  42 drainage
  42 channel
  40 report
  40 precipitation
  40 figure
  39 force
  39 equations
  39 contour
  38 used
  38 conditions
  37 table
  37 peak
  36 would
  36 erosion
  36 cover
  35 characteristics
  34 volumes
  34 square
  34 annual
  32 average
  31 slope
  31 available
  30 use
  30 may
  30 hydrologic
  29 potential
  28 scs
  27 wyoming
  27 retention
  26 estimates
  25 topography
  25 premining
  25 miles
  25 estimated
  24 unit
  24 loss
  24 discharge
  23 inches
  23 fig
  23 factors
  22 yield
  22 snow
  22 shrubs
  22 mined
  22 less
  21 small
  21 land
  21 interval
  21 estimate
  20 sagebrush
  20 models
  20 mean
  20 infiltration
  20 flows
  20 developed
  20 basins
  19 shown
  19 sandy
  19 maps
  19 hydrology
  18 type
  18 two
  18 slopes
  18 model
  18 intervals
  18 information
  18 however
  18 estimating
  18 depth
  17 units
  17 rates
  17 overburden
  17 methods
  17 flow
  17 equation
  17 effects
  17 also
  16 weight
  16 streamflow
  16 relations
  16 miller
  16 mile
  16 formation
  16 conservation
  16 big
  15 western
  15 using
  15 research
  15 low
  15 determined
  15 described
  15 density
  15 cubic
  15 capacity
  15 amount
  14 yields
  14 vertical
  14 standard
  14 service
  14 section
  14 recurrence
  14 provide
  14 part
  14 one
  14 obtained
  14 new
  14 national
  14 meters
  14 measured
  14 computed
  14 beds
  14 based
  14 amounts
  14 adsorbed
  13 within
  13 volume
  13 total
  13 topographic
  13 thickness
  13 storage
  13 size
  13 rock
  13 relationship
  13 occur
  13 needed
  13 listed
  13 level
  13 length
  13 federal
  13 evaluation
  13 base
  13 adjacent
  12 usle
  12 union
  12 time
  12 storm
  12 states
  12 regression
  12 reconstructed
  12 quantity
  12 photographs
  12 number
  12 mine
  12 material
  12 greater
  12 fort
  12 deep
  12 creek
  12 could
  12 content
  12 channels
  12 bulk
  11 wheatgrass
  11 well
  11 unmined
  11 types
  11 similar
  11 showing
  11 selected
  11 sedimentation
  11 scale
  11 postmining
  11 mrc
  11 made
  11 location
  11 loam
  11 layers
  11 grasses
  11 given
  11 geodetic
  11 generally
  11 error
  11 depths
  11 datum
  11 bureau
  10 voids
  10 vmc
  10 value
  10 united
  10 thick
  10 streams
  10 stream
  10 stored
  10 separation
  10 second
  10 resulting
  10 result
  10 rawlins
  10 present
  10 parameter
  10 others
  10 measurements
  10 management
  10 lowham
  10 levels
  10 larger
  10 different
  10 changes
  10 accurate
   9 watersheds
   9 tons
   9 techniques
   9 species
   9 semiarid
   9 riner
   9 resources
   9 regulations
   9 reclaimed
   9 range
   9 pounds
   9 must
   9 montana
   9 methodology
   9 mcqueen
   9 maximum
   9 main
   9 lengths
   9 large
   9 indicate
   9 general
   9 foot
   9 determine
   9 design
   9 cross
   9 comparison
   9 analysis
   9 acre
   8 void
   8 various
   8 valley
   8 upland
   8 system
   8 structure
   8 specific
   8 several
   8 sandstone
   8 retained
   8 results
   8 rankl
   8 quality
   8 normal
   8 molecular
   8 means
   8 lower
   8 investigations
   8 include
   8 important
   8 hedman
   8 ground
   8 gradients
   8 factor
   8 explanation
   8 evaluating
   8 enlarged
   8 divide
   8 determining
   8 craig
   8 centimeter
   8 atmospheres
   7 years
   7 winterfat
   7 watershed
   7 usually
   7 useful
   7 upper
   7 universal
   7 sampling
   7 representative
   7 replaced
   7 relatively
   7 ratios
   7 ratio
   7 rather
   7 rate
   7 rainfall
   7 program
   7 prepared
   7 ponds
   7 period
   7 percentage
   7 particle
   7 operations
   7 occurs
   7 many
   7 landscape
   7 lands
   7 increased
   7 four
   7 field
   7 expected
   7 events
   7 estimation
   7 due
   7 department
   7 denver
   7 define
   7 computer
   7 basis
   7 approximately
   7 applied
   7 accuracy
   6 tributary
   6 three
   6 technique
   6 shallow
   6 required
   6 relationships
   6 register
   6 reference
   6 recharge
   6 quantities
   6 produced
   6 produce
   6 processes
   6 procedures
   6 points
   6 plant
   6 parameters
   6 often
   6 occurring
   6 northern
   6 mountain
   6 modeling
   6 minimum
   6 mexico
   6 located
   6 locally
   6 limited
   6 increasing
   6 inch
   6 high
   6 groups
   6 group
   6 grams
   6 geometry
   6 geologic
   6 frequency
   6 flood
   6 example
   6 event
   6 dry
   6 difference
   6 desert
   6 derived
   6 curve
   6 constructed
   6 considered
   6 complex
   6 climate
   6 change
   6 capability
   6 calculated
   6 best
   6 bed
   6 applying
   6 application
   6 applicable
   6 another
   6 along
   6 additional
   6 acres
   5 year
   5 without
   5 whether
   5 vegetative
   5 variables
   5 uplands
   5 ungaged
   5 thus
   5 therefore
   5 tables
   5 sweetwater
   5 surfaces
   5 station
   5 state
   5 specified
   5 space
   5 source
   5 snowmelt
   5 snowfall
   5 show
   5 series
   5 sec
   5 season
   5 scott
   5 samples
   5 river
   5 riggs
   5 reservoirs
   5 relief
   5 relating
   5 related
   5 regulatory
   5 region
   5 published
   5 provides
   5 provided
   5 project
   5 production
   5 pond
   5 point
   5 plains
   5 perennial
   5 paper
   5 overland
   5 order
   5 nuttall
   5 numerous
   5 north
   5 need
   5 necessary
   5 much
   5 mar
   5 livestock
   5 lines
   5 journal
   5 iooo
   5 interior
   5 input
   5 influence
   5 included
   5 higher
   5 hadley
   5 growing
   5 graphs
   5 graph
   5 give
   5 giant
   5 furrowing
   5 frickel
   5 form
   5 forces
   5 following
   5 filter
   5 expressed
   5 exist
   5 except
   5 exceed
   5 errors
   5 enough
   5 engineering
   5 downstream
   5 done
   5 disturbed
   5 dimensions
   5 desired
   5 describe
   5 depleted
   5 defined
   5 control
   5 condition
   5 colorado
   5 cause
   5 carrying
   5 carbon
   5 boundary
   5 bedrock
   5 becomes
   5 assuming
   5 associated
   5 apply
   5 aerial
   5 adequate
   4 wischmeier
   4 wildrye
   4 weighted
   4 variable
   4 toy
   4 top
   4 surveys
   4 sufficient
   4 structures
   4 stock
   4 spoils
   4 smaller
   4 siltstone
   4 shale
   4 sampled
   4 saltbush
   4 rills
   4 respectively
   4 requirement
   4 require
   4 represent
   4 relation
   4 records
   4 receive
   4 rangeland
   4 qso
   4 qlo
   4 qioo
   4 qio
   4 productivity
   4 probably
   4 primarily
   4 potentiometric
   4 plus
   4 ploo
   4 planning
   4 placement
   4 physical
   4 particles
   4 original
   4 northwest
   4 nomograph
   4 months
   4 mixed
   4 methodologies
   4 measurement
   4 making
   4 major
   4 locations
   4 linear
   4 likely
   4 lenticular
   4 layer
   4 known
   4 kilometer
   4 kastner
   4 july
   4 johnson
   4 international
   4 increment
   4 increases
   4 includes
   4 highly
   4 good
   4 gilley
   4 geology
   4 frequencies
   4 first
   4 fine
   4 extensive
   4 expanded
   4 exists
   4 evaluate
   4 established
   4 erodibility
   4 equilibrium
   4 energy
   4 durations
   4 drainable
   4 distribution
   4 developing
   4 develop
   4 deposition
   4 deposited
   4 degree
   4 curves
   4 county
   4 counties
   4 contours
   4 considerable
   4 compaction
   4 commonly
   4 causative
   4 called
   4 branson
   4 birdfoot
   4 authorities
   4 arid
   4 antecedent
   4 altitude
   4 allow
   4 agriculture
   4 aggregation
   4 adsorptive
   4 actually
   4 actual
   4 accumulation
   4 accumulates
   3 young
   3 work
   3 winds
   3 verified
   3 van
   3 valleys
   3 typical
   3 tillage
   3 third
   3 thin
   3 summer
   3 strike
   3 steeper
   3 steep
   3 stands
   3 squirreltail
   3 spring
   3 spiny
   3 southern
   3 since
   3 significant
   3 shrub
   3 shows
   3 short
   3 set
   3 see
   3 seasonal
   3 sea
   3 sandstones
   3 sanders
   3 sandberg
   3 sample
   3 runs
   3 roehl
   3 risk
   3 review
   3 resource
   3 requirements
   3 representing
   3 repositioned
   3 reported
   3 replacement
   3 remain
   3 relates
   3 reflect
   3 reestablished
   3 reducing
   3 reduced
   3 readily
   3 rangelands
   3 question
   3 qloo
   3 purposes
   3 publication
   3 proceedings
   3 problems
   3 problem
   3 primary
   3 previously
   3 presented
   3 preliminary
   3 poor
   3 plo
   3 plans
   3 permeable
   3 permanent
   3 peaks
   3 page
   3 office
   3 october
   3 objectives
   3 objective
   3 necessarily
   3 nearby
   3 natural
   3 mulch
   3 modified
   3 mixing
   3 minor
   3 megagrams
   3 measuring
   3 measure
   3 masses
   3 march
   3 mapped
   3 magnitude
   3 lusby
   3 losses
   3 loams
   3 live
   3 little
   3 limits
   3 limit
   3 leavesley
   3 late
   3 kunkler
   3 kilometers
   3 investigation
   3 indicates
   3 indicated
   3 indian
   3 index
   3 increase
   3 impermeable
   3 hydrologist
   3 hydraulic
   3 haveren
   3 handbook
   3 habitat
   3 greatly
   3 great
   3 gradient
   3 gee
   3 gaging
   3 follow
   3 final
   3 films
   3 figures
   3 fields
   3 features
   3 fall
   3 fact
   3 exceeding
   3 examples
   3 essential
   3 especially
   3 ephemeral
   3 emria
   3 empirical
   3 either
   3 effort
   3 early
   3 drawn
   3 drainages
   3 divided
   3 discontinuous
   3 difficult
   3 deposits
   3 dependent
   3 delivery
   3 dashed
   3 dakota
   3 controlled
   3 contains
   3 contain
   3 construction
   3 consider
   3 concept
   3 concentrations
   3 complexes
   3 compared
   3 common
   3 climatological
   3 characteristic
   3 changed
   3 cases
   3 capacities
   3 calibration
   3 bottlebrush
   3 bauer
   3 basic
   3 basal
   3 bare
   3 assumed
   3 assessment
   3 assessing
   3 arm
   3 argillaceous
   3 aquifer
   3 april
   3 applies
   3 applications
   3 appendix
   3 alternative
   3 almost
   3 alluvial
   3 air
   3 affect
   3 accommodate
   2 zone
   2 zealand
   2 wyo
   2 written
   2 winter
   2 wildlife
   2 wild
   2 width
   2 wells
   2 weather
   2 watering
   2 verify
   2 variation
   2 vanoni
   2 validity
   2 untrenched
   2 university
   2 unidentified
   2 underlain
   2 undergoing
   2 unconsolidated
   2 tsosie
   2 true
   2 tributaries
   2 treatments
   2 treatment
   2 training
   2 trail
   2 ton
   2 throughout
   2 thickspike
   2 thereby
   2 terms
   2 temperatures
   2 temperature
   2 symposium
   2 swale
   2 survive
   2 summation
   2 sulfate
   2 suggested
   2 subtracting
   2 subsequently
   2 subject
   2 straight
   2 storms
   2 stereoscopic
   2 step
   2 somewhat
   2 sometimes
   2 society
   2 smith
   2 slender
   2 sizes
   2 situation
   2 sindelar
   2 simplify
   2 shales
   2 seven
   2 sets
   2 sequence
   2 sedimentdelivery
   2 sections
   2 scope
   2 scientific
   2 science
   2 salinity
   2 rockland
   2 ripping
   2 ridges
   2 ricegrass
   2 returned
   2 restructured
   2 reshaped
   2 reserves
   2 requiring
   2 reports
   2 removing
   2 removed
   2 reliable
   2 relate
   2 rehabilitation
   2 regional
   2 regime
   2 references
   2 redistribution
   2 recommendations
   2 recent
   2 reasonable
   2 reaches
   2 reach
   2 rain
   2 quantitative
   2 protection
   2 proportions
   2 proper
   2 product
   2 process
   2 procedure
   2 prior
   2 principal
   2 presently
   2 prediction
   2 predicting
   2 predict
   2 possibly
   2 possible
   2 position
   2 plot
   2 places
   2 pitting
   2 permeability
   2 permeabilities
   2 pebbles
   2 past
   2 partially
   2 parametric
   2 papers
   2 palatability
   2 pages
   2 overlying
   2 outside
   2 omang
   2 occurrence
   2 occupies
   2 obtaining
   2 numbers
   2 needlegrass
   2 near
   2 name
   2 mutch
   2 munson
   2 multiplying
   2 multiplied
   2 multimolecular
   2 mouth
   2 monthly
   2 month
   2 monitoring
   2 monitored
   2 modeled
   2 miscellaneous
   2 minus
   2 milligrams
   2 might
   2 midgrasses
   2 microwatersheds
   2 micromhos
   2 metric
   2 mechanical
   2 matter
   2 materials
   2 mapping
   2 mainly
   2 mahogany
   2 madden
   2 lowest
   2 longer
   2 loblolly
   2 loamy
   2 liter
   2 line
   2 limitations
   2 levy
   2 leased
   2 lattice
   2 largest
   2 largely
   2 landforms
   2 lance
   2 killing
   2 kentucky
   2 june
   2 james
   2 ios
   2 ions
   2 involves
   2 introduction
   2 intersections
   2 interpolation
   2 intermittent
   2 interim
   2 interconnected
   2 insufficient
   2 initially
   2 influencing
   2 infiltrates
   2 individual
   2 indicating
   2 increments
   2 including
   2 inadequate
   2 improved
   2 impossible
   2 impact
   2 immediately
   2 illustrations
   2 illustrated
   2 iii
   2 identified
   2 hour
   2 horsebrush
   2 hopsage
   2 hold
   2 hillslopes
   2 held
   2 heinemann
   2 hanna
   2 handling
   2 habitats
   2 gully
   2 guide
   2 green
   2 gray
   2 grass
   2 granular
   2 graded
   2 geomorphic
   2 frost
   2 frequently
   2 frederick
   2 fossils
   2 formerly
   2 formations
   2 forbs
   2 forage
   2 floods
   2 flatter
   2 figs
   2 ferruginous
   2 extracting
   2 extent
   2 extended
   2 excess
   2 exactly
   2 evidence
   2 even
   2 evaporation
   2 evaluated
   2 escarpment
   2 eroding
   2 environment
   2 entire
   2 ends
   2 emphasis
   2 elevations
   2 efficiency
   2 edge
   2 east
   2 dvorak
   2 drying
   2 drain
   2 dominates
   2 dominated
   2 dissected
   2 directly
   2 direction
   2 dip
   2 differences
   2 diagram
   2 dewatering
   2 development
   2 detecting
   2 desorb
   2 description
   2 deplete
   2 depending
   2 delineating
   2 delineated
   2 delineate
   2 degrees
   2 definition
   2 decreased
   2 decrease
   2 december
   2 cycle
   2 cushool
   2 covering
   2 covered
   2 conversion
   2 continued
   2 contents
   2 construct
   2 constraints
   2 consistent
   2 concentration
   2 computations
   2 composed
   2 compliance
   2 complexity
   2 completely
   2 compare
   2 communication
   2 combining
   2 combination
   2 collected
   2 cold
   2 coefficients
   2 chert
   2 check
   2 characterized
   2 characteristically
   2 certain
   2 center
   2 canada
   2 bulking
   2 brome
   2 branch
   2 box
   2 bottom
   2 bluegrass
   2 bluebunch
   2 blows
   2 believed
   2 beginning
   2 barren
   2 august
   2 atmosphere
   2 atlas
   2 association
   2 assigned
   2 assess
   2 arthur
   2 arrives
   2 areal
   2 arbitrarily
   2 aquifers
   2 approximation
   2 approximating
   2 approximate
   2 appropriate
   2 approach
   2 appears
   2 animal
   2 analyses
   2 american
   2 altitudes
   2 although
   2 alluvium
   2 allows
   2 alabama
   2 agricultural
   2 agreement
   2 affected
   2 adjustments
   2 adequately
   2 addresses
   2 addition
   2 adding
   2 act
   2 achieved
   2 accurately
   2 according
   2 accomplished
   2 abstract
   2 able
   1 zones
   1 york
   1 write
   1 worfman
   1 woody
   1 wint
   1 windmill
   1 wind
   1 willis
   1 wide
   1 whereas
   1 wetting
   1 wettest
   1 wet
   1 westerly
   1 west
   1 wellington
   1 weathers
   1 weathered
   1 ways
   1 way
   1 watt
   1 waterdeficient
   1 wamsutter
   1 vulnerable
   1 vsq
   1 volumetric
   1 vjqo
   1 vjq
   1 viviparid
   1 vito
   1 virudata
   1 violation
   1 vio
   1 viii
   1 vicinity
   1 versatile
   1 velocity
   1 veaitkcutatua
   1 vary
   1 variety
   1 varies
   1 variability
   1 valid
   1 utilizing
   1 utilized
   1 uses
   1 users
   1 urban
   1 upstream
   1 upslope
   1 upon
   1 uplift
   1 unusually
   1 unsuccessful
   1 unlike
   1 unknowns
   1 uniolid
   1 undoubtedly
   1 undivided
   1 undistrubed
   1 understory
   1 understood
   1 underlying
   1 underlies
   1 unconformably
   1 uncompacted
   1 unavailable
   1 uiui
   1 uaoj
   1 tuscaloosa
   1 turtle
   1 tufted
   1 trends
   1 travel
   1 traps
   1 trap
   1 transport
   1 transpiration
   1 transition
   1 transferring
   1 transferred
   1 transfer
   1 transactions
   1 trained
   1 tracey
   1 traced
   1 trace
   1 toward
   1 tot
   1 topsoil
   1 topical
   1 together
   1 tne
   1 tlimatua
   1 titled
   1 times
   1 tighter
   1 thunderstorms
   1 thrive
   1 threadleaf
   1 thousands
   1 thinner
   1 thicknesses
   1 thickenings
   1 thickbedded
   1 thereafter
   1 theory
   1 textures
   1 texture
   1 tests
   1 terrence
   1 terrance
   1 terrain
   1 terrace
   1 term
   1 tentative
   1 tends
   1 tend
   1 temporary
   1 temporarily
   1 technology
   1 technical
   1 tan
   1 tallgrasses
   1 taking
   1 take
   1 swgetwatiir
   1 sweetwat
   1 sweetwa
   1 swales
   1 survival
   1 surveying
   1 surfacemine
   1 supported
   1 supply
   1 supplemented
   1 superimposed
   1 summed
   1 summary
   1 sum
   1 suitably
   1 suitable
   1 suggest
   1 sufficiently
   1 success
   1 subtypes
   1 subtracted
   1 substantially
   1 subsoils
   1 subsoil
   1 subsequent
   1 subroutines
   1 subchapter
   1 subareas
   1 studies
   1 structureless
   1 strippable
   1 stringers
   1 strictly
   1 strict
   1 stress
   1 streambed
   1 strata
   1 store
   1 stop
   1 stockpiling
   1 sto
   1 stipa
   1 still
   1 sticky
   1 stickseed
   1 stereoscope
   1 stereophotographs
   1 steps
   1 stepping
   1 steepened
   1 status
   1 statistical
   1 stations
   1 starting
   1 stages
   1 stack
   1 stabilize
   1 springs
   1 spread
   1 spool
   1 spoil
   1 special
   1 sparse
   1 southwest
   1 southeastern
   1 southcentral
   1 south
   1 sou
   1 sorted
   1 solved
   1 solids
   1 solidago
   1 soacobatua
   1 snowdrifts
   1 snowberry
   1 snakeweed
   1 smooth
   1 slower
   1 slightly
   1 slight
   1 skootch
   1 skilled
   1 six
   1 situations
   1 single
   1 simulators
   1 simulation
   1 simplified
   1 simplifications
   1 simple
   1 similarly
   1 siltstones
   1 silt
   1 significantly
   1 side
   1 shifts
   1 sheets
   1 sheet
   1 shaping
   1 shape
   1 shadscale
   1 severe
   1 settle
   1 services
   1 serve
   1 september
   1 separate
   1 sense
   1 selecting
   1 select
   1 seldom
   1 seeding
   1 seedbed
   1 sedimentology
   1 sedge
   1 secretary
   1 sdu
   1 scours
   1 scientist
   1 scheduled
   1 scarce
   1 say
   1 saturation
   1 satisfy
   1 satisfactory
   1 sands
   1 sand
   1 san
   1 salts
   1 sale
   1 saitbush
   1 sagebrushwinterfat
   1 sagebrushwestern
   1 sag
   1 rye
   1 ryark
   1 rules
   1 rule
   1 routing
   1 routines
   1 routinely
   1 routine
   1 roughly
   1 roughening
   1 rose
   1 roots
   1 ron
   1 roles
   1 roaa
   1 risky
   1 rill
   1 rigorous
   1 right
   1 ricegrais
   1 rfat
   1 revision
   1 revised
   1 reversed
   1 revegetation
   1 reveals
   1 reveal
   1 rev
   1 return
   1 retardation
   1 resulted
   1 resultant
   1 restricted
   1 restoring
   1 restored
   1 restorations
   1 rest
   1 responsible
   1 responses
   1 response
   1 respective
   1 respect
   1 resolving
   1 resist
   1 reservoir
   1 requires
   1 requested
   1 reproducing
   1 represents
   1 repositioning
   1 replacing
   1 repeatable
   1 repeat
   1 removal
   1 remaining
   1 remainder
   1 released
   1 regulation
   1 regular
   1 regions
   1 regimens
   1 reflects
   1 refine
   1 reestablishment
   1 recurring
   1 reconstruction
   1 recommended
   1 reclaiming
   1 recalculated
   1 reasons
   1 reason
   1 really
   1 reaggregating
   1 ready
   1 reaching
   1 rarely
   1 rapidly
   1 rapid
   1 ranges
   1 ranches
   1 rainstorms
   1 rains
   1 radiochemicals
   1 qvqvqvqv
   1 quite
   1 quarters
   1 quantitatively
   1 qualitative
   1 qualified
   1 quadrangle
   1 qplo
   1 pure
   1 pumps
   1 pumping
   1 publishing
   1 publications
   1 providing
   1 proposed
   1 proportion
   1 properties
   1 promotion
   1 prominent
   1 projects
   1 progressively
   1 progressing
   1 progress
   1 programming
   1 productive
   1 producing
   1 prime
   1 pricklypear
   1 prevailing
   1 pressure
   1 press
   1 preservation
   1 presents
   1 presence
   1 preparation
   1 preferrably
   1 predictive
   1 precluded
   1 precipitate
   1 practice
   1 powder
   1 potyacatitka
   1 potter
   1 possibility
   1 portions
   1 portable
   1 poorly
   1 poa
   1 plow
   1 plotting
   1 plots
   1 plateau
   1 plants
   1 planting
   1 planned
   1 planimeters
   1 planimeter
   1 plan
   1 placing
   1 placed
   1 place
   1 pins
   1 pink
   1 pin
   1 picture
   1 physicalprocess
   1 physically
   1 phlox
   1 phases
   1 persons
   1 persistent
   1 permits
   1 periods
   1 periodically
   1 periodic
   1 perhaps
   1 percolation
   1 perching
   1 perch
   1 percentages
   1 pepperweed
   1 penetrated
   1 pelecypod
   1 patterns
   1 patent
   1 pasture
   1 passing
   1 parts
   1 particular
   1 parallel
   1 paleocene
   1 pairs
   1 package
   1 pacific
   1 owing
   1 owed
   1 overlain
   1 ovendry
   1 output
   1 outcrop
   1 otm
   1 otimrc
   1 otf
   1 osterkamp
   1 osmotic
   1 originating
   1 organic
   1 orchard
   1 orange
   1 opun
   1 optimization
   1 operation
   1 open
   1 onsite
   1 omission
   1 olcur
   1 oiyzop
   1 ofm
   1 offices
   1 occupying
   1 occupied
   1 occasionally
   1 obvious
   1 obtain
   1 numbered
   1 ntis
   1 november
   1 nothing
   1 notes
   1 noted
   1 northwestern
   1 northeasterly
   1 northeast
   1 normally
   1 nonexistent
   1 nonetheless
   1 noncorrelated
   1 nomata
   1 noaa
   1 ngvd
   1 network
   1 negative
   1 needs
   1 nearest
   1 nauka
   1 naturally
   1 native
   1 nation
   1 narrow
   1 mutchler
   1 mutcher
   1 mustard
   1 multiply
   1 moved
   1 mountains
   1 morphological
   1 moore
   1 monumented
   1 montanua
   1 monkeyflower
   1 molecules
   1 modules
   1 module
   1 modular
   1 moderatelydeep
   1 moderately
   1 moderate
   1 mixtures
   1 mix
   1 missouri
   1 minutes
   1 minnesota
   1 mines
   1 minable
   1 millimeters
   1 millimeter
   1 milkvetch
   1 middle
   1 metals
   1 melts
   1 measurments
   1 meander
   1 meager
   1 mathematics
   1 mathematical
   1 massive
   1 maroon
   1 manual
   1 mantle
   1 manipulated
   1 manageable
   1 maintained
   1 mail
   1 magnitudes
   1 magnesium
   1 machine
   1 long
   1 logical
   1 locz
   1 lock
   1 local
   1 load
   1 livingston
   1 lithologies
   1 list
   1 lightbrown
   1 lifting
   1 lies
   1 library
   1 lexington
   1 lesser
   1 leputuun
   1 lenses
   1 leningrad
   1 left
   1 leaving
   1 leave
   1 leasing
   1 learned
   1 layering
   1 laws
   1 later
   1 last
   1 lapputa
   1 lambs
   1 lacking
   1 lack
   1 laborious
   1 laboratory
   1 keeping
   1 junction
   1 judge
   1 juan
   1 jsee
   1 jjp
   1 jfig
   1 january
   1 isolated
   1 irrigated
   1 irregular
   1 involved
   1 investigators
   1 investigated
   1 inued
   1 interpretations
   1 interpretation
   1 intermediate
   1 interfere
   1 interest
   1 intercepts
   1 interbedded
   1 intensity
   1 intensities
   1 integrates
   1 integral
   1 instead
   1 instances
   1 instance
   1 inspection
   1 insignificant
   1 inner
   1 initiated
   1 initial
   1 init
   1 influenced
   1 infiltrometers
   1 infiltrometer
   1 inferred
   1 indirect
   1 independent
   1 indefinite
   1 incorporated
   1 incised
   1 incident
   1 improving
   1 imposed
   1 implies
   1 implementation
   1 impacts
   1 impacted
   1 illustrative
   1 illustrating
   1 iil
   1 iiiiiiiii
   1 ignored
   1 iecunda
   1 identify
   1 identical
   1 hymenoxys
   1 hydrologists
   1 hydrographs
   1 hydrograph
   1 humid
   1 humans
   1 huj
   1 house
   1 hours
   1 horn
   1 horizontal
   1 horizons
   1 hoodti
   1 hoods
   1 homogenous
   1 homogeneous
   1 homoclinal
   1 hole
   1 holds
   1 historical
   1 hills
   1 highest
   1 hence
   1 helpful
   1 help
   1 hectometers
   1 hectometer
   1 heavy
   1 headings
   1 hay
   1 hardly
   1 hardier
   1 hand
   1 gulf
   1 guidance
   1 growth
   1 grouped
   1 gregg
   1 greasewood
   1 grazing
   1 gravity
   1 gravimetric
   1 graphic
   1 grading
   1 gpecies
   1 gouger
   1 gordon
   1 geranium
   1 geometric
   1 geologically
   1 geographical
   1 geographic
   1 genus
   1 gentle
   1 geaanium
   1 gastropod
   1 gajtman
   1 future
   1 fully
   1 ftvs
   1 fts
   1 frame
   1 foundation
   1 found
   1 fortce
   1 formulas
   1 forming
   1 formed
   1 follows
   1 foficec
   1 floors
   1 flooded
   1 flat
   1 flank
   1 five
   1 fitted
   1 finally
   1 fills
   1 filled
   1 file
   1 fibers
   1 fences
   1 february
   1 feasible
   1 favors
   1 favor
   1 farms
   1 farmland
   1 farm
   1 far
   1 fans
   1 false
   1 falls
   1 fallow
   1 falling
   1 facing
   1 extremely
   1 extreme
   1 extraordinary
   1 extracted
   1 extract
   1 external
   1 extensively
   1 extends
   1 extending
   1 expressions
   1 exposure
   1 experts
   1 experimental
   1 experiment
   1 experienced
   1 experience
   1 expansion
   1 expanding
   1 existing
   1 existed
   1 exert
   1 excessive
   1 exception
   1 excellent
   1 examination
   1 exaggeration
   1 evaporated
   1 evaluations
   1 evaluates
   1 euaotia
   1 etc
   1 establishment
   1 establishing
   1 essentially
   1 erodible
   1 eroded
   1 ercent
   1 equipped
   1 equipment
   1 equal
   1 environments
   1 environmental
   1 entrapped
   1 entails
   1 engineers
   1 enforcement
   1 end
   1 eliminates
   1 elevational
   1 element
   1 electronic
   1 eiymua
   1 efficient
   1 efficiencies
   1 effectively
   1 effect
   1 education
   1 ecosystems
   1 economically
   1 economic
   1 easily
   1 easier
   1 earth
   1 eak
   1 duration
   1 dur
   1 drilling
   1 drill
   1 drift
   1 drier
   1 dressing
   1 draws
   1 drains
   1 drainageways
   1 draftsman
   1 doyle
   1 downward
   1 double
   1 dormant
   1 dominant
   1 division
   1 dividing
   1 dividers
   1 diverted
   1 diversions
   1 diversion
   1 disturbances
   1 district
   1 distance
   1 dissolved
   1 disk
   1 discussion
   1 discussed
   1 discovered
   1 discontinuity
   1 disconformable
   1 discharged
   1 disadvantages
   1 director
   1 directed
   1 direct
   1 dips
   1 digitize
   1 digital
   1 diameter
   1 deterministic
   1 determination
   1 detained
   1 detailed
   1 destroyed
   1 despite
   1 desorbing
   1 desorbed
   1 designed
   1 designated
   1 descriptions
   1 depressions
   1 depletion
   1 depends
   1 demonstration
   1 demonstrates
   1 demand
   1 delphill
   1 delineation
   1 definitions
   1 def
   1 decreasing
   1 decreases
   1 debatable
   1 dealing
   1 deal
   1 days
   1 date
   1 dashes
   1 dams
   1 daisy
   1 customary
   1 current
   1 csee
   1 crossbedded
   1 crops
   1 cropland
   1 crocodilian
   1 criterion
   1 cretaceous
   1 coverage
   1 counteracted
   1 cothran
   1 corresponding
   1 correspond
   1 correlated
   1 correcting
   1 corners
   1 copy
   1 cooperative
   1 convey
   1 converting
   1 converted
   1 contribution
   1 continues
   1 containing
   1 contained
   1 contacts
   1 contact
   1 cont
   1 constricted
   1 constant
   1 consistency
   1 considers
   1 consideration
   1 considerably
   1 conservative
   1 consequences
   1 consecutive
   1 conjunction
   1 congress
   1 confined
   1 conference
   1 conduits
   1 conducted
   1 conductance
   1 concurrent
   1 concretions
   1 concluding
   1 computing
   1 computerized
   1 computation
   1 comprising
   1 comprised
   1 comprise
   1 composite
   1 component
   1 complexly
   1 completion
   1 completed
   1 complete
   1 compete
   1 compensates
   1 comparable
   1 compacted
   1 communities
   1 commission
   1 commerce
   1 combinations
   1 column
   1 colstrip
   1 color
   1 colluvium
   1 colluvial
   1 coarse
   1 cluc
   1 closest
   1 closer
   1 closed
   1 close
   1 clipping
   1 climatic
   1 cliff
   1 clear
   1 clays
   1 clay
   1 classified
   1 classification
   1 civil
   1 cited
   1 circular
   1 chiseling
   1 chickweed
   1 charges
   1 character
   1 chapter
   1 chances
   1 cgl
   1 cft
   1 cfs
   1 cfig
   1 certainly
   1 ceases
   1 cbd
   1 causes
   1 caused
   1 cathartic
   1 category
   1 casper
   1 case
   1 carries
   1 carbonate
   1 capacility
   1 capable
   1 capabilities
   1 calculation
   1 calculating
   1 calcium
   1 burned
   1 bulletin
   1 buckwheat
   1 browse
   1 brown
   1 broad
   1 brief
   1 brian
   1 breaks
   1 breakdown
   1 bozeman
   1 boundaries
   1 book
   1 boieode
   1 blue
   1 blow
   1 blocks
   1 blazon
   1 birdfaet
   1 biological
   1 bie
   1 bicarbonate
   1 better
   1 benefit
   1 bedstraw
   1 bate
   1 basincharacteristic
   1 baseline
   1 axis
   1 away
   1 authors
   1 augered
   1 auger
   1 attractive
   1 attract
   1 attempts
   1 attained
   1 atn
   1 aster
   1 assumption
   1 assigning
   1 aspect
   1 areally
   1 arch
   1 approximations
   1 approximated
   1 approaching
   1 appreciable
   1 appraisal
   1 applicability
   1 appear
   1 apparent
   1 appalachian
   1 anticipated
   1 answer
   1 annually
   1 annotated
   1 analyzed
   1 ana
   1 among
   1 amc
   1 always
   1 already
   1 alleviate
   1 ajlba
   1 ajid
   1 airphoto
   1 aid
   1 agree
   1 aggregates
   1 aggraded
   1 agency
   1 affects
   1 adversely
   1 adverse
   1 advantages
   1 advantageously
   1 adsorb
   1 administration
   1 adjusts
   1 adjustment
   1 adjusting
   1 adjoining
   1 adequacy
   1 added
   1 adaptations
   1 activities
   1 acting
   1 across
   1 acquired
   1 accumulate
   1 accounting
   1 accounted
   1 account
   1 accordance
   1 accomplish
   1 accelerate
   1 absorbed
   1 absence
