  46 usa
  44 chevron
  18 unocal
  18 map
  14 california
  11 survey
  10 geol
   9 sandstone
   9 quadrangle
   9 miocene
   9 formation
   8 table
   8 los
   7 well
   7 upper
   7 geologic
   7 cienegas
   7 angeles
   6 southern
   6 scale
   6 sand
   6 pleistocene
   6 lamar
   6 hollywood
   6 data
   5 wilton
   5 signal
   5 shale
   5 sec
   5 middle
   5 arco
   4 yerkes
   4 union
   4 ucla
   4 tpn
   4 total
   4 thickness
   4 rpt
   4 preliminary
   4 paper
   4 morton
   4 located
   4 locally
   4 las
   4 hoots
   4 holocene
   4 geology
   4 geological
   4 exploratory
   4 cretaceous
   4 county
   4 conglomerate
   4 community
   4 collection
   4 bedded
   4 baldwin
   4 approximately
   4 age
   3 wells
   3 usgs
   3 siltstone
   3 silt
   3 showing
   3 santa
   3 pliocene
   3 others
   3 open
   3 occidental
   3 name
   3 monica
   3 hills
   3 fossil
   3 file
   3 dotted
   3 depth
   3 contains
   3 concealed
   3 clay
   3 cemented
   3 canyon
   3 aminoil
   3 alluvium
   2 years
   2 wentworth
   2 wall
   2 vol
   2 univ
   2 units
   2 topanga
   2 tinsley
   2 tfl
   2 supporting
   2 stratigraphy
   2 stratigraphic
   2 sources
   2 source
   2 soft
   2 showalter
   2 shell
   2 series
   2 scales
   2 report
   2 refers
   2 qsp
   2 qpv
   2 qls
   2 qayl
   2 qay
   2 qao
   2 product
   2 poland
   2 petrol
   2 paleocene
   2 original
   2 operator
   2 number
   2 north
   2 mountains
   2 mohnian
   2 mines
   2 miller
   2 microfossil
   2 metric
   2 menlo
   2 mapping
   2 mapped
   2 macrofossil
   2 lower
   2 layers
   2 kleinpell
   2 kgr
   2 kennedy
   2 isno
   2 interbedded
   2 inferred
   2 indicates
   2 hsu
   2 highland
   2 gravel
   2 grained
   2 generally
   2 form
   2 foraminifera
   2 fitzgibbon
   2 fish
   2 eastern
   2 east
   2 div
   2 digital
   2 deposits
   2 dana
   2 cpi
   2 comtn
   2 comm
   2 colburn
   2 city
   2 campbell
   2 burke
   2 beds
   2 ation
   2 area
   2 amer
   2 amazon
   2 alacarte
   2 adams
   2 abs
   1 youd
   1 wil
   1 west
   1 weber
   1 waters
   1 vista
   1 vesicular
   1 verne
   1 verdes
   1 venice
   1 vavreh
   1 vailable
   1 utah
   1 usually
   1 using
   1 user
   1 use
   1 unnamed
   1 unit
   1 undifferentiated
   1 underlies
   1 unconsolidated
   1 uncemented
   1 tuna
   1 tulsa
   1 troughline
   1 treiman
   1 transverse
   1 trade
   1 tpnl
   1 tower
   1 topo
   1 tnpiled
   1 tijera
   1 thus
   1 thinly
   1 thin
   1 thick
   1 texaco
   1 tertiary
   1 terrace
   1 tan
   1 systems
   1 system
   1 syncline
   1 symbols
   1 surficial
   1 sullivan
   1 subject
   1 strike
   1 stocker
   1 std
   1 standards
   1 stages
   1 stage
   1 stability
   1 spl
   1 spec
   1 soc
   1 smj
   1 slumps
   1 slope
   1 slightly
   1 sixteen
   1 sinnott
   1 simi
   1 silver
   1 siliceous
   1 shire
   1 sheared
   1 sepm
   1 seibu
   1 see
   1 school
   1 scanned
   1 saul
   1 saturn
   1 sanborn
   1 san
   1 sample
   1 salvation
   1 royalty
   1 roseberry
   1 rom
   1 rocks
   1 roads
   1 road
   1 reviewed
   1 repettianwheelerian
   1 release
   1 referred
   1 references
   1 redlands
   1 recessed
   1 rec
   1 rare
   1 ranges
   1 queried
   1 quaternary
   1 quartz
   1 quadrangles
   1 purposes
   1 punky
   1 puente
   1 projectcamp
   1 progresses
   1 products
   1 probable
   1 priuminary
   1 prepared
   1 potential
   1 poorly
   1 pollack
   1 pll
   1 perkins
   1 pedro
   1 pebbly
   1 pebble
   1 part
   1 parks
   1 park
   1 paramount
   1 palos
   1 pactel
   1 packard
   1 pacific
   1 pac
   1 operatoii
   1 ooo
   1 one
   1 older
   1 old
   1 oil
   1 obscure
   1 nterface
   1 novak
   1 novack
   1 nonmarine
   1 nomenclature
   1 nichols
   1 ngeles
   1 names
   1 murphy
   1 mountain
   1 mostly
   1 mollusks
   1 mojave
   1 modification
   1 moderately
   1 modelo
   1 minor
   1 middlefield
   1 micaceous
   1 medium
   1 materials
   1 massive
   1 marlow
   1 manuscript
   1 made
   1 luisian
   1 loyola
   1 locality
   1 localities
   1 liquefaction
   1 line
   1 limonitic
   1 less
   1 laurel
   1 late
   1 largely
   1 landslide
   1 laminated
   1 lake
   1 jefferson
   1 james
   1 jakobsen
   1 introduction
   1 interior
   1 interbeds
   1 institute
   1 inglewood
   1 information
   1 index
   1 includes
   1 include
   1 inclined
   1 imply
   1 igital
   1 hydrology
   1 hornblende
   1 horizon
   1 hoover
   1 homestead
   1 hobart
   1 historically
   1 high
   1 hard
   1 half
   1 guiberson
   1 ground
   1 gray
   1 graph
   1 granitic
   1 government
   1 gis
   1 geochronology
   1 genesee
   1 garrett
   1 garey
   1 front
   1 freeways
   1 fourth
   1 fossiliferous
   1 flooded
   1 fissile
   1 first
   1 firm
   1 fine
   1 fill
   1 fig
   1 fhlol
   1 fernando
   1 fee
   1 fault
   1 fairfax
   1 exposed
   1 explanation
   1 evaluating
   1 esearch
   1 equivalents
   1 eographic
   1 eocene
   1 environmental
   1 enlarged
   1 endorsement
   1 elysian
   1 elmo
   1 elevatiofl
   1 electric
   1 editorial
   1 edition
   1 dublin
   1 drlg
   1 drilled
   1 drainages
   1 drainage
   1 doubtful
   1 dlg
   1 djustments
   1 district
   1 dissected
   1 dip
   1 diorite
   1 digitally
   1 diatomaceous
   1 desert
   1 descriptive
   1 description
   1 dept
   1 department
   1 cutter
   1 crestline
   1 cover
   1 country
   1 correlation
   1 corp
   1 contours
   1 contact
   1 consolidated
   1 conglomeratic
   1 conformity
   1 conform
   1 concretions
   1 complex
   1 compiled
   1 compilation
   1 commonly
   1 commercial
   1 collections
   1 colbwm
   1 code
   1 coarsegrained
   1 coarse
   1 coal
   1 club
   1 civic
   1 cited
   1 cienega
   1 chiefly
   1 chert
   1 chen
   1 chemical
   1 character
   1 center
   1 carnation
   1 calculated
   1 calcareous
   1 broadway
   1 brasher
   1 boundary
   1 boundaries
   1 blvd
   1 black
   1 bixel
   1 biotite
   1 bedrock
   1 bedding
   1 basement
   1 base
   1 basalt
   1 avaialable
   1 assoc
   1 asic
   1 ase
   1 artificial
   1 army
   1 areas
   1 areal
   1 anticline
   1 ana
   1 american
   1 ambassador
   1 also
   1 albany
   1 active
   1 abundant
