 101 massachusetts
  87 sediment
  69 harbor
  60 sediments
  60 bay
  59 water
  59 boston
  54 data
  51 flow
  44 current
  42 bottom
  39 bays
  35 figure
  35 fig
  33 outfall
  33 areas
  32 transport
  32 region
  30 area
  29 usgs
  29 currents
  28 new
  26 survey
  26 contaminants
  25 tidal
  25 contaminant
  25 concentrations
  24 measurements
  24 circulation
  23 cape
  22 western
  22 samples
  22 location
  21 monitoring
  21 information
  21 environmental
  20 studies
  20 station
  20 site
  20 sedimentary
  20 observations
  20 geological
  19 rates
  19 mean
  19 cod
  18 program
  18 mixing
  17 map
  16 within
  16 summer
  16 sea
  16 model
  16 material
  16 environments
  16 bothner
  15 results
  15 may
  15 fall
  15 concentration
  15 accumulation
  14 winter
  14 sidescan
  14 seasonal
  14 report
  14 provide
  14 pattern
  14 mapping
  14 floor
  14 distribution
  14 depth
  13 wind
  13 surface
  13 study
  13 strong
  13 shown
  13 see
  13 component
  12 spatial
  12 sand
  12 processes
  12 particle
  12 large
  12 found
  12 collected
  12 coastal
  12 changes
  11 typically
  11 signell
  11 showing
  11 river
  11 quality
  11 physical
  11 models
  11 levels
  11 knebel
  11 geologic
  11 field
  11 exchange
  11 available
  10 well
  10 weak
  10 variability
  10 used
  10 trap
  10 suspended
  10 sonar
  10 ppm
  10 patterns
  10 ocean
  10 near
  10 maps
  10 made
  10 gravel
  10 column
   9 waves
   9 time
   9 texture
   9 stellwagen
   9 sewage
   9 point
   9 north
   9 deposition
   9 collection
   9 associated
   9 around
   8 winds
   8 variable
   8 university
   8 transported
   8 top
   8 temperature
   8 residual
   8 protection
   8 one
   8 oldale
   8 moored
   8 metals
   8 marine
   8 long
   8 flushing
   8 contaminated
   8 butman
   8 biological
   8 basis
   8 agency
   7 would
   7 wave
   7 tides
   7 stratification
   7 storms
   7 spring
   7 speed
   7 shelf
   7 scientists
   7 resuspended
   7 resources
   7 rendigs
   7 regions
   7 records
   7 rationale
   7 race
   7 plans
   7 part
   7 objectives
   7 noaa
   7 mosaic
   7 mooring
   7 modeling
   7 management
   7 major
   7 less
   7 key
   7 investigators
   7 higher
   7 ellipses
   7 digital
   7 developed
   7 december
   7 consistent
   7 complex
   7 caused
   7 bank
   7 background
   7 analyzed
   7 also
   7 accumulate
   6 vicinity
   6 travel
   6 surficial
   6 support
   6 sources
   6 solid
   6 sites
   6 simulation
   6 silver
   6 set
   6 september
   6 resuspension
   6 providing
   6 principal
   6 per
   6 parts
   6 particles
   6 note
   6 modern
   6 mixed
   6 maximum
   6 likely
   6 including
   6 framework
   6 form
   6 excursions
   6 events
   6 erosion
   6 detailed
   6 deep
   6 date
   6 daily
   6 continental
   6 conducted
   6 change
   6 box
   6 boundary
   6 boulders
   6 bhdmf
   6 bathymetric
   6 base
   6 average
   6 authority
   6 array
   6 analysis
   6 along
   6 across
   5 wide
   5 wastes
   5 using
   5 united
   5 tip
   5 throughout
   5 strongest
   5 stress
   5 stations
   5 states
   5 shows
   5 several
   5 rise
   5 richard
   5 represent
   5 provided
   5 proposed
   5 properties
   5 present
   5 periods
   5 perfringens
   5 obtained
   5 numerical
   5 mwra
   5 michael
   5 mercury
   5 matter
   5 maine
   5 located
   5 lead
   5 inventories
   5 inlets
   5 inflow
   5 indicate
   5 important
   5 geology
   5 future
   5 forcing
   5 essential
   5 epa
   5 end
   5 distance
   5 depths
   5 depressions
   5 depositional
   5 deeper
   5 day
   5 cores
   5 core
   5 coast
   5 brown
   5 baywide
   5 baseline
   5 arrows
   4 woods
   4 various
   4 variety
   4 understanding
   4 understand
   4 typical
   4 trust
   4 trends
   4 treated
   4 transmission
   4 toxicity
   4 toxic
   4 toward
   4 times
   4 threshold
   4 technical
   4 system
   4 symbol
   4 surveys
   4 supported
   4 summary
   4 suggests
   4 suggest
   4 subbottom
   4 steady
   4 spores
   4 small
   4 similar
   4 side
   4 show
   4 sheltered
   4 shallow
   4 sensitive
   4 scaled
   4 sampling
   4 released
   4 related
   4 regional
   4 range
   4 provides
   4 progress
   4 profiles
   4 previously
   4 pressure
   4 period
   4 outflow
   4 originates
   4 organizations
   4 office
   4 october
   4 oceanographic
   4 occur
   4 objective
   4 national
   4 moving
   4 morgan
   4 meters
   4 merrimack
   4 measured
   4 mass
   4 manheim
   4 longitude
   4 locations
   4 light
   4 june
   4 introduction
   4 inner
   4 include
   4 images
   4 image
   4 hotchkiss
   4 hole
   4 hills
   4 high
   4 hathaway
   4 gulf
   4 gram
   4 grained
   4 fluctuations
   4 flows
   4 february
   4 fate
   4 experiment
   4 evaluate
   4 establish
   4 ellipse
   4 effects
   4 east
   4 dumping
   4 due
   4 document
   4 distributions
   4 distances
   4 discharge
   4 direction
   4 different
   4 develop
   4 determine
   4 designed
   4 deposits
   4 deposit
   4 density
   4 cycles
   4 covering
   4 correspond
   4 cooperation
   4 cooks
   4 control
   4 contain
   4 constricted
   4 components
   4 coarse
   4 clostridium
   4 channels
   4 centered
   4 buoy
   4 bradford
   4 basin
   4 based
   4 arrow
   4 approximately
   4 ann
   4 analyses
   4 aid
   4 adjacent
   4 address
   4 acoustic
   4 account
   3 years
   3 whoi
   3 weakest
   3 waters
   3 vmcm
   3 vertical
   3 use
   3 units
   3 topographic
   3 swept
   3 stronger
   3 storm
   3 speeds
   3 south
   3 sonographs
   3 sonograph
   3 slag
   3 size
   3 shores
   3 selected
   3 seismic
   3 sed
   3 salinity
   3 reworking
   3 revealed
   3 respectively
   3 resolved
   3 research
   3 reflectivity
   3 references
   3 red
   3 recovery
   3 questions
   3 processed
   3 problems
   3 press
   3 potentially
   3 polluted
   3 pollutants
   3 pollutant
   3 plymouth
   3 photography
   3 photographs
   3 patches
   3 parmenter
   3 panel
   3 overall
   3 outer
   3 organic
   3 opportunity
   3 often
   3 oceanography
   3 observed
   3 navigational
   3 much
   3 mortality
   3 morphology
   3 miscellaneous
   3 meter
   3 memorandum
   3 mapped
   3 many
   3 make
   3 lows
   3 low
   3 logistical
   3 local
   3 lnb
   3 late
   3 larger
   3 investigate
   3 interpretations
   3 interpretation
   3 intensive
   3 integration
   3 instrumentation
   3 institution
   3 infrequent
   3 incorporate
   3 includes
   3 identified
   3 hypothesis
   3 hydroqual
   3 hurricane
   3 however
   3 help
   3 guard
   3 greater
   3 gravity
   3 glass
   3 general
   3 four
   3 flats
   3 finer
   3 file
   3 executive
   3 erosional
   3 elevated
   3 efficient
   3 dry
   3 documented
   3 diverse
   3 dissolved
   3 disposal
   3 discharged
   3 difference
   3 development
   3 deployment
   3 demonstrate
   3 define
   3 database
   3 coverage
   3 copper
   3 consortium
   3 conditions
   3 comprehensive
   3 completed
   3 complete
   3 compilation
   3 collects
   3 cited
   3 chemical
   3 channel
   3 causes
   3 catastrophic
   3 broad
   3 bob
   3 begin
   3 bathymetry
   3 averaged
   3 august
   3 atmospheric
   3 appendices
   3 annual
   3 administration
   3 addition
   2 zinc
   2 year
   2 world
   2 white
   2 west
   2 welldefined
   2 weight
   2 weaker
   2 waste
   2 washington
   2 varying
   2 vary
   2 varies
   2 variations
   2 validation
   2 useful
   2 unpublished
   2 uniform
   2 unh
   2 undisturbed
   2 umass
   2 types
   2 type
   2 two
   2 turbidity
   2 tripod
   2 trend
   2 traps
   2 transmissometer
   2 trajectories
   2 trace
   2 tone
   2 timing
   2 till
   2 tide
   2 thus
   2 though
   2 therefore
   2 tested
   2 techniques
   2 tabular
   2 table
   2 symposium
   2 surveyed
   2 surrounding
   2 supplemented
   2 superimposed
   2 suggesting
   2 successive
   2 subtidal
   2 subsurface
   2 subsequent
   2 studied
   2 status
   2 sss
   2 spore
   2 specific
   2 special
   2 spacing
   2 southwesterly
   2 southwest
   2 southerly
   2 software
   2 society
   2 sludge
   2 sizes
   2 since
   2 silt
   2 short
   2 shore
   2 sheets
   2 shale
   2 seven
   2 series
   2 second
   2 season
   2 seafloor
   2 seabed
   2 scituate
   2 scientific
   2 schlee
   2 sanctuary
   2 sampler
   2 sample
   2 runs
   2 runoff
   2 roughly
   2 reworked
   2 resuspend
   2 resulting
   2 response
   2 representative
   2 release
   2 relatively
   2 reflection
   2 recent
   2 readily
   2 reached
   2 rate
   2 rapidly
   2 rapid
   2 quickly
   2 pumped
   2 prominences
   2 produced
   2 probably
   2 principally
   2 previous
   2 presented
   2 preparation
   2 predictive
   2 predict
   2 potential
   2 physics
   2 pettigrew
   2 periphery
   2 pathways
   2 past
   2 particularly
   2 overview
   2 organisms
   2 order
   2 operation
   2 oma
   2 offshore
   2 oct
   2 oceanic
   2 occurs
   2 oaet
   2 november
   2 nov
   2 nos
   2 northern
   2 need
   2 must
   2 muds
   2 mud
   2 movement
   2 months
   2 mix
   2 minimum
   2 metropolitan
   2 methods
   2 metal
   2 mechanisms
   2 measure
   2 means
   2 materials
   2 mason
   2 makes
   2 majority
   2 maintained
   2 mainland
   2 mab
   2 lyman
   2 level
   2 lauzier
   2 john
   2 jenter
   2 jan
   2 issues
   2 irish
   2 inventory
   2 intervals
   2 interannual
   2 intense
   2 integrated
   2 insular
   2 initially
   2 influence
   2 indicating
   2 indicates
   2 importance
   2 hurricanes
   2 horizontal
   2 highly
   2 heavy
   2 harry
   2 harley
   2 hand
   2 hampshire
   2 habitats
   2 gray
   2 gravelly
   2 grain
   2 gradients
   2 grab
   2 glacial
   2 geyer
   2 geometry
   2 geochemical
   2 gardner
   2 fully
   2 frequency
   2 frank
   2 fragments
   2 followed
   2 fluxes
   2 fitzgerald
   2 finest
   2 fine
   2 figs
   2 fieldwork
   2 feb
   2 extremely
   2 extending
   2 exceed
   2 exact
   2 eventually
   2 even
   2 estimated
   2 estimate
   2 environment
   2 entrances
   2 entrance
   2 either
   2 effort
   2 effect
   2 eastern
   2 earlier
   2 driven
   2 drifters
   2 drifter
   2 display
   2 dispersion
   2 direct
   2 diffusers
   2 difficult
   2 determining
   2 describe
   2 deposited
   2 deployed
   2 dec
   2 darkest
   2 crusius
   2 crucial
   2 criteria
   2 cover
   2 counterclockwise
   2 coordinated
   2 contour
   2 contents
   2 contamination
   2 containing
   2 constructed
   2 consists
   2 conducting
   2 conceived
   2 computer
   2 completely
   2 complements
   2 common
   2 committee
   2 collect
   2 closely
   2 chromium
   2 characterized
   2 characteristic
   2 centers
   2 cause
   2 capability
   2 cadmium
   2 bumpus
   2 bottles
   2 blumberg
   2 blanketed
   2 bigelow
   2 bick
   2 baselines
   2 bacterium
   2 away
   2 avs
   2 augmented
   2 assess
   2 appropriate
   2 appear
   2 apparently
   2 apparent
   2 amount
   2 although
   2 agreement
   2 adsorb
   2 adequately
   2 added
   2 adapted
   2 acknowledgements
   2 accurate
   2 accumulated
   2 accessible
   1 zwinakis
   1 zone
   1 york
   1 yielding
   1 yielc
   1 yellow
   1 workshop
   1 working
   1 work
   1 woodhead
   1 wisconsinan
   1 willett
   1 wilkins
   1 whether
   1 westward
   1 wehmiller
   1 weeks
   1 wavelengths
   1 volume
   1 vincenzo
   1 vigorous
   1 video
   1 vibracores
   1 verticiil
   1 vertically
   1 verbal
   1 veiy
   1 vector
   1 varied
   1 values
   1 valid
   1 valentine
   1 utilizing
   1 utilize
   1 usinj
   1 users
   1 ury
   1 upwelling
   1 upward
   1 upper
   1 underway
   1 undertaken
   1 underlie
   1 uncontaminated
   1 uncertainties
   1 umn
   1 ultimate
   1 ude
   1 ubtidal
   1 typi
   1 twichell
   1 turbulent
   1 turbulence
   1 triangles
   1 trento
   1 treatment
   1 trapped
   1 transfer
   1 tranquil
   1 trade
   1 tracked
   1 track
   1 traced
   1 toxicities
   1 toro
   1 topography
   1 tlie
   1 tied
   1 tie
   1 tidally
   1 thsn
   1 thresholds
   1 thought
   1 thermocline
   1 therein
   1 texturally
   1 textural
   1 text
   1 testing
   1 test
   1 tender
   1 ten
   1 ted
   1 targets
   1 talks
   1 take
   1 systems
   1 synthesizing
   1 syntheses
   1 swells
   1 surprising
   1 supports
   1 sund
   1 sulfides
   1 sulfide
   1 suggested
   1 substances
   1 submitted
   1 subcommittee
   1 structure
   1 strongly
   1 stripes
   1 striking
   1 strength
   1 streaky
   1 stratified
   1 strahle
   1 stracture
   1 storage
   1 steps
   1 state
   1 starting
   1 standards
   1 standard
   1 ssolved
   1 spreadsheet
   1 southward
   1 southern
   1 southeastward
   1 source
   1 smooth
   1 smith
   1 smaller
   1 slowly
   1 sloping
   1 slopes
   1 siting
   1 sit
   1 single
   1 simulations
   1 signed
   1 signatures
   1 shorelines
   1 ship
   1 shards
   1 shape
   1 shales
   1 seventh
   1 sets
   1 serve
   1 serious
   1 serial
   1 sequestering
   1 sequentially
   1 sequence
   1 sepm
   1 sensing
   1 selecting
   1 seen
   1 sedime
   1 sedim
   1 sections
   1 secondary
   1 seawater
   1 scope
   1 schematic
   1 scenarios
   1 scan
   1 scales
   1 scale
   1 satellite
   1 sampled
   1 rrrrrrrrj
   1 routine
   1 roughness
   1 rom
   1 rock
   1 roads
   1 rnmnrrn
   1 rlav
   1 rivei
   1 rive
   1 ripples
   1 ripple
   1 rim
   1 right
   1 reviews
   1 reverses
   1 reverse
   1 reversal
   1 reveals
   1 retrieval
   1 resuspensibn
   1 result
   1 responsible
   1 researchers
   1 represents
   1 representing
   1 represented
   1 reports
   1 reported
   1 remove
   1 remote
   1 remaining
   1 remain
   1 relative
   1 relationships
   1 regioh
   1 regime
   1 regarding
   1 reflects
   1 reflector
   1 reflections
   1 ref
   1 reduces
   1 reduced
   1 redeployed
   1 rectangular
   1 recovered
   1 recorded
   1 recompile
   1 recently
   1 received
   1 realistic
   1 reactions
   1 rather
   1 ralph
   1 quiet
   1 quaternary
   1 quantitative
   1 quantifying
   1 quantifiable
   1 purposes
   1 published
   1 publication
   1 public
   1 proved
   1 properly
   1 propagation
   1 profiling
   1 profile
   1 processing
   1 process
   1 prior
   1 printing
   1 primary
   1 presumed
   1 presently
   1 presence
   1 prepared
   1 preferred
   1 preferentially
   1 preferential
   1 preference
   1 predicting
   1 precise
   1 pre
   1 practicable
   1 poster
   1 possibility
   1 population
   1 poor
   1 points
   1 pnh
   1 plots
   1 ples
   1 plates
   1 plan
   1 place
   1 pilot
   1 pill
   1 picture
   1 photograph
   1 photo
   1 petrology
   1 pertinent
   1 pertaining
   1 periodically
   1 perhaps
   1 pcbs
   1 pblloni
   1 pathway
   1 patch
   1 passed
   1 particulates
   1 parameters
   1 pan
   1 paleozoic
   1 page
   1 oxygen
   1 outside
   1 outlined
   1 outline
   1 outfalls
   1 others
   1 oston
   1 oscillatory
   1 oriented
   1 orientation
   1 orgamsms
   1 optics
   1 onto
   1 onshore
   1 ong
   1 older
   1 old
   1 occurrence
   1 occurred
   1 obtain
   1 objects
   1 nutrients
   1 numerous
   1 northward
   1 northeastern
   1 northeasterly
   1 northeast
   1 nonstorm
   1 nonlinear
   1 nondeposition
   1 niutl
   1 nickel
   1 niccel
   1 next
   1 newfoundland
   1 net
   1 necessary
   1 navigation
   1 nautical
   1 nature
   1 natural
   1 names
   1 muddy
   1 mouth
   1 motions
   1 motion
   1 moorings
   1 monitor
   1 moderate
   1 mobility
   1 missed
   1 miscoding
   1 mind
   1 mile
   1 might
   1 methodology
   1 meteorology
   1 mesh
   1 merging
   1 menimack
   1 men
   1 member
   1 median
   1 mechanism
   1 measuring
   1 measures
   1 measurement
   1 mbds
   1 martini
   1 maritime
   1 marilyn
   1 march
   1 managers
   1 managed
   1 manage
   1 maintain
   1 mainly
   1 mainh
   1 magnitude
   1 magni
   1 longterm
   1 longer
   1 lognormal
   1 locally
   1 locality
   1 literature
   1 listed
   1 link
   1 lines
   1 line
   1 limited
   1 lightest
   1 lie
   1 lew
   1 lengths
   1 leaving
   1 leather
   1 least
   1 layers
   1 latter
   1 land
   1 laminated
   1 lacustrine
   1 lack
   1 known
   1 knowledge
   1 kilometers
   1 journal
   1 job
   1 jctivity
   1 jcjxic
   1 jackimovicz
   1 italy
   1 issue
   1 isotopes
   1 isolated
   1 islands
   1 isertation
   1 irregular
   1 iollutant
   1 involved
   1 investigator
   1 interval
   1 interpreted
   1 interpret
   1 intermediate
   1 interior
   1 interchangeable
   1 interaction
   1 interacted
   1 inter
   1 integral
   1 instruments
   1 instrumented
   1 insight
   1 input
   1 inorganic
   1 inne
   1 initiated
   1 initial
   1 ingres
   1 influences
   1 individual
   1 indicative
   1 indication
   1 indicated
   1 indefinitely
   1 increasing
   1 increased
   1 increase
   1 incomplete
   1 included
   1 improve
   1 imply
   1 implemented
   1 impacted
   1 illustrates
   1 iefined
   1 identifying
   1 identifies
   1 idem
   1 icm
   1 hydrography
   1 hundred
   1 hour
   1 holocene
   1 history
   1 historical
   1 histogram
   1 hill
   1 heights
   1 heath
   1 heat
   1 harbors
   1 grnvol
   1 grid
   1 greatly
   1 gratefully
   1 graphics
   1 government
   1 goodbred
   1 glazer
   1 glaciomarine
   1 glaciation
   1 glaciated
   1 glacially
   1 giving
   1 gives
   1 geographical
   1 generated
   1 generally
   1 gasket
   1 gap
   1 galilee
   1 fur
   1 fundamental
   1 function
   1 full
   1 fshore
   1 friction
   1 freshwater
   1 fresh
   1 frequently
   1 frequent
   1 fouling
   1 former
   1 format
   1 forcings
   1 forced
   1 follow
   1 folio
   1 folger
   1 flux
   1 flush
   1 florida
   1 flooc
   1 fletcher
   1 fisheries
   1 fish
   1 fiscal
   1 finally
   1 final
   1 fill
   1 figures
   1 feet
   1 featureless
   1 factional
   1 facilities
   1 facilitate
   1 ezzmcan
   1 extensive
   1 extend
   1 exported
   1 exploration
   1 explain
   1 experiments
   1 expensive
   1 expected
   1 expanded
   1 exit
   1 exists
   1 existing
   1 existed
   1 exist
   1 exchanged
   1 exception
   1 except
   1 excellent
   1 exceeded
   1 example
   1 examine
   1 examination
   1 eventual
   1 evaluating
   1 europe
   1 etc
   1 estimating
   1 estimates
   1 established
   1 especially
   1 errors
   1 environmentally
   1 entire
   1 enhance
   1 england
   1 endorsement
   1 ended
   1 encompasses
   1 emerged
   1 embayment
   1 elongated
   1 elliptical
   1 elevations
   1 efforts
   1 effluent
   1 efficiently
   1 efficiency
   1 effective
   1 editing
   1 ebb
   1 easterly
   1 dynamically
   1 dynamical
   1 dyed
   1 duration
   1 drumlins
   1 drift
   1 dredged
   1 drag
   1 doppler
   1 dominated
   1 documentation
   1 ditoro
   1 displays
   1 dispersal
   1 discrete
   1 discovered
   1 directional
   1 diluted
   1 diiections
   1 digitally
   1 detect
   1 design
   1 descriptive
   1 description
   1 describing
   1 derived
   1 depthaveraged
   1 depressant
   1 deployments
   1 depict
   1 depend
   1 department
   1 delta
   1 degrees
   1 degree
   1 definitions
   1 defining
   1 decreases
   1 decrease
   1 days
   1 dark
   1 dann
   1 dailyaveraged
   1 curran
   1 crustal
   1 crop
   1 critical
   1 crew
   1 crests
   1 create
   1 courtesy
   1 coupled
   1 could
   1 cotj
   1 corridor
   1 correspondence
   1 correlation
   1 correcting
   1 cooperators
   1 cooperatively
   1 cooperative
   1 contours
   1 contouring
   1 contoured
   1 continuous
   1 continue
   1 contains
   1 contained
   1 constitute
   1 consisting
   1 consisted
   1 cons
   1 confirms
   1 conductivity
   1 conduct
   1 condition
   1 concurrently
   1 conclusions
   1 concluded
   1 concerning
   1 concerned
   1 conceptual
   1 concentrated
   1 con
   1 compositional
   1 composition
   1 complication
   1 complicated
   1 complexity
   1 compiling
   1 compiled
   1 compile
   1 compatible
   1 comparing
   1 compared
   1 comparable
   1 companies
   1 combination
   1 columbia
   1 color
   1 coasts
   1 close
   1 clockwise
   1 clay
   1 cjl
   1 citizens
   1 cheng
   1 chemistry
   1 charlestown
   1 characterizing
   1 characterize
   1 characteristics
   1 chapter
   1 centimeter
   1 center
   1 cdrom
   1 casulli
   1 carrying
   1 carried
   1 carefully
   1 captain
   1 candidates
   1 camera
   1 calibration
   1 calculation
   1 calculating
   1 burial
   1 buoyancy
   1 bulletin
   1 buchholtz
   1 brink
   1 briefings
   1 brief
   1 bridge
   1 boumers
   1 boti
   1 bothnev
   1 bothnert
   1 botdes
   1 book
   1 board
   1 blue
   1 blank
   1 blackwood
   1 benthic
   1 benefitted
   1 bell
   1 beginning
   1 bedrock
   1 bedforms
   1 bed
   1 basic
   1 backround
   1 attributes
   1 atop
   1 atlas
   1 asymmetry
   1 assuming
   1 assumes
   1 assistance
   1 assessment
   1 assessing
   1 aspect
   1 arshore
   1 armored
   1 arid
   1 archive
   1 arbor
   1 april
   1 approximate
   1 approaching
   1 application
   1 applicable
   1 appears
   1 answer
   1 anonymous
   1 anniversary
   1 ancillary
   1 anay
   1 analytical
   1 amplitude
   1 amounts
   1 american
   1 america
   1 altered
   1 als
   1 already
   1 alone
   1 ally
   1 allows
   1 allowing
   1 allowed
   1 allow
   1 alan
   1 aided
   1 agreeing
   1 aggregate
   1 agent
   1 agencies
   1 affects
   1 affairs
   1 advisory
   1 advantage
   1 adsorption
   1 adjoining
   1 additionally
   1 additional
   1 add
   1 acute
   1 acts
   1 activity
   1 activities
   1 action
   1 act
   1 acknowledged
   1 accurately
   1 accumulations
   1 according
   1 accomplishments
   1 access
   1 absence
   1 able
   1 ability
