 108 east
 105 meadow
 105 brook
  96 area
  87 nassau
  83 county
  71 headwaters
  62 study
  60 flow
  59 york
  59 new
  59 island
  58 long
  57 recharge
  54 water
  54 runoff
  51 survey
  48 geological
  47 stormflow
  47 base
  45 precipitation
  43 stream
  41 fig
  40 streamflow
  39 storm
  39 drainage
  35 basin
  34 urbanization
  34 total
  31 upstream
  31 part
  28 streams
  28 others
  28 levels
  27 westbury
  27 station
  27 gaging
  27 discharge
  26 relation
  25 storms
  25 rainfall
  25 effects
  24 data
  23 percent
  23 hydrologic
  23 channel
  22 per
  22 peak
  21 table
  21 surface
  21 feet
  20 vicinity
  20 urban
  20 intensity
  19 volume
  19 investigations
  19 gage
  19 direct
  18 sewers
  18 report
  18 recorded
  18 observation
  18 figure
  18 cubic
  18 conditions
  18 aquifer
  17 soils
  16 within
  16 upper
  16 soil
  16 march
  16 downstream
  16 deposits
  15 system
  15 stations
  15 sand
  15 paper
  15 land
  14 simmons
  14 showing
  14 shallow
  14 infiltration
  14 inches
  14 impervious
  14 glacial
  14 franke
  13 increase
  12 stormwater
  12 pleistocene
  12 map
  12 amount
  11 two
  11 stage
  11 result
  11 rates
  11 effect
  11 clay
  10 wells
  10 used
  10 state
  10 spinello
  10 site
  10 series
  10 prince
  10 november
  10 network
  10 mineola
  10 measured
  10 major
  10 location
  10 hydrology
   9 volumes
   9 variables
   9 topographic
   9 surfaces
   9 since
   9 second
   9 professional
   9 maximum
   9 ground
   9 department
   9 areas
   8 would
   8 well
   8 value
   8 urbanized
   8 time
   8 techniques
   8 suffolk
   8 sanitary
   8 rate
   8 raritan
   8 rain
   8 predevelopment
   8 much
   8 meltwater
   8 late
   8 june
   8 indicated
   8 increased
   8 hydrograph
   8 flows
   8 dry
   8 consists
   8 average
   7 throughout
   7 temperature
   7 summary
   7 streambed
   7 southern
   7 south
   7 sewer
   7 research
   7 record
   7 meter
   7 magnitude
   7 loam
   7 indicate
   7 increases
   7 highly
   7 high
   7 gravel
   7 formation
   7 depth
   7 curves
   7 cretaceous
   7 bedrock
   7 annual
   7 along
   7 adjacent
   7 acres
   6 years
   6 units
   6 tributaries
   6 square
   6 smolensky
   6 shown
   6 several
   6 seaburn
   6 scorca
   6 relations
   6 reilly
   6 pluhowski
   6 plot
   6 natural
   6 min
   6 measurements
   6 mcclymonds
   6 lounsbury
   6 local
   6 indicates
   6 hempstead
   6 found
   6 foot
   6 evapotranspiration
   6 development
   6 december
   6 counties
   6 construction
   6 cohen
   6 chap
   6 channels
   6 central
   6 book
   6 aquifers
   6 altitude
   5 wulforst
   5 waterresources
   5 unit
   5 underlying
   5 surrounding
   5 summer
   5 studies
   5 recent
   5 reach
   5 rapid
   5 quality
   5 produced
   5 present
   5 period
   5 outwash
   5 one
   5 north
   5 near
   5 model
   5 minutes
   5 millions
   5 member
   5 loss
   5 lloyd
   5 linear
   5 less
   5 introduction
   5 hours
   5 graph
   5 geology
   5 frederick
   5 first
   5 factors
   5 duration
   5 discharges
   5 directly
   5 determine
   5 description
   5 describes
   5 described
   5 decrease
   5 component
   5 collected
   5 cobb
   5 characteristics
   5 caused
   5 buxton
   5 attributed
   5 age
   4 year
   4 wide
   4 weather
   4 use
   4 undeveloped
   4 unconsolidated
   4 typically
   4 typical
   4 thus
   4 three
   4 sulam
   4 standard
   4 season
   4 sea
   4 routed
   4 reynolds
   4 represent
   4 regional
   4 rapidly
   4 probably
   4 plotted
   4 permeability
   4 periods
   4 park
   4 october
   4 ocean
   4 number
   4 minor
   4 midnight
   4 mean
   4 magothy
   4 lower
   4 low
   4 ljj
   4 level
   4 krulikas
   4 intervals
   4 installed
   4 included
   4 however
   4 holocene
   4 hollis
   4 groundwater
   4 function
   4 form
   4 fluctuations
   4 flowed
   4 equation
   4 eisenhower
   4 early
   4 dominated
   4 decline
   4 datum
   4 date
   4 culvert
   4 contribution
   4 content
   4 components
   4 chow
   4 changes
   4 calculated
   4 bulletin
   4 beneath
   4 averaged
   4 associated
   4 analysis
   4 although
   4 also
   3 yield
   3 wulfhorst
   3 winter
   3 whereas
   3 west
   3 usgs
   3 underlain
   3 unconformity
   3 unconformably
   3 types
   3 type
   3 transducers
   3 tidewater
   3 suter
   3 surficial
   3 stumm
   3 stratigraphic
   3 stormflows
   3 stages
   3 spring
   3 southwestern
   3 somers
   3 small
   3 slopes
   3 significant
   3 sheet
   3 sharp
   3 sewering
   3 sewered
   3 seasonal
   3 schneider
   3 scatter
   3 sandy
   3 rose
   3 results
   3 regime
   3 references
   3 reduction
   3 reaches
   3 precambrian
   3 point
   3 peterson
   3 permeable
   3 perlmutter
   3 parkway
   3 paleozoic
   3 outlet
   3 occurs
   3 networks
   3 necessitated
   3 moraine
   3 months
   3 modified
   3 minute
   3 mile
   3 methods
   3 method
   3 measurement
   3 meadowbrook
   3 may
   3 material
   3 management
   3 lowest
   3 loams
   3 llj
   3 lines
   3 kilpatrick
   3 kilometers
   3 kilometer
   3 kantrowitz
   3 interpreted
   3 intense
   3 instead
   3 infiltrates
   3 indicating
   3 including
   3 impermeable
   3 hydraulic
   3 highways
   3 highest
   3 great
   3 garber
   3 four
   3 former
   3 fisher
   3 fill
   3 explanation
   3 evaporation
   3 error
   3 drains
   3 drain
   3 districts
   3 district
   3 discusses
   3 differences
   3 define
   3 deep
   3 decreases
   3 decreased
   3 davidian
   3 could
   3 correlation
   3 considered
   3 conclusions
   3 concern
   3 cited
   3 causes
   3 carter
   3 buchanan
   3 boundary
   3 beds
   3 become
   3 bays
   3 bay
   3 basins
   3 antecedent
   3 among
   3 altered
   2 yearly
   2 works
   2 wilson
   2 wilsey
   2 watertable
   2 watersupply
   2 waste
   2 village
   2 vertical
   2 variations
   2 variable
   2 variability
   2 values
   2 using
   2 unsewered
   2 unlined
   2 undifferentiated
   2 troughs
   2 treatment
   2 together
   2 till
   2 thin
   2 thereafter
   2 supply
   2 subsystem
   2 storage
   2 statistical
   2 source
   2 slope
   2 singer
   2 similar
   2 silt
   2 sidewalks
   2 shorter
   2 shore
   2 sharply
   2 sewerage
   2 severely
   2 service
   2 sequence
   2 september
   2 semilogarithmic
   2 sediment
   2 section
   2 seasonally
   2 scope
   2 sawyer
   2 savini
   2 sassafras
   2 roofs
   2 roads
   2 rise
   2 retention
   2 resulting
   2 resulted
   2 rest
   2 response
   2 respectively
   2 resources
   2 represents
   2 removal
   2 relatively
   2 region
   2 refers
   2 recharged
   2 received
   2 ratings
   2 range
   2 quantify
   2 purpose
   2 public
   2 properties
   2 procedure
   2 previous
   2 pressure
   2 presents
   2 prepared
   2 preliminary
   2 plymouth
   2 plans
   2 planning
   2 plan
   2 plain
   2 philip
   2 percentage
   2 peaks
   2 patterns
   2 past
   2 parts
   2 particular
   2 parking
   2 parallel
   2 overlying
   2 operated
   2 onset
   2 occurred
   2 numerical
   2 northern
   2 ncdpw
   2 narrow
   2 munns
   2 movement
   2 moraines
   2 minimal
   2 miller
   2 mavis
   2 matawan
   2 made
   2 limits
   2 lenses
   2 length
   2 leaving
   2 large
   2 known
   2 kimmel
   2 kennedy
   2 kammerer
   2 july
   2 journal
   2 john
   2 james
   2 investigated
   2 intermittent
   2 interflow
   2 instantaneous
   2 inlet
   2 information
   2 hydrographs
   2 hydrogeology
   2 hour
   2 henry
   2 headwater
   2 gravelly
   2 gradient
   2 glaciation
   2 geraghty
   2 geohydrology
   2 geographic
   2 geodetic
   2 generally
   2 general
   2 gallons
   2 gages
   2 frequency
   2 freezing
   2 freeport
   2 figures
   2 field
   2 fetter
   2 february
   2 features
   2 fall
   2 extensive
   2 extends
   2 extended
   2 except
   2 excavation
   2 entire
   2 enters
   2 entailed
   2 engineering
   2 end
   2 encompasses
   2 elevations
   2 eastern
   2 drought
   2 drilling
   2 drained
   2 divides
   2 divided
   2 distance
   2 discrete
   2 digitized
   2 different
   2 derived
   2 degrees
   2 declines
   2 declined
   2 current
   2 coram
   2 cooperation
   2 control
   2 contributions
   2 contributing
   2 continuously
   2 continued
   2 contents
   2 contains
   2 contained
   2 contain
   2 constructed
   2 consistently
   2 consistent
   2 consist
   2 conservation
   2 connected
   2 confining
   2 conduits
   2 combined
   2 changed
   2 ceases
   2 called
   2 brown
   2 bounded
   2 board
   2 beginning
   2 becomes
   2 baseflow
   2 bailey
   2 august
   2 attendant
   2 aronson
   2 april
   2 applied
   2 analyzed
   2 amounts
   2 allow
   2 agriculture
   2 affect
   2 adjustment
   2 acknowledgments
   2 accounted
   2 abstract
   2 abbreviations
   1 zone
   1 zero
   1 zauter
   1 write
   1 woodland
   1 wiley
   1 watertransmitting
   1 watershed
   1 wastewater
   1 wallace
   1 wait
   1 vol
   1 viscosity
   1 verify
   1 velocity
   1 uppermost
   1 unpaginated
   1 university
   1 united
   1 undulating
   1 turn
   1 tributary
   1 trends
   1 trend
   1 travel
   1 transportation
   1 transpiration
   1 transformed
   1 tracing
   1 tracers
   1 town
   1 tions
   1 tion
   1 times
   1 threatened
   1 thickness
   1 thick
   1 thereby
   1 thanks
   1 tests
   1 terminal
   1 termed
   1 term
   1 temperatures
   1 tdo
   1 taps
   1 tables
   1 systems
   1 surveys
   1 supplemented
   1 sunlight
   1 summarizes
   1 summarized
   1 subtracted
   1 subsystems
   1 substantiate
   1 substantially
   1 subside
   1 subsequently
   1 subsea
   1 subparallel
   1 subject
   1 studied
   1 strong
   1 stress
   1 streets
   1 street
   1 streamflowgaging
   1 stratified
   1 strategy
   1 stops
   1 stockar
   1 steep
   1 statistically
   1 states
   1 standing
   1 specific
   1 southwestward
   1 southwest
   1 southward
   1 southeastward
   1 southeastern
   1 southeast
   1 sound
   1 solely
   1 smaller
   1 slugs
   1 slightly
   1 situation
   1 simulations
   1 simulation
   1 simulate
   1 simplifies
   1 silty
   1 shows
   1 show
   1 shopping
   1 shift
   1 shernoff
   1 sheets
   1 severe
   1 setauket
   1 services
   1 septic
   1 selected
   1 seepage
   1 seen
   1 see
   1 sediments
   1 sections
   1 secretary
   1 screened
   1 scientist
   1 science
   1 scale
   1 samples
   1 salty
   1 saltwater
   1 russell
   1 rural
   1 routes
   1 route
   1 roughly
   1 ronkonkoma
   1 roger
   1 rising
   1 risen
   1 ridges
   1 ridge
   1 rickard
   1 revealed
   1 returns
   1 resting
   1 responded
   1 reshaped
   1 required
   1 reports
   1 remove
   1 remaining
   1 remained
   1 regimen
   1 reflection
   1 recurrence
   1 recording
   1 reconnaissance
   1 recharging
   1 receive
   1 reason
   1 reached
   1 rating
   1 rather
   1 ranked
   1 ranged
   1 quickly
   1 queens
   1 quaternary
   1 quarter
   1 quantitative
   1 purchased
   1 pumping
   1 publishing
   1 providing
   1 provided
   1 property
   1 programmed
   1 process
   1 procedures
   1 primarily
   1 prevents
   1 prevented
   1 press
   1 prediction
   1 preceding
   1 power
   1 potential
   1 poststorm
   1 positions
   1 porosity
   1 populations
   1 points
   1 plots
   1 plants
   1 placed
   1 piece
   1 pervious
   1 perpendicular
   1 permanently
   1 perimeter
   1 pavement
   1 paved
   1 overwhelm
   1 overlies
   1 overlie
   1 overland
   1 outward
   1 outflow
   1 othersa
   1 originates
   1 ontp
   1 omitted
   1 ohio
   1 obtained
   1 obtain
   1 nssau
   1 northeastern
   1 northeast
   1 normally
   1 normal
   1 nonpumping
   1 nno
   1 ngvd
   1 nets
   1 negligible
   1 nearby
   1 naturally
   1 national
   1 museum
   1 municipal
   1 multiply
   1 mulligan
   1 moves
   1 mouth
   1 mostly
   1 moran
   1 morainal
   1 monthly
   1 monitor
   1 moisture
   1 moderately
   1 models
   1 modeling
   1 minus
   1 minimum
   1 minimize
   1 millimeter
   1 miles
   1 meters
   1 merrill
   1 merges
   1 mental
   1 melting
   1 meandered
   1 mcgraw
   1 markedly
   1 marked
   1 maps
   1 mapping
   1 mapped
   1 many
   1 maintained
   1 magnitudes
   1 magnified
   1 macmillan
   1 lowering
   1 lots
   1 lot
   1 lost
   1 longer
   1 log
   1 locations
   1 locally
   1 loading
   1 little
   1 linearly
   1 line
   1 lindner
   1 lies
   1 leakage
   1 leaflet
   1 layers
   1 latter
   1 later
   1 lasted
   1 larger
   1 lakes
   1 lacking
   1 katz
   1 julian
   1 jacob
   1 islandwide
   1 isachsen
   1 iowa
   1 investigation
   1 interval
   1 interstream
   1 intersect
   1 interior
   1 interbedded
   1 instruments
   1 instrumented
   1 instrumentation
   1 installation
   1 insignificant
   1 inflows
   1 infinite
   1 infiltrate
   1 infilling
   1 individual
   1 indicator
   1 index
   1 increasingly
   1 incorporation
   1 inch
   1 inaccuracies
   1 important
   1 impact
   1 illustrates
   1 iii
   1 ifim
   1 ice
   1 hydraulically
   1 humidity
   1 howe
   1 housing
   1 hills
   1 hill
   1 higher
   1 helped
   1 hauppauge
   1 harbaugh
   1 handbook
   1 guide
   1 guidance
   1 growth
   1 groups
   1 groupmagothy
   1 grouping
   1 greater
   1 gray
   1 gordon
   1 glacier
   1 getzen
   1 geologic
   1 gently
   1 gaining
   1 fringe
   1 freshwater
   1 framework
   1 fraction
   1 fourth
   1 fosters
   1 forms
   1 formerly
   1 formed
   1 formations
   1 fmodified
   1 fluorometric
   1 fluctuated
   1 floods
   1 flat
   1 flashy
   1 flashier
   1 five
   1 fineto
   1 fine
   1 filled
   1 figs
   1 feed
   1 fed
   1 feasibility
   1 faster
   1 farther
   1 falls
   1 fahrenheit
   1 factor
   1 expressw
   1 expressed
   1 existing
   1 exceeds
   1 exceedingly
   1 exceeding
   1 excavated
   1 eventually
   1 evaluation
   1 evaluate
   1 estimation
   1 estimated
   1 estimate
   1 established
   1 eroded
   1 equipped
   1 equipment
   1 environmental
   1 entry
   1 entirely
   1 entering
   1 enough
   1 encountered
   1 empty
   1 elevation
   1 either
   1 effectiveness
   1 effective
   1 educations
   1 eaton
   1 earth
   1 earlier
   1 dyedilution
   1 dye
   1 dukes
   1 driveways
   1 doubled
   1 divide
   1 diurnally
   1 distribution
   1 distinct
   1 disrupted
   1 disproportionate
   1 disposal
   1 discussed
   1 discrepancy
   1 discontinuous
   1 discharging
   1 discerned
   1 director
   1 direction
   1 dipping
   1 diminished
   1 diminish
   1 difficult
   1 differentiated
   1 devices
   1 developments
   1 developed
   1 determined
   1 detected
   1 detail
   1 describe
   1 depths
   1 depression
   1 deposited
   1 deposit
   1 depicts
   1 dependent
   1 denver
   1 dence
   1 delaguna
   1 degree
   1 defined
   1 deeply
   1 deepest
   1 declining
   1 day
   1 dataloggers
   1 datalogger
   1 damage
   1 daily
   1 cycle
   1 culverts
   1 crossing
   1 create
   1 cover
   1 corridors
   1 corresponding
   1 correspond
   1 correlating
   1 correlate
   1 copies
   1 conversion
   1 controlled
   1 contributes
   1 contribute
   1 contrasts
   1 contamination
   1 constant
   1 consisting
   1 consisted
   1 consequence
   1 connetquot
   1 connecticut
   1 confluence
   1 confines
   1 confined
   1 conductivity
   1 conductance
   1 comprises
   1 comprehensive
   1 composition
   1 compilation
   1 community
   1 communities
   1 commission
   1 commercial
   1 columbus
   1 college
   1 coincides
   1 coefficient
   1 coast
   1 climate
   1 clarence
   1 chemical
   1 characterize
   1 centimeter
   1 centers
   1 celsius
   1 cedent
   1 ceased
   1 carrying
   1 carries
   1 canada
   1 calendar
   1 calculation
   1 calculate
   1 bruce
   1 briefly
   1 brian
   1 branch
   1 box
   1 boundaries
   1 bldg
   1 best
   1 begins
   1 began
   1 beers
   1 basis
   1 baseline
   1 bacterial
   1 babbitt
   1 augmentation
   1 attributable
   1 attempt
   1 atlas
   1 atlantic
   1 association
   1 assistance
   1 assigned
   1 assessment
   1 artificial
   1 art
   1 arrival
   1 areal
   1 application
   1 anticipated
   1 ancestral
   1 analog
   1 american
   1 altitudes
   1 alternatives
   1 allowed
   1 akf
   1 air
   1 ainf
   1 ahearn
   1 agricultural
   1 ages
   1 affecting
   1 affected
   1 aeration
   1 adequacy
   1 additional
   1 addition
   1 actual
   1 across
