  19 eoline
  18 formation
  17 samples
  16 specimens
  14 species
  14 microfauna
  14 cretaceous
  14 alabama
  13 outcrop
  13 core
  12 thecamoebina
  12 fauna
  10 tests
  10 described
  10 coker
   9 shale
   9 member
   9 foraminiferal
   8 western
   8 near
   8 eargle
   8 county
   8 applin
   7 saunders
   7 conant
   7 bolli
   6 tuscaloosa
   6 survey
   6 subsurface
   6 saccammina
   6 monroe
   6 hole
   6 genera
   6 fossil
   6 foraminifera
   6 far
   6 cushman
   6 boykin
   6 also
   5 woodbine
   5 well
   5 upper
   5 present
   5 one
   5 north
   5 marine
   5 forms
   5 discussed
   5 cut
   5 character
   5 assemblages
   4 vasicek
   4 stated
   4 small
   4 shallow
   4 several
   4 sediments
   4 recent
   4 probably
   4 preserved
   4 possible
   4 part
   4 outcropping
   4 millettella
   4 middle
   4 microfossils
   4 group
   4 georgia
   4 geol
   4 generally
   4 found
   4 feet
   4 eocene
   4 description
   4 clay
   4 area
   3 would
   3 water
   3 walls
   3 type
   3 study
   3 statement
   3 specimen
   3 similar
   3 seems
   3 sand
   3 sample
   3 rocks
   3 research
   3 represented
   3 proteonina
   3 plain
   3 origin
   3 oil
   3 mississippi
   3 miocene
   3 microfossil
   3 microfaunas
   3 material
   3 many
   3 lithology
   3 however
   3 gray
   3 grains
   3 given
   3 geological
   3 genus
   3 fragments
   3 fine
   3 faunas
   3 eolinensis
   3 depth
   3 depositional
   3 deposited
   3 counties
   3 correlation
   3 content
   3 contains
   3 conditions
   3 common
   3 coastal
   3 centropyxis
   3 bottom
   3 average
   3 assignment
   3 arenaceous
   3 age
   2 written
   2 wells
   2 usnm
   2 united
   2 twiggs
   2 true
   2 trochammina
   2 top
   2 todd
   2 though
   2 therefore
   2 thecamoebinas
   2 test
   2 tarrant
   2 suggest
   2 streaks
   2 stratigraphy
   2 strata
   2 states
   2 sparse
   2 southern
   2 show
   2 section
   2 salinity
   2 saccamminidae
   2 ruth
   2 rhizopoda
   2 regarding
   2 recorded
   2 record
   2 quality
   2 probable
   2 prelim
   2 prantlitina
   2 plate
   2 petroleum
   2 perfectly
   2 particularly
   2 paper
   2 order
   2 old
   2 obtained
   2 new
   2 neshoba
   2 neck
   2 narrow
   2 mollusks
   2 minute
   2 microfossiliferous
   2 mentioned
   2 megafossils
   2 may
   2 made
   2 logs
   2 locality
   2 lithologic
   2 leptodermella
   2 lenses
   2 length
   2 leaf
   2 large
   2 lamar
   2 lagunculina
   2 known
   2 inv
   2 inner
   2 inehes
   2 indicate
   2 haplophragmoides
   2 habitat
   2 gulf
   2 geologists
   2 geographic
   2 gas
   2 fossils
   2 foram
   2 foot
   2 follows
   2 finely
   2 figured
   2 fig
   2 feature
   2 faunal
   2 fannin
   2 family
   2 esther
   2 erroneously
   2 environment
   2 end
   2 eastern
   2 early
   2 distorted
   2 definitely
   2 dark
   2 cores
   2 contained
   2 contain
   2 concentrate
   2 composition
   2 completely
   2 collected
   2 classification
   2 chart
   2 characteristic
   2 carboniferous
   2 carbonian
   2 carbonaceous
   2 cahill
   2 broad
   2 border
   2 bibb
   2 belongs
   2 attention
   2 atkinson
   2 associated
   2 assoc
   2 approximate
   2 aperture
   2 ammobaculites
   2 although
   1 zone
   1 yielded
   1 writers
   1 wood
   1 wish
   1 white
   1 west
   1 waters
   1 washed
   1 vick
   1 valley
   1 utter
   1 usual
   1 using
   1 urnulina
   1 updip
   1 unlikely
   1 unlike
   1 uniform
   1 unfortunately
   1 undivided
   1 undamaged
   1 unattached
   1 typical
   1 traces
   1 traced
   1 tiny
   1 time
   1 thinner
   1 thinly
   1 thin
   1 thick
   1 thence
   1 thanks
   1 text
   1 texas
   1 tenninates
   1 tendered
   1 tan
   1 taken
   1 systematic
   1 synonomy
   1 surface
   1 suggesting
   1 subject
   1 sturdy
   1 studies
   1 structure
   1 strongly
   1 stromberg
   1 streams
   1 stl
   1 south
   1 somewhat
   1 socs
   1 smaller
   1 slitlike
   1 size
   1 single
   1 sincere
   1 simulate
   1 simplified
   1 silty
   1 silt
   1 short
   1 shelled
   1 shelf
   1 shape
   1 semns
   1 seed
   1 secured
   1 scattered
   1 sbornik
   1 satisfactory
   1 sars
   1 sandy
   1 sampling
   1 saccarnrnina
   1 ruzicka
   1 run
   1 road
   1 rizopods
   1 results
   1 resolving
   1 resemblance
   1 representatives
   1 reported
   1 report
   1 relatively
   1 related
   1 regional
   1 region
   1 referred
   1 references
   1 reeves
   1 reduction
   1 recovery
   1 recovered
   1 reasoning
   1 reasonably
   1 ratio
   1 rather
   1 ranging
   1 quote
   1 quiet
   1 question
   1 pyrite
   1 published
   1 provided
   1 problem
   1 preservation
   1 presence
   1 preferred
   1 preferable
   1 preface
   1 predators
   1 preceding
   1 prague
   1 postulated
   1 postdepositional
   1 possibilities
   1 poor
   1 pontigulasia
   1 pods
   1 pls
   1 plotted
   1 plant
   1 permission
   1 paucity
   1 particles
   1 paratypes
   1 paragraph
   1 page
   1 owing
   1 overlying
   1 overall
   1 outer
   1 outcrops
   1 ostrea
   1 opinion
   1 occurs
   1 occurrences
   1 observed
   1 observable
   1 numerous
   1 number
   1 noted
   1 northern
   1 normal
   1 none
   1 narrowly
   1 namurian
   1 mus
   1 muddy
   1 much
   1 moderately
   1 moderate
   1 miss
   1 miloslav
   1 miles
   1 mieroscopic
   1 micaceous
   1 mica
   1 method
   1 matter
   1 materials
   1 marengo
   1 manuscript
   1 make
   1 macrofossil
   1 lviiocene
   1 low
   1 location
   1 located
   1 locally
   1 localities
   1 lmninated
   1 lll
   1 littoral
   1 lip
   1 lignitized
   1 life
   1 liberty
   1 lewisville
   1 levels
   1 leaving
   1 leaves
   1 layer
   1 laterally
   1 lateral
   1 late
   1 laminated
   1 lagoonal
   1 lab
   1 kindness
   1 kindly
   1 justify
   1 judge
   1 irregular
   1 inferred
   1 indisputably
   1 indigenous
   1 indicative
   1 inclusion
   1 include
   1 inches
   1 impressions
   1 imperfectly
   1 illustration
   1 illustrated
   1 ignored
   1 identified
   1 identical
   1 hypothetical
   1 hundred
   1 holotype
   1 highly
   1 help
   1 greene
   1 grayson
   1 grateful
   1 globular
   1 glauconite
   1 give
   1 generic
   1 general
   1 gave
   1 frrom
   1 frmn
   1 fresh
   1 fragile
   1 fourth
   1 formations
   1 formational
   1 form
   1 foraminifer
   1 following
   1 florida
   1 flexible
   1 flexibility
   1 fissile
   1 finer
   1 figures
   1 farm
   1 fairly
   1 facies
   1 express
   1 exposure
   1 explanation
   1 explain
   1 except
   1 evidently
   1 evidence
   1 establish
   1 essential
   1 especially
   1 eore
   1 eontained
   1 entirely
   1 engaged
   1 employed
   1 elliptical
   1 elinor
   1 either
   1 edge
   1 ecology
   1 earliest
   1 drawings
   1 downdip
   1 doubt
   1 dominant
   1 divisions
   1 district
   1 distribution
   1 distance
   1 discussion
   1 discovered
   1 dijflugia
   1 different
   1 dies
   1 diameter
   1 diagnostic
   1 desire
   1 descriptive
   1 descriptions
   1 describe
   1 deposits
   1 deposition
   1 denton
   1 deltaic
   1 degree
   1 deformed
   1 deflandre
   1 definite
   1 cyclopyxis
   1 crushed
   1 cross
   1 creek
   1 covered
   1 courtesy
   1 could
   1 corroborative
   1 correlated
   1 continental
   1 contents
   1 contemporaneous
   1 contamination
   1 contaminated
   1 containing
   1 constricted
   1 consists
   1 considering
   1 consider
   1 consented
   1 connection
   1 conjectural
   1 conglomerate
   1 compression
   1 compressed
   1 composed
   1 completing
   1 comparing
   1 compared
   1 compare
   1 compaction
   1 compact
   1 communication
   1 collectors
   1 coast
   1 coarseness
   1 coal
   1 clearly
   1 clayey
   1 classified
   1 chitinous
   1 chips
   1 chipped
   1 chiefly
   1 characteristically
   1 change
   1 chamber
   1 certain
   1 centreville
   1 called
   1 call
   1 calhoun
   1 buried
   1 bulletin
   1 building
   1 brownish
   1 brown
   1 breadth
   1 brackish
   1 bottoms
   1 borings
   1 bohuslav
   1 beyond
   1 beneath
   1 belong
   1 beds
   1 basis
   1 basal
   1 baked
   1 badly
   1 back
   1 available
   1 authors
   1 assistance
   1 assigned
   1 assert
   1 assemblage
   1 ascribed
   1 article
   1 arrangement
   1 arodni
   1 approximately
   1 appropriate
   1 appreciation
   1 applins
   1 applied
   1 apparently
   1 apertural
   1 answered
   1 ancient
   1 amount
   1 ammotium
   1 ammobaculoides
   1 almost
   1 alike
   1 aid
   1 agency
   1 acknowledgments
   1 account
   1 accompanying
   1 abundant
   1 abundance
   1 abstract
   1 absolutely
   1 abruptly
   1 abandoned
