 200 gold
 166 see
  78 district
  76 tanana
  56 mining
  53 bedrock
  51 springs
  51 hot
  50 gulch
  48 loc
  41 production
  40 deep
  40 cassiterite
  38 also
  37 gravel
  31 silver
  30 quartz
  29 tin
  28 sullivan
  28 reported
  24 probably
  24 placer
  24 creek
  23 concentrates
  23 bench
  22 total
  22 minook
  21 small
  21 little
  19 melozitna
  19 bar
  18 valley
  18 slate
  18 report
  18 part
  18 much
  18 data
  18 concentrate
  17 tributary
  17 magnetite
  17 contain
  16 woodchopper
  16 tofty
  16 monazite
  16 ilmenite
  16 american
  15 rampart
  15 quartzite
  15 quad
  15 pyrite
  15 discovered
  14 veins
  14 stream
  14 references
  14 phyllite
  14 muck
  14 mines
  14 may
  14 gravels
  14 chromite
  13 zircon
  13 tozimoran
  13 samples
  13 pioneer
  13 nuggets
  13 mainly
  13 lower
  13 includes
  12 rocks
  12 recently
  12 prospecting
  12 pay
  12 one
  12 north
  12 minerals
  12 many
  12 geological
  12 eureka
  12 contained
  12 benches
  11 thick
  11 survey
  11 placers
  11 picotite
  11 per
  11 least
  11 lead
  11 fine
  11 cache
  10 reference
  10 places
  10 mined
  10 hanson
  10 galena
  10 bureau
  10 basin
  10 barite
  10 approx
   9 upper
   9 tailings
   9 several
   9 schist
   9 paleozoic
   9 native
   9 miller
   9 garnet
   9 cretaceous
   9 copper
   8 tributaries
   8 streak
   8 near
   8 morelock
   8 limestone
   8 large
   8 iocs
   8 glen
   8 fineness
   8 dome
   8 derived
   8 cut
   8 area
   8 alaska
   7 wide
   7 wall
   7 vein
   7 top
   7 surface
   7 silt
   7 shale
   7 sedimentary
   7 rich
   7 prospect
   7 ounces
   7 omega
   7 occurrence
   7 location
   7 known
   7 idaho
   7 hematite
   7 east
   7 containing
   7 boulder
   7 beneath
   7 aeschynite
   6 trib
   6 tourmaline
   6 terraces
   6 shirley
   6 possibly
   6 piles
   6 old
   6 niobium
   6 new
   6 narrow
   6 mouth
   6 mercury
   6 locally
   6 killarney
   6 johnson
   6 indicated
   6 include
   6 heavy
   6 grit
   6 greenstone
   6 graywacke
   6 granite
   6 frozen
   6 found
   6 cinnabar
   6 channel
   6 bock
   6 belt
   6 albrecht
   5 york
   5 years
   5 tungsten
   5 thin
   5 summaries
   5 sporadic
   5 sphene
   5 seattle
   5 schistose
   5 scheelite
   5 sandstone
   5 sample
   5 recovery
   5 reconcentrated
   5 mineral
   5 map
   5 howell
   5 harter
   5 drilling
   5 deposits
   5 crevices
   5 columbite
   5 chert
   5 big
   5 basal
   5 avnet
   5 angular
   5 alluvium
   4 upstream
   4 thousands
   4 tertiary
   4 tens
   4 south
   4 source
   4 siltstone
   4 shotty
   4 sheared
   4 shallow
   4 series
   4 run
   4 rock
   4 reports
   4 present
   4 parallel
   4 overlain
   4 operated
   4 nugget
   4 mynook
   4 mtn
   4 mine
   4 metamorphosed
   4 material
   4 manganese
   4 mafic
   4 lode
   4 local
   4 largest
   4 intrusive
   4 hunter
   4 holes
   4 exploration
   4 depth
   4 continued
   4 consists
   4 coarse
   4 bright
   4 baldry
   4 auriferous
   4 asymmetrical
   4 association
   4 amount
   4 adit
   4 across
   3 world
   3 work
   3 within
   3 width
   3 well
   3 war
   3 used
   3 unfrozen
   3 terrace
   3 supplement
   3 strike
   3 steeper
   3 spots
   3 snyder
   3 side
   3 show
   3 shafts
   3 said
   3 rounded
   3 rough
   3 rhode
   3 ran
   3 quadrangle
   3 psilomelane
   3 prospected
   3 pieces
   3 permian
   3 parts
   3 oxidized
   3 overburden
   3 ordovician
   3 open
   3 occurrences
   3 moran
   3 maps
   3 lynx
   3 livengood
   3 lists
   3 list
   3 largely
   3 june
   3 jones
   3 island
   3 irregular
   3 included
   3 inches
   3 igneous
   3 hydraulic
   3 hutlinana
   3 hundred
   3 high
   3 ground
   3 grant
   3 grains
   3 grade
   3 golden
   3 given
   3 fragments
   3 form
   3 first
   3 ferguson
   3 feet
   3 farmer
   3 early
   3 driven
   3 drill
   3 draw
   3 drains
   3 diabase
   3 deposit
   3 dalton
   3 cuts
   3 crystals
   3 creeks
   3 cracks
   3 coonie
   3 cobbles
   3 broad
   3 body
   3 bismuth
   3 barren
   3 average
   3 associates
   3 assays
   3 assay
   3 ash
   3 amounts
   3 along
   2 zones
   2 yukon
   2 xenotime
   2 wild
   2 webories
   2 vertebrate
   2 valleys
   2 usbm
   2 underlain
   2 uncertain
   2 two
   2 tufty
   2 tuff
   2 triassic
   2 trenches
   2 ton
   2 tilleson
   2 thousand
   2 thereafter
   2 thanksgiving
   2 systematic
   2 synonyms
   2 sun
   2 sulfides
   2 successful
   2 streams
   2 stibnite
   2 stewart
   2 sporadically
   2 soon
   2 skookum
   2 short
   2 shevlin
   2 shear
   2 serpentinized
   2 selected
   2 schieffelin
   2 sand
   2 rutile
   2 rubble
   2 roughtop
   2 roughly
   2 remains
   2 reliable
   2 released
   2 recorded
   2 record
   2 rather
   2 purkeypile
   2 prospects
   2 preceded
   2 poorly
   2 pliocene
   2 pits
   2 pile
   2 pebbles
   2 owners
   2 others
   2 orange
   2 operators
   2 operations
   2 oakley
   2 numbered
   2 nickel
   2 names
   2 moraine
   2 monzonite
   2 mineralized
   2 midnight
   2 middle
   2 melozimoran
   2 mclean
   2 mckinzie
   2 mckinley
   2 mccaskey
   2 main
   2 low
   2 linder
   2 lincoln
   2 lieber
   2 later
   2 last
   2 jurassic
   2 junction
   2 jordan
   2 jarvi
   2 interior
   2 interbedded
   2 innesvale
   2 information
   2 hutlina
   2 hootlenana
   2 homestake
   2 hokeley
   2 hill
   2 headwaters
   2 heads
   2 hansen
   2 group
   2 greenish
   2 graphitic
   2 goose
   2 gentler
   2 frank
   2 format
   2 foot
   2 folded
   2 flows
   2 float
   2 fisher
   2 file
   2 failed
   2 faces
   2 essentially
   2 entire
   2 end
   2 eagle
   2 dry
   2 drifting
   2 drift
   2 dredging
   2 downstream
   2 doric
   2 dolomite
   2 division
   2 distributed
   2 disseminated
   2 discontinuous
   2 dike
   2 diameter
   2 devonian
   2 depths
   2 department
   2 defined
   2 dean
   2 danielson
   2 crystal
   2 crossed
   2 cover
   2 course
   2 cooney
   2 contains
   2 considerable
   2 colorado
   2 cobb
   2 cobalt
   2 clear
   2 claim
   2 citations
   2 circular
   2 cheer
   2 chalcopyrite
   2 cerussite
   2 cambrian
   2 bulletin
   2 brown
   2 brookite
   2 brock
   2 boothby
   2 bonanza
   2 biotite
   2 began
   2 bed
   2 bear
   2 base
   2 barrett
   2 bargery
   2 baker
   2 averaged
   2 attached
   2 argillite
   2 argentiferous
   2 antimony
   2 analyses
   2 abundant
   2 abe
   1 zone
   1 zickwolff
   1 yds
   1 worth
   1 worn
   1 workable
   1 wood
   1 without
   1 winter
   1 white
   1 west
   1 wells
   1 weighing
   1 weathered
   1 wallick
   1 vogt
   1 veinlets
   1 variable
   1 usual
   1 users
   1 unverified
   1 unnamed
   1 unless
   1 unknown
   1 united
   1 unconfirmed
   1 ultramafic
   1 trees
   1 trbutary
   1 toftaker
   1 tiny
   1 throughout
   1 thomas
   1 thickness
   1 thawing
   1 tetradymite
   1 test
   1 territorial
   1 terraced
   1 terminated
   1 terminate
   1 tematic
   1 tdm
   1 taken
   1 tailing
   1 swampy
   1 surveys
   1 support
   1 sunk
   1 summary
   1 summarized
   1 suggestions
   1 sufficient
   1 subangular
   1 studies
   1 stringers
   1 streaks
   1 straw
   1 stratigraphic
   1 straridberg
   1 stockwork
   1 states
   1 statement
   1 standards
   1 standard
   1 staked
   1 stained
   1 specifically
   1 southeast
   1 sold
   1 soft
   1 sniping
   1 slough
   1 slopewash
   1 sliderock
   1 slaty
   1 site
   1 since
   1 silurian
   1 signs
   1 siderite
   1 shown
   1 showed
   1 shovelling
   1 shirely
   1 shipments
   1 semiresidual
   1 seed
   1 seams
   1 schists
   1 scale
   1 sampled
   1 rusty
   1 ruby
   1 rosa
   1 rollershaped
   1 rolke
   1 ridgetop
   1 ridge
   1 richest
   1 richer
   1 richards
   1 rhodonite
   1 rhodochrosite
   1 rewritten
   1 reworked
   1 reviewed
   1 results
   1 result
   1 rests
   1 resluicing
   1 residual
   1 requiring
   1 reportedly
   1 remnants
   1 regional
   1 red
   1 recovered
   1 random
   1 raining
   1 radovich
   1 rachel
   1 quartzcarbonate
   1 pyrrhotized
   1 pyrrhotite
   1 pyrolusite
   1 pyritized
   1 pumpkin
   1 publication
   1 prospectors
   1 program
   1 profitable
   1 professional
   1 produced
   1 pringle
   1 principal
   1 presents
   1 preparing
   1 prepared
   1 preliminary
   1 precambrian
   1 pranksters
   1 prank
   1 practicable
   1 pounds
   1 possible
   1 poker
   1 pluton
   1 plotted
   1 planted
   1 phyllitic
   1 penetrate
   1 pebble
   1 pearl
   1 patterson
   1 partly
   1 particularly
   1 parentheses
   1 paper
   1 pans
   1 pan
   1 pamphlet
   1 owner
   1 overlying
   1 overlies
   1 overlie
   1 original
   1 origin
   1 operating
   1 olga
   1 older
   1 occurs
   1 observed
   1 numbers
   1 number
   1 northeast
   1 nonmetallic
   1 none
   1 nomenclature
   1 ness
   1 nelson
   1 nearly
   1 nearby
   1 name
   1 moxham
   1 mountain
   1 monzonitic
   1 montana
   1 mohawk
   1 modern
   1 miscellaneous
   1 mis
   1 minute
   1 mineralization
   1 minable
   1 millianich
   1 milky
   1 miles
   1 midgeley
   1 micaceous
   1 metasedimentary
   1 metamorphic
   1 metallic
   1 mesozoic
   1 mention
   1 mellianic
   1 medium
   1 mcvicar
   1 mclaughlin
   1 mcgee
   1 materials
   1 masses
   1 mask
   1 marshall
   1 markedly
   1 mark
   1 marietta
   1 malachite
   1 make
   1 major
   1 luck
   1 lorain
   1 loose
   1 long
   1 loess
   1 located
   1 localized
   1 listed
   1 linberg
   1 limonite
   1 limit
   1 libraries
   1 ley
   1 level
   1 less
   1 lenses
   1 layers
   1 layer
   1 latticeworks
   1 larsen
   1 langford
   1 lancaster
   1 lake
   1 kobich
   1 kemper
   1 karshner
   1 kampter
   1 kamper
   1 juracretaceous
   1 joseph
   1 jorgensen
   1 jointed
   1 january
   1 isnotclear
   1 irregularly
   1 iron
   1 investigations
   1 introduction
   1 intersection
   1 interruptions
   1 intermittently
   1 intermittent
   1 intergrown
   1 intensely
   1 initially
   1 ineluded
   1 individual
   1 indications
   1 incorporated
   1 incomplete
   1 including
   1 incised
   1 implication
   1 identifying
   1 identified
   1 identification
   1 hydrothermal
   1 however
   1 hovley
   1 hope
   1 hoosier
   1 hole
   1 hillside
   1 hens
   1 hasler
   1 hartner
   1 hard
   1 hand
   1 half
   1 gulches
   1 groundsluicing
   1 greek
   1 gray
   1 graham
   1 gradient
   1 gossan
   1 good
   1 goethite
   1 gill
   1 ghromite
   1 geophysical
   1 geochemical
   1 gentle
   1 generally
   1 general
   1 gabbroic
   1 fuels
   1 frost
   1 frequently
   1 fractured
   1 fraction
   1 fork
   1 florida
   1 flat
   1 flank
   1 flaky
   1 finer
   1 finding
   1 find
   1 field
   1 father
   1 farther
   1 fairly
   1 extensive
   1 extends
   1 extended
   1 extend
   1 expression
   1 explored
   1 exhibiting
   1 exception
   1 except
   1 excavated
   1 establish
   1 erythrite
   1 erickson
   1 erature
   1 enrichment
   1 enough
   1 ellsworthite
   1 elevations
   1 either
   1 eglar
   1 edward
   1 editorial
   1 easily
   1 dumps
   1 dug
   1 drifted
   1 dredges
   1 donnelly
   1 donahue
   1 dmea
   1 discovery
   1 directly
   1 dimension
   1 dillon
   1 diligent
   1 dikes
   1 different
   1 dietz
   1 described
   1 derivation
   1 denver
   1 delias
   1 deepest
   1 date
   1 dark
   1 dakota
   1 cunningham
   1 crystalline
   1 crumpled
   1 creep
   1 could
   1 contributed
   1 contract
   1 contorted
   1 continuous
   1 continental
   1 contact
   1 construction
   1 consisted
   1 considered
   1 conformity
   1 confluence
   1 concentrations
   1 composition
   1 composed
   1 complex
   1 complete
   1 common
   1 commodities
   1 combined
   1 columbe
   1 colombe
   1 colluvium
   1 collected
   1 coatings
   1 closely
   1 close
   1 cleveland
   1 cleopatra
   1 clegg
   1 cleary
   1 clean
   1 clasts
   1 citation
   1 churn
   1 chunky
   1 chloritic
   1 chicken
   1 chicago
   1 cherty
   1 chapman
   1 cessford
   1 certainly
   1 caved
   1 cast
   1 casstterite
   1 carry
   1 carried
   1 carbonaceous
   1 capped
   1 cameron
   1 california
   1 calcite
   1 calcareous
   1 busby
   1 buried
   1 brecciated
   1 boys
   1 boulders
   1 bottom
   1 boston
   1 borghill
   1 boils
   1 bmb
   1 bloom
   1 blocky
   1 black
   1 bittner
   1 bibliographic
   1 bewteen
   1 besonen
   1 benson
   1 belsea
   1 beardsley
   1 basaltic
   1 basalt
   1 barter
   1 bably
   1 azurite
   1 attempt
   1 asterisk
   1 associated
   1 assayed
   1 arsenopyrite
   1 arkose
   1 argillaceous
   1 argentite
   1 appropriate
   1 approach
   1 appears
   1 apatite
   1 andalusite
   1 anatase
   1 amlon
   1 altered
   1 albrey
   1 ahead
   1 age
   1 addition
   1 according
   1 accompany
   1 absent
   1 abbreviations
   1 abbreviation
