 182 water
 131 well
 102 total
  75 field
  72 diss
  57 river
  55 schenectady
  53 dis
  51 tot
  48 aquifer
  46 wells
  38 raw
  35 analyses
  34 chemical
  32 table
  32 county
  32 contamination
  31 nitrogen
  29 treated
  28 potential
  28 monitoring
  27 chloride
  26 system
  24 rotterdam
  24 new
  23 sodium
  22 york
  22 sampled
  22 gravel
  22 feet
  21 town
  21 sources
  20 potassium
  20 area
  20 analysis
  18 survey
  18 source
  18 mile
  18 fig
  17 geological
  16 pumping
  16 mohawk
  16 asn
  15 village
  15 page
  15 hardness
  15 flow
  15 fields
  15 could
  14 winslow
  14 type
  14 others
  14 date
  13 site
  13 scotia
  13 observation
  13 nitr
  13 glenville
  12 two
  12 toward
  12 state
  12 sample
  12 residue
  12 number
  12 niskayuna
  12 junction
  12 fluoride
  12 code
  12 city
  12 calcium
  11 would
  11 sulfate
  11 sites
  11 showing
  11 route
  11 manganese
  11 magnesium
  11 iron
  11 ground
  11 direction
  11 department
  10 usgs
  10 road
  10 relation
  10 quality
  10 north
  10 metals
  10 lock
  10 depth
  10 contaminants
  10 carbon
  10 arsenic
   9 zinc
   9 systems
   9 public
   9 pleistocene
   9 near
   9 may
   9 conductance
   9 concentrations
   8 units
   8 trith
   8 sum
   8 southwest
   8 silica
   8 schen
   8 sand
   8 report
   8 recharge
   8 phenols
   8 pesticides
   8 period
   8 percent
   8 parth
   8 ortho
   8 organic
   8 nysdh
   8 nysdec
   8 northwest
   8 northeast
   8 noncarb
   8 met
   8 lead
   8 lab
   8 heptachlor
   8 heavy
   8 eth
   7 valley
   7 used
   7 station
   7 south
   7 six
   7 selenium
   7 see
   7 recommended
   7 present
   7 phosphorus
   7 mercury
   7 dissolved
   7 copper
   7 constituents
   7 chromium
   7 cadmium
   7 base
   7 also
   7 allen
   6 upstream
   6 toxaphene
   6 study
   6 stream
   6 since
   6 selected
   6 sampling
   6 resources
   6 pump
   6 pit
   6 per
   6 pcn
   6 pcb
   6 org
   6 nutrients
   6 name
   6 miles
   6 malathion
   6 lindane
   6 limits
   6 land
   6 figure
   6 explanation
   6 ethion
   6 endrin
   6 dieldrin
   6 diazinon
   6 ddt
   6 dde
   6 ddd
   6 data
   6 conditions
   6 concentration
   6 aldrin
   5 widmer
   5 unit
   5 time
   5 three
   5 temp
   5 tables
   5 surface
   5 several
   5 sar
   5 pucci
   5 provide
   5 pros
   5 phosphate
   5 monthly
   5 min
   5 mantika
   5 male
   5 lsd
   5 location
   5 kjd
   5 higher
   5 form
   5 fld
   5 extent
   5 deposits
   5 deg
   5 contact
   5 community
   5 boundaries
   5 associates
   5 areas
   5 along
   5 alk
   4 west
   4 trithion
   4 subject
   4 spills
   4 specific
   4 solids
   4 showed
   4 screened
   4 runoff
   4 project
   4 probably
   4 privately
   4 planning
   4 perthane
   4 part
   4 parathion
   4 owned
   4 one
   4 oil
   4 obtain
   4 moving
   4 move
   4 minor
   4 methyl
   4 mbas
   4 made
   4 located
   4 liter
   4 lewis
   4 infiltration
   4 industrial
   4 indicated
   4 identification
   4 hydrology
   4 hydraulic
   4 however
   4 hept
   4 grease
   4 geologic
   4 evaluated
   4 epox
   4 endosulfan
   4 end
   4 elements
   4 eastern
   4 downstream
   4 distribution
   4 distrbn
   4 dioxide
   4 determine
   4 detected
   4 cooperation
   4 considerations
   4 cond
   4 compounds
   4 comments
   4 column
   4 collection
   4 coll
   4 chlordane
   4 center
   4 cations
   4 calc
   4 bicarbonate
   4 begin
   4 available
   4 august
   4 april
   4 anions
   4 analyzing
   4 albany
   4 agency
   4 additional
   4 addition
   4 abandoned
   3 zirconium
   3 years
   3 within
   3 waller
   3 vanadium
   3 upper
   3 umhos
   3 transportation
   3 titanium
   3 tin
   3 supply
   3 strontium
   3 silver
   3 shows
   3 samples
   3 salt
   3 rubidium
   3 routinely
   3 ronald
   3 roger
   3 related
   3 pumped
   3 principally
   3 prepared
   3 precipitation
   3 post
   3 possible
   3 plant
   3 pits
   3 organization
   3 office
   3 occurs
   3 noz
   3 nitrite
   3 nitrate
   3 nickel
   3 movement
   3 molybdenum
   3 map
   3 major
   3 lithium
   3 landfill
   3 installed
   3 information
   3 induces
   3 increase
   3 include
   3 health
   3 given
   3 germanium
   3 gallium
   3 floor
   3 factors
   3 early
   3 district
   3 difference
   3 derived
   3 deep
   3 dam
   3 cyanide
   3 courthouse
   3 cobalt
   3 carbonate
   3 bulletin
   3 boron
   3 biweekly
   3 bismuth
   3 biological
   3 beryllium
   3 bedrock
   3 barium
   3 annual
   3 analyzed
   3 aluminum
   3 accidental
   3 abstract
   2 winter
   2 whereas
   2 warning
   2 vley
   2 visible
   2 vicinity
   2 unnamed
   2 unclassified
   2 turk
   2 toxic
   2 top
   2 throughout
   2 tap
   2 surveillance
   2 summer
   2 substances
   2 studied
   2 storage
   2 silvex
   2 side
   2 shallow
   2 security
   2 scope
   2 rte
   2 ride
   2 result
   2 required
   2 require
   2 reported
   2 relatively
   2 references
   2 record
   2 receives
   2 receive
   2 reaches
   2 radial
   2 programs
   2 program
   2 probable
   2 principal
   2 previous
   2 press
   2 power
   2 plumbing
   2 planned
   2 phenol
   2 peters
   2 performing
   2 parts
   2 pairs
   2 october
   2 noted
   2 none
   2 noncarbonate
   2 nob
   2 need
   2 much
   2 monitor
   2 minimal
   2 migrating
   2 methyoxychlor
   2 methods
   2 means
   2 lower
   2 low
   2 lot
   2 local
   2 limit
   2 level
   2 large
   2 landfills
   2 laboratory
   2 known
   2 ions
   2 investigations
   2 introduction
   2 influence
   2 induced
   2 indicates
   2 indicate
   2 increased
   2 including
   2 immediately
   2 hydrologic
   2 greater
   2 geohydrologic
   2 geographic
   2 four
   2 found
   2 former
   2 foot
   2 flows
   2 flood
   2 five
   2 features
   2 feasibility
   2 farthest
   2 excellent
   2 epoxide
   2 elevations
   2 eastward
   2 east
   2 drilled
   2 drains
   2 downgradient
   2 division
   2 direct
   2 determined
   2 deterioration
   2 detecting
   2 designated
   2 current
   2 critical
   2 cresent
   2 corridors
   2 conversion
   2 contribute
   2 continuous
   2 continued
   2 contiguous
   2 contaminated
   2 contaminant
   2 consists
   2 conservation
   2 common
   2 coliform
   2 chlorodane
   2 campbell
   2 branch
   2 bonate
   2 basin
   2 away
   2 availability
   2 annually
   2 although
   2 adjacent
   2 adequate
   2 address
   2 abbreviations
   1 zones
   1 zone
   1 zero
   1 write
   1 words
   1 withdrawn
   1 withdrawals
   1 william
   1 westward
   1 way
   1 waters
   1 wastes
   1 washington
   1 warmer
   1 vulnerability
   1 viscosity
   1 virtually
   1 villages
   1 vii
   1 vehicles
   1 useful
   1 use
   1 urn
   1 upvalley
   1 unusually
   1 unless
   1 united
   1 underlie
   1 ugl
   1 types
   1 truck
   1 troy
   1 tribes
   1 treatment
   1 traverses
   1 travel
   1 trate
   1 transporation
   1 towns
   1 tons
   1 title
   1 tion
   1 times
   1 thus
   1 threaten
   1 thick
   1 therefore
   1 terms
   1 terminal
   1 temperature
   1 taps
   1 tapping
   1 suspected
   1 surrounding
   1 surprising
   1 supplies
   1 supplementary
   1 suggest
   1 sufficient
   1 subtitle
   1 substance
   1 subsequently
   1 stewart
   1 states
   1 statemen
   1 standards
   1 sponsoring
   1 spilled
   1 spec
   1 southwestward
   1 southernmost
   1 southern
   1 southeast
   1 somewhat
   1 slow
   1 slightly
   1 simpson
   1 sides
   1 shutdown
   1 shown
   1 show
   1 shore
   1 shale
   1 sewage
   1 set
   1 serves
   1 separated
   1 sense
   1 selection
   1 seepage
   1 seems
   1 seem
   1 sediment
   1 section
   1 secretary
   1 season
   1 schermerhorn
   1 samplings
   1 routine
   1 routes
   1 reworked
   1 review
   1 reverse
   1 revealed
   1 results
   1 restriction
   1 rept
   1 reportedly
   1 removed
   1 referred
   1 reenter
   1 reconaissance
   1 recipient
   1 recharges
   1 recent
   1 reached
   1 reach
   1 ratio
   1 ranging
   1 ralph
   1 railroad
   1 pumpage
   1 provided
   1 protection
   1 protected
   1 prone
   1 production
   1 problem
   1 priority
   1 primarily
   1 price
   1 prevent
   1 preservation
   1 presented
   1 practices
   1 potentia
   1 portable
   1 pollution
   1 plus
   1 places
   1 picocuries
   1 periods
   1 paul
   1 pattersonvi
   1 pase
   1 particular
   1 pages
   1 owner
   1 overlies
   1 overlie
   1 outcrop
   1 otherwise
   1 originates
   1 original
   1 ordinary
   1 operations
   1 open
   1 oneidas
   1 officials
   1 occur
   1 occupied
   1 occasionally
   1 obtained
   1 observed
   1 numbers
   1 numbera
   1 nts
   1 november
   1 notice
   1 notes
   1 nos
   1 northwestward
   1 northnorthwest
   1 northeastward
   1 normal
   1 nonflood
   1 nine
   1 nifate
   1 necessary
   1 navigation
   1 multiply
   1 moves
   1 modified
   1 mixing
   1 minimum
   1 million
   1 milligrams
   1 millequivalents
   1 migration
   1 might
   1 micrograms
   1 methlene
   1 meter
   1 menard
   1 meltwaters
   1 measurement
   1 mean
   1 meadow
   1 maximum
   1 march
   1 maps
   1 mainly
   1 lry
   1 long
   1 locations
   1 locally
   1 load
   1 lleand
   1 little
   1 linear
   1 limited
   1 levels
   1 less
   1 length
   1 leave
   1 least
   1 leachate
   1 lanes
   1 knolls
   1 kjeldahl
   1 kilometer
   1 kapl
   1 june
   1 july
   1 johnston
   1 jams
   1 isle
   1 island
   1 iow
   1 inventories
   1 introduced
   1 introduce
   1 interplay
   1 international
   1 interior
   1 instructions
   1 installation
   1 inorganic
   1 initial
   1 influenced
   1 infiltrating
   1 indicator
   1 indefinite
   1 increasing
   1 increases
   1 includes
   1 improbable
   1 importance
   1 immediate
   1 iii
   1 identify
   1 ice
   1 human
   1 hudson
   1 hill
   1 highways
   1 highlands
   1 high
   1 grescent
   1 greatly
   1 greatest
   1 grant
   1 gradient
   1 glen
   1 glacial
   1 give
   1 geology
   1 geologica
   1 generally
   1 general
   1 gaging
   1 future
   1 frequency
   1 free
   1 fred
   1 fourth
   1 formerly
   1 formation
   1 follows
   1 following
   1 flooding
   1 first
   1 final
   1 filtering
   1 filtered
   1 filter
   1 files
   1 figures
   1 federal
   1 february
   1 far
   1 factor
   1 extensive
   1 extended
   1 expansion
   1 excess
   1 except
   1 excavated
   1 evidence
   1 eventually
   1 evaluation
   1 estimated
   1 established
   1 establish
   1 equaled
   1 environmental
   1 entered
   1 enable
   1 emphasis
   1 elevation
   1 electric
   1 effluent
   1 effective
   1 economy
   1 due
   1 drawing
   1 downward
   1 downvalley
   1 done
   1 dominant
   1 domestic
   1 documented
   1 documentation
   1 document
   1 distance
   1 disposal
   1 disperse
   1 discussion
   1 discharges
   1 discharge
   1 director
   1 directly
   1 directions
   1 dir
   1 develop
   1 determinations
   1 destroyed
   1 descriptors
   1 depths
   1 depression
   1 deposited
   1 degree
   1 datum
   1 curtailment
   1 crosses
   1 creates
   1 cranesville
   1 crain
   1 covered
   1 cosati
   1 coordinated
   1 convert
   1 control
   1 contract
   1 contaminate
   1 contaminanted
   1 contains
   1 contained
   1 consumption
   1 consultant
   1 construction
   1 constructing
   1 considered
   1 consequently
   1 cone
   1 conclude
   1 conceivably
   1 complex
   1 comparisons
   1 comparison
   1 commission
   1 commerce
   1 combined
   1 collected
   1 colifqrm
   1 coarse
   1 class
   1 clan
   1 circumstances
   1 chemist
   1 chemicals
   1 characteristics
   1 centrally
   1 centers
   1 cecil
   1 causes
   1 cause
   1 calculated
   1 broad
   1 box
   1 blue
   1 bllustr
   1 basis
   1 baseline
   1 averaged
   1 avenue
   1 authorities
   1 author
   1 attributed
   1 atomic
   1 assumed
   1 association
   1 appreciation
   1 appraisals
   1 applications
   1 andrus
   1 amtrak
   1 amounts
   1 american
   1 allow
   1 alkaunity
   1 alkalinity
   1 aid
   1 affect
   1 added
   1 activity
   1 active
   1 acre
   1 acid
   1 accession
   1 accessible
   1 absorption
