 730 aquifer
 341 confining
 306 unit
 300 water
 271 carolina
 236 flow
 212 model
 212 coastal
 206 plain
 205 north
 202 cape
 200 fear
 177 lower
 173 survey
 169 geological
 165 aquifers
 153 per
 145 area
 141 analysis
 135 figure
 133 system
 126 modified
 121 data
 120 simulated
 114 base
 113 digital
 111 present
 110 level
 101 northern
 100 upper
 100 feet
  99 explanation
  98 atlantic
  95 regional
  94 hayne
  94 castle
  94 beaufort
  93 potentiometric
  88 creek
  83 transmissivity
  83 black
  81 yorktown
  78 leakance
  77 units
  77 thickness
  76 cretaceous
  75 south
  74 recharge
  70 values
  70 surficial
  70 peedee
  67 levels
  65 simulation
  65 pumping
  65 areas
  63 vertical
  63 river
  60 contour
  60 conditions
  59 pungo
  59 day
  59 chloride
  58 surface
  58 altitude
  57 pumpage
  56 overlying
  55 sea
  55 hydrogeologic
  55 coble
  55 clay
  54 contains
  53 observed
  53 determined
  52 winner
  52 hydraulic
  52 fig
  51 county
  51 boundary
  50 liter
  49 table
  49 milligrams
  49 interval
  47 hydrologic
  45 resources
  44 sand
  44 maps
  44 less
  43 well
  43 percent
  42 virginia
  42 variable
  42 storage
  42 changes
  41 year
  41 withdrawals
  41 simulations
  41 results
  41 report
  40 would
  39 node
  37 wells
  37 shows
  37 may
  37 calibration
  36 streams
  35 used
  35 line
  35 head
  35 conductivity
  34 parts
  34 part
  34 effective
  34 datum
  34 confined
  34 beds
  33 total
  33 study
  33 discharge
  33 also
  32 number
  32 large
  32 greater
  31 average
  30 max
  30 kilometers
  30 formation
  29 upward
  29 downward
  28 shown
  28 showing
  28 mean
  28 investigations
  28 indicate
  28 department
  27 tightly
  27 surrounding
  27 parameter
  27 near
  27 limit
  27 estimated
  27 equal
  27 direction
  27 computed
  27 cased
  26 stream
  26 new
  26 miles
  26 framework
  26 extent
  25 parameters
  25 increase
  25 gallons
  24 prepumping
  24 locations
  23 underlying
  23 sensitivity
  23 coefficient
  22 streambed
  22 publications
  22 professional
  22 change
  22 boundaries
  21 western
  21 section
  21 others
  21 net
  21 due
  21 directly
  21 development
  21 considered
  21 calibrated
  20 within
  20 natural
  20 made
  19 value
  19 time
  19 sediments
  19 second
  19 predevelopment
  19 paper
  19 layer
  19 group
  19 estimates
  19 consists
  19 annual
  18 two
  18 stood
  18 sensitive
  18 observation
  18 nodes
  18 major
  18 logs
  18 limestone
  18 input
  18 heads
  18 eastern
  18 basement
  18 along
  18 adjacent
  17 hachures
  17 grid
  17 generally
  17 areal
  16 rock
  16 initial
  16 however
  16 horizontal
  16 ground
  16 given
  16 geophysical
  16 figures
  16 figs
  16 described
  16 cubic
  15 surfaces
  15 rocks
  15 primarily
  15 movement
  15 geology
  15 general
  15 drawdowns
  15 counties
  15 assuming
  15 arch
  14 thus
  14 studies
  14 squared
  14 small
  14 several
  14 period
  14 occur
  14 location
  14 centers
  14 block
  14 available
  13 treated
  13 state
  13 southeastern
  13 significant
  13 series
  13 sandy
  13 saltwater
  13 row
  13 rate
  13 ranges
  13 much
  13 largely
  13 information
  13 geologic
  13 flux
  13 effects
  13 cut
  13 bulletin
  13 age
  12 withdrawal
  12 three
  12 summary
  12 see
  12 occurred
  12 maximum
  12 material
  12 many
  12 january
  12 inches
  12 form
  12 foot
  12 designation
  11 usgs
  11 simulate
  11 similar
  11 reports
  11 range
  11 point
  11 overlies
  11 overlain
  11 fine
  11 either
  11 downdip
  11 column
  11 budget
  11 brown
  10 various
  10 topographic
  10 throughout
  10 square
  10 southern
  10 slightly
  10 show
  10 selected
  10 response
  10 purposes
  10 precipitation
  10 places
  10 onslow
  10 one
  10 northeastern
  10 nearly
  10 meter
  10 mail
  10 layers
  10 jersey
  10 indicated
  10 include
  10 hills
  10 high
  10 equation
  10 discussed
  10 differences
  10 counter
  10 constant
  10 composed
  10 central
  10 basis
   9 york
   9 varied
   9 valleys
   9 use
   9 updip
   9 trescott
   9 stand
   9 scale
   9 sands
   9 research
   9 representing
   9 public
   9 program
   9 permeable
   9 papers
   9 order
   9 often
   9 occurs
   9 modeling
   9 map
   9 mainly
   9 leahy
   9 increased
   9 important
   9 hydrographs
   9 hachured
   9 gui
   9 franklin
   9 first
   9 difference
   9 currituck
   9 could
   9 compared
   9 chapter
   9 center
   9 based
   9 averages
   8 wilder
   8 transient
   8 thick
   8 systems
   8 states
   8 since
   8 silt
   8 rasa
   8 raleigh
   8 presented
   8 northeast
   8 little
   8 found
   8 following
   8 everywhere
   8 effect
   8 distribution
   8 decrease
   8 declines
   8 contributions
   8 brunswick
   8 assumed
   8 although
   8 active
   7 zero
   7 using
   7 underlie
   7 thinner
   7 supplies
   7 southwest
   7 single
   7 result
   7 requirements
   7 represents
   7 reentrant
   7 rates
   7 pumped
   7 process
   7 principal
   7 periods
   7 performed
   7 paperback
   7 moves
   7 might
   7 middendorf
   7 matches
   7 low
   7 local
   7 listed
   7 likely
   7 interest
   7 increases
   7 higher
   7 groundwater
   7 gradient
   7 fluxes
   7 entire
   7 direct
   7 developed
   7 develop
   7 derived
   7 depression
   7 conservation
   7 conceptualization
   7 conceptual
   7 computer
   7 community
   7 changed
   7 catalogs
   7 better
   7 bedrock
   7 bases
   7 barrier
   7 assumption
   7 analyses
   7 across
   6 vertically
   6 users
   6 understanding
   6 unconfined
   6 toward
   6 thin
   6 text
   6 tests
   6 soil
   6 silty
   6 scales
   6 resulting
   6 resulted
   6 reported
   6 reduction
   6 ranging
   6 purchased
   6 potomac
   6 potential
   6 poor
   6 planimetric
   6 overall
   6 older
   6 office
   6 nature
   6 minimum
   6 mile
   6 method
   6 measured
   6 marine
   6 list
   6 limits
   6 lee
   6 larson
   6 irrigation
   6 interstream
   6 induced
   6 indicates
   6 hydrology
   6 future
   6 federal
   6 except
   6 elsewhere
   6 economic
   6 distance
   6 discretization
   6 dewiest
   6 detailed
   6 degree
   6 deeper
   6 deep
   6 contact
   6 cone
   6 concentration
   6 clays
   6 clark
   6 calculated
   6 box
   6 away
   6 availability
   6 adjustments
   5 years
   5 wide
   5 washington
   5 vicinity
   5 therefore
   5 stresses
   5 streamflow
   5 source
   5 sound
   5 soils
   5 significantly
   5 side
   5 shell
   5 set
   5 sections
   5 scientific
   5 robison
   5 rivers
   5 referred
   5 references
   5 reduced
   5 records
   5 ranged
   5 qre
   5 publication
   5 procedures
   5 prices
   5 previous
   5 preliminary
   5 place
   5 phosphate
   5 percolation
   5 particularly
   5 page
   5 nelson
   5 monthly
   5 modeled
   5 missing
   5 minus
   5 mining
   5 maryland
   5 martin
   5 management
   5 lowest
   5 lowermost
   5 llj
   5 length
   5 legrand
   5 least
   5 larger
   5 land
   5 kilometer
   5 johnson
   5 increasing
   5 included
   5 identified
   5 half
   5 groups
   5 giese
   5 free
   5 example
   5 eastward
   5 divided
   5 defined
   5 decreases
   5 decreased
   5 course
   5 contribution
   5 continues
   5 containing
   5 component
   5 commonly
   5 coastward
   5 coast
   5 coarse
   5 close
   5 chemical
   5 caused
   5 category
   5 case
   5 broad
   5 borders
   5 border
   5 books
   5 book
   5 aucott
   5 assigned
   5 actual
   4 withdrawn
   4 whereas
   4 westernmost
   4 varying
   4 variation
   4 valid
   4 uppermost
   4 underlain
   4 typical
   4 top
   4 test
   4 tensor
   4 tendency
   4 techniques
   4 superintendent
   4 subregional
   4 specific
   4 sounds
   4 size
   4 showed
   4 services
   4 sequence
   4 scope
   4 schematic
   4 salty
   4 respectively
   4 represented
   4 representation
   4 represent
   4 relatively
   4 relations
   4 related
   4 region
   4 reflect
   4 rather
   4 quadrangle
   4 purpose
   4 provide
   4 produced
   4 problem
   4 prior
   4 price
   4 position
   4 pis
   4 perturbed
   4 percentage
   4 peek
   4 pamlico
   4 numerical
   4 nonmarine
   4 needed
   4 move
   4 mostly
   4 models
   4 meisler
   4 medium
   4 make
   4 magnitude
   4 lost
   4 lines
   4 limited
   4 lesser
   4 leakances
   4 laterally
   4 later
   4 largest
   4 known
   4 introduction
   4 interbedded
   4 industrial
   4 including
   4 includes
   4 inch
   4 improved
   4 improve
   4 hydrogeology
   4 harsh
   4 gradients
   4 government
   4 geologists
   4 geochemistry
   4 gave
   4 functioning
   4 fall
   4 established
   4 errors
   4 equivalent
   4 equations
   4 environment
   4 eimers
   4 east
   4 early
   4 drawn
   4 documents
   4 determine
   4 detail
   4 designed
   4 depth
   4 denver
   4 dehnr
   4 declined
   4 decline
   4 craven
   4 covers
   4 cosner
   4 contents
   4 contain
   4 consisted
   4 computing
   4 comprehensive
   4 chosen
   4 cause
   4 catalog
   4 camden
   4 aurora
   4 attributed
   4 association
   4 associated
   4 aspects
   4 around
   4 application
   4 another
   4 analyzed
   4 amounts
   4 amount
   4 altered
   4 aid
   4 acceptable
   3 younger
   3 work
   3 varies
   3 utilizing
   3 uplift
   3 university
   3 united
   3 uncertainty
   3 true
   3 triangle
   3 trial
   3 times
   3 thought
   3 though
   3 thickens
   3 testing
   3 tertiary
   3 tend
   3 taken
   3 sustain
   3 suspected
   3 supplied
   3 structure
   3 structural
   3 streambeds
   3 stratigraphic
   3 stephenson
   3 station
   3 stage
   3 speiran
   3 solve
   3 smaller
   3 slight
   3 situation
   3 sherwani
   3 shells
   3 seaward
   3 reversed
   3 reproduced
   3 relation
   3 relate
   3 register
   3 reductions
   3 rectangular
   3 realistic
   3 reader
   3 quarries
   3 quality
   3 pumpages
   3 procedure
   3 problems
   3 probably
   3 probable
   3 primary
   3 predictive
   3 points
   3 plus
   3 plant
   3 pinchouts
   3 physiographic
   3 petroleum
   3 permeability
   3 partly
   3 particular
   3 outside
   3 output
   3 origin
   3 orders
   3 operations
   3 operation
   3 obtained
   3 nearby
   3 national
   3 moved
   3 morris
   3 miscellaneous
   3 mineral
   3 middle
   3 microfiche
   3 mentioned
   3 margin
   3 locally
   3 last
   3 kinston
   3 justified
   3 johnston
   3 irregular
   3 investigation
   3 intervening
   3 interpretive
   3 interim
   3 infiltration
   3 inferred
   3 individual
   3 iii
   3 idealized
   3 hydrograph
   3 highly
   3 heath
   3 health
   3 gulf
   3 greatly
   3 greatest
   3 gray
   3 generated
   3 gates
   3 formations
   3 follows
   3 finer
   3 final
   3 fenneman
   3 fairly
   3 expected
   3 exhibit
   3 exceeded
   3 exaggerated
   3 evident
   3 even
   3 evapotranspiration
   3 evaluating
   3 epicenters
   3 entirely
   3 enough
   3 efforts
   3 earlier
   3 drawdown
   3 draw
   3 dissolved
   3 discussions
   3 dips
   3 dimensionless
   3 diagram
   3 determination
   3 designated
   3 design
   3 density
   3 delineated
   3 delaware
   3 deeply
   3 december
   3 crystalline
   3 creswell
   3 copies
   3 continued
   3 continue
   3 content
   3 conducted
   3 conclusions
   3 concepts
   3 comparison
   3 compare
   3 compaction
   3 city
   3 certain
   3 buried
   3 bottom
   3 booklet
   3 beyond
   3 beneath
   3 behavior
   3 began
   3 beach
   3 basin
   3 arapahoe
   3 appropriate
   3 applied
   3 analyze
   3 american
   3 alternating
   3 affected
   3 adjustment
   3 adjusted
   3 actually
   2 yield
   2 wilmington
   2 william
   2 widespread
   2 volume
   2 version
   2 variations
   2 usually
   2 unpumped
   2 unpublished
   2 unnamed
   2 unlike
   2 uniform
   2 unaffected
   2 ultimately
   2 tyrrell
   2 transmissivities
   2 tops
   2 topic
   2 ton
   2 tion
   2 thinly
   2 thicknes
   2 thickening
   2 terms
   2 term
   2 tables
   2 subsurface
   2 subsequent
   2 subject
   2 studied
   2 stuckey
   2 stages
   2 spacing
   2 southampton
   2 sometimes
   2 solution
   2 smallest
   2 sivity
   2 sites
   2 simulating
   2 simmons
   2 silts
   2 short
   2 sharp
   2 shallow
   2 sevenfold
   2 service
   2 separate
   2 seepage
   2 sedimentary
   2 schipf
   2 runoff
   2 roughly
   2 rorabaugh
   2 ronald
   2 robeson
   2 richmond
   2 review
   2 revealed
   2 restricted
   2 reston
   2 responses
   2 resource
   2 requires
   2 required
   2 regular
   2 regionally
   2 reduce
   2 rectangle
   2 record
   2 recognized
   2 recharges
   2 recent
   2 receives
   2 real
   2 rationale
   2 ratio
   2 rathbun
   2 qualitative
   2 province
   2 provided
   2 properties
   2 printing
   2 previously
   2 press
   2 presence
   2 predictions
   2 possibly
   2 plants
   2 planning
   2 pinchout
   2 piedmont
   2 physical
   2 personnel
   2 permanent
   2 peace
   2 patterns
   2 pattern
   2 passes
   2 parker
   2 overlie
   2 overland
   2 outer
   2 opposite
   2 oil
   2 ofthe
   2 ofperturbed
   2 ocean
   2 occurring
   2 occurrence
   2 obtain
   2 note
   2 notably
   2 neuse
   2 negligible
   2 needs
   2 need
   2 nation
   2 narkunas
   2 name
   2 mundorff
   2 multicolor
   2 moderately
   2 minor
   2 minimize
   2 mine
   2 million
   2 miller
   2 methods
   2 mechanics
   2 measure
   2 mathematical
   2 materials
   2 match
   2 mary
   2 mapped
   2 manner
   2 mann
   2 lowering
   2 loss
   2 located
   2 locate
   2 ljj
   2 lithologically
   2 led
   2 leaving
   2 late
   2 lasting
   2 landward
   2 laminated
   2 laczniak
   2 kimrey
   2 kansas
   2 judged
   2 jones
   2 jacksonville
   2 ixlo
   2 issued
   2 involving
   2 involves
   2 involved
   2 investigators
   2 interpreted
   2 interpolation
   2 interlayered
   2 interior
   2 institute
   2 instances
   2 inside
   2 innis
   2 ing
   2 industries
   2 indication
   2 indicating
   2 implications
   2 illustrating
   2 ideas
   2 human
   2 hour
   2 hatteras
   2 harris
   2 hamilton
   2 halifax
   2 greenville
   2 great
   2 governing
   2 gordon
   2 geohydrology
   2 geohydrologic
   2 geographic
   2 geodetic
   2 geochemical
   2 gas
   2 fresh
   2 frequently
   2 formerly
   2 former
   2 format
   2 formal
   2 foreword
   2 floyd
   2 find
   2 fers
   2 features
   2 farther
   2 far
   2 factor
   2 extensive
   2 extended
   2 extend
   2 exists
   2 existing
   2 exchange
   2 exception
   2 exceeds
   2 exceed
   2 examination
   2 evaluation
   2 estimating
   2 equilibrium
   2 equated
   2 environmental
   2 engineers
   2 end
   2 elevation
   2 elements
   2 eaton
   2 done
   2 dolomitic
   2 documentation
   2 division
   2 distinct
   2 discuss
   2 discharged
   2 director
   2 dip
   2 dewatering
   2 designations
   2 descriptions
   2 description
   2 describe
   2 deposits
   2 depositories
   2 depending
   2 definition
   2 davis
   2 dare
   2 daniel
   2 cross
   2 council
   2 correct
   2 conversely
   2 continuous
   2 contiguous
   2 contained
   2 consolidated
   2 consisting
   2 consideration
   2 considerable
   2 connection
   2 condition
   2 concerning
   2 concentrations
   2 components
   2 complete
   2 compatible
   2 comparisons
   2 company
   2 common
   2 collections
   2 coincides
   2 coarser
   2 clayey
   2 clastic
   2 circulars
   2 circular
   2 chowan
   2 charge
   2 character
   2 channel
   2 changing
   2 carteret
   2 carjolina
   2 capability
   2 capabilities
   2 canada
   2 called
   2 calcareous
   2 bulletins
   2 bulk
   2 brightseat
   2 brief
   2 brackish
   2 blocks
   2 bldg
   2 blankenship
   2 best
   2 bertie
   2 bern
   2 belongs
   2 belonging
   2 bed
   2 basic
   2 barksdale
   2 banks
   2 axis
   2 assumes
   2 assemble
   2 aspect
   2 arrive
   2 areally
   2 arbitrarily
   2 apex
   2 announcements
   2 analyzing
   2 allows
   2 agricultural
   2 agreement
   2 addition
   2 adding
   2 added
   2 adapted
   2 activities
   2 acknowledgments
   2 accurately
   2 accuracy
   2 accordingly
   2 according
   2 abstract
   2 able
   1 zones
   1 youngest
   1 yielding
   1 yard
   1 xxj
   1 write
   1 withdraw
   1 wishing
   1 wimmer
   1 wilson
   1 wilderness
   1 widely
   1 whole
   1 whether
   1 whereby
   1 west
   1 weight
   1 wedge
   1 ways
   1 wayne
   1 wayhjfxs
   1 watersupply
   1 waters
   1 waterresources
   1 vwisobx
   1 vvvj
   1 vvv
   1 vtlson
   1 volumetric
   1 volumes
   1 vkrip
   1 virtually
   1 viii
   1 vii
   1 viewed
   1 vhvriiimnmmgtomrai
   1 verify
   1 verified
   1 velocity
   1 vecchioli
   1 variety
   1 variability
   1 van
   1 valuesfor
   1 valley
   1 utah
   1 usual
   1 user
   1 usage
   1 upon
   1 updated
   1 unusually
   1 unusual
   1 unreasonably
   1 unrealistic
   1 unmeasured
   1 uniformly
   1 undisturbed
   1 underestimate
   1 unconsolidated
   1 uncertain
   1 ues
   1 types
   1 type
   1 tvansmissivity
   1 turn
   1 trials
   1 trent
   1 treatment
   1 transmissivtty
   1 translated
   1 transcend
   1 trade
   1 tower
   1 tos
   1 topography
   1 topmost
   1 tool
   1 took
   1 tomovic
   1 title
   1 third
   1 thins
   1 thinning
   1 thinnest
   1 thicknesses
   1 thickest
   1 thicker
   1 thicken
   1 thanks
   1 tha
   1 texts
   1 tested
   1 terminate
   1 tens
   1 technical
   1 taut
   1 tar
   1 tant
   1 tan
   1 taking
   1 takes
   1 systematic
   1 swanquarter
   1 swain
   1 surveys
   1 surfieial
   1 supported
   1 support
   1 supply
   1 supplements
   1 supplemented
   1 supplement
   1 sunrise
   1 sun
   1 summarized
   1 sum
   1 suitable
   1 suggests
   1 suggested
   1 sufficient
   1 subtracting
   1 subtracted
   1 substituted
   1 substantially
   1 subsidence
   1 subscriptions
   1 subscription
   1 subjects
   1 subdivisions
   1 structures
   1 strikes
   1 stressed
   1 streaks
   1 stratigraphy
   1 stratigraphically
   1 straten
   1 still
   1 steinhorst
   1 steadystate
   1 steady
   1 statistics
   1 starting
   1 start
   1 ssrffc
   1 springs
   1 spokane
   1 specified
   1 special
   1 spatial
   1 spaced
   1 space
   1 sources
   1 solving
   1 solved
   1 solely
   1 society
   1 smm
   1 slower
   1 sketch
   1 situations
   1 sional
   1 simultaneously
   1 simulates
   1 simulatec
   1 simuiated
   1 simplify
   1 similarly
   1 similarity
   1 significance
   1 shiver
   1 sheets
   1 shales
   1 sets
   1 served
   1 september
   1 separation
   1 separately
   1 separated
   1 sensmvity
   1 semes
   1 selecting
   1 seldom
   1 seismic
   1 seen
   1 secretary
   1 scientists
   1 science
   1 schemes
   1 schematically
   1 scattered
   1 scarolina
   1 sayre
   1 saturated
   1 sandstone
   1 salt
   1 sale
   1 sal
   1 said
   1 sadler
   1 running
   1 rth
   1 rsib
   1 rows
   1 rolla
   1 robinson
   1 roanoke
   1 riverside
   1 ridges
   1 ridge
   1 richard
   1 rfi
   1 revised
   1 revise
   1 reversal
   1 responsible
   1 respective
   1 respect
   1 resistant
   1 resistance
   1 residuum
   1 reservoir
   1 request
   1 reproduce
   1 representative
   1 replaced
   1 repetitions
   1 repeated
   1 removed
   1 remained
   1 remainder
   1 relief
   1 relict
   1 released
   1 relating
   1 reilly
   1 regressive
   1 regarded
   1 reflective
   1 reflected
   1 refined
   1 refers
   1 reference
   1 refer
   1 reentrants
   1 reducing
   1 reduces
   1 recrystallized
   1 reconnaissance
   1 recognition
   1 recharged
   1 receiving
   1 reasons
   1 reasonable
   1 realistically
   1 reaches
   1 reached
   1 reach
   1 rapidly
   1 rait
   1 radioactivity
   1 question
   1 quarter
   1 quantity
   1 quantities
   1 quantitative
   1 puted
   1 published
   1 proposed
   1 property
   1 projects
   1 programs
   1 productive
   1 product
   1 proceed
   1 printouts
   1 printout
   1 print
   1 pressure
   1 presently
   1 presenting
   1 predominantly
   1 predicting
   1 predict
   1 preceding
   1 practical
   1 pound
   1 potentially
   1 post
   1 positive
   1 porous
   1 population
   1 popular
   1 political
   1 plunge
   1 pliocene
   1 pleistocene
   1 plane
   1 plains
   1 pkc
   1 pitt
   1 pinder
   1 piain
   1 physiography
   1 photographs
   1 photogeologic
   1 phases
   1 phase
   1 perry
   1 perpendicular
   1 periodical
   1 perennial
   1 peninsula
   1 peedeeaquifer
   1 peat
   1 payable
   1 path
   1 patch
   1 past
   1 pasquotank
   1 park
   1 parallel
   1 pamphlets
   1 pall
   1 paleocene
   1 overestimate
   1 outliers
   1 outflow
   1 outcrops
   1 ordering
   1 oral
   1 open
   1 ooq
   1 onflow
   1 omitted
   1 oligocene
   1 ofvertical
   1 oftime
   1 ofthese
   1 offset
   1 offices
   1 offerings
   1 ofeach
   1 ofdifferences
   1 ofconfining
   1 ofcomputer
   1 occupied
   1 occasionally
   1 occ
   1 obtainable
   1 observations
   1 objectives
   1 objective
   1 numerically
   1 numbered
   1 nrvs
   1 noteworthy
   1 notable
   1 northwestward
   1 northwest
   1 northward
   1 northj
   1 northi
   1 northampton
   1 normally
   1 nonsequential
   1 nonpumping
   1 nonpermanent
   1 nonexistent
   1 none
   1 nodal
   1 ngvd
   1 nft
   1 nets
   1 neighboring
   1 negative
   1 necessary
   1 nct
   1 names
   1 named
   1 must
   1 municipal
   1 multiply
   1 multiplied
   1 multicounty
   1 multicolored
   1 moon
   1 monograph
   1 money
   1 moi
   1 modification
   1 modern
   1 moderate
   1 missouri
   1 missivity
   1 miocene
   1 minimizing
   1 minimal
   1 millions
   1 millimeter
   1 mill
   1 mil
   1 midwayan
   1 middlefield
   1 mho
   1 metric
   1 menlo
   1 meng
   1 memory
   1 means
   1 matter
   1 mates
   1 mass
   1 marys
   1 mars
   1 marked
   1 manuscript
   1 manufacturing
   1 manipulation
   1 makes
   1 main
   1 magnetic
   1 magette
   1 lumped
   1 lowered
   1 loosely
   1 longer
   1 lohman
   1 logically
   1 llth
   1 lithology
   1 lithologicand
   1 lithologic
   1 lithofacies
   1 listings
   1 listing
   1 lined
   1 linear
   1 lindskov
   1 lina
   1 limitation
   1 limestones
   1 likewise
   1 lies
   1 library
   1 leveled
   1 letter
   1 leslie
   1 lenses
   1 lenoir
   1 leakage
   1 leaflets
   1 laynewestern
   1 law
   1 latest
   1 lakewood
   1 lake
   1 lacking
   1 lack
   1 laboratory
   1 knowledge
   1 knowing
   1 kilogram
   1 khb
   1 kap
   1 juxtaposition
   1 john
   1 jeter
   1 jdh
   1 james
   1 jacob
   1 jacksonviue
   1 ixhh
   1 ivn
   1 items
   1 issues
   1 iso
   1 isbn
   1 investigated
   1 inverse
   1 inventory
   1 intrinsic
   1 interviews
   1 interpretations
   1 international
   1 intermediate
   1 intended
   1 instructions
   1 instead
   1 inspection
   1 insignificant
   1 insensitivity
   1 insensitive
   1 inland
   1 initiation
   1 inherent
   1 inflow
   1 infiltrates
   1 inelastic
   1 individuals
   1 indices
   1 indicative
   1 index
   1 independence
   1 incorrect
   1 incorporating
   1 incorporated
   1 incomplete
   1 inclusive
   1 incidence
   1 inadequate
   1 ina
   1 impure
   1 improvement
   1 importance
   1 imply
   1 impediment
   1 impact
   1 immediate
   1 illustrations
   1 illustrates
   1 illustrated
   1 ill
   1 ientarle
   1 identity
   1 identify
   1 identical
   1 idea
   1 ice
   1 ibs
   1 hydrologists
   1 hydrologically
   1 hydraulics
   1 hydraulically
   1 hurt
   1 hstor
   1 horton
   1 holocene
   1 holes
   1 hitchon
   1 histories
   1 highest
   1 hertford
   1 hence
   1 help
   1 held
   1 heavily
   1 haydock
   1 hatter
   1 hatierax
   1 harold
   1 hard
   1 happens
   1 hanover
   1 haneras
   1 guidelines
   1 guide
   1 grids
   1 gree
   1 grecmi
   1 gravity
   1 gravel
   1 grassland
   1 graphs
   1 graph
   1 grained
   1 grades
   1 gradation
   1 gone
   1 goes
   1 glauconitic
   1 giving
   1 give
   1 gerrit
   1 gentle
   1 generalized
   1 generalization
   1 gcrteecsnsyifhlfce
   1 gathered
   1 gaskins
   1 gallon
   1 fyrs
   1 furnished
   1 functions
   1 function
   1 full
   1 freshwatersaltwater
   1 freshwater
   1 franke
   1 four
   1 fossils
   1 formed
   1 formats
   1 foregoing
   1 forecasting
   1 followed
   1 fluid
   1 fluctuate
   1 flowing
   1 flowed
   1 floridan
   1 fixed
   1 firm
   1 fining
   1 finij
   1 file
   1 fields
   1 field
   1 fender
   1 felt
   1 fell
   1 feature
   1 feat
   1 fayetteville
   1 favorable
   1 fashion
   1 fail
   1 factors
   1 facies
   1 extremely
   1 extreme
   1 extinction
   1 extensively
   1 extends
   1 expression
   1 expressed
   1 exposed
   1 explained
   1 experiments
   1 experienced
   1 expansion
   1 expanded
   1 existence
   1 existed
   1 exist
   1 exhibits
   1 exchanges
   1 excess
   1 exceeding
   1 examined
   1 ewj
   1 evidence
   1 every
   1 eventually
   1 evenly
   1 evaluate
   1 etnftrle
   1 estuaries
   1 estimation
   1 estimate
   1 especially
   1 esic
   1 error
   1 eroded
   1 eral
   1 era
   1 equivalents
   1 eonu
   1 eocene
   1 entitled
   1 entering
   1 engineering
   1 endorsement
   1 encroached
   1 encompasses
   1 enclosing
   1 enced
   1 emsellem
   1 employs
   1 employed
   1 els
   1 elm
   1 element
   1 effort
   1 effectiveness
   1 effe
   1 edward
   1 edge
   1 eder
   1 easternmost
   1 earthquake
   1 earth
   1 dynamic
   1 duplin
   1 drillers
   1 driller
   1 drastic
   1 dramatically
   1 dramatic
   1 doubling
   1 double
   1 domestic
   1 divide
   1 diversion
   1 disturbed
   1 district
   1 distinguishing
   1 distant
   1 dissected
   1 discussion
   1 discontinuous
   1 discontinuity
   1 discontinuities
   1 discharges
   1 directions
   1 diminished
   1 diminish
   1 dimensions
   1 difficulty
   1 difficult
   1 different
   1 differ
   1 determinedwater
   1 designate
   1 deserving
   1 descriptive
   1 describing
   1 derivation
   1 depressed
   1 depositional
   1 deposition
   1 deposited
   1 dependent
   1 dense
   1 demarsily
   1 delineation
   1 deformation
   1 define
   1 decreasing
   1 decades
   1 decade
   1 dates
   1 date
   1 das
   1 darcy
   1 cuttings
   1 currentyear
   1 current
   1 cui
   1 cub
   1 criterion
   1 creation
   1 create
   1 covering
   1 covered
   1 coverage
   1 cover
   1 country
   1 cost
   1 corresponding
   1 correlations
   1 corner
   1 cope
   1 coordinates
   1 coordinated
   1 coordinate
   1 conversion
   1 convenience
   1 controlling
   1 contributed
   1 contribute
   1 contaminated
   1 consultation
   1 consultants
   1 constructing
   1 constitutes
   1 consist
   1 consequence
   1 consecutive
   1 connected
   1 congress
   1 confirmation
   1 confirm
   1 configuration
   1 confidence
   1 cones
   1 conductivities
   1 concern
   1 concept
   1 concentrate
   1 computation
   1 composite
   1 compose
   1 completely
   1 compensated
   1 comparing
   1 combined
   1 combination
   1 columns
   1 columnar
   1 columbus
   1 columbu
   1 columbia
   1 colorado
   1 collection
   1 collected
   1 col
   1 coincide
   1 coefficients
   1 code
   1 coastline
   1 coalresource
   1 coal
   1 closer
   1 closed
   1 clinton
   1 cities
   1 cited
   1 cip
   1 chronostratigraphic
   1 chiefly
   1 checked
   1 check
   1 charts
   1 charleston
   1 charged
   1 characteristics
   1 chapters
   1 chap
   1 channels
   1 certainty
   1 centered
   1 cell
   1 causes
   1 categorized
   1 categories
   1 cataloging
   1 caseb
   1 cartesian
   1 carollna
   1 carol
   1 carlolina
   1 carl
   1 carjqltna
   1 carjouna
   1 carjoljlna
   1 carjoeina
   1 carjgl
   1 careful
   1 car
   1 capf
   1 capable
   1 cap
   1 calvert
   1 california
   1 calibrate
   1 calculation
   1 calculating
   1 byrd
   1 bulge
   1 built
   1 buildup
   1 budgetsfor
   1 budgets
   1 bruce
   1 brought
   1 bright
   1 briefly
   1 bration
   1 bpunswick
   1 bounded
   1 booklets
   1 board
   1 bladen
   1 bibliographical
   1 berry
   1 bennett
   1 bend
   1 belong
   1 believed
   1 begun
   1 beginning
   1 becomes
   1 become
   1 beck
   1 basal
   1 bank
   1 balances
   1 balanced
   1 balance
   1 bailey
   1 back
   1 babbitt
   1 axes
   1 awaits
   1 avoirdupois
   1 avoided
   1 averaging
   1 automatic
   1 authorized
   1 attempts
   1 attempt
   1 attains
   1 atlases
   1 atlas
   1 assigning
   1 assign
   1 assess
   1 artificial
   1 artesian
   1 arrows
   1 arrow
   1 arrived
   1 ariolina
   1 aquia
   1 approximately
   1 approach
   1 appraisals
   1 appraisal
   1 applications
   1 apparently
   1 apexes
   1 anomalous
   1 annually
   1 andrw
   1 anchorage
   1 analysisnorthern
   1 analog
   1 amounted
   1 among
   1 america
   1 altitudes
   1 alluvium
   1 allowed
   1 allow
   1 aligned
   1 algorithm
   1 albemarle
   1 albe
   1 alaska
   1 air
   1 aibem
   1 ahoskie
   1 agreed
   1 aggregate
   1 agents
   1 affecting
   1 affect
   1 aerial
   1 adverse
   1 advantage
   1 administrative
   1 adjusting
   1 adequately
   1 addressing
   1 address
   1 achieved
   1 accurate
   1 abstracts
   1 abs
   1 abc
   1 abbreviated
