 100 pressure
  79 packer
  74 transducers
  65 transducer
  65 packers
  55 used
  52 data
  51 water
  48 hydraulic
  47 system
  45 well
  39 borehole
  37 using
  37 district
  33 tests
  31 project
  30 survey
  30 alt
  29 use
  29 research
  28 test
  28 logs
  27 systems
  26 flow
  26 field
  25 workshop
  24 geological
  23 wells
  23 tracer
  23 testing
  23 fractures
  22 two
  22 fracture
  22 equipment
  21 colorado
  20 injection
  18 monitoring
  18 aquifer
  17 yucca
  17 studies
  17 several
  17 mountain
  17 measurements
  17 intervals
  17 interval
  17 fluid
  16 pipe
  16 june
  16 installed
  16 hydrologic
  16 formation
  15 stimulation
  15 pump
  15 proceedings
  15 problems
  15 levels
  15 experience
  15 drift
  15 depth
  14 recorder
  14 properties
  14 one
  14 downhole
  14 design
  14 conducted
  14 canada
  14 aquifers
  14 analysis
  13 tilt
  13 submersible
  13 investigations
  13 developed
  12 zones
  12 site
  12 pumping
  12 problem
  12 per
  12 geophysical
  12 environment
  12 also
  11 vertical
  11 surface
  11 results
  11 office
  11 monitor
  11 made
  11 depths
  11 cable
  11 available
  11 area
  11 applications
  11 accuracy
  10 time
  10 string
  10 straddle
  10 section
  10 reliable
  10 new
  10 national
  10 log
  10 grand
  10 fractured
  10 figure
  10 canyon
  10 attendees
  10 air
   9 tube
   9 temperature
   9 rock
   9 regional
   9 much
   9 measurement
   9 line
   9 instrumentation
   9 changes
   9 center
   9 casing
   9 boreholes
   9 arizona
   8 usgs
   8 specific
   8 small
   8 sampling
   8 program
   8 produced
   8 port
   8 observation
   8 nebraska
   8 means
   8 may
   8 less
   8 hif
   8 four
   8 formations
   8 flowmeter
   8 federal
   8 druck
   8 drilled
   8 denver
   8 conventional
   8 conductivity
   8 box
   8 beaches
   8 basic
   8 acoustic
   7 wire
   7 westbay
   7 values
   7 units
   7 unit
   7 transport
   7 techniques
   7 study
   7 sensor
   7 scale
   7 sandstone
   7 rocks
   7 range
   7 provide
   7 profile
   7 production
   7 output
   7 oklahoma
   7 obtained
   7 must
   7 measured
   7 many
   7 logging
   7 however
   7 hole
   7 generally
   7 gage
   7 form
   7 fig
   7 experiments
   7 evaluation
   7 electrical
   7 dry
   7 different
   7 designed
   7 deep
   7 current
   7 commercially
   7 calibration
   7 application
   6 zone
   6 yield
   6 would
   6 valve
   6 three
   6 televiewer
   6 single
   6 setup
   6 sensors
   6 seismic
   6 samples
   6 response
   6 proposed
   6 personnel
   6 opportunities
   6 model
   6 mixing
   6 minute
   6 major
   6 left
   6 lakewood
   6 inflated
   6 indicated
   6 head
   6 greater
   6 gallons
   6 fluids
   6 five
   6 equivalent
   6 encountered
   6 digital
   6 determine
   6 cut
   6 comparison
   6 associated
   6 arkansas
   6 approximately
   6 appendix
   6 allow
   6 accurate
   5 years
   5 within
   5 vendors
   5 types
   5 tubing
   5 times
   5 tiae
   5 tested
   5 supply
   5 steel
   5 static
   5 solute
   5 sites
   5 significant
   5 shale
   5 saturated
   5 river
   5 related
   5 recorders
   5 proved
   5 prevent
   5 present
   5 power
   5 pipes
   5 percent
   5 oil
   5 obtain
   5 need
   5 mold
   5 mixed
   5 mirror
   5 minor
   5 methods
   5 local
   5 lines
   5 layers
   5 large
   5 lake
   5 issues
   5 isolated
   5 interpretation
   5 instruments
   5 injected
   5 inflatable
   5 individual
   5 important
   5 idaho
   5 hydrology
   5 hydrologist
   5 hydrogeologic
   5 housings
   5 housing
   5 hampshire
   5 ground
   5 gained
   5 foot
   5 following
   5 first
   5 facility
   5 experiences
   5 expected
   5 evaluate
   5 entering
   5 drawdown
   5 development
   5 determined
   5 detected
   5 crystalline
   5 correction
   5 cased
   5 case
   5 branch
   5 analog
   4 wellston
   4 waterlog
   4 volume
   4 vent
   4 valves
   4 value
   4 upgrade
   4 tubes
   4 tool
   4 tight
   4 technology
   4 strings
   4 steady
   4 southeastern
   4 sources
   4 software
   4 similar
   4 seven
   4 sedimentary
   4 second
   4 rubber
   4 rig
   4 repository
   4 recording
   4 recommendations
   4 recent
   4 rate
   4 purpose
   4 purchased
   4 processes
   4 presentations
   4 pore
   4 placed
   4 pines
   4 pfc
   4 performed
   4 outside
   4 open
   4 ontario
   4 number
   4 native
   4 multiple
   4 months
   4 meter
   4 level
   4 james
   4 isolate
   4 instrument
   4 inflation
   4 increases
   4 incorporated
   4 immediately
   4 identify
   4 holes
   4 great
   4 glands
   4 given
   4 geophysics
   4 failures
   4 evaluated
   4 electronics
   4 electronic
   4 effects
   4 early
   4 due
   4 drilling
   4 differential
   4 differences
   4 develop
   4 currently
   4 could
   4 correlation
   4 continuous
   4 connected
   4 conjunction
   4 computer
   4 component
   4 chief
   4 change
   4 chack
   4 castle
   4 cases
   4 campbell
   4 caliper
   4 best
   4 bdr
   4 basis
   4 barometric
   4 atmospheric
   4 associates
   4 areas
   4 apparently
   4 aperature
   4 another
   4 although
   4 addition
   4 access
   3 zero
   3 yell
   3 without
   3 washington
   3 voltage
   3 uses
   3 upper
   3 type
   3 trapped
   3 throughout
   3 thermal
   3 technician
   3 tank
   3 suspended
   3 stations
   3 staff
   3 sometimes
   3 simple
   3 significantly
   3 signal
   3 side
   3 shallow
   3 set
   3 series
   3 selection
   3 sector
   3 scientific
   3 sample
   3 resources
   3 requires
   3 required
   3 representatives
   3 report
   3 referenced
   3 recorded
   3 pvc
   3 provided
   3 productive
   3 process
   3 private
   3 presented
   3 potential
   3 polyvinyl
   3 platform
   3 pdcr
   3 operation
   3 often
   3 occur
   3 nylon
   3 nevada
   3 network
   3 needs
   3 near
   3 mounted
   3 models
   3 min
   3 might
   3 michigan
   3 method
   3 meters
   3 maximum
   3 manufacturers
   3 manufactured
   3 manitoba
   3 lowered
   3 lower
   3 low
   3 loop
   3 logger
   3 locations
   3 little
   3 leakage
   3 lead
   3 latkovich
   3 late
   3 langt
   3 land
   3 kept
   3 january
   3 investigation
   3 interference
   3 interest
   3 installation
   3 inch
   3 horizons
   3 groundwater
   3 gradients
   3 good
   3 glossary
   3 gather
   3 fluctuations
   3 flows
   3 flowmeters
   3 float
   3 fitting
   3 failure
   3 example
   3 especially
   3 error
   3 environments
   3 enough
   3 energy
   3 employed
   3 eight
   3 drill
   3 downflow
   3 directly
   3 direct
   3 difficult
   3 diaphragm
   3 diameter
   3 determining
   3 designation
   3 desiccant
   3 dcp
   3 cost
   3 cores
   3 contents
   3 connections
   3 conducting
   3 conduct
   3 conditions
   3 conclusions
   3 concerning
   3 compound
   3 components
   3 complex
   3 completely
   3 common
   3 collected
   3 city
   3 chloride
   3 check
   3 chart
   3 characteristics
   3 central
   3 careful
   3 capacities
   3 building
   3 bldg
   3 better
   3 basin
   3 attenuation
   3 around
   3 applied
   3 along
   3 allows
   3 adequate
   3 acquisition
   3 account
   3 academia
   2 westjohn
   2 west
   2 weather
   2 way
   2 wave
   2 waterlevel
   2 waltz
   2 vito
   2 vented
   2 users
   2 useful
   2 urn
   2 university
   2 united
   2 uncommon
   2 typically
   2 typical
   2 true
   2 tried
   2 transmitters
   2 training
   2 topical
   2 third
   2 temp
   2 tasks
   2 taken
   2 take
   2 suite
   2 successfully
   2 successful
   2 subsurface
   2 submerged
   2 stresses
   2 stream
   2 strain
   2 storage
   2 stimulations
   2 stennis
   2 states
   2 state
   2 start
   2 squared
   2 spring
   2 specifications
   2 space
   2 sophisticated
   2 slight
   2 six
   2 situ
   2 since
   2 signature
   2 short
   2 settings
   2 setting
   2 setra
   2 sensitivity
   2 sensing
   2 sense
   2 sending
   2 selected
   2 seemed
   2 sections
   2 search
   2 sealed
   2 scales
   2 saline
   2 room
   2 role
   2 robson
   2 rise
   2 right
   2 retrieval
   2 resistivity
   2 reproducible
   2 remove
   2 relatively
   2 relative
   2 regime
   2 recovery
   2 record
   2 reconfiguration
   2 recommended
   2 recently
   2 raymond
   2 rates
   2 rapp
   2 ranges
   2 ranged
   2 radioactivity
   2 quickly
   2 questions
   2 purposes
   2 purging
   2 pumped
   2 pulse
   2 provides
   2 prone
   2 product
   2 proa
   2 prior
   2 primarily
   2 prestimulation
   2 pressurizing
   2 pressurize
   2 pressures
   2 presentation
   2 pound
   2 possibly
   2 possible
   2 portable
   2 porosity
   2 points
   2 point
   2 phase
   2 personal
   2 permeable
   2 paul
   2 particularly
   2 particular
   2 part
   2 paroscientific
   2 papers
   2 paillet
   2 packed
   2 overview
   2 outflow
   2 orders
   2 opposite
   2 operated
   2 operate
   2 offset
   2 offices
   2 observed
   2 numerous
   2 nuclear
   2 novakowski
   2 noted
   2 nonsubmersible
   2 nitrogen
   2 nineteen
   2 needed
   2 nearly
   2 naturally
   2 movement
   2 motorola
   2 moisture
   2 mississippi
   2 millimeter
   2 microswitch
   2 micrologger
   2 michael
   2 meet
   2 measuring
   2 matson
   2 magnitude
   2 loss
   2 loggers
   2 location
   2 located
   2 liver
   2 lithologic
   2 literature
   2 limited
   2 lengths
   2 leaks
   2 leads
   2 later
   2 larry
   2 larger
   2 lamb
   2 laboratory
   2 known
   2 kent
   2 isotopic
   2 irrigation
   2 involved
   2 investigating
   2 introduction
   2 internal
   2 interchangeable
   2 instrumented
   2 institute
   2 installing
   2 inside
   2 inhouse
   2 inherent
   2 information
   2 inflate
   2 induced
   2 indicates
   2 indicate
   2 increasing
   2 increased
   2 includes
   2 include
   2 improvement
   2 iblin
   2 hysteresis
   2 hydrogeology
   2 hydrofracturing
   2 husky
   2 hunter
   2 humidity
   2 hsieh
   2 hold
   2 high
   2 hess
   2 heads
   2 grid
   2 gregory
   2 granite
   2 gives
   2 give
   2 getting
   2 get
   2 geologic
   2 generated
   2 general
   2 gemmell
   2 gas
   2 gamma
   2 gallon
   2 future
   2 funkhouser
   2 functions
   2 fully
   2 full
   2 frederick
   2 fort
   2 forms
   2 follows
   2 follow
   2 flowrate
   2 fixed
   2 fill
   2 far
   2 experiment
   2 expensive
   2 exhibitors
   2 except
   2 examples
   2 evolved
   2 eventually
   2 even
   2 estimated
   2 erratic
   2 equipped
   2 equal
   2 engineer
   2 enclosed
   2 eliminated
   2 either
   2 effort
   2 efficiently
   2 effectively
   2 effective
   2 effect
   2 eastern
   2 ease
   2 driving
   2 drive
   2 donald
   2 distribution
   2 difference
   2 details
   2 detailed
   2 describing
   2 denote
   2 degrees
   2 deeper
   2 decimeter
   2 david
   2 date
   2 cuttings
   2 course
   2 corresponding
   2 correlating
   2 corrected
   2 core
   2 cooling
   2 controlled
   2 control
   2 continuously
   2 consuming
   2 consolidated
   2 consists
   2 consideration
   2 considerable
   2 connect
   2 configuration
   2 conductance
   2 compressed
   2 compositions
   2 compensation
   2 commonly
   2 collins
   2 coefficients
   2 close
   2 clear
   2 clean
   2 circulation
   2 circulated
   2 chemistry
   2 chalk
   2 carpenter
   2 cap
   2 calibrations
   2 cables
   2 brine
   2 breakthrough
   2 brands
   2 boyle
   2 became
   2 avoided
   2 averaging
   2 avenue
   2 array
   2 approach
   2 appendixes
   2 aperture
   2 anomalies
   2 annulus
   2 analyzed
   2 amount
   2 almost
   2 alfred
   2 africa
   2 adjacent
   2 additional
   2 activity
   2 accommodate
   2 accepted
   2 abstract
   2 absolute
   1 yorkpacker
   1 yields
   1 yet
   1 year
   1 yakima
   1 wyoming
   1 writing
   1 wnhole
   1 withdrawal
   1 wisconsin
   1 wiring
   1 wireline
   1 winch
   1 william
   1 wiancko
   1 whsre
   1 whitey
   1 whether
   1 wet
   1 western
   1 wellbore
   1 weighting
   1 weighted
   1 waves
   1 waters
   1 waterproducing
   1 wate
   1 waste
   1 warrant
   1 vsp
   1 volts
   1 voltaoe
   1 voiced
   1 vibrating
   1 verification
   1 velocity
   1 veil
   1 vea
   1 varying
   1 vary
   1 various
   1 variety
   1 varied
   1 vancouver
   1 van
   1 ution
   1 utah
   1 usually
   1 useless
   1 uppermost
   1 upon
   1 uphole
   1 upgrading
   1 upflow
   1 upcoming
   1 unsatisfactory
   1 uniformly
   1 uniform
   1 unfractured
   1 unfortunate
   1 undisturbed
   1 underwater
   1 understanding
   1 understand
   1 underground
   1 undergo
   1 unconsolidated
   1 uncertainty
   1 uncased
   1 unacceptable
   1 ucj
   1 turning
   1 tures
   1 tucson
   1 tubings
   1 trying
   1 truck
   1 trolling
   1 trimmed
   1 trial
   1 travel
   1 trated
   1 trapping
   1 transmitting
   1 transmissivity
   1 transmissivities
   1 trained
   1 trailerized
   1 trade
   1 trace
   1 total
   1 torn
   1 topics
   1 today
   1 tna
   1 tmmmmumm
   1 tlie
   1 tle
   1 tie
   1 tides
   1 thro
   1 thousands
   1 though
   1 thoroughly
   1 thomas
   1 theses
   1 thernu
   1 thermistors
   1 therefore
   1 thereby
   1 theflowrate
   1 thdrawal
   1 tfrflt
   1 terrance
   1 terms
   1 termination
   1 terminated
   1 tend
   1 technique
   1 technical
   1 teac
   1 tat
   1 tare
   1 tandem
   1 syvito
   1 synergetics
   1 sygrady
   1 swagelok
   1 sutron
   1 sutaergenc
   1 sutaatrgenc
   1 sutaaargenc
   1 sustained
   1 surveys
   1 surveillance
   1 surrounding
   1 surfacial
   1 support
   1 supplement
   1 supervisory
   1 summary
   1 summarizes
   1 summarized
   1 sum
   1 suggested
   1 sufficiently
   1 sufficient
   1 suddlv
   1 successively
   1 success
   1 subwrgenc
   1 substituted
   1 substantial
   1 subsequent
   1 submergence
   1 subberaencc
   1 subagrgence
   1 studied
   1 strobed
   1 street
   1 stray
   1 strategically
   1 strapped
   1 straddled
   1 stored
   1 stimulate
   1 still
   1 sti
   1 steeply
   1 steele
   1 station
   1 statham
   1 starting
   1 started
   1 stanley
   1 standard
   1 stages
   1 stage
   1 stable
   1 squeeze
   1 square
   1 spurious
   1 spliced
   1 spinner
   1 speed
   1 specified
   1 specialties
   1 specialists
   1 special
   1 span
   1 spacings
   1 spacing
   1 spaced
   1 sophistication
   1 soon
   1 sonde
   1 something
   1 solids
   1 solid
   1 solenoid
   1 soldered
   1 soil
   1 smaller
   1 slug
   1 slow
   1 slidinghead
   1 sis
   1 simplified
   1 simplicity
   1 signals
   1 shroud
   1 shown
   1 shope
   1 shipped
   1 shielded
   1 sharing
   1 shallower
   1 shaft
   1 severe
   1 serve
   1 serial
   1 september
   1 separated
   1 sented
   1 sent
   1 selecting
   1 segment
   1 seen
   1 seem
   1 sediments
   1 sectic
   1 secretary
   1 seconds
   1 seating
   1 seat
   1 seasonally
   1 seasonal
   1 seal
   1 screened
   1 screen
   1 schematics
   1 schematic
   1 scan
   1 satisfy
   1 sated
   1 sandstones
   1 sand
   1 samplers
   1 salinity
   1 sale
   1 rvation
   1 running
   1 run
   1 ruled
   1 rugged
   1 rst
   1 row
   1 routinely
   1 routine
   1 rotary
   1 ronald
   1 ron
   1 roctest
   1 robert
   1 road
   1 rising
   1 riow
   1 ring
   1 rigorously
   1 returned
   1 result
   1 resul
   1 respective
   1 respect
   1 resolved
   1 resolution
   1 requirements
   1 requirement
   1 require
   1 reports
   1 reported
   1 replacement
   1 replace
   1 repeated
   1 repeat
   1 removed
   1 removable
   1 remoteness
   1 remaining
   1 remain
   1 relief
   1 reliability
   1 relevant
   1 released
   1 reinforce
   1 regulated
   1 regolith
   1 region
   1 refinement
   1 reference
   1 redundancy
   1 reduce
   1 recovering
   1 recharging
   1 recharged
   1 reason
   1 readings
   1 read
   1 reached
   1 reach
   1 rcent
   1 rating
   1 rated
   1 rasa
   1 rapidly
   1 rapid
   1 ranging
   1 raised
   1 radioactivities
   1 radioactive
   1 quantify
   1 quantified
   1 quality
   1 qualification
   1 puyallup
   1 purged
   1 pumps
   1 pulling
   1 publication
   1 ptx
   1 providing
   1 property
   1 properly
   1 propane
   1 proorab
   1 promising
   1 prolonged
   1 projects
   1 programs
   1 programmable
   1 profiles
   1 products
   1 productivity
   1 producing
   1 produces
   1 produce
   1 processing
   1 probable
   1 prime
   1 primary
   1 previously
   1 preveit
   1 press
   1 presents
   1 presently
   1 presence
   1 prepared
   1 preliminary
   1 predict
   1 predecessor
   1 praduce
   1 practicality
   1 practical
   1 powered
   1 poured
   1 potting
   1 potentiometric
   1 potentiometer
   1 poststimulation
   1 position
   1 posed
   1 portion
   1 ported
   1 poor
   1 plus
   1 plumb
   1 plow
   1 played
   1 plattsburgh
   1 plans
   1 planned
   1 placing
   1 placement
   1 piezometers
   1 picked
   1 petrophysical
   1 permeability
   1 permanently
   1 periods
   1 periodically
   1 perimeter
   1 performs
   1 performing
   1 perform
   1 perforations
   1 perforation
   1 perforated
   1 perceptible
   1 people
   1 pennsylvania
   1 penetration
   1 penetrating
   1 peck
   1 pearl
   1 past
   1 passed
   1 pass
   1 parts
   1 participants
   1 park
   1 paragraphs
   1 panel
   1 paleozoic
   1 packs
   1 packedoff
   1 packaged
   1 oversized
   1 overpressuring
   1 overpressured
   1 overcomes
   1 overall
   1 outut
   1 otlo
   1 oscilloscope
   1 originally
   1 order
   1 opportunity
   1 operating
   1 opening
   1 opened
   1 onto
   1 omm
   1 ofthe
   1 offractureflow
   1 offer
   1 ofcu
   1 occurs
   1 occurring
   1 occurred
   1 occasionally
   1 observer
   1 obse
   1 objectives
   1 nuclearwaste
   1 november
   1 novel
   1 northwestern
   1 northern
   1 north
   1 normally
   1 nonproductive
   1 nonnative
   1 nonlinear
   1 nominal
   1 niagara
   1 next
   1 newly
   1 nested
   1 negative
   1 necessary
   1 natural
   1 names
   1 nalgene
   1 multiply
   1 multilevel
   1 multiconductor
   1 motor
   1 moreover
   1 monitored
   1 modifying
   1 modified
   1 moderate
   1 mode
   1 mobile
   1 mix
   1 mitted
   1 minus
   1 ministry
   1 minimized
   1 minimize
   1 mineralogical
   1 millivolts
   1 millimeters
   1 milligrams
   1 middlefield
   1 microsiemens
   1 met
   1 mercury
   1 mercantile
   1 ment
   1 menlo
   1 memory
   1 meesjred
   1 medium
   1 media
   1 mean
   1 maximizing
   1 mathematically
   1 materials
   1 material
   1 mass
   1 march
   1 manufacturer
   1 manufacture
   1 manometers
   1 manometer
   1 manner
   1 manipulation
   1 manifold
   1 mandrels
   1 manage
   1 making
   1 make
   1 mak
   1 maior
   1 maintaining
   1 maintained
   1 main
   1 lowering
   1 look
   1 long
   1 logan
   1 locking
   1 loading
   1 liter
   1 lists
   1 list
   1 lincoln
   1 lime
   1 likely
   1 liaisons
   1 length
   1 lenfth
   1 led
   1 lathe
   1 latest
   1 largest
   1 laramie
   1 lansing
   1 langth
   1 laney
   1 lamerks
   1 kilowatt
   1 kilopascal
   1 kilogram
   1 key
   1 kavlico
   1 julian
   1 joints
   1 jogger
   1 isolation
   1 isolating
   1 isings
   1 irregularities
   1 ion
   1 involves
   1 investigate
   1 inufacturer
   1 introduced
   1 intervening
   1 intersection
   1 intersected
   1 intersect
   1 internally
   1 interior
   1 interfaces
   1 interface
   1 interconnections
   1 interchangeability
   1 interbedded
   1 interactions
   1 integrated
   1 installations
   1 input
   1 inoperable
   1 initiated
   1 initially
   1 initial
   1 informal
   1 inflow
   1 infer
   1 inexpensive
   1 inel
   1 individually
   1 indications
   1 independently
   1 incrementally
   1 including
   1 inadequate
   1 improving
   1 improve
   1 imply
   1 implementation
   1 imperative
   1 illustrated
   1 illustrate
   1 ill
   1 iiii
   1 identifying
   1 identified
   1 identification
   1 icc
   1 hysteretic
   1 hydrostatic
   1 hydrocarbon
   1 humid
   1 hss
   1 hourly
   1 hot
   1 hooked
   1 hoists
   1 hoist
   1 hjo
   1 history
   1 histories
   1 help
   1 held
   1 heating
   1 heated
   1 hanford
   1 handwritten
   1 handar
   1 halliburton
   1 gun
   1 guidefor
   1 grouted
   1 group
   1 greatest
   1 graphs
   1 grady
   1 goes
   1 goal
   1 glue
   1 glacial
   1 geochemical
   1 generator
   1 generation
   1 generate
   1 generalized
   1 gearhart
   1 gauges
   1 gating
   1 gathered
   1 galvanized
   1 gal
   1 gaining
   1 funding
   1 friable
   1 fresh
   1 fracturing
   1 fourteen
   1 found
   1 forum
   1 folio
   1 focused
   1 flushed
   1 fluctuation
   1 fluctuated
   1 flov
   1 florida
   1 flomv
   1 floatoperated
   1 flexibility
   1 flank
   1 fitted
   1 firm
   1 fiow
   1 filled
   1 files
   1 figures
   1 figs
   1 fifty
   1 fflf
   1 ferrules
   1 ferent
   1 feet
   1 feed
   1 february
   1 features
   1 favorable
   1 fatigue
   1 falls
   1 falling
   1 fall
   1 fairfield
   1 fahrenheit
   1 facilities
   1 facets
   1 face
   1 fabrication
   1 fabricate
   1 extremes
   1 extensive
   1 extended
   1 exposes
   1 exposed
   1 explosions
   1 exploration
   1 experts
   1 experienced
   1 exited
   1 existing
   1 exist
   1 exhibited
   1 exhibit
   1 excitation
   1 excellent
   1 examination
   1 evolutionary
   1 evolution
   1 every
   1 evaluations
   1 europe
   1 euclid
   1 estimations
   1 estimating
   1 estimates
   1 established
   1 equation
   1 epson
   1 envisioned
   1 envirolabs
   1 entire
   1 entered
   1 ensure
   1 enhanced
   1 endorsement
   1 ending
   1 ended
   1 encoders
   1 encoder
   1 employ
   1 emphasize
   1 emphasis
   1 emerge
   1 elsewhere
   1 elements
   1 elemental
   1 element
   1 efforts
   1 efficient
   1 efficiency
   1 easily
   1 earthquakes
   1 earth
   1 earliest
   1 earlier
   1 driven
   1 downloading
   1 download
   1 double
   1 document
   1 disturbance
   1 distances
   1 dissolved
   1 dissipates
   1 dissipate
   1 discussion
   1 discussed
   1 discuss
   1 discrete
   1 discharge
   1 director
   1 directions
   1 dipping
   1 dilution
   1 diffuser
   1 difficulty
   1 differing
   1 differed
   1 dewar
   1 devised
   1 device
   1 developing
   1 determinations
   1 determination
   1 detects
   1 detectable
   1 desired
   1 descriptive
   1 describe
   1 derrick
   1 dependence
   1 depend
   1 department
   1 demonstrated
   1 demand
   1 deformation
   1 deflated
   1 define
   1 deferential
   1 decrease
   1 decline
   1 decided
   1 days
   1 day
   1 dallas
   1 cylinders
   1 cycles
   1 custom
   1 cumbersome
   1 ctaapereture
   1 crosshole
   1 critical
   1 criteria
   1 country
   1 correlated
   1 correlate
   1 correct
   1 corract
   1 corporation
   1 converted
   1 controlling
   1 controller
   1 contributions
   1 contraction
   1 contracted
   1 continuoysly
   1 continuing
   1 continued
   1 continue
   1 contamination
   1 contains
   1 containing
   1 contained
   1 contact
   1 construction
   1 constant
   1 consisted
   1 consist
   1 considers
   1 considerably
   1 conservative
   1 consequently
   1 consensus
   1 connectors
   1 connection
   1 connecticut
   1 confining
   1 confined
   1 configurations
   1 conductor
   1 condensation
   1 concluded
   1 concerns
   1 concern
   1 concentration
   1 concentrated
   1 compression
   1 complicated
   1 complicate
   1 complexity
   1 completed
   1 complete
   1 complement
   1 compiled
   1 comparative
   1 company
   1 committee
   1 commercial
   1 commei
   1 come
   1 combining
   1 combines
   1 combinations
   1 combination
   1 columbia
   1 collection
   1 collecting
   1 collar
   1 cold
   1 cola
   1 coefficient
   1 closed
   1 clock
   1 climate
   1 cleaned
   1 civil
   1 cited
   1 circuitry
   1 cially
   1 checks
   1 checking
   1 checked
   1 characterized
   1 chamber
   1 challenges
   1 celsius
   1 caved
   1 causes
   1 cause
   1 carefully
   1 care
   1 caps
   1 capitol
   1 capable
   1 cancel
   1 canadian
   1 came
   1 california
   1 calibrating
   1 calibrated
   1 calculating
   1 calculated
   1 byterrence
   1 bystanleyg
   1 buries
   1 built
   1 build
   1 bubbler
   1 bruce
   1 british
   1 bring
   1 breakdown
   1 brass
   1 boundaries
   1 boulder
   1 borehol
   1 boot
   1 books
   1 body
   1 blocks
   1 block
   1 bled
   1 bladder
   1 betts
   1 belter
   1 begins
   1 began
   1 beds
   1 baud
   1 bath
   1 based
   1 base
   1 barob
   1 ball
   1 babbitt
   1 away
   1 avoid
   1 average
   1 availability
   1 automatic
   1 author
   1 attributed
   1 attention
   1 attended
   1 attempts
   1 attempted
   1 attempt
   1 attainable
   1 attached
   1 atomic
   1 astromed
   1 assistant
   1 assist
   1 assessing
   1 assembly
   1 assembling
   1 aspect
   1 arob
   1 armored
   1 arisea
   1 areat
   1 approximation
   1 approaches
   1 approached
   1 appears
   1 apparatuses
   1 apparatus
   1 anomalous
   1 annoying
   1 andpacker
   1 analyses
   1 anal
   1 amplitude
   1 amounts
   1 among
   1 america
   1 amenable
   1 always
   1 alternating
   1 alone
   1 akage
   1 agreed
   1 age
   1 affect
   1 advectively
   1 advantages
   1 adulterated
   1 adjustment
   1 address
   1 added
   1 actual
   1 active
   1 act
   1 acronyms
   1 acquired
   1 acquire
   1 achieved
   1 achieve
   1 accomplished
   1 accommodates
   1 abroad
   1 able
   1 ability
   1 aardvark
   1 aac
