 104 mountain
 103 yucca
 101 usw
  97 water
  83 wells
  74 data
  66 area
  58 levels
  58 flow
  56 map
  48 well
  47 potentiometric
  47 nevada
  41 surface
  40 fault
  39 revised
  39 level
  37 altitude
  36 survey
  35 others
  34 geological
  32 rocks
  31 volcanic
  31 report
  30 robison
  29 trends
  25 system
  25 may
  24 gradient
  24 canyon
  23 meters
  23 depth
  22 zone
  22 vicinity
  22 uppermost
  21 member
  20 none
  19 table
  19 interval
  19 borehole
  19 analysis
  18 used
  18 solitario
  18 saturated
  18 adjustments
  17 plate
  17 geologic
  17 fluid
  16 calico
  15 trend
  15 test
  15 temperature
  15 result
  15 north
  14 tuffs
  14 tuff
  14 splay
  14 regression
  14 paleozoic
  14 nye
  14 lower
  14 investigations
  14 county
  13 west
  13 density
  13 available
  13 accuracy
  12 hills
  12 greater
  12 figure
  12 effects
  12 beds
  12 aquifer
  11 tuffaceous
  11 results
  11 located
  11 drilled
  11 beneath
  11 based
  10 waddell
  10 southeast
  10 range
  10 preliminary
  10 penetrated
  10 measurements
  10 maps
  10 flat
  10 direction
  10 corrections
  10 areas
  10 approximately
  10 adjusted
  10 accurate
   9 years
   9 using
   9 three
   9 thordarson
   9 summary
   9 site
   9 significant
   9 potential
   9 measurement
   9 measured
   9 major
   9 low
   9 deep
   9 crater
   9 contours
   9 continuous
   9 columns
   9 bullfrog
   9 appears
   9 age
   8 variations
   8 upper
   8 units
   8 time
   8 southern
   8 showing
   8 scale
   8 less
   8 hydraulic
   8 examined
   8 craig
   8 average
   8 assumption
   8 applied
   7 yearly
   7 written
   7 spring
   7 side
   7 sea
   7 residuals
   7 prow
   7 probably
   7 precision
   7 period
   7 pass
   7 number
   7 information
   7 either
   7 east
   7 department
   7 defined
   7 could
   7 conductivity
   7 change
   7 carr
   7 byers
   7 also
   7 along
   7 addition
   6 william
   6 unit
   6 two
   6 thus
   6 stratigraphic
   6 standard
   6 small
   6 ranges
   6 previous
   6 presented
   6 part
   6 paper
   6 paintbrush
   6 offset
   6 network
   6 monitored
   6 location
   6 linear
   6 line
   6 indicate
   6 hydrologic
   6 higher
   6 geophysical
   6 geohydrology
   6 fractures
   6 faults
   6 explanation
   6 energy
   6 different
   6 contour
   6 bedded
   6 basin
   5 would
   5 values
   5 valley
   5 usgs
   5 topopah
   5 studies
   5 smallgradient
   5 slope
   5 shown
   5 selected
   5 scott
   5 relatively
   5 regions
   5 professional
   5 positive
   5 permeable
   5 permeability
   5 open
   5 occurs
   5 nearly
   5 made
   5 luckey
   5 laterally
   5 intersection
   5 impact
   5 gravitational
   5 general
   5 fairly
   5 exception
   5 denver
   5 deeper
   5 datum
   5 czarnecki
   5 complex
   5 chornack
   5 changes
   5 carbonate
   5 burkhardt
   5 bonk
   5 assumed
   4 year
   4 winograd
   4 whitfield
   4 western
   4 waterresources
   4 waterlevel
   4 value
   4 tram
   4 tertiary
   4 techniques
   4 southwest
   4 south
   4 since
   4 shows
   4 several
   4 setting
   4 scope
   4 roughly
   4 resulting
   4 represent
   4 producing
   4 primarily
   4 possibly
   4 possible
   4 points
   4 percent
   4 one
   4 oberlander
   4 near
   4 mean
   4 magnitude
   4 long
   4 logs
   4 little
   4 large
   4 indicated
   4 including
   4 hydrostratigraphy
   4 however
   4 horizontal
   4 highly
   4 high
   4 gouge
   4 found
   4 following
   4 fig
   4 features
   4 extent
   4 earth
   4 earlier
   4 description
   4 deposits
   4 constructed
   4 considered
   4 cited
   3 zones
   3 zoned
   3 work
   3 within
   3 vertical
   3 use
   3 upon
   3 updates
   3 union
   3 underlying
   3 unadjusted
   3 twice
   3 transactions
   3 total
   3 tides
   3 thermal
   3 taken
   3 study
   3 stratigraphy
   3 statistically
   3 solids
   3 shulters
   3 short
   3 shaded
   3 sequence
   3 sass
   3 rush
   3 respect
   3 represented
   3 repository
   3 reports
   3 reliable
   3 related
   3 regional
   3 region
   3 refinement
   3 references
   3 record
   3 purposes
   3 purpose
   3 pressure
   3 present
   3 phenomena
   3 perpendicular
   3 periodically
   3 periodic
   3 performed
   3 patterns
   3 particularly
   3 older
   3 occurring
   3 occur
   3 observed
   3 northwest
   3 nearby
   3 monitors
   3 model
   3 mile
   3 members
   3 mapped
   3 lobmeyer
   3 listed
   3 likely
   3 late
   3 lack
   3 jackass
   3 intersects
   3 inferred
   3 increases
   3 hypothesis
   3 hydrology
   3 hydrologically
   3 holes
   3 head
   3 ground
   3 great
   3 gravity
   3 gradients
   3 geothermal
   3 geohydrologic
   3 frizzell
   3 fracture
   3 flux
   3 flats
   3 five
   3 fit
   3 faulting
   3 explain
   3 exhibited
   3 except
   3 especially
   3 effect
   3 drilling
   3 downthrown
   3 downgradient
   3 divided
   3 dissolved
   3 discussed
   3 differing
   3 difference
   3 diehl
   3 deviations
   3 deviation
   3 determined
   3 degree
   3 cyclic
   3 curve
   3 contoured
   3 contents
   3 construct
   3 consisting
   3 compositionally
   3 composed
   3 column
   3 center
   3 caldera
   3 boundary
   3 bottom
   3 boreholes
   3 bentley
   3 beginning
   3 barrier
   3 barometric
   3 associated
   3 areal
   3 aquifers
   3 apparent
   3 analyses
   3 altitudes
   3 abstract
   2 wear
   2 various
   2 variation
   2 variance
   2 variable
   2 upward
   2 unless
   2 unknown
   2 unconfined
   2 trigonometric
   2 transmissive
   2 toward
   2 top
   2 tiva
   2 thickness
   2 thick
   2 therefore
   2 tested
   2 terminate
   2 television
   2 tapes
   2 systems
   2 surveys
   2 summarizes
   2 sufficient
   2 structure
   2 stretch
   2 steel
   2 square
   2 special
   2 spane
   2 southwestern
   2 snyder
   2 smith
   2 smaller
   2 slight
   2 similar
   2 significance
   2 show
   2 shape
   2 series
   2 sedimentary
   2 sections
   2 section
   2 secondary
   2 second
   2 sawyer
   2 ross
   2 rojstaczer
   2 rockwell
   2 rock
   2 robinson
   2 ridge
   2 remaining
   2 relations
   2 reference
   2 reed
   2 recovery
   2 reasons
   2 readily
   2 rate
   2 ranging
   2 quaternary
   2 provide
   2 program
   2 produced
   2 previously
   2 presents
   2 predominantly
   2 precambrian
   2 potentiometricsurface
   2 plus
   2 plane
   2 perching
   2 penetrates
   2 penetrate
   2 pah
   2 otherwise
   2 orkild
   2 orders
   2 oral
   2 obtained
   2 null
   2 note
   2 normally
   2 normality
   2 new
   2 neter
   2 nelson
   2 negligible
   2 need
   2 national
   2 much
   2 monthly
   2 month
   2 monitoring
   2 monitor
   2 models
   2 minor
   2 midpoint
   2 mesozoic
   2 mercer
   2 meinzer
   2 mechanical
   2 maximum
   2 matrix
   2 material
   2 making
   2 mainly
   2 looking
   2 lithic
   2 lipman
   2 limited
   2 lengths
   2 length
   2 lathrop
   2 largely
   2 largehydraulic
   2 known
   2 kilometers
   2 kilometer
   2 introduction
   2 intervening
   2 intervals
   2 interpretation
   2 interpolation
   2 interagency
   2 influenced
   2 indicating
   2 indicates
   2 increased
   2 important
   2 hydrogeologic
   2 history
   2 heterogeneity
   2 heat
   2 groundwater
   2 geology
   2 geodetic
   2 generalized
   2 gemmell
   2 galloway
   2 future
   2 fridrich
   2 fractured
   2 fourth
   2 formerly
   2 follows
   2 focuses
   2 flows
   2 first
   2 federal
   2 feature
   2 factors
   2 expansion
   2 existed
   2 exhibit
   2 evidence
   2 eshom
   2 ervin
   2 equipment
   2 enough
   2 end
   2 eastern
   2 dobson
   2 distributed
   2 disposal
   2 dips
   2 dip
   2 diagram
   2 developed
   2 determining
   2 determine
   2 designations
   2 depths
   2 depending
   2 decrease
   2 death
   2 davis
   2 covers
   2 constructing
   2 consists
   2 confined
   2 conceptual
   2 comprising
   2 compressibility
   2 comparison
   2 combination
   2 collected
   2 collar
   2 certain
   2 casing
   2 carbonates
   2 canada
   2 bulletin
   2 box
   2 body
   2 basis
   2 authors
   2 ature
   2 april
   2 appear
   2 apparently
   2 angle
   2 analyzed
   2 among
   2 american
   2 amargosa
   2 although
   2 agreement
   2 ages
   2 affecting
   2 affect
   2 additional
   2 across
   2 account
   2 according
   1 zero
   1 yount
   1 york
   1 yield
   1 write
   1 wrench
   1 worthy
   1 wiley
   1 widen
   1 whipstock
   1 whether
   1 whereby
   1 whereas
   1 wetter
   1 weathered
   1 ways
   1 way
   1 waste
   1 wasserman
   1 warren
   1 warrant
   1 volcanism
   1 vol
   1 vertically
   1 verses
   1 vegas
   1 varies
   1 variables
   1 useful
   1 unlikely
   1 united
   1 unique
   1 uniform
   1 undoubtedly
   1 underling
   1 underlie
   1 uncorrelated
   1 uncommon
   1 unclear
   1 ultimately
   1 ulrich
   1 true
   1 trending
   1 transport
   1 transformation
   1 transfer
   1 trade
   1 topography
   1 timber
   1 thrust
   1 third
   1 thickest
   1 thicken
   1 text
   1 ter
   1 tends
   1 tectonic
   1 tables
   1 szymanski
   1 suspect
   1 surrounding
   1 surficial
   1 supposition
   1 support
   1 suites
   1 suitability
   1 sufficiently
   1 substantially
   1 subject
   1 subbasin
   1 studied
   1 stuart
   1 structural
   1 strong
   1 stratigraphically
   1 straighter
   1 still
   1 stephens
   1 stefan
   1 statistics
   1 statistical
   1 stating
   1 states
   1 splays
   1 spengler
   1 specifically
   1 span
   1 southerly
   1 southeastward
   1 sources
   1 sons
   1 smallhydraulic
   1 slowly
   1 slow
   1 sloping
   1 six
   1 sited
   1 simulations
   1 simulation
   1 silurian
   1 siliceous
   1 significantly
   1 shorter
   1 sheet
   1 shallow
   1 set
   1 serpentine
   1 sequential
   1 sediments
   1 secretary
   1 seasonal
   1 scisson
   1 science
   1 schimschal
   1 schematic
   1 schaefer
   1 scenario
   1 sargent
   1 samples
   1 rising
   1 rise
   1 richland
   1 reveal
   1 resulted
   1 responses
   1 response
   1 respectively
   1 research
   1 represents
   1 representing
   1 representativeness
   1 representation
   1 reported
   1 remained
   1 remainder
   1 remain
   1 relationships
   1 rejected
   1 regionally
   1 refinements
   1 refine
   1 refers
   1 referenced
   1 recover
   1 records
   1 recording
   1 recharge
   1 recalculation
   1 reasonable
   1 reason
   1 reaches
   1 rather
   1 ranch
   1 quinlivan
   1 questions
   1 questioned
   1 purchased
   1 publication
   1 province
   1 proportionally
   1 projection
   1 project
   1 product
   1 proceedings
   1 procedure
   1 problematic
   1 priest
   1 prevent
   1 presence
   1 prepared
   1 predecessor
   1 precise
   1 possibilities
   1 posed
   1 portion
   1 porosity
   1 poorly
   1 polymer
   1 point
   1 pocket
   1 plotted
   1 playa
   1 planned
   1 placing
   1 placement
   1 piles
   1 physiographic
   1 physical
   1 petrography
   1 perturbations
   1 pertinent
   1 periods
   1 penetration
   1 pattern
   1 particle
   1 parenthesized
   1 parallels
   1 outweigh
   1 outlined
   1 outline
   1 outcrop
   1 originates
   1 origin
   1 ordering
   1 orderedness
   1 order
   1 operations
   1 ohio
   1 ofunderstanding
   1 often
   1 ocrwm
   1 obvious
   1 obtain
   1 numerical
   1 numbers
   1 nuclear
   1 noted
   1 northward
   1 northern
   1 northeast
   1 normal
   1 nonlinear
   1 nificant
   1 ngvd
   1 next
   1 nets
   1 nature
   1 names
   1 must
   1 munroe
   1 multiply
   1 muller
   1 mud
   1 moves
   1 mounded
   1 mostly
   1 moderategradient
   1 modeling
   1 missing
   1 miscellaneous
   1 miocene
   1 minimal
   1 million
   1 miles
   1 middle
   1 method
   1 metersr
   1 meter
   1 mercury
   1 mechanisms
   1 mechanism
   1 measuring
   1 measures
   1 measure
   1 means
   1 mat
   1 mass
   1 margin
   1 manner
   1 management
   1 majority
   1 main
   1 lost
   1 longitude
   1 longer
   1 logical
   1 locations
   1 localized
   1 locality
   1 localities
   1 loading
   1 liva
   1 lithostatic
   1 lists
   1 like
   1 lies
   1 lead
   1 lava
   1 laura
   1 latitude
   1 later
   1 las
   1 lanphere
   1 land
   1 laid
   1 lahoud
   1 lachenbruch
   1 kutner
   1 knowledge
   1 kibler
   1 june
   1 judged
   1 journal
   1 john
   1 jerry
   1 january
   1 jacqueline
   1 irwin
   1 investigative
   1 investigate
   1 intrusions
   1 international
   1 interior
   1 interbedded
   1 intensity
   1 initial
   1 inhibiting
   1 infillings
   1 infilling
   1 industry
   1 indication
   1 independent
   1 increasing
   1 increase
   1 inconsistent
   1 inclusion
   1 includes
   1 included
   1 inch
   1 improvements
   1 imply
   1 implicit
   1 implications
   1 impeded
   1 impedance
   1 illustrated
   1 illinois
   1 iii
   1 identification
   1 ideas
   1 hydrographs
   1 hydraulically
   1 hva
   1 homewood
   1 hole
   1 hold
   1 hitchon
   1 hinge
   1 heads
   1 headco
   1 hanford
   1 half
   1 gyroscopic
   1 groundwork
   1 greatest
   1 government
   1 gordon
   1 good
   1 going
   1 given
   1 geologically
   1 geochronologic
   1 generally
   1 fully
   1 frequency
   1 framework
   1 forty
   1 formations
   1 formation
   1 form
   1 foothill
   1 foot
   1 folding
   1 focus
   1 flint
   1 fleck
   1 firm
   1 finer
   1 figures
   1 fifth
   1 field
   1 fenix
   1 fashion
   1 far
   1 fall
   1 fahrenheit
   1 facts
   1 factor
   1 extrusive
   1 extremely
   1 extensively
   1 extending
   1 explained
   1 experimental
   1 expected
   1 exceptions
   1 examining
   1 examine
   1 examination
   1 evolved
   1 evaluated
   1 established
   1 erupted
   1 error
   1 equilibration
   1 equilibrating
   1 equalled
   1 episodic
   1 eos
   1 entire
   1 ensue
   1 engineering
   1 endorsement
   1 elevations
   1 efficiency
   1 efficiencies
   1 effective
   1 edition
   1 edge
   1 eaton
   1 eastsoutheast
   1 eastman
   1 dudley
   1 dublin
   1 drift
   1 drawn
   1 dramatic
   1 dolomite
   1 distribution
   1 displacement
   1 discussion
   1 discusses
   1 discharge
   1 discern
   1 director
   1 difficulty
   1 difficult
   1 differs
   1 development
   1 detailing
   1 designs
   1 designed
   1 descriptive
   1 derived
   1 dependent
   1 densities
   1 deformation
   1 definitions
   1 definition
   1 decreases
   1 decisively
   1 daily
   1 crosses
   1 critical
   1 crest
   1 creek
   1 creating
   1 created
   1 create
   1 cover
   1 coupled
   1 corresponds
   1 correlation
   1 correction
   1 correcting
   1 corrected
   1 core
   1 copies
   1 cooperatively
   1 cooperation
   1 converted
   1 conversion
   1 controlled
   1 contribute
   1 contrasts
   1 contourshows
   1 contouring
   1 continuously
   1 continues
   1 contains
   1 contained
   1 contain
   1 contact
   1 constitutes
   1 consistency
   1 consist
   1 consecutive
   1 connected
   1 confirm
   1 confining
   1 confidence
   1 conference
   1 conduits
   1 conclusions
   1 conceptualized
   1 concepts
   1 concentrations
   1 comprise
   1 composite
   1 component
   1 complicated
   1 completely
   1 completed
   1 complete
   1 compiled
   1 combined
   1 colorado
   1 closer
   1 close
   1 climate
   1 clearly
   1 circulation
   1 christiansen
   1 chief
   1 changed
   1 centers
   1 cent
   1 cenozoic
   1 celsius
   1 caution
   1 cause
   1 cauldrons
   1 cases
   1 carried
   1 called
   1 california
   1 calculated
   1 bruckheimer
   1 bruce
   1 broxton
   1 brian
   1 breccia
   1 branch
   1 boundaries
   1 boucher
   1 blend
   1 blankennagel
   1 better
   1 best
   1 bends
   1 believe
   1 behavior
   1 become
   1 base
   1 barriers
   1 banff
   1 baldwin
   1 bachu
   1 babbitt
   1 averaged
   1 autocorrelation
   1 autocorrelated
   1 attention
   1 attempted
   1 atmospheric
   1 assumptions
   1 association
   1 assist
   1 assigned
   1 ashflow
   1 ascertain
   1 around
   1 arbitrarily
   1 appreciable
   1 appeared
   1 another
   1 anomalous
   1 annual
   1 anisotropy
   1 analyze
   1 amount
   1 alternate
   1 almost
   1 alluvium
   1 alluvial
   1 allowed
   1 alkali
   1 alberta
   1 adversely
   1 adjustment
   1 adjacent
   1 adapted
   1 actual
   1 acts
   1 accurately
   1 accounts
   1 acceleration
   1 abbreviation
