 123 coal
  76 quadrangle
  40 potential
  40 development
  37 bed
  36 mesa
  35 mclnturf
  32 feet
  30 mining
  29 colorado
  27 measured
  26 seymour
  25 section
  25 beds
  20 union
  20 fort
  20 formation
  20 data
  19 methods
  18 approximately
  17 tons
  17 survey
  17 surface
  17 plate
  17 geological
  17 base
  17 areas
  15 thickness
  15 shale
  14 subsurface
  14 reserve
  13 federal
  12 sec
  12 moffat
  12 land
  12 area
  11 short
  11 high
  11 cretaceous
  10 used
  10 shown
  10 others
  10 miles
  10 maps
  10 geology
  10 county
  10 bass
   9 yampa
   9 part
   9 mine
   8 table
   8 several
   8 sandstone
   8 rocks
   8 resources
   8 per
   8 overburden
   8 mountain
   8 moderate
   8 map
   8 low
   7 within
   7 structure
   7 resource
   7 report
   7 northwestern
   7 metric
   7 located
   7 krcra
   7 identified
   7 denver
   7 creek
   7 craig
   7 bulletin
   7 basin
   6 percent
   6 lewis
   6 lands
   6 isopach
   6 deposited
   6 boundary
   6 analyses
   5 work
   5 wasatch
   5 unknown
   5 subbituminous
   5 southwestern
   5 sections
   5 routt
   5 recoverable
   5 rated
   5 little
   5 lies
   5 less
   5 known
   5 general
   5 fortification
   5 field
   5 environments
   5 east
   5 conventional
   4 western
   4 west
   4 upper
   4 united
   4 two
   4 total
   4 tonnages
   4 thin
   4 thick
   4 stratigraphy
   4 states
   4 southern
   4 sea
   4 rocky
   4 respectively
   4 ratio
   4 range
   4 occurrence
   4 note
   4 northeastern
   4 multiply
   4 maximum
   4 lance
   4 interbedded
   4 hole
   4 highway
   4 ground
   4 gale
   4 drill
   4 corner
   4 convert
   4 coals
   4 chemical
   4 bureau
   4 based
   4 available
   4 areal
   4 adjacent
   4 acres
   3 wyoming
   3 williams
   3 wide
   3 wash
   3 vegetation
   3 valleys
   3 unconformably
   3 town
   3 southwest
   3 southeastern
   3 source
   3 sees
   3 sand
   3 richards
   3 remaining
   3 regional
   3 region
   3 ranging
   3 prospecting
   3 projected
   3 portion
   3 physiography
   3 permit
   3 parts
   3 parcel
   3 numerous
   3 number
   3 northwest
   3 moore
   3 mineral
   3 marine
   3 management
   3 location
   3 late
   3 information
   3 including
   3 include
   3 inactive
   3 however
   3 greater
   3 gray
   3 geologists
   3 generally
   3 fuels
   3 fork
   3 fluvial
   3 fenneman
   3 factor
   3 entire
   3 emmons
   3 edge
   3 dry
   3 distribution
   3 dips
   3 deposition
   3 defined
   3 dames
   3 cubic
   3 crops
   3 crop
   3 criteria
   3 counties
   3 contour
   3 considered
   3 climate
   3 calculated
   3 brown
   3 blm
   3 bear
   3 association
   3 annual
   3 american
   3 also
   3 age
   2 zone
   2 yards
   2 washakie
   2 varicolored
   2 values
   2 value
   2 valley
   2 underlain
   2 tweto
   2 trend
   2 tract
   2 totals
   2 topography
   2 ton
   2 time
   2 third
   2 text
   2 testing
   2 tables
   2 symposium
   2 swamps
   2 swamp
   2 subdivisions
   2 study
   2 structural
   2 stream
   2 status
   2 star
   2 standard
   2 specification
   2 south
   2 sources
   2 society
   2 slopes
   2 slide
   2 selected
   2 sediments
   2 sedimentary
   2 river
   2 response
   2 reported
   2 regression
   2 references
   2 rank
   2 ranges
   2 railroad
   2 purposes
   2 purpose
   2 provided
   2 previous
   2 predominately
   2 precipitation
   2 plates
   2 piceance
   2 penetrated
   2 partings
   2 parallel
   2 page
   2 overlies
   2 overlain
   2 outcrop
   2 oil
   2 northeast
   2 named
   2 months
   2 miningratio
   2 mines
   2 million
   2 materials
   2 major
   2 lot
   2 local
   2 llth
   2 large
   2 intrusive
   2 introduction
   2 interior
   2 index
   2 howard
   2 hour
   2 hills
   2 hewett
   2 half
   2 guidebook
   2 geologic
   2 generalized
   2 gas
   2 free
   2 fortieth
   2 formations
   2 formally
   2 follows
   2 flow
   2 fields
   2 fieldner
   2 extent
   2 economic
   2 drilled
   2 dominant
   2 descriptive
   2 description
   2 described
   2 depths
   2 deposits
   2 depositional
   2 conversion
   2 construct
   2 consists
   2 conglomerate
   2 conference
   2 compiled
   2 close
   2 classified
   2 broad
   2 bridges
   2 basins
   2 axial
   2 average
   2 assigned
   2 approximate
   2 appears
   2 analysis
   2 along
   2 airline
   2 accessibility
   1 zato
   1 yields
   1 yield
   1 year
   1 withdrawal
   1 winter
   1 winds
   1 wind
   1 white
   1 westcentral
   1 wells
   1 water
   1 vegetative
   1 varying
   1 vary
   1 various
   1 utah
   1 using
   1 uplift
   1 unpublished
   1 unpopulated
   1 unimproved
   1 undertaken
   1 ultimate
   1 tributaries
   1 transportation
   1 transactions
   1 times
   1 three
   1 thousand
   1 thinly
   1 thicker
   1 test
   1 tertiary
   1 terrain
   1 terms
   1 tens
   1 tend
   1 temperatures
   1 technological
   1 technical
   1 taylor
   1 tan
   1 taken
   1 systems
   1 systematic
   1 surveyed
   1 support
   1 sunny
   1 summer
   1 summary
   1 streams
   1 stratigraphically
   1 stratigraphic
   1 storrs
   1 stimulated
   1 steeper
   1 steamboat
   1 stated
   1 standards
   1 springs
   1 spring
   1 specifies
   1 special
   1 southward
   1 southsouthwest
   1 southeast
   1 soft
   1 snowmelt
   1 snowfall
   1 snake
   1 smelting
   1 smallest
   1 slow
   1 similar
   1 shrubs
   1 show
   1 shipped
   1 sheet
   1 service
   1 series
   1 semiarid
   1 sek
   1 seaway
   1 seaward
   1 sandy
   1 samples
   1 sagebrush
   1 route
   1 rounded
   1 roads
   1 rivers
   1 rio
   1 rights
   1 resulted
   1 responsible
   1 respective
   1 request
   1 remainder
   1 relief
   1 recovery
   1 recoverability
   1 received
   1 reaching
   1 ratios
   1 rapidly
   1 ranches
   1 rainfall
   1 railway
   1 railhead
   1 rail
   1 quarters
   1 published
   1 publication
   1 public
   1 proximate
   1 province
   1 provide
   1 pronounced
   1 probably
   1 prevail
   1 present
   1 prepared
   1 potentials
   1 point
   1 planimeter
   1 picard
   1 physiographic
   1 performed
   1 penetration
   1 passing
   1 park
   1 parcels
   1 papers
   1 paper
   1 paleocene
   1 owns
   1 overlying
   1 overlie
   1 outcrops
   1 one
   1 older
   1 october
   1 occur
   1 obtained
   1 numbers
   1 numbered
   1 northnortheast
   1 northern
   1 north
   1 nomenclature
   1 new
   1 nearest
   1 near
   1 national
   1 narrower
   1 name
   1 murray
   1 multiplied
   1 mudstone
   1 movement
   1 moisture
   1 moist
   1 migration
   1 meters
   1 meet
   1 measures
   1 measurements
   1 mcinturf
   1 mcgrew
   1 material
   1 marsh
   1 marked
   1 margins
   1 mapping
   1 mallory
   1 mainly
   1 made
   1 lying
   1 literature
   1 listed
   1 line
   1 limits
   1 limited
   1 lie
   1 lenses
   1 legal
   1 leasing
   1 leases
   1 landward
   1 landscape
   1 landplanning
   1 lake
   1 lagoons
   1 lagoonal
   1 lacustrine
   1 kucera
   1 konishe
   1 kenji
   1 july
   1 joins
   1 john
   1 january
   1 isf
   1 investigations
   1 investigation
   1 inventory
   1 intrusions
   1 intruded
   1 intermittent
   1 intermediate
   1 interchannel
   1 institute
   1 indicate
   1 indexed
   1 includes
   1 included
   1 inches
   1 imposed
   1 illustrations
   1 identification
   1 hundred
   1 hornbaker
   1 holt
   1 holes
   1 hill
   1 highest
   1 heating
   1 hague
   1 greatly
   1 grande
   1 government
   1 gov
   1 gentle
   1 gathered
   1 gaseous
   1 formula
   1 form
   1 forest
   1 fluctuated
   1 flows
   1 flatter
   1 first
   1 final
   1 fcot
   1 extension
   1 extend
   1 exploration
   1 expanded
   1 exception
   1 example
   1 estuarine
   1 eroded
   1 epoch
   1 epeirogenic
   1 eocene
   1 environment
   1 engineers
   1 ended
   1 elevation
   1 editorial
   1 edited
   1 eby
   1 drilling
   1 drillhole
   1 dried
   1 drawn
   1 drained
   1 divide
   1 district
   1 dirt
   1 directions
   1 dipping
   1 dip
   1 differ
   1 detrital
   1 determined
   1 determination
   1 depth
   1 depending
   1 department
   1 decision
   1 days
   1 daily
   1 cycles
   1 cumulative
   1 crosses
   1 creeks
   1 covered
   1 cover
   1 could
   1 couj
   1 cottonwood
   1 correlated
   1 cooper
   1 contributes
   1 contract
   1 contours
   1 continued
   1 continental
   1 contents
   1 contains
   1 constructed
   1 constraint
   1 connecting
   1 conjunction
   1 conformity
   1 confidential
   1 comprehensive
   1 composition
   1 composite
   1 common
   1 columnar
   1 coke
   1 coincide
   1 coastal
   1 coarse
   1 cloudbursts
   1 clinton
   1 clear
   1 classification
   1 charles
   1 characterized
   1 channels
   1 caused
   1 category
   1 categories
   1 carbonaceous
   1 canyons
   1 campbell
   1 calls
   1 called
   1 calendar
   1 calculate
   1 build
   1 buff
   1 buck
   1 bracketed
   1 boundaries
   1 bordered
   1 bituminous
   1 believed
   1 bedded
   1 basis
   1 basaltic
   1 basal
   1 baggs
   1 averaging
   1 averages
   1 attains
   1 attain
   1 atmospheric
   1 atlas
   1 astm
   1 associated
   1 arnold
   1 applied
   1 anticline
   1 america
   1 amendments
   1 altitudes
   1 air
   1 agricultural
   1 affecting
   1 adir
   1 active
   1 act
   1 across
   1 acreage
   1 accumulated
   1 accounts
   1 according
   1 accompany
   1 accessible
   1 abernethy
   1 abandoned
