  93 deposits
  35 tephra
  34 island
  33 adak
  25 map
  24 may
  23 water
  22 northern
  22 mount
  21 surficial
  21 bearing
  19 alaska
  18 porous
  17 permeable
  17 geologic
  16 sand
  16 bedrock
  15 volcanic
  15 gravel
  13 moffett
  13 holocene
  12 geological
  11 sorted
  11 mantling
  11 beach
  10 waythomas
  10 glacial
  10 generally
  10 along
   9 units
   9 thick
   9 survey
   9 moderately
   9 fine
   9 area
   9 adagdak
   8 usually
   8 silt
   8 present
   8 peat
   8 locally
   8 lahar
   8 eolian
   8 coats
   8 boulder
   8 bay
   8 areas
   8 alluvial
   8 aleutian
   8 age
   7 report
   7 matrix
   7 islands
   7 found
   7 fig
   7 consists
   7 colluvial
   6 till
   6 streams
   6 quaternary
   6 qptb
   6 poorly
   6 part
   6 overlie
   6 navy
   6 lagoon
   6 description
   6 cobble
   6 ash
   6 angular
   6 andrew
   5 terraces
   5 slopes
   5 sediment
   5 sea
   5 reworked
   5 program
   5 plate
   5 permeability
   5 minor
   5 miller
   5 locations
   5 level
   5 layers
   5 geology
   5 finger
   5 described
   5 common
   5 clay
   5 black
   5 beaches
   4 work
   4 wave
   4 volcanics
   4 uplifted
   4 undifferentiated
   4 unconsolidated
   4 thin
   4 tectonic
   4 talus
   4 surface
   4 somewhat
   4 soil
   4 sites
   4 rounded
   4 rocks
   4 primary
   4 porosity
   4 pleistocene
   4 much
   4 many
   4 mantled
   4 lacustrine
   4 includes
   4 hot
   4 grained
   4 forms
   4 former
   4 especially
   4 datum
   4 composition
   4 coastline
   4 clasts
   4 clam
   4 beds
   4 amounts
   3 volcano
   3 variety
   3 uplift
   3 subangular
   3 springs
   3 small
   3 shown
   3 ridges
   3 relations
   3 photographs
   3 overlain
   3 others
   3 obscure
   3 north
   3 near
   3 multiple
   3 morainal
   3 mapping
   3 lower
   3 limited
   3 late
   3 lake
   3 kurianov
   3 judson
   3 introduction
   3 information
   3 include
   3 hydrologic
   3 hillslopes
   3 formed
   3 form
   3 field
   3 faults
   3 extent
   3 exposed
   3 exhibit
   3 eruptions
   3 east
   3 disturbed
   3 distribution
   3 dependent
   3 creeks
   3 cooperation
   3 contain
   3 comprehensive
   3 commonly
   3 bradley
   3 bodies
   3 bars
   3 american
   3 affected
   3 activity
   3 action
   3 act
   2 zone
   2 wood
   2 well
   2 waring
   2 volcanoes
   2 vertical
   2 variable
   2 unsorted
   2 university
   2 typically
   2 two
   2 thus
   2 text
   2 sweeper
   2 study
   2 studies
   2 striated
   2 stream
   2 steep
   2 smith
   2 size
   2 sequence
   2 science
   2 scarps
   2 scale
   2 related
   2 references
   2 pyroclastic
   2 properties
   2 prominent
   2 produced
   2 previous
   2 potential
   2 platforms
   2 place
   2 particle
   2 otherwise
   2 origin
   2 organic
   2 older
   2 observations
   2 new
   2 naval
   2 names
   2 mouths
   2 modern
   2 methods
   2 mentioned
   2 medium
   2 mantle
   2 mainly
   2 location
   2 less
   2 lenses
   2 least
   2 large
   2 land
   2 known
   2 kienle
   2 journal
   2 isolated
   2 investigations
   2 interpretive
   2 indicative
   2 indicating
   2 indicate
   2 including
   2 inch
   2 important
   2 hydrogeology
   2 hydrogeologic
   2 high
   2 geomorphology
   2 geodetic
   2 general
   2 formerly
   2 first
   2 filled
   2 figure
   2 facility
   2 evidence
   2 events
   2 environmental
   2 earth
   2 early
   2 done
   2 discrete
   2 development
   2 developed
   2 designated
   2 derived
   2 deposited
   2 depending
   2 denver
   2 debris
   2 contents
   2 contains
   2 construction
   2 consist
   2 conducted
   2 conditions
   2 composite
   2 compiled
   2 colluvium
   2 coarse
   2 clean
   2 cited
   2 christopher
   2 channels
   2 center
   2 called
   2 boundaries
   2 blocks
   2 benches
   2 base
   2 author
   2 august
   2 anchorage
   2 america
   2 always
   2 also
   2 air
   2 aerial
   2 abstracts
   2 abstract
   2 absent
   1 zones
   1 younger
   1 york
   1 write
   1 wiley
   1 whereas
   1 whalen
   1 western
   1 weathering
   1 weathered
   1 waters
   1 volcanology
   1 viewed
   1 verified
   1 varying
   1 vary
   1 using
   1 usgs
   1 useful
   1 used
   1 unpaired
   1 unlikely
   1 united
   1 unit
   1 union
   1 undertaken
   1 understand
   1 underlying
   1 typical
   1 troughs
   1 treads
   1 transverse
   1 transactions
   1 topography
   1 timing
   1 times
   1 throughout
   1 three
   1 third
   1 therefore
   1 textures
   1 terrace
   1 temperature
   1 techniques
   1 technical
   1 taken
   1 supplemented
   1 supplement
   1 superfund
   1 summit
   1 suite
   1 substances
   1 subrounded
   1 structure
   1 stratigraphically
   1 stratigraphic
   1 storms
   1 stereoscopically
   1 states
   1 state
   1 standing
   1 stable
   1 spring
   1 spilled
   1 specific
   1 southern
   1 source
   1 soled
   1 society
   1 snow
   1 slumping
   1 slump
   1 slope
   1 slip
   1 sliding
   1 sizes
   1 similar
   1 silty
   1 side
   1 sibrava
   1 short
   1 sheets
   1 sharp
   1 shallow
   1 shagak
   1 sets
   1 sequences
   1 sediments
   1 sedimentary
   1 section
   1 secretary
   1 sara
   1 sandy
   1 rockfall
   1 roadcuts
   1 rheology
   1 results
   1 result
   1 resting
   1 response
   1 resource
   1 reports
   1 reported
   1 remote
   1 remediation
   1 reinterpreted
   1 refers
   1 recovery
   1 reconnaissance
   1 recognize
   1 reclaimed
   1 recent
   1 reauthorization
   1 readily
   1 rcra
   1 rather
   1 radiocarbon
   1 radial
   1 quarries
   1 qptl
   1 qptg
   1 qptc
   1 qptbc
   1 qpta
   1 qpl
   1 qobb
   1 qlk
   1 qld
   1 qgm
   1 qes
   1 qdl
   1 qcl
   1 qcf
   1 qcd
   1 qcc
   1 qbr
   1 qbby
   1 qbbo
   1 qbb
   1 qat
   1 qal
   1 qaf
   1 purposes
   1 purchased
   1 publish
   1 publication
   1 project
   1 programs
   1 profiles
   1 probably
   1 private
   1 primarily
   1 press
   1 presently
   1 prepared
   1 preliminary
   1 precisely
   1 postglacial
   1 possibly
   1 portrayed
   1 ponds
   1 point
   1 plans
   1 placer
   1 periods
   1 perennial
   1 percent
   1 peak
   1 particles
   1 parallel
   1 paper
   1 paleoclimate
   1 overviews
   1 overlying
   1 outlines
   1 outcrops
   1 often
   1 offset
   1 offormer
   1 october
   1 occupy
   1 obtain
   1 nwc
   1 numerous
   1 notes
   1 norwich
   1 northwest
   1 northernmost
   1 none
   1 ngvd
   1 nets
   1 nested
   1 navaj
   1 national
   1 movements
   1 mostly
   1 morphology
   1 morner
   1 mobilized
   1 minimal
   1 minerals
   1 mineral
   1 millimeter
   1 military
   1 mile
   1 meter
   1 meeting
   1 matter
   1 materials
   1 massive
   1 margins
   1 mandated
   1 makes
   1 mahaney
   1 magnetite
   1 made
   1 low
   1 longitudinal
   1 longitude
   1 longer
   1 located
   1 lobate
   1 liability
   1 levels
   1 leaked
   1 layer
   1 latitude
   1 lapilli
   1 landslide
   1 lakes
   1 lahars
   1 lagoons
   1 lagoonal
   1 knowledge
   1 kilometer
   1 katzenstein
   1 jurisdiction
   1 july
   1 joints
   1 jigsaw
   1 isthmus
   1 isostatic
   1 isostasy
   1 irregular
   1 investigating
   1 investigated
   1 international
   1 internal
   1 interior
   1 interbedded
   1 intact
   1 informally
   1 included
   1 inadvertently
   1 immediately
   1 immediate
   1 iii
   1 identified
   1 identification
   1 hydrology
   1 human
   1 housing
   1 history
   1 historical
   1 highest
   1 higher
   1 hemisphere
   1 heavy
   1 hazardous
   1 group
   1 gradients
   1 gordon
   1 good
   1 glaciers
   1 glaciations
   1 glaciation
   1 geothermal
   1 geophysical
   1 geomorphic
   1 geometry
   1 geographic
   1 geoabstracts
   1 genetically
   1 generalized
   1 fronts
   1 fractured
   1 fracture
   1 foot
   1 focused
   1 flow
   1 floods
   1 firms
   1 final
   1 fields
   1 fibrous
   1 federal
   1 faulted
   1 fan
   1 false
   1 factors
   1 facilities
   1 faceted
   1 extremely
   1 extensively
   1 extensive
   1 expand
   1 existed
   1 example
   1 examined
   1 evolution
   1 evaluation
   1 eustatic
   1 eustasy
   1 eruptive
   1 entire
   1 enter
   1 energy
   1 encompasses
   1 emplacement
   1 emit
   1 either
   1 eaton
   1 eastern
   1 easterbrook
   1 dunes
   1 drive
   1 drained
   1 drainages
   1 documented
   1 disturbance
   1 district
   1 distance
   1 dissected
   1 discussion
   1 discontinuous
   1 director
   1 developments
   1 determining
   1 determined
   1 despite
   1 descriptions
   1 describes
   1 deposition
   1 deposit
   1 department
   1 density
   1 denoted
   1 delta
   1 defined
   1 define
   1 decipher
   1 day
   1 dates
   1 data
   1 cut
   1 creek
   1 cracks
   1 cove
   1 correlation
   1 copies
   1 cooling
   1 conversion
   1 contract
   1 continuing
   1 contaminated
   1 contaminants
   1 contacts
   1 conservation
   1 cones
   1 concerned
   1 component
   1 complexes
   1 complex
   1 compensation
   1 compact
   1 colorado
   1 coast
   1 climatic
   1 chronology
   1 chief
   1 chemical
   1 checked
   1 characteristics
   1 changes
   1 chain
   1 cercla
   1 central
   1 centimeter
   1 centers
   1 canada
   1 cambridge
   1 bulletin
   1 bruce
   1 briefly
   1 breadcrusted
   1 bouldery
   1 boulders
   1 bogs
   1 bluffs
   1 block
   1 blankets
   1 blanketing
   1 biennial
   1 better
   1 benefit
   1 beneath
   1 become
   1 bays
   1 basis
   1 basalt
   1 babbitt
   1 away
   1 avalanche
   1 availability
   1 association
   1 associated
   1 assessments
   1 assemblage
   1 arc
   1 aquifers
   1 aquifer
   1 approximate
   1 applied
   1 apparent
   1 andreanof
   1 andesite
   1 analyses
   1 amount
   1 amendment
   1 although
   1 altered
   1 almost
   1 alluvium
   1 airfield
   1 airfacility
   1 adjustment
   1 additional
   1 active
   1 accompanying
   1 accessible
   1 abundant
