  43 grains
  34 heavy
  31 samples
  30 fraction
  29 fragments
  27 trough
  26 escanaba
  24 light
  19 sample
  18 others
  15 minerals
  14 sediment
  14 opaque
  14 mineral
  14 karlin
  13 table
  13 rock
  13 press
  12 counted
  11 zierenberg
  11 volcanic
  11 sand
  11 gorda
  11 feldspar
  10 survey
  10 ridge
  10 quartz
  10 morton
  10 mica
  10 geological
   9 core
   9 clay
   9 altered
   8 studies
   8 mineralogy
   8 metamorphic
   8 lyle
   8 hornblende
   8 examined
   8 data
   8 amphibole
   7 vallier
   7 turbidites
   7 sulfide
   7 several
   7 report
   7 noted
   7 normark
   7 glass
   7 dsdp
   7 cores
   6 undiff
   6 study
   6 pyrite
   6 plagioclase
   6 pacific
   6 hydrothermal
   6 foraminifers
   6 figure
   6 epidote
   6 carbonate
   6 biotite
   5 susceptibility
   5 sesca
   5 sedimentary
   5 presence
   5 ofr
   5 occur
   5 muscovite
   5 magnetic
   5 include
   5 iii
   5 greenschist
   5 garnet
   5 fractions
   5 determined
   5 depth
   5 chlorite
   4 wood
   4 unknown
   4 tourmaline
   4 tests
   4 taken
   4 sponge
   4 sphene
   4 separation
   4 seafloor
   4 reiss
   4 pyrrhotite
   4 primary
   4 percent
   4 parts
   4 oxide
   4 ocean
   4 northeast
   4 nonopaque
   4 nesca
   4 material
   4 layers
   4 kulm
   4 ill
   4 iililll
   4 hydrocarbon
   4 grain
   4 glassy
   4 geologic
   4 evidence
   4 clinopyroxene
   4 clayey
   4 bulletin
   4 biologic
   4 binocular
   4 barite
   4 areas
   4 also
   3 zircon
   3 weight
   3 uplifted
   3 turbidite
   3 trace
   3 subsamples
   3 sphalerite
   3 southern
   3 sources
   3 site
   3 silt
   3 sea
   3 sandy
   3 reports
   3 rare
   3 quinterno
   3 present
   3 preliminary
   3 polycrystalline
   3 plutonic
   3 piston
   3 pellets
   3 particles
   3 oregon
   3 occasional
   3 number
   3 notes
   3 northern
   3 nodules
   3 much
   3 monocrystalline
   3 microcline
   3 mcmanus
   3 make
   3 made
   3 less
   3 includes
   3 illlllllll
   3 illlllll
   3 iliillll
   3 iiillii
   3 iiiiiiiii
   3 hypersthene
   3 higher
   3 government
   3 glaucophane
   3 geology
   3 fowler
   3 except
   3 either
   3 diffraction
   3 department
   3 crust
   3 cruise
   3 counts
   3 continental
   3 constitute
   3 consists
   3 chert
   3 brown
   3 basaltic
   3 augite
   3 apatite
   3 abundant
   2 yielded
   2 xxx
   2 wong
   2 wilde
   2 washington
   2 undifferentiated
   2 types
   2 type
   2 trigger
   2 tremolite
   2 thick
   2 tables
   2 spinel
   2 slabs
   2 size
   2 since
   2 similar
   2 sequences
   2 separated
   2 rich
   2 reworked
   2 reviewed
   2 relatively
   2 radiolarians
   2 radiolarian
   2 quartzose
   2 quartzite
   2 project
   2 processing
   2 printing
   2 preparation
   2 points
   2 plant
   2 partially
   2 park
   2 orthopyroxene
   2 one
   2 ond
   2 oil
   2 office
   2 occurs
   2 occurrence
   2 observed
   2 northeastern
   2 north
   2 none
   2 mostly
   2 mineralogic
   2 microscopy
   2 metallic
   2 mentioned
   2 menlo
   2 may
   2 marine
   2 major
   2 magnetite
   2 likely
   2 layer
   2 kvenvolden
   2 kilometers
   2 interval
   2 initial
   2 industries
   2 indicated
   2 included
   2 illllll
   2 ilililll
   2 identify
   2 holmes
   2 heavies
   2 green
   2 gravity
   2 globs
   2 generally
   2 general
   2 fragment
   2 found
   2 florence
   2 feox
   2 felsite
   2 fairly
   2 entry
   2 enstatite
   2 drilling
   2 dispersal
   2 diatoms
   2 diatom
   2 determine
   2 detected
   2 described
   2 deposits
   2 deep
   2 cruises
   2 continued
   2 consist
   2 components
   2 column
   2 coating
   2 clays
   2 california
   2 boundary
   2 available
   2 area
   2 approximately
   2 appear
   2 amounts
   2 actinolite
   1 zone
   1 yield
   1 yellowish
   1 xlsliisxl
   1 without
   1 west
   1 well
   1 washing
   1 vtfmtfgzm
   1 varies
   1 value
   1 valfier
   1 used
   1 use
   1 upper
   1 uplift
   1 unstrained
   1 united
   1 unique
   1 unidentified
   1 unidentifiable
   1 undulose
   1 uncounted
   1 unclear
   1 two
   1 treatment
   1 treated
   1 transported
   1 transport
   1 trade
   1 tracy
   1 traces
   1 time
   1 thus
   1 three
   1 thought
   1 though
   1 thomas
   1 text
   1 tetrabromoethane
   1 terraces
   1 surveys
   1 surface
   1 supported
   1 sulfides
   1 subsampled
   1 subrounded
   1 submarine
   1 subangular
   1 stream
   1 stratigraphic
   1 states
   1 standing
   1 standards
   1 standard
   1 stained
   1 sssssssss
   1 ssss
   1 sss
   1 spreading
   1 spherical
   1 source
   1 small
   1 slumps
   1 slightly
   1 slides
   1 sites
   1 sisix
   1 silty
   1 siiisilslswiis
   1 sieving
   1 side
   1 shelf
   1 shavings
   1 shanks
   1 serpentinite
   1 separates
   1 separately
   1 sem
   1 seismic
   1 sediments
   1 sedimentology
   1 sedimentological
   1 sedimentation
   1 section
   1 seacliff
   1 scheme
   1 scale
   1 sands
   1 sampling
   1 ross
   1 rosenbauer
   1 robert
   1 rivers
   1 rise
   1 rift
   1 revealed
   1 returning
   1 retained
   1 results
   1 resulted
   1 resultant
   1 rest
   1 research
   1 representative
   1 replaced
   1 remaining
   1 relative
   1 relation
   1 regional
   1 referred
   1 references
   1 reduces
   1 recovered
   1 rather
   1 rapp
   1 ranges
   1 ranged
   1 ragged
   1 quintemo
   1 quaternary
   1 quartzofeldspathic
   1 qualitative
   1 pyroxene
   1 purposes
   1 publication
   1 provenances
   1 proportion
   1 product
   1 processed
   1 pristine
   1 primarily
   1 previously
   1 previous
   1 presents
   1 postulated
   1 porewater
   1 populating
   1 point
   1 plied
   1 pleistocene
   1 plastic
   1 planktonic
   1 placed
   1 picked
   1 piccolyte
   1 phlogopite
   1 petroleum
   1 peroxide
   1 permanently
   1 patterns
   1 paths
   1 partly
   1 palebrown
   1 oxidized
   1 oxides
   1 outlines
   1 otherwise
   1 organic
   1 ordinary
   1 opaline
   1 ones
   1 older
   1 oceanographic
   1 occurrences
   1 occupied
   1 observation
   1 northwestern
   1 nonmineralogic
   1 nonmineralic
   1 neotectonism
   1 needed
   1 names
   1 mzm
   1 mounted
   1 mosaic
   1 minor
   1 mimt
   1 microscopic
   1 micaceous
   1 methods
   1 meters
   1 menoocino
   1 medium
   1 means
   1 mcmonus
   1 mccultoch
   1 mature
   1 matrix
   1 mat
   1 mapsheet
   1 map
   1 many
   1 mainly
   1 main
   1 mafic
   1 location
   1 locally
   1 lllllllll
   1 llllllillllllllll
   1 llllliilllllilll
   1 llilllli
   1 llilililililiililililililiitililili
   1 lithic
   1 liquid
   1 lilllllll
   1 lillllll
   1 liii
   1 lii
   1 lighter
   1 lesser
   1 last
   1 laboratory
   1 koski
   1 klamath
   1 journal
   1 jji
   1 ixiiiiiiiii
   1 items
   1 isotropic
   1 introduction
   1 intervals
   1 interrupted
   1 interior
   1 intergrown
   1 insulated
   1 initially
   1 inhomogeneity
   1 indication
   1 indicates
   1 increased
   1 inclusions
   1 including
   1 imply
   1 immersion
   1 ilmenite
   1 illllllllll
   1 illllllll
   1 illllilll
   1 iliilllliiilllp
   1 iliilll
   1 iliiiiiiiiiliii
   1 iiwiiiil
   1 iillilllllilllllllillil
   1 iilliiillilllli
   1 iililililililililil
   1 iiliiii
   1 iiiliililiiiii
   1 iiiliiiiilililili
   1 iiiiijll
   1 iiiiiiiiiiiiiiiii
   1 iiiiiiiiii
   1 iiifiii
   1 iiflllfiiilil
   1 igneous
   1 identified
   1 identification
   1 hydrothermally
   1 hydrogen
   1 hydrocarbons
   1 hostetder
   1 homogeneous
   1 holocene
   1 hills
   1 hemipelagic
   1 helped
   1 harold
   1 gutmacher
   1 groundmass
   1 greater
   1 gradients
   1 globules
   1 glaciation
   1 gives
   1 girdley
   1 geophysical
   1 garnets
   1 free
   1 forms
   1 form
   1 foraminiferal
   1 foram
   1 following
   1 focus
   1 floor
   1 fllf
   1 flattened
   1 flanks
   1 film
   1 fill
   1 file
   1 ffl
   1 ffiffi
   1 ffi
   1 felsic
   1 features
   1 fan
   1 extremely
   1 extreme
   1 explanation
   1 example
   1 examination
   1 etched
   1 estimated
   1 esctnaba
   1 ern
   1 environment
   1 enriched
   1 enough
   1 endorsement
   1 elevated
   1 editorial
   1 east
   1 dredge
   1 drainages
   1 dominate
   1 dominant
   1 diving
   1 disturbances
   1 distribution
   1 dissolved
   1 dissolution
   1 disaggregate
   1 digest
   1 differ
   1 devitrified
   1 developed
   1 detrital
   1 destroyed
   1 destroy
   1 designation
   1 descriptive
   1 depths
   1 deposition
   1 depending
   1 density
   1 decantation
   1 dearth
   1 dashed
   1 currents
   1 currently
   1 cubic
   1 crystals
   1 cryptocrystalline
   1 crusts
   1 coxcomb
   1 counting
   1 could
   1 contour
   1 content
   1 contain
   1 consisting
   1 considering
   1 conjunction
   1 conformity
   1 conducted
   1 compositions
   1 component
   1 complexes
   1 completed
   1 competent
   1 comparison
   1 common
   1 combined
   1 columbia
   1 colorless
   1 code
   1 coarse
   1 cited
   1 chloritized
   1 chips
   1 chemistry
   1 chase
   1 central
   1 center
   1 cemented
   1 causes
   1 carkins
   1 candidate
   1 calcareous
   1 calc
   1 byproducts
   1 buoyed
   1 bulk
   1 broken
   1 brad
   1 box
   1 bottom
   1 books
   1 bluish
   1 blobs
   1 blend
   1 blanket
   1 blackened
   1 black
   1 biogenic
   1 besides
   1 benthic
   1 benninger
   1 bear
   1 bathymetry
   1 bathymetric
   1 basement
   1 based
   1 average
   1 attachment
   1 associated
   1 approaches
   1 appeared
   1 angular
   1 analyzed
   1 analyses
   1 amphibolite
   1 among
   1 american
   1 alteration
   1 aggregates
   1 agglutinated
   1 addition
   1 active
   1 acknowledgments
   1 accounted
   1 abundance
