 657 sand
 599 lake
 533 cottonwood
 496 bonneville
 478 little
 460 gravel
 437 soil
 335 formation
 313 feet
 287 lower
 270 member
 262 provo
 260 alpine
 252 creek
 247 age
 239 upper
 232 draper
 231 fine
 229 valley
 194 silt
 168 jordan
 160 part
 159 facies
 154 glaciation
 153 brown
 149 bull
 146 zone
 146 horizon
 143 fault
 142 shoreline
 140 altitude
 137 till
 134 exposed
 133 area
 131 along
 128 deposits
 127 locally
 126 dry
 125 utah
 125 medium
 123 canyon
 122 wasatch
 122 section
 122 pebbles
 121 tongue
 119 diameter
 118 quaternary
 118 graniteville
 116 much
 115 probably
 114 small
 114 coarse
 109 terrace
 109 south
 109 clay
 105 maximum
 105 generally
 103 fan
 103 alluvium
 102 thickness
 102 main
 101 stratigraphic
  98 north
  97 west
  97 well
  97 poorly
  93 late
  92 outwash
  91 silty
  91 several
  90 big
  88 thick
  88 delta
  87 sec
  87 mile
  85 somewhat
  85 interbedded
  85 base
  84 faults
  84 also
  82 top
  82 early
  80 loose
  79 time
  79 front
  79 east
  78 side
  78 pebble
  78 eastern
  77 sorted
  76 midvale
  76 less
  75 stratigraphy
  75 sandy
  75 gray
  74 pebbly
  74 middle
  74 clean
  73 river
  72 canyons
  71 two
  71 strath
  71 alluvial
  70 commonly
  69 stillstand
  68 marsell
  68 exposures
  67 terraces
  67 surface
  67 bells
  66 mainly
  66 hunt
  65 recent
  65 lacustrine
  64 members
  63 mostly
  63 dimple
  63 dell
  62 near
  62 mountain
  62 diastem
  62 colluvium
  60 younger
  59 mouth
  58 soils
  58 erosion
  57 least
  55 level
  54 white
  54 exposure
  53 willow
  53 slightly
  53 rarely
  53 eroded
  53 cycle
  53 cobbles
  52 present
  52 boulders
  50 mapped
  49 western
  49 eolian
  48 glacial
  48 downward
  48 disconformity
  47 moraines
  47 basin
  46 spit
  46 many
  46 however
  46 developed
  46 boundary
  45 within
  45 units
  45 one
  45 formed
  45 eardley
  44 single
  44 partly
  44 high
  44 hard
  44 geol
  44 edge
  44 altitudes
  43 sections
  43 mountains
  43 local
  43 cut
  42 range
  42 continued
  41 shore
  41 grained
  41 creeks
  41 beds
  41 bedded
  40 relations
  40 recession
  40 quartz
  40 parts
  40 overlying
  40 noncalcic
  40 evidence
  39 similar
  38 three
  38 thinly
  37 thin
  37 pale
  37 nearly
  37 miles
  37 inches
  37 gilbert
  37 depth
  37 cobble
  37 bluff
  36 soft
  36 monzonite
  35 tongues
  35 survey
  35 next
  35 map
  35 features
  35 bears
  35 although
  34 mouths
  34 jones
  34 inferred
  34 formations
  34 clayey
  33 sediments
  33 grit
  33 fig
  33 fairly
  33 development
  33 cycles
  33 correlated
  33 cca
  32 salt
  32 richmond
  32 record
  32 places
  32 older
  32 history
  32 graded
  32 city
  31 scarps
  31 marked
  31 low
  31 fork
  31 deposition
  30 weak
  30 total
  30 rocks
  30 prove
  30 northern
  30 like
  30 light
  30 displacement
  29 valleys
  29 subaerial
  29 strongly
  29 scarp
  29 parallel
  29 material
  29 gvosdetsky
  29 grades
  29 except
  29 end
  29 bissell
  28 strong
  28 remnants
  28 large
  28 interval
  28 geology
  28 consists
  28 calcic
  27 stade
  27 southern
  27 shows
  27 rather
  27 quartzite
  27 later
  27 group
  27 grading
  27 antevs
  26 study
  26 see
  26 report
  26 highest
  26 differentiated
  26 almost
  25 various
  25 typically
  25 show
  25 preserved
  25 pinedale
  25 paper
  25 overlain
  25 gravels
  25 geologic
  25 first
  25 concealed
  24 westward
  24 wash
  24 unit
  24 underlying
  24 typical
  24 terminal
  24 spits
  24 separated
  24 profile
  24 partings
  24 moraine
  24 lies
  24 interbeds
  24 granules
  24 contact
  24 bedding
  24 areas
  23 tills
  23 stage
  23 ridge
  23 pit
  23 great
  23 figure
  23 dark
  23 appears
  22 soc
  22 seen
  22 limestone
  22 hence
  22 given
  22 bed
  21 wide
  21 type
  21 road
  21 pedocal
  21 minor
  21 may
  21 longshore
  21 loam
  21 includes
  21 flood
  21 faulting
  21 far
  21 deposit
  21 bottom
  20 water
  20 tip
  20 tillite
  20 steep
  20 shown
  20 others
  20 massive
  20 ives
  20 half
  20 granitic
  20 even
  20 deltas
  19 series
  19 rotten
  19 ripple
  19 prominent
  19 occurrences
  19 matrix
  19 locality
  19 levels
  19 irregular
  19 inner
  19 higher
  19 glaciers
  19 foot
  19 especially
  19 distinctive
  19 diastems
  19 blocky
  19 best
  19 across
  18 subangular
  18 southward
  18 sides
  18 shorelines
  18 shale
  18 plain
  18 percent
  18 ones
  18 noncalcareous
  18 loess
  18 larger
  18 extends
  18 essentially
  18 drainage
  18 contains
  18 boulder
  18 ancient
  17 structure
  17 stock
  17 slopes
  17 rounded
  17 rose
  17 ridges
  17 relict
  17 possible
  17 plant
  17 lowest
  17 fill
  17 fades
  17 deposited
  17 correlation
  17 corner
  17 called
  17 calcareous
  17 buried
  17 bedrock
  17 bearing
  17 angular
  17 active
  16 zones
  16 used
  16 transport
  16 studies
  16 stony
  16 sparse
  16 smaller
  16 showing
  16 short
  16 sandstone
  16 rise
  16 region
  16 oldest
  16 note
  16 murray
  16 moderate
  16 marks
  16 major
  16 identified
  16 evidently
  16 considerably
  16 another
  16 america
  15 unconsolidated
  15 table
  15 stansbury
  15 separate
  15 seems
  15 recorded
  15 prior
  15 nomenclature
  15 mineral
  15 long
  15 iqyr
  15 indicate
  15 horizontal
  15 greater
  15 farther
  15 disconformably
  15 defined
  15 considered
  15 bear
  14 underlies
  14 throughout
  14 third
  14 structureless
  14 slope
  14 respectively
  14 remnant
  14 ranges
  14 pleistocene
  14 particularly
  14 outer
  14 original
  14 old
  14 occur
  14 morrison
  14 maxima
  14 mature
  14 lithology
  14 lime
  14 green
  14 geological
  14 found
  14 forms
  14 fans
  14 extend
  14 example
  14 equivalent
  14 entirely
  14 dip
  14 derived
  14 concentration
  14 coeval
  14 bouldery
  14 belt
  14 average
  14 approximately
  13 southwest
  13 sector
  13 possibly
  13 occurs
  13 obviously
  13 lenses
  13 laid
  13 intermediate
  13 graben
  13 following
  13 finer
  13 figs
  13 displaced
  13 discontinuous
  13 described
  13 clear
  13 carbonate
  13 beneath
  13 bars
  12 weathering
  12 wasateh
  12 surficial
  12 streams
  12 relatively
  12 records
  12 recording
  12 recognized
  12 receded
  12 principal
  12 precipitation
  12 perhaps
  12 northwest
  12 new
  12 lighter
  12 last
  12 laminated
  12 include
  12 hornfels
  12 highly
  12 granule
  12 either
  12 drift
  12 crittenden
  12 cor
  12 color
  12 coarser
  12 close
  12 changes
  12 basis
  12 appear
  12 altithermal
  11 vicinity
  11 upstream
  11 undivided
  11 underlain
  11 suggests
  11 street
  11 stones
  11 stades
  11 spur
  11 second
  11 rock
  11 relative
  11 recessional
  11 position
  11 pedalfer
  11 patches
  11 parent
  11 overlies
  11 occurrence
  11 named
  11 name
  11 mantle
  11 made
  11 loamy
  11 intertongues
  11 grayish
  11 gradational
  11 glacier
  11 downstream
  11 deep
  11 data
  11 crest
  11 complex
  11 climate
  11 blocks
  11 bank
  11 atwood
  10 would
  10 whose
  10 vertical
  10 varnes
  10 uplift
  10 thus
  10 thickens
  10 subsequent
  10 structural
  10 stream
  10 sizes
  10 significant
  10 sharp
  10 rocky
  10 represented
  10 remainder
  10 rapidly
  10 proportion
  10 presumably
  10 power
  10 plate
  10 narrow
  10 moderately
  10 mean
  10 mapping
  10 lowermost
  10 lateral
  10 lakes
  10 intercalated
  10 gully
  10 grabens
  10 good
  10 faulted
  10 eiver
  10 eastward
  10 dolomite
  10 designated
  10 deltaic
  10 currents
  10 contorted
  10 basal
  10 bar
  10 agriculture
   9 years
   9 widely
   9 weaker
   9 waves
   9 wave
   9 veneer
   9 traced
   9 thinner
   9 thicker
   9 surfaces
   9 subhorizon
   9 strata
   9 southeast
   9 slight
   9 shortly
   9 resistant
   9 redefined
   9 point
   9 pits
   9 page
   9 numerous
   9 names
   9 line
   9 known
   9 intergrades
   9 indicates
   9 including
   9 hundred
   9 hawkes
   9 gravelly
   9 granite
   9 gradually
   9 general
   9 displace
   9 differences
   9 desiccation
   9 correlative
   9 correlate
   9 containing
   9 conclusions
   9 complete
   9 compact
   9 cellar
   9 calkins
   9 calcium
   9 blackwelder
   9 black
   9 axis
   9 apparently
   9 ankareh
   8 youngest
   8 young
   8 yellow
   8 view
   8 veneered
   8 uppermost
   8 unindurated
   8 transverse
   8 toward
   8 topographic
   8 thins
   8 suggest
   8 subsurface
   8 still
   8 sequence
   8 respect
   8 reference
   8 red
   8 reached
   8 place
   8 papers
   8 occurred
   8 northeast
   8 normal
   8 mutual
   8 morphologic
   8 marker
   8 interpretations
   8 indicating
   8 inch
   8 horizons
   8 gravity
   8 granular
   8 fragments
   8 follows
   8 extensively
   8 extensive
   8 earthquake
   8 earlier
   8 dug
   8 distinguished
   8 displacements
   8 directly
   8 decreases
   8 cuts
   8 crescent
   8 contrary
   8 continuous
   8 conspicuous
   8 conditions
   8 clearly
   8 cited
   8 channel
   8 caused
   8 canal
   8 built
   8 block
   8 available
   8 arkosic
   8 appreciably
   8 adjoining
   8 absent
   8 abs
   8 abrupt
   7 wyr
   7 whole
   7 unconformity
   7 types
   7 trend
   7 tion
   7 tertiary
   7 terms
   7 subrounded
   7 submature
   7 sou
   7 sloping
   7 since
   7 seem
   7 sciences
   7 reynolds
   7 reworking
   7 reworked
   7 responsible
   7 relief
   7 relation
   7 references
   7 recessions
   7 quite
   7 quarter
   7 quadrangle
   7 probable
   7 piedmont
   7 photographs
   7 owing
   7 origin
   7 nugget
   7 nevada
   7 minimum
   7 maps
   7 mantles
   7 lowlands
   7 location
   7 lithologies
   7 lithologic
   7 likewise
   7 layer
   7 landforms
   7 introduction
   7 interpreted
   7 interior
   7 indicated
   7 increases
   7 hydrologic
   7 gullies
   7 geomorphic
   7 geologists
   7 furthermore
   7 frontal
   7 form
   7 fluctuations
   7 excavations
   7 excavation
   7 elsewhere
   7 earthquakes
   7 due
   7 divided
   7 difficult
   7 different
   7 degree
   7 definition
   7 crossbedded
   7 could
   7 cook
   7 contemporaneous
   7 comprises
   7 completely
   7 compared
   7 comparatively
   7 coarsest
   7 beyond
   7 berg
   7 around
   7 annual
   7 amounts
   7 ages
   7 advance
   7 abundant
   6 written
   6 widespread
   6 volume
   6 ville
   6 van
   6 usage
   6 univ
   6 trough
   6 tread
   6 tough
   6 topography
   6 though
   6 thomas
   6 therefore
   6 temperature
   6 talus
   6 strikingly
   6 spillover
   6 site
   6 sharply
   6 sequences
   6 sci
   6 rests
   6 representing
   6 ranging
   6 profiles
   6 previously
   6 previous
   6 podzolic
   6 plains
   6 placed
   6 patch
   6 oscillations
   6 opposite
   6 offshore
   6 noted
   6 northward
   6 moreover
   6 marine
   6 mantled
   6 lying
   6 logs
   6 limy
   6 laterally
   6 lack
   6 interpretation
   6 inasmuch
   6 horn
   6 homogeneous
   6 gulch
   6 guidebook
   6 greatest
   6 gradual
   6 glaciated
   6 four
   6 extending
   6 extended
   6 evident
   6 distinctly
   6 discernible
   6 dips
   6 differentiate
   6 diagrammatic
   6 determined
   6 determine
   6 detail
   6 dept
   6 depositional
   6 department
   6 deeply
   6 crosses
   6 cross
   6 covered
   6 correlations
   6 considerable
   6 composed
   6 comparable
   6 coherent
   6 coatings
   6 climatic
   6 characterized
   6 character
   6 brownish
   6 boundaries
   6 bluffs
   6 becomes
   6 based
   6 alternating
   6 admixed
   5 yet
   5 workers
   5 williams
   5 whereas
   5 weathered
   5 varied
   5 united
   5 unglaciated
   5 tufa
   5 trine
   5 traverse
   5 took
   5 thickest
   5 suggesting
   5 successively
   5 successive
   5 steepness
   5 steeper
   5 states
   5 spurs
   5 southwestern
   5 source
   5 sorting
   5 shoreward
   5 sewer
   5 sediment
   5 research
   5 representative
   5 represent
   5 recently
   5 reaches
   5 rare
   5 projected
   5 progressively
   5 precisely
   5 pattern
   5 overlie
   5 observed
   5 northwestern
   5 must
   5 munsell
   5 merely
   5 means
   5 markedly
   5 margin
   5 loessic
   5 lithologically
   5 lie
   5 lahontan
   5 lacks
   5 jour
   5 jointed
   5 irregularly
   5 intertonguing
   5 intergrade
   5 indistinct
   5 horizontally
   5 hill
   5 head
   5 glaciations
   5 former
   5 followed
   5 fact
   5 evenly
   5 enough
   5 eng
   5 ends
   5 distance
   5 displayed
   5 discussion
   5 direction
   5 direct
   5 differ
   5 devoid
   5 deeper
   5 dating
   5 crotovinas
   5 creekbed
   5 courses
   5 concluded
   5 common
   5 colluvial
   5 characteristics
   5 central
   5 center
   5 cemented
   5 caliche
   5 broken
   5 broecker
   5 better
   5 belts
   5 believed
   5 become
   5 away
   5 assemblage
   5 among
   5 alta
   5 alt
   5 alinement
   5 according
   4 zonal
   4 youthful
   4 yielded
   4 yellowish
   4 width
   4 weir
   4 weber
   4 wavy
   4 washed
   4 warmer
   4 ward
   4 vertically
   4 varying
   4 variable
   4 use
   4 upon
   4 unusually
   4 undulating
   4 underlie
   4 unconformities
   4 unconformable
   4 true
   4 trenched
   4 transitional
   4 trace
   4 town
   4 times
   4 texture
   4 suggestion
   4 suggested
   4 subsequently
   4 sublacustrine
   4 subdividing
   4 studied
   4 spilled
   4 specific
   4 special
   4 southwestward
   4 sokoloff
   4 similarly
   4 shores
   4 shocks
   4 shallow
   4 shades
   4 sets
   4 september
   4 separating
   4 semiarid
   4 schist
   4 scale
   4 salient
   4 roundstones
   4 rises
   4 resembles
   4 represents
   4 remained
   4 regressive
   4 refer
   4 reddish
   4 readily
   4 quoted
   4 purification
   4 pronounced
   4 primarily
   4 pick
   4 percentage
   4 penetrated
   4 pass
   4 parting
   4 parleys
   4 overlaps
   4 outside
   4 outcrop
   4 oral
   4 oquirrh
   4 oottonwood
   4 olympus
   4 objectives
   4 none
   4 never
   4 mount
   4 monthly
   4 modified
   4 mill
   4 micaceous
   4 methods
   4 measured
   4 max
   4 manifested
   4 magnitude
   4 longitudinal
   4 localities
   4 limits
   4 likely
   4 lens
   4 land
   4 laminae
   4 joints
   4 ite
   4 isostatic
   4 intervening
   4 intervals
   4 intermixed
   4 instead
   4 indurated
   4 indefinite
   4 increase
   4 immediately
   4 humic
   4 hue
   4 horsts
   4 holladay
   4 handle
   4 gradient
   4 gilluly
   4 gently
   4 gave
   4 future
   4 forming
   4 foreset
   4 floor
   4 fills
   4 filling
   4 field
   4 ffi
   4 extent
   4 exceptionally
   4 erosional
   4 effects
   4 edges
   4 echelon
   4 dropped
   4 drained
   4 downfaulted
   4 distribution
   4 distinct
   4 dissection
   4 discussed
   4 diffuse
   4 details
   4 detailed
   4 dessication
   4 desert
   4 description
   4 decreasing
   4 debris
   4 darker
   4 cutting
   4 criteria
   4 correlating
   4 controversial
   4 contain
   4 consistence
   4 consider
   4 consequently
   4 composite
   4 composing
   4 coa
   4 closely
   4 chief
   4 cherry
   4 chemical
   4 channels
   4 change
   4 cenozoic
   4 butlerville
   4 bulky
   4 broad
   4 bounded
   4 bordering
   4 bles
   4 bleached
   4 ber
   4 bench
   4 basinward
   4 banks
   4 band
   4 alluviation
   4 alined
   4 acts
   4 accordant
   4 accelerated
   3 zonation
   3 year
   3 words
   3 woodside
   3 weeks
   3 weakly
   3 wasting
   3 washington
   3 virtually
   3 varved
   3 varies
   3 variegated
   3 upslope
   3 uniform
   3 truncates
   3 tributaries
   3 trenches
   3 together
   3 tiny
   3 thaynes
   3 temporary
   3 taken
   3 supports
   3 subterrace
   3 stronger
   3 stringers
   3 stewart
   3 state
   3 southernmost
   3 sott
   3 soon
   3 solifluction
   3 slumping
   3 sky
   3 showed
   3 shovel
   3 severe
   3 set
   3 sedimentary
   3 scarcely
   3 roadcut
   3 rising
   3 resulting
   3 result
   3 remaining
   3 remain
   3 regularly
   3 regular
   3 redefinition
   3 reach
   3 quart
   3 published
   3 provide
   3 processes
   3 problems
   3 prismatic
   3 printing
   3 principally
   3 presumed
   3 prelake
   3 predominates
   3 predates
   3 preceding
   3 preceded
   3 practically
   3 posed
   3 porphyritic
   3 poor
   3 planes
   3 pipeline
   3 pink
   3 pinches
   3 physiographic
   3 petroleum
   3 permit
   3 per
   3 past
   3 partial
   3 paler
   3 overlapped
   3 overlap
   3 outcrops
   3 otherwise
   3 oscillation
   3 orr
   3 originally
   3 office
   3 occupied
   3 occasional
   3 notched
   3 notably
   3 northwestward
   3 northeastern
   3 nonbedded
   3 nite
   3 neither
   3 nearby
   3 movement
   3 moved
   3 modern
   3 minima
   3 metamorphic
   3 mesa
   3 merges
   3 men
   3 measurements
   3 mass
   3 mark
   3 mappable
   3 making
   3 makes
   3 maintains
   3 located
   3 limited
   3 limit
   3 lenticular
   3 largest
   3 kiver
   3 king
   3 june
   3 jennings
   3 james
   3 irrigation
   3 invariably
   3 intertongue
   3 intensity
   3 information
   3 indistinctly
   3 index
   3 indeed
   3 increasing
   3 inclined
   3 illustrates
   3 ground
   3 greatly
   3 granodiorite
   3 government
   3 gneissic
   3 gneiss
   3 give
   3 foundation
   3 fossils
   3 fossiliferous
   3 formational
   3 fillings
   3 filled
   3 figures
   3 fell
   3 farthest
   3 fall
   3 factors
   3 faceted
   3 extremely
   3 expression
   3 exploration
   3 expected
   3 examples
   3 exact
   3 estimated
   3 established
   3 erratics
   3 emphasis
   3 eichmond
   3 effervescence
   3 easternmost
   3 earliest
   3 dunes
   3 dune
   3 dugway
   3 downcutting
   3 disconformable
   3 disadvantages
   3 dipping
   3 dikes
   3 difficulty
   3 differentiating
   3 difference
   3 descriptive
   3 derivation
   3 depths
   3 degrees
   3 definitions
   3 dates
   3 date
   3 danish
   3 daily
   3 curving
   3 crossbedding
   3 covers
   3 county
   3 correlatives
   3 controlled
   3 conspicuously
   3 consolidated
   3 consisting
   3 comparison
   3 colored
   3 climates
   3 classification
   3 church
   3 chiefly
   3 cherty
   3 causing
   3 carved
   3 carson
   3 came
   3 butler
   3 business
   3 briefly
   3 break
   3 boulevard
   3 became
   3 beach
   3 attests
   3 attest
   3 associated
   3 assoc
   3 approximate
   3 appreciable
   3 ancestral
   3 amount
   3 american
   3 airpark
   3 ago
   3 affirms
   3 aerial
   3 advantages
   3 adopted
   3 additional
   3 addition
   3 action
   3 acad
   3 abundance
   3 abruptly
   3 abandoned
   2 yearbook
   2 yards
   2 wyoming
   2 wood
   2 wisconsin
   2 winds
   2 wind
   2 wider
   2 widens
   2 widened
   2 wholly
   2 whether
   2 wheeler
   2 wettest
   2 wells
   2 weathers
   2 warm
   2 walls
   2 wall
   2 volcanic
   2 veneering
   2 vasyl
   2 vary
   2 varvelike
   2 valuable
   2 usgs
   2 useful
   2 upward
   2 upthrown
   2 upfaulted
   2 unnamed
   2 unlike
   2 unless
   2 university
   2 undifferentiated
   2 undergone
   2 unambiguous
   2 turn
   2 turbidity
   2 trivial
   2 trench
   2 transgressive
   2 transgression
   2 tracing
   2 torted
   2 topset
   2 tops
   2 toes
   2 today
   2 tions
   2 tintic
   2 tied
   2 throw
   2 threet
   2 thousand
   2 thorp
   2 thinness
   2 thence
   2 text
   2 terminates
   2 terminate
   2 term
   2 tended
   2 temporarily
   2 temperate
   2 tan
   2 tahoe
   2 synchronous
   2 symbols
   2 swm
   2 swings
   2 swing
   2 surveys
   2 supplements
   2 succession
   2 subject
   2 subdued
   2 studying
   2 structures
   2 streamcut
   2 stratigraphically
   2 stratification
   2 stood
   2 stocks
   2 stillstands
   2 status
   2 stations
   2 stand
   2 staff
   2 stable
   2 sta
   2 spurr
   2 spaced
   2 softer
   2 snails
   2 slumped
   2 size
   2 situation
   2 sites
   2 singlegrained
   2 similarity
   2 silver
   2 sierra
   2 shock
   2 sheltered
   2 sheets
   2 shape
   2 shallower
   2 seven
   2 served
   2 separation
   2 sense
   2 selvage
   2 seh
   2 sees
   2 scientists
   2 schneider
   2 scattered
   2 say
   2 sandier
   2 saints
   2 runway
   2 runs
   2 roughly
   2 roger
   2 revised
   2 restricted
   2 resting
   2 rest
   2 respective
   2 reservoir
   2 repub
   2 rept
   2 reports
   2 reported
   2 renewed
   2 remains
   2 reliable
   2 relationship
   2 related
   2 referred
   2 reduced
   2 recognizable
   2 reasons
   2 reason
   2 ranch
   2 railroad
   2 radiocarbon
   2 qraniteville
   2 province
   2 provenance
   2 proportions
   2 properly
   2 projecting
   2 project
   2 professional
   2 produced
   2 procedure
   2 preexisting
   2 precambrian
   2 prairie
   2 potential
   2 postulated
   2 postglacial
   2 porphyry
   2 pluvial
   2 platy
   2 placement
   2 pioneer
   2 phase
   2 persistent
   2 persist
   2 permitting
   2 penetrate
   2 pedology
   2 pediment
   2 passes
   2 partially
   2 park
   2 parallelbedded
   2 paleosol
   2 pack
   2 overlapping
   2 overflowed
   2 outlines
   2 outlet
   2 ous
   2 originated
   2 oriented
   2 ore
   2 order
   2 opinion
   2 ophir
   2 olive
   2 ofsalt
   2 offset
   2 occupation
   2 obvious
   2 northwesterly
   2 northernmost
   2 nonexistent
   2 neville
   2 net
   2 neji
   2 necessarily
   2 natural
   2 moving
   2 morphology
   2 mistaken
   2 might
   2 metamorphics
   2 meridian
   2 mentioned
   2 ment
   2 meet
   2 maximums
   2 materials
   2 matching
   2 marshy
   2 marl
   2 markers
   2 marbut
   2 man
   2 mal
   2 mainder
   2 madison
   2 lymnaea
   2 lowan
   2 longinqua
   2 longest
   2 longer
   2 locations
   2 loc
   2 lithoid
   2 lines
   2 limonitic
   2 lightens
   2 length
   2 leamington
   2 latter
   2 latest
   2 largely
   2 lag
   2 lacking
   2 knudsens
   2 kilometers
   2 keynolds
   2 key
   2 kellogg
   2 ked
   2 kansan
   2 kange
   2 july
   2 joins
   2 joffe
   2 ise
   2 involute
   2 investigation
   2 introduced
   2 intriguing
   2 interstitial
   2 interstadial
   2 intersection
   2 intersecting
   2 interrelations
   2 interpret
   2 intermittent
   2 interlaminated
   2 intergradation
   2 interglacial
   2 intense
   2 insufficient
   2 inst
   2 ing
   2 induration
   2 individual
   2 indications
   2 increments
   2 increasingly
   2 incontrovertible
   2 incised
   2 immature
   2 ignoring
   2 igneous
   2 identifiable
   2 identical
   2 idaho
   2 huge
   2 highshore
   2 herein
   2 hazards
   2 hazard
   2 hague
   2 guide
   2 groundwater
   2 grains
   2 gradients
   2 gould
   2 gorge
   2 geographical
   2 generalized
   2 full
   2 fresh
   2 fraction
   2 floors
   2 floored
   2 flatiron
   2 fines
   2 finemedium
   2 fewer
   2 favorable
   2 fanglomerate
   2 faintly
   2 expt
   2 expose
   2 explorations
   2 explanation
   2 existing
   2 exceeded
   2 exactly
   2 evidences
   2 evidenced
   2 evaporation
   2 eter
   2 erroneously
   2 equal
   2 epoch
   2 epicenters
   2 epicenter
   2 environmental
   2 entire
   2 emmons
   2 econ
   2 driest
   2 dozen
   2 downfaulting
   2 doubtless
   2 done
   2 divisible
   2 dium
   2 ditch
   2 disturbed
   2 distal
   2 disconformities
   2 dike
   2 differentiation
   2 die
   2 descriptions
   2 denote
   2 denned
   2 deglaciation
   2 deformation
   2 defining
   2 decrease
   2 deapee
   2 davis
   2 danger
   2 curve
   2 culminated
   2 crust
   2 crumb
   2 crop
   2 cresent
   2 creep
   2 cover
   2 course
   2 cottonwool
   2 corresponding
   2 correspond
   2 core
   2 convolute
   2 contributed
   2 continuation
   2 contents
   2 content
   2 construction
   2 considerations
   2 consecutive
   2 conformable
   2 confined
   2 concurrently
   2 conclusion
   2 comprehensive
   2 compound
   2 compensation
   2 comparative
   2 commission
   2 comm
   2 collections
   2 collection
   2 code
   2 coarseness
   2 cliffs
   2 classic
   2 chronology
   2 chert
   2 chernozem
   2 charts
   2 certain
   2 cement
   2 carter
   2 carried
   2 careous
   2 cally
   2 california
   2 cache
   2 butt
   2 burrowing
   2 bulk
   2 buff
   2 browner
   2 broader
   2 brighton
   2 brief
   2 bridge
   2 breccia
   2 breached
   2 branching
   2 bounds
   2 borders
   2 border
   2 bonnevilleprovo
   2 bonnevillei
   2 blufe
   2 biol
   2 becoming
   2 basic
   2 baldwin
   2 avenue
   2 august
   2 atypical
   2 attaining
   2 attained
   2 assigned
   2 army
   2 arm
   2 aridity
   2 arid
   2 argillite
   2 arbitrarily
   2 apart
   2 animals
   2 angles
   2 andesite
   2 amnicola
   2 alternate
   2 already
   2 airport
   2 agencies
   2 advances
   2 adjacent
   2 added
   2 actually
   2 actual
   2 acres
   2 accordingly
   2 accord
   2 accomplished
   2 abnormally
   1 zoology
   1 zonite
   1 zon
   1 zobell
   1 zite
   1 zero
   1 youngs
   1 youngee
   1 york
   1 yons
   1 yon
   1 wsw
   1 working
   1 worked
   1 workable
   1 work
   1 without
   1 winters
   1 winter
   1 windy
   1 windward
   1 windstorms
   1 wilson
   1 whitish
   1 wherever
   1 wetter
   1 westsouthwest
   1 wendover
   1 wellsorted
   1 wellrounded
   1 week
   1 wedged
   1 wedge
   1 weakens
   1 washout
   1 warmest
   1 walton
   1 wallace
   1 volumetrically
   1 volcanics
   1 visual
   1 village
   1 vfry
   1 vening
   1 veneers
   1 veins
   1 vegetative
   1 vegetation
   1 variety
   1 varicolored
   1 variation
   1 variably
   1 variability
   1 valvata
   1 validity
   1 usual
   1 using
   1 upwarps
   1 uoiibuuoj
   1 unwise
   1 unsorted
   1 unsatisfactory
   1 unrecognized
   1 unpaged
   1 unnecessarily
   1 unmistakably
   1 unmapped
   1 unmappable
   1 unloading
   1 union
   1 uninterrupted
   1 unidentifiable
   1 unfortunately
   1 unfavorable
   1 uneroded
   1 undoubtedly
   1 undisturbed
   1 undistorted
   1 underwent
   1 undertaken
   1 understood
   1 understate
   1 undersides
   1 unconformably
   1 uncommon
   1 uncertain
   1 uncemented
   1 unbroken
   1 unambiguously
   1 unable
   1 uinta
   1 udall
   1 ubiquitous
   1 typified
   1 twice
   1 tween
   1 ture
   1 tune
   1 tude
   1 truncated
   1 trouglr
   1 trip
   1 triggered
   1 tributary
   1 triassic
   1 triangular
   1 trenching
   1 treads
   1 transitions
   1 transition
   1 transgressed
   1 transferred
   1 tracings
   1 traces
   1 township
   1 totally
   1 totaling
   1 torrential
   1 torrent
   1 topic
   1 tonwood
   1 tobacco
   1 titude
   1 tirely
   1 tioga
   1 ting
   1 timpie
   1 tilting
   1 tilted
   1 thrust
   1 thru
   1 threefourths
   1 thought
   1 thkkness
   1 thicknets
   1 thicknesses
   1 thickened
   1 thi
   1 thenceforth
   1 tfl
   1 test
   1 terval
   1 terrain
   1 terminated
   1 termed
   1 ter
   1 tentatively
   1 tend
   1 temporaneous
   1 temple
   1 temperatures
   1 techniques
   1 tazewell
   1 taylor
   1 tance
   1 tain
   1 tables
   1 systematic
   1 system
   1 syr
   1 swkneh
   1 swhswh
   1 susceptible
   1 surprising
   1 surfacemainly
   1 surfacelower
   1 surely
   1 supposed
   1 support
   1 suppl
   1 superposed
   1 superlative
   1 superintendent
   1 superficial
   1 summit
   1 summers
   1 summer
   1 summary
   1 summarizes
   1 summarized
   1 suggestive
   1 sugar
   1 successions
   1 succeeding
   1 substage
   1 subsidiary
   1 subordinate
   1 subjected
   1 subhumid
   1 subdivisions
   1 subdivided
   1 subaqueous
   1 subaenal
   1 students
   1 strongest
   1 strip
   1 striking
   1 strike
   1 striae
   1 strewn
   1 streets
   1 stratigrapht
   1 strathterrace
   1 straight
   1 stone
   1 stkatigraphic
   1 stitial
   1 sticky
   1 step
   1 steepening
   1 steepen
   1 steadily
   1 station
   1 started
   1 stands
   1 standpoint
   1 standard
   1 stains
   1 staining
   1 stages
   1 square
   1 spent
   1 spectacular
   1 southwestrtrending
   1 southeastern
   1 sources
   1 somwhat
   1 solely
   1 sol
   1 soilx
   1 soillime
   1 soilj
   1 softens
   1 society
   1 socalled
   1 snowfall
   1 snow
   1 smoothly
   1 smoothing
   1 smooth
   1 slump
   1 slipping
   1 slavishly
   1 slate
   1 slackened
   1 skyline
   1 sketch
   1 six
   1 situations
   1 sinuous
   1 siltstone
   1 siltclay
   1 siliceous
   1 signify
   1 significance
   1 sign
   1 showers
   1 shireline
   1 shifted
   1 shift
   1 sheet
   1 sheer
   1 sheared
   1 shear
   1 shaping
   1 shaly
   1 sevier
   1 severity
   1 serious
   1 sericitized
   1 ser
   1 sept
   1 separates
   1 semseh
   1 semantically
   1 selected
   1 seismic
   1 sehswh
   1 seep
   1 sedimentation
   1 secretary
   1 secondary
   1 seasons
   1 season
   1 sea
   1 science
   1 school
   1 schists
   1 schistose
   1 scanty
   1 sandstones
   1 san
   1 samples
   1 sale
   1 sal
   1 said
   1 saddle
   1 rusty
   1 runoff
   1 rundschau
   1 rules
   1 roundness
   1 rodent
   1 roadcuts
   1 rivers
   1 risen
   1 right
   1 richly
   1 richard
   1 rich
   1 rhythmic
   1 revising
   1 reverse
   1 revealed
   1 reveal
   1 retreated
   1 retained
   1 respects
   1 resources
   1 resolving
   1 resistance
   1 resist
   1 residential
   1 requirement
   1 require
   1 reportedly
   1 removed
   1 remarkably
   1 reliably
   1 relating
   1 reinterpretation
   1 regressional
   1 regressed
   1 regional
   1 regarded
   1 regard
   1 reflects
   1 reflecting
   1 reflect
   1 referable
   1 reentrant
   1 reelevated
   1 reducing
   1 redefining
   1 reddishbrown
   1 rectilinear
   1 recovered
   1 reconnaissance
   1 reconciled
   1 reconcentration
   1 recommended
   1 recognition
   1 receding
   1 reasonably
   1 reappraisal
   1 realized
   1 readouts
   1 reactivated
   1 reaction
   1 ravines
   1 rate
   1 rank
   1 randomly
   1 qye
   1 quickly
   1 questionable
   1 question
   1 quently
   1 quatebnaby
   1 quartzose
   1 quartute
   1 quarteite
   1 quartate
   1 qualified
   1 qoic
   1 qlaciation
   1 qiiadranale
   1 qftl
   1 qft
   1 qdis
   1 qaurtzite
   1 purposes
   1 pub
   1 proximity
   1 provides
   1 provided
   1 proposed
   1 proportionately
   1 proof
   1 projects
   1 progressional
   1 progressed
   1 progress
   1 prog
   1 productive
   1 produces
   1 problematic
   1 problem
   1 prison
   1 prime
   1 preserve
   1 presents
   1 presence
   1 preprint
   1 prepared
   1 preliminary
   1 prefer
   1 predict
   1 predecessor
   1 predate
   1 prebull
   1 prealpine
   1 practices
   1 postulating
   1 postulate
   1 postpluvial
   1 postlake
   1 postdraper
   1 postaltithermal
   1 post
   1 posits
   1 positively
   1 positive
   1 portray
   1 portions
   1 porphyries
   1 pork
   1 poraneous
   1 poorer
   1 poomuohoq
   1 points
   1 pointing
   1 pointed
   1 pocket
   1 plowing
   1 pliocene
   1 playa
   1 plates
   1 plastic
   1 pisolitic
   1 pisidium
   1 pioneered
   1 ping
   1 pine
   1 pigdeb
   1 physical
   1 photograph
   1 periphery
   1 peripheral
   1 period
   1 perched
   1 percentages
   1 pennsylvanian
   1 pedalfers
   1 pedalferpedocal
   1 peculiar
   1 peaks
   1 paucity
   1 passed
   1 particular
   1 particles
   1 paralleling
   1 parable
   1 palegray
   1 pages
   1 pacific
   1 pace
   1 oxides
   1 oxide
   1 oxidation
   1 oversimplified
   1 overflow
   1 overall
   1 outwashu
   1 outward
   1 outicash
   1 otjtwash
   1 orientation
   1 oraniteville
   1 orange
   1 opposing
   1 opment
   1 operations
   1 operates
   1 open
   1 onneville
   1 omitted
   1 olivegray
   1 oligocene
   1 ogden
   1 ofsand
   1 ofjordan
   1 oct
   1 occurring
   1 occupy
   1 occasions
   1 occasionally
   1 obtained
   1 obtain
   1 observing
   1 observations
   1 obscured
   1 obscure
   1 obrussa
   1 oblique
   1 oak
   1 nwvi
   1 nwmnwm
   1 nwmne
   1 nwksem
   1 nwjinem
   1 nwh
   1 numbers
   1 number
   1 npper
   1 npncalcareous
   1 nowhere
   1 nov
   1 notoriously
   1 noting
   1 nothing
   1 notch
   1 notable
   1 noselike
   1 northerly
   1 normally
   1 nonsticky
   1 nonplastic
   1 nonglaciated
   1 nolan
   1 nodules
   1 nized
   1 newly
   1 nevertheless
   1 neutralized
   1 ness
   1 nejineji
   1 nehseh
   1 nehneh
   1 neglected
   1 neffs
   1 needed
   1 necessitate
   1 nebraskan
   1 nature
   1 naturalleveelike
   1 natl
   1 nated
   1 narrowing
   1 narrower
   1 naer
   1 mus
   1 mum
   1 multiple
   1 mudflows
   1 mud
   1 morsan
   1 morainic
   1 morainal
   1 months
   1 monotonous
   1 monograph
   1 monly
   1 mond
   1 mon
   1 mollusk
   1 modification
   1 mississippian
   1 missing
   1 miocene
   1 mineralog
   1 mimeographed
   1 millard
   1 milder
   1 meticulously
   1 mesalike
   1 merit
   1 merged
   1 merge
   1 ments
   1 mention
   1 mentation
   1 membei
   1 melted
   1 melt
   1 measure
   1 maturity
   1 matter
   1 mation
   1 mately
   1 matched
   1 masswaste
   1 massif
   1 masses
   1 masked
   1 mask
   1 marking
   1 margins
   1 march
   1 mar
   1 manual
   1 mantling
   1 manos
   1 manner
   1 mankato
   1 make
   1 maintained
   1 luvium
   1 lush
   1 lowered
   1 lost
   1 lose
   1 loop
   1 looks
   1 longterm
   1 lodged
   1 lithoglyphus
   1 lithofacies
   1 listed
   1 limefree
   1 lieu
   1 lias
   1 levee
   1 letter
   1 lesser
   1 lemoyne
   1 left
   1 led
   1 leaving
   1 leaves
   1 lead
   1 leaching
   1 layers
   1 lay
   1 lations
   1 lat
   1 larly
   1 lar
   1 landslides
   1 landslide
   1 landscape
   1 lamprophyre
   1 lambert
   1 lakeward
   1 lakebottom
   1 lagoon
   1 laden
   1 kock
   1 koads
   1 koadcut
   1 kneaded
   1 kinds
   1 kichmond
   1 kept
   1 kanch
   1 juxtaposition
   1 juts
   1 jurassic
   1 junction
   1 juke
   1 judging
   1 jordon
   1 jordanvalley
   1 jointly
   1 jointing
   1 jefferson
   1 jecent
   1 jan
   1 iys
   1 ity
   1 iteville
   1 italic
   1 ish
   1 iron
   1 ioyr
   1 investigations
   1 inundation
   1 intruded
   1 intrazonal
   1 intramember
   1 intimately
   1 interzonal
   1 intervened
   1 intervene
   1 intervalley
   1 interspersed
   1 intersects
   1 intersected
   1 interrupted
   1 internal
   1 intermontane
   1 intermont
   1 intermittently
   1 interglaciations
   1 interglaciation
   1 interflngers
   1 interfinger
   1 interest
   1 interchanging
   1 interbed
   1 intensively
   1 intensities
   1 instance
   1 inspection
   1 insofar
   1 inhibited
   1 inhibit
   1 ings
   1 infrequent
   1 informally
   1 inferring
   1 inference
   1 induced
   1 indirectly
   1 indirect
   1 indicators
   1 independently
   1 indebted
   1 increment
   1 increased
   1 incorrectly
   1 inconclusive
   1 incomplete
   1 inclusive
   1 inclusions
   1 included
   1 inadvisable
   1 imum
   1 impregnating
   1 impossible
   1 implying
   1 imply
   1 implication
   1 imperfectly
   1 immediate
   1 imbedded
   1 illustrations
   1 illustrate
   1 illinoian
   1 ill
   1 ignored
   1 iff
   1 identifies
   1 ice
   1 hyrum
   1 hydrology
   1 humeralis
   1 humbug
   1 hues
   1 hubert
   1 house
   1 hot
   1 holocene
   1 hole
   1 hogum
   1 histories
   1 hinterland
   1 highland
   1 hiatus
   1 heterogeneous
   1 heights
   1 height
   1 heavy
   1 heavily
   1 harvard
   1 harper
   1 harder
   1 handbook
   1 hand
   1 halves
   1 halts
   1 halt
   1 halfway
   1 gvosdeteky
   1 gvoscletsky
   1 gulches
   1 grown
   1 grounds
   1 gross
   1 grooves
   1 gritty
   1 greenish
   1 grayer
   1 gravelfacies
   1 granitevi
   1 granger
   1 grande
   1 grain
   1 graduations
   1 gorges
   1 gladation
   1 glacio
   1 gjaciation
   1 gives
   1 get
   1 geophysics
   1 gentler
   1 genesis
   1 generations
   1 gaps
   1 galena
   1 fwest
   1 furnished
   1 furnish
   1 fully
   1 ful
   1 frye
   1 fringes
   1 friends
   1 friable
   1 freshness
   1 frequent
   1 freezing
   1 free
   1 francisco
   1 fragment
   1 fracture
   1 fourth
   1 fossil
   1 fossaria
   1 formerly
   1 formally
   1 formal
   1 forest
   1 foreground
   1 foregoing
   1 footwall
   1 fon
   1 folds
   1 foemation
   1 flows
   1 floods
   1 floodplain
   1 flfi
   1 fletcher
   1 flatter
   1 flat
   1 flakes
   1 fitofl
   1 fioure
   1 finepebbly
   1 fineness
   1 findings
   1 finding
   1 find
   1 finally
   1 file
   1 feth
   1 ferric
   1 ferguson
   1 feb
   1 feature
   1 feasibly
   1 feasible
   1 fashion
   1 farmhouse
   1 farm
   1 famous
   1 fallon
   1 faint
   1 faetes
   1 facts
   1 facets
   1 face
   1 extensions
   1 exploratory
   1 explained
   1 explain
   1 expedition
   1 expansions
   1 expanding
   1 exists
   1 existed
   1 exist
   1 excludes
   1 exceptional
   1 excellently
   1 exceeds
   1 exceedingly
   1 exceeding
   1 exaggeration
   1 evincing
   1 evinced
   1 every
   1 ever
   1 establishes
   1 est
   1 ess
   1 esoil
   1 erroneous
   1 erratic
   1 ern
   1 erally
   1 equivalents
   1 equilibrium
   1 epochs
   1 episode
   1 ephemeral
   1 eoliansand
   1 eock
   1 eocene
   1 eoad
   1 environments
   1 environment
   1 entrenchment
   1 entrenched
   1 entrapped
   1 entrance
   1 enters
   1 ensuing
   1 enlargements
   1 english
   1 engineers
   1 enabled
   1 emmigration
   1 embayed
   1 else
   1 eliot
   1 eio
   1 efpt
   1 effected
   1 effect
   1 edition
   1 economic
   1 earth
   1 earblyearreincgentht
   1 durango
   1 dull
   1 duke
   1 dual
   1 drive
   1 drifted
   1 dressing
   1 drawn
   1 drapes
   1 drab
   1 dozens
   1 downthrown
   1 downslope
   1 doughnut
   1 dominate
   1 dominant
   1 dolomitic
   1 documents
   1 dnoj
   1 dne
   1 division
   1 districts
   1 district
   1 distortion
   1 distinguishes
   1 distinguish
   1 distinctively
   1 distances
   1 disseminated
   1 disposition
   1 displays
   1 displaces
   1 dislocations
   1 discrete
   1 discoveries
   1 discovered
   1 discontinuities
   1 discernibly
   1 disagreement
   1 director
   1 directions
   1 dipslip
   1 diorite
   1 diminishing
   1 diminishes
   1 diminish
   1 dilute
   1 differs
   1 differential
   1 differed
   1 dies
   1 diagram
   1 diagnostic
   1 determining
   1 determination
   1 destructiveness
   1 destroyed
   1 desirable
   1 designed
   1 desiccated
   1 deseret
   1 depressions
   1 depostion
   1 depositing
   1 depending
   1 denver
   1 dently
   1 density
   1 dense
   1 delimited
   1 degraded
   1 deglaciated
   1 deflection
   1 definitely
   1 definite
   1 defines
   1 define
   1 deficiencies
   1 deeplake
   1 deepened
   1 decreased
   1 decomposed
   1 deceptive
   1 dec
   1 debouch
   1 darkest
   1 dammed
   1 damage
   1 dam
   1 daly
   1 custom
   1 currently
   1 cta
   1 crustal
   1 crossed
   1 crops
   1 crevasse
   1 crests
   1 cracks
   1 covering
   1 country
   1 cottonwoood
   1 cottonwooi
   1 cottonwod
   1 cotonwood
   1 corroborative
   1 corrmon
   1 correlates
   1 correctly
   1 cordant
   1 coolest
   1 cooking
   1 conversely
   1 contribution
   1 contrasts
   1 contrasting
   1 contrast
   1 contractions
   1 continuously
   1 continuing
   1 contemporaneity
   1 contained
   1 contacts
   1 constitutes
   1 constituted
   1 constituent
   1 consistently
   1 consistent
   1 considering
   1 connection
   1 connected
   1 conglomerate
   1 congenetic
   1 confusion
   1 confusing
   1 confused
   1 confirm
   1 conference
   1 concurrent
   1 concur
   1 concomitantly
   1 concentrations
   1 conceive
   1 con
   1 compressum
   1 comprehensively
   1 compounded
   1 composition
   1 component
   1 complicating
   1 complexes
   1 compiled
   1 compelling
   1 compass
   1 compare
   1 company
   1 comp
   1 comonly
   1 communication
   1 commercial
   1 commenced
   1 coming
   1 come
   1 colors
   1 coloradoensis
   1 colluvially
   1 coll
   1 cold
   1 coincides
   1 coeeelation
   1 cobbly
   1 coats
   1 coated
   1 coarsely
   1 coalesced
   1 clues
   1 cluding
   1 club
   1 cloudbursts
   1 climbs
   1 cliffy
   1 claypan
   1 clarence
   1 clam
   1 civil
   1 cirques
   1 cirque
   1 ciated
   1 chlorite
   1 characterizes
   1 characteristic
   1 changing
   1 cfkt
   1 certainty
   1 cementation
   1 ceased
   1 caves
   1 cave
   1 cause
   1 cattomvood
   1 cating
   1 cast
   1 carters
   1 carnegie
   1 careful
   1 caps
   1 call
   1 burrows
   1 burled
   1 bureau
   1 bur
   1 bulldozer
   1 buildings
   1 building
   1 brunswick
   1 broadly
   1 brilliant
   1 brighter
   1 bright
   1 briefer
   1 brecciated
   1 breakage
   1 branches
   1 braided
   1 brady
   1 box
   1 bottoms
   1 bottomed
   1 borrow
   1 borings
   1 boreholes
   1 bonnyview
   1 bonnevitte
   1 bonnevilte
   1 bonnevillensis
   1 bonnevffle
   1 bonnev
   1 bonncville
   1 bonisteville
   1 boiineville
   1 blvd
   1 blue
   1 blown
   1 bleicherde
   1 bisselps
   1 bipartite
   1 bibliography
   1 bespeaks
   1 bends
   1 bend
   1 belong
   1 bell
   1 behind
   1 behavior
   1 behalf
   1 began
   1 bedbock
   1 beaches
   1 bche
   1 bca
   1 bay
   1 basins
   1 bartholomew
   1 barrier
   1 baltimore
   1 badly
   1 background
   1 back
   1 axes
   1 avithin
   1 averaging
   1 averaged
   1 avas
   1 auu
   1 authors
   1 augmented
   1 aug
   1 attracted
   1 attention
   1 attacked
   1 atlas
   1 asymmetrical
   1 asterisks
   1 asterisk
   1 aspects
   1 aspect
   1 ascending
   1 ary
   1 artificial
   1 artifacts
   1 artesian
   1 arnold
   1 arizona
   1 argillic
   1 areal
   1 arcuate
   1 archaeologists
   1 aquifer
   1 aqueduct
   1 april
   1 apr
   1 apply
   1 applied
   1 apparent
   1 app
   1 apices
   1 antiquity
   1 anthropol
   1 anomalous
   1 ann
   1 animal
   1 anerosional
   1 andwalton
   1 andesitic
   1 analytic
   1 amplify
   1 amphibolite
   1 amounting
   1 ambiguous
   1 ambiguity
   1 always
   1 alternations
   1 alternates
   1 alteration
   1 alone
   1 ally
   1 allowing
   1 albion
   1 alaskite
   1 airfield
   1 aids
   1 agronomic
   1 agricultural
   1 agreement
   1 agreed
   1 aforementioned
   1 afford
   1 aeration
   1 advised
   1 advanced
   1 adoption
   1 adjustment
   1 adjoin
   1 adequate
   1 adding
   1 acute
   1 acrefeet
   1 accurate
   1 accumulation
   1 accumulated
   1 accounts
   1 accompanied
   1 accommodate
   1 accessibility
   1 abutment
   1 abstract
   1 absolute
   1 absence
   1 able
