 170 coal
  76 quadrangle
  43 colorado
  41 bed
  37 mining
  34 north
  34 beds
  33 survey
  32 jackson
  30 potential
  29 data
  28 area
  26 park
  26 development
  25 hill
  24 tons
  24 surface
  24 map
  24 eagle
  22 sudduth
  22 part
  22 methods
  22 geol
  21 points
  21 madden
  21 formation
  21 base
  21 areas
  20 land
  20 county
  18 thickness
  18 geology
  17 table
  17 reserve
  17 federal
  16 short
  16 resource
  15 report
  15 plate
  15 coalmont
  15 approximately
  14 shown
  14 shale
  14 northeast
  14 geological
  13 percent
  13 mines
  13 counties
  12 zone
  12 subsurface
  12 larimer
  11 thick
  11 sec
  11 overburden
  11 multiply
  11 mine
  11 mccallum
  10 unpublished
  10 range
  10 metric
  10 isolated
  10 geologic
  10 feet
  10 convert
   9 within
   9 used
   9 strip
   9 southwest
   9 situ
   9 sandstone
   9 resources
   9 lies
   9 known
   9 isopach
   9 corner
   9 central
   9 analyses
   8 walden
   8 using
   8 unleased
   8 tonnage
   8 syncline
   8 structure
   8 side
   8 rocks
   8 observation
   8 measured
   8 maps
   8 kinney
   8 johnny
   8 high
   8 greater
   8 gasification
   8 field
   8 contour
   8 calculated
   8 based
   7 west
   7 total
   7 recoverable
   7 ratio
   7 proximate
   7 preliminary
   7 per
   7 outcrop
   7 others
   7 moore
   7 million
   7 mile
   7 member
   7 measurement
   7 factor
   7 canadian
   6 values
   6 unknown
   6 two
   6 tweto
   6 tonnages
   6 prospects
   6 miles
   6 medicine
   6 low
   6 hail
   6 gray
   6 description
   6 cretaceous
   6 bow
   6 basin
   6 available
   6 assumed
   5 younger
   5 upper
   5 study
   5 south
   5 river
   5 reserves
   5 recoverability
   5 ranges
   5 occurs
   5 occurrence
   5 occur
   5 name
   5 meters
   5 eocene
   5 dips
   5 considered
   5 classified
   5 bureau
   5 bull
   5 age
   4 wyoming
   4 units
   4 subbituminous
   4 rocky
   4 rank
   4 projected
   4 present
   4 net
   4 nearest
   4 near
   4 mtn
   4 mountainous
   4 moderate
   4 middle
   4 measurements
   4 made
   4 location
   4 local
   4 lines
   4 limestone
   4 level
   4 less
   4 lands
   4 krcra
   4 guidebook
   4 ground
   4 geologists
   4 general
   4 conventional
   4 contain
   4 classification
   4 boundary
   4 assoc
   4 anticline
   3 work
   3 wide
   3 wells
   3 volatile
   3 underlain
   3 toward
   3 topographic
   3 top
   3 ton
   3 temperature
   3 tables
   3 suitable
   3 stratigraphy
   3 specified
   3 sources
   3 shaly
   3 section
   3 sea
   3 rock
   3 reported
   3 region
   3 references
   3 record
   3 rated
   3 published
   3 production
   3 precambrian
   3 personal
   3 one
   3 notes
   3 mountain
   3 maximum
   3 lying
   3 lower
   3 logs
   3 lenticular
   3 kerr
   3 information
   3 inferred
   3 indicated
   3 index
   3 grand
   3 gould
   3 given
   3 extend
   3 except
   3 estimates
   3 estimated
   3 east
   3 drilling
   3 drill
   3 division
   3 derived
   3 depths
   3 department
   3 dark
   3 cubic
   3 crosses
   3 criteria
   3 cowdrey
   3 continued
   3 concerning
   3 communication
   3 climate
   3 carbon
   3 called
   3 broad
   3 belt
   3 beekly
   3 basis
   3 basins
   3 axis
   3 arkosic
   3 apart
   3 annual
   3 acres
   2 yards
   2 well
   2 weather
   2 volcanic
   2 valve
   2 unnamed
   2 town
   2 thompson
   2 therefore
   2 testing
   2 temperatures
   2 tan
   2 synclinal
   2 sulfur
   2 subdivisions
   2 steven
   2 status
   2 standard
   2 source
   2 society
   2 small
   2 similar
   2 siltstone
   2 show
   2 sheet
   2 sharply
   2 severy
   2 several
   2 sections
   2 sand
   2 sample
   2 roads
   2 rise
   2 reference
   2 red
   2 recovery
   2 recorded
   2 previous
   2 precipitation
   2 point
   2 planning
   2 pierre
   2 physiography
   2 permian
   2 peak
   2 partly
   2 papers
   2 pal
   2 page
   2 overlain
   2 outside
   2 operations
   2 obtained
   2 numerous
   2 number
   2 northwestern
   2 normal
   2 nonisopached
   2 multiplied
   2 mudstone
   2 mountains
   2 montagne
   2 moisture
   2 miller
   2 mean
   2 matter
   2 materials
   2 marr
   2 management
   2 limits
   2 lab
   2 isopached
   2 introduction
   2 included
   2 inches
   2 important
   2 hole
   2 hills
   2 highest
   2 henkes
   2 heat
   2 generally
   2 four
   2 following
   2 fold
   2 flank
   2 fixed
   2 faults
   2 fault
   2 extent
   2 exposures
   2 exploratory
   2 evidence
   2 engineering
   2 economic
   2 drilled
   2 drafting
   2 district
   2 direction
   2 dip
   2 described
   2 depth
   2 defined
   2 date
   2 craig
   2 controlled
   2 constructed
   2 conglomeratic
   2 conglomerate
   2 computed
   2 composed
   2 compiled
   2 commerce
   2 coals
   2 character
   2 category
   2 categories
   2 carbonaceous
   2 capron
   2 calculating
   2 calcareous
   2 bulletin
   2 brown
   2 blm
   2 barnes
   2 average
   2 association
   2 ash
   2 approximate
   2 anticlines
   2 american
   2 along
   2 across
   2 accessibility
   2 abandoned
   2 aaa
   1 yields
   1 workings
   1 westward
   1 washes
   1 visible
   1 vicinity
   1 vehicular
   1 various
   1 variegated
   1 variation
   1 usually
   1 unpubllsjiecl
   1 united
   1 union
   1 unimproved
   1 uniform
   1 tuffaceous
   1 true
   1 triassic
   1 trends
   1 trenches
   1 trai
   1 traffic
   1 tract
   1 traces
   1 trace
   1 totally
   1 toi
   1 though
   1 thjdart
   1 third
   1 thicknesses
   1 themccallum
   1 text
   1 test
   1 term
   1 tenth
   1 technological
   1 taken
   1 systematic
   1 system
   1 symposium
   1 surveyed
   1 surrounding
   1 surrounded
   1 surfaces
   1 support
   1 supplement
   1 summarized
   1 sum
   1 suddu
   1 suchij
   1 successively
   1 studies
   1 studied
   1 structural
   1 stratigraphically
   1 stratigraphic
   1 steppe
   1 steeper
   1 steep
   1 station
   1 states
   1 stated
   1 state
   1 standards
   1 spective
   1 specifications
   1 special
   1 spacing
   1 spaced
   1 southwestern
   1 southeast
   1 somewhat
   1 soc
   1 smallest
   1 sites
   1 siliceous
   1 shows
   1 shallow
   1 set
   1 services
   1 series
   1 separate
   1 secondary
   1 seat
   1 sciences
   1 science
   1 satanka
   1 sampling
   1 samples
   1 rugged
   1 rrver
   1 rounded
   1 rolling
   1 rises
   1 right
   1 revision
   1 revealed
   1 retains
   1 response
   1 respectively
   1 requirements
   1 represents
   1 reports
   1 removed
   1 remaining
   1 relief
   1 refers
   1 referenced
   1 recording
   1 reasonably
   1 reasonable
   1 reason
   1 ratios
   1 rating
   1 rand
   1 railroad
   1 railhead
   1 quartzite
   1 quartz
   1 quantitative
   1 quadrangles
   1 purpose
   1 publication
   1 provided
   1 provide
   1 prospect
   1 proprietary
   1 prominent
   1 projection
   1 produce
   1 principle
   1 primarily
   1 prevail
   1 preserved
   1 prepared
   1 prelim
   1 preference
   1 precludes
   1 possible
   1 position
   1 portland
   1 platte
   1 plates
   1 planimeter
   1 plain
   1 places
   1 petroleum
   1 persistent
   1 parts
   1 parks
   1 parcels
   1 parcel
   1 parallel
   1 paper
   1 paleocene
   1 pacific
   1 ownership
   1 outcrops
   1 operation
   1 operating
   1 oldest
   1 oil
   1 ogden
   1 office
   1 occurrences
   1 nwmwk
   1 northwestward
   1 northwest
   1 northgate
   1 nomenclature
   1 niobrara
   1 ngs
   1 new
   1 necessary
   1 narrow
   1 mostly
   1 morrison
   1 monolith
   1 mliinsuhteeds
   1 misc
   1 minutes
   1 minor
   1 mineral
   1 mineable
   1 migmatitic
   1 midwest
   1 micaceous
   1 meanders
   1 mccatium
   1 may
   1 marly
   1 marine
   1 mapping
   1 mapped
   1 madderbjize
   1 lowland
   1 lot
   1 located
   1 locally
   1 line
   1 light
   1 leopold
   1 lenses
   1 legal
   1 leaves
   1 leasing
   1 leases
   1 laying
   1 largely
   1 large
   1 laramie
   1 lack
   1 knowledge
   1 kings
   1 jwere
   1 jurassic
   1 judged
   1 jteekly
   1 jrajige
   1 jljlm
   1 jjl
   1 jeyel
   1 isppach
   1 inventory
   1 inv
   1 intervening
   1 intersections
   1 intermontane
   1 intermediate
   1 interior
   1 interbedded
   1 instances
   1 inspected
   1 informal
   1 individual
   1 indicates
   1 including
   1 includes
   1 include
   1 inc
   1 illustrations
   1 identifiedjresources
   1 ical
   1 hyannis
   1 however
   1 holes
   1 higher
   1 hectares
   1 guidebooks
   1 group
   1 gravel
   1 granitic
   1 goose
   1 gneissic
   1 geophysical
   1 generated
   1 gasfication
   1 gaseous
   1 gas
   1 fuels
   1 ftr
   1 front
   1 fractional
   1 formula
   1 formerly
   1 forelle
   1 foothill
   1 foot
   1 foilows
   1 fluorspar
   1 flows
   1 flood
   1 files
   1 file
   1 feature
   1 fairly
   1 extreme
   1 extending
   1 exposed
   1 expected
   1 existing
   1 example
   1 even
   1 evauiation
   1 establish
   1 erosion
   1 erdmann
   1 environmental
   1 entirely
   1 entire
   1 end
   1 encountered
   1 elevations
   1 elevation
   1 egg
   1 editorial
   1 edited
   1 eastern
   1 eag
   1 dry
   1 drawn
   1 drainage
   1 done
   1 dnd
   1 divided
   1 distinction
   1 distance
   1 displacements
   1 dirt
   1 directly
   1 dipping
   1 dioxide
   1 diorite
   1 dimensions
   1 differs
   1 differ
   1 determined
   1 determinations
   1 determination
   1 designation
   1 describing
   1 deposits
   1 demonstrated
   1 demonstrate
   1 dashed
   1 dakota
   1 cut
   1 crossbedded
   1 crops
   1 crop
   1 creeks
   1 cpnvert
   1 covers
   1 covered
   1 countv
   1 countries
   1 could
   1 correlations
   1 correlation
   1 core
   1 coon
   1 conversion
   1 contract
   1 contoured
   1 continuity
   1 continuation
   1 contents
   1 contact
   1 construction
   1 consists
   1 connects
   1 conformity
   1 confluence
   1 confidential
   1 conf
   1 conditions
   1 completed
   1 collective
   1 coke
   1 coincide
   1 coarse
   1 coaj
   1 closely
   1 climatology
   1 claystone
   1 citeria
   1 cited
   1 circ
   1 chugwater
   1 cheyenne
   1 check
   1 certain
   1 canyons
   1 canyon
   1 calls
   1 calculations
   1 calculate
   1 branch
   1 boundaries
   1 border
   1 bituminous
   1 beyond
   1 bentonitic
   1 benton
   1 behrendt
   1 bands
   1 ballinger
   1 atmospheric
   1 asymmetrical
   1 astm
   1 asterisks
   1 assigned
   1 asjiavlng
   1 arealdlstrlbutlon
   1 applications
   1 apparent
   1 another
   1 ann
   1 analysis
   1 america
   1 amendments
   1 amenable
   1 altitudes
   1 although
   1 also
   1 almost
   1 airport
   1 aggregate
   1 adjacent
   1 act
   1 acreage
   1 accurate
   1 accqfflpan
   1 according
   1 accessible
