 194 stress
 100 vista
  77 well
  74 figure
  67 fault
  63 pressure
  59 hydraulic
  58 san
  55 andreas
  50 horizontal
  50 fracture
  49 zoback
  49 measurements
  48 depth
  44 fracturing
  43 see
  42 mpa
  41 borehole
  34 tests
  34 test
  34 stresses
  34 shear
  34 principal
  32 magnitudes
  28 cycles
  27 xtlr
  27 near
  26 using
  26 isip
  25 rock
  25 data
  24 observed
  24 mojave
  24 geophvs
  24 determined
  24 desert
  23 vertical
  23 azimuth
  22 california
  21 pumping
  21 moj
  21 maximum
  21 hydrofrac
  21 fractures
  21 although
  21 also
  20 wells
  20 impression
  20 direction
  19 pressures
  19 low
  19 healy
  19 faulting
  19 depths
  18 packer
  18 magnitude
  17 situ
  17 haimson
  16 two
  16 shown
  16 mcgarr
  16 cycle
  16 comparison
  16 analysis
  15 western
  15 shallow
  15 obtained
  15 may
  14 natural
  14 made
  14 indicate
  14 density
  14 decrease
  14 black
  14 azimuths
  14 approximately
  13 profile
  13 hickman
  13 end
  13 elastic
  13 butte
  12 results
  12 respectively
  12 packers
  12 opening
  12 measured
  12 mean
  12 however
  12 high
  12 fluid
  12 flowrate
  12 flow
  12 field
  11 velocity
  11 used
  11 table
  11 stable
  11 site
  11 palmdale
  11 downhole
  10 text
  10 strength
  10 strain
  10 stock
  10 similar
  10 pressurization
  10 open
  10 impressions
  10 frictional
  10 faults
  10 distance
  10 directions
  10 deep
  10 decreases
  10 breakdown
   9 zone
   9 variations
   9 thrust
   9 televiewer
   9 surface
   9 result
   9 regime
   9 press
   9 planes
   9 initial
   9 increase
   9 given
   9 final
   9 failure
   9 evans
   9 due
   9 calculated
   8 within
   8 rocks
   8 regional
   8 region
   8 records
   8 quality
   8 minimum
   8 measurement
   8 lower
   8 large
   8 interval
   8 indicated
   8 gradients
   8 good
   8 fractured
   8 equal
   8 earthquakes
   8 crust
   8 central
   8 appendix
   7 trace
   7 tensile
   7 survey
   7 sites
   7 scatter
   7 range
   7 quite
   7 pass
   7 overburden
   7 orientations
   7 nearly
   7 mechanics
   7 intervals
   7 indicates
   7 implications
   7 geophys
   7 geological
   7 fzoback
   7 fluctuations
   7 fair
   7 either
   7 earthquake
   7 cajon
   7 bypass
   7 brace
   7 average
   7 along
   6 zones
   6 wall
   6 upper
   6 unknown
   6 tectonic
   6 technique
   6 system
   6 stierman
   6 state
   6 small
   6 seen
   6 rotated
   6 roller
   6 preexisting
   6 plane
   6 might
   6 lines
   6 later
   6 laboratory
   6 intensely
   6 instantaneous
   6 infiltration
   6 holes
   6 hole
   6 granite
   6 first
   6 fairhurst
   6 example
   6 discussed
   6 deviatoric
   6 determination
   6 curvature
   6 comparable
   6 bottom
   6 axes
   6 away
   5 would
   5 volume
   5 variable
   5 time
   5 straddle
   5 stanford
   5 slip
   5 sbar
   5 sass
   5 resulting
   5 prior
   5 presented
   5 possible
   5 one
   5 network
   5 mechanical
   5 located
   5 least
   5 leary
   5 last
   5 healv
   5 hanks
   5 granitic
   5 expected
   5 excellent
   5 drill
   5 difference
   5 cornet
   5 considerable
   5 compression
   5 byerlee
   5 breakouts
   5 barton
   5 assumed
   5 area
   4 washington
   4 variability
   4 unusually
   4 unlikely
   4 transitional
   4 trans
   4 throughout
   4 thermal
   4 study
   4 springer
   4 southwest
   4 southern
   4 sonic
   4 soft
   4 show
   4 shamir
   4 science
   4 savage
   4 sauber
   4 rummel
   4 relatively
   4 relative
   4 ranges
   4 pumped
   4 properties
   4 proceedings
   4 presence
   4 potential
   4 perturbation
   4 permeable
   4 pechmann
   4 orientation
   4 occur
   4 nur
   4 number
   4 nearby
   4 national
   4 moos
   4 mass
   4 map
   4 manufactured
   4 location
   4 local
   4 law
   4 kohlstedt
   4 inflections
   4 inferred
   4 indicators
   4 increases
   4 hydrostatic
   4 hydrofracs
   4 heat
   4 formation
   4 focal
   4 explanation
   4 evidence
   4 equation
   4 eos
   4 elongation
   4 effective
   4 earth
   4 drops
   4 drop
   4 documented
   4 discussion
   4 densities
   4 critical
   4 constant
   4 clearly
   4 changes
   4 behavior
   4 anderson
   4 agu
   4 acting
   4 academy
   3 zappe
   3 written
   3 willis
   3 wellhead
   3 water
   3 viscous
   3 vicinity
   3 versus
   3 valette
   3 use
   3 urban
   3 university
   3 united
   3 uniform
   3 transverse
   3 traces
   3 total
   3 together
   3 third
   3 therefore
   3 taken
   3 symposium
   3 suppe
   3 suggested
   3 strike
   3 stephen
   3 states
   3 stability
   3 southeast
   3 solutions
   3 solid
   3 soc
   3 shortening
   3 several
   3 seismogenic
   3 seismicity
   3 segments
   3 second
   3 rev
   3 report
   3 relaxation
   3 relationship
   3 rates
   3 rate
   3 pronounced
   3 pressurizations
   3 preliminary
   3 pore
   3 poor
   3 pipe
   3 pet
   3 perhaps
   3 paper
   3 pageoph
   3 oroville
   3 oriented
   3 observation
   3 new
   3 mount
   3 mines
   3 mechanisms
   3 marked
   3 mark
   3 lithostat
   3 levels
   3 less
   3 length
   3 leak
   3 late
   3 lachenbruch
   3 jack
   3 interpretation
   3 insufficient
   3 injection
   3 individual
   3 inclusion
   3 implied
   3 identical
   3 hydrofracturing
   3 hubbert
   3 hileman
   3 heterogeneities
   3 greatest
   3 greater
   3 geology
   3 geodetic
   3 furthermore
   3 friction
   3 figures
   3 features
   3 favorably
   3 external
   3 extending
   3 exhibiting
   3 exception
   3 even
   3 estimated
   3 estimate
   3 engelder
   3 effect
   3 drilling
   3 dramatic
   3 doe
   3 diameter
   3 derived
   3 department
   3 deformation
   3 defined
   3 decays
   3 crystalline
   3 crystallaire
   3 correlation
   3 conference
   3 conditions
   3 compared
   3 cause
   3 assuming
   3 apparent
   3 anomalously
   3 ann
   3 anisotropy
   3 agrees
   3 ader
   3 active
   3 absence
   2 zemanek
   2 years
   2 wesson
   2 wellbore
   2 weighted
   2 warren
   2 velocities
   2 variation
   2 value
   2 upon
   2 unfortunately
   2 understood
   2 typical
   2 tullis
   2 truly
   2 triangles
   2 transducer
   2 trajectories
   2 topographic
   2 three
   2 terms
   2 tehachapi
   2 tectonics
   2 svitek
   2 supported
   2 summer
   2 summary
   2 suggests
   2 suggesting
   2 sufficient
   2 sudden
   2 submitted
   2 studies
   2 stressinduced
   2 strengths
   2 stepwise
   2 steplike
   2 steeply
   2 starting
   2 stahl
   2 spite
   2 somewhat
   2 smith
   2 slowly
   2 sliding
   2 since
   2 simply
   2 simple
   2 shows
   2 showing
   2 short
   2 shallower
   2 segment
   2 seeburger
   2 seal
   2 samples
   2 rubber
   2 roughly
   2 rotate
   2 ross
   2 resulted
   2 resolution
   2 requires
   2 represent
   2 reported
   2 reopening
   2 reoccupied
   2 remain
   2 relation
   2 reflect
   2 references
   2 recorded
   2 recent
   2 realized
   2 ratio
   2 rapid
   2 ranged
   2 ran
   2 raleigh
   2 purpose
   2 pump
   2 proximity
   2 provided
   2 provide
   2 propagation
   2 propagates
   2 project
   2 proc
   2 problems
   2 presumed
   2 preceding
   2 plumb
   2 plate
   2 planet
   2 perpendicular
   2 permeability
   2 penetrates
   2 pattern
   2 parallel
   2 overcoring
   2 overall
   2 ort
   2 order
   2 often
   2 occurred
   2 observations
   2 northwest
   2 northern
   2 northeast
   2 normal
   2 nonlinearity
   2 nine
   2 must
   2 morrow
   2 models
   2 methods
   2 method
   2 meters
   2 mechanism
   2 mcnally
   2 mckenzie
   2 max
   2 manner
   2 making
   2 major
   2 maintained
   2 lynes
   2 lowermost
   2 long
   2 logs
   2 logging
   2 likely
   2 lengths
   2 lee
   2 layered
   2 kovach
   2 kanamori
   2 jones
   2 jennings
   2 jaeger
   2 isotropic
   2 introduction
   2 interior
   2 interesting
   2 institute
   2 initiation
   2 inflatable
   2 inelastic
   2 induced
   2 indicative
   2 indicating
   2 increased
   2 immediately
   2 iceland
   2 hose
   2 horiz
   2 highly
   2 higher
   2 head
   2 handin
   2 hairline
   2 gradient
   2 gneissic
   2 geophysics
   2 geol
   2 gay
   2 furthest
   2 fsauber
   2 frac
   2 four
   2 follows
   2 following
   2 flowrates
   2 fhaimson
   2 fernando
   2 fairly
   2 extension
   2 extend
   2 explain
   2 expect
   2 exhibits
   2 except
   2 examine
   2 events
   2 especially
   2 errors
   2 equilibrium
   2 equals
   2 encountered
   2 east
   2 drilled
   2 dominated
   2 dokka
   2 distribution
   2 displacement
   2 discernable
   2 dipping
   2 determining
   2 determine
   2 detailed
   2 depending
   2 demonstrate
   2 decreasing
   2 debris
   2 criterion
   2 cover
   2 counter
   2 coulomb
   2 could
   2 corresponds
   2 corresponding
   2 cook
   2 conway
   2 contrasts
   2 continuation
   2 consistent
   2 conducted
   2 concentration
   2 components
   2 compliance
   2 complexity
   2 complex
   2 compatible
   2 collected
   2 cited
   2 causes
   2 cases
   2 canadian
   2 bureau
   2 brune
   2 boundary
   2 boreholes
   2 beneath
   2 beginning
   2 ave
   2 auburn
   2 associated
   2 approach
   2 appears
   2 apparently
   2 ambient
   2 alternatively
   2 alien
   2 agreement
   2 agree
   2 affected
   2 adjacent
   2 additional
   2 acknowledgements
   2 accuracy
   2 accumulation
   2 account
   2 accord
   2 abstract
   1 zero
   1 york
   1 yields
   1 yielded
   1 yield
   1 wrote
   1 wrench
   1 worth
   1 work
   1 wong
   1 wolff
   1 withdrawal
   1 wireline
   1 winch
   1 width
   1 wide
   1 whole
   1 whitcomb
   1 whether
   1 wentworth
   1 weighting
   1 weathering
   1 vooo
   1 volcanoes
   1 volcanic
   1 vlctorvllle
   1 via
   1 versions
   1 veins
   1 valuable
   1 valid
   1 utilizing
   1 usgs
   1 uppermost
   1 unless
   1 union
   1 uniformity
   1 unequivocally
   1 understanding
   1 underground
   1 unclear
   1 uncertainty
   1 uncertainties
   1 tsukahara
   1 trilateration
   1 trending
   1 trend
   1 transport
   1 tracings
   1 top
   1 tool
   1 tnj
   1 thus
   1 throughgoing
   1 thought
   1 though
   1 thomas
   1 think
   1 things
   1 thereby
   1 theory
   1 thatcher
   1 thank
   1 tested
   1 term
   1 tension
   1 tend
   1 tectonically
   1 technology
   1 techniques
   1 tangential
   1 tam
   1 tables
   1 systems
   1 systematic
   1 swolfs
   1 sweden
   1 swarm
   1 svmp
   1 surveys
   1 surv
   1 surrounding
   1 surprising
   1 surl
   1 suppression
   1 summarized
   1 suggestions
   1 suggest
   1 substantially
   1 subregion
   1 subhorizontal
   1 styles
   1 structures
   1 stripa
   1 strindell
   1 stressed
   1 stratigraphic
   1 stratified
   1 stesky
   1 step
   1 statistical
   1 standards
   1 stabilized
   1 stabilize
   1 srul
   1 srl
   1 sri
   1 springs
   1 spans
   1 spanning
   1 space
   1 south
   1 solomon
   1 software
   1 smaller
   1 slow
   1 six
   1 siting
   1 single
   1 simulated
   1 significantly
   1 significant
   1 significance
   1 sides
   1 side
   1 shutter
   1 shi
   1 sharply
   1 shales
   1 shale
   1 seven
   1 seriously
   1 series
   1 sequences
   1 sequence
   1 separated
   1 select
   1 seismological
   1 seismol
   1 seismic
   1 seemingly
   1 sedimentary
   1 sec
   1 seals
   1 screw
   1 scotti
   1 sci
   1 scholz
   1 saturated
   1 rwpjt
   1 run
   1 rubbly
   1 rts
   1 rspringer
   1 rshamir
   1 rsh
   1 rrt
   1 rroo
   1 rpt
   1 roy
   1 rosamond
   1 rigidity
   1 ridges
   1 richardson
   1 richard
   1 rfl
   1 reydarfjordur
   1 reviews
   1 reviewed
   1 reverse
   1 revealing
   1 revealed
   1 response
   1 respect
   1 resources
   1 resolved
   1 residual
   1 research
   1 reproduction
   1 representative
   1 reply
   1 repeated
   1 repeatability
   1 repaired
   1 reopens
   1 relocation
   1 relief
   1 reliable
   1 regular
   1 regression
   1 regimes
   1 refraction
   1 reduction
   1 recorder
   1 record
   1 reconnaissance
   1 recently
   1 reasons
   1 reasonberg
   1 real
   1 reached
   1 rdoe
   1 rcdt
   1 rayleigh
   1 rapidly
   1 ranging
   1 randerson
   1 raised
   1 quoted
   1 quaternary
   1 quartzite
   1 quarries
   1 qualitative
   1 qouge
   1 pwave
   1 pumpingvtest
   1 publications
   1 proved
   1 propping
   1 proportional
   1 property
   1 propagate
   1 prominent
   1 prohibits
   1 production
   1 produced
   1 processing
   1 processes
   1 principle
   1 previous
   1 prevail
   1 presumably
   1 pressuri
   1 presenting
   1 premature
   1 predominantly
   1 predominance
   1 prediction
   1 predicted
   1 precambrian
   1 pratt
   1 positive
   1 porosity
   1 pmj
   1 plateau
   1 pkj
   1 pictures
   1 picked
   1 pick
   1 piceance
   1 physical
   1 pfo
   1 petrographic
   1 pertaining
   1 penetrate
   1 peak
   1 pasadena
   1 partially
   1 part
   1 park
   1 parameter
   1 palo
   1 page
   1 owing
   1 owfd
   1 overlying
   1 overlap
   1 outlined
   1 outcrops
   1 ottawa
   1 otherwise
   1 oscillations
   1 ormoj
   1 origins
   1 original
   1 origin
   1 optimally
   1 opposite
   1 opposed
   1 oppenheimer
   1 operation
   1 onto
   1 ontario
   1 omitted
   1 ohio
   1 ocr
   1 occurs
   1 occurring
   1 occupied
   1 obtaining
   1 obtain
   1 obscured
   1 nowever
   1 noting
   1 noted
   1 note
   1 notable
   1 norton
   1 north
   1 nordquist
   1 niels
   1 nfd
   1 nevertheless
   1 networks
   1 negligible
   1 neglects
   1 negative
   1 necessary
   1 nearest
   1 nature
   1 narrow
   1 mvo
   1 mpj
   1 mountains
   1 mountain
   1 motions
   1 morphology
   1 monograph
   1 modest
   1 modelling
   1 model
   1 mode
   1 modal
   1 mni
   1 mit
   1 minutes
   1 minor
   1 mining
   1 minimize
   1 mineralogical
   1 mineral
   1 mine
   1 min
   1 midway
   1 middlefield
   1 microcrack
   1 metallurgy
   1 mesozoic
   1 menlo
   1 mech
   1 measuring
   1 means
   1 mcnallv
   1 maximize
   1 material
   1 mastin
   1 marshak
   1 mapped
   1 manuscript
   1 mantle
   1 majority
   1 mainshock
   1 ludlum
   1 losses
   1 los
   1 london
   1 locations
   1 localized
   1 llth
   1 lithospheric
   1 liters
   1 listed
   1 linearly
   1 linear
   1 line
   1 limits
   1 limited
   1 like
   1 lies
   1 level
   1 lesser
   1 leonard
   1 laura
   1 latter
   1 lateral
   1 largest
   1 larger
   1 lake
   1 lack
   1 lacheribruch
   1 kuster
   1 king
   1 kilometers
   1 khz
   1 keys
   1 kco
   1 jtor
   1 jpechmann
   1 joseph
   1 joints
   1 jointed
   1 john
   1 joann
   1 jim
   1 january
   1 isolated
   1 isips
   1 irregularities
   1 investigators
   1 inverted
   1 inversion
   1 invariant
   1 intrusive
   1 introduce
   1 intervaldepth
   1 intersection
   1 international
   1 internal
   1 intermingled
   1 interestingly
   1 interest
   1 intense
   1 int
   1 instrumental
   1 inspection
   1 initiate
   1 inhomogeneities
   1 ingevald
   1 influx
   1 inflated
   1 indicator
   1 indeterminate
   1 incremental
   1 increasing
   1 incorporating
   1 incomplete
   1 including
   1 include
   1 incidentally
   1 inaicated
   1 inadvertently
   1 imposed
   1 imply
   1 implication
   1 impermeable
   1 immediate
   1 image
   1 illustrations
   1 illustrates
   1 illustrated
   1 illinois
   1 identified
   1 ideal
   1 hypothesis
   1 hydrofractaring
   1 hydro
   1 hyarofrac
   1 hundred
   1 huckaby
   1 hour
   1 homogeneous
   1 hills
   1 heterogeneity
   1 henyey
   1 hennagan
   1 henceforth
   1 helpful
   1 healed
   1 hardening
   1 hard
   1 hand
   1 hampshire
   1 halms
   1 hall
   1 half
   1 ground
   1 great
   1 gradual
   1 gouges
   1 gouge
   1 glenn
   1 geothermal
   1 geophysical
   1 geometries
   1 geomech
   1 geologic
   1 geohys
   1 geochemical
   1 garmany
   1 garlock
   1 gabriel
   1 fwhitcomb
   1 fwd
   1 fundamentals
   1 fundamental
   1 function
   1 fstock
   1 fstierman
   1 fstesky
   1 fross
   1 frequently
   1 frequencies
   1 free
   1 fpratt
   1 fpl
   1 fourth
   1 foundation
   1 found
   1 form
   1 forces
   1 fmorrow
   1 fmoos
   1 fluids
   1 flowbacks
   1 flaws
   1 flat
   1 flachenbruch
   1 flaccus
   1 fking
   1 five
   1 fit
   1 finding
   1 finally
   1 fiftn
   1 feature
   1 feasible
   1 fbredehoeft
   1 favor
   1 fad
   1 factors
   1 extruded
   1 extremely
   1 extrapolated
   1 extent
   1 extends
   1 extended
   1 explains
   1 explained
   1 experiments
   1 expanded
   1 existing
   1 exist
   1 exhibit
   1 excess
   1 exceeds
   1 exceed
   1 exact
   1 everywhere
   1 eventually
   1 evaluation
   1 estimation
   1 estimates
   1 established
   1 essential
   1 error
   1 equipment
   1 equating
   1 equated
   1 equally
   1 envelope
   1 entering
   1 enhanced
   1 engineering
   1 eng
   1 energy
   1 energetics
   1 encompasses
   1 employed
   1 elsewhere
   1 elongations
   1 elongated
   1 elastically
   1 efficiency
   1 effects
   1 editorial
   1 eaton
   1 eastern
   1 early
   1 earlier
   1 driving
   1 drive
   1 drift
   1 drawn
   1 dowrihole
   1 downrated
   1 doorstopper
   1 dominant
   1 domain
   1 division
   1 distinct
   1 distances
   1 displays
   1 displacements
   1 disparities
   1 dislocation
   1 discussing
   1 discrete
   1 discrepancy
   1 discovered
   1 discontinuities
   1 direct
   1 dips
   1 dip
   1 difficulty
   1 differs
   1 differing
   1 differential
   1 different
   1 differed
   1 diametrically
   1 devonian
   1 deviates
   1 developed
   1 determinations
   1 detail
   1 description
   1 described
   1 deriving
   1 departures
   1 denoted
   1 dennis
   1 denham
   1 definition
   1 decoupling
   1 december
   1 deceleration
   1 decay
   1 debate
   1 david
   1 dashed
   1 darlington
   1 cuttings
   1 curve
   1 curvatures
   1 crwt
   1 crustal
   1 crack
   1 cpd
   1 coverage
   1 coupled
   1 coseismic
   1 correspond
   1 corrections
   1 correcting
   1 corrected
   1 convincing
   1 contributing
   1 contrast
   1 contradicting
   1 continuous
   1 continue
   1 context
   1 conterminous
   1 contents
   1 constraints
   1 constraint
   1 constrained
   1 constrain
   1 considered
   1 considerably
   1 consider
   1 conformity
   1 conducting
   1 concur
   1 conclusions
   1 concluded
   1 concerning
   1 computed
   1 comprising
   1 compressive
   1 compressional
   1 composition
   1 compliant
   1 compass
   1 comparing
   1 compare
   1 communication
   1 comments
   1 comes
   1 com
   1 colorado
   1 colleen
   1 coincident
   1 cohesion
   1 coefficients
   1 coefficient
   1 closure
   1 closer
   1 clockwise
   1 cleveland
   1 clear
   1 claim
   1 claifornia
   1 circumferential
   1 circular
   1 circled
   1 choice
   1 chemical
   1 checks
   1 checked
   1 characteristics
   1 chapman
   1 changing
   1 change
   1 certainly
   1 cenozoic
   1 cemented
   1 cdd
   1 causal
   1 castillo
   1 case
   1 carlsson
   1 cambridge
   1 caliper
   1 califonia
   1 caldwell
   1 cable
   1 bverlee
   1 buried
   1 bull
   1 bulk
   1 buildup
   1 briefly
   1 brennon
   1 bredehoeft
   1 brechtel
   1 bound
   1 bore
   1 bodega
   1 block
   1 bisecting
   1 better
   1 believe
   1 bedding
   1 baumgartner
   1 basin
   1 basement
   1 based
   1 barstow
   1 back
   1 axial
   1 averaged
   1 available
   1 attempt
   1 attained
   1 astr
   1 assume
   1 assistance
   1 asperities
   1 aspects
   1 aseismic
   1 art
   1 around
   1 arguments
   1 argues
   1 appropriate
   1 approaches
   1 appreciable
   1 appear
   1 appalachian
   1 another
   1 anomaly
   1 anomalous
   1 angle
   1 angeles
   1 analyze
   1 analyses
   1 amplitude
   1 among
   1 amoco
   1 amenable
   1 alto
   1 alteration
   1 almost
   1 alluvium
   1 alheid
   1 airhammer
   1 air
   1 aftershocks
   1 aepth
   1 addition
   1 adding
   1 added
   1 across
   1 aco
   1 accurate
   1 according
   1 accordance
   1 accept
   1 abraded
   1 able
