 122 fault
  92 stress
  92 rate
  92 contact
  84 shear
  67 friction
  67 area
  66 figure
  64 frictional
  63 deformation
  62 temperature
  60 strain
  56 shearing
  55 data
  49 normal
  46 zone
  45 creep
  44 displacement
  42 surfaces
  38 dieterich
  36 sliding
  34 surface
  34 resistance
  34 increase
  34 function
  34 dependence
  32 time
  32 rocks
  31 real
  30 polochic
  30 equation
  29 zones
  27 log
  27 kragelskii
  27 behavior
  26 relaxation
  26 observed
  26 logan
  26 effect
  26 contacts
  25 studies
  24 within
  24 sensitivity
  24 sandstone
  23 may
  23 along
  22 gouge
  22 constant
  21 strength
  21 relation
  21 material
  20 two
  20 model
  20 limestone
  20 experiments
  20 experimental
  20 coefficient
  20 asperity
  19 therefore
  19 temperatures
  19 guatemala
  19 field
  19 effects
  19 discrete
  19 characteristic
  18 properties
  18 mechanical
  18 inverse
  18 independent
  17 pressure
  17 maximum
  16 trace
  16 report
  16 quartz
  16 positive
  16 form
  15 velocity
  15 study
  15 results
  15 response
  15 part
  15 negative
  15 linear
  15 laboratory
  15 changes
  15 also
  14 rock
  14 note
  14 general
  14 faults
  14 condition
  13 theory
  13 structure
  13 represent
  13 press
  13 observations
  13 increasing
  13 important
  13 asperities
  13 although
  13 across
  12 static
  12 state
  12 slip
  12 rates
  12 processes
  12 present
  12 net
  12 materials
  12 junctions
  12 johnson
  12 however
  12 high
  12 expected
  12 earlier
  12 constitutive
  12 analysis
  11 thus
  11 teufel
  11 tennessee
  11 system
  11 suggest
  11 strike
  11 small
  11 san
  11 necessary
  11 must
  11 large
  11 higher
  11 greater
  11 friedman
  11 clearly
  10 yet
  10 would
  10 used
  10 upon
  10 tests
  10 since
  10 shown
  10 rabinowicz
  10 others
  10 nominal
  10 made
  10 interaction
  10 increases
  10 history
  10 geophys
  10 fractional
  10 flow
  10 features
  10 evidence
  10 discussed
  10 conditions
  10 characteristics
  10 burkart
  10 average
  10 associated
  10 approximately
   9 value
   9 terms
   9 stesky
   9 see
   9 rheology
   9 plotted
   9 parameter
   9 one
   9 north
   9 natural
   9 load
   9 internal
   9 hence
   9 granite
   9 fracture
   9 earthquake
   9 distribution
   9 different
   9 depends
   9 deformed
   9 correlation
   9 constants
   9 anderson
   8 work
   8 well
   8 variation
   8 values
   8 unstable
   8 sufficient
   8 soc
   8 sibson
   8 section
   8 room
   8 relative
   8 process
   8 points
   8 plot
   8 nature
   8 higgs
   8 ground
   8 geology
   8 force
   8 fit
   8 environment
   8 curve
   8 commonly
   8 assumed
   8 addition
   7 versus
   7 variations
   7 using
   7 union
   7 ultrafine
   7 transient
   7 trans
   7 theoretical
   7 tabor
   7 suggests
   7 solids
   7 similar
   7 show
   7 rough
   7 rheological
   7 respectively
   7 respect
   7 represents
   7 range
   7 quadrangle
   7 proportional
   7 plunge
   7 order
   7 occurs
   7 obtained
   7 nonlinear
   7 mylonites
   7 mpa
   7 might
   7 measured
   7 loading
   7 input
   7 imposed
   7 huehuetenango
   7 formation
   7 following
   7 explanation
   7 equations
   7 elastic
   7 duration
   7 dotted
   7 discussion
   7 development
   7 determined
   7 depth
   7 dengo
   7 decrease
   7 confining
   7 concerning
   7 breccias
   7 bowden
   7 boundary
   7 blount
   7 basis
   7 approach
   7 activity
   6 western
   6 water
   6 variables
   6 total
   6 three
   6 test
   6 tectonophysics
   6 structural
   6 specific
   6 southern
   6 simulated
   6 showing
   6 shimamoto
   6 several
   6 rutter
   6 reported
   6 proposed
   6 primarily
   6 previously
   6 preliminary
   6 pore
   6 polished
   6 parameters
   6 observation
   6 number
   6 metals
   6 major
   6 lower
   6 low
   6 lead
   6 individual
   6 indicated
   6 gneiss
   6 geometry
   6 geol
   6 functional
   6 follows
   6 faulting
   6 eos
   6 dry
   6 developed
   6 dependencies
   6 depend
   6 demonstrated
   6 crystalline
   6 common
   6 characterized
   6 calcite
   6 bearing
   6 apparent
   6 andreas
   6 active
   5 varies
   5 usually
   5 usgs
   5 unit
   5 textural
   5 texas
   5 stresses
   5 steady
   5 seismic
   5 sebastian
   5 scale
   5 rubber
   5 reports
   5 relatively
   5 provide
   5 previous
   5 power
   5 possibility
   5 porous
   5 point
   5 physical
   5 occurrence
   5 new
   5 movements
   5 microstructure
   5 microbreccias
   5 mechanisms
   5 mechanism
   5 mainprice
   5 magnitude
   5 laws
   5 law
   5 later
   5 investigations
   5 indicate
   5 implications
   5 horizontal
   5 homogeneous
   5 highly
   5 heterogeneous
   5 heights
   5 gradient
   5 given
   5 geometrical
   5 first
   5 figures
   5 fabric
   5 earthquakes
   5 dissertation
   5 discuss
   5 direction
   5 dip
   5 described
   5 defined
   5 corresponding
   5 controlled
   5 contacting
   5 considerable
   5 conglomerate
   5 chiantla
   5 calculated
   5 bulk
   5 breccia
   5 basement
   5 assuming
   5 aspects
   5 appears
   5 amount
   5 adhesion
   5 according
   5 abstract
   4 works
   4 wide
   4 wet
   4 westerly
   4 vinci
   4 vertical
   4 upper
   4 times
   4 term
   4 tectonic
   4 stable
   4 size
   4 serpentinite
   4 seismicity
   4 segment
   4 samples
   4 roy
   4 roughness
   4 ritchie
   4 res
   4 relations
   4 reduction
   4 rather
   4 probably
   4 presented
   4 precisely
   4 possible
   4 population
   4 phenomena
   4 paterson
   4 paradoxical
   4 paper
   4 open
   4 often
   4 northern
   4 muehlberger
   4 movement
   4 motagua
   4 molecular
   4 models
   4 microbreccia
   4 mexico
   4 meters
   4 many
   4 magnitudes
   4 line
   4 leads
   4 larger
   4 jocotan
   4 isothermal
   4 instantaneous
   4 inelastic
   4 indicating
   4 increased
   4 include
   4 grain
   4 geometric
   4 geologic
   4 generation
   4 foliation
   4 findley
   4 final
   4 faulted
   4 fact
   4 exponent
   4 explains
   4 explain
   4 exists
   4 exhibit
   4 example
   4 equal
   4 empirical
   4 effort
   4 due
   4 dolomite
   4 directly
   4 developing
   4 determine
   4 derived
   4 depending
   4 decreasing
   4 decreases
   4 current
   4 crustal
   4 contract
   4 context
   4 contains
   4 conf
   4 concepts
   4 component
   4 complex
   4 completely
   4 change
   4 central
   4 caused
   4 cataclastic
   4 case
   4 beds
   4 based
   4 arrhenius
   4 arises
   4 appropriate
   4 applied
   4 anomalous
   4 america
   4 additional
   3 york
   3 width
   3 wear
   3 verified
   3 veins
   3 various
   3 validity
   3 use
   3 undetermined
   3 understanding
   3 undergone
   3 turn
   3 treated
   3 transition
   3 text
   3 terrace
   3 technique
   3 table
   3 support
   3 superposition
   3 summary
   3 sum
   3 suggested
   3 structures
   3 strong
   3 strikes
   3 still
   3 stiffness
   3 states
   3 stated
   3 standpoint
   3 specified
   3 smooth
   3 slope
   3 slightly
   3 similarly
   3 showed
   3 short
   3 shape
   3 separates
   3 sensitive
   3 sense
   3 seen
   3 schwartz
   3 schist
   3 schematic
   3 schapery
   3 river
   3 result
   3 reproducibility
   3 represented
   3 representations
   3 reloading
   3 relaxations
   3 relationship
   3 regime
   3 record
   3 recognized
   3 recent
   3 reaction
   3 ranges
   3 quaternary
   3 qualitatively
   3 qualitative
   3 provides
   3 proportionality
   3 property
   3 progress
   3 proc
   3 problems
   3 predicts
   3 precludes
   3 possibly
   3 portions
   3 portion
   3 plate
   3 pebble
   3 pasty
   3 parallels
   3 parallel
   3 original
   3 offset
   3 occurring
   3 occur
   3 obtain
   3 normally
   3 mylonite
   3 monzonite
   3 modified
   3 mobility
   3 minimizing
   3 minimizes
   3 middle
   3 metamorphic
   3 met
   3 mechanics
   3 map
   3 maccurdy
   3 london
   3 likely
   3 leonardo
   3 latter
   3 laramide
   3 lai
   3 lack
   3 jour
   3 involving
   3 investigation
   3 integral
   3 instead
   3 indicative
   3 indicates
   3 imply
   3 iii
   3 historical
   3 higgins
   3 harlow
   3 handy
   3 guatemalan
   3 groups
   3 gneisses
   3 geophy
   3 geological
   3 fold
   3 file
   3 february
   3 factor
   3 facies
   3 fabrics
   3 external
   3 expressed
   3 events
   3 enough
   3 either
   3 drennon
   3 done
   3 dominates
   3 diorite
   3 difficult
   3 differ
   3 describing
   3 deposits
   3 dashed
   3 curves
   3 crowell
   3 critical
   3 coulomb
   3 correspond
   3 conversely
   3 consistent
   3 conclusions
   3 concluded
   3 composite
   3 compared
   3 comparable
   3 chiapas
   3 chavez
   3 certain
   3 cataclasites
   3 caribbean
   3 carbonate
   3 broad
   3 brittle
   3 brace
   3 bonis
   3 best
   3 becomes
   3 basins
   3 axial
   3 attempt
   3 assumption
   3 areas
   3 application
   3 american
   3 aguacatan
   3 age
   3 adhesive
   3 actual
   3 activation
   2 young
   2 workers
   2 wish
   2 west
   2 wesson
   2 weight
   2 weertman
   2 weaker
   2 weakening
   2 volume
   2 viscoelasticity
   2 viscoelastic
   2 viii
   2 variety
   2 valley
   2 useful
   2 uplift
   2 unstably
   2 unlubricated
   2 unless
   2 uniform
   2 understand
   2 undergoes
   2 undeformed
   2 typically
   2 typical
   2 types
   2 tuff
   2 triaxial
   2 trending
   2 transformed
   2 towards
   2 toward
   2 together
   2 tire
   2 timedependent
   2 thermodye
   2 textured
   2 texture
   2 texturally
   2 testing
   2 tend
   2 tectonics
   2 tchalenko
   2 tangential
   2 tactic
   2 systems
   2 syncline
   2 symbols
   2 survey
   2 supported
   2 suitable
   2 suggesting
   2 substrate
   2 subsequently
   2 subsequent
   2 subject
   2 studied
   2 stuart
   2 structureless
   2 strongly
   2 striking
   2 stretched
   2 strengths
   2 strains
   2 straighter
   2 straight
   2 stocker
   2 stick
   2 step
   2 station
   2 stanford
   2 spence
   2 speed
   2 south
   2 somewhat
   2 solid
   2 slow
   2 slight
   2 site
   2 simply
   2 siltstone
   2 significantly
   2 significant
   2 sides
   2 shows
   2 shifting
   2 shi
   2 shears
   2 sheared
   2 sharp
   2 shallow
   2 shale
   2 seismogenic
   2 segments
   2 sediments
   2 sedimentary
   2 sections
   2 secondly
   2 secondary
   2 second
   2 sci
   2 sample
   2 rule
   2 royale
   2 rod
   2 rise
   2 rigert
   2 riedel
   2 rheologic
   2 review
   2 reverse
   2 rev
   2 restraining
   2 required
   2 reproduced
   2 representing
   2 representation
   2 replotted
   2 relaxed
   2 relating
   2 related
   2 regions
   2 region
   2 regarded
   2 references
   2 refer
   2 reciprocal
   2 recently
   2 reasoning
   2 reason
   2 realized
   2 readjustment
   2 readily
   2 reached
   2 raw
   2 rat
   2 rapid
   2 ranging
   2 raleigh
   2 quadrangles
   2 quad
   2 qal
   2 purposes
   2 proper
   2 produce
   2 proceedings
   2 problem
   2 prior
   2 principle
   2 preface
   2 precursive
   2 practice
   2 postulated
   2 possess
   2 porosity
   2 planes
   2 plafker
   2 pivot
   2 physique
   2 photographs
   2 petrographic
   2 pertinent
   2 personal
   2 person
   2 permeability
   2 period
   2 penetrative
   2 patterns
   2 parts
   2 particularly
   2 particular
   2 partial
   2 oxford
   2 overturned
   2 ordered
   2 operative
   2 ooo
   2 occurred
   2 obviously
   2 objective
   2 numerous
   2 notebooks
   2 norm
   2 next
   2 needed
   2 mutual
   2 multiple
   2 much
   2 mon
   2 minimization
   2 microstructural
   2 method
   2 metaigneous
   2 mesoscopically
   2 ment
   2 mech
   2 measurement
   2 means
   2 maximizes
   2 mathematique
   2 mapped
   2 manifest
   2 machines
   2 lym
   2 lubrication
   2 longer
   2 long
   2 logarithm
   2 located
   2 loaded
   2 lines
   2 lineation
   2 light
   2 level
   2 length
   2 lee
   2 least
   2 lattice
   2 late
   2 lake
   2 laboratories
   2 kupfer
   2 kimball
   2 key
   2 kesler
   2 jonathan
   2 iterative
   2 involve
   2 inversely
   2 introduction
   2 intrinsic
   2 intracrystalline
   2 interpret
   2 interesting
   2 instrumental
   2 instability
   2 initial
   2 inhibit
   2 influenced
   2 induced
   2 independence
   2 increments
   2 incorporates
   2 incorporated
   2 incorporate
   2 identical
   2 idea
   2 hunter
   2 herein
   2 height
   2 heating
   2 hart
   2 hardening
   2 handin
   2 granodiorite
   2 good
   2 godoy
   2 gnh
   2 glasstone
   2 glass
   2 generally
   2 generalization
   2 fundamental
   2 freestone
   2 fractured
   2 former
   2 forces
   2 follow
   2 fits
   2 films
   2 faster
   2 familiar
   2 failure
   2 exposed
   2 expect
   2 exist
   2 exhibits
   2 except
   2 exceeds
   2 exceed
   2 examination
   2 established
   2 establish
   2 essentially
   2 espinosa
   2 environments
   2 energetically
   2 encouraging
   2 encountered
   2 emphasis
   2 effective
   2 east
   2 easily
   2 ductile
   2 dual
   2 dots
   2 dorn
   2 dokos
   2 distributed
   2 distinctive
   2 distinct
   2 display
   2 displacements
   2 dislocation
   2 directed
   2 dips
   2 dilatancy
   2 differs
   2 differences
   2 diagnostic
   2 determination
   2 details
   2 detailed
   2 description
   2 des
   2 depths
   2 depositional
   2 deformations
   2 deform
   2 decay
   2 cylindrical
   2 crit
   2 covered
   2 could
   2 correlated
   2 correct
   2 coordinates
   2 contributions
   2 contrary
   2 conti
   2 considerably
   2 consider
   2 consequently
   2 conclusion
   2 concerned
   2 concealed
   2 components
   2 complexities
   2 comparison
   2 communication
   2 collins
   2 college
   2 collected
   2 closely
   2 clemmons
   2 clear
   2 classification
   2 clarendon
   2 cited
   2 chochal
   2 ceramics
   2 cenozoic
   2 causes
   2 cause
   2 cataclasite
   2 carried
   2 cape
   2 bonds
   2 bohnenberger
   2 biotite
   2 better
   2 bend
   2 belt
   2 begins
   2 beginning
   2 bedrock
   2 bearings
   2 baton
   2 basic
   2 band
   2 bakun
   2 axis
   2 austin
   2 augen
   2 astro
   2 assumptions
   2 assume
   2 aspect
   2 ashby
   2 arrows
   2 arising
   2 approximate
   2 apparently
   2 anticline
   2 analytical
   2 amontons
   2 always
   2 adopted
   2 action
   2 accounted
   2 abbott
   1 write
   1 worthy
   1 worthwhile
   1 worth
   1 words
   1 without
   1 widest
   1 widely
   1 whose
   1 whole
   1 whether
   1 wherein
   1 whereas
   1 wheel
   1 weathered
   1 weak
   1 wave
   1 washington
   1 warrant
   1 volcanic
   1 visible
   1 viscous
   1 view
   1 vicinity
   1 versatile
   1 verapaz
   1 vely
   1 velocities
   1 vary
   1 variable
   1 valleys
   1 vab
   1 usual
   1 uspantan
   1 uplifted
   1 uoo
   1 unrelated
   1 unreasonable
   1 unpopulated
   1 unlikely
   1 unknown
   1 university
   1 univ
   1 unity
   1 units
   1 unfaulted
   1 undulating
   1 underwent
   1 understood
   1 undergoing
   1 undergo
   1 uncertainty
   1 ulud
   1 ultimately
   1 uahj
   1 type
   1 ture
   1 tulian
   1 tsoz
   1 truetural
   1 trto
   1 trough
   1 trot
   1 trends
   1 translated
   1 transients
   1 transform
   1 trade
   1 traces
   1 topography
   1 topographic
   1 toit
   1 today
   1 timedependence
   1 till
   1 ties
   1 thrust
   1 thought
   1 though
   1 thin
   1 thick
   1 thesis
   1 theories
   1 theorie
   1 theoretically
   1 tentative
   1 tens
   1 tending
   1 tekh
   1 tect
   1 taken
   1 taining
   1 tacitly
   1 systematically
   1 systematic
   1 symposium
   1 suspects
   1 surv
   1 surprisingly
   1 supportive
   1 summarizing
   1 summarized
   1 sulla
   1 suggestion
   1 success
   1 substructure
   1 substantiated
   1 substantiate
   1 subscripts
   1 submitted
   1 subdivided
   1 studying
   1 stronger
   1 striations
   1 strengthening
   1 strengthened
   1 stream
   1 stratigraphy
   1 stratigraphic
   1 strained
   1 stimulated
   1 stickslip
   1 stevens
   1 steps
   1 stems
   1 steel
   1 stationary
   1 stating
   1 standpoints
   1 standards
   1 sssr
   1 springs
   1 spectrum
   1 specimen
   1 specifying
   1 spec
   1 span
   1 space
   1 source
   1 somehwat
   1 solves
   1 solution
   1 society
   1 smaller
   1 slumps
   1 slivers
   1 slickensides
   1 skylab
   1 sinusoidal
   1 single
   1 simples
   1 similarities
   1 sills
   1 silicates
   1 siesmicity
   1 siding
   1 shortening
   1 shift
   1 sheet
   1 severely
   1 setting
   1 series
   1 sericitized
   1 separately
   1 separated
   1 self
   1 seismically
   1 seems
   1 seem
   1 sedimentation
   1 sea
   1 scientist
   1 scientific
   1 sciences
   1 science
   1 schemes
   1 schematically
   1 scattered
   1 scatter
   1 scarp
   1 scaling
   1 sawcut
   1 satisfies
   1 satisfactory
   1 santos
   1 sag
   1 rzpr
   1 roughly
   1 roughe
   1 rouge
   1 rot
   1 role
   1 rods
   1 robin
   1 riot
   1 riley
   1 ridgehill
   1 revolved
   1 reviewed
   1 reveal
   1 returns
   1 returning
   1 resuming
   1 resulting
   1 rests
   1 restrict
   1 responsible
   1 resistenra
   1 resemble
   1 research
   1 republished
   1 republica
   1 representative
   1 replacing
   1 replaced
   1 removed
   1 removal
   1 remarkable
   1 remains
   1 remained
   1 remain
   1 reliable
   1 relationships
   1 regressions
   1 regional
   1 reflect
   1 refinements
   1 refine
   1 refers
   1 reduces
   1 reduced
   1 rediscovered
   1 redbeds
   1 recovery
   1 records
   1 recorded
   1 reconstruction
   1 reconstructed
   1 reconnaissance
   1 reconcile
   1 recognizing
   1 recognition
   1 recalling
   1 recalled
   1 reasons
   1 reasonably
   1 rearranging
   1 rearrangement
   1 really
   1 realize
   1 realization
   1 reality
   1 realistic
   1 ratios
   1 rationalized
   1 ratio
   1 randomly
   1 random
   1 ramifications
   1 question
   1 quartzite
   1 quantity
   1 quality
   1 quadrangels
   1 qall
   1 purpose
   1 pumice
   1 pulses
   1 published
   1 publ
   1 pub
   1 pseudotachylyte
   1 pseudotachyllte
   1 pseudotachylite
   1 providing
   1 provided
   1 prove
   1 pronounced
   1 project
   1 progressively
   1 progresses
   1 program
   1 product
   1 produces
   1 proceeding
   1 proceed
   1 prob
   1 principles
   1 prime
   1 primary
   1 presumably
   1 pressures
   1 presently
   1 prepared
   1 premonitory
   1 prefaulted
   1 predominant
   1 prediction
   1 predicting
   1 predict
   1 precursory
   1 precluded
   1 preclude
   1 precise
   1 powder
   1 potential
   1 postulating
   1 postulate
   1 possessing
   1 position
   1 porphyroclasts
   1 poor
   1 ponds
   1 polycrystalline
   1 pointed
   1 plots
   1 play
   1 plates
   1 plastics
   1 plastic
   1 plane
   1 places
   1 placement
   1 pieces
   1 picture
   1 phys
   1 photography
   1 photograph
   1 phil
   1 phase
   1 petroleum
   1 petrofabric
   1 pet
   1 permit
   1 periodic
   1 perhaps
   1 pectl
   1 pect
   1 pebbles
   1 pdi
   1 pattern
   1 passing
   1 passes
   1 partitioned
   1 paris
   1 paradox
   1 palochic
   1 paleozoic
   1 paleo
   1 pages
   1 page
   1 owing
   1 oversimplified
   1 overrode
   1 overlying
   1 overall
   1 outside
   1 outset
   1 outlining
   1 outlines
   1 outlined
   1 ouj
   1 ort
   1 orogenic
   1 origins
   1 orientation
   1 orders
   1 orbital
   1 optical
   1 opinions
   1 onset
   1 ongoing
   1 onaran
   1 older
   1 oil
   1 ohio
   1 offsets
   1 offer
   1 october
   1 occurrences
   1 observe
   1 observational
   1 oall
   1 nur
   1 nuclear
   1 notion
   1 noting
   1 noticed
   1 notes
   1 noted
   1 notation
   1 northwest
   1 northward
   1 normalizing
   1 nonpaired
   1 nomenclature
   1 nodiorite
   1 nevertheless
   1 neither
   1 negligibly
   1 necessitates
   1 necessarily
   1 nauk
   1 naturally
   1 narrower
   1 narrow
   1 names
   1 nac
   1 mzz
   1 mpo
   1 moving
   1 motion
   1 morrow
   1 moreover
   1 mono
   1 monitoring
   1 mohr
   1 modern
   1 modelling
   1 modeling
   1 mode
   1 miocene
   1 minute
   1 minor
   1 minimum
   1 minimal
   1 minerals
   1 mineral
   1 min
   1 microscopy
   1 microscopic
   1 micros
   1 microfractures
   1 meter
   1 metamorphism
   1 metall
   1 metal
   1 mesozoic
   1 mentle
   1 memoires
   1 memoire
   1 member
   1 melting
   1 mean
   1 mcgraw
   1 matter
   1 mate
   1 matches
   1 master
   1 masking
   1 marked
   1 maps
   1 mapa
   1 manifestation
   1 making
   1 mainly
   1 main
   1 machine
   1 mab
   1 louisiana
   1 loompa
   1 lonis
   1 logically
   1 logarithmic
   1 locate
   1 lithologies
   1 lithologic
   1 lithoclastic
   1 lithified
   1 literature
   1 linearity
   1 lincei
   1 limited
   1 limitations
   1 like
   1 lightly
   1 lies
   1 lib
   1 less
   1 les
   1 lengths
   1 leftlateral
   1 led
   1 layers
   1 layer
   1 lastly
   1 lapped
   1 landslides
   1 laidler
   1 lahar
   1 labelled
   1 kovach
   1 known
   1 kms
   1 kins
   1 kinetic
   1 kinematics
   1 kin
   1 kernal
   1 keeping
   1 kbar
   1 juxtaposed
   1 justified
   1 justification
   1 jurassi
   1 jts
   1 jsrhile
   1 josey
   1 joints
   1 joins
   1 jcq
   1 jagged
   1 jacotan
   1 jab
   1 izd
   1 ixcoy
   1 italian
   1 investigators
   1 investigated
   1 investigate
   1 intrusive
   1 intrusion
   1 intimate
   1 intervals
   1 interval
   1 interpreted
   1 interpretation
   1 interpenetration
   1 intermediate
   1 interfingered
   1 intercrystalline
   1 interbedded
   1 interactions
   1 interacting
   1 intense
   1 integration
   1 integrating
   1 integrated
   1 integrals
   1 intact
   1 int
   1 insufficient
   1 instrumentation
   1 instant
   1 instance
   1 instabilities
   1 inst
   1 insignificant
   1 insights
   1 insight
   1 insensitivity
   1 insensitive
   1 inhomogeneities
   1 influencing
   1 influence
   1 infilling
   1 infer
   1 indirectly
   1 indicators
   1 increment
   1 incorrect
   1 incomplete
   1 inclusion
   1 including
   1 inadequate
   1 improper
   1 impracticable
   1 importance
   1 immediately
   1 illustrates
   1 illustrated
   1 ill
   1 iin
   1 igneous
   1 humidity
   1 huehnetenango
   1 hornblends
   1 hornblendebiotite
   1 hornblende
   1 homogenization
   1 homogeneously
   1 histoire
   1 hill
   1 heterogeneity
   1 help
   1 heavily
   1 heading
   1 hco
   1 hazards
   1 hardness
   1 harder
   1 hand
   1 growth
   1 grouping
   1 group
   1 groundmass
   1 grooves
   1 grit
   1 graph
   1 grant
   1 grade
   1 gradational
   1 graben
   1 govern
   1 gouges
   1 gnmi
   1 gnfs
   1 gneissic
   1 gnbam
   1 global
   1 give
   1 get
   1 geothermal
   1 geophysical
   1 geoph
   1 geomorphological
   1 geomorphic
   1 geologico
   1 geografico
   1 geodeditic
   1 generated
   1 generalizations
   1 generalities
   1 gangi
   1 gains
   1 gabbro
   1 future
   1 furthermore
   1 fully
   1 fti
   1 frictionvelocity
   1 frictiontemperature
   1 friable
   1 frequency
   1 fraction
   1 fourth
   1 fourier
   1 four
   1 found
   1 fossiliferous
   1 forthcoming
   1 formulating
   1 forms
   1 forming
   1 foraminiferal
   1 fluxion
   1 floodplain
   1 flank
   1 fitting
   1 firstly
   1 finite
   1 finest
   1 finds
   1 finally
   1 filled
   1 fii
   1 figurelzbas
   1 feldspathic
   1 fedx
   1 feasible
   1 favors
   1 favored
   1 favorable
   1 fast
   1 fashion
   1 far
   1 fall
   1 eyring
   1 extreme
   1 extrapolation
   1 extrapolating
   1 extrapolated
   1 extension
   1 extends
   1 extending
   1 expressing
   1 exposures
   1 exposure
   1 explaining
   1 explained
   1 experiment
   1 experience
   1 existence
   1 excluding
   1 excluded
   1 exception
   1 excellent
   1 exceeded
   1 exact
   1 event
   1 even
   1 evaluation
   1 equivalently
   1 equivalent
   1 equals
   1 envelop
   1 enhance
   1 engng
   1 english
   1 engineer
   1 energy
   1 energies
   1 endorsement
   1 encompass
   1 empirically
   1 emphasized
   1 elsevier
   1 elongation
   1 elongated
   1 ellsworth
   1 eliminate
   1 elevated
   1 elastics
   1 elapsed
   1 eij
   1 efforts
   1 efficacy
   1 edward
   1 editors
   1 editorial
   1 econ
   1 eastwest
   1 eastward
   1 eastern
   1 easiest
   1 earth
   1 early
   1 ear
   1 dvipfrrit
   1 ductility
   1 driving
   1 draw
   1 doubt
   1 doubled
   1 double
   1 donnelly
   1 dominate
   1 dominantly
   1 dominant
   1 domal
   1 documented
   1 document
   1 division
   1 dividing
   1 divergence
   1 distinguished
   1 distance
   1 displays
   1 displaced
   1 displace
   1 directions
   1 direct
   1 dimensions
   1 dimension
   1 differential
   1 die
   1 diagram
   1 deviatoric
   1 deviations
   1 deviation
   1 develops
   1 developments
   1 detroit
   1 determining
   1 determines
   1 detail
   1 designing
   1 descriptive
   1 descriptions
   1 describes
   1 deriving
   1 derive
   1 derivatives
   1 derivative
   1 derivation
   1 dependent
   1 dependant
   1 denotes
   1 demonstrating
   1 demonstrates
   1 demonstrate
   1 delayed
   1 deforms
   1 definitions
   1 define
   1 deeper
   1 decoupled
   1 davies
   1 dating
   1 damage
   1 curving
   1 currently
   1 cuchumatanes
   1 ctt
   1 ctm
   1 crystallographic
   1 crystal
   1 crosssection
   1 crossing
   1 crosses
   1 cross
   1 criteria
   1 crinkle
   1 cretaceous
   1 creeping
   1 coyote
   1 course
   1 corresponds
   1 correctly
   1 corn
   1 core
   1 converting
   1 convenience
   1 contructed
   1 controversies
   1 controller
   1 contributing
   1 contrasts
   1 contrast
   1 continuum
   1 continued
   1 continue
   1 continual
   1 contingent
   1 contents
   1 contention
   1 constructed
   1 constraints
   1 constitution
   1 constitute
   1 constantly
   1 consistently
   1 consistency
   1 consist
   1 considered
   1 considerations
   1 consideration
   1 consequence
   1 connects
   1 congressional
   1 conglomerates
   1 conformity
   1 confined
   1 conducted
   1 concludes
   1 conceptual
   1 concentration
   1 concentrated
   1 comprise
   1 compression
   1 complicates
   1 completeness
   1 completed
   1 competition
   1 competing
   1 competent
   1 compelling
   1 compatible
   1 compacted
   1 combined
   1 collecting
   1 coincident
   1 cohesive
   1 cohesion
   1 coherent
   1 coefficients
   1 cnbam
   1 cluff
   1 climb
   1 cleveland
   1 cleavage
   1 clay
   1 classify
   1 clarify
   1 circumstances
   1 chose
   1 choosing
   1 chlorite
   1 chiquimula
   1 chicol
   1 chemical
   1 characterize
   1 channel
   1 changing
   1 cfr
   1 cesses
   1 century
   1 center
   1 cayman
   1 causing
   1 catalcastic
   1 catalcasite
   1 cases
   1 carbonates
   1 capable
   1 california
   1 calcareous
   1 byerlee
   1 butterworths
   1 burford
   1 brought
   1 broader
   1 briefly
   1 break
   1 breadths
   1 braided
   1 brackets
   1 bound
   1 bondings
   1 bond
   1 boi
   1 body
   1 bni
   1 blocks
   1 block
   1 beyond
   1 bentonite
   1 bends
   1 belonging
   1 begin
   1 began
   1 bedding
   1 becoming
   1 basically
   1 basalt
   1 bar
   1 balances
   1 avenues
   1 avec
   1 available
   1 authors
   1 aun
   1 august
   1 attrito
   1 attributes
   1 attribute
   1 attraction
   1 atti
   1 attempts
   1 atomic
   1 atkinson
   1 asymptotic
   1 assumes
   1 association
   1 assoc
   1 assigned
   1 assembly
   1 ash
   1 arrow
   1 around
   1 arise
   1 arguments
   1 argument
   1 argues
   1 arbitrary
   1 approxi
   1 approaches
   1 applicable
   1 applicability
   1 appl
   1 appearance
   1 appear
   1 apparatus
   1 anu
   1 another
   1 angle
   1 ancient
   1 ancestral
   1 analyses
   1 analysed
   1 analogous
   1 amsterdam
   1 amphibolite
   1 among
   1 ambient
   1 altos
   1 alternative
   1 alta
   1 already
   1 alpine
   1 alone
   1 almost
   1 alluvium
   1 alluded
   1 akad
   1 aid
   1 agrees
   1 aggregates
   1 aft
   1 affect
   1 aerial
   1 adsorbed
   1 adjacent
   1 adequate
   1 addresses
   1 address
   1 actively
   1 achieve
   1 accounts
   1 account
   1 accordance
   1 accompanying
   1 accompanied
   1 accelerating
   1 acad
   1 absence
   1 abrupt
   1 abrasive
   1 aaoijn
