 146 fault
 138 data
 126 faults
 121 stress
 115 flat
 111 crater
 108 basin
  88 caldera
  83 fig
  82 mountain
  81 minor
  70 beatty
  67 east
  66 site
  66 mtn
  63 domain
  62 scott
  61 slip
  60 quad
  59 tuff
  53 rocks
  52 map
  50 study
  50 northern
  49 canyon
  49 area
  47 others
  46 part
  45 paleostress
  44 yucca
  39 younger
  39 rotation
  39 directions
  38 sites
  38 orientations
  37 tuffs
  36 nevada
  36 miocene
  34 fridrich
  33 plots
  33 paleomagnetic
  33 measured
  33 faulting
  32 clockwise
  31 slks
  31 event
  30 timber
  30 see
  30 appendix
  29 domains
  29 along
  28 older
  28 dextral
  28 claim
  27 rotations
  26 zone
  26 tram
  26 structural
  25 ridge
  25 rainier
  25 mesa
  25 hudson
  25 block
  25 associated
  24 regional
  24 normal
  24 group
  23 walker
  23 tectonic
  23 southwest
  23 north
  23 lane
  23 geologic
  23 also
  22 wall
  22 values
  22 margin
  22 indicate
  21 unit
  21 rose
  21 press
  21 mapped
  21 late
  21 figure
  21 feox
  20 volcanic
  20 tensors
  20 table
  20 solutions
  20 shear
  20 geological
  20 belt
  20 axes
  19 tensor
  19 relative
  19 paintbrush
  19 measurements
  19 footwall
  19 extension
  19 complex
  18 trajectories
  18 range
  18 field
  18 extensional
  18 episode
  18 direction
  17 within
  17 southern
  17 regime
  17 flt
  17 bedding
  16 tanks
  16 showing
  16 sense
  16 oblique
  16 near
  16 lavas
  16 deposits
  16 analysis
  16 ammonia
  16 across
  15 results
  15 declination
  15 corner
  14 west
  14 striae
  14 stereographic
  14 sedimentary
  14 rotated
  14 present
  14 ooslks
  14 edge
  14 computed
  14 compatible
  14 blocks
  13 zoback
  13 two
  13 tmr
  13 studies
  13 respectively
  13 oofeox
  13 measurement
  13 major
  13 indicated
  13 inclination
  13 evidence
  13 early
  13 due
  12 western
  12 used
  12 tpy
  12 strike
  12 society
  12 scarp
  12 rosenbaum
  12 rhyolite
  12 represent
  12 report
  12 relations
  12 reference
  12 plot
  12 one
  12 number
  12 much
  12 may
  12 local
  12 journal
  12 inferred
  12 hills
  12 explanation
  12 correlated
  12 characterized
  12 change
  12 central
  12 calico
  11 vertical
  11 units
  11 tiva
  11 thus
  11 survey
  11 small
  11 shown
  11 probably
  11 ooyounger
  11 ooolder
  11 oomapped
  11 northwest
  11 mean
  11 likely
  11 flank
  11 filling
  11 even
  11 discordances
  11 determined
  10 timing
  10 suggest
  10 sinistral
  10 region
  10 principal
  10 occurred
  10 mesoscale
  10 lines
  10 geophysical
  10 fluorspar
  10 exposed
  10 dip
  10 components
  10 age
   9 youngest
   9 wash
   9 tmrf
   9 southeast
   9 similar
   9 significant
   9 set
   9 rock
   9 research
   9 overall
   9 oomerges
   9 oltpc
   9 northeast
   9 neogene
   9 influence
   9 foliation
   9 figs
   9 discordance
   9 continued
   9 configurations
   9 changes
   9 boundary
   9 angelier
   9 america
   8 xcslk
   8 tpt
   8 total
   8 throughout
   8 three
   8 though
   8 symbols
   8 stresses
   8 stratigraphic
   8 stratal
   8 southwestern
   8 possible
   8 paleozoic
   8 orientation
   8 oltmr
   8 mrc
   8 movement
   8 mostly
   8 made
   8 locations
   8 large
   8 hanging
   8 following
   8 end
   8 emplacement
   8 earlier
   8 development
   8 determinations
   8 deformation
   8 cut
   8 constraints
   8 consistent
   8 azimuth
   8 arrows
   8 although
   8 adjacent
   7 weak
   7 verbeek
   7 time
   7 tilt
   7 state
   7 sets
   7 samples
   7 related
   7 radial
   7 province
   7 provide
   7 project
   7 patterns
   7 oriented
   7 oosite
   7 oltpt
   7 obtained
   7 new
   7 main
   7 localized
   7 less
   7 kinematics
   7 inversion
   7 inclinations
   7 however
   7 history
   7 great
   7 geology
   7 generally
   7 flts
   7 evolution
   7 estimates
   7 energy
   7 eastern
   7 details
   7 cre
   7 based
   7 bare
   7 axis
   6 windy
   6 whereas
   6 value
   6 unpub
   6 unconformity
   6 top
   6 tilting
   6 tilted
   6 tectonics
   6 strain
   6 southeastern
   6 south
   6 setting
   6 scale
   6 sawyer
   6 respect
   6 regimes
   6 reflect
   6 proterozoic
   6 produced
   6 presented
   6 overlying
   6 oltpy
   6 numerous
   6 northwestern
   6 mre
   6 magnitudes
   6 magmatism
   6 landslide
   6 initial
   6 influenced
   6 indicates
   6 greater
   6 graben
   6 geometry
   6 forms
   6 formed
   6 formation
   6 five
   6 features
   6 explanations
   6 distributed
   6 distinct
   6 dashed
   6 consist
   6 composite
   6 compaction
   6 collapse
   6 circumferential
   6 center
   6 cenozoic
   6 bullfrog
   6 broad
   6 angular
   5 wright
   5 westward
   5 unmapped
   5 typically
   5 towards
   5 throckmorton
   5 surficial
   5 style
   5 sow
   5 solution
   5 slickenside
   5 sheet
   5 rup
   5 roughly
   5 rib
   5 resulting
   5 rake
   5 queried
   5 previously
   5 presumably
   5 plunge
   5 pcq
   5 page
   5 oowk
   5 oobedding
   5 oldest
   5 old
   5 offset
   5 observed
   5 numbers
   5 mrn
   5 maps
   5 manner
   5 magnetization
   5 location
   5 locally
   5 listing
   5 increase
   5 horizontal
   5 faulted
   5 est
   5 discussion
   5 diagram
   5 department
   5 declinations
   5 cyn
   5 crosscutting
   5 counterclockwise
   5 contrast
   5 configuration
   5 collected
   5 code
   5 breccia
   5 blk
   5 bed
   5 base
   5 anderson
   5 analytical
   4 zones
   4 young
   4 wernicke
   4 well
   4 viewed
   4 valley
   4 using
   4 underlying
   4 turn
   4 tpc
   4 together
   4 tilts
   4 thompson
   4 thick
   4 tcrt
   4 tac
   4 surface
   4 suggests
   4 striking
   4 strata
   4 states
   4 special
   4 spatial
   4 sos
   4 son
   4 somewhat
   4 solid
   4 slk
   4 single
   4 similarly
   4 significantly
   4 scotti
   4 reduced
   4 recent
   4 ranges
   4 ptf
   4 primary
   4 preliminary
   4 possibly
   4 plotted
   4 plane
   4 perturbations
   4 pce
   4 pattern
   4 partly
   4 order
   4 ooyoung
   4 ootmrf
   4 oooffsets
   4 oomap
   4 oofw
   4 ooest
   4 oltcrt
   4 oltcb
   4 nearby
   4 mrm
   4 mrf
   4 mrb
   4 mechanical
   4 marked
   4 many
   4 majority
   4 located
   4 line
   4 least
   4 kinematic
   4 juxt
   4 italics
   4 index
   4 include
   4 guided
   4 grey
   4 flattening
   4 fine
   4 eruption
   4 envelope
   4 effects
   4 distribution
   4 despite
   4 description
   4 definitely
   4 death
   4 cta
   4 crd
   4 constrained
   4 conclusions
   4 complexes
   4 compare
   4 coeval
   4 circles
   4 changed
   4 certainty
   4 ccc
   4 bulletin
   4 broadly
   4 basins
   4 back
   4 arcuate
   4 appears
   4 angles
   4 analyses
   4 ages
   4 affected
   4 acquired
   4 accompanied
   3 zne
   3 younging
   3 yielded
   3 yield
   3 withjack
   3 widespread
   3 whitney
   3 westsouthwest
   3 warren
   3 various
   3 upper
   3 uniformly
   3 true
   3 transition
   3 third
   3 terms
   3 temporally
   3 surrounding
   3 suggested
   3 subsets
   3 subsequent
   3 subparallel
   3 structures
   3 strong
   3 strikes
   3 statistical
   3 spring
   3 spans
   3 sometime
   3 slkpd
   3 slightly
   3 size
   3 show
   3 shift
   3 shallowing
   3 second
   3 scarps
   3 sample
   3 royal
   3 rotational
   3 right
   3 resulted
   3 relationship
   3 references
   3 reasonable
   3 reactivation
   3 ranging
   3 quaternary
   3 pyg
   3 pyf
   3 pye
   3 pyb
   3 published
   3 ptd
   3 ptc
   3 provinces
   3 previous
   3 poorly
   3 petit
   3 perturbed
   3 percentage
   3 pcn
   3 pcm
   3 pcl
   3 pck
   3 pci
   3 pcg
   3 pcf
   3 parts
   3 parentheses
   3 parameters
   3 parallel
   3 paper
   3 overprinted
   3 opposite
   3 ootruncates
   3 ootcrt
   3 ootac
   3 oooffset
   3 ooestim
   3 oobx
   3 oltmrf
   3 oltct
   3 offsets
   3 note
   3 northeastern
   3 must
   3 mrh
   3 mrg
   3 mra
   3 mine
   3 middle
   3 methods
   3 mesoscopic
   3 mapfltcn
   3 mainly
   3 magnetizations
   3 magnetic
   3 low
   3 letters
   3 length
   3 latitude
   3 larger
   3 juxta
   3 jamison
   3 irregular
   3 investigations
   3 inverted
   3 inversions
   3 individual
   3 increased
   3 incompatible
   3 includes
   3 inc
   3 hofland
   3 help
   3 gully
   3 greatly
   3 gradient
   3 geometries
   3 generalized
   3 frizzell
   3 format
   3 form
   3 folia
   3 fol
   3 fisher
   3 first
   3 find
   3 feoxcn
   3 factors
   3 explain
   3 except
   3 example
   3 errors
   3 error
   3 ekren
   3 eight
   3 effect
   3 easternmost
   3 dispersion
   3 dipping
   3 different
   3 determine
   3 detailed
   3 demagnetization
   3 degrees
   3 define
   3 curving
   3 curved
   3 ctb
   3 cra
   3 couple
   3 could
   3 corresponding
   3 corrections
   3 contours
   3 compute
   3 computational
   3 component
   3 commonly
   3 comments
   3 cited
   3 cbf
   3 cbe
   3 cbd
   3 cbc
   3 cbb
   3 cba
   3 caused
   3 cause
   3 case
   3 carr
   3 calderas
   3 calculated
   3 bounded
   3 best
   3 beginning
   3 bearing
   3 bars
   3 average
   3 attitudes
   3 assumed
   3 around
   3 appear
   3 ang
   3 amount
   3 alluvial
   3 affect
   3 accommodated
   3 acc
   3 aca
   2 xcslkcn
   2 wrt
   2 written
   2 wide
   2 westernmost
   2 welded
   2 way
   2 waste
   2 volcanism
   2 vegas
   2 vary
   2 variable
   2 usgs
   2 unmap
   2 united
   2 unconformably
   2 typical
   2 troxell
   2 trend
   2 transverse
   2 tpycn
   2 tpcr
   2 topopah
   2 topographic
   2 tmwt
   2 tmnx
   2 tightly
   2 text
   2 test
   2 tend
   2 ten
   2 temporal
   2 temperature
   2 taken
   2 tab
   2 synthet
   2 surrounded
   2 surfaces
   2 support
   2 suggesting
   2 subjected
   2 subdomains
   2 stream
   2 stock
   2 steps
   2 statistics
   2 splays
   2 spatially
   2 spanning
   2 spaced
   2 southward
   2 southeasternmost
   2 smaller
   2 slkssn
   2 slkscn
   2 slkcn
   2 sitefoljn
   2 simonds
   2 sierra
   2 side
   2 sheets
   2 sharply
   2 several
   2 sequence
   2 selected
   2 seismic
   2 section
   2 scrpcn
   2 revised
   2 reverse
   2 resurgence
   2 resultant
   2 representing
   2 representative
   2 repository
   2 reported
   2 reply
   2 remanent
   2 relatively
   2 regardless
   2 refine
   2 referred
   2 recognized
   2 reactivated
   2 rates
   2 rarely
   2 quasicong
   2 quarry
   2 quality
   2 quadrangle
   2 pyh
   2 pyd
   2 pyc
   2 purposes
   2 pulse
   2 pte
   2 ptb
   2 provided
   2 prospects
   2 prom
   2 projections
   2 progressive
   2 programs
   2 program
   2 probable
   2 prior
   2 prevailed
   2 presence
   2 predate
   2 ppa
   2 potential
   2 possibility
   2 pollard
   2 polished
   2 planes
   2 physiographic
   2 petals
   2 perturbation
   2 persistent
   2 persisted
   2 period
   2 perhaps
   2 percent
   2 peak
   2 pcp
   2 pco
   2 pcj
   2 pcd
   2 pcc
   2 pass
   2 partial
   2 paleomagnetism
   2 pairs
   2 overprint
   2 overlain
   2 outcrops
   2 oroclinal
   2 orkild
   2 oovery
   2 ootpy
   2 oosyn
   2 oosame
   2 oomesoflt
   2 oomeso
   2 oomain
   2 oolam
   2 oohw
   2 oobed
   2 ooantithet
   2 ooadjac
   2 onlapping
   2 omap
   2 oltpcr
   2 oltpcp
   2 occurring
   2 observations
   2 nye
   2 nur
   2 numbered
   2 northerly
   2 northeaststriking
   2 normalslip
   2 normaloblique
   2 ninety
   2 nearly
   2 mwb
   2 mwa
   2 multiple
   2 mullions
   2 mrl
   2 mrk
   2 mrj
   2 mri
   2 mrd
   2 modes
   2 models
   2 model
   2 mmm
   2 misfit
   2 might
   2 method
   2 means
   2 mckenzie
   2 maximum
   2 markers
   2 margins
   2 mapfltpn
   2 magmatic
   2 magma
   2 mafic
   2 lower
   2 long
   2 london
   2 log
   2 listed
   2 limits
   2 lie
   2 letter
   2 lesser
   2 laterally
   2 lat
   2 las
   2 klt
   2 kirschvink
   2 king
   2 juxtaposes
   2 joint
   2 janssen
   2 jacques
   2 jackson
   2 investigate
   2 introduction
   2 intracaldera
   2 interpreted
   2 interpretations
   2 interior
   2 information
   2 infer
   2 indicators
   2 inaccurate
   2 imply
   2 implications
   2 implication
   2 illustrated
   2 high
   2 header
   2 hazards
   2 guide
   2 gradually
   2 generated
   2 fundamentally
   2 fully
   2 french
   2 four
   2 formatted
   2 foljn
   2 focus
   2 fltcn
   2 figures
   2 fields
   2 fepn
   2 feoxpn
   2 fecn
   2 extracted
   2 expressed
   2 exposures
   2 explained
   2 exists
   2 exist
   2 exhibit
   2 excellent
   2 exceed
   2 evaluation
   2 estimated
   2 entry
   2 entire
   2 elsewhere
   2 dominated
   2 dominantly
   2 dominant
   2 displacement
   2 discussed
   2 directional
   2 directed
   2 digital
   2 diffuse
   2 differences
   2 diagrams
   2 diachronous
   2 deviate
   2 determining
   2 determination
   2 detected
   2 designation
   2 designated
   2 described
   2 depending
   2 demarest
   2 delineate
   2 definitive
   2 definitions
   2 defining
   2 defined
   2 datums
   2 curvilinear
   2 cummings
   2 cte
   2 ctc
   2 criteria
   2 county
   2 correct
   2 coordinates
   2 context
   2 contains
   2 constrain
   2 consists
   2 consisting
   2 consequence
   2 confined
   2 confidence
   2 conducted
   2 conditions
   2 concurrent
   2 complete
   2 comparison
   2 compared
   2 comment
   2 collectively
   2 closely
   2 clear
   2 characterize
   2 characteristic
   2 cartoons
   2 california
   2 brittle
   2 breakaway
   2 bold
   2 bellier
   2 bedrock
   2 attitude
   2 assumptions
   2 assigned
   2 assessments
   2 assess
   2 ascending
   2 areas
   2 approximately
   2 another
   2 anomalous
   2 andnur
   2 american
   2 ambient
   2 alabama
   2 additional
   2 activity
   2 acted
   2 acs
   2 acknowledgments
   2 abstract
   2 absolute
   2 abs
   2 abrupt
   1 zonecn
   1 zncn
   1 zimuth
   1 youthfulness
   1 yount
   1 yoo
   1 xcslksn
   1 xcslks
   1 xcslkpn
   1 xcslkpd
   1 xcs
   1 wutnt
   1 would
   1 work
   1 wmjcd
   1 wksn
   1 wkslkci
   1 wkslk
   1 wkcn
   1 without
   1 whose
   1 westnorthwest
   1 wellpolshcn
   1 wellpol
   1 welding
   1 weighting
   1 weight
   1 waned
   1 walls
   1 wahl
   1 voluminous
   1 volatile
   1 vit
   1 visually
   1 vio
   1 view
   1 vega
   1 vector
   1 varying
   1 variety
   1 variation
   1 valid
   1 utah
   1 use
   1 uscs
   1 uppermost
   1 upon
   1 uplands
   1 uozoc
   1 unwavering
   1 unsuccessful
   1 unrelated
   1 unpublished
   1 unknown
   1 unitfs
   1 unique
   1 uniform
   1 undertaken
   1 underlie
   1 uncomplicated
   1 uncommon
   1 uncertainties
   1 uncertain
   1 umc
   1 ukxxmc
   1 uhc
   1 udif
   1 twice
   1 tuffjust
   1 tted
   1 truncs
   1 truncates
   1 truncated
   1 trunc
   1 trnv
   1 trends
   1 trending
   1 treated
   1 transtension
   1 transient
   1 transect
   1 transactions
   1 trade
   1 track
   1 tpytptcn
   1 tpytpccu
   1 tpyfeoxpn
   1 tpctpyctccn
   1 tpctpycn
   1 tpccn
   1 toward
   1 topography
   1 topographically
   1 tool
   1 took
   1 tmx
   1 tmufidfsdle
   1 tmrsitefoljn
   1 tmn
   1 tmcc
   1 tmc
   1 tma
   1 throw
   1 throughgoing
   1 think
   1 thin
   1 thickness
   1 thickening
   1 theoretical
   1 tgc
   1 tertiary
   1 terminate
   1 tens
   1 tectonophysics
   1 tectonism
   1 tectonicae
   1 teconic
   1 techniques
   1 technical
   1 tct
   1 tcrunits
   1 tcr
   1 tcn
   1 tcb
   1 tangential
   1 tail
   1 tables
   1 syntheses
   1 synsiopd
   1 synpost
   1 synkinematic
   1 synkinema
   1 syngypps
   1 symbol
   1 suspect
   1 surfpn
   1 surfcn
   1 surfcecn
   1 surf
   1 superposition
   1 superposed
   1 subvertical
   1 subsidence
   1 subset
   1 subhorizontal
   1 subdomain
   1 subdivisions
   1 subdivided
   1 subareas
   1 subarea
   1 studied
   1 structurally
   1 strongly
   1 strikeslip
   1 stratigraphy
   1 stratigraphically
   1 straight
   1 straddling
   1 straddles
   1 still
   1 steep
   1 statistically
   1 standards
   1 stains
   1 stained
   1 square
   1 spread
   1 splay
   1 spicer
   1 sphere
   1 speculative
   1 specific
   1 span
   1 southwestward
   1 southeastward
   1 southcentral
   1 sources
   1 source
   1 solar
   1 snwmur
   1 snow
   1 smoothsurfpn
   1 smooth
   1 slkswkccpn
   1 slkspn
   1 slksn
   1 slksfeoxsd
   1 slkps
   1 slkpn
   1 slkipn
   1 slkci
   1 slide
   1 situated
   1 sitebedjn
   1 since
   1 silicified
   1 silicification
   1 silic
   1 shrs
   1 shrcn
   1 shows
   1 shifted
   1 shed
   1 sharp
   1 shallower
   1 shallow
   1 shaded
   1 serves
   1 served
   1 separation
   1 segregation
   1 segments
   1 seg
   1 seemap
   1 secondary
   1 scrpcd
   1 science
   1 schilling
   1 scenario
   1 sampling
   1 sampled
   1 saltzer
   1 rubin
   1 rowley
   1 round
   1 rough
   1 rotate
   1 road
   1 river
   1 rifting
   1 rift
   1 rfmrv
   1 reviewed
   1 revealing
   1 revealed
   1 reveal
   1 resurgently
   1 result
   1 restored
   1 responsible
   1 responded
   1 resistant
   1 reservoirs
   1 requiring
   1 represents
   1 removed
   1 remained
   1 relevant
   1 relation
   1 regular
   1 reforma
   1 reflected
   1 recently
   1 recency
   1 reasons
   1 readily
   1 read
   1 rationale
   1 ratio
   1 rating
   1 rather
   1 rated
   1 rate
   1 rapidly
   1 rapid
   1 ramelli
   1 rakes
   1 radius
   1 radiometric
   1 radioactive
   1 quite
   1 qualify
   1 qualifications
   1 qts
   1 qqwk
   1 qqmerges
   1 qqfw
   1 qoest
   1 pyroclastic
   1 pya
   1 puts
   1 pta
   1 proximity
   1 prow
   1 prospector
   1 prospect
   1 proportional
   1 proportion
   1 proper
   1 pronounced
   1 prominent
   1 prominat
   1 promin
   1 progressively
   1 profiles
   1 product
   1 process
   1 proceedings
   1 principally
   1 primarily
   1 prevailing
   1 presumption
   1 prepared
   1 preexisting
   1 predominantly
   1 predominance
   1 precluded
   1 preceeding
   1 preceding
   1 potentially
   1 post
   1 positive
   1 positioning
   1 portions
   1 portable
   1 poorer
   1 poor
   1 ponded
   1 polyphase
   1 polsn
   1 polishcn
   1 poles
   1 pol
   1 plausible
   1 plate
   1 plastic
   1 planetary
   1 place
   1 pitpn
   1 photographs
   1 photogeologic
   1 philosophical
   1 phase
   1 pfrge
   1 perpendicular
   1 permitting
   1 permit
   1 perimeters
   1 per
   1 peaked
   1 pch
   1 pcb
   1 pca
   1 partitioned
   1 particularly
   1 particular
   1 parameter
   1 pammthocs
   1 paleotalus
   1 paleostresses
   1 pah
   1 pages
   1 owctb
   1 overprints
   1 overlie
   1 overestimate
   1 outnumber
   1 outlines
   1 orucmucmt
   1 orthophotograph
   1 orthogonal
   1 original
   1 origin
   1 oqfeox
   1 opposing
   1 ooyoungxcslk
   1 ooyoungerthan
   1 ootruncated
   1 ootrunc
   1 ootmr
   1 ootcrl
   1 oosynthet
   1 ooshort
   1 oorib
   1 ooprom
   1 oooldest
   1 ooold
   1 oomr
   1 oomftpped
   1 oomay
   1 oomappedflt
   1 oomainzne
   1 ooloc
   1 oojuxta
   1 oojrreg
   1 oointermed
   1 oogrooves
   1 ooforms
   1 oofootwall
   1 oofolja
   1 oofol
   1 ooflts
   1 ooflt
   1 oofiv
   1 oofine
   1 ooffounger
   1 ooestimated
   1 ooesti
   1 oocut
   1 oocompact
   1 ooantithetic
   1 onset
   1 onlapped
   1 omitted
   1 omentatwn
   1 omapped
   1 oltpp
   1 oltp
   1 oltcr
   1 oltcpr
   1 olderxcslkpn
   1 olderpd
   1 ofset
   1 occurrence
   1 obtain
   1 observational
   1 obliteration
   1 obliqueslip
   1 oaw
   1 nwtrending
   1 numerically
   1 noticeably
   1 noted
   1 notebook
   1 nos
   1 norm
   1 nonetheless
   1 nomal
   1 nnestriking
   1 newer
   1 nevertheless
   1 networks
   1 negligible
   1 needed
   1 nature
   1 nation
   1 names
   1 name
   1 murray
   1 mullnscn
   1 moves
   1 movements
   1 mountains
   1 moreover
   1 modified
   1 modern
   1 moderately
   1 modelling
   1 modeling
   1 moat
   1 mno
   1 mmot
   1 mmcii
   1 mmaappped
   1 mjne
   1 missing
   1 mirror
   1 mineral
   1 methodology
   1 meters
   1 mesoflts
   1 mesofaults
   1 merges
   1 mercury
   1 menges
   1 memoir
   1 megabreccia
   1 mechanism
   1 measure
   1 measurable
   1 meaningful
   1 martin
   1 marks
   1 markedly
   1 mark
   1 march
   1 mapping
   1 mapjn
   1 mapflt
   1 mapcn
   1 managing
   1 maintained
   1 magnitude
   1 magnetism
   1 magner
   1 lowor
   1 longitude
   1 logistical
   1 loc
   1 little
   1 lists
   1 list
   1 linear
   1 lineaments
   1 lineament
   1 like
   1 lies
   1 library
   1 left
   1 latter
   1 later
   1 largely
   1 lanphere
   1 lagged
   1 laczniak
   1 lacking
   1 laboratory
   1 labels
   1 known
   1 knowledge
   1 kinematically
   1 keyed
   1 juxtaposing
   1 july
   1 judged
   1 jod
   1 ixf
   1 iterative
   1 isothermal
   1 isolated
   1 irrotational
   1 irreg
   1 iregps
   1 investigation
   1 invd
   1 introduce
   1 intrabasin
   1 intervals
   1 interval
   1 intersecting
   1 international
   1 intermittently
   1 intermediate
   1 interagency
   1 insufficient
   1 instrumental
   1 instead
   1 input
   1 inor
   1 initiation
   1 initially
   1 inherit
   1 influences
   1 inference
   1 inductions
   1 indication
   1 indeterminate
   1 independent
   1 independant
   1 increases
   1 including
   1 inclined
   1 inboard
   1 inasmuch
   1 impressive
   1 imposed
   1 important
   1 implying
   1 immediately
   1 iio
   1 idisplacement
   1 identify
   1 identified
   1 identification
   1 hydraulic
   1 hwflt
   1 hwbxcu
   1 horseshoe
   1 hoover
   1 homml
   1 holland
   1 hod
   1 highlight
   1 highest
   1 higher
   1 hickman
   1 heterogeneous
   1 helped
   1 healy
   1 headwall
   1 heads
   1 happened
   1 hank
   1 hangwall
   1 hampel
   1 gullyexpcn
   1 growth
   1 groups
   1 grouped
   1 groovsn
   1 groovs
   1 groovespn
   1 groovescn
   1 groovescd
   1 groov
   1 gromme
   1 greatest
   1 gravity
   1 graph
   1 grains
   1 government
   1 goodnearbycn
   1 good
   1 given
   1 geographic
   1 geochronology
   1 gently
   1 gentle
   1 general
   1 fwscpcn
   1 funded
   1 function
   1 fridich
   1 framework
   1 fracturing
   1 fractures
   1 fox
   1 football
   1 follows
   1 followed
   1 foliationjn
   1 focuses
   1 focused
   1 fltzone
   1 fltznpn
   1 fltznepn
   1 fltpi
   1 flourspar
   1 flexures
   1 fleck
   1 fixed
   1 fits
   1 fit
   1 firm
   1 finite
   1 finding
   1 ffti
   1 feoxsn
   1 feoxsiocn
   1 feoxpi
   1 feoxcd
   1 feopn
   1 feocn
   1 fcale
   1 favorable
   1 faulty
   1 faultslip
   1 faultkinematic
   1 farther
   1 far
   1 fanning
   1 fallows
   1 face
   1 extracaldera
   1 extensive
   1 extends
   1 extending
   1 extended
   1 expressions
   1 exposure
   1 expcn
   1 excerpted
   1 exceeding
   1 examined
   1 exaggerated
   1 evolving
   1 evidenced
   1 evaluations
   1 evaluated
   1 euprfoisciitasl
   1 estimate
   1 establishment
   1 essentially
   1 escarpment
   1 equalarea
   1 equal
   1 episodic
   1 episodes
   1 eos
   1 environs
   1 envelopes
   1 entirely
   1 enhanced
   1 engle
   1 endorsement
   1 encouragement
   1 enclosed
   1 employed
   1 efforts
   1 editorial
   1 edited
   1 echelon
   1 ech
   1 eastward
   1 easterly
   1 ease
   1 earth
   1 dynamics
   1 dwell
   1 dropping
   1 drill
   1 drawn
   1 drapping
   1 dragged
   1 dotted
   1 dots
   1 domino
   1 domed
   1 domainal
   1 documented
   1 divided
   1 diverging
   1 distinguish
   1 distinctly
   1 distant
   1 display
   1 discussions
   1 discrete
   1 discordant
   1 discontinuously
   1 direct
   1 dips
   1 diminishes
   1 diminished
   1 differs
   1 difference
   1 dickerson
   1 deviation
   1 detect
   1 detail
   1 designations
   1 deserves
   1 descriptive
   1 derive
   1 deposition
   1 departure
   1 density
   1 denote
   1 demagnetized
   1 degree
   1 deg
   1 deforming
   1 deformed
   1 definition
   1 definite
   1 defines
   1 deduced
   1 decrease
   1 decipher
   1 decimal
   1 dark
   1 dam
   1 cutting
   1 cuts
   1 curves
   1 curve
   1 current
   1 ctd
   1 crustal
   1 crust
   1 crude
   1 crs
   1 crowe
   1 crosscut
   1 crj
   1 crest
   1 created
   1 crc
   1 crb
   1 craton
   1 covered
   1 corroborating
   1 corroborated
   1 correspond
   1 correlative
   1 correlations
   1 corregated
   1 correction
   1 corosmsacpuptetdin
   1 core
   1 copies
   1 cooling
   1 converging
   1 controls
   1 control
   1 contributing
   1 contrasts
   1 contrasting
   1 contraints
   1 contour
   1 continuous
   1 continuing
   1 continue
   1 contents
   1 content
   1 contemporary
   1 contain
   1 constant
   1 consistently
   1 consecutively
   1 conformity
   1 cone
   1 conclusion
   1 concentric
   1 concentration
   1 concentrated
   1 conceivably
   1 conceivable
   1 concealed
   1 computing
   1 compressive
   1 composition
   1 complexity
   1 compassed
   1 comparing
   1 common
   1 commenced
   1 come
   1 combined
   1 combination
   1 comagmatic
   1 colletta
   1 cole
   1 codes
   1 clustering
   1 closer
   1 close
   1 clockwiserotated
   1 clinometer
   1 clearly
   1 cjj
   1 cittciacmt
   1 circle
   1 cij
   1 chris
   1 chasmcd
   1 characterizing
   1 characteristics
   1 character
   1 certain
   1 ccnn
   1 ccdd
   1 causative
   1 cases
   1 carry
   1 carrier
   1 carried
   1 caliche
   1 cald
   1 calculations
   1 cainozoic
   1 bxtrnssn
   1 bxgrvslkcn
   1 buried
   1 burial
   1 builds
   1 broxton
   1 briefly
   1 brecciated
   1 bow
   1 boundaries
   1 bound
   1 bordering
   1 blocked
   1 blockadj
   1 bio
   1 benefited
   1 beneath
   1 bending
   1 belowslide
   1 belonging
   1 behind
   1 began
   1 beds
   1 bedngjn
   1 bedjn
   1 bedgjn
   1 bedded
   1 becomes
   1 beattymtn
   1 basis
   1 basic
   1 basalt
   1 bar
   1 balls
   1 backrotated
   1 azimuths
   1 axen
   1 away
   1 averaged
   1 avalanches
   1 avalanche
   1 attempts
   1 attempt
   1 astronomical
   1 assignment
   1 aspects
   1 arrow
   1 arranging
   1 arises
   1 argued
   1 areally
   1 approximations
   1 approximate
   1 approached
   1 appreciated
   1 appreciably
   1 apply
   1 applied
   1 appendices
   1 apparently
   1 apparent
   1 aod
   1 anywhere
   1 anthet
   1 anomalies
   1 anom
   1 annotations
   1 annales
   1 amounts
   1 amargosa
   1 alternatively
   1 alteration
   1 already
   1 alphabetically
   1 alone
   1 alluvium
   1 allows
   1 aid
   1 agreement
   1 affinity
   1 aerial
   1 adjusting
   1 addressed
   1 additionally
   1 actual
   1 active
   1 acknowledgment
   1 achieve
   1 accurate
   1 accuracy
   1 accretion
   1 accounts
   1 account
   1 accordingly
   1 accommodation
   1 acb
   1 abutting
   1 abstracts
   1 abruptly
