  83 potential
  76 study
  72 coal
  66 area
  58 coalbed
  54 methane
  51 gas
  44 wilderness
  37 areas
  36 resource
  35 resources
  33 low
  30 mineral
  29 depth
  25 wyoming
  25 coals
  25 beds
  24 rank
  24 feet
  23 others
  20 survey
  20 geological
  19 mountain
  17 high
  17 certainty
  17 addition
  16 table
  16 cretaceous
  16 buttes
  15 bulletin
  14 thickness
  14 level
  13 part
  13 formation
  13 dunes
  12 thick
  12 sand
  12 rock
  12 information
  12 buffalo
  11 tertiary
  11 moderate
  11 indicated
  11 hump
  11 data
  11 bituminous
  10 van
  10 geologic
  10 assessment
  10 age
   9 section
   9 mesaverde
   9 loenen
   9 however
   9 geology
   9 figure
   9 burial
   8 union
   8 town
   8 thin
   8 raymond
   8 probably
   8 peaks
   8 oregon
   8 much
   8 mccullough
   8 greater
   8 fort
   8 drill
   8 discussed
   8 devils
   8 depths
   8 county
   8 cedar
   8 assessments
   8 adobe
   7 within
   7 usgs
   7 unknown
   7 undiscovered
   7 twin
   7 surface
   7 river
   7 playground
   7 nine
   7 less
   7 indicate
   7 green
   7 gibbons
   7 basin
   6 upper
   6 thermal
   6 subbituminous
   6 reservoirs
   6 report
   6 pressure
   6 petroleum
   6 oil
   6 near
   6 hole
   6 group
   6 geophysical
   6 colorado
   6 association
   5 would
   5 united
   5 sweetwater
   5 studies
   5 states
   5 springs
   5 sandstone
   5 references
   5 may
   5 maturity
   5 map
   5 located
   5 little
   5 levels
   5 kelso
   5 jones
   5 geologists
   5 deep
   5 company
   5 boundary
   5 basis
   5 available
   4 water
   4 southern
   4 source
   4 series
   4 rocky
   4 rightmire
   4 reservoir
   4 region
   4 present
   4 permeability
   4 observed
   4 northern
   4 mccord
   4 major
   4 lund
   4 larsen
   4 lane
   4 lance
   4 kulik
   4 known
   4 hill
   4 hadley
   4 generation
   4 generated
   4 formations
   4 fairly
   4 extractability
   4 deeply
   4 cleats
   4 cited
   4 buried
   4 beneath
   4 assigned
   4 american
   4 abundance
   3 zone
   3 wasatch
   3 uppermost
   3 unit
   3 thought
   3 stored
   3 showing
   3 see
   3 sedimentary
   3 ryder
   3 rocks
   3 robert
   3 richard
   3 represent
   3 range
   3 production
   3 occurrence
   3 merewether
   3 meissner
   3 made
   3 logs
   3 law
   3 late
   3 lack
   3 knowledge
   3 indicates
   3 increasing
   3 inasmuch
   3 icf
   3 holes
   3 geochemical
   3 fields
   3 field
   3 favorable
   3 exploration
   3 explanation
   3 environment
   3 energy
   3 eastern
   3 east
   3 due
   3 derived
   3 debruin
   3 contains
   3 contain
   3 characteristics
   3 blm
   3 basins
   3 also
   3 almond
   2 western
   2 west
   2 wellbore
   2 well
   2 washakie
   2 viki
   2 underlying
   2 underlain
   2 type
   2 thus
   2 thinness
   2 thanks
   2 terminology
   2 temperature
   2 tectonic
   2 tcf
   2 targets
   2 supply
   2 stratigraphic
   2 strata
   2 six
   2 shallower
   2 several
   2 setting
   2 root
   2 roehler
   2 requires
   2 relatively
   2 relations
   2 recognized
   2 read
   2 ratings
   2 public
   2 properties
   2 primary
   2 previous
   2 presence
   2 possibly
   2 place
   2 overpressured
   2 organic
   2 oral
   2 occur
   2 north
   2 new
   2 natural
   2 molecular
   2 models
   2 mineralized
   2 miles
   2 might
   2 methodology
   2 mcpeek
   2 matter
   2 many
   2 locations
   2 location
   2 likelihood
   2 least
   2 large
   2 kuuskraa
   2 kirr
   2 journal
   2 introduction
   2 interpretations
   2 inferred
   2 individual
   2 hydrostatic
   2 guide
   2 ground
   2 good
   2 generally
   2 fractures
   2 flow
   2 federal
   2 extent
   2 exposed
   2 except
   2 even
   2 evaluation
   2 estimation
   2 estimates
   2 estimated
   2 eddy
   2 devolatilization
   2 denver
   2 decrease
   2 davis
   2 content
   2 contained
   2 considerable
   2 communication
   2 committee
   2 column
   2 character
   2 category
   2 bryant
   2 brandenburg
   2 bighorn
   2 begin
   2 bed
   2 barton
   2 bankey
   2 ayers
   2 apparently
   2 anthony
   2 amounts
   2 amount
   2 adjacent
   2 active
   2 accumulation
   2 abstract
   1 woodward
   1 winchester
   1 widely
   1 whose
   1 wherever
   1 weaver
   1 way
   1 wandrey
   1 volume
   1 volatile
   1 ver
   1 valuable
   1 utah
   1 used
   1 updip
   1 untapped
   1 unlikely
   1 underground
   1 trip
   1 trillion
   1 trapped
   1 throughout
   1 thickest
   1 technology
   1 tax
   1 taken
   1 tables
   1 symposium
   1 surfaces
   1 support
   1 supplement
   1 summary
   1 summarized
   1 suggests
   1 studied
   1 stucty
   1 structure
   1 stresses
   1 storage
   1 stemming
   1 standards
   1 stage
   1 spontaneous
   1 spencer
   1 specified
   1 specific
   1 sparks
   1 spaced
   1 southwestern
   1 southeast
   1 sources
   1 sorptive
   1 sites
   1 single
   1 sinclair
   1 significant
   1 shows
   1 show
   1 sheets
   1 serving
   1 sequence
   1 sensitivity
   1 sec
   1 seams
   1 scott
   1 schwochow
   1 scale
   1 saturating
   1 sandstones
   1 right
   1 rice
   1 reviewed
   1 review
   1 results
   1 resulted
   1 result
   1 resistivity
   1 reserved
   1 request
   1 reports
   1 reported
   1 relevant
   1 regime
   1 reflects
   1 referencing
   1 reduction
   1 red
   1 recoverable
   1 recoverability
   1 recently
   1 recent
   1 reasonable
   1 rawlins
   1 rapid
   1 ranging
   1 ranges
   1 ranch
   1 ramsey
   1 quarterly
   1 provided
   1 provide
   1 progressive
   1 producing
   1 producibility
   1 produced
   1 processes
   1 process
   1 prime
   1 previously
   1 presents
   1 preparation
   1 preliminary
   1 possible
   1 positive
   1 position
   1 poor
   1 point
   1 phanerozoic
   1 penetrates
   1 penetrated
   1 pawlewicz
   1 parts
   1 particular
   1 park
   1 page
   1 owing
   1 overview
   1 overlying
   1 outer
   1 original
   1 order
   1 openness
   1 olu
   1 old
   1 occurs
   1 occurred
   1 occurence
   1 numerous
   1 nothing
   1 noted
   1 northwestern
   1 northeast
   1 normally
   1 nonassociated
   1 nnn
   1 network
   1 neiber
   1 needs
   1 nature
   1 name
   1 musketeer
   1 murray
   1 moutain
   1 montana
   1 moisture
   1 modified
   1 miscellaneous
   1 mining
   1 mined
   1 member
   1 meeteetse
   1 mediumvolatile
   1 mcleod
   1 mcdonnell
   1 matson
   1 mast
   1 management
   1 mainly
   1 main
   1 lower
   1 long
   1 log
   1 locality
   1 local
   1 ljj
   1 list
   1 lincoln
   1 likely
   1 lie
   1 left
   1 leel
   1 lands
   1 land
   1 krystinik
   1 kness
   1 kilometers
   1 justified
   1 judge
   1 jeske
   1 jean
   1 investigations
   1 internal
   1 interior
   1 insignificantly
   1 initiated
   1 inherent
   1 industry
   1 indications
   1 indication
   1 indicating
   1 increases
   1 increase
   1 includes
   1 included
   1 include
   1 inches
   1 inadequate
   1 impermeable
   1 identified
   1 identification
   1 hydrologic
   1 hydrocarbonbearing
   1 hydrocarbon
   1 hot
   1 hiii
   1 higher
   1 henry
   1 hence
   1 held
   1 hazard
   1 hams
   1 gulf
   1 guidebook
   1 grows
   1 great
   1 grady
   1 goudarzi
   1 golden
   1 glass
   1 gives
   1 given
   1 giant
   1 geologist
   1 general
   1 furnishing
   1 fundamentals
   1 function
   1 frontiers
   1 four
   1 found
   1 forms
   1 fork
   1 five
   1 find
   1 files
   1 figures
   1 fig
   1 fahy
   1 extensive
   1 extend
   1 explosions
   1 expelled
   1 expected
   1 existence
   1 examined
   1 evidence
   1 evans
   1 evaluations
   1 evaluated
   1 evaluate
   1 estimating
   1 estimate
   1 essentially
   1 encouraged
   1 emphasized
   1 emphasis
   1 embraces
   1 else
   1 either
   1 editorial
   1 edges
   1 edge
   1 economic
   1 dudley
   1 drilled
   1 dolton
   1 divide
   1 dispersed
   1 directly
   1 dioxide
   1 dimensions
   1 differ
   1 diagrams
   1 dewatering
   1 developing
   1 determination
   1 determinant
   1 details
   1 detail
   1 deposits
   1 depositional
   1 department
   1 dehydration
   1 degrees
   1 degree
   1 definitions
   1 definition
   1 defines
   1 define
   1 deepest
   1 decreases
   1 decomposition
   1 december
   1 debriun
   1 curtis
   1 current
   1 cubic
   1 crovelli
   1 crops
   1 credit
   1 counties
   1 could
   1 correlation
   1 conventional
   1 conterminous
   1 contents
   1 consulting
   1 consistent
   1 considered
   1 considerably
   1 conformity
   1 conference
   1 concentration
   1 comprising
   1 complex
   1 complete
   1 compiler
   1 combination
   1 codeterminant
   1 code
   1 coalification
   1 clearly
   1 clayton
   1 citation
   1 circular
   1 charpentier
   1 characterized
   1 cases
   1 carr
   1 carbon
   1 capacities
   1 california
   1 byproducts
   1 butte
   1 bureau
   1 bulk
   1 bruce
   1 brown
   1 broad
   1 book
   1 block
   1 blmno
   1 biogenic
   1 best
   1 benny
   1 becomes
   1 bacteria
   1 august
   1 attraction
   1 attainment
   1 atlas
   1 assignment
   1 assign
   1 aspects
   1 ash
   1 around
   1 areal
   1 aquifers
   1 appropriate
   1 application
   1 anywhere
   1 anything
   1 annual
   1 anaerobic
   1 america
   1 along
   1 aggregate
   1 agency
   1 advice
   1 adsorbed
   1 adequate
   1 acreage
   1 acknowledgments
   1 accumulations
   1 accumulated
   1 absorbed
