  54 area
  32 tho
  30 feet
  28 formation
  27 conglomerate
  26 member
  26 limestone
  20 consists
  20 canyon
  20 beds
  18 thick
  18 gray
  17 rocks
  16 spur
  16 dell
  15 tertiary
  15 mapped
  14 quadrant
  13 small
  13 lower
  12 sees
  12 phosphoria
  12 formations
  12 daly
  11 west
  11 upper
  11 shale
  11 sandstone
  10 sec
  10 quart
  10 limestones
  10 chert
   9 shales
   9 rock
   9 mississippian
   9 light
   9 exposed
   8 units
   8 unit
   8 two
   8 horn
   8 highway
   8 crook
   8 creek
   7 sandstones
   7 quartzite
   7 phosphate
   7 montana
   7 massive
   7 limb
   7 faults
   7 fault
   7 early
   7 cedar
   7 carbonate
   7 basal
   7 abundant
   6 zite
   6 weathered
   6 structure
   6 south
   6 phosphatic
   6 one
   6 mostly
   6 miles
   6 locally
   6 doll
   6 complex
   5 zone
   5 thrust
   5 siliceous
   5 sheep
   5 sedimentary
   5 recognized
   5 quadrangle
   5 ppa
   5 north
   5 mappable
   5 lavas
   5 geology
   5 geologic
   5 fragments
   5 east
   5 derived
   5 brown
   5 boon
   5 bods
   5 approximately
   5 along
   4 yellowish
   4 underlying
   4 topography
   4 top
   4 thin
   4 thaynes
   4 side
   4 ppd
   4 part
   4 paleozoic
   4 pale
   4 much
   4 mission
   4 map
   4 many
   4 limbs
   4 includes
   4 grasshopper
   4 folds
   4 faulting
   4 faulted
   4 eroded
   4 crop
   4 crock
   4 crinoid
   4 county
   4 areas
   4 apparently
   4 anticline
   3 valleys
   3 valley
   3 talus
   3 synclino
   3 syncline
   3 survey
   3 slopes
   3 similar
   3 silt
   3 red
   3 quartzito
   3 present
   3 ppc
   3 ppb
   3 parts
   3 overturned
   3 overthrust
   3 overlying
   3 oast
   3 normal
   3 near
   3 mudstones
   3 mountain
   3 members
   3 main
   3 line
   3 grades
   3 gastropods
   3 fossils
   3 foot
   3 extrusive
   3 dominant
   3 displacement
   3 dip
   3 dinwoody
   3 deeply
   3 contains
   3 contain
   3 consisting
   3 consist
   3 columnals
   3 colors
   3 color
   3 black
   3 bed
   3 beaverhead
   3 base
   3 almost
   3 adjacent
   2 zones
   2 yellow
   2 within
   2 willis
   2 well
   2 various
   2 upward
   2 uppermost
   2 upon
   2 triassic
   2 transverse
   2 traced
   2 three
   2 thaynos
   2 tentatively
   2 tea
   2 surface
   2 supply
   2 subrounded
   2 striko
   2 strike
   2 streams
   2 stratigraphy
   2 stone
   2 southwestern
   2 snail
   2 slightly
   2 several
   2 section
   2 roads
   2 road
   2 river
   2 respectively
   2 resistant
   2 reddish
   2 reached
   2 preliminary
   2 prairie
   2 ppe
   2 possibly
   2 plate
   2 places
   2 pipe
   2 photographs
   2 phcsphatic
   2 pennsylvanian
   2 pebbles
   2 pass
   2 parallels
   2 parallel
   2 overlain
   2 outcrop
   2 organ
   2 oil
   2 offset
   2 occurs
   2 northward
   2 northtrending
   2 nodular
   2 mudstone
   2 mouth
   2 mile
   2 middle
   2 mesozoic
   2 mcknight
   2 may
   2 mantle
   2 madison
   2 lodgepole
   2 lodge
   2 little
   2 lithology
   2 least
   2 largo
   2 kootenai
   2 intrusive
   2 included
   2 include
   2 immediately
   2 igneous
   2 horse
   2 hornblende
   2 granite
   2 gneiss
   2 geol
   2 geography
   2 fresh
   2 found
   2 fossiliferous
   2 followed
   2 folded
   2 float
   2 five
   2 extends
   2 exposures
   2 erosion
   2 ellis
   2 dry
   2 divided
   2 displaced
   2 dillon
   2 developed
   2 cut
   2 covered
   2 country
   2 contact
   2 conspicuous
   2 considered
   2 conglomeratic
   2 conformable
   2 condit
   2 commonly
   2 closely
   2 canyons
   2 bull
   2 branch
   2 bowen
   2 boulders
   2 associated
   2 aroa
   2 armstead
   2 anticlines
   2 another
   2 ammonites
   2 age
   2 aerial
   1 zites
   1 wyoming
   1 work
   1 without
   1 wide
   1 whon
   1 white
   1 western
   1 weathers
   1 weather
   1 wayne
   1 water
   1 warm
   1 wafer
   1 vrith
   1 vrest
   1 volcanics
   1 vicinity
   1 vertically
   1 vertical
   1 vary
   1 utah
   1 usually
   1 used
   1 urta
   1 uprier
   1 uppor
   1 uoo
   1 unweathered
   1 unusual
   1 unpublished
   1 university
   1 unita
   1 union
   1 undertaken
   1 underlie
   1 underlain
   1 unconformity
   1 unconformably
   1 ufcdd
   1 ucknight
   1 typos
   1 types
   1 tuffaceous
   1 tuff
   1 trost
   1 tributary
   1 trend
   1 trees
   1 trails
   1 topnost
   1 topmost
   1 tone
   1 tondoy
   1 timber
   1 tightly
   1 throughout
   1 thickness
   1 therefore
   1 tfillis
   1 terebratula
   1 tens
   1 tendoy
   1 teds
   1 tec
   1 tcb
   1 table
   1 sync
   1 symbol
   1 surrounds
   1 surfaces
   1 support
   1 summers
   1 study
   1 structures
   1 strips
   1 striking
   1 stones
   1 stiutisiapey
   1 station
   1 state
   1 squrjre
   1 spring
   1 sparsely
   1 southern
   1 southeastern
   1 soil
   1 sodinonts
   1 slow
   1 slope
   1 sllis
   1 site
   1 single
   1 silicified
   1 shows
   1 shown
   1 short
   1 shoop
   1 shells
   1 severe
   1 serve
   1 separately
   1 separate
   1 sends
   1 sell
   1 seldom
   1 segment
   1 schist
   1 sandy
   1 sage
   1 routes
   1 rounded
   1 rough
   1 root
   1 rode
   1 ripple
   1 riosphoria
   1 ridges
   1 rhyolite
   1 resulting
   1 rests
   1 resources
   1 representing
   1 relief
   1 recumbent
   1 reconnaissance
   1 reck
   1 reappear
   1 reaches
   1 rarely
   1 rango
   1 range
   1 quartz
   1 quality
   1 pyrito
   1 prominent
   1 program
   1 professor
   1 probably
   1 previous
   1 preserved
   1 pour
   1 position
   1 poorly
   1 points
   1 plunge
   1 plato
   1 plane
   1 pink
   1 pid
   1 phost
   1 phosphoric
   1 phase
   1 petroliferous
   1 permitted
   1 permian
   1 periods
   1 perennial
   1 percent
   1 pelecypods
   1 pebble
   1 patches
   1 passable
   1 partly
   1 particularly
   1 pacific
   1 ovorturnod
   1 ovorthrust
   1 overthrusting
   1 overridden
   1 overlies
   1 overlie
   1 outside
   1 oregon
   1 ordb
   1 orange
   1 open
   1 onst
   1 oldest
   1 occurred
   1 occur
   1 oblique
   1 northwest
   1 nodules
   1 nearly
   1 nay
   1 natural
   1 narrow
   1 napped
   1 muscovite
   1 mountainous
   1 mosozoic
   1 moro
   1 mnppcd
   1 missouri
   1 minor
   1 mineralized
   1 metamorphic
   1 metaiaorphic
   1 medium
   1 measured
   1 mcsosoic
   1 marks
   1 marine
   1 marble
   1 mantlg
   1 manner
   1 make
   1 mainly
   1 lowermost
   1 lodgopolo
   1 locate
   1 loast
   1 lino
   1 limits
   1 lij
   1 less
   1 laterally
   1 later
   1 kootonai
   1 kidd
   1 jurassic
   1 jpentacrinus
   1 investigations
   1 investigated
   1 investigate
   1 intruded
   1 introduction
   1 intervening
   1 intermittent
   1 interior
   1 individual
   1 includos
   1 including
   1 inches
   1 impregnated
   1 immediate
   1 illustrations
   1 ihgo
   1 ihaynes
   1 identified
   1 idaho
   1 hounded
   1 hone
   1 homocline
   1 hiosphoria
   1 hilly
   1 high
   1 hich
   1 hfrdb
   1 hear
   1 head
   1 hcbe
   1 hatic
   1 half
   1 gssse
   1 growth
   1 grow
   1 grey
   1 greenish
   1 grayish
   1 grasses
   1 granitic
   1 grains
   1 gootenai
   1 geologist
   1 geological
   1 generally
   1 gasyoh
   1 fsot
   1 front
   1 frcm
   1 form
   1 folding
   1 flow
   1 floor
   1 flflll
   1 flat
   1 flanks
   1 fev
   1 fett
   1 fermation
   1 feldspar
   1 fast
   1 fairly
   1 extent
   1 exhibit
   1 exception
   1 except
   1 exceeds
   1 evergreens
   1 equivalents
   1 eorn
   1 eootenai
   1 entire
   1 elsewhere
   1 elevations
   1 eeport
   1 eastern
   1 dusky
   1 drainage
   1 downward
   1 doubly
   1 dorm
   1 dominantly
   1 dixon
   1 dissected
   1 dirrwoody
   1 dinrroody
   1 diameter
   1 develop
   1 determine
   1 detail
   1 described
   1 deposits
   1 department
   1 deformed
   1 deep
   1 dark
   1 dalyts
   1 crossbedding
   1 cross
   1 cretaceous
   1 cover
   1 corners
   1 control
   1 contrast
   1 contorted
   1 continuation
   1 continental
   1 contents
   1 consideration
   1 considerably
   1 concretions
   1 concretionary
   1 concentric
   1 comprise
   1 compressed
   1 complexly
   1 complete
   1 common
   1 columals
   1 codnr
   1 cobbles
   1 cobble
   1 closed
   1 cliff
   1 clark
   1 chick
   1 chesterman
   1 cherty
   1 cherts
   1 characterizes
   1 characterized
   1 characteristically
   1 characteristic
   1 certainty
   1 carboniferous
   1 butte
   1 butler
   1 buried
   1 brush
   1 brownish
   1 briefly
   1 breccia
   1 boulder
   1 boavcrhoad
   1 blocks
   1 bllis
   1 bis
   1 big
   1 beon
   1 bent
   1 beneath
   1 become
   1 basin
   1 basalt
   1 barretts
   1 barret
   1 banding
   1 bailway
   1 asymmetrical
   1 aro
   1 appears
   1 ansden
   1 angular
   1 andesite
   1 amsden
   1 altitude
   1 alternating
   1 altered
   1 ahd
   1 aggregates
   1 aear
   1 across
   1 accumulated
   1 accompanying
   1 accessible
   1 absent
   1 aasden
