  99 scale
  60 hole
  45 logged
  44 depth
  43 logging
  30 quadrangle
  30 moffat
  30 county
  30 colorado
  29 resistance
  29 density
  28 level
  28 drilled
  25 spontaneous
  25 potential
  25 geophysical
  24 survey
  24 geological
  24 fluid
  23 continued
  22 run
  22 natural
  22 gamma
  22 drilling
  21 log
  20 speed
  20 single
  20 remarks
  20 point
  20 horse
  20 gulch
  20 ground
  20 date
  20 company
  19 medium
  19 elevation
  18 holes
  17 sec
  17 changed
  16 rocky
  16 feet
  15 mud
  15 mtn
  14 part
  13 foam
  13 first
  12 logs
  11 hamilton
   8 surface
   8 interval
   7 runs
   7 drill
   6 upper
   6 third
   6 location
   6 light
   6 figure
   6 coal
   6 chart
   5 second
   5 sea
   5 probe
   5 paper
   5 pagoda
   5 mean
   5 made
   5 kilometer
   5 filled
   5 datum
   5 contour
   4 total
   4 rerun
   4 report
   4 none
   4 mile
   4 fill
   4 field
   4 central
   3 yampa
   3 top
   3 straight
   3 several
   3 responses
   3 page
   3 much
   3 moving
   3 line
   3 let
   3 indicate
   3 formation
   3 clearly
   3 cable
   3 actual
   2 try
   2 trout
   2 three
   2 supervised
   2 southeastern
   2 sometimes
   2 shown
   2 sandstone
   2 richard
   2 return
   2 reclamation
   2 quadrangles
   2 obtained
   2 obtain
   2 next
   2 meyer
   2 mccabe
   2 management
   2 lies
   2 land
   2 introduction
   2 inch
   2 harris
   2 get
   2 fourth
   2 following
   2 due
   2 cuttings
   2 cretaceous
   2 creek
   2 contract
   2 bureau
   2 blind
   2 attempts
   2 attempt
   1 yakpa
   1 wrg
   1 within
   1 wit
   1 williams
   1 vertical
   1 used
   1 united
   1 two
   1 turned
   1 tracts
   1 tool
   1 took
   1 tne
   1 tjl
   1 times
   1 time
   1 thickness
   1 stratigraphic
   1 states
   1 standards
   1 specifications
   1 site
   1 service
   1 separate
   1 selected
   1 scientific
   1 savage
   1 rotary
   1 rigs
   1 resulting
   1 reproduction
   1 repeated
   1 reduced
   1 recorded
   1 reached
   1 quality
   1 qqq
   1 purpose
   1 pulled
   1 project
   1 procedure
   1 personnel
   1 permission
   1 parts
   1 papers
   1 originally
   1 order
   1 often
   1 october
   1 nomenclature
   1 multiply
   1 multiple
   1 mountain
   1 meters
   1 met
   1 member
   1 measurements
   1 maps
   1 map
   1 many
   1 locations
   1 located
   1 liquid
   1 leasing
   1 laifgthetr
   1 july
   1 itt
   1 intersected
   1 interior
   1 interest
   1 inspections
   1 information
   1 industry
   1 index
   1 including
   1 inches
   1 illustrations
   1 hugh
   1 geophysically
   1 future
   1 four
   1 fork
   1 finally
   1 fills
   1 figures
   1 figs
   1 ffi
   1 facilitate
   1 entire
   1 editorial
   1 edited
   1 dry
   1 driming
   1 digilog
   1 different
   1 diameters
   1 department
   1 could
   1 convert
   1 continuity
   1 contents
   1 conformity
   1 companies
   1 coals
   1 brothers
   1 beds
   1 awarded
   1 assisted
   1 afnlduidfoulretvehl
   1 accomplished
   1 access
