  99 inlet
  83 cook
  67 wave
  53 lower
  49 alaska
  31 waves
  28 percent
  27 wind
  26 heights
  25 mean
  24 tidal
  24 significant
  24 figure
  22 time
  22 period
  22 flow
  22 dames
  20 winds
  20 frequency
  19 others
  18 within
  18 large
  18 current
  16 storm
  16 moore
  16 may
  16 excess
  16 august
  15 data
  15 carsola
  15 bouma
  14 water
  14 surface
  14 sediment
  14 periods
  13 maximum
  13 april
  12 storms
  12 knots
  12 generated
  11 reported
  11 report
  11 portion
  11 muench
  11 march
  11 july
  11 gulf
  11 february
  11 currents
  11 central
  10 west
  10 vol
  10 swell
  10 strait
  10 small
  10 shelikof
  10 seconds
  10 sand
  10 pattern
  10 october
  10 june
  10 january
  10 extreme
  10 bottom
  10 anchorage
  10 along
   9 would
   9 site
   9 shelf
   9 overall
   9 kennedy
   9 hampton
   9 conditions
   8 upon
   8 spring
   8 sediments
   8 range
   8 motion
   8 less
   8 kachemak
   8 height
   8 fetch
   8 feet
   8 events
   8 eastern
   8 based
   8 analysis
   8 although
   8 activity
   7 well
   7 waters
   7 upper
   7 transport
   7 table
   7 strong
   7 stevenson
   7 near
   7 meter
   7 high
   7 flows
   7 entering
   7 bay
   7 associated
   6 western
   6 via
   6 troughs
   6 trough
   6 survey
   6 summer
   6 suggests
   6 study
   6 side
   6 sedimentary
   6 rept
   6 rappeport
   6 ramp
   6 portions
   6 point
   6 platform
   6 pacific
   6 order
   6 north
   6 meteorological
   6 kenai
   6 geological
   6 estimated
   6 energy
   6 east
   6 depths
   6 deep
   6 bedforms
   6 approximate
   5 windows
   5 velocity
   5 trasky
   5 system
   5 suggest
   5 speeds
   5 result
   5 represent
   5 regions
   5 region
   5 orlando
   5 komar
   5 islands
   5 island
   5 higher
   5 generally
   5 environmental
   5 environment
   5 due
   5 dominated
   5 directions
   5 deposition
   5 circulation
   5 burbank
   5 average
   5 alaskan
   5 affected
   4 year
   4 winter
   4 whitney
   4 westerly
   4 weaker
   4 univ
   4 two
   4 tustamena
   4 together
   4 times
   4 tides
   4 thus
   4 therefore
   4 sustained
   4 speed
   4 spectrum
   4 southward
   4 shows
   4 shown
   4 showed
   4 seafloor
   4 rip
   4 relic
   4 recent
   4 quaternary
   4 peninsula
   4 peak
   4 paper
   4 occur
   4 novemberdecember
   4 ninilchik
   4 narrow
   4 moving
   4 moves
   4 meters
   4 measurements
   4 marine
   4 likely
   4 kts
   4 hydrodynamic
   4 however
   4 hours
   4 greater
   4 geology
   4 gatto
   4 garsola
   4 fine
   4 fill
   4 evans
   4 estuarine
   4 effects
   4 ebb
   4 dominant
   4 cyclonic
   4 contour
   4 characteristics
   4 burrell
   4 base
   4 available
   3 vicinity
   3 velocities
   3 unnamed
   3 tidally
   3 theory
   3 technology
   3 tanh
   3 tables
   3 swells
   3 summary
   3 studies
   3 stipple
   3 still
   3 std
   3 states
   3 south
   3 silt
   3 show
   3 shore
   3 september
   3 section
   3 sec
   3 river
   3 respectively
   3 regional
   3 regime
   3 refraction
   3 reach
   3 propagate
   3 program
   3 probably
   3 orbital
   3 one
   3 oin
   3 offshore
   3 oceanographic
   3 observations
   3 november
   3 northward
   3 nnw
   3 new
   3 natural
   3 much
   3 morphology
   3 modern
   3 minimum
   3 marks
   3 map
   3 major
   3 main
   3 location
   3 linear
   3 lengths
   3 length
   3 kodiak
   3 knik
   3 kalgin
   3 journ
   3 isobath
   3 interval
   3 interior
   3 inst
   3 indicates
   3 horizontal
   3 hayes
   3 generalized
   3 game
   3 forelands
   3 fish
   3 figures
   3 fig
   3 estuary
   3 estimating
   3 environments
   3 entrances
   3 entrance
   3 ellipses
   3 distance
   3 direction
   3 determined
   3 depth
   3 days
   3 could
   3 continental
   3 conference
   3 come
   3 coastal
   3 calculated
   3 buried
   3 boundaries
   3 blowing
   3 barren
   3 arm
   3 area
   3 appear
   3 anchor
   3 allow
   3 across
   2 yearly
   2 work
   2 window
   2 wennekens
   2 weak
   2 wagner
   2 visser
   2 vertical
   2 varying
   2 various
   2 using
   2 used
   2 united
   2 unconsolidated
   2 typical
   2 trending
   2 torresan
   2 tide
   2 throughout
   2 threshold
   2 three
   2 thickness
   2 synoptic
   2 swing
   2 swift
   2 submarine
   2 subjectively
   2 stronger
   2 stratification
   2 steered
   2 stations
   2 station
   2 statement
   2 solution
   2 smaller
   2 slow
   2 sized
   2 showing
   2 shoreline
   2 shell
   2 sharma
   2 shallow
   2 several
   2 septemberoctober
   2 selected
   2 seismic
   2 seen
   2 sed
   2 secondary
   2 second
   2 season
   2 schumaker
   2 scarps
   2 scales
   2 sandy
   2 ross
   2 ripple
   2 rider
   2 results
   2 responsible
   2 represents
   2 relatively
   2 records
   2 rather
   2 ranges
   2 ranger
   2 propagating
   2 projected
   2 profiles
   2 produce
   2 probability
   2 previous
   2 prevailing
   2 pressure
   2 presented
   2 present
   2 presence
   2 preliminary
   2 position
   2 physiographic
   2 pers
   2 part
   2 parameters
   2 oregon
   2 oil
   2 ocean
   2 occurs
   2 occurred
   2 occasional
   2 observed
   2 northern
   2 northeast
   2 nne
   2 nearly
   2 mouth
   2 mostly
   2 months
   2 modified
   2 moderate
   2 mobility
   2 mixed
   2 mass
   2 magnitude
   2 losses
   2 longer
   2 long
   2 local
   2 line
   2 left
   2 latitude
   2 late
   2 lag
   2 kulm
   2 karlstrom
   2 kamishak
   2 jersey
   2 ippen
   2 input
   2 infrequent
   2 information
   2 inferred
   2 impact
   2 iliamna
   2 hood
   2 highly
   2 highest
   2 hein
   2 glaciation
   2 glacially
   2 glacial
   2 geophys
   2 geometry
   2 fronts
   2 front
   2 freshwater
   2 fresh
   2 frequent
   2 forces
   2 following
   2 flowing
   2 flood
   2 final
   2 figs
   2 ferry
   2 features
   2 fairly
   2 fairbanks
   2 fair
   2 factor
   2 extends
   2 expected
   2 expect
   2 exhibits
   2 exhibit
   2 evidence
   2 estimates
   2 estimate
   2 erosional
   2 entrenched
   2 energies
   2 employed
   2 embayment
   2 elongated
   2 early
   2 duration
   2 drilling
   2 drift
   2 draft
   2 downward
   2 distribution
   2 distinct
   2 distances
   2 discharge
   2 directional
   2 differential
   2 different
   2 developed
   2 deposits
   2 depositional
   2 deposited
   2 density
   2 cycle
   2 cross
   2 corresponds
   2 considered
   2 conjunction
   2 comparable
   2 collins
   2 coast
   2 coarse
   2 clay
   2 chugach
   2 characterized
   2 channels
   2 cape
   2 buoy
   2 britch
   2 boundary
   2 bathymetrically
   2 attributed
   2 asymmetry
   2 assumed
   2 association
   2 around
   2 arcuate
   2 appears
   2 amos
   2 also
   2 aleutian
   2 actual
   2 active
   2 accompanying
   2 aboard
   2 able
   1 zone
   1 zero
   1 yields
   1 yielding
   1 years
   1 wright
   1 worth
   1 wnw
   1 without
   1 winnowing
   1 windspeeds
   1 windchart
   1 width
   1 westward
   1 wennekins
   1 weather
   1 weakly
   1 washed
   1 wash
   1 volume
   1 vertically
   1 variety
   1 variations
   1 variation
   1 valleys
   1 valley
   1 utilizing
   1 usually
   1 use
   1 unreasonable
   1 unpub
   1 unlimited
   1 university
   1 units
   1 union
   1 uniboom
   1 uncommon
   1 tuxedni
   1 turbulence
   1 turbid
   1 trench
   1 travel
   1 transit
   1 transgressive
   1 trans
   1 trade
   1 towards
   1 tod
   1 tions
   1 thousand
   1 thesis
   1 tertiary
   1 terms
   1 ter
   1 tends
   1 tend
   1 ten
   1 temperature
   1 teleki
   1 technique
   1 taken
   1 systems
   1 synthesis
   1 symposium
   1 swiftly
   1 suspended
   1 susitna
   1 surficial
   1 supported
   1 support
   1 superimposed
   1 summarized
   1 sufficient
   1 subsurface
   1 substrate
   1 subjected
   1 subject
   1 subbottom
   1 structures
   1 stroudsburg
   1 strongly
   1 strength
   1 stratigraphic
   1 storage
   1 steepening
   1 steady
   1 statu
   1 starts
   1 standards
   1 stall
   1 ssw
   1 ssage
   1 squalls
   1 springsummer
   1 spectra
   1 space
   1 southwesterly
   1 southwards
   1 southern
   1 southerly
   1 southeasterly
   1 sometimes
   1 sloping
   1 slopes
   1 slightly
   1 sketchy
   1 six
   1 sites
   1 sinusoidal
   1 sinh
   1 simulated
   1 similar
   1 significantly
   1 significance
   1 shortterm
   1 shorter
   1 shores
   1 shorelines
   1 shifting
   1 sharply
   1 severity
   1 severely
   1 severe
   1 service
   1 septembei
   1 sepm
   1 separated
   1 sense
   1 semidiurnal
   1 selection
   1 seem
   1 see
   1 sedimentation
   1 seasonal
   1 searby
   1 seabed
   1 sea
   1 science
   1 sands
   1 salinity
   1 rsources
   1 rounded
   1 rough
   1 rotary
   1 rosenthal
   1 role
   1 rocks
   1 robert
   1 rips
   1 rig
   1 richfield
   1 reviewed
   1 reverse
   1 reveals
   1 return
   1 rest
   1 response
   1 resources
   1 resource
   1 residual
   1 resident
   1 research
   1 replacement
   1 remaining
   1 remain
   1 relationship
   1 related
   1 rejoining
   1 regularly
   1 regular
   1 regards
   1 refracted
   1 reflects
   1 reflection
   1 reflect
   1 record
   1 recognized
   1 reasonable
   1 reaching
   1 reaches
   1 ray
   1 ranging
   1 ramplike
   1 qualitative
   1 purposes
   1 published
   1 propogation
   1 progressive
   1 processes
   1 process
   1 probable
   1 probabilities
   1 principal
   1 primary
   1 previously
   1 prevented
   1 presently
   1 preprints
   1 preprint
   1 prepared
   1 predominantly
   1 predominant
   1 preceding
   1 ppt
   1 postglacial
   1 possible
   1 possess
   1 positioning
   1 poorly
   1 polar
   1 pogiloshi
   1 plus
   1 pleistocene
   1 plays
   1 platforms
   1 plateau
   1 plate
   1 planned
   1 pilkey
   1 physiography
   1 physical
   1 petroleum
   1 petrol
   1 pertinent
   1 personnel
   1 periodic
   1 patterns
   1 passing
   1 passage
   1 pass
   1 partly
   1 particularly
   1 partial
   1 parker
   1 parameter
   1 paleogeography
   1 overlying
   1 overlie
   1 outflow
   1 oscillation
   1 originating
   1 originates
   1 onto
   1 ones
   1 older
   1 often
   1 office
   1 oco
   1 oceanography
   1 oceanic
   1 occupies
   1 occasionally
   1 observation
   1 obs
   1 nwgoa
   1 numerous
   1 noting
   1 note
   1 northwesterly
   1 northwest
   1 northerly
   1 normally
   1 normal
   1 noonan
   1 nonmarine
   1 nomenclature
   1 noaa
   1 neudeks
   1 neudeck
   1 net
   1 neck
   1 nautical
   1 national
   1 names
   1 named
   1 must
   1 murphy
   1 movement
   1 move
   1 morainal
   1 moorings
   1 monthly
   1 month
   1 mofjeld
   1 modifications
   1 mode
   1 mobile
   1 missiles
   1 minimal
   1 minerology
   1 miles
   1 mile
   1 mild
   1 migrating
   1 migrate
   1 might
   1 middle
   1 midchannel
   1 microtopography
   1 michel
   1 method
   1 mentioned
   1 medium
   1 mechanism
   1 mcgraw
   1 mcclennin
   1 mcclennen
   1 max
   1 materials
   1 masses
   1 marked
   1 margin
   1 marchapril
   1 mapped
   1 management
   1 lunar
   1 lowlands
   1 lowest
   1 low
   1 loss
   1 lockheed
   1 located
   1 locally
   1 llth
   1 little
   1 listed
   1 like
   1 light
   1 lengthen
   1 least
   1 latter
   1 later
   1 lastly
   1 landmass
   1 land
   1 laminated
   1 lake
   1 laden
   1 labeled
   1 kuench
   1 knowledge
   1 kilometers
   1 juneseptember
   1 journal
   1 iterative
   1 isobaths
   1 intratidal
   1 intertidal
   1 intersect
   1 interpreted
   1 interpretation
   1 interglacial
   1 interface
   1 interactions
   1 intense
   1 intact
   1 instantaneous
   1 inspection
   1 initiation
   1 inhibit
   1 indicated
   1 indeed
   1 increasing
   1 increase
   1 incompletely
   1 included
   1 inat
   1 imply
   1 identification
   1 hydrologic
   1 hydrodynasfic
   1 hydrodynamics
   1 hutchinson
   1 hurricane
   1 hugs
   1 homer
   1 hill
   1 heavily
   1 harold
   1 hanover
   1 hampshire
   1 gyres
   1 gusts
   1 gust
   1 grouped
   1 gravels
   1 grant
   1 grainsize
   1 gradually
   1 gradients
   1 goes
   1 given
   1 geotechnology
   1 geoprobe
   1 geomorphic
   1 geographically
   1 gentle
   1 generation
   1 generate
   1 general
   1 gds
   1 gcosh
   1 gales
   1 funneling
   1 function
   1 fully
   1 frost
   1 frictional
   1 found
   1 form
   1 forecasting
   1 forced
   1 force
   1 forbes
   1 follows
   1 folded
   1 foam
   1 fluvial
   1 fluid
   1 flooding
   1 flattening
   1 flank
   1 flagg
   1 five
   1 fisk
   1 finest
   1 filled
   1 field
   1 feature
   1 far
   1 fall
   1 facts
   1 extremes
   1 extremely
   1 extent
   1 extensive
   1 explanation
   1 exits
   1 exiting
   1 exists
   1 existed
   1 exist
   1 except
   1 exceeding
   1 exceeded
   1 even
   1 erosion
   1 equivalent
   1 equation
   1 eos
   1 entrained
   1 entire
   1 enter
   1 eng
   1 endorsement
   1 encompass
   1 enclosed
   1 either
   1 eight
   1 effect
   1 editors
   1 editorial
   1 editor
   1 earlier
   1 dygas
   1 dunes
   1 duane
   1 dsv
   1 driving
   1 driven
   1 drawn
   1 drake
   1 dowden
   1 douglas
   1 divisions
   1 division
   1 diurnal
   1 distributions
   1 dispersion
   1 dispersal
   1 discontinuities
   1 discharges
   1 diminish
   1 diluted
   1 development
   1 detailed
   1 design
   1 descriptive
   1 dept
   1 depressions
   1 depression
   1 deployment
   1 deployed
   1 department
   1 defined
   1 deeper
   1 dee
   1 decreasing
   1 decoupled
   1 decemberh
   1 december
   1 debris
   1 dcs
   1 dates
   1 currently
   1 ctd
   1 crrel
   1 criteria
   1 cos
   1 corresponding
   1 correspondence
   1 corporation
   1 coriolis
   1 convention
   1 controversy
   1 contribute
   1 contours
   1 contains
   1 construction
   1 constructing
   1 constructed
   1 constriction
   1 constituents
   1 constant
   1 consists
   1 considerable
   1 connecting
   1 conformity
   1 conclusions
   1 conclusion
   1 concentrated
   1 computed
   1 composed
   1 components
   1 complex
   1 comparison
   1 company
   1 commission
   1 comm
   1 comes
   1 combined
   1 column
   1 color
   1 collection
   1 cold
   1 cobbles
   1 coastline
   1 close
   1 clockwise
   1 clear
   1 cites
   1 cited
   1 chinook
   1 chinitna
   1 charts
   1 charnell
   1 character
   1 channel
   1 changes
   1 chain
   1 centered
   1 center
   1 carried
   1 carpet
   1 capable
   1 came
   1 called
   1 cacchione
   1 bypass
   1 bureau
   1 buffler
   1 buck
   1 brown
   1 broad
   1 brings
   1 brief
   1 break
   1 boundarylayer
   1 boulders
   1 bordering
   1 block
   1 blm
   1 biological
   1 bimodality
   1 bho
   1 beyond
   1 behlke
   1 behind
   1 behavior
   1 bedrock
   1 bays
   1 bathymetry
   1 bathymetric
   1 basis
   1 basic
   1 baseline
   1 baselime
   1 background
   1 axial
   1 augustine
   1 attribute
   1 atomic
   1 atlantic
   1 assume
   1 assosciation
   1 arrays
   1 array
   1 army
   1 arise
   1 arctic
   1 arco
   1 aquatic
   1 approximately
   1 appropriate
   1 approach
   1 apply
   1 apparently
   1 aol
   1 another
   1 amount
   1 amer
   1 agkcosh
   1 age
   1 affect
   1 adjacent
   1 addition
   1 activities
   1 act
   1 acknowledges
   1 according
   1 abs
   1 aapg
