  92 helium
  72 ppb
  70 soil
  46 concentrations
  44 gas
  38 hot
  37 springs
  34 samples
  32 roosevelt
  32 area
  29 geothermal
  28 mercury
  26 soils
  24 utah
  23 fault
  23 collected
  22 opal
  19 sample
  18 mound
  18 air
  16 high
  15 vacutainer
  15 tube
  15 survey
  15 line
  15 east
  14 west
  14 thermal
  14 table
  14 geological
  13 ppm
  12 study
  11 tubes
  11 traverses
  11 standard
  11 meters
  11 fig
  11 added
  10 well
  10 kgra
  10 figure
   9 wells
   9 volume
   9 resistivity
   9 known
   9 geology
   9 analysis
   8 space
   8 sill
   8 low
   8 gradients
   8 faults
   8 deviation
   8 beaver
   8 ambient
   7 vacutainers
   7 used
   7 university
   7 syringe
   7 sampled
   7 salt
   7 report
   7 pore
   7 part
   7 occurred
   7 lake
   7 field
   7 department
   7 days
   7 city
   7 around
   7 along
   7 across
   6 weight
   6 ward
   6 south
   6 resource
   6 mean
   6 hinkle
   6 gradient
   6 filling
   6 excess
   6 contract
   6 analyzed
   5 use
   5 two
   5 sites
   5 results
   5 producing
   5 probe
   5 northern
   5 near
   5 moisture
   5 mixture
   5 gases
   5 filled
   5 empty
   5 denton
   5 county
   5 contents
   5 containing
   5 collection
   5 amount
   4 various
   4 stopper
   4 sees
   4 recovered
   4 others
   4 north
   4 negro
   4 mountains
   4 mineral
   4 measurements
   4 measured
   4 mag
   4 highest
   4 geothermex
   4 geophysics
   4 dry
   4 deep
   4 dead
   4 concentration
   4 alteration
   3 zone
   3 water
   3 wash
   3 time
   3 studies
   3 storage
   3 spacings
   3 sniffer
   3 set
   3 see
   3 science
   3 rubber
   3 residual
   3 remove
   3 ranged
   3 petersen
   3 pattern
   3 overpressured
   3 leaked
   3 hydrothermal
   3 hulen
   3 figs
   3 detector
   3 contours
   3 contour
   3 contained
   3 comparison
   3 coincided
   3 capuano
   3 bamford
   3 associated
   2 withdrawn
   2 wide
   2 visible
   2 vicinity
   2 vaughn
   2 values
   2 valley
   2 united
   2 top
   2 three
   2 temperature
   2 technique
   2 system
   2 steamwell
   2 states
   2 six
   2 site
   2 silicone
   2 several
   2 separation
   2 sampling
   2 run
   2 rocks
   2 research
   2 reproducibility
   2 relationship
   2 related
   2 references
   2 procedure
   2 probes
   2 preparing
   2 preparation
   2 power
   2 percent
   2 parts
   2 parry
   2 page
   2 one
   2 occur
   2 nielson
   2 needle
   2 nearly
   2 mundorff
   2 multiples
   2 mineralogical
   2 mil
   2 might
   2 meteoric
   2 mccarthy
   2 map
   2 main
   2 loss
   2 location
   2 located
   2 less
   2 laboratory
   2 kilburn
   2 introduction
   2 intervals
   2 interior
   2 injecting
   2 injected
   2 hypodermic
   2 however
   2 holes
   2 glue
   2 geochemistry
   2 front
   2 friedman
   2 flow
   2 first
   2 features
   2 escalante
   2 eastwest
   2 earth
   2 due
   2 drill
   2 difference
   2 determine
   2 depths
   2 depth
   2 davies
   2 counties
   2 could
   2 continued
   2 compare
   2 company
   2 cause
   2 calculated
   2 brand
   2 bodell
   2 billion
   2 average
   2 appendix
   2 anomalously
   2 analyses
   2 alluvium
   2 activity
   1 zero
   1 within
   1 whelan
   1 western
   1 waters
   1 wan
   1 vortex
   1 volcanic
   1 vmard
   1 vllt
   1 vaoutainers
   1 using
   1 usefulness
   1 unknown
   1 undried
   1 underlying
   1 ultrasonic
   1 turner
   1 tuffs
   1 tti
   1 town
   1 times
   1 though
   1 thickness
   1 thick
   1 theoretical
   1 test
   1 ten
   1 tari
   1 tapia
   1 taking
   1 tables
   1 systems
   1 surveys
   1 surveyed
   1 surface
   1 summary
   1 submicrogram
   1 studied
   1 stratigraphy
   1 stoppers
   1 stopped
   1 stones
   1 stirring
   1 stirrer
   1 steel
   1 steam
   1 stand
   1 srreanueni
   1 spring
   1 southern
   1 sodelli
   1 small
   1 slowly
   1 slightly
   1 size
   1 situated
   1 sinter
   1 silli
   1 silicic
   1 siliceous
   1 significant
   1 sieved
   1 side
   1 sibbett
   1 shallow
   1 seven
   1 sets
   1 selection
   1 seen
   1 seconds
   1 sealed
   1 scraping
   1 scale
   1 samp
   1 samberg
   1 rooseveit
   1 roos
   1 return
   1 resources
   1 resort
   1 reservoir
   1 removing
   1 removed
   1 removal
   1 regions
   1 region
   1 reason
   1 ranges
   1 range
   1 quaternary
   1 quarry
   1 purposes
   1 punoy
   1 pulverized
   1 program
   1 professional
   1 previously
   1 previous
   1 pressurize
   1 pressure
   1 present
   1 pounding
   1 potential
   1 possibility
   1 portable
   1 plugged
   1 placed
   1 phillips
   1 phi
   1 petroleum
   1 peterson
   1 per
   1 patterns
   1 particles
   1 parallel
   1 par
   1 paper
   1 pad
   1 overoressured
   1 organic
   1 ond
   1 omtxant
   1 oir
   1 ocua
   1 october
   1 occupied
   1 obtained
   1 northeast
   1 nonfaulted
   1 nominal
   1 neck
   1 necessary
   1 national
   1 nash
   1 named
   1 name
   1 much
   1 mtllium
   1 mtan
   1 mountain
   1 moore
   1 mixed
   1 mineralization
   1 million
   1 milliliters
   1 millard
   1 middle
   1 method
   1 meter
   1 mesh
   1 measuring
   1 measurement
   1 measure
   1 mckinney
   1 may
   1 margaret
   1 march
   1 major
   1 lost
   1 long
   1 localizing
   1 little
   1 leased
   1 leakage
   1 lard
   1 lands
   1 laboratories
   1 krn
   1 journal
   1 jaeox
   1 irving
   1 investigation
   1 interval
   1 intensively
   1 instrumental
   1 inserting
   1 inn
   1 injection
   1 initial
   1 ing
   1 including
   1 included
   1 important
   1 illustrations
   1 ikm
   1 iii
   1 ies
   1 huua
   1 hour
   1 hound
   1 hollow
   1 hole
   1 hill
   1 highway
   1 highly
   1 higher
   1 helps
   1 heat
   1 groups
   1 group
   1 ground
   1 godhorrriol
   1 goals
   1 geottermal
   1 geophysical
   1 geologic
   1 fractures
   1 fractured
   1 foundation
   1 ford
   1 following
   1 flush
   1 flows
   1 flap
   1 flame
   1 final
   1 fill
   1 ffliuhes
   1 faulted
   1 extends
   1 expression
   1 exposures
   1 exposed
   1 explain
   1 experimental
   1 expelled
   1 expand
   1 existed
   1 except
   1 evans
   1 evacuating
   1 evacuated
   1 essentially
   1 ess
   1 erda
   1 ercury
   1 equilibrated
   1 equilibrate
   1 entire
   1 enough
   1 endorsement
   1 end
   1 either
   1 edge
   1 ean
   1 dried
   1 domes
   1 dome
   1 distinguish
   1 dispersed
   1 discharged
   1 discarded
   1 dirt
   1 direct
   1 dipoles
   1 different
   1 developing
   1 developed
   1 determined
   1 determination
   1 details
   1 descriptive
   1 described
   1 deposits
   1 deposit
   1 depended
   1 denver
   1 defecit
   1 dedolph
   1 debris
   1 day
   1 data
   1 cxl
   1 cws
   1 cross
   1 countyn
   1 correlation
   1 corporation
   1 coordinate
   1 constitute
   1 constant
   1 consequently
   1 confined
   1 coneentralions
   1 conclusion
   1 concentrated
   1 compared
   1 coincides
   1 cloth
   1 clay
   1 cited
   1 centered
   1 case
   1 care
   1 called
   1 calibrated
   1 cai
   1 bulletin
   1 bryant
   1 brushed
   1 bringing
   1 brine
   1 break
   1 bowman
   1 bowers
   1 bounded
   1 booo
   1 blood
   1 bigelow
   1 better
   1 belt
   1 bedrock
   1 bath
   1 bags
   1 away
   1 avoid
   1 averaged
   1 attempted
   1 attached
   1 atop
   1 atomic
   1 atmospheric
   1 assumed
   1 areas
   1 ard
   1 appears
   1 apparent
   1 analytical
   1 analyst
   1 also
   1 allowed
   1 alignment
   1 aligned
   1 airtight
   1 aid
   1 agrees
   1 agitated
   1 affect
   1 additional
   1 adamsvillei
   1 actual
   1 abstract
   1 absorption
   1 abandoned
