  90 data
  57 sdls
  46 antarctic
  36 seismic
  36 mcs
  22 research
  22 cooper
  18 science
  13 studies
  13 stratigraphy
  13 project
  12 margin
  12 drilling
  11 sea
  11 scar
  11 library
  11 antostrat
  10 wardell
  10 use
  10 system
  10 goal
  10 collaboration
   9 report
   9 ipy
   9 http
   9 geoscience
   9 continental
   9 community
   9 also
   8 workshop
   8 used
   8 international
   8 cooperative
   7 years
   7 sharing
   7 reflection
   7 antarctica
   6 unified
   6 ross
   6 marine
   6 guidelines
   6 figure
   6 earth
   6 collectors
   6 collaborative
   6 cenozoic
   6 atcm
   5 treaty
   5 scientific
   5 programs
   5 program
   5 odp
   5 history
   5 groups
   5 geological
   5 geologic
   5 collected
   5 barker
   4 via
   4 usa
   4 symposium
   4 surveys
   4 support
   4 stratigraphic
   4 regions
   4 provide
   4 protocol
   4 protection
   4 principally
   4 press
   4 plate
   4 paper
   4 national
   4 multichannel
   4 maps
   4 land
   4 group
   4 focused
   4 environmental
   4 due
   4 cooperation
   4 collection
   4 australia
   3 webb
   3 survey
   3 submitted
   3 submission
   3 structure
   3 stagg
   3 researchers
   3 record
   3 recent
   3 proposals
   3 projects
   3 poster
   3 possible
   3 paleoenvironments
   3 openly
   3 july
   3 italy
   3 information
   3 hobart
   3 guideline
   3 geophysical
   3 geology
   3 framework
   3 five
   3 facilitating
   3 evolution
   3 equitable
   3 environment
   3 end
   3 edited
   3 derive
   3 deciphering
   3 current
   3 compile
   3 close
   3 childs
   3 camerlenghi
   3 brien
   3 brancolini
   3 banks
   3 background
   3 available
   3 andrill
   3 advances
   3 access
   2 world
   2 working
   2 without
   2 wilkes
   2 website
   2 ways
   2 usgs
   2 university
   2 trackline
   2 texas
   2 table
   2 summary
   2 suite
   2 successes
   2 success
   2 submissions
   2 study
   2 structural
   2 station
   2 sound
   2 since
   2 simply
   2 showing
   2 short
   2 sheet
   2 several
   2 september
   2 sciences
   2 sci
   2 scale
   2 road
   2 risks
   2 rights
   2 richter
   2 review
   2 results
   2 resources
   2 regional
   2 region
   2 reduce
   2 recommendation
   2 recently
   2 provides
   2 provided
   2 proposed
   2 promoting
   2 promote
   2 proc
   2 polar
   2 planning
   2 peninsula
   2 past
   2 participants
   2 part
   2 park
   2 paleoenvironmental
   2 paleobathymetry
   2 overdue
   2 operated
   2 open
   2 offshore
   2 ocean
   2 multinational
   2 middlefield
   2 menlo
   2 mcmurdo
   2 map
   2 managers
   2 leg
   2 kristoffersen
   2 japan
   2 individual
   2 incorporated
   2 incentives
   2 implemented
   2 ice
   2 holdings
   2 help
   2 glacial
   2 geofisica
   2 focus
   2 florindo
   2 first
   2 facilitate
   2 extended
   2 existing
   2 enhance
   2 either
   2 eds
   2 east
   2 drilled
   2 distribution
   2 decipher
   2 countries
   2 consensus
   2 committee
   2 college
   2 collector
   2 climate
   2 cape
   2 besides
   2 bay
   2 barrett
   2 auspices
   2 atlas
   2 areas
   2 additional
   2 addendum
   2 acton
   2 activity
   2 action
   2 achieving
   2 achieve
   2 ace
   2 accessible
   2 abstracts
   2 abstract
   1 yngve
   1 year
   1 would
   1 workshops
   1 within
   1 way
   1 washington
   1 viewed
   1 victoria
   1 valued
   1 updated
   1 unlike
   1 unique
   1 understanding
   1 umbrella
   1 two
   1 trieste
   1 traced
   1 tool
   1 tokyo
   1 timelines
   1 time
   1 third
   1 thematic
   1 thank
   1 territory
   1 terre
   1 terra
   1 techniques
   1 technical
   1 tabulations
   1 systems
   1 successful
   1 subsequent
   1 submitting
   1 stratigraphies
   1 strata
   1 states
   1 statement
   1 stages
   1 sperimentale
   1 special
   1 sources
   1 solli
   1 soli
   1 slow
   1 sliter
   1 sixth
   1 site
   1 significant
   1 shown
   1 sgonico
   1 set
   1 served
   1 sent
   1 sensitivities
   1 seeks
   1 seeking
   1 see
   1 sediments
   1 sedimentologists
   1 sediment
   1 secondary
   1 scotia
   1 scientists
   1 scarace
   1 sampling
   1 samples
   1 safe
   1 rossmap
   1 rome
   1 role
   1 roberts
   1 robert
   1 revise
   1 reviews
   1 resurveying
   1 restriction
   1 responsibly
   1 reside
   1 res
   1 requested
   1 representing
   1 reports
   1 relating
   1 regimes
   1 references
   1 recorded
   1 realistic
   1 raymond
   1 ray
   1 rapidly
   1 ranging
   1 raised
   1 questions
   1 quaderni
   1 publications
   1 publication
   1 prydz
   1 protect
   1 property
   1 proper
   1 promotes
   1 prohibits
   1 products
   1 processes
   1 proceedings
   1 procedures
   1 principal
   1 previously
   1 presented
   1 potential
   1 policies
   1 plates
   1 plans
   1 phil
   1 phanerozoic
   1 permit
   1 period
   1 parties
   1 papers
   1 paleoclimates
   1 paleoceanographic
   1 oversight
   1 overseen
   1 outlines
   1 others
   1 oslo
   1 organizations
   1 organizational
   1 operational
   1 operation
   1 operating
   1 online
   1 ogs
   1 oceanografia
   1 objectives
   1 objective
   1 nwardell
   1 norway
   1 noise
   1 nazionale
   1 navigation
   1 multiple
   1 morphology
   1 monitoring
   1 monika
   1 model
   1 minimizing
   1 mineral
   1 members
   1 may
   1 margins
   1 many
   1 mandates
   1 mammal
   1 maldonado
   1 making
   1 major
   1 made
   1 locations
   1 local
   1 lists
   1 likely
   1 likelihood
   1 lies
   1 level
   1 leitchenkov
   1 law
   1 late
   1 last
   1 largely
   1 kuvaas
   1 known
   1 keystone
   1 key
   1 john
   1 jchilds
   1 istituto
   1 isaes
   1 iodp
   1 investigators
   1 introduction
   1 interpretations
   1 interpretation
   1 interpret
   1 interested
   1 interactively
   1 intellectual
   1 integrated
   1 institute
   1 input
   1 initial
   1 inferred
   1 include
   1 improve
   1 implementation
   1 images
   1 image
   1 hubbart
   1 holes
   1 holds
   1 histories
   1 highly
   1 highlights
   1 higher
   1 helpful
   1 helped
   1 heart
   1 hambrey
   1 guseva
   1 grotta
   1 greatest
   1 graphic
   1 glasser
   1 glaciomarine
   1 glacimarine
   1 glaciation
   1 gives
   1 given
   1 gigante
   1 getting
   1 geoscientists
   1 geopolitical
   1 gandjukhin
   1 functioning
   1 fully
   1 frames
   1 formulating
   1 finn
   1 filled
   1 fairly
   1 facilitated
   1 faced
   1 exclusively
   1 exclusive
   1 examples
   1 every
   1 established
   1 establish
   1 erice
   1 eric
   1 entire
   1 ensure
   1 encouraged
   1 educating
   1 downloaded
   1 documents
   1 diviacco
   1 discuss
   1 direen
   1 dimmed
   1 digital
   1 difficulties
   1 differs
   1 differentiates
   1 developing
   1 designed
   1 described
   1 derived
   1 deposits
   1 depositional
   1 delineating
   1 decade
   1 date
   1 currently
   1 cruises
   1 created
   1 create
   1 coverage
   1 country
   1 coring
   1 convener
   1 contributions
   1 contribution
   1 continuing
   1 consultative
   1 conference
   1 conducting
   1 conducted
   1 compliation
   1 compliance
   1 complete
   1 compiling
   1 compiled
   1 compilations
   1 communityagreed
   1 commonly
   1 comments
   1 come
   1 colwell
   1 coast
   1 citation
   1 circumantarctic
   1 christoffersen
   1 chart
   1 characteristics
   1 changing
   1 change
   1 center
   1 carson
   1 carol
   1 brown
   1 bringing
   1 breitzke
   1 branches
   1 borissova
   1 borgo
   1 bernadel
   1 behrendt
   1 basis
   1 based
   1 bank
   1 balances
   1 australian
   1 augment
   1 attaining
   1 association
   1 article
   1 area
   1 april
   1 appropriate
   1 approach
   1 appreciate
   1 anthropogenic
   1 antarct
   1 andrés
   1 anderson
   1 along
   1 almost
   1 agu
   1 ago
   1 agency
   1 affect
   1 adélie
   1 advanced
   1 adoption
   1 adopted
   1 additionally
   1 activities
   1 actively
   1 acted
   1 acquiring
   1 acoustics
   1 acoustic
   1 acooper
   1 acknowledgements
   1 acknowledgement
   1 accomplished
   1 accessed
   1 academies
