  55 brown
  30 white
  25 replacement
  22 jasperoid
  18 sample
  18 prospect
  18 mining
  17 vein
  17 grey
  16 ppb
  16 minerals
  16 gray
  15 massive
  15 district
  14 mine
  13 vfg
  13 samples
  13 rock
  12 vcg
  12 microxln
  11 vuggy
  11 utah
  11 quadrangle
  11 gold
  11 frothy
  11 delta
  10 porphyritic
  10 limestone
  10 hill
  10 green
  10 granodiorite
  10 areas
   9 zone
   9 survey
   9 galena
   9 area
   8 springs
   8 skarn
   8 sericite
   7 table
   7 stained
   7 results
   7 range
   7 others
   7 dike
   7 collected
   7 clay
   7 appendix
   7 analyses
   7 altered
   7 alteration
   6 zimbelman
   6 tintic
   6 quartzite
   6 porphyry
   6 peak
   6 equigranular
   6 drum
   6 cuts
   6 continued
   5 yellow
   5 visible
   5 veinlets
   5 staining
   5 location
   5 heavily
   5 grained
   5 geological
   5 geochemical
   5 descriptions
   5 black
   5 bedding
   4 trend
   4 studies
   4 sabie
   4 report
   4 red
   4 ppm
   4 oro
   4 marble
   4 maps
   4 malachite
   4 information
   4 homogranular
   4 granite
   4 gouge
   4 description
   4 cut
   4 creek
   4 contains
   4 cinnabar
   4 barite
   4 analysis
   3 woodman
   3 west
   3 vugs
   3 volcanic
   3 thick
   3 sulfide
   3 study
   3 standard
   3 silicified
   3 selected
   3 scattered
   3 sand
   3 rocks
   3 replaced
   3 purposes
   3 platinum
   3 pass
   3 oxide
   3 notch
   3 minor
   3 mines
   3 midas
   3 materials
   3 late
   3 hot
   3 host
   3 gossan
   3 geology
   3 geologic
   3 garnet
   3 fish
   3 erickson
   3 elements
   3 districts
   3 detroit
   3 deep
   3 data
   3 dark
   3 cusmap
   3 confusion
   3 collection
   3 close
   3 clays
   3 clasts
   3 chrysocolla
   3 chalcopyrite
   3 baker
   3 along
   2 yellowish
   2 willow
   2 wide
   2 wash
   2 values
   2 united
   2 types
   2 treasure
   2 total
   2 tillite
   2 thompson
   2 sulfosalt
   2 stringers
   2 stresses
   2 states
   2 spring
   2 sphalerite
   2 spectrometry
   2 several
   2 rounded
   2 roadside
   2 rhyolite
   2 rey
   2 represent
   2 reported
   2 replacment
   2 related
   2 references
   2 reaper
   2 provide
   2 presented
   2 pockets
   2 plata
   2 plasma
   2 pine
   2 pervasive
   2 per
   2 pebbles
   2 parts
   2 partially
   2 north
   2 mtn
   2 mostly
   2 molybdenite
   2 methods
   2 method
   2 meier
   2 mass
   2 map
   2 ltt
   2 light
   2 latite
   2 lake
   2 iron
   2 introduction
   2 intensely
   2 inductively
   2 index
   2 ibex
   2 hintze
   2 highly
   2 granular
   2 geol
   2 generally
   2 friable
   2 fracture
   2 figure
   2 field
   2 examinations
   2 dugway
   2 diorite
   2 described
   2 del
   2 coupled
   2 comparative
   2 chief
   2 carbonate
   2 brief
   2 bond
   2 blue
   2 azurite
   2 associated
   2 approx
   2 analytical
   2 also
   2 actinolite
   2 across
   1 young
   1 wollastonite
   1 within
   1 whtie
   1 weathered
   1 wad
   1 volcanoe
   1 vicinity
   1 veins
   1 varying
   1 various
   1 variety
   1 varied
   1 van
   1 valley
   1 using
   1 usgs
   1 useful
   1 use
   1 university
   1 undifferentiated
   1 type
   1 tufa
   1 trout
   1 trixie
   1 trade
   1 tourmaline
   1 tooele
   1 texture
   1 taggart
   1 tables
   1 system
   1 symposium
   1 swansea
   1 surrounding
   1 surfaces
   1 supplements
   1 sunset
   1 succinctly
   1 succinct
   1 subjected
   1 stratigraphic
   1 stibnite
   1 stardust
   1 standards
   1 staats
   1 spgs
   1 spg
   1 spectroscopy
   1 speckled
   1 special
   1 source
   1 small
   1 sioux
   1 silver
   1 silicification
   1 sickle
   1 showers
   1 sheeprock
   1 shaley
   1 shale
   1 shades
   1 sevier
   1 set
   1 sericitized
   1 segregations
   1 see
   1 secondary
   1 scotia
   1 scorodite
   1 salt
   1 ruthenium
   1 rodenhouse
   1 robert
   1 ridge
   1 rhodochrosite
   1 rhodium
   1 reviewed
   1 research
   1 replicate
   1 replacements
   1 relatively
   1 relative
   1 recrytallized
   1 recent
   1 raul
   1 rapid
   1 quartz
   1 purple
   1 pure
   1 publication
   1 provides
   1 provided
   1 propylitically
   1 proportion
   1 program
   1 previously
   1 preliminary
   1 precision
   1 precambrian
   1 pluton
   1 phil
   1 phenocrysts
   1 pervasively
   1 perth
   1 partial
   1 parallels
   1 parallel
   1 paper
   1 palladium
   1 page
   1 outcrops
   1 orient
   1 ore
   1 one
   1 occurs
   1 obtained
   1 number
   1 note
   1 nickel
   1 nevada
   1 nearby
   1 near
   1 names
   1 nakagawa
   1 muscovite
   1 multidisciplinary
   1 much
   1 mountains
   1 mounds
   1 mottled
   1 moderate
   1 mizpah
   1 mineralogy
   1 mineralizing
   1 mineralized
   1 mineralization
   1 mineral
   1 million
   1 millard
   1 milky
   1 miiford
   1 mesozoic
   1 medium
   1 may
   1 material
   1 martha
   1 maroon
   1 manganese
   1 lucky
   1 locality
   1 local
   1 little
   1 lithic
   1 lists
   1 listed
   1 limits
   1 less
   1 length
   1 knob
   1 klondike
   1 king
   1 keystone
   1 keg
   1 kaolinite
   1 juab
   1 jack
   1 iridium
   1 intl
   1 international
   1 interior
   1 indian
   1 including
   1 includes
   1 imply
   1 ibapah
   1 hornblende
   1 homogeneous
   1 history
   1 hematite
   1 harker
   1 hard
   1 hageman
   1 group
   1 groundmass
   1 greater
   1 grayish
   1 gram
   1 goshute
   1 golden
   1 given
   1 gathered
   1 garrison
   1 garnets
   1 garnetite
   1 full
   1 fresh
   1 fractured
   1 forms
   1 formatted
   1 follows
   1 followed
   1 fluorite
   1 five
   1 fire
   1 fine
   1 figures
   1 fig
   1 fibrous
   1 fey
   1 feldspar
   1 fault
   1 extensional
   1 except
   1 euhedral
   1 estimated
   1 eph
   1 entire
   1 endorsement
   1 employees
   1 emma
   1 editorial
   1 earthy
   1 eagle
   1 dumps
   1 dolomite
   1 distr
   1 deviation
   1 determination
   1 detection
   1 detailed
   1 descriptive
   1 deposits
   1 department
   1 denver
   1 deeply
   1 death
   1 day
   1 david
   1 crystals
   1 cretaceous
   1 counties
   1 copperrhead
   1 copper
   1 continuing
   1 conterminous
   1 contents
   1 consisting
   1 conformity
   1 conducted
   1 compressive
   1 composed
   1 complete
   1 comments
   1 colored
   1 color
   1 code
   1 coarse
   1 clorite
   1 city
   1 chokecherry
   1 chlorite
   1 chalcedony
   1 cct
   1 cccalcite
   1 carlson
   1 carbonated
   1 canyon
   1 cane
   1 cactus
   1 bullock
   1 brigham
   1 brecciated
   1 breccia
   1 box
   1 bluebell
   1 blood
   1 billion
   1 big
   1 better
   1 bells
   1 beginning
   1 beat
   1 bates
   1 based
   1 barnes
   1 baldy
   1 australia
   1 atomic
   1 assoc
   1 assessment
   1 assemblages
   1 assay
   1 arts
   1 argillically
   1 arbogast
   1 appendices
   1 aplitic
   1 aphanitic
   1 antelope
   1 angular
   1 analyzed
   1 american
   1 alien
   1 ajax
   1 age
   1 addition
   1 abundant
   1 abundances
   1 absorption
   1 abbreviations
