  43 basin
  24 shelf
  18 slope
  14 sedimentary
  13 province
  12 basins
  12 areas
  12 alaska
  11 gulf
  10 area
   9 rocks
   9 provinces
   8 volumes
   8 varnes
   8 survey
   8 states
   8 rock
   8 geological
   7 santa
   7 report
   7 eastern
   7 dolton
   7 coast
   6 volume
   6 united
   6 river
   6 oil
   6 gas
   6 atlantic
   5 western
   5 uplift
   5 total
   5 region
   5 onshore
   5 map
   5 interior
   4 range
   4 offshore
   4 north
   4 new
   4 mexico
   4 maps
   4 kodiak
   4 index
   4 distribution
   4 deep
   4 belt
   4 arch
   3 southwestern
   3 southern
   3 sheet
   3 shallow
   3 scott
   3 resource
   3 poorly
   3 point
   3 plateau
   3 pacific
   3 overthrust
   3 others
   3 one
   3 northern
   3 montana
   3 mcmullin
   3 maria
   3 lower
   3 known
   3 included
   3 florida
   3 figure
   3 estimate
   3 coury
   3 coastal
   3 circular
   3 chukchi
   3 central
   3 assessment
   3 accurately
   2 zhemchug
   2 undiscovered
   2 texas
   2 table
   2 strait
   2 southeastern
   2 sioux
   2 shumagin
   2 showing
   2 shelikof
   2 shading
   2 san
   2 ridges
   2 ridge
   2 resources
   2 references
   2 recoverable
   2 powers
   2 plain
   2 pike
   2 peninsula
   2 outer
   2 number
   2 navarin
   2 names
   2 michigan
   2 lowlands
   2 listed
   2 khan
   2 island
   2 introduction
   2 inner
   2 inlet
   2 hope
   2 frezon
   2 foothills
   2 estimates
   2 estimated
   2 eel
   2 denotes
   2 data
   2 cruz
   2 cook
   2 conventional
   2 channel
   2 bristol
   2 bodega
   2 beaufort
   2 barbara
   2 assessed
   2 arena
   2 aleutian
   1 wyoming
   1 worth
   1 within
   1 wind
   1 williston
   1 west
   1 warrior
   1 views
   1 ventura
   1 units
   1 umnak
   1 trough
   1 totals
   1 tabulated
   1 sweetgrass
   1 study
   1 straits
   1 statistical
   1 standards
   1 standard
   1 specific
   1 southeast
   1 south
   1 small
   1 sequences
   1 sedgwick
   1 scale
   1 salt
   1 salina
   1 sacramento
   1 roughly
   1 rocky
   1 rift
   1 reviewed
   1 respect
   1 resolved
   1 reported
   1 regional
   1 reflect
   1 recent
   1 raten
   1 purposes
   1 published
   1 prospective
   1 primarily
   1 preliminary
   1 powder
   1 position
   1 platform
   1 planimetry
   1 plains
   1 piedmont
   1 permian
   1 pedernal
   1 parts
   1 park
   1 paradox
   1 palo
   1 page
   1 ozark
   1 overall
   1 oklahoma
   1 occur
   1 norton
   1 nonprospective
   1 nemaha
   1 necessarily
   1 mountains
   1 may
   1 marathon
   1 luis
   1 los
   1 lister
   1 lines
   1 las
   1 larger
   1 katharine
   1 kansas
   1 juan
   1 joaquin
   1 isopach
   1 iowa
   1 ion
   1 involved
   1 intrusions
   1 interlayers
   1 incidental
   1 illustrations
   1 illinois
   1 igneous
   1 humboldt
   1 however
   1 hern
   1 great
   1 grande
   1 gordon
   1 george
   1 frustum
   1 formulae
   1 forest
   1 footnotes
   1 fold
   1 figures
   1 feet
   1 excludes
   1 excluded
   1 exception
   1 editorial
   1 east
   1 duro
   1 downwarp
   1 doiton
   1 determined
   1 derived
   1 department
   1 denver
   1 deformed
   1 define
   1 deeply
   1 deeper
   1 crovelli
   1 copper
   1 contents
   1 conformity
   1 concerned
   1 compiled
   1 colorado
   1 city
   1 cincinnati
   1 cherokee
   1 chart
   1 charpentier
   1 carolina
   1 carlson
   1 cambridge
   1 buried
   1 brooks
   1 boundary
   1 boundaries
   1 blue
   1 blake
   1 black
   1 big
   1 bend
   1 basics
   1 background
   1 available
   1 arkoma
   1 arizona
   1 arctic
   1 appraisal
   1 application
   1 appalachians
   1 appalachian
   1 animas
   1 angeles
   1 anadarko
   1 altered
   1 also
   1 adequately
