  23 saul
  22 alderson
  20 tss
  19 usgs
  18 weber
  18 sandstone
  18 map
  15 ucla
  15 cdmg
  14 unpub
  13 kew
  13 california
  11 simi
  11 formation
  11 almgren
  10 zinsmeister
  10 thickness
  10 quadrangle
   9 ucr
   9 survey
   8 uoc
   8 siltstone
   8 calabasas
   7 uses
   7 ttc
   7 shale
   7 miocene
   7 geology
   7 cretaceous
   7 cit
   6 yerkes
   6 squires
   6 southern
   6 sec
   6 paleocene
   6 marine
   6 late
   6 geol
   6 eocene
   5 valley
   5 upper
   5 thick
   5 soc
   5 preliminary
   5 pac
   5 mineral
   5 middle
   5 mem
   5 los
   5 located
   5 holocene
   5 geological
   5 geologic
   5 econ
   5 early
   5 angeles
   4 vol
   4 ventura
   4 units
   4 table
   4 pleistocene
   4 paleont
   4 oil
   4 morton
   4 hills
   4 field
   4 exploratory
   4 data
   4 conglomerate
   4 collection
   4 chiefly
   4 campbell
   4 area
   3 wells
   3 trip
   3 thin
   3 stage
   3 silt
   3 showalter
   3 sand
   3 referred
   3 others
   3 number
   3 modified
   3 minor
   3 mines
   3 link
   3 knapp
   3 gravel
   3 fossil
   3 fall
   3 div
   3 deposits
   3 colburn
   3 clay
   3 chatsworth
   3 bull
   3 breccia
   3 beds
   3 bedded
   3 alluvium
   3 age
   3 additions
   2 years
   2 well
   2 volcanics
   2 usa
   2 univ
   2 unconsolidated
   2 uncemented
   2 tto
   2 topanga
   2 tmc
   2 tinsley
   2 susana
   2 stratigraphic
   2 southwest
   2 source
   2 silty
   2 showing
   2 scope
   2 scale
   2 santa
   2 rpt
   2 report
   2 refers
   2 reddish
   2 questionable
   2 qao
   2 pliocene
   2 pebbly
   2 parts
   2 paleo
   2 open
   2 nonmarine
   2 nomenclature
   2 new
   2 name
   2 molluscan
   2 mml
   2 microfossil
   2 materials
   2 macrofossil
   2 lower
   2 locally
   2 local
   2 llajas
   2 least
   2 investigations
   2 inferred
   2 industries
   2 include
   2 group
   2 grained
   2 form
   2 fine
   2 filewicz
   2 file
   2 figure
   2 faa
   2 editors
   2 editor
   2 drilled
   2 dotted
   2 dip
   2 diatomaceous
   2 county
   2 counties
   2 contain
   2 congomerate
   2 conejo
   2 concealed
   2 compilation
   2 collections
   2 cenozoic
   2 cemented
   2 assignment
   2 arkosic
   2 approximately
   2 agglomerate
   1 youd
   1 yield
   1 wentworth
   1 weaver
   1 volcanic
   1 virgenes
   1 using
   1 use
   1 uppermost
   1 unit
   1 undivided
   1 underlies
   1 turner
   1 turbidites
   1 ttcc
   1 tsc
   1 troughline
   1 triunfo
   1 trade
   1 towsley
   1 total
   1 tms
   1 tmd
   1 tmb
   1 tlv
   1 thus
   1 thrust
   1 throughout
   1 thousand
   1 terrace
   1 terminal
   1 temblor
   1 teeth
   1 teddy
   1 technology
   1 tcab
   1 system
   1 symbols
   1 surficial
   1 supporting
   1 subject
   1 strike
   1 strata
   1 steele
   1 standards
   1 stages
   1 southerncalifornia
   1 south
   1 soft
   1 smith
   1 slightly
   1 simons
   1 silstone
   1 siliceous
   1 side
   1 shales
   1 series
   1 sequences
   1 see
   1 section
   1 scanned
   1 rucker
   1 road
   1 riverside
   1 reworked
   1 reviewed
   1 resources
   1 regard
   1 reflect
   1 refining
   1 references
   1 reconnaissance
   1 query
   1 queried
   1 quartzite
   1 quarter
   1 quadrangles
   1 qls
   1 qay
   1 qal
   1 purposes
   1 progresses
   1 product
   1 processed
   1 price
   1 prelim
   1 potential
   1 porous
   1 plate
   1 pis
   1 petroleum
   1 petrol
   1 perkins
   1 pebble
   1 particularly
   1 part
   1 park
   1 parent
   1 paper
   1 palo
   1 paleontologic
   1 operator
   1 one
   1 olympic
   1 old
   1 oct
   1 oaks
   1 north
   1 necessary
   1 names
   1 mudstones
   1 mudstone
   1 mudrock
   1 much
   1 mostly
   1 molluscs
   1 mollusca
   1 mohnian
   1 modification
   1 modelo
   1 middlefield
   1 menlo
   1 member
   1 meganos
   1 medium
   1 mccarthy
   1 massive
   1 martinez
   1 martin
   1 maps
   1 mapped
   1 many
   1 major
   1 maestrichtian
   1 macrofossils
   1 mabel
   1 localities
   1 liquefaction
   1 less
   1 layers
   1 las
   1 largely
   1 landslides
   1 landslide
   1 kneuper
   1 kennedy
   1 jour
   1 introduction
   1 intoduction
   1 interlayered
   1 interior
   1 interbedded
   1 intended
   1 inst
   1 information
   1 indicates
   1 including
   1 inclined
   1 inc
   1 imply
   1 hope
   1 hole
   1 historically
   1 hale
   1 government
   1 gould
   1 gillespie
   1 getty
   1 george
   1 geographic
   1 generally
   1 frank
   1 fossils
   1 forms
   1 foraminifers
   1 foraminifera
   1 foraminfera
   1 flows
   1 flow
   1 flooded
   1 fitzgibbon
   1 firm
   1 fill
   1 fig
   1 faunas
   1 fauna
   1 exxon
   1 exposed
   1 explanation
   1 example
   1 evaluating
   1 escorpion
   1 endorsement
   1 eight
   1 editorial
   1 easton
   1 earthy
   1 eagle
   1 drlg
   1 doubtful
   1 dominantly
   1 divided
   1 diverse
   1 digitally
   1 digital
   1 designated
   1 descriptive
   1 description
   1 depth
   1 department
   1 dennis
   1 dacitic
   1 crummer
   1 crestline
   1 creek
   1 correlation
   1 corp
   1 corner
   1 core
   1 contact
   1 consolidated
   1 conoco
   1 conformity
   1 confidential
   1 company
   1 comado
   1 collector
   1 cold
   1 code
   1 cobbles
   1 clayey
   1 cisco
   1 chevron
   1 chen
   1 campanian
   1 burnt
   1 boulders
   1 bot
   1 bob
   1 benthic
   1 bedrock
   1 basic
   1 base
   1 basaltic
   1 barrett
   1 ation
   1 assoc
   1 artificial
   1 areas
   1 andesitic
   1 anderson
   1 american
   1 amer
   1 alien
   1 alacarte
   1 adaptation
   1 abundant
   1 abs
