 322 ore
 197 district
 163 deposits
 129 mine
 126 rocks
 126 pyrite
 122 limestone
 122 feet
 121 mountain
 118 area
 115 robinson
  97 quartz
  88 sphalerite
  85 minerals
  83 silver
  83 bodies
  79 galena
  74 small
  74 mining
  73 along
  71 tenmile
  71 mines
  71 colorado
  70 part
  69 faults
  66 replacement
  65 gulch
  63 quail
  63 gold
  63 found
  62 production
  61 pyrrhotite
  60 also
  58 tunnel
  58 formation
  57 copper
  55 precambrian
  54 white
  54 veins
  52 member
  52 fault
  51 percent
  50 minturn
  49 large
  48 range
  48 east
  47 lead
  46 elk
  44 zinc
  44 sedimentary
  44 mineral
  42 porphyry
  42 kokomo
  42 chalcopyrite
  41 workings
  41 sulfide
  40 early
  40 beds
  38 several
  37 garnet
  37 fig
  37 creek
  37 age
  36 wilfley
  36 west
  36 ores
  36 jacque
  36 amounts
  35 table
  34 strike
  34 ounces
  34 locally
  34 body
  33 one
  33 lucky
  33 later
  33 dolomite
  32 probably
  32 oxidized
  32 much
  32 many
  31 wells
  31 new
  31 molybdenite
  31 lower
  31 less
  31 abundant
  30 tucker
  30 time
  30 rock
  30 migmatite
  30 mayflower
  30 masses
  29 per
  29 map
  29 koschmann
  28 monzonite
  28 marcasite
  28 figure
  27 throughout
  27 occurs
  27 mined
  27 maroon
  27 layers
  27 grains
  27 could
  26 zone
  26 surface
  26 south
  26 solutions
  26 minor
  26 fractures
  26 formed
  26 epidote
  26 climax
  25 total
  25 shaft
  25 ridge
  25 present
  25 north
  25 magnetite
  25 gneiss
  24 upper
  24 survey
  24 pink
  24 major
  24 geology
  24 deposited
  24 cut
  23 thick
  23 sulfides
  23 reported
  23 mosquito
  23 emmons
  23 cited
  22 parts
  22 paleozoic
  22 leadville
  22 general
  22 exposed
  22 depth
  22 deposition
  22 analyses
  21 two
  21 tertiary
  21 peak
  21 occur
  21 middle
  21 gray
  21 data
  21 biotite
  20 summit
  20 slope
  20 sections
  20 properties
  20 polished
  20 miles
  20 gulches
  20 geol
  20 gangue
  20 dip
  20 commonly
  19 ton
  19 side
  19 relations
  19 iron
  19 history
  19 granulite
  19 grade
  19 folds
  19 dikes
  19 banded
  19 areas
  18 temperature
  18 sills
  18 sequence
  18 sandstone
  18 report
  18 queen
  18 quartzite
  18 pacific
  18 noted
  18 near
  18 high
  18 group
  18 carbonate
  18 activity
  17 vein
  17 structure
  17 stage
  17 seen
  17 produced
  17 period
  17 pennsylvanian
  17 northeast
  17 may
  17 long
  17 late
  17 known
  17 intrusive
  17 incline
  17 however
  17 felicia
  17 clinton
  17 black
  17 apparently
  17 although
  16 york
  16 years
  16 tons
  16 thickness
  16 southeast
  16 searle
  16 movement
  16 massive
  16 made
  16 hematite
  16 first
  16 driven
  16 contain
  15 wilson
  15 unit
  15 states
  15 shoot
  15 samples
  15 plagioclase
  15 places
  15 lincoln
  15 level
  15 inches
  15 humbug
  15 forms
  15 elements
  15 developed
  15 content
  15 contains
  15 bergendahl
  15 across
  14 zones
  14 vicinity
  14 valley
  14 southwest
  14 showing
  14 show
  14 replaced
  14 pounds
  14 page
  14 northwest
  14 limestones
  14 except
  14 evidence
  14 development
  14 deposit
  14 crystals
  14 champion
  14 chalk
  14 associated
  13 units
  13 type
  13 three
  13 syncline
  13 property
  13 placer
  13 others
  13 molybdenum
  13 members
  13 maximum
  13 mass
  13 manganese
  13 granite
  13 grace
  13 given
  13 form
  13 field
  13 described
  13 considerable
  13 composition
  13 common
  13 blebs
  13 alteration
  12 western
  12 veinlets
  12 tweto
  12 top
  12 thin
  12 texture
  12 spectrographic
  12 smelting
  12 separated
  12 section
  12 original
  12 mountains
  12 mineralized
  12 microcline
  12 metal
  12 low
  12 local
  12 little
  12 least
  12 irregular
  12 hypogene
  12 henderson
  12 geologic
  12 generally
  12 economic
  12 distribution
  12 determined
  12 crest
  12 continued
  12 consolidated
  12 consists
  12 composed
  12 bed
  11 zoning
  11 vertical
  11 united
  11 typical
  11 temperatures
  11 stock
  11 shown
  11 sheep
  11 shale
  11 series
  11 seems
  11 sawatch
  11 rich
  11 red
  11 primary
  11 permian
  11 periods
  11 pegmatites
  11 open
  11 northern
  11 mineralization
  11 main
  11 largest
  11 larger
  11 interval
  11 index
  11 igneous
  11 hill
  11 eldorado
  11 county
  11 claims
  11 base
  11 amount
  11 according
  10 well
  10 victory
  10 various
  10 trend
  10 trace
  10 tiny
  10 system
  10 southern
  10 serial
  10 roughly
  10 rhyolite
  10 related
  10 regional
  10 producer
  10 place
  10 partly
  10 paragenesis
  10 oxides
  10 output
  10 numerous
  10 nearly
  10 native
  10 mostly
  10 microscope
  10 michigan
  10 ing
  10 inclusions
  10 free
  10 earlier
  10 dips
  10 dillon
  10 contact
  10 conspicuous
  10 close
  10 central
  10 breckenridge
  10 american
   9 year
   9 would
   9 within
   9 way
   9 value
   9 specimens
   9 smelters
   9 shoots
   9 scattered
   9 scale
   9 river
   9 quadrangle
   9 possibly
   9 plunge
   9 phenocrysts
   9 parallel
   9 outcrops
   9 operations
   9 okomo
   9 office
   9 normal
   9 metasomatism
   9 limonite
   9 individual
   9 indicate
   9 fissures
   9 faulting
   9 exploration
   9 eng
   9 end
   9 eagle
   9 directly
   9 colonel
   9 chlorite
   9 chemical
   9 cerussite
   9 breccia
   9 another
   9 america
   9 altered
   9 almost
   8 work
   8 wide
   8 weather
   8 washington
   8 volume
   8 varieties
   8 union
   8 trends
   8 stratigraphy
   8 stratigraphic
   8 sporadic
   8 smithsonite
   8 size
   8 shipped
   8 shaped
   8 secondary
   8 printing
   8 prices
   8 plume
   8 pearceite
   8 outcrop
   8 oschmann
   8 observed
   8 mineralogy
   8 metasedimentary
   8 metamorphism
   8 metamorphic
   8 metals
   8 light
   8 irregularly
   8 included
   8 important
   8 hornblende
   8 highway
   8 grained
   8 gneissic
   8 geological
   8 fractured
   8 formations
   8 foliation
   8 folded
   8 flank
   8 fairly
   8 due
   8 divide
   8 distributed
   8 diameter
   8 deformation
   8 dark
   8 containing
   8 contained
   8 consist
   8 cirques
   8 chief
   8 carbonates
   8 brecciated
   8 boundaries
   8 arkansas
   8 annual
   8 andradite
   7 world
   7 war
   7 vugs
   7 volcanic
   7 variety
   7 valued
   7 unknown
   7 types
   7 square
   7 source
   7 solution
   7 solid
   7 smelter
   7 similar
   7 short
   7 shafts
   7 sellers
   7 results
   7 relative
   7 ranges
   7 principal
   7 porphyritic
   7 pattern
   7 owing
   7 overlies
   7 offset
   7 occurred
   7 northward
   7 milling
   7 material
   7 limb
   7 increased
   7 gore
   7 garnets
   7 following
   7 fissure
   7 features
   7 faulted
   7 extended
   7 entire
   7 earliest
   7 distance
   7 displacement
   7 discovered
   7 dimension
   7 detail
   7 descriptions
   7 cracks
   7 converted
   7 considered
   7 conglomerate
   7 clear
   7 characterized
   7 characteristic
   7 bureau
   7 bur
   7 boston
   7 blue
   7 average
   7 anglesite
   7 addition
   6 yoder
   6 yielded
   6 written
   6 widespread
   6 widely
   6 virtually
   6 variable
   6 values
   6 underground
   6 trending
   6 took
   6 tectonic
   6 studies
   6 strata
   6 specimen
   6 southwestern
   6 sketch
   6 semiquantitative
   6 seem
   6 sample
   6 run
   6 revised
   6 replaces
   6 reopened
   6 relatively
   6 relation
   6 refining
   6 records
   6 prospecting
   6 program
   6 products
   6 pressures
   6 possible
   6 pegmatite
   6 paper
   6 ownership
   6 orthoclase
   6 origin
   6 occurrence
   6 narrow
   6 mill
   6 mile
   6 marked
   6 mapped
   6 malachite
   6 lined
   6 limited
   6 levels
   6 kullerud
   6 kimberly
   6 jasperoid
   6 introduction
   6 intervals
   6 increase
   6 importance
   6 hydrothermal
   6 great
   6 grain
   6 govt
   6 frmn
   6 fragments
   6 four
   6 followed
   6 exsolution
   6 euhedral
   6 element
   6 downward
   6 done
   6 detected
   6 deep
   6 covellite
   6 combined
   6 coarse
   6 closed
   6 cleavage
   6 characteristics
   6 chaffee
   6 certain
   6 ceased
   6 calcite
   6 burchard
   6 began
   6 became
   6 axes
   6 association
   6 aftermath
   5 weathered
   5 wavy
   5 wallrock
   5 vertically
   5 unpub
   5 tunnels
   5 town
   5 tion
   5 tetrahedrite
   5 tellurium
   5 supergene
   5 sunk
   5 summer
   5 sulfosalts
   5 suggestions
   5 structural
   5 strongly
   5 stages
   5 southeastern
   5 soon
   5 somewhat
   5 soc
   5 snow
   5 slightly
   5 siltstone
   5 shows
   5 showed
   5 shipments
   5 shear
   5 see
   5 rounded
   5 rough
   5 rocky
   5 rhodochrosite
   5 revealed
   5 region
   5 references
   5 raymond
   5 rather
   5 rate
   5 ranging
   5 quaternary
   5 quantitative
   5 pyrolusite
   5 psilomelane
   5 project
   5 price
   5 point
   5 phases
   5 permeability
   5 peerless
   5 patches
   5 pass
   5 originally
   5 older
   5 number
   5 none
   5 muscovite
   5 moved
   5 months
   5 might
   5 marine
   5 mainly
   5 macdonald
   5 ljj
   5 lineations
   5 july
   5 joined
   5 jack
   5 investigation
   5 intrusion
   5 information
   5 including
   5 inclined
   5 impregnated
   5 host
   5 grossularite
   5 fresh
   5 fold
   5 fluorite
   5 fine
   5 fillings
   5 filled
   5 fill
   5 fieldwork
   5 extent
   5 extension
   5 extend
   5 estimate
   5 either
   5 eastern
   5 drilling
   5 drilled
   5 drifts
   5 downdip
   5 disseminations
   5 different
   5 denver
   5 days
   5 crystal
   5 crushed
   5 crops
   5 counties
   5 contorted
   5 continuous
   5 continental
   5 contemporaneously
   5 consisting
   5 consistent
   5 consisted
   5 components
   5 completed
   5 company
   5 commerce
   5 clusters
   5 closely
   5 charles
   5 changed
   5 cavities
   5 came
   5 brief
   5 beneath
   5 bedding
   5 basis
   5 azurite
   5 axis
   5 approximate
   5 anticline
   5 active
   5 accompanied
   5 accessory
   4 whose
   4 weight
   4 water
   4 vvhite
   4 volcanism
   4 variation
   4 uthoff
   4 used
   4 upward
   4 upon
   4 uplift
   4 underlies
   4 unconsolidated
   4 turner
   4 true
   4 therefore
   4 thereby
   4 thereafter
   4 term
   4 systems
   4 superimposed
   4 sulfur
   4 sulfate
   4 successful
   4 structures
   4 strong
   4 steeply
   4 steep
   4 stability
   4 spaces
   4 spaced
   4 solomon
   4 slopes
   4 skinner
   4 single
   4 sill
   4 significant
   4 siderite
   4 september
   4 separate
   4 second
   4 ruby
   4 resources
   4 reserves
   4 rept
   4 represent
   4 replace
   4 relief
   4 recorded
   4 rarely
   4 rapidly
   4 radii
   4 quantities
   4 pub
   4 provided
   4 prominent
   4 product
   4 producers
   4 pressure
   4 presence
   4 predominantly
   4 poorly
   4 plastic
   4 physical
   4 phase
   4 pearcite
   4 paragenetic
   4 pando
   4 palache
   4 oxidation
   4 operated
   4 oligoclase
   4 newhouse
   4 nature
   4 must
   4 monocline
   4 minute
   4 method
   4 lovering
   4 located
   4 listed
   4 lineation
   4 lindgren
   4 limbs
   4 likewise
   4 lenses
   4 length
   4 leasing
   4 layering
   4 lattice
   4 laths
   4 lamellae
   4 king
   4 kept
   4 journal
   4 john
   4 ionic
   4 inv
   4 international
   4 intermediate
   4 intense
   4 instability
   4 incomplete
   4 include
   4 hundred
   4 hollister
   4 holes
   4 higher
   4 harding
   4 groundmass
   4 grit
   4 greater
   4 granular
   4 golden
   4 future
   4 frisco
   4 fossils
   4 fletcher
   4 five
   4 filling
   4 feldspar
   4 far
   4 factors
   4 facies
   4 extending
   4 explanation
   4 example
   4 examined
   4 every
   4 even
   4 estimated
   4 especially
   4 equilibrium
   4 encountered
   4 enargite
   4 edge
   4 econ
   4 earthy
   4 dumps
   4 discovery
   4 difficult
   4 depths
   4 dept
   4 delphose
   4 defined
   4 dana
   4 cuts
   4 crosses
   4 cresson
   4 constituent
   4 considerably
   4 conducted
   4 comprise
   4 complex
   4 complete
   4 color
   4 coatings
   4 character
   4 center
   4 causing
   4 caused
   4 called
   4 broad
   4 boundary
   4 book
   4 bonanza
   4 belt
   4 behre
   4 beginning
   4 bartlett
   4 barnes
   4 available
   4 authors
   4 august
   4 attempts
   4 assayed
   4 arsenopyrite
   4 appears
   4 andesine
   4 altitudes
   4 ages
   4 adjacent
   4 additional
   4 acquired
   4 absent
   3 zircons
   3 zircon
   3 yield
   3 yearbook
   3 worked
   3 wilfiey
   3 wiley
   3 whereas
   3 wheeler
   3 weathering
   3 wearyman
   3 warping
   3 walls
   3 volumes
   3 vilfley
   3 varies
   3 vapor
   3 vanderwilt
   3 valuable
   3 utah
   3 useful
   3 use
   3 unoxidized
   3 unmineralized
   3 undifferentiated
   3 underlain
   3 unconformities
   3 ullerud
   3 turn
   3 tributaries
   3 triangle
   3 treasury
   3 traced
   3 tonmllo
   3 tions
   3 thus
   3 thoroughly
   3 tho
   3 thinning
   3 textures
   3 textural
   3 territories
   3 terrain
   3 talus
   3 taken
   3 tabular
   3 systematic
   3 surfaces
   3 suggests
   3 suggested
   3 sufficient
   3 stone
   3 stockwell
   3 stocklike
   3 statistics
   3 spring
   3 sphene
   3 spessartite
   3 specular
   3 speckled
   3 spaulding
   3 sparingly
   3 sons
   3 slight
   3 slickensides
   3 since
   3 silicified
   3 silica
   3 sight
   3 sides
   3 shattered
   3 sharply
   3 sharp
   3 shape
   3 severe
   3 served
   3 sedimentation
   3 schouten
   3 sahama
   3 richards
   3 rhine
   3 resulted
   3 rests
   3 resolution
   3 remnants
   3 reflected
   3 reconstruction
   3 recen
   3 received
   3 reason
   3 ready
   3 reactions
   3 rapid
   3 rankama
   3 railroad
   3 radius
   3 ptygmatic
   3 providing
   3 prominence
   3 progress
   3 productive
   3 previous
   3 presented
   3 preliminary
   3 precipitation
   3 preceded
   3 practically
   3 porphyries
   3 pods
   3 plunging
   3 plugs
   3 plane
   3 photomicrographs
   3 photographs
   3 persistent
   3 peripheral
   3 periodically
   3 penetrated
   3 parting
   3 park
   3 overlying
   3 overlie
   3 overlap
   3 outward
   3 outside
   3 outlines
   3 outline
   3 ordovician
   3 order
   3 operators
   3 opened
   3 oolitic
   3 oldest
   3 old
   3 okomotenmile
   3 october
   3 occurrences
   3 occasionally
   3 obtained
   3 observations
   3 nevertheless
   3 name
   3 mudstone
   3 mount
   3 montezuma
   3 mississippian
   3 minimum
   3 mineralogist
   3 mineralizing
   3 milo
   3 microscopic
   3 metasomatic
   3 metallurgy
   3 mentary
   3 megascopically
   3 medium
   3 means
   3 mcnulty
   3 mask
   3 mar
   3 maps
   3 location
   3 localities
   3 loan
   3 liquid
   3 lingane
   3 limits
   3 liddell
   3 layer
   3 laterally
   3 lake
   3 lack
   3 jay
   3 isolated
   3 investigated
   3 intrusives
   3 intrusions
   3 intruded
   3 intrude
   3 intersected
   3 intermixed
   3 interlaced
   3 intergrown
   3 interests
   3 interest
   3 intercept
   3 insufficient
   3 indicates
   3 indicated
   3 inch
   3 inasmuch
   3 inactivity
   3 inactive
   3 immediately
   3 igmberly
   3 icokomo
   3 highest
   3 head
   3 gunnar
   3 grouped
   3 greer
   3 green
   3 graphic
   3 gradational
   3 government
   3 gould
   3 goethite
   3 goddard
   3 glaciers
   3 give
   3 georgetown
   3 generations
   3 gas
   3 gallium
   3 fronde
   3 fragmentary
   3 fracturing
   3 fourth
   3 formerly
   3 foliated
   3 folding
   3 fluctuated
   3 flow
   3 flotation
   3 fleischer
   3 flat
   3 finance
   3 final
   3 feathery
   3 extreme
   3 extensively
   3 extends
   3 exists
   3 excelsior
   3 eureka
   3 erratic
   3 erosion
   3 engineering
   3 ends
   3 ember
   3 effects
   3 dyer
   3 drove
   3 dropped
   3 drift
   3 doubt
   3 dominantly
   3 dolomitic
   3 dividend
   3 discordant
   3 discontinuous
   3 director
   3 direction
   3 differences
   3 difference
   3 diamond
   3 diagnostic
   3 devonian
   3 despite
   3 delaware
   3 deer
   3 deeper
   3 decline
   3 day
   3 daughenbaugh
   3 curve
   3 crustal
   3 cross
   3 covered
   3 course
   3 country
   3 costs
   3 corporation
   3 core
   3 cooperation
   3 control
   3 continuously
   3 contemporaneous
   3 contacts
   3 constituents
   3 considering
   3 conditions
   3 concentric
   3 computed
   3 comprises
   3 composite
   3 component
   3 completely
   3 clifford
   3 clearly
   3 clay
   3 cirque
   3 chromium
   3 chiefly
   3 chicago
   3 changes
   3 cemented
   3 cellular
   3 cations
   3 cash
   3 carefully
   3 cambrian
   3 byron
   3 butler
   3 bulk
   3 brown
   3 boutwell
   3 boudinage
   3 bottom
   3 board
   3 blanket
   3 bingham
   3 belden
   3 become
   3 bauer
   3 basin
   3 bars
   3 barren
   3 banding
   3 attitudes
   3 atomic
   3 assumed
   3 assignment
   3 assemblages
   3 assemblage
   3 around
   3 arnold
   3 argentiferous
   3 appear
   3 apophyses
   3 apatite
   3 analyst
   3 acid
   3 accurate
   3 access
   3 absence
   2 zoned
   2 youngest
   2 yale
   2 wintergreen
   2 winter
   2 whitney
   2 whether
   2 whereby
   2 wheelers
   2 westward
   2 weighing
   2 week
   2 waters
   2 warrant
   2 warped
   2 wallace
   2 wall
   2 waldemar
   2 visible
   2 virtual
   2 verhoogen
   2 venture
   2 variations
   2 uplifted
   2 unrelated
   2 unnamed
   2 university
   2 uniform
   2 unconformably
   2 uncommon
   2 unaltered
   2 tween
   2 turned
   2 tuff
   2 tremendous
   2 treat
   2 traceable
   2 towns
   2 topography
   2 tonnage
   2 tite
   2 times
   2 tightly
   2 though
   2 thomas
   2 third
   2 thicknesses
   2 thermal
   2 terrane
   2 terminate
   2 tentatively
   2 tens
   2 tenor
   2 tennessee
   2 techniques
   2 tan
   2 take
   2 tables
   2 surrounded
   2 sulfates
   2 sulfantimonides
   2 suggest
   2 substitute
   2 subparallel
   2 submicroscopic
   2 subfacies
   2 study
   2 stringers
   2 strikes
   2 stress
   2 stream
   2 strandline
   2 still
   2 steepwalled
   2 steady
   2 stain
   2 spurs
   2 sphalerites
   2 species
   2 special
   2 sparse
   2 sources
   2 snowbank
   2 smelted
   2 smallscale
   2 smaller
   2 slab
   2 sketches
   2 situated
   2 simultaneously
   2 simple
   2 sillimanite
   2 silicification
   2 shortly
   2 shaly
   2 shallow
   2 severely
   2 set
   2 sericitized
   2 sericite
   2 sequences
   2 segregation
   2 seams
   2 sea
   2 sci
   2 schassberger
   2 salisbury
   2 rugged
   2 roots
   2 rolls
   2 roads
   2 road
   2 rivers
   2 richer
   2 reverse
   2 reveal
   2 returns
   2 reticulated
   2 resumed
   2 resulting
   2 result
   2 responsible
   2 response
   2 responded
   2 respectively
   2 resembling
   2 resembles
   2 represents
   2 reports
   2 repeated
   2 renewed
   2 remoteness
   2 remain
   2 reflect
   2 recognized
   2 recently
   2 recent
   2 receipts
   2 reasonable
   2 readily
   2 reaction
   2 react
   2 ranged
   2 ragged
   2 pyritic
   2 pushed
   2 purposes
   2 prospectors
   2 prospected
   2 prospect
   2 projection
   2 probable
   2 primarily
   2 presumably
   2 preferred
   2 precious
   2 prccambrian
   2 powder
   2 potentials
   2 positive
   2 position
   2 portal
   2 population
   2 poor
   2 pocket
   2 plunges
   2 pleasant
   2 plate
   2 planar
   2 plan
   2 pits
   2 pikes
   2 photograph
   2 petroleum
   2 persist
   2 permeable
   2 periodic
   2 percentages
   2 people
   2 payrock
   2 payments
   2 papers
   2 pale
   2 overlain
   2 outlined
   2 ounce
   2 oro
   2 orientation
   2 orderly
   2 optical
   2 operator
   2 operation
   2 ones
   2 oilman
   2 obtain
   2 numbers
   2 nuggets
   2 nos
   2 normally
   2 nickel
   2 nevadite
   2 nettie
   2 need
   2 nearest
   2 nearby
   2 national
   2 names
   2 myriads
   2 movements
   2 mouth
   2 mountainous
   2 monzonitic
   2 mixed
   2 mint
   2 miners
   2 microscopy
   2 michael
   2 micaceous
   2 methods
   2 metallic
   2 mesozoic
   2 menulty
   2 mechanisms
   2 mclellan
   2 mchugh
   2 mation
   2 marks
   2 margin
   2 mapping
   2 mann
   2 manager
   2 management
   2 make
   2 magnification
   2 magnesium
   2 magma
   2 lowermost
   2 looked
   2 london
   2 load
   2 lithologic
   2 lines
   2 line
   2 limonitic
   2 limit
   2 likely
   2 lies
   2 lesser
   2 left
   2 leading
   2 leaders
   2 latest
   2 largely
   2 laramide
   2 landslide
   2 laminae
   2 laboratory
   2 kutnahorite
   2 kirchhoff
   2 kent
   2 junction
   2 jones
   2 joining
   2 jesse
   2 james
   2 involving
   2 involved
   2 investigations
   2 intrudes
   2 introduced
   2 interstitial
   2 intersect
   2 interrupted
   2 internal
   2 intercalated
   2 interbedded
   2 intended
   2 installed
   2 inst
   2 initial
   2 inherited
   2 influenced
   2 industrial
   2 indicative
   2 indicating
   2 indeed
   2 increasing
   2 increases
   2 includes
   2 inclines
   2 incas
   2 inaccessible
   2 impossible
   2 imberly
   2 iii
   2 idle
   2 identified
   2 identical
   2 hydrous
   2 huge
   2 hot
   2 hornsilver
   2 homogeneous
   2 homestake
   2 holocene
   2 highlighted
   2 healed
   2 headwaters
   2 heads
   2 hardness
   2 hand
   2 hamilton
   2 half
   2 growth
   2 groups
   2 greatly
   2 grass
   2 granitic
   2 gradient
   2 gouge
   2 glaciofluvial
   2 glaciation
   2 geothermal
   2 genetic
   2 genesis
   2 generated
   2 generalized
   2 function
   2 front
   2 friable
   2 frequently
   2 fremont
   2 fracture
   2 forest
   2 foot
   2 follows
   2 follow
   2 flowage
   2 flanks
   2 flakes
   2 find
   2 files
   2 figures
   2 fifth
   2 fibrous
   2 fesz
   2 felsic
   2 fell
   2 feldspathic
   2 fed
   2 february
   2 favorable
   2 farther
   2 falling
   2 factor
   2 extensions
   2 explored
   2 explained
   2 exist
   2 excluding
   2 excellent
   2 evidenced
   2 eroded
   2 era
   2 equipment
   2 equal
   2 environment
   2 entering
   2 entered
   2 enough
   2 engulfed
   2 emplacement
   2 empire
   2 elongate
   2 edwards
   2 edward
   2 economically
   2 eastward
   2 easterly
   2 dwight
   2 duties
   2 dust
   2 dry
   2 drop
   2 dressing
   2 drain
   2 doubtless
   2 doubtful
   2 dominant
   2 districts
   2 disseminated
   2 display
   2 displacements
   2 displaced
   2 discussion
   2 discussed
   2 discoveries
   2 disclosed
   2 directions
   2 dine
   2 dimensions
   2 dikelike
   2 dike
   2 differential
   2 determinations
   2 detection
   2 detectable
   2 detectabilities
   2 details
   2 detailed
   2 deserted
   2 derived
   2 depending
   2 department
   2 democrat
   2 deltaic
   2 delineate
   2 deformed
   2 decrease
   2 decided
   2 debris
   2 culture
   2 cubes
   2 crystalline
   2 crusts
   2 crop
   2 creeks
   2 created
   2 cover
   2 correlation
   2 corregan
   2 corner
   2 controlled
   2 contrast
   2 continuing
   2 continuation
   2 contents
   2 contamination
   2 constructed
   2 consolidation
   2 consider
   2 consequently
   2 connecting
   2 concordant
   2 conclusive
   2 concluded
   2 concentration
   2 concentrates
   2 compositional
   2 compact
   2 commodities
   2 come
   2 combination
   2 colo
   2 collapse
   2 coincides
   2 coats
   2 coating
   2 coated
   2 coat
   2 clinopyroxene
   2 classification
   2 circular
   2 cherty
   2 characteristically
   2 channels
   2 change
   2 cephalopods
   2 cents
   2 centers
   2 cell
   2 carried
   2 capitol
   2 camp
   2 cameron
   2 calculations
   2 calcium
   2 cadmium
   2 byproduct
   2 burned
   2 bull
   2 built
   2 buff
   2 brought
   2 broken
   2 bringing
   2 brecciation
   2 branch
   2 bradley
   2 bluish
   2 blocks
   2 blocked
   2 block
   2 ble
   2 beyond
   2 berman
   2 bent
   2 bear
   2 bands
   2 ball
   2 bald
   2 averaging
   2 averaged
   2 attention
   2 assume
   2 assisted
   2 assigned
   2 assays
   2 arranged
   2 arkosic
   2 arid
   2 argo
   2 arc
   2 arapaho
   2 april
   2 apply
   2 aplite
   2 apart
   2 anticlines
   2 analyzed
   2 analysts
   2 amounted
   2 among
   2 alternate
   2 alinements
   2 alined
   2 alaskite
   2 aided
   2 ahrens
   2 aggregates
   2 aggregate
   2 affected
   2 actual
   2 acknowledgments
   2 accumulations
   2 accessible
   2 abundance
   2 abstract
   2 abruptly
   2 abrupt
   1 zussman
   1 zonal
   1 zns
   1 ytterbium
   1 ytterbiuj
   1 younger
   1 young
   1 ymmetrical
   1 yfe
   1 yellowishbrown
   1 yellow
   1 yearly
   1 yearbooks
   1 wrote
   1 wrinkles
   1 wouastonite
   1 worthing
   1 worth
   1 workers
   1 wollastonite
   1 wllfioy
   1 witnessed
   1 without
   1 wispy
   1 wires
   1 winzes
   1 winters
   1 willley
   1 wilfloy
   1 widths
   1 width
   1 wholehearted
   1 whiting
   1 whereupon
   1 wheel
   1 went
   1 wens
   1 wellformed
   1 weights
   1 weighed
   1 weatherbeaten
   1 wealth
   1 weak
   1 waste
   1 warrall
   1 warra
   1 warps
   1 warm
   1 warl
   1 walter
   1 wallrocks
   1 wagons
   1 wad
   1 vvilson
   1 vvest
   1 vvashington
   1 vug
   1 volatile
   1 visual
   1 violent
   1 ville
   1 vigorous
   1 viewed
   1 view
   1 vickers
   1 vessels
   1 velocity
   1 veinlots
   1 veinlike
   1 vanian
   1 valleys
   1 vaesite
   1 usual
   1 uslmt
   1 usage
   1 urgent
   1 urficiaj
   1 upllft
   1 unusual
   1 untested
   1 unstable
   1 unsheared
   1 unsatisfactory
   1 unrest
   1 unrecorded
   1 unrecogniza
   1 unpuh
   1 unpublished
   1 unpredictable
   1 unprecedented
   1 unnumbered
   1 unless
   1 univariant
   1 univ
   1 uninterrupted
   1 unintentionally
   1 unidentified
   1 unfractured
   1 unfossiliferous
   1 unfortunately
   1 unfavorable
   1 unfaulted
   1 uneven
   1 undulatory
   1 undiscovered
   1 undisclosed
   1 undeveloped
   1 underway
   1 undertaken
   1 understanding
   1 underlying
   1 undergo
   1 unconformity
   1 uncompleted
   1 unclear
   1 uncertainty
   1 umnixed
   1 umformly
   1 umestone
   1 uistribution
   1 ubiquitous
   1 uaternary
   1 typically
   1 twoto
   1 twinned
   1 twelve
   1 turns
   1 turning
   1 turbulent
   1 turbulence
   1 tungsten
   1 tungstates
   1 tun
   1 ttnd
   1 tteh
   1 tsma
   1 truncation
   1 truncated
   1 truded
   1 troy
   1 trough
   1 triangular
   1 trended
   1 treatment
   1 traverses
   1 traversed
   1 traverse
   1 travels
   1 transported
   1 transportation
   1 transmitted
   1 transition
   1 transect
   1 trails
   1 trackage
   1 track
   1 toward
   1 totals
   1 totaling
   1 tops
   1 tools
   1 toll
   1 together
   1 tmfortunately
   1 tjhe
   1 tive
   1 tinuing
   1 tins
   1 timberline
   1 tilson
   1 tilley
   1 tight
   1 thunderstorms
   1 thriving
   1 thousand
   1 thorough
   1 thiosulfates
   1 thins
   1 thickest
   1 thickening
   1 thence
   1 thanks
   1 tha
   1 text
   1 tetrahedrltc
   1 tests
   1 tested
   1 test
   1 terranes
   1 terms
   1 terminated
   1 terize
   1 terial
   1 ter
   1 tenths
   1 ten
   1 temporarily
   1 temnile
   1 tells
   1 tajble
   1 tain
   1 tactite
   1 synclines
   1 symmetrically
   1 symbols
   1 swings
   1 swarm
   1 sutton
   1 sustain
   1 suspended
   1 surviving
   1 surprising
   1 superintendent
   1 summers
   1 summarizes
   1 summarized
   1 summaries
   1 sumed
   1 sultry
   1 sulphides
   1 sulfarsenides
   1 suit
   1 suifide
   1 sufides
   1 sufficiently
   1 succession
   1 successes
   1 success
   1 succeeding
   1 subzero
   1 subtle
   1 subsurface
   1 substitution
   1 substituting
   1 substantially
   1 substantial
   1 subsidiary
   1 subsequently
   1 submitted
   1 subjected
   1 subhedrons
   1 subhedral
   1 subdivided
   1 subdistrict
   1 studied
   1 strip
   1 striking
   1 strikevictory
   1 streams
   1 stratigraphically
   1 stratified
   1 strategic
   1 strain
   1 stormy
   1 storms
   1 stopes
   1 stope
   1 stocks
   1 stewart
   1 steeper
   1 status
   1 stations
   1 station
   1 starting
   1 standpoint
   1 stained
   1 stable
   1 stabilities
   1 springfield
   1 spreading
   1 spread
   1 spotty
   1 sporadically
   1 spine
   1 spheroids
   1 spha
   1 specvelvety
   1 specularite
   1 specific
   1 spacing
   1 sorted
   1 son
   1 somlquantltatlvo
   1 sometime
   1 solvus
   1 solubility
   1 solubilities
   1 solomonrobinson
   1 sold
   1 soft
   1 sodium
   1 soa
   1 snowfall
   1 snfide
   1 smoky
   1 sluggishness
   1 slow
   1 slip
   1 skies
   1 sizes
   1 sizable
   1 sixteenth
   1 sitions
   1 sists
   1 simply
   1 silty
   1 siliceous
   1 silent
   1 significnnce
   1 showers
   1 shot
   1 shortlived
   1 shortest
   1 shoop
   1 shipping
   1 shipper
   1 shifted
   1 sheppard
   1 shells
   1 shell
   1 sheffey
   1 shed
   1 shears
   1 shatter
   1 shambles
   1 shadowy
   1 shades
   1 sfweral
   1 settlements
   1 sets
   1 service
   1 septa
   1 separator
   1 separation
   1 separates
   1 separately
   1 sensitivity
   1 sensitivities
   1 semiquantiative
   1 selma
   1 selective
   1 segregated
   1 segments
   1 sediments
   1 secured
   1 secretary
   1 secondarily
   1 season
   1 seas
   1 seam
   1 scribed
   1 sciences
   1 sawtoothed
   1 saturated
   1 satisfactory
   1 satellites
   1 sandy
   1 sand
   1 sampled
   1 sale
   1 said
   1 safe
   1 saddle
   1 rutile
   1 rut
   1 rush
   1 rupture
   1 rupted
   1 rule
   1 rubble
   1 rubandoned
   1 rows
   1 routes
   1 roughtly
   1 rose
   1 rooks
   1 rondel
   1 rom
   1 rogers
   1 roasting
   1 roaster
   1 roasted
   1 rnernber
   1 rly
   1 rising
   1 rises
   1 riod
   1 rio
   1 rims
   1 rights
   1 right
   1 riety
   1 ridges
   1 richest
   1 rhotite
   1 rfnce
   1 reworking
   1 revision
   1 review
   1 reveals
   1 retreats
   1 restricted
   1 ress
   1 respective
   1 respect
   1 resembled
   1 resemble
   1 research
   1 required
   1 representing
   1 represented
   1 representative
   1 repqrted
   1 reportedly
   1 replacing
   1 replacements
   1 repeatedly
   1 reopening
   1 rences
   1 renamed
   1 removed
   1 remote
   1 remodeled
   1 remnant
   1 reminders
   1 remarkably
   1 remains
   1 remained
   1 remainder
   1 relinquished
   1 reliable
   1 relationships
   1 rejuvenated
   1 rehabilitating
   1 rehabilitated
   1 regionally
   1 regarded
   1 regained
   1 refractory
   1 refractive
   1 reflects
   1 reflections
   1 reflection
   1 referred
   1 redeposited
   1 reddish
   1 recurrently
   1 recurrent
   1 recoverable
   1 record
   1 recognizable
   1 recessed
   1 reau
   1 reasons
   1 reality
   1 readings
   1 reached
   1 rdbinson
   1 raven
   1 rashington
   1 rare
   1 randall
   1 ran
   1 ramifying
   1 raises
   1 railway
   1 railroads
   1 rahed
   1 radlinski
   1 radiating
   1 quick
   1 quence
   1 quarter
   1 qualify
   1 quadrangles
   1 pyromorphite
   1 pyrometasomatic
   1 pyritohedrons
   1 pyritiferous
   1 pyritemarcasite
   1 put
   1 purple
   1 purer
   1 purely
   1 pure
   1 purchased
   1 pulverized
   1 published
   1 psilomelanc
   1 pseudomorphous
   1 proximity
   1 provide
   1 proved
   1 prove
   1 protect
   1 prosperous
   1 prosperity
   1 prospects
   1 prospector
   1 proposed
   1 prophyry
   1 projections
   1 projected
   1 progressed
   1 profitably
   1 professional
   1 prof
   1 producing
   1 produce
   1 processes
   1 process
   1 procedures
   1 proba
   1 principles
   1 principle
   1 principally
   1 primn
   1 previously
   1 preventing
   1 presumed
   1 presstues
   1 press
   1 preserved
   1 preperulsylvanian
   1 prepared
   1 preparation
   1 prelim
   1 preference
   1 prefer
   1 preexisting
   1 predominant
   1 predictions
   1 predicted
   1 predecessor
   1 precursors
   1 precisely
   1 precipitates
   1 precipitated
   1 precipitate
   1 precambian
   1 preca
   1 pprts
   1 ppm
   1 pound
   1 potential
   1 potassium
   1 postulated
   1 postulate
   1 postpaleozoic
   1 posted
   1 possibility
   1 posits
   1 ported
   1 porosity
   1 polysulfides
   1 polybasite
   1 polomltc
   1 podlike
   1 pock
   1 pnrt
   1 plotted
   1 pleistocene
   1 platte
   1 plastically
   1 plants
   1 plant
   1 plague
   1 placements
   1 placement
   1 placed
   1 pittsburg
   1 pit
   1 pion
   1 ping
   1 pinched
   1 physiographically
   1 phys
   1 phosphates
   1 petrology
   1 petrography
   1 pervasively
   1 pervasive
   1 personnel
   1 persisted
   1 perpendicular
   1 permitted
   1 permanently
   1 perhaps
   1 perennial
   1 percolate
   1 pennyweight
   1 pennsylvania
   1 penetrate
   1 penalty
   1 penalized
   1 pelecypods
   1 pegmatitic
   1 pegmatitcs
   1 pect
   1 peated
   1 pearccite
   1 pbs
   1 pbcoa
   1 paved
   1 patterned
   1 patented
   1 past
   1 passed
   1 particular
   1 particles
   1 partial
   1 parageneses
   1 paradoxical
   1 par
   1 paleozioc
   1 paid
   1 pace
   1 oyerlies
   1 oxygen
   1 oxidizing
   1 owned
   1 overlay
   1 overlaps
   1 overflowing
   1 overall
   1 ovement
   1 outlook
   1 outlining
   1 outlast
   1 outfitted
   1 outer
   1 ountain
   1 otf
   1 osohmann
   1 orogeny
   1 originated
   1 oriented
   1 orf
   1 orcs
   1 optimism
   1 opposite
   1 opportunities
   1 opldoto
   1 operating
   1 openings
   1 opaque
   1 ooung
   1 oorree
   1 onward
   1 omiles
   1 olio
   1 oif
   1 ognized
   1 offsets
   1 odd
   1 occurring
   1 occupy
   1 obvious
   1 obtaining
   1 obsetved
   1 obscure
   1 obliterated
   1 nucleation
   1 nqt
   1 noticeably
   1 noticeable
   1 notes
   1 nose
   1 northwestward
   1 northwesttrending
   1 northtrending
   1 northnortheast
   1 northensterly
   1 northeastward
   1 northeasttrending
   1 northeastern
   1 nors
   1 nonpersistent
   1 nonferrous
   1 nonexistent
   1 nomenclature
   1 nola
   1 nmounts
   1 njteration
   1 niversary
   1 nitrates
   1 never
   1 neutralization
   1 networks
   1 network
   1 netite
   1 net
   1 ness
   1 nequivalent
   1 negligible
   1 ncnulty
   1 ncar
   1 nated
   1 narrowing
   1 narrower
   1 named
   1 mutual
   1 mum
   1 multiple
   1 mstory
   1 move
   1 mountainunion
   1 mountaincopper
   1 mottled
   1 motmtain
   1 mote
   1 mosz
   1 morton
   1 morphosed
   1 morphic
   1 moraine
   1 month
   1 monoclinal
   1 mon
   1 molybdates
   1 moines
   1 modified
   1 moderately
   1 moderate
   1 mode
   1 mncoa
   1 mnanated
   1 mmnber
   1 mixtures
   1 mixture
   1 mismanagement
   1 misc
   1 misappropriation
   1 minos
   1 mineralogie
   1 mills
   1 million
   1 millimeters
   1 miller
   1 milled
   1 migmatitc
   1 migma
   1 midway
   1 midpoints
   1 microgranular
   1 microchemical
   1 mgo
   1 methuen
   1 metastably
   1 metamorphosed
   1 metamict
   1 merits
   1 merges
   1 merchant
   1 men
   1 melts
   1 melt
   1 melbourne
   1 measurements
   1 measured
   1 measure
   1 meant
   1 meaningful
   1 mean
   1 meager
   1 meadows
   1 mcnamee
   1 mckinley
   1 mcgrawhill
   1 mbrian
   1 maximmn
   1 matter
   1 matrix
   1 marmatite
   1 market
   1 marker
   1 markedly
   1 marino
   1 mappable
   1 mantle
   1 majority
   1 magnitude
   1 magnetic
   1 mafic
   1 mackenzie
   1 machinery
   1 lutton
   1 lust
   1 lush
   1 lumbering
   1 loth
   1 longmans
   1 longitudinal
   1 logs
   1 logical
   1 logic
   1 log
   1 lode
   1 localizing
   1 loaned
   1 lmver
   1 llypogene
   1 lived
   1 littler
   1 litigation
   1 litigants
   1 lithology
   1 literally
   1 lite
   1 list
   1 liqeations
   1 linking
   1 linked
   1 lindner
   1 lime
   1 lieutenant
   1 lie
   1 library
   1 levied
   1 letters
   1 lessees
   1 lerite
   1 lenticular
   1 led
   1 leaving
   1 leases
   1 leased
   1 lease
   1 layered
   1 lay
   1 lat
   1 last
   1 larly
   1 lapse
   1 lacks
   1 kosclunann
   1 kosahmann
   1 kolwmo
   1 kokom
   1 knowledge
   1 knots
   1 kite
   1 kirchhofl
   1 kimberlywilfley
   1 killed
   1 june
   1 joseph
   1 jonson
   1 joins
   1 join
   1 jhe
   1 jeep
   1 january
   1 jank
   1 jagged
   1 izzard
   1 ivory
   1 italic
   1 isotropic
   1 isostructural
   1 isoclinal
   1 irregularities
   1 ions
   1 ionization
   1 iolding
   1 invoked
   1 investment
   1 inverted
   1 invert
   1 inversion
   1 invention
   1 inuch
   1 intruswe
   1 introducing
   1 intervening
   1 intersections
   1 intersection
   1 intersecting
   1 interruptions
   1 intermittent
   1 intermiate
   1 interior
   1 interfingers
   1 intercepting
   1 intention
   1 intensity
   1 intensely
   1 installation
   1 inoderate
   1 inner
   1 inined
   1 inine
   1 influence
   1 infinitesimal
   1 inferred
   1 inetals
   1 ineischer
   1 industry
   1 indium
   1 indistinctly
   1 indications
   1 indication
   1 independent
   1 incursion
   1 inconsistent
   1 inconsistencies
   1 incongruent
   1 inconclusive
   1 incompletely
   1 incomple
   1 inclusive
   1 inc
   1 inaugurated
   1 impurities
   1 imprint
   1 impracticable
   1 imposed
   1 implies
   1 implications
   1 impeding
   1 imparted
   1 impart
   1 imens
   1 illustrations
   1 ijjdwards
   1 identification
   1 identifiable
   1 ideas
   1 icoschmann
   1 ica
   1 iby
   1 hypothermal
   1 hundreds
   1 howie
   1 hornsilvcr
   1 homoclinal
   1 holocrystalline
   1 holland
   1 hole
   1 holdings
   1 hmestone
   1 hitherto
   1 hindered
   1 highways
   1 hightemperature
   1 highangle
   1 hidden
   1 hexagonal
   1 heralded
   1 hemimorphite
   1 heat
   1 heart
   1 hazardous
   1 havo
   1 haulage
   1 hauerite
   1 harry
   1 harker
   1 hardly
   1 hard
   1 hankama
   1 hands
   1 handpicked
   1 handed
   1 handbook
   1 hampered
   1 hammer
   1 halides
   1 halide
   1 gullies
   1 gulchsheep
   1 guides
   1 guided
   1 guards
   1 grown
   1 grouping
   1 grill
   1 griffitts
   1 gregate
   1 graze
   1 grayish
   1 gravels
   1 gravel
   1 grateful
   1 granulated
   1 granitoid
   1 grande
   1 gradually
   1 gradual
   1 grades
   1 gradation
   1 governor
   1 gossans
   1 goodwin
   1 good
   1 goldschmidt
   1 globular
   1 glacier
   1 glaciated
   1 giving
   1 gives
   1 gin
   1 gilman
   1 geothermometer
   1 george
   1 geometric
   1 geologists
   1 geologist
   1 geologically
   1 geochim
   1 geochemistry
   1 gentle
   1 genetically
   1 gcol
   1 gave
   1 gastropods
   1 gastropod
   1 garnetiferous
   1 ganese
   1 gaining
   1 fyfe
   1 futuro
   1 fusulinids
   1 fusion
   1 furthermore
   1 funds
   1 fund
   1 fully
   1 fulfill
   1 fulding
   1 frondcl
   1 froin
   1 frequency
   1 freight
   1 freely
   1 fred
   1 fractions
   1 fortschr
   1 formn
   1 forming
   1 former
   1 formatioj
   1 foreground
   1 foregoing
   1 fore
   1 footage
   1 fnult
   1 fluvial
   1 flurries
   1 fluctuations
   1 flows
   1 floors
   1 flooded
   1 flocked
   1 flexures
   1 flecks
   1 flats
   1 finished
   1 finegrained
   1 financed
   1 finally
   1 films
   1 film
   1 fills
   1 figs
   1 fields
   1 fes
   1 ferromagnesian
   1 feldspars
   1 fefezoa
   1 feed
   1 fecos
   1 feature
   1 feass
   1 farthest
   1 fartber
   1 fan
   1 falls
   1 fall
   1 fairplay
   1 faintly
   1 facts
   1 fact
   1 faceted
   1 fabric
   1 extraction
   1 extensive
   1 exsolved
   1 exposure
   1 explore
   1 exploited
   1 exploded
   1 explain
   1 experiments
   1 experienced
   1 expect
   1 expansion
   1 expanded
   1 existence
   1 exhibited
   1 exhibit
   1 exhausted
   1 excited
   1 excess
   1 exception
   1 exceeding
   1 exceed
   1 examples
   1 examinations
   1 examination
   1 evolved
   1 evident
   1 eventually
   1 events
   1 eventful
   1 evaluation
   1 evaluate
   1 ete
   1 etched
   1 etch
   1 erite
   1 erected
   1 ere
   1 eral
   1 episodes
   1 epidotized
   1 epidotization
   1 environments
   1 entry
   1 entrance
   1 enters
   1 ent
   1 ensuing
   1 enriched
   1 engulfs
   1 engulfing
   1 engulf
   1 engineers
   1 engaged
   1 energy
   1 encourage
   1 enclosing
   1 enclosed
   1 enar
   1 emestone
   1 embrace
   1 embers
   1 embays
   1 embayed
   1 embay
   1 emanated
   1 elsewhere
   1 elsevier
   1 elliptical
   1 elevations
   1 electrode
   1 ein
   1 efforts
   1 eckel
   1 echelon
   1 ebbed
   1 easy
   1 easily
   1 easier
   1 duration
   1 duplication
   1 dtcd
   1 driving
   1 drill
   1 drifting
   1 drastic
   1 drained
   1 drainage
   1 drag
   1 dpemed
   1 downfaulted
   1 downfanlted
   1 doubuul
   1 doubly
   1 dormancy
   1 dollar
   1 documents
   1 divisions
   1 division
   1 disttict
   1 distrigt
   1 distributions
   1 distinguished
   1 distinctive
   1 distinct
   1 dissolved
   1 disrupted
   1 displays
   1 displayed
   1 dislocation
   1 dislocates
   1 dislocated
   1 discussions
   1 discrete
   1 discouraging
   1 disconformable
   1 disco
   1 disclose
   1 disappearance
   1 directory
   1 direct
   1 dings
   1 diminish
   1 dilution
   1 diluted
   1 digit
   1 digested
   1 diffusion
   1 diffraction
   1 differentiates
   1 differed
   1 dickey
   1 dicate
   1 diagrammatic
   1 diagram
   1 diadochy
   1 diadochic
   1 dhe
   1 dgreapdteh
   1 devise
   1 developing
   1 detrital
   1 determine
   1 determination
   1 detectability
   1 detect
   1 desultory
   1 designed
   1 designate
   1 description
   1 describe
   1 des
   1 depression
   1 depressed
   1 depositional
   1 deposi
   1 depletion
   1 depleted
   1 dependent
   1 denum
   1 density
   1 dense
   1 denotes
   1 demonstrating
   1 demonstrate
   1 demands
   1 demand
   1 delicate
   1 deleterious
   1 degrees
   1 degree
   1 definitely
   1 defects
   1 deepest
   1 deducted
   1 deducing
   1 decreasing
   1 decreased
   1 declined
   1 decidedly
   1 december
   1 decades
   1 death
   1 dcrormatlon
   1 dclphosc
   1 date
   1 dashed
   1 dar
   1 daily
   1 dahl
   1 cyf
   1 cyclic
   1 cycle
   1 cutting
   1 cushman
   1 cus
   1 curves
   1 curved
   1 curtailing
   1 curtailed
   1 curred
   1 cufesz
   1 cubic
   1 cua
   1 csu
   1 crustified
   1 crossed
   1 crosscutting
   1 crosscut
   1 crisp
   1 crinkles
   1 cretaceous
   1 creating
   1 create
   1 covery
   1 covcllitc
   1 covalent
   1 coupled
   1 cost
   1 cosmochim
   1 corrodes
   1 corroded
   1 cornolls
   1 cornices
   1 cornelis
   1 cooney
   1 cooled
   1 cool
   1 conversely
   1 convenient
   1 contributions
   1 contributed
   1 contrasts
   1 contrasted
   1 contrary
   1 contracts
   1 continuity
   1 continues
   1 continuations
   1 contactmetasomatic
   1 cont
   1 consumed
   1 construction
   1 constitutents
   1 constitutent
   1 constituted
   1 consolidating
   1 consistently
   1 considers
   1 consideration
   1 conservative
   1 cons
   1 conners
   1 connected
   1 connate
   1 conglomeratic
   1 confused
   1 conformably
   1 conformable
   1 confined
   1 configurations
   1 configuration
   1 confidential
   1 conducting
   1 concomitant
   1 conclusively
   1 concluoted
   1 concerning
   1 concepts
   1 concentrations
   1 concentrating
   1 concentrated
   1 comprising
   1 comprehensive
   1 composing
   1 composes
   1 compo
   1 complicated
   1 complexly
   1 complexes
   1 completing
   1 compiled
   1 compelling
   1 compatible
   1 companies
   1 comonly
   1 como
   1 commun
   1 commercially
   1 commercial
   1 comments
   1 commenced
   1 combinations
   1 colorless
   1 collectively
   1 collected
   1 collar
   1 colepeterson
   1 coexistent
   1 coexistence
   1 coarser
   1 coarsely
   1 coarsegrained
   1 coalesce
   1 coal
   1 coah
   1 coa
   1 cnlculated
   1 cloudy
   1 cloudless
   1 clots
   1 closer
   1 cllmax
   1 climatography
   1 climate
   1 cleaning
   1 classes
   1 claimants
   1 claim
   1 chrysocoua
   1 chrysocolla
   1 chlorides
   1 chloride
   1 chemistry
   1 chemically
   1 check
   1 charnpion
   1 charges
   1 charge
   1 characterizes
   1 characterize
   1 channelways
   1 changing
   1 chamcteristtcs
   1 chalcopydte
   1 cerargyrite
   1 cephalopod
   1 centimeter
   1 cent
   1 cementation
   1 cemenrted
   1 ceasedprobably
   1 cease
   1 cdonald
   1 cavity
   1 caved
   1 cause
   1 cattle
   1 cationic
   1 casts
   1 cast
   1 carnegie
   1 carbonateville
   1 carbconerautesssi
   1 capped
   1 capillary
   1 camps
   1 camn
   1 calendar
   1 calcic
   1 cafz
   1 bustling
   1 burial
   1 burbank
   1 buluon
   1 bullion
   1 buckskin
   1 brittle
   1 brings
   1 brill
   1 brili
   1 breccias
   1 bravoite
   1 bradle
   1 brachiopods
   1 boxworks
   1 bowles
   1 bouldery
   1 boudins
   1 botryoidal
   1 bordered
   1 borates
   1 bookstrom
   1 bomb
   1 bolden
   1 bodjes
   1 bleb
   1 blanketed
   1 blank
   1 bladed
   1 bivalent
   1 bismuth
   1 birefringent
   1 binocular
   1 binary
   1 billion
   1 best
   1 beryllium
   1 beryl
   1 berly
   1 ber
   1 bentonite
   1 believed
   1 believe
   1 behind
   1 begun
   1 begins
   1 begin
   1 bearing
   1 bchrc
   1 bbooddyy
   1 bateman
   1 bases
   1 basement
   1 based
   1 barton
   1 barron
   1 barite
   1 barely
   1 bardwell
   1 barding
   1 bamn
   1 balance
   1 bahama
   1 background
   1 avernge
   1 author
   1 authentication
   1 australasian
   1 attempt
   1 attain
   1 attack
   1 ators
   1 atlas
   1 atlantic
   1 assured
   1 assumption
   1 associations
   1 associates
   1 assoc
   1 assessment
   1 assaying
   1 assay
   1 aspects
   1 ascribed
   1 ascertained
   1 ascertain
   1 ascended
   1 arthur
   1 arsenates
   1 arrived
   1 arp
   1 aroused
   1 arkose
   1 argentite
   1 argentine
   1 arbitrarily
   1 apujrt
   1 approach
   1 appearing
   1 apparent
   1 aplites
   1 anywhere
   1 antimony
   1 anticlinal
   1 anomalous
   1 ann
   1 ankerite
   1 anisotropic
   1 anions
   1 anion
   1 anhedral
   1 angular
   1 angstroms
   1 angle
   1 anglcsltc
   1 analytical
   1 amsterdam
   1 amplitude
   1 amphibolite
   1 amounting
   1 amenable
   1 amax
   1 always
   1 aluminum
   1 altitude
   1 alternating
   1 already
   1 alpine
   1 alone
   1 almandite
   1 almandineamphibolite
   1 alma
   1 alloyed
   1 alinement
   1 alfred
   1 albite
   1 ajor
   1 ago
   1 afterward
   1 affiliated
   1 affect
   1 advent
   1 advances
   1 advanced
   1 adsorbed
   1 admixed
   1 adequate
   1 adding
   1 acting
   1 acta
   1 acque
   1 accuracy
   1 account
   1 accessibulty
   1 accessibility
   1 accelerated
   1 abundantly
   1 abundances
   1 able
   1 abandoned
