  26 specimen
  13 zooecia
  13 distal
  12 orifice
  11 figure
  10 drill
   9 zoarium
   9 species
   9 lateral
   8 width
   8 tubes
   8 section
   8 fig
   8 diastopora
   7 perforate
   7 may
   7 harmer
   7 genus
   7 described
   6 tertiary
   6 surface
   6 pores
   6 islands
   6 hole
   6 escharoides
   6 eniwetok
   6 bryozoa
   5 zooecium
   5 proximal
   5 oculata
   5 marshall
   5 marginal
   5 length
   5 holes
   5 fossil
   5 feet
   5 family
   5 encrusting
   5 branches
   5 base
   5 atoll
   5 areolae
   5 along
   4 zooecial
   4 thin
   4 suborder
   4 single
   4 showing
   4 recent
   4 part
   4 ovicells
   4 others
   4 openings
   4 opening
   4 one
   4 nellia
   4 nearby
   4 ladd
   4 cuttings
   4 bikini
   4 atolls
   3 walls
   3 wall
   3 two
   3 tubules
   3 survey
   3 strongly
   3 specimens
   3 slightly
   3 shell
   3 seen
   3 secondary
   3 salient
   3 obtained
   3 observed
   3 near
   3 measurements
   3 margin
   3 main
   3 limestone
   3 large
   3 internode
   3 however
   3 granular
   3 geol
   3 frontal
   3 four
   3 evenly
   3 edge
   3 depth
   3 curved
   3 core
   3 consists
   3 communication
   3 busk
   3 bassler
   3 avicularium
   3 avicularia
   3 ascophora
   3 arrangement
   3 aperture
   3 affinities
   2 view
   2 vibices
   2 var
   2 used
   2 unusual
   2 united
   2 undetermined
   2 tunnellike
   2 text
   2 terminal
   2 taken
   2 systematic
   2 suggest
   2 subcircular
   2 stenolaematous
   2 stages
   2 split
   2 smaller
   2 small
   2 similar
   2 sides
   2 siboga
   2 shows
   2 shallow
   2 series
   2 sample
   2 rows
   2 row
   2 reteporidae
   2 recorded
   2 quadrilatera
   2 prominent
   2 present
   2 pore
   2 polyzoa
   2 pls
   2 pleurocyst
   2 paper
   2 page
   2 original
   2 order
   2 oolony
   2 normal
   2 narrow
   2 name
   2 mollusks
   2 median
   2 material
   2 margins
   2 long
   2 line
   2 indication
   2 height
   2 hand
   2 gymnocyst
   2 greatest
   2 fragment
   2 found
   2 forms
   2 foraminifera
   2 flattened
   2 figures
   2 figured
   2 external
   2 exped
   2 end
   2 ellia
   2 distally
   2 diameter
   2 details
   2 cyclostome
   2 cross
   2 coral
   2 convex
   2 concave
   2 common
   2 cole
   2 classification
   2 chiefly
   2 cheilostomata
   2 cemented
   2 buff
   2 bryozoan
   2 brown
   2 branching
   2 borg
   2 beds
   2 arranged
   2 area
   2 approximately
   2 appear
   2 anasca
   2 also
   2 abstract
   2 absence
   1 zool
   1 zooecla
   1 zooeciurn
   1 zooccium
   1 zooarium
   1 zoarlum
   1 zoariurn
   1 without
   1 white
   1 wer
   1 weakly
   1 wbout
   1 waters
   1 washington
   1 visible
   1 vicularia
   1 vicinity
   1 variety
   1 urceolate
   1 upper
   1 unnamed
   1 university
   1 univ
   1 underside
   1 unable
   1 typical
   1 types
   1 type
   1 truncating
   1 tropical
   1 trivia
   1 triangular
   1 trench
   1 treatise
   1 trace
   1 trabeculae
   1 townsend
   1 toll
   1 todd
   1 though
   1 thickened
   1 tenuis
   1 tendency
   1 tend
   1 temperate
   1 tan
   1 symbols
   1 swedish
   1 surfaces
   1 superfamily
   1 sulu
   1 suggests
   1 subtriangular
   1 subsidiary
   1 subquadrate
   1 subcylindrical
   1 structures
   1 strong
   1 strata
   1 stephenson
   1 states
   1 stated
   1 stands
   1 square
   1 spine
   1 speclmen
   1 specific
   1 specically
   1 somewhat
   1 soc
   1 smooth
   1 sloping
   1 slender
   1 sketch
   1 size
   1 since
   1 side
   1 shown
   1 short
   1 shaped
   1 shape
   1 several
   1 separated
   1 semicircular
   1 seems
   1 sections
   1 seas
   1 ruth
   1 russell
   1 rounded
   1 rooecium
   1 ridge
   1 reteporldae
   1 reteporidans
   1 retain
   1 resembling
   1 resembles
   1 resemblance
   1 research
   1 rept
   1 represented
   1 report
   1 repol
   1 removed
   1 remains
   1 remain
   1 regularity
   1 regions
   1 referred
   1 references
   1 reduced
   1 rays
   1 raised
   1 radiating
   1 proximally
   1 projects
   1 projecting
   1 professional
   1 probably
   1 printing
   1 press
   1 preserved
   1 presence
   1 practice
   1 porites
   1 poli
   1 places
   1 pillate
   1 phylum
   1 photograph
   1 philippine
   1 petroleum
   1 permit
   1 peristome
   1 perhaps
   1 pelecypod
   1 pecten
   1 pavonina
   1 pattern
   1 passes
   1 parts
   1 partly
   1 particularly
   1 papillate
   1 papillae
   1 paleontology
   1 pair
   1 oypraea
   1 ovlcells
   1 ovicelled
   1 ovicell
   1 overlie
   1 oriifices
   1 originate
   1 orifices
   1 organisms
   1 open
   1 oosoiniopsis
   1 olocyst
   1 office
   1 oerithium
   1 occupying
   1 occupied
   1 obscured
   1 obscure
   1 obliquely
   1 number
   1 noted
   1 nonperforate
   1 none
   1 nices
   1 network
   1 neither
   1 nature
   1 national
   1 narrows
   1 morphological
   1 molds
   1 moderately
   1 mode
   1 millepora
   1 michelin
   1 mes
   1 medial
   1 maximum
   1 mature
   1 massive
   1 martin
   1 marked
   1 many
   1 magnification
   1 made
   1 lthers
   1 longitudinal
   1 location
   1 located
   1 lmm
   1 lip
   1 lines
   1 lie
   1 laterally
   1 larger
   1 lamouroux
   1 known
   1 kembraniporidae
   1 kansas
   1 jurassic
   1 jackson
   1 isurvey
   1 irregular
   1 invertebrate
   1 introduction
   1 internodal
   1 internal
   1 ingerson
   1 include
   1 imperforate
   1 immersed
   1 immature
   1 illustrations
   1 iii
   1 identity
   1 identifiable
   1 idenltification
   1 hippoporine
   1 hard
   1 growth
   1 greatly
   1 government
   1 goological
   1 gonozooecium
   1 giving
   1 geologists
   1 geological
   1 generically
   1 generic
   1 generally
   1 general
   1 fused
   1 furrows
   1 froin
   1 foraminiferal
   1 follows
   1 following
   1 foliate
   1 floor
   1 flabellate
   1 first
   1 firm
   1 finely
   1 figs
   1 fiber
   1 fertile
   1 features
   1 feature
   1 fan
   1 extremity
   1 extend
   1 exposing
   1 expedition
   1 expansions
   1 exochellidae
   1 escharoldes
   1 eocene
   1 eniwet
   1 ends
   1 embedded
   1 either
   1 edges
   1 eceived
   1 eastern
   1 earl
   1 drilling
   1 dncluding
   1 diverging
   1 distinct
   1 discernible
   1 dis
   1 directed
   1 dimensions
   1 difficult
   1 differences
   1 diastoporidae
   1 diaphragms
   1 diameters
   1 development
   1 determine
   1 detected
   1 detect
   1 detaus
   1 detailed
   1 detail
   1 designation
   1 descriptions
   1 des
   1 deposits
   1 dendritic
   1 degree
   1 definitely
   1 definite
   1 deeply
   1 deep
   1 cyclostomes
   1 cyclostomata
   1 cut
   1 cryptocyst
   1 cprn
   1 correct
   1 corals
   1 coralliferous
   1 conus
   1 contents
   1 conform
   1 confined
   1 compromise
   1 comprising
   1 comes
   1 colony
   1 coelatus
   1 closely
   1 clearly
   1 clear
   1 city
   1 circular
   1 cheilostome
   1 cheilostomatous
   1 cheilost
   1 certain
   1 cenomanian
   1 cases
   1 case
   1 canu
   1 canberra
   1 calcification
   1 bulla
   1 btended
   1 bryozoans
   1 bryowa
   1 bordered
   1 blocked
   1 bilaminate
   1 bilamellar
   1 belong
   1 believes
   1 bases
   1 basal
   1 avicu
   1 average
   1 author
   1 australian
   1 australia
   1 assoc
   1 aspeet
   1 aspect
   1 ascophoran
   1 asaipora
   1 articulating
   1 arr
   1 arising
   1 aria
   1 archipelago
   1 appropriate
   1 applied
   1 appearance
   1 apertures
   1 apart
   1 antarctic
   1 another
   1 angles
   1 angement
   1 andfigured
   1 amount
   1 among
   1 america
   1 although
   1 almost
   1 almosi
   1 ajl
   1 aides
   1 aft
   1 aff
   1 adapted
   1 account
   1 accommodated
   1 abundant
   1 aborted
