 371 formation
 295 cushman
 218 river
 170 sec
 169 cor
 164 twin
 155 foraminifera
 142 species
 125 part
 118 age
 113 fig
 112 stage
  97 california
  94 creek
  90 washington
  88 figs
  85 rocks
  84 usnm
  84 usgs
  82 lower
  79 lyre
  78 rau
  76 upper
  74 zemorrian
  71 eocene
  68 view
  66 olympic
  63 peninsula
  62 northern
  59 bulimina
  57 locality
  56 area
  55 oregon
  55 aldwell
  54 known
  52 section
  52 jour
  51 figure
  50 plate
  50 paleontology
  49 mallory
  48 crescent
  48 assemblages
  47 occurrence
  47 found
  46 deep
  46 coast
  45 siegfus
  44 specimen
  43 figured
  42 member
  41 parker
  40 samples
  39 recorded
  39 kleinpell
  38 refugian
  38 clallam
  37 geol
  36 stewart
  35 zone
  35 smith
  35 packardi
  35 also
  34 middle
  34 late
  33 tertiary
  33 pis
  33 east
  32 west
  32 geology
  32 feet
  31 research
  31 foram
  30 foraminiferal
  29 specimens
  29 side
  29 nonion
  28 referred
  28 lab
  28 genus
  27 uvigerina
  27 present
  27 fauna
  26 eiver
  26 common
  25 many
  24 similar
  24 localities
  24 form
  24 beck
  23 table
  23 saucesian
  23 lowest
  23 eponides
  23 early
  22 narizian
  22 mapped
  21 stratigraphic
  21 schenck
  20 western
  20 univ
  20 survey
  20 occurs
  20 hanna
  20 general
  20 cibicides
  20 californica
  19 shallow
  19 miocene
  19 may
  19 depths
  19 cassidulina
  19 bandy
  19 assigned
  18 water
  18 therefore
  18 suggest
  18 southwestern
  18 sequence
  18 records
  18 point
  18 plectofrondicularia
  18 observed
  18 identified
  18 faunas
  18 described
  18 conditions
  18 although
  17 writer
  17 shale
  17 san
  17 robulus
  17 report
  17 probably
  17 petroleum
  17 one
  17 laiming
  17 geologists
  17 environment
  17 assoc
  16 time
  16 stages
  16 several
  16 planktonic
  16 parts
  16 occur
  16 hobson
  16 family
  16 bolivina
  16 beds
  16 alsatica
  15 shorter
  15 oligocene
  15 mile
  15 measured
  15 generally
  15 dept
  15 contributions
  15 base
  14 thickness
  14 suggests
  14 southwest
  14 sections
  14 peripheral
  14 page
  14 others
  14 number
  14 multilineata
  14 description
  14 approximately
  13 valvulineria
  13 throughout
  13 simonson
  13 schencki
  13 quinqueloculina
  13 pub
  13 mansfieldi
  13 however
  13 forms
  13 county
  13 correlation
  13 continued
  13 based
  12 within
  12 ulatisian
  12 strata
  12 siltstone
  12 sandstone
  12 ranges
  12 largely
  12 jacksonensis
  12 bull
  12 benthonic
  12 apertural
  12 abundant
  11 well
  11 toledo
  11 stratigraphy
  11 south
  11 soc
  11 significance
  11 sculptilis
  11 sci
  11 road
  11 places
  11 oregonensis
  11 older
  11 murdock
  11 martinezensis
  11 least
  11 incisum
  11 gyroidina
  11 formations
  11 deposition
  11 costae
  11 corrugata
  11 brown
  10 weaver
  10 ventral
  10 valley
  10 useful
  10 regarded
  10 pacific
  10 kreyenhagen
  10 indicated
  10 dorsal
  10 crassipunctata
  10 collecting
  10 collected
  10 cocoaensis
  10 californiensis
  10 astoria
  10 areas
  10 anomalina
  10 amphistegina
   9 yeguaensis
   9 type
   9 three
   9 slightly
   9 sea
   9 represented
   9 rare
   9 pompilioides
   9 planata
   9 paper
   9 northwest
   9 near
   9 mudstone
   9 much
   9 minutum
   9 malloryi
   9 makes
   9 lobatus
   9 limestone
   9 joaquinensis
   9 isolated
   9 gower
   9 geological
   9 eefugian
   9 diego
   9 depth
   9 cool
   9 colei
   9 churchi
   9 church
   9 chambers
   9 cancris
   9 biostratigraphy
   9 bastendorff
   9 asterigerina
   9 angulogerina
   9 aff
   8 variabilis
   8 uppermost
   8 two
   8 test
   8 tentatively
   8 suggested
   8 sphaeroidina
   8 reuss
   8 questionably
   8 pysht
   8 pseudoglandulina
   8 presence
   8 parva
   8 paleoecology
   8 originally
   8 orbicularis
   8 obtained
   8 nuttalli
   8 nat
   8 mclntosh
   8 marginata
   8 lived
   8 lirata
   8 laciniata
   8 kernensis
   8 inflata
   8 indicative
   8 illustrations
   8 goodspeedi
   8 globosa
   8 geologic
   8 garzaensis
   8 fork
   8 elphidium
   8 either
   8 crassiformis
   8 compare
   8 bifarina
   8 alabamina
   7 weaveri
   7 volcanic
   7 umpqua
   7 tritaxilina
   7 subfusiformis
   7 relatively
   7 range
   7 pillar
   7 outcrops
   7 nye
   7 numbers
   7 neritic
   7 mineral
   7 miles
   7 locally
   7 listed
   7 lagena
   7 industries
   7 hannai
   7 half
   7 given
   7 gallowayi
   7 exposed
   7 evidence
   7 detling
   7 deposited
   7 dentalina
   7 costiferum
   7 consists
   7 cibiddes
   7 chiefly
   7 calcar
   7 bathyal
   7 advena
   7 additional
   6 would
   6 weinzierl
   6 wagonwheel
   6 unit
   6 study
   6 soleduck
   6 small
   6 sediments
   6 references
   6 reference
   6 reddish
   6 rather
   6 primarily
   6 penutian
   6 particularly
   6 overlying
   6 nodosaria
   6 mountain
   6 linne
   6 lincoln
   6 limited
   6 last
   6 large
   6 lake
   6 jenkinsi
   6 interpretations
   6 indicates
   6 indicate
   6 history
   6 highest
   6 hantken
   6 guttulina
   6 globigerina
   6 frequent
   6 frequency
   6 following
   6 features
   6 examined
   6 estimated
   6 epistominella
   6 entosolenia
   6 discocyclina
   6 correlations
   6 correlated
   6 contains
   6 considerable
   6 confined
   6 complete
   6 comparable
   6 cold
   6 celebrus
   6 cassidulinoides
   6 broad
   6 best
   6 bay
   6 america
   6 adelaidana
   5 younger
   5 yazooensis
   5 yaquina
   5 wilson
   5 welchi
   5 variations
   5 together
   5 thin
   5 thick
   5 temperatures
   5 temperature
   5 sutures
   5 state
   5 standard
   5 significant
   5 sigmomorphina
   5 shown
   5 show
   5 recent
   5 rarely
   5 rapidly
   5 professional
   5 previously
   5 position
   5 persimilis
   5 park
   5 oil
   5 north
   5 necessarily
   5 montfort
   5 local
   5 keasey
   5 index
   5 greater
   5 gas
   5 fossil
   5 faunal
   5 ennis
   5 distinct
   5 display
   5 discorbis
   5 directa
   5 crops
   5 cowlitz
   5 contain
   5 conglomerate
   5 characteristic
   5 certain
   5 cape
   5 buliminella
   5 breadth
   5 bolivinopsis
   5 blanco
   5 berthiaume
   5 aster
   5 association
   5 assemblage
   5 argillaceous
   5 applin
   5 aperture
   4 zones
   4 whereas
   4 vulvulina
   4 variation
   4 used
   4 use
   4 units
   4 unfossiliferous
   4 tumeyensis
   4 tumey
   4 triangularis
   4 total
   4 temblor
   4 taxonomically
   4 summary
   4 stratigraphically
   4 stavensis
   4 snavely
   4 since
   4 sigmoilina
   4 siebert
   4 sheltered
   4 sandy
   4 sample
   4 salisburyi
   4 round
   4 ridge
   4 restricted
   4 remains
   4 reagan
   4 ran
   4 probable
   4 preserved
   4 poorly
   4 placed
   4 phleger
   4 periphery
   4 perforate
   4 paleoecologic
   4 ozawa
   4 overlies
   4 oreg
   4 orbitoid
   4 ocean
   4 occurring
   4 occurred
   4 obsea
   4 numerous
   4 none
   4 never
   4 nestucca
   4 mouth
   4 moll
   4 mines
   4 members
   4 map
   4 major
   4 lorenzo
   4 living
   4 little
   4 karreriella
   4 individuals
   4 incisa
   4 impolata
   4 high
   4 group
   4 greatest
   4 globigerinids
   4 generalized
   4 gaviota
   4 furthermore
   4 frequently
   4 fossils
   4 extends
   4 existed
   4 dusenbury
   4 duprei
   4 displaying
   4 different
   4 depressa
   4 data
   4 cretaceous
   4 could
   4 considered
   4 conformably
   4 coastal
   4 ciervoensis
   4 chamber
   4 cases
   4 calcareous
   4 became
   4 arranged
   4 amounts
   4 almost
   4 alhambra
   4 abundance
   3 yamhill
   3 xxx
   3 work
   3 warm
   3 walls
   3 volcanism
   3 verdun
   3 vaughan
   3 various
   3 varied
   3 vaqueros
   3 vaginulinopsis
   3 vacavillensis
   3 united
   3 underlying
   3 uncommon
   3 tyee
   3 tuffaceous
   3 though
   3 thinner
   3 texanus
   3 tech
   3 synonomy
   3 syncline
   3 surface
   3 sulcata
   3 substantial
   3 subdivision
   3 studies
   3 strongly
   3 stone
   3 states
   3 stated
   3 southern
   3 skookumchuck
   3 size
   3 silicosigmoilina
   3 short
   3 shape
   3 seas
   3 scripps
   3 scalariformis
   3 reworked
   3 resources
   3 regional
   3 regina
   3 red
   3 recognized
   3 reasonably
   3 pupoides
   3 pullenia
   3 pubs
   3 psila
   3 pseudoschencki
   3 pseudopolymorphina
   3 problema
   3 prevailed
   3 preservation
   3 poway
   3 poor
   3 plates
   3 peru
   3 period
   3 pease
   3 pearson
   3 paleocene
   3 oyroidina
   3 oolina
   3 oceanography
   3 occurrences
   3 observatory
   3 nonionidae
   3 nonionella
   3 nodogenerina
   3 monograph
   3 moderately
   3 minor
   3 mexico
   3 mcmastersi
   3 mcmasters
   3 maximum
   3 material
   3 marine
   3 made
   3 macrostoma
   3 longitudinal
   3 longistagata
   3 longer
   3 limits
   3 limit
   3 less
   3 lenticular
   3 length
   3 latter
   3 latejugata
   3 joaquin
   3 jim
   3 irregularis
   3 inv
   3 inst
   3 initial
   3 information
   3 hoover
   3 hodgei
   3 hexagona
   3 hantkeni
   3 gulf
   3 gracilis
   3 globotruncanids
   3 globorotalids
   3 gilboei
   3 freshwater
   3 frankei
   3 folds
   3 five
   3 figures
   3 fichtel
   3 faults
   3 extent
   3 extending
   3 extend
   3 except
   3 even
   3 epistomina
   3 end
   3 elongate
   3 elmaensis
   3 ellisorae
   3 ellipsonodosaria
   3 eecent
   3 ecology
   3 due
   3 div
   3 distribution
   3 discussion
   3 discocyclinidae
   3 differs
   3 developed
   3 determining
   3 determined
   3 currents
   3 curia
   3 cross
   3 costata
   3 cooperensis
   3 contorta
   3 containing
   3 consobrina
   3 conscripta
   3 condoni
   3 condition
   3 concentrations
   3 compressed
   3 commonly
   3 combination
   3 colliculus
   3 collections
   3 coaledo
   3 cibkides
   3 characterize
   3 characteristics
   3 ceratobulimina
   3 burnt
   3 bulloides
   3 bradburyi
   3 boueane
   3 bodies
   3 belt
   3 believed
   3 basalt
   3 baggina
   3 arguello
   3 argillite
   3 applini
   3 anomala
   3 angular
   3 amount
   3 alveata
   3 alazanensis
   3 aktinocyclina
   3 adolphina
   3 according
   3 absence
   2 williamson
   2 willapaensis
   2 widely
   2 whorl
   2 whisky
   2 weldon
   2 waters
   2 washingtonensis
   2 washburni
   2 waldport
   2 von
   2 vicinity
   2 ventura
   2 venezuelanus
   2 vaughani
   2 varies
   2 variant
   2 uvigerinetta
   2 uvigerinella
   2 usually
   2 upon
   2 unfavorable
   2 umbonatus
   2 types
   2 tural
   2 tumwater
   2 ttvigerina
   2 triloculina
   2 tributary
   2 top
   2 tional
   2 tide
   2 tetanus
   2 tests
   2 terms
   2 tenuis
   2 tennis
   2 teninoensis
   2 tejon
   2 tables
   2 systematic
   2 supported
   2 suggestive
   2 submarine
   2 subglobosa
   2 studied
   2 strain
   2 spp
   2 spiroplectamina
   2 spiroloculina
   2 spec
   2 southeastern
   2 somewhat
   2 smooth
   2 single
   2 sierra
   2 showing
   2 showed
   2 shallower
   2 separated
   2 selected
   2 seems
   2 see
   2 schenk
   2 scattered
   2 scarcity
   2 santa
   2 salt
   2 rotobinella
   2 reworking
   2 retral
   2 resulted
   2 respects
   2 respect
   2 required
   2 rept
   2 represent
   2 remaining
   2 remained
   2 relative
   2 related
   2 region
   2 reefs
   2 reef
   2 redefinition
   2 redefined
   2 ratio
   2 ranging
   2 ranch
   2 quadrulata
   2 qaudryina
   2 pseudoclavulina
   2 protected
   2 profile
   2 processes
   2 printing
   2 possibly
   2 possible
   2 port
   2 platelike
   2 pillow
   2 persistently
   2 periods
   2 perhaps
   2 particular
   2 pardee
   2 pacifica
   2 ovata
   2 opposite
   2 open
   2 olobigerina
   2 often
   2 office
   2 occasionally
   2 observations
   2 nuttall
   2 noted
   2 norton
   2 nonionina
   2 new
   2 nevertheless
   2 nearly
   2 nature
   2 natland
   2 name
   2 mouths
   2 mineralogist
   2 miliolidae
   2 meters
   2 menloensis
   2 mem
   2 massive
   2 mass
   2 marginulina
   2 manganese
   2 man
   2 make
   2 mabury
   2 loxostomum
   2 low
   2 live
   2 ligua
   2 lecalvez
   2 kleinpetti
   2 kleinpelli
   2 kiver
   2 kefugian
   2 jagged
   2 introduction
   2 interfingers
   2 inferred
   2 individual
   2 indiscriminata
   2 indian
   2 important
   2 imperialis
   2 immediately
   2 illustration
   2 illustrated
   2 identical
   2 hurricane
   2 humilis
   2 higher
   2 hedberg
   2 haydoni
   2 harvard
   2 hampered
   2 hamitti
   2 guadrulata
   2 government
   2 good
   2 glaessner
   2 gettysburg
   2 genera
   2 gaudryina
   2 ftuinqueloculina
   2 fresno
   2 france
   2 four
   2 fold
   2 first
   2 finely
   2 final
   2 field
   2 existence
   2 europe
   2 estorff
   2 eral
   2 eocenka
   2 environments
   2 entirely
   2 elwha
   2 elsewhere
   2 elkton
   2 elevation
   2 eeuss
   2 eeologic
   2 eden
   2 economic
   2 ecologic
   2 eau
   2 eastern
   2 dusenburyi
   2 divisions
   2 district
   2 differentiate
   2 devils
   2 development
   2 descriptions
   2 depressed
   2 deposits
   2 dell
   2 deepwater
   2 cut
   2 crouch
   2 crop
   2 cozy
   2 costate
   2 coos
   2 convexity
   2 continuously
   2 continuous
   2 continental
   2 contained
   2 connection
   2 conclusions
   2 concerning
   2 comparisons
   2 compared
   2 collection
   2 coarser
   2 coarsely
   2 coarse
   2 coal
   2 closely
   2 close
   2 cited
   2 chilostomella
   2 cenozoic
   2 capitata
   2 canoas
   2 came
   2 cakar
   2 bulimiuella
   2 brought
   2 broken
   2 boundary
   2 boris
   2 blunt
   2 blanca
   2 beyond
   2 become
   2 beaver
   2 beach
   2 basis
   2 basaltic
   2 barbat
   2 axis
   2 average
   2 available
   2 asymmetric
   2 assignment
   2 appear
   2 anomalous
   2 ampmstegina
   2 amphimorphina
   2 among
   2 always
   2 along
   2 allomorphina
   2 aidwell
   2 addition
   2 addaidana
   2 activity
   2 acad
   1 zszin
   1 zoology
   1 zonation
   1 zistij
   1 zemorrain
   1 zeitschr
   1 youngest
   1 young
   1 yoshiaki
   1 york
   1 yokoyama
   1 ynezian
   1 yielded
   1 yesuaensis
   1 wzttj
   1 woodring
   1 wiuapaensis
   1 without
   1 willipa
   1 wiley
   1 width
   1 wide
   1 whose
   1 whorls
   1 whiskey
   1 wfllamette
   1 westward
   1 wdchi
   1 waterlaid
   1 washourni
   1 washinatonensis
   1 washed
   1 warmer
   1 walker
   1 wagner
   1 virgulininea
   1 virgulina
   1 venezuela
   1 varying
   1 vary
   1 variety
   1 variants
   1 variances
   1 variance
   1 valvttlinidae
   1 value
   1 valeulineria
   1 vaginulinopsisvacavillensis
   1 vacavittensis
   1 uvegerina
   1 utnbonatus
   1 utah
   1 usefulness
   1 uoicamvubigspnehromisndleainlta
   1 unlikely
   1 unknown
   1 underwent
   1 undergoing
   1 uncoil
   1 umbonal
   1 ulatisan
   1 uiiigerina
   1 ugua
   1 udall
   1 typical
   1 tutu
   1 turn
   1 turbulence
   1 tuff
   1 tszttj
   1 tss
   1 trttazilina
   1 trilocuhna
   1 tried
   1 triangular
   1 trend
   1 transported
   1 traced
   1 toulmin
   1 tooth
   1 tongue
   1 tlierefore
   1 tjsnm
   1 tively
   1 tion
   1 tie
   1 tidal
   1 thrived
   1 thomas
   1 thinnest
   1 thinbedded
   1 thicker
   1 thetumey
   1 thav
   1 texamis
   1 terminal
   1 teninoenais
   1 tending
   1 tend
   1 telescopic
   1 taxronaonmgicealdy
   1 taper
   1 taken
   1 systematically
   1 symmetry
   1 symmetric
   1 supposition
   1 support
   1 supply
   1 supplied
   1 superintendent
   1 sunlight
   1 summer
   1 suhstriata
   1 sufficient
   1 sufcstriata
   1 successful
   1 substriata
   1 substantiating
   1 substantiates
   1 substantiated
   1 subsidence
   1 subsequently
   1 subjacent
   1 subfamily
   1 subbuuata
   1 subbullata
   1 suavely
   1 structure
   1 structural
   1 straight
   1 stomeixidae
   1 steuctuee
   1 steeper
   1 stave
   1 statement
   1 standstone
   1 stagte
   1 sta
   1 sporadic
   1 spiroloouuna
   1 spiroglyplius
   1 spines
   1 spinelike
   1 spilite
   1 spgoviota
   1 specifically
   1 sparsely
   1 spain
   1 spaced
   1 sources
   1 source
   1 sorted
   1 sons
   1 sometimes
   1 sometime
   1 smaller
   1 slopes
   1 slltstone
   1 slitlike
   1 slit
   1 skookumchuk
   1 skookumchcuk
   1 sizeable
   1 sixth
   1 six
   1 sipkonodosaria
   1 siphonodosariafrizzetti
   1 siphonodosaria
   1 simonso
   1 similarity
   1 similarities
   1 silicosigmouina
   1 significantly
   1 sigmomorpmna
   1 sigmomorpliina
   1 shows
   1 shore
   1 shoetee
   1 shoal
   1 shelf
   1 sheets
   1 sharp
   1 shapes
   1 shallowest
   1 service
   1 ser
   1 separates
   1 separate
   1 sensu
   1 sense
   1 senezuelanus
   1 sedimentary
   1 secretary
   1 seattle
   1 sctiencki
   1 screen
   1 scarce
   1 scalloped
   1 sauces
   1 sands
   1 sampled
   1 sale
   1 rounded
   1 rotorl
   1 rotaliidae
   1 rotalhdae
   1 roemer
   1 rock
   1 robttltts
   1 roberts
   1 rivsr
   1 rftormiwvateionr
   1 retouched
   1 retained
   1 results
   1 rests
   1 respectively
   1 residue
   1 resembling
   1 resemble
   1 reports
   1 reported
   1 reliable
   1 relations
   1 regions
   1 regionally
   1 regardless
   1 regarding
   1 recreational
   1 record
   1 reagon
   1 rapid
   1 ranged
   1 random
   1 quoted
   1 qulnqueloculina
   1 quinque
   1 quinguelocvlina
   1 question
   1 quarter
   1 qualifiers
   1 quadrangles
   1 quadrangle
   1 quad
   1 qtjtwquelocttlina
   1 qlobigerina
   1 pyrgo
   1 puuenia
   1 puttenia
   1 published
   1 public
   1 pts
   1 pseudovortex
   1 pseudovortei
   1 pseudoglomdulina
   1 psettdoglandulina
   1 psemovortex
   1 protruding
   1 projections
   1 program
   1 profiles
   1 problems
   1 prior
   1 principles
   1 principal
   1 previous
   1 prevail
   1 press
   1 prelude
   1 preliminary
   1 preference
   1 prefer
   1 predominantly
   1 precisely
   1 precise
   1 practically
   1 power
   1 postulation
   1 possibilities
   1 porter
   1 pools
   1 polymorphinidae
   1 poleontology
   1 pointed
   1 pocket
   1 plummer
   1 pleurostometta
   1 plentiful
   1 plectofrondieularia
   1 plectoforndicularia
   1 plectofondicularia
   1 plant
   1 planoconvex
   1 plane
   1 pkmata
   1 piedmont
   1 photographs
   1 pertinent
   1 persist
   1 periodic
   1 percentage
   1 percent
   1 penetration
   1 peak
   1 paris
   1 parallel
   1 papillate
   1 papers
   1 paloentology
   1 padfica
   1 paciflca
   1 ozjzek
   1 overlie
   1 overemphasized
   1 ovate
   1 outtulina
   1 outstanding
   1 outcrop
   1 oso
   1 osilu
   1 ormcularis
   1 organisms
   1 ore
   1 order
   1 orbitoids
   1 orbievlaris
   1 orbicvlaris
   1 opening
   1 oolei
   1 olobobulimina
   1 oligomiocene
   1 oldest
   1 old
   1 ohitj
   1 odspeedi
   1 oceans
   1 occupies
   1 obscured
   1 nuttatti
   1 nummoloculina
   1 noticeably
   1 notes
   1 northeastern
   1 northcraft
   1 normally
   1 normal
   1 nonfloating
   1 non
   1 nolan
   1 nine
   1 nifera
   1 nella
   1 necessary
   1 nearby
   1 narrow
   1 museum
   1 mus
   1 muddy
   1 morse
   1 morphologically
   1 months
   1 montana
   1 mollusks
   1 mohnian
   1 modified
   1 moderate
   1 mocaruegsnnhosnmfiedanlsdis
   1 mining
   1 micropaleontology
   1 methods
   1 method
   1 meridian
   1 merdoensis
   1 mentioned
   1 megafossils
   1 media
   1 measurements
   1 matrix
   1 maryland
   1 mary
   1 marks
   1 marker
   1 marizian
   1 marginulinasubbullata
   1 mansfieldioregonensis
   1 maintain
   1 mainly
   1 maine
   1 magyr
   1 luisian
   1 ltre
   1 loseostomum
   1 long
   1 locul
   1 lobate
   1 loashingtonensis
   1 llajas
   1 lithology
   1 lithologic
   1 lip
   1 linneo
   1 linn
   1 line
   1 limbate
   1 limb
   1 likely
   1 like
   1 liebus
   1 lewis
   1 level
   1 lesser
   1 leroy
   1 lees
   1 layers
   1 lato
   1 latest
   1 later
   1 las
   1 larger
   1 lapped
   1 land
   1 lagenidae
   1 lack
   1 kir
   1 key
   1 keuss
   1 kecent
   1 kaydoni
   1 kau
   1 karrerieua
   1 karreriettacontorta
   1 kans
   1 kanges
   1 joyce
   1 jones
   1 jolla
   1 joined
   1 john
   1 jiannai
   1 jenmnsi
   1 jacob
   1 ixl
   1 iweareri
   1 itontfort
   1 italy
   1 italic
   1 isztt
   1 isstij
   1 isp
   1 isoijated
   1 islands
   1 irregular
   1 ipk
   1 ion
   1 investigations
   1 interior
   1 interbedded
   1 intensely
   1 int
   1 inftata
   1 inflated
   1 inflate
   1 inella
   1 indiscriminate
   1 indirectly
   1 independent
   1 incusum
   1 increasing
   1 increase
   1 incorporated
   1 incomplete
   1 includes
   1 inciswn
   1 inasmuch
   1 inactive
   1 ina
   1 importance
   1 imperial
   1 ill
   1 ilfl
   1 iii
   1 ignota
   1 identifying
   1 identification
   1 iac
   1 hundreds
   1 hundred
   1 humuis
   1 howeui
   1 howelli
   1 holcombensis
   1 hokombensis
   1 hist
   1 hills
   1 hill
   1 highly
   1 heterohelicidae
   1 helmick
   1 height
   1 headwaters
   1 hdcombensis
   1 hawmi
   1 harbor
   1 hamilli
   1 guide
   1 groups
   1 grouped
   1 graywacke
   1 grays
   1 gray
   1 gratilis
   1 grams
   1 grained
   1 graham
   1 gradually
   1 gradational
   1 gradation
   1 gqjs
   1 globorotalia
   1 globobulimina
   1 globigehinidae
   1 globegerina
   1 glob
   1 gil
   1 ggm
   1 ges
   1 germany
   1 geographic
   1 geneeal
   1 gave
   1 gattowayi
   1 garzaemis
   1 garsaensis
   1 galloivayi
   1 gained
   1 fvaginulinopsis
   1 frizzetti
   1 frizscui
   1 francisco
   1 fossiliferous
   1 fornia
   1 formed
   1 foramestifera
   1 fonnation
   1 follow
   1 foldt
   1 foflaminferes
   1 flows
   1 flow
   1 florida
   1 fllsll
   1 flilicosigmoilina
   1 flectofrondicularia
   1 flectofrondicttlaria
   1 flattened
   1 flaring
   1 flank
   1 fimi
   1 fieldwork
   1 fields
   1 fichteland
   1 ffff
   1 feature
   1 favorable
   1 faunules
   1 faunule
   1 faulting
   1 fathoms
   1 far
   1 families
   1 fall
   1 facies
   1 face
   1 extrusion
   1 extreme
   1 extinct
   1 extensive
   1 extension
   1 exception
   1 esztij
   1 erassipunctata
   1 equivalent
   1 epistomineua
   1 epistom
   1 eooligocene
   1 eocenica
   1 entire
   1 enormous
   1 elwhat
   1 elphidivm
   1 elfhidium
   1 ehrenberg
   1 eggeretta
   1 eggerella
   1 eegardless
   1 eecords
   1 ecologically
   1 ecological
   1 eastward
   1 eachpouicasnetohnmnidcan
   1 dusenburyl
   1 done
   1 dominant
   1 documents
   1 division
   1 dividing
   1 divided
   1 distributed
   1 distinctly
   1 displays
   1 displacements
   1 discussions
   1 discussed
   1 discontinuous
   1 disaggregation
   1 disaggregating
   1 director
   1 dips
   1 difficult
   1 differentiating
   1 differentiated
   1 differ
   1 die
   1 diagnostic
   1 deutsch
   1 determinations
   1 determination
   1 details
   1 detailed
   1 detail
   1 destruction
   1 des
   1 depression
   1 dependent
   1 department
   1 den
   1 delmontain
   1 delimiting
   1 delidae
   1 deliciae
   1 degrees
   1 deformed
   1 deepest
   1 deepening
   1 deepened
   1 decreases
   1 decreased
   1 decidedly
   1 debris
   1 deals
   1 deadmans
   1 dddd
   1 dating
   1 dam
   1 czjzek
   1 cwearustohnbumlirdaini
   1 cushmau
   1 curved
   1 curta
   1 current
   1 ctztij
   1 cslaacusinlhnpmitadltuans
   1 cruz
   1 crenulated
   1 created
   1 crassaformis
   1 coville
   1 course
   1 costiferwn
   1 costiferurn
   1 costa
   1 corrwgata
   1 correspond
   1 corre
   1 coral
   1 coolwater
   1 controversial
   1 contra
   1 contents
   1 contemporaneous
   1 conteibutions
   1 contact
   1 constitutes
   1 conspicuous
   1 consist
   1 consideration
   1 considerably
   1 cong
   1 conflicting
   1 conducted
   1 concretions
   1 conclusive
   1 concluded
   1 concept
   1 concentrated
   1 composite
   1 composed
   1 comparison
   1 comparing
   1 compares
   1 comparatively
   1 comp
   1 commensal
   1 comeris
   1 come
   1 combined
   1 coll
   1 coldest
   1 cojist
   1 coincides
   1 coiled
   1 cobbelation
   1 closer
   1 cliffs
   1 clear
   1 clastic
   1 classification
   1 classen
   1 clarke
   1 cite
   1 chilostomeua
   1 chilostomellidae
   1 child
   1 chart
   1 characterized
   1 chapman
   1 chap
   1 centraliachehalis
   1 central
   1 cent
   1 cekbrus
   1 cdei
   1 ccr
   1 categories
   1 cassidwlina
   1 cassidulinldae
   1 cassidulinidae
   1 cassidttlina
   1 carte
   1 carapita
   1 capitatal
   1 capay
   1 cambridge
   1 called
   1 calculations
   1 bzone
   1 bullmina
   1 bulitian
   1 bulimiua
   1 buliminidae
   1 bulimineiia
   1 btjliminidae
   1 bronemann
   1 broneman
   1 broadly
   1 breccia
   1 boundaries
   1 border
   1 bilaterally
   1 bilateral
   1 biandy
   1 better
   1 benton
   1 bedded
   1 becomes
   1 bear
   1 bays
   1 bassin
   1 basins
   1 basic
   1 bases
   1 basal
   1 barrier
   1 barbara
   1 bar
   1 bagley
   1 baclaulasinhmgmiadniatnag
   1 axes
   1 auigata
   1 augmented
   1 attributed
   1 attomorphina
   1 attigata
   1 attention
   1 attempted
   1 attained
   1 asterifferina
   1 assumption
   1 associated
   1 assistance
   1 aso
   1 art
   1 arkosic
   1 appreciable
   1 appears
   1 appearing
   1 appeared
   1 appearance
   1 apparently
   1 anumalina
   1 another
   1 anomallnidae
   1 anomalinidae
   1 annihilation
   1 angttlogerina
   1 angeles
   1 amygdaloidal
   1 ampmmorphina
   1 amphistegintdae
   1 amphisteginidae
   1 amphistegenidael
   1 amphimorpmna
   1 amphimorpliina
   1 american
   1 amcaduealsrnahgidmandanta
   1 alveola
   1 alligata
   1 alidade
   1 alhgata
   1 algae
   1 alasanensis
   1 alabavnina
   1 alabama
   1 ajctinocyclina
   1 ailspecies
   1 agua
   1 agrees
   1 agreed
   1 ages
   1 aflsnes
   1 affect
   1 adapted
   1 action
   1 across
   1 acknowledgments
   1 accumulating
   1 accumulated
   1 account
   1 accordance
   1 accompanying
   1 access
   1 abyssal
   1 abundapt
   1 abstract
   1 absent
   1 abs
