 123 ore
  94 hematite
  93 formation
  93 deposits
  90 iron
  75 seminoe
  65 feet
  51 magnetite
  50 beds
  49 mountains
  47 jasper
  43 fault
  42 north
  41 quartz
  40 limestone
  39 rocks
  39 miles
  39 granite
  37 probably
  37 east
  36 near
  35 sandstone
  34 rawlins
  33 shale
  31 region
  31 found
  30 small
  30 many
  29 peak
  28 ores
  28 hard
  27 present
  27 part
  26 rock
  26 bradley
  25 south
  25 soft
  24 quartzite
  24 much
  24 geology
  24 county
  23 would
  23 carbon
  23 cambrian
  22 west
  22 places
  22 large
  21 red
  21 nearly
  21 along
  20 veins
  20 sediments
  20 schists
  20 schist
  20 district
  19 wyo
  19 madison
  19 bodies
  18 silica
  18 one
  17 wyoming
  17 thin
  17 pegmatite
  17 origin
  17 mass
  17 layers
  17 formations
  17 base
  17 banded
  16 thick
  16 survey
  16 less
  16 formed
  16 although
  15 toward
  15 thickness
  15 side
  15 masses
  15 high
  15 great
  15 ferris
  15 economic
  15 described
  15 bands
  14 uplift
  14 two
  14 sand
  14 plate
  14 per
  14 may
  14 material
  14 little
  14 jaspers
  14 ground
  14 ferruginous
  14 exposed
  14 evidence
  14 dip
  14 cent
  14 also
  13 surface
  13 strike
  13 sec
  13 paleozoic
  13 made
  13 general
  13 could
  13 black
  12 throughout
  12 shirley
  12 road
  12 old
  12 occur
  12 mile
  12 greenstone
  12 dike
  12 crystals
  12 contributions
  11 white
  11 thrust
  11 texture
  11 syenite
  11 several
  11 series
  11 probable
  11 parts
  11 occurs
  11 observed
  11 known
  11 interbedded
  11 gray
  11 forms
  11 eastern
  11 colorado
  11 character
  11 age
  10 wide
  10 well
  10 water
  10 top
  10 time
  10 strongly
  10 shown
  10 shaft
  10 section
  10 said
  10 ranges
  10 lower
  10 locally
  10 indicates
  10 igneous
  10 features
  10 diorite
  10 creek
  10 chiefly
  10 casper
  10 appearance
  10 abundant
   9 structure
   9 structural
   9 springs
   9 see
   9 replacement
   9 range
   9 place
   9 line
   9 irregular
   9 however
   9 hill
   9 grained
   9 geol
   9 early
   9 developed
   9 cretaceous
   9 composition
   9 color
   9 believed
   9 bed
   9 basin
   9 areas
   9 area
   8 writer
   8 waters
   8 vertical
   8 usually
   8 upper
   8 union
   8 thus
   8 suggests
   8 slightly
   8 similar
   8 siliceous
   8 siderite
   8 seen
   8 report
   8 presence
   8 porphyry
   8 pacific
   8 oxide
   8 northwest
   8 long
   8 late
   8 indicate
   8 gold
   8 followed
   8 end
   8 drainage
   8 distance
   8 deposit
   8 considered
   8 central
   8 best
   8 apparently
   8 across
   7 years
   7 worked
   7 work
   7 weathering
   7 veinlets
   7 typical
   7 type
   7 taken
   7 surrounding
   7 specimens
   7 southeast
   7 show
   7 schistose
   7 sandy
   7 river
   7 ridges
   7 resistant
   7 possible
   7 platte
   7 plains
   7 pegmatitic
   7 overturned
   7 outcrop
   7 occurrence
   7 millimeter
   7 mesozoic
   7 mark
   7 major
   7 magnetic
   7 length
   7 largely
   7 land
   7 information
   7 hanna
   7 greatly
   7 grains
   7 geological
   7 form
   7 first
   7 far
   7 extremely
   7 extent
   7 erosion
   7 development
   7 cost
   7 contain
   7 camp
   7 body
   7 biotite
   7 associated
   7 alteration
   6 workings
   6 within
   6 vein
   6 striking
   6 stream
   6 southern
   6 sees
   6 replaced
   6 prospecting
   6 pit
   6 pink
   6 period
   6 pathfinder
   6 park
   6 oil
   6 needles
   6 minnesota
   6 mined
   6 member
   6 medicine
   6 marked
   6 makes
   6 location
   6 localities
   6 lean
   6 later
   6 largest
   6 hornblende
   6 highway
   6 given
   6 folding
   6 fine
   6 feldspar
   6 faults
   6 extends
   6 easily
   6 earlier
   6 dikes
   6 diameter
   6 deweese
   6 derived
   6 cuts
   6 cut
   6 contains
   6 consists
   6 common
   6 coarse
   6 close
   6 chlorite
   6 brown
   6 bow
   6 border
   6 block
   6 become
   6 ancient
   6 amounts
   5 yellowstone
   5 vol
   5 vicinity
   5 vermilion
   5 topography
   5 test
   5 tertiary
   5 studied
   5 southwest
   5 soudan
   5 shows
   5 shipped
   5 ridge
   5 readily
   5 ranging
   5 railroad
   5 position
   5 planes
   5 plane
   5 parallel
   5 paint
   5 paet
   5 overthrust
   5 overlying
   5 outcrops
   5 northern
   5 northeast
   5 new
   5 national
   5 mississippian
   5 mining
   5 minerals
   5 microcline
   5 mesaverde
   5 mesabi
   5 measured
   5 massive
   5 marine
   5 limonite
   5 lake
   5 jaspery
   5 intrusive
   5 hills
   5 highly
   5 half
   5 group
   5 greenstones
   5 greater
   5 grades
   5 give
   5 geologic
   5 freezeout
   5 folds
   5 folded
   5 flows
   5 field
   5 fauna
   5 fath
   5 drilling
   5 disseminated
   5 detail
   5 depth
   5 dense
   5 course
   5 country
   5 content
   5 containing
   5 conspicuous
   5 conglomerate
   5 center
   5 caused
   5 carried
   5 bulletin
   5 broken
   5 blue
   5 banding
   5 appear
   5 analyses
   5 amsden
   5 almost
   5 according
   4 younger
   4 widely
   4 wash
   4 value
   4 use
   4 unlikely
   4 underground
   4 tunnels
   4 three
   4 table
   4 swings
   4 strikes
   4 stratigraphy
   4 steeply
   4 state
   4 showing
   4 short
   4 sharply
   4 seems
   4 seem
   4 sedimentary
   4 seam
   4 sandstones
   4 samples
   4 relations
   4 recent
   4 reason
   4 ranch
   4 quartzitic
   4 quantity
   4 principal
   4 powdery
   4 possibilities
   4 point
   4 pegmatites
   4 partly
   4 page
   4 oxidized
   4 orthoclase
   4 open
   4 northward
   4 moulton
   4 moderately
   4 mistaken
   4 minor
   4 mineral
   4 mill
   4 might
   4 microscope
   4 meteoric
   4 metamorphosed
   4 medium
   4 map
   4 make
   4 locality
   4 lithology
   4 lies
   4 lie
   4 layer
   4 kawlins
   4 inches
   4 hypersthene
   4 hundred
   4 hot
   4 hidden
   4 greatest
   4 granites
   4 grade
   4 gneissic
   4 glauconite
   4 free
   4 flank
   4 faulting
   4 faulted
   4 enough
   4 encountered
   4 either
   4 due
   4 downthrown
   4 discontinuous
   4 dips
   4 dipping
   4 determined
   4 deposited
   4 degree
   4 deeply
   4 cross
   4 contorted
   4 contemporaneous
   4 consist
   4 confined
   4 concentrate
   4 complexly
   4 completely
   4 colored
   4 clearly
   4 class
   4 cherty
   4 characteristic
   4 channels
   4 carry
   4 carbonate
   4 bull
   4 brought
   4 beyond
   4 bell
   4 basins
   4 basal
   4 archean
   4 angles
   4 additional
   4 accessible
   3 workable
   3 winchell
   3 whereas
   3 western
   3 weathers
   3 warrant
   3 various
   3 varies
   3 van
   3 used
   3 upturned
   3 upthrown
   3 uplifts
   3 unknown
   3 turns
   3 trend
   3 trace
   3 torsion
   3 topographic
   3 tonnage
   3 timber
   3 thinly
   3 swing
   3 support
   3 supply
   3 superior
   3 sufficiently
   3 sufficient
   3 study
   3 strong
   3 stringers
   3 streams
   3 stope
   3 still
   3 specimen
   3 space
   3 somewhat
   3 solutions
   3 solution
   3 soil
   3 sharp
   3 shallow
   3 secondary
   3 sea
   3 scattered
   3 sample
   3 running
   3 rough
   3 rocky
   3 roads
   3 rich
   3 represents
   3 represent
   3 relatively
   3 relation
   3 quaternary
   3 pyler
   3 prospect
   3 production
   3 private
   3 principally
   3 primary
   3 possibility
   3 porous
   3 poor
   3 pits
   3 phases
   3 passes
   3 overlies
   3 oolitic
   3 older
   3 obtained
   3 nature
   3 monzonite
   3 minute
   3 mines
   3 michipicoten
   3 methods
   3 metamorphism
   3 mentioned
   3 maximum
   3 magnetometer
   3 magnetism
   3 low
   3 local
   3 limy
   3 light
   3 level
   3 leith
   3 left
   3 leaching
   3 ironbearing
   3 interval
   3 intermediate
   3 injected
   3 infolded
   3 indication
   3 increase
   3 inclusions
   3 inclined
   3 inch
   3 hise
   3 higher
   3 hand
   3 growth
   3 geophysical
   3 generally
   3 generalized
   3 future
   3 fuel
   3 front
   3 formerly
   3 finding
   3 farther
   3 exposure
   3 exist
   3 examined
   3 escarpments
   3 enlarged
   3 emanations
   3 eighties
   3 edge
   3 eawlins
   3 dust
   3 dominantly
   3 distribution
   3 difficulty
   3 different
   3 diamond
   3 diameters
   3 determine
   3 density
   3 cutting
   3 crystalline
   3 crop
   3 core
   3 continue
   3 contact
   3 concentrated
   3 complex
   3 commercial
   3 cold
   3 clinozoisite
   3 cit
   3 chief
   3 characterized
   3 change
   3 carries
   3 carboniferous
   3 called
   3 building
   3 broad
   3 brantley
   3 bedding
   3 becomes
   3 balance
   3 average
   3 available
   3 around
   3 arch
   3 anticline
   3 angle
   3 andesitic
   3 analysis
   3 amphibole
   3 amount
   3 altitude
   3 altered
   3 alluvium
   3 adjacent
   3 action
   3 accessibility
   3 absence
   2 zones
   2 zone
   2 yellowish
   2 yellow
   2 working
   2 without
   2 whole
   2 whether
   2 wherever
   2 weathered
   2 walls
   2 valley
   2 united
   2 unfortunately
   2 underlying
   2 underlain
   2 uncovered
   2 unconformity
   2 unconformably
   2 unable
   2 trough
   2 triassic
   2 trends
   2 trenching
   2 traverses
   2 transportation
   2 traced
   2 total
   2 took
   2 tons
   2 together
   2 tion
   2 tight
   2 thoroughly
   2 theory
   2 territorial
   2 tendency
   2 temperature
   2 system
   2 synclines
   2 sweetwater
   2 swamps
   2 surfaces
   2 supplemented
   2 supergene
   2 sunk
   2 suggestion
   2 suggest
   2 suffered
   2 subordinate
   2 submicroscopic
   2 structureless
   2 stretches
   2 streaks
   2 stone
   2 steep
   2 steele
   2 states
   2 stamp
   2 stained
   2 spur
   2 spring
   2 spotty
   2 southward
   2 sources
   2 source
   2 size
   2 sinking
   2 single
   2 sierra
   2 shipping
   2 shaly
   2 shales
   2 shafts
   2 sericite
   2 sequence
   2 selected
   2 second
   2 seams
   2 schistosity
   2 scale
   2 route
   2 rising
   2 rises
   2 ricketts
   2 resulted
   2 restricted
   2 represented
   2 reports
   2 remote
   2 relief
   2 regional
   2 regarded
   2 reconnaissance
   2 reached
   2 rattlesnake
   2 rare
   2 ranged
   2 ran
   2 quantities
   2 pyroxene
   2 published
   2 provisionally
   2 prospected
   2 pronounced
   2 product
   2 produced
   2 process
   2 prevented
   2 presumably
   2 preserve
   2 precipitated
   2 practically
   2 points
   2 pockety
   2 pigment
   2 phase
   2 persist
   2 permian
   2 perennial
   2 percentage
   2 pebbles
   2 peaks
   2 past
   2 pargasite
   2 oxides
   2 owe
   2 overlie
   2 overlain
   2 outward
   2 outlined
   2 others
   2 operations
   2 openings
   2 opened
   2 oldest
   2 occurrences
   2 occurred
   2 obtaining
   2 number
   2 noteworthy
   2 noted
   2 notably
   2 norris
   2 normal
   2 needle
   2 necessary
   2 moved
   2 mountain
   2 mode
   2 min
   2 middle
   2 metallurgical
   2 meager
   2 matt
   2 marks
   2 markedly
   2 main
   2 magmatic
   2 magma
   2 madre
   2 lost
   2 limits
   2 lenticular
   2 leads
   2 leached
   2 last
   2 laramie
   2 laminated
   2 lakes
   2 lacking
   2 knowledge
   2 justified
   2 isolation
   2 involved
   2 intrusives
   2 intrusion
   2 intimately
   2 intervals
   2 interpretation
   2 interlayered
   2 interior
   2 intelligent
   2 influence
   2 individual
   2 indicated
   2 increasingly
   2 increases
   2 included
   2 inadequate
   2 impossible
   2 importance
   2 illustrated
   2 identical
   2 hummocky
   2 history
   2 hematitic
   2 hague
   2 gruner
   2 grape
   2 graded
   2 glauconitic
   2 geyser
   2 geologist
   2 gentle
   2 gas
   2 fresh
   2 fracturing
   2 fractures
   2 flux
   2 flowing
   2 floor
   2 fissures
   2 finely
   2 filling
   2 fibrous
   2 feature
   2 fall
   2 fairly
   2 fair
   2 extensive
   2 extend
   2 explained
   2 expected
   2 existence
   2 examination
   2 everywhere
   2 etched
   2 estimate
   2 essential
   2 erected
   2 equally
   2 entirely
   2 eng
   2 effort
   2 econ
   2 eastward
   2 drive
   2 drifting
   2 done
   2 divisions
   2 divide
   2 districts
   2 distinct
   2 distant
   2 dirt
   2 directly
   2 difficult
   2 differ
   2 devoted
   2 detailed
   2 descending
   2 depression
   2 deposition
   2 denver
   2 decidedly
   2 day
   2 data
   2 crosses
   2 crosscutting
   2 covered
   2 contrast
   2 continues
   2 contained
   2 consideration
   2 considerably
   2 conductivity
   2 condition
   2 concentration
   2 composed
   2 completed
   2 compass
   2 comparatively
   2 commonly
   2 collins
   2 coarser
   2 closely
   2 chimney
   2 channel
   2 chambers
   2 certainty
   2 cemented
   2 caved
   2 cao
   2 came
   2 burlingame
   2 branch
   2 boundary
   2 bottom
   2 bordering
   2 bladed
   2 bessemer
   2 beneath
   2 bend
   2 bearing
   2 basic
   2 barren
   2 band
   2 badly
   2 axis
   2 away
   2 automobile
   2 assays
   2 ascribed
   2 ascertained
   2 appreciable
   2 appears
   2 appeared
   2 aplite
   2 apatite
   2 anticlines
   2 analyzed
   2 altitudes
   2 alternating
   2 algonkian
   2 albite
   2 active
   2 absent
   1 wrinkled
   1 worthy
   1 workers
   1 words
   1 wood
   1 wind
   1 width
   1 widened
   1 wet
   1 westnorthwest
   1 westcentral
   1 weeks
   1 weed
   1 wedge
   1 weather
   1 way
   1 wavy
   1 waves
   1 warranted
   1 vvyo
   1 volcanic
   1 visit
   1 view
   1 vesicles
   1 verify
   1 vegetation
   1 varying
   1 varieties
   1 varied
   1 varicolored
   1 variation
   1 variable
   1 upon
   1 uplifted
   1 unwarranted
   1 unsuitable
   1 unsafe
   1 unnamed
   1 unmetamorphosed
   1 unless
   1 uninterruptedly
   1 uninfluenced
   1 uniformly
   1 uniformity
   1 unenriched
   1 undoubtedly
   1 understanding
   1 underlies
   1 unconsolidated
   1 types
   1 twice
   1 turned
   1 tuff
   1 trustworthy
   1 truncated
   1 truck
   1 troughs
   1 tributary
   1 trending
   1 trenches
   1 trenched
   1 treated
   1 treat
   1 traveling
   1 transverse
   1 transitional
   1 track
   1 traces
   1 town
   1 toughness
   1 tougher
   1 ton
   1 toe
   1 tinge
   1 tilted
   1 thousand
   1 thought
   1 though
   1 thompson
   1 thjat
   1 thinner
   1 thickly
   1 thickets
   1 thicker
   1 thermopolis
   1 thermal
   1 therefore
   1 thence
   1 thank
   1 testify
   1 tested
   1 term
   1 ter
   1 tensleep
   1 teapot
   1 taking
   1 tailings
   1 systems
   1 systematic
   1 syncline
   1 suspected
   1 susceptibility
   1 surround
   1 sure
   1 supposed
   1 supported
   1 supplied
   1 superintendent
   1 sundance
   1 sum
   1 sulphur
   1 sulphides
   1 suggesting
   1 suffice
   1 successful
   1 success
   1 subsurface
   1 substantially
   1 subordinately
   1 subnormally
   1 subject
   1 subdued
   1 stuff
   1 structurally
   1 stripped
   1 strip
   1 stretching
   1 stop
   1 stones
   1 stock
   1 statement
   1 stated
   1 standing
   1 stalactitic
   1 stage
   1 square
   1 spite
   1 sparsely
   1 spaced
   1 southeastward
   1 soluble
   1 sold
   1 softness
   1 soc
   1 snowing
   1 smooth
   1 smelting
   1 smelters
   1 smca
   1 smaller
   1 sixth
   1 situation
   1 sioj
   1 sioi
   1 sioa
   1 sintered
   1 sinter
   1 since
   1 similarly
   1 similarity
   1 similarities
   1 significant
   1 sight
   1 sides
   1 shuts
   1 shut
   1 showed
   1 shot
   1 shortest
   1 shoots
   1 shively
   1 shining
   1 shifted
   1 sheep
   1 shattered
   1 seventies
   1 set
   1 separation
   1 separates
   1 separated
   1 semmoe
   1 semiarid
   1 seismologic
   1 seismic
   1 seininoe
   1 sediment
   1 sections
   1 schwartz
   1 scdimenly
   1 scarp
   1 scales
   1 satisfactory
   1 satisfaction
   1 saltiel
   1 salt
   1 saline
   1 sale
   1 sagebrush
   1 rusty
   1 runs
   1 rule
   1 rugged
   1 rubble
   1 roughly
   1 rosettes
   1 rooms
   1 room
   1 roof
   1 rise
   1 rims
   1 rim
   1 richer
   1 reworked
   1 revenue
   1 revealed
   1 resume
   1 results
   1 rests
   1 respectively
   1 resources
   1 residents
   1 reservoir
   1 reserves
   1 resembles
   1 resemble
   1 resemblance
   1 requires
   1 rept
   1 representing
   1 reported
   1 repeatedly
   1 repair
   1 rendered
   1 removed
   1 removal
   1 remnants
   1 remnant
   1 remainder
   1 remain
   1 reliable
   1 related
   1 regarding
   1 reflected
   1 referred
   1 reddishbrown
   1 reddish
   1 recrystallized
   1 recovered
   1 record
   1 recognizing
   1 recognized
   1 recognize
   1 readings
   1 reaching
   1 reaches
   1 reach
   1 rather
   1 rarely
   1 ranchers
   1 raising
   1 raised
   1 rain
   1 quurlzitc
   1 quirke
   1 quartzose
   1 quarters
   1 quarter
   1 quarries
   1 quality
   1 qualities
   1 pyritic
   1 pushed
   1 purposes
   1 purple
   1 pure
   1 proximity
   1 provided
   1 proved
   1 proportion
   1 proper
   1 promising
   1 progressive
   1 profitably
   1 profit
   1 processes
   1 probability
   1 prior
   1 previously
   1 prevailing
   1 preserves
   1 preserved
   1 presents
   1 premium
   1 predominantly
   1 precludes
   1 preclude
   1 precambrian
   1 practical
   1 practicable
   1 posures
   1 posts
   1 post
   1 possibly
   1 population
   1 poorly
   1 ponds
   1 plentiful
   1 pleasure
   1 playas
   1 plan
   1 plagioclase
   1 placed
   1 pitching
   1 pisolitic
   1 pis
   1 pinkish
   1 pillow
   1 piece
   1 phenocrysts
   1 petroleum
   1 petrograyphic
   1 petrograpmc
   1 persisting
   1 persistent
   1 persistence
   1 perpendicular
   1 permitted
   1 pennsylvanian
   1 penetrate
   1 pay
   1 pattern
   1 passages
   1 parting
   1 particularly
   1 parsons
   1 parallelism
   1 paralleled
   1 paper
   1 panorama
   1 paleozic
   1 pakt
   1 pages
   1 oxygen
   1 oxidation
   1 owned
   1 owing
   1 owes
   1 outlines
   1 outline
   1 outlay
   1 ous
   1 ounce
   1 originally
   1 original
   1 organization
   1 opposite
   1 opportunity
   1 opinion
   1 ontario
   1 ones
   1 omaha
   1 oligoclase
   1 okigin
   1 often
   1 officials
   1 office
   1 offer
   1 observations
   1 obliterated
   1 noticed
   1 nothing
   1 notable
   1 nos
   1 northwesterly
   1 northeastward
   1 normally
   1 nonmarine
   1 nonfebrous
   1 none
   1 nokth
   1 nodules
   1 niobrara
   1 nineties
   1 next
   1 newly
   1 nent
   1 negligible
   1 negative
   1 necessitates
   1 necessitate
   1 nearest
   1 nearer
   1 natural
   1 natrona
   1 narrowness
   1 narrowing
   1 narrow
   1 named
   1 must
   1 mue
   1 mowry
   1 movement
   1 mounds
   1 mostly
   1 morrison
   1 montana
   1 monoclines
   1 mon
   1 moisture
   1 modified
   1 moderate
   1 mno
   1 mixture
   1 mixed
   1 minutes
   1 minimum
   1 mineralized
   1 mine
   1 milling
   1 midway
   1 metasomatic
   1 metamorphic
   1 metallic
   1 metacrysts
   1 mesozoio
   1 meridian
   1 merges
   1 merely
   1 mentions
   1 members
   1 mem
   1 measure
   1 means
   1 mean
   1 meade
   1 mashing
   1 markets
   1 market
   1 mapping
   1 making
   1 mainly
   1 macroscopic
   1 mackenzie
   1 lowphosphorus
   1 lowermost
   1 lovering
   1 livestock
   1 lithologically
   1 lithologic
   1 lins
   1 lines
   1 linear
   1 limonitic
   1 limonitestained
   1 limited
   1 limit
   1 limestones
   1 lime
   1 likelihood
   1 like
   1 lightgray
   1 lightcolored
   1 lewis
   1 levering
   1 lenses
   1 least
   1 leading
   1 lavas
   1 lava
   1 latite
   1 laths
   1 landscape
   1 lander
   1 laid
   1 lacks
   1 lack
   1 laboratory
   1 kock
   1 knots
   1 knobs
   1 knob
   1 kiver
   1 keservoir
   1 kept
   1 ked
   1 kecrystallization
   1 kailroad
   1 justifiably
   1 jurassic
   1 june
   1 junction
   1 jointed
   1 joint
   1 jennings
   1 jarge
   1 irrigation
   1 ipss
   1 investigation
   1 invaded
   1 introduction
   1 introduced
   1 intricately
   1 interpreted
   1 intermittently
   1 intergrown
   1 interfaces
   1 interested
   1 interest
   1 intensive
   1 instruments
   1 insoluble
   1 ing
   1 infiltration
   1 inferred
   1 induction
   1 indistinguishable
   1 indications
   1 indicating
   1 index
   1 indeed
   1 increasing
   1 include
   1 incline
   1 inaccessibility
   1 impure
   1 impregnated
   1 imparts
   1 imountains
   1 immediately
   1 illustrations
   1 idem
   1 hypogene
   1 hydrous
   1 hydration
   1 hydrated
   1 hospitality
   1 horizontal
   1 horizons
   1 horizon
   1 hoots
   1 holes
   1 hold
   1 hogbacks
   1 histoby
   1 hilly
   1 highland
   1 highest
   1 henderson
   1 hematitk
   1 hematites
   1 hematitebearing
   1 help
   1 heavily
   1 head
   1 haystack
   1 hauled
   1 haul
   1 harmony
   1 hardness
   1 harder
   1 handsome
   1 halfway
   1 hailey
   1 grvmer
   1 grout
   1 grindstones
   1 grinding
   1 greenish
   1 green
   1 graveled
   1 gravel
   1 grass
   1 granitoid
   1 granitic
   1 grain
   1 gradual
   1 gradations
   1 gradation
   1 gorge
   1 good
   1 gone
   1 gneisses
   1 gneiss
   1 glad
   1 giving
   1 gives
   1 get
   1 geography
   1 geochemistry
   1 gently
   1 genetically
   1 genetic
   1 gathered
   1 gangue
   1 gabbro
   1 futwe
   1 furnish
   1 frontier
   1 friend
   1 fremont
   1 freighting
   1 fragments
   1 fractured
   1 fracture
   1 fossils
   1 fossiliferous
   1 fortunately
   1 forth
   1 forming
   1 former
   1 foreground
   1 foot
   1 following
   1 fold
   1 fluid
   1 flow
   1 flats
   1 flanking
   1 flakes
   1 five
   1 fit
   1 fissure
   1 fissile
   1 fish
   1 firewood
   1 finer
   1 filled
   1 figure
   1 fig
   1 fields
   1 fieldhouse
   1 ferrous
   1 ferromagnesian
   1 fence
   1 felt
   1 feel
   1 favorably
   1 favorable
   1 favor
   1 faithfully
   1 facts
   1 fact
   1 face
   1 extrusive
   1 extension
   1 extended
   1 expression
   1 exposures
   1 exploratory
   1 exploration
   1 exploited
   1 exploitation
   1 explanation
   1 explain
   1 experienced
   1 expending
   1 expedited
   1 exhausted
   1 exercise
   1 exceptional
   1 exception
   1 except
   1 excellent
   1 example
   1 examining
   1 examine
   1 exact
   1 evidently
   1 everyone
   1 ever
   1 even
   1 euhedral
   1 estimated
   1 establishes
   1 essentially
   1 especial
   1 erosional
   1 era
   1 equal
   1 enters
   1 enterprise
   1 enriched
   1 enjoyed
   1 ended
   1 encounter
   1 else
   1 ellis
   1 ellipsoidal
   1 elements
   1 efforts
   1 efficient
   1 effective
   1 effecting
   1 effect
   1 earthy
   1 earliest
   1 eailroad
   1 durability
   1 dunes
   1 dump
   1 duluth
   1 driving
   1 driven
   1 drift
   1 drag
   1 dowutbrowu
   1 dominate
   1 dominant
   1 domes
   1 dollars
   1 dobbin
   1 division
   1 divides
   1 diversity
   1 divergence
   1 distorted
   1 distinguished
   1 distinguish
   1 distinctly
   1 distinctively
   1 distinctive
   1 distinction
   1 distances
   1 dissection
   1 displayed
   1 dismantled
   1 dislocations
   1 disappear
   1 directions
   1 direction
   1 direct
   1 dioxide
   1 dioritic
   1 diorites
   1 diminished
   1 dimensions
   1 dikelike
   1 difficulties
   1 differential
   1 dickman
   1 diastrophism
   1 developing
   1 determining
   1 determines
   1 detected
   1 details
   1 depths
   1 depends
   1 depending
   1 depend
   1 demand
   1 dehydrated
   1 degrees
   1 deflect
   1 definite
   1 defined
   1 define
   1 deepest
   1 deeper
   1 decreasing
   1 decrease
   1 decided
   1 debris
   1 date
   1 darkcolored
   1 dark
   1 dane
   1 culminating
   1 crystallized
   1 crushed
   1 crumpled
   1 crops
   1 cropping
   1 critically
   1 crest
   1 crenulations
   1 crenulated
   1 cql
   1 covers
   1 covering
   1 courtesy
   1 courteously
   1 counties
   1 costs
   1 costly
   1 correspondingly
   1 correlate
   1 cornering
   1 copper
   1 converted
   1 convenience
   1 contour
   1 contklbutlotfs
   1 continuity
   1 continued
   1 continuation
   1 contemporaneously
   1 contbibtmotfs
   1 consolidation
   1 consisting
   1 consequence
   1 connect
   1 conglomeratic
   1 conglomerates
   1 conditions
   1 conclusions
   1 conclusion
   1 concluded
   1 concentrates
   1 concealed
   1 complicated
   1 completeness
   1 complete
   1 competing
   1 comparison
   1 companies
   1 commissioner
   1 commerce
   1 commanded
   1 coming
   1 comes
   1 come
   1 colors
   1 colo
   1 collected
   1 collapse
   1 coj
   1 coincident
   1 cobbings
   1 coated
   1 coal
   1 cloverty
   1 cloverly
   1 closer
   1 clinozoisitehornblende
   1 climate
   1 clerk
   1 cleavage
   1 clarke
   1 cklocklorite
   1 city
   1 cited
   1 chloritehornblende
   1 chicago
   1 chert
   1 chemist
   1 chemical
   1 characterizes
   1 characteristics
   1 changes
   1 changed
   1 chamber
   1 chalcopyrite
   1 certainly
   1 certain
   1 centers
   1 cenozoic
   1 cavity
   1 caves
   1 cattle
   1 carrying
   1 carloads
   1 carlile
   1 carefully
   1 capable
   1 cap
   1 canyon
   1 canada
   1 camps
   1 calcite
   1 caebon
   1 buried
   1 buildings
   1 buckled
   1 brownish
   1 brooklyn
   1 broderick
   1 brings
   1 bring
   1 brief
   1 bridge
   1 brewer
   1 brecciated
   1 branches
   1 boyle
   1 boulders
   1 borders
   1 bordered
   1 bocks
   1 bleblike
   1 blanket
   1 bent
   1 beneficiation
   1 belts
   1 believes
   1 believe
   1 behind
   1 beginning
   1 bedrock
   1 bears
   1 bawlins
   1 basis
   1 basalts
   1 barrels
   1 bare
   1 bank
   1 baked
   1 backbone
   1 babbitt
   1 axial
   1 axes
   1 averaging
   1 authentic
   1 attitude
   1 attendant
   1 attempt
   1 attained
   1 attain
   1 ates
   1 assumption
   1 associates
   1 associate
   1 assistance
   1 aspen
   1 ascertaining
   1 ascending
   1 asbestos
   1 arsenopyrite
   1 arsenic
   1 arranged
   1 arnold
   1 arkosic
   1 arkose
   1 aridity
   1 arid
   1 argues
   1 argillaceous
   1 arcliean
   1 arches
   1 apt
   1 approach
   1 appreciation
   1 appreciated
   1 applied
   1 aplitic
   1 aplites
   1 apart
   1 ann
   1 andesite
   1 andesine
   1 analysts
   1 ample
   1 amphibolite
   1 america
   1 always
   1 altogether
   1 alternate
   1 alone
   1 alkaline
   1 alkali
   1 akin
   1 air
   1 aid
   1 ago
   1 aggregation
   1 agency
   1 affected
   1 affect
   1 advisable
   1 advancing
   1 admixed
   1 admittedly
   1 actually
   1 actual
   1 acknowledgments
   1 acknowledge
   1 acids
   1 accuracy
   1 accord
   1 abundantly
   1 abundance
   1 abruptly
