 131 feet
 104 ore
  73 deposits
  67 quartz
  56 quadrangle
  53 district
  50 area
  49 silver
  48 mine
  48 granite
  46 vein
  45 basin
  43 veins
  42 sawtooth
  42 near
  42 galena
  39 little
  36 part
  36 claims
  34 rock
  34 north
  34 idaho
  33 principal
  31 rocks
  30 west
  29 river
  29 one
  29 creek
  28 sphalerite
  28 small
  28 gold
  27 said
  27 mountain
  27 along
  26 years
  25 ounces
  25 ores
  25 level
  24 within
  24 ton
  24 pyrite
  24 boulder
  23 vienna
  23 two
  23 places
  23 east
  22 worked
  22 monzonite
  22 miles
  21 tunnel
  21 locally
  21 lead
  20 vicinity
  20 surface
  20 south
  20 several
  20 porphyry
  20 old
  20 occur
  20 minerals
  19 three
  19 group
  19 geology
  19 biotite
  19 beds
  18 washington
  18 valley
  18 tunnels
  18 salmon
  18 production
  18 perhaps
  18 limestone
  18 gangue
  18 carrietown
  17 mining
  17 general
  16 time
  16 side
  16 pyrrhotite
  16 produced
  16 many
  16 canyon
  15 work
  15 wide
  15 wall
  15 sedimentary
  15 per
  15 king
  15 however
  15 economic
  15 dollarhide
  15 depth
  15 cent
  15 arsenopyrite
  14 much
  14 mill
  14 made
  14 germania
  14 contributions
  14 amount
  13 zinc
  13 wood
  13 width
  13 strikes
  13 springs
  13 specimens
  13 paleozoic
  13 mines
  13 material
  13 lavas
  13 large
  13 gray
  13 golden
  13 glow
  13 feldspar
  13 empire
  13 dips
  13 diorite
  13 developed
  12 road
  12 occurs
  12 nearly
  12 long
  12 include
  12 high
  12 elevation
  12 contain
  12 boyle
  12 basins
  12 also
  11 well
  11 seems
  11 probably
  11 point
  11 place
  11 orthoclase
  11 known
  11 inches
  11 extends
  11 exposed
  11 drainage
  11 dike
  11 areas
  10 situated
  10 short
  10 seen
  10 ridge
  10 mile
  10 mass
  10 lies
  10 ledge
  10 igneous
  10 hornblende
  10 head
  10 groundmass
  10 four
  10 feldspars
  10 eastern
  10 dikes
  10 development
  10 containing
  10 contact
  10 amounts
   9 warm
   9 upper
   9 tetrahedrite
   9 tertiary
   9 summits
   9 smoky
   9 show
   9 shaft
   9 range
   9 period
   9 patented
   9 northern
   9 next
   9 leonard
   9 found
   9 elsewhere
   9 districts
   9 diopside
   9 comprises
   9 carrie
   9 believed
   9 across
   9 abundant
   8 workings
   8 survey
   8 similar
   8 scattered
   8 principally
   8 present
   8 patches
   8 parts
   8 observed
   8 levels
   8 ketchum
   8 hailey
   8 grade
   8 except
   8 erosion
   8 epoch
   8 early
   8 different
   8 concentrating
   8 comprising
   8 averaging
   7 visit
   7 town
   7 smelter
   7 slate
   7 sides
   7 shoot
   7 sericitized
   7 rosetta
   7 reconnaissance
   7 recent
   7 quartzite
   7 phenocrysts
   7 others
   7 operated
   7 occupied
   7 number
   7 none
   7 may
   7 main
   7 lowest
   7 leads
   7 inclosed
   7 gulch
   7 groups
   7 five
   7 features
   7 equal
   7 dip
   7 deep
   7 crystals
   7 crushed
   7 contained
   7 consists
   7 considerable
   7 chalcopyrite
   7 body
   7 argentiferous
   7 appear
   7 another
   7 almost
   7 accessible
   6 umpleby
   6 traverses
   6 sulphide
   6 strike
   6 steeply
   6 southern
   6 siliceous
   6 sea
   6 rises
   6 region
   6 recognized
   6 primary
   6 oligoclase
   6 numerous
   6 mountains
   6 mineral
   6 lower
   6 less
   6 intermittently
   6 intensely
   6 information
   6 includes
   6 hundred
   6 higher
   6 great
   6 formations
   6 follows
   6 following
   6 end
   6 discovery
   6 director
   6 developments
   6 cut
   6 camps
   6 calcareous
   6 bull
   6 age
   6 adjacent
   6 activity
   5 zones
   5 zone
   5 would
   5 way
   5 visited
   5 valleys
   5 unpatented
   5 tributary
   5 traverse
   5 though
   5 stringers
   5 stopes
   5 star
   5 southwest
   5 southward
   5 southeast
   5 slopes
   5 size
   5 shows
   5 shipped
   5 sericite
   5 see
   5 section
   5 secondary
   5 reported
   5 replacement
   5 ranges
   5 proustite
   5 possibly
   5 portal
   5 outcrop
   5 open
   5 narrow
   5 miocene
   5 lava
   5 lake
   5 hanging
   5 half
   5 geol
   5 fork
   5 fissure
   5 first
   5 farther
   5 face
   5 even
   5 eruptive
   5 epidote
   5 edge
   5 divide
   5 distribution
   5 crosses
   5 crops
   5 crest
   5 copper
   5 consolidated
   5 composition
   5 collected
   5 clearly
   5 claim
   5 chlorite
   5 certainly
   5 branches
   5 boise
   5 black
   5 beneath
   5 belt
   5 averaged
   5 average
   5 appearance
   5 alturas
   5 although
   4 writer
   4 worth
   4 westward
   4 walls
   4 wagon
   4 vertical
   4 uplands
   4 trail
   4 total
   4 topographic
   4 tons
   4 thin
   4 summit
   4 streams
   4 stormy
   4 specimen
   4 since
   4 siderite
   4 shoots
   4 series
   4 rise
   4 residents
   4 relations
   4 related
   4 records
   4 recently
   4 portion
   4 particularly
   4 parallel
   4 packed
   4 owned
   4 ounce
   4 opened
   4 older
   4 noteworthy
   4 nos
   4 northwest
   4 mint
   4 mineralization
   4 matter
   4 massive
   4 map
   4 magnetite
   4 magnesian
   4 lucky
   4 length
   4 ledges
   4 later
   4 late
   4 last
   4 lakes
   4 lacustrine
   4 isolated
   4 isabella
   4 iron
   4 inaccessible
   4 important
   4 honeycombed
   4 hill
   4 heavy
   4 greenish
   4 grades
   4 glaciers
   4 formation
   4 exploited
   4 excellent
   4 evidence
   4 erected
   4 eocene
   4 entirely
   4 embraces
   4 either
   4 dump
   4 drifts
   4 divides
   4 distance
   4 dismantled
   4 discovered
   4 crosscut
   4 crop
   4 creeks
   4 county
   4 continued
   4 comprise
   4 completely
   4 color
   4 closely
   4 clayton
   4 canyons
   4 bullion
   4 broad
   4 boy
   4 border
   4 batholith
   4 band
   4 away
   4 apart
   4 alteration
   4 albite
   4 ago
   4 active
   4 accompanied
   4 abruptly
   3 yielded
   3 widely
   3 western
   3 upward
   3 tyrannus
   3 turns
   3 tuffs
   3 traversed
   3 thus
   3 thousand
   3 thick
   3 thence
   3 taken
   3 surrounding
   3 sunday
   3 structure
   3 stibnite
   3 statements
   3 stage
   3 square
   3 spessartite
   3 sparsely
   3 somewhat
   3 soda
   3 smiley
   3 slope
   3 slates
   3 silky
   3 showing
   3 shipments
   3 sheep
   3 settlement
   3 sections
   3 run
   3 rivers
   3 rich
   3 rhyolite
   3 represent
   3 reports
   3 replacements
   3 replaced
   3 record
   3 reach
   3 quantities
   3 property
   3 producing
   3 presence
   3 possible
   3 porphyritic
   3 pleistocene
   3 plagioclase
   3 pits
   3 partly
   3 oxidation
   3 outwash
   3 output
   3 original
   3 opposite
   3 ontario
   3 offset
   3 obtained
   3 mouth
   3 mountainous
   3 mostly
   3 mineralogy
   3 mills
   3 metamorphic
   3 men
   3 masses
   3 markedly
   3 margaret
   3 manganese
   3 magma
   3 luster
   3 locations
   3 located
   3 lindgren
   3 lens
   3 lease
   3 lamprophyre
   3 jigs
   3 intrusion
   3 intersection
   3 indicated
   3 indicate
   3 included
   3 inclosing
   3 incloses
   3 impossible
   3 identified
   3 history
   3 held
   3 headwaters
   3 hand
   3 greater
   3 grains
   3 glaciated
   3 given
   3 give
   3 george
   3 geologic
   3 galore
   3 fragmentary
   3 formed
   3 form
   3 flow
   3 far
   3 extensive
   3 extended
   3 extend
   3 exposures
   3 exceedingly
   3 examination
   3 enters
   3 elevations
   3 easy
   3 dumps
   3 drained
   3 done
   3 direction
   3 dipping
   3 derived
   3 days
   3 cross
   3 cretaceous
   3 credited
   3 covered
   3 course
   3 continues
   3 content
   3 contains
   3 consist
   3 composed
   3 complete
   3 comparatively
   3 company
   3 common
   3 come
   3 close
   3 cirque
   3 chloritized
   3 characteristic
   3 central
   3 centers
   3 ceased
   3 carbonate
   3 branch
   3 bordered
   3 bond
   3 bluish
   3 beyond
   3 best
   3 beaver
   3 beautiful
   3 batholithic
   3 averages
   3 associated
   3 appears
   3 angles
   3 aggregating
   3 afford
   3 according
   3 abandoned
   2 working
   2 wollastonite
   2 winze
   2 winter
   2 white
   2 waters
   2 waldemar
   2 visible
   2 varieties
   2 use
   2 unorganized
   2 united
   2 uniformly
   2 tyrolease
   2 twentieth
   2 trommels
   2 tributaries
   2 transformed
   2 topography
   2 timber
   2 throughout
   2 third
   2 tenor
   2 tabular
   2 summer
   2 suggests
   2 success
   2 study
   2 steep
   2 station
   2 states
   2 statement
   2 staked
   2 stained
   2 spaced
   2 southwestern
   2 southeastward
   2 solutions
   2 solid
   2 solace
   2 snow
   2 smith
   2 slight
   2 six
   2 shown
   2 sheeted
   2 sheet
   2 sharp
   2 shale
   2 seven
   2 set
   2 rooks
   2 richmond
   2 reveals
   2 resort
   2 representing
   2 replaces
   2 removed
   2 remains
   2 relief
   2 recorded
   2 reconstruction
   2 reached
   2 rare
   2 rapidly
   2 rapid
   2 quartzitic
   2 quartzites
   2 quantity
   2 pyroxene
   2 prospects
   2 prospectors
   2 prospect
   2 productive
   2 producers
   2 preserved
   2 precipitous
   2 prairie
   2 portals
   2 poorly
   2 pole
   2 pliocene
   2 plate
   2 placers
   2 pine
   2 pierson
   2 phenomena
   2 pettit
   2 peaks
   2 peak
   2 passes
   2 panning
   2 paet
   2 oxidized
   2 ouster
   2 otis
   2 oligocene
   2 official
   2 occurred
   2 obe
   2 notably
   2 northward
   2 northeast
   2 named
   2 months
   2 miners
   2 mined
   2 microscopic
   2 micropegmatite
   2 metal
   2 mantle
   2 make
   2 low
   2 lost
   2 longer
   2 lode
   2 location
   2 local
   2 lines
   2 line
   2 light
   2 lenses
   2 largest
   2 largely
   2 lamar
   2 kept
   2 joseph
   2 joins
   2 intrusive
   2 intermixed
   2 injection
   2 individual
   2 indifferent
   2 increases
   2 inclusive
   2 impassable
   2 iii
   2 idea
   2 hurried
   2 hot
   2 highest
   2 heavily
   2 heads
   2 greatly
   2 gradually
   2 good
   2 geological
   2 fragments
   2 fragmental
   2 forms
   2 formerly
   2 former
   2 footwall
   2 flows
   2 floor
   2 flooded
   2 fir
   2 fillings
   2 filled
   2 fill
   2 faults
   2 fault
   2 fall
   2 fairly
   2 extent
   2 extensively
   2 explored
   2 existed
   2 exceptionally
   2 exceeds
   2 examined
   2 every
   2 escaped
   2 equipped
   2 equigranular
   2 entered
   2 ends
   2 eight
   2 edition
   2 draw
   2 dolomitic
   2 dollars
   2 distributed
   2 distinct
   2 discussed
   2 discordant
   2 detailed
   2 desolate
   2 descriptions
   2 described
   2 deposit
   2 definitely
   2 defined
   2 dark
   2 cryptocrystalline
   2 crown
   2 country
   2 counties
   2 consisting
   2 consisted
   2 confined
   2 concerning
   2 concealed
   2 companies
   2 coarsely
   2 cliffs
   2 city
   2 chlorination
   2 character
   2 cerargyrite
   2 center
   2 cavities
   2 caved
   2 causing
   2 capacity
   2 camp
   2 camas
   2 called
   2 calcic
   2 bunches
   2 bulletin
   2 built
   2 buildings
   2 boston
   2 bodies
   2 bocks
   2 blue
   2 blaine
   2 big
   2 better
   2 bedding
   2 bed
   2 becomes
   2 back
   2 axes
   2 available
   2 association
   2 assessment
   2 assays
   2 around
   2 arid
   2 apparently
   2 apatite
   2 ann
   2 andesites
   2 andesite
   2 andesine
   2 alluvium
   2 aggregate
   2 accompanies
   2 accessory
   1 zonal
   1 zircon
   1 yellow
   1 yards
   1 worwick
   1 works
   1 winters
   1 williams
   1 wilfleys
   1 whose
   1 week
   1 wedge
   1 webs
   1 weathered
   1 ways
   1 water
   1 waste
   1 washes
   1 wandered
   1 wagons
   1 view
   1 vertically
   1 venated
   1 vehicles
   1 vegetation
   1 vast
   1 vary
   1 varies
   1 valuable
   1 utah
   1 used
   1 upon
   1 upland
   1 unlikely
   1 unequal
   1 undulating
   1 undisturbed
   1 underlying
   1 underlie
   1 undergrowth
   1 uncommon
   1 unaltered
   1 typically
   1 typical
   1 type
   1 twice
   1 trenches
   1 treated
   1 treasure
   1 traveled
   1 travel
   1 transverse
   1 trails
   1 traced
   1 toward
   1 took
   1 tion
   1 tiers
   1 thriving
   1 thp
   1 thought
   1 thoroughfare
   1 thompson
   1 thickly
   1 therefore
   1 thereafter
   1 texture
   1 tests
   1 termolite
   1 terminal
   1 tendency
   1 tend
   1 temperatures
   1 teeth
   1 tea
   1 taxes
   1 tabulated
   1 systems
   1 synchronous
   1 sydney
   1 swept
   1 surveys
   1 surrounded
   1 surround
   1 surprising
   1 support
   1 supplied
   1 superficial
   1 sulphur
   1 suggesting
   1 sufficient
   1 succession
   1 substance
   1 subordinate
   1 subaerial
   1 studied
   1 structural
   1 strong
   1 stringer
   1 strikingly
   1 striking
   1 stratified
   1 stratford
   1 straightening
   1 stoping
   1 stewart
   1 stephanite
   1 steel
   1 stated
   1 state
   1 stanley
   1 stands
   1 stand
   1 stamp
   1 squarely
   1 spring
   1 spread
   1 sprang
   1 specifically
   1 specific
   1 space
   1 southeastern
   1 sources
   1 sorts
   1 sorted
   1 soon
   1 sometimes
   1 solidified
   1 solidification
   1 soldier
   1 sold
   1 soil
   1 snows
   1 snake
   1 smooth
   1 smelters
   1 smaller
   1 slaty
   1 sketch
   1 skees
   1 sites
   1 site
   1 sinuously
   1 simple
   1 similarly
   1 silicate
   1 significance
   1 shreds
   1 shores
   1 shootjs
   1 shifted
   1 sheared
   1 shear
   1 sharply
   1 shape
   1 shallow
   1 shafts
   1 served
   1 serrate
   1 serious
   1 sequence
   1 separating
   1 separately
   1 sent
   1 senate
   1 seemed
   1 seem
   1 seeking
   1 second
   1 seat
   1 season
   1 scores
   1 score
   1 scarcely
   1 scarce
   1 scale
   1 saw
   1 satisfactorily
   1 sanidine
   1 sandstones
   1 sandstone
   1 samples
   1 sampled
   1 running
   1 route
   1 rouins
   1 rough
   1 roof
   1 roam
   1 roads
   1 rim
   1 right
   1 ridges
   1 rhyolitic
   1 reveal
   1 returns
   1 returning
   1 results
   1 rest
   1 respectively
   1 respect
   1 resistance
   1 resembling
   1 required
   1 reputed
   1 represented
   1 report
   1 replace
   1 remaining
   1 relocated
   1 reliable
   1 relatively
   1 relative
   1 relation
   1 regional
   1 references
   1 reduction
   1 recovery
   1 recovered
   1 recover
   1 receives
   1 readily
   1 razed
   1 rawley
   1 rarely
   1 ranging
   1 ranged
   1 ran
   1 raised
   1 raise
   1 railroad
   1 quite
   1 quartzsiderite
   1 quarter
   1 qtjadbangle
   1 put
   1 purplish
   1 published
   1 proximity
   1 proved
   1 prove
   1 protrudes
   1 protrude
   1 prosperity
   1 pronounced
   1 promising
   1 products
   1 produce
   1 process
   1 probable
   1 prismatic
   1 prior
   1 prince
   1 primarily
   1 preoligocene
   1 predominates
   1 precious
   1 preceded
   1 power
   1 post
   1 positions
   1 portions
   1 porous
   1 points
   1 poikilitic
   1 pockets
   1 plentifully
   1 plentiful
   1 plateau
   1 planes
   1 plains
   1 plain
   1 pinch
   1 pilgrim
   1 piles
   1 piled
   1 picturesqueness
   1 picked
   1 physiography
   1 physiographic
   1 phenocrystic
   1 person
   1 persistent
   1 permit
   1 pendant
   1 particulajly
   1 parnell
   1 park
   1 pans
   1 pannings
   1 oxides
   1 owns
   1 owner
   1 overlying
   1 overlain
   1 outline
   1 outlet
   1 outcrops
   1 originally
   1 origin
   1 order
   1 option
   1 operations
   1 operation
   1 opens
   1 opening
   1 oligoclaseandesine
   1 oldest
   1 offsets
   1 office
   1 oee
   1 occurrence
   1 occupy
   1 occupies
   1 obtain
   1 observations
   1 observation
   1 object
   1 numbered
   1 nowhere
   1 november
   1 notes
   1 note
   1 notable
   1 northwestern
   1 northeastward
   1 normal
   1 ninety
   1 never
   1 netlike
   1 nearest
   1 nearer
   1 must
   1 mul
   1 moraines
   1 moraine
   1 mode
   1 mixture
   1 mixed
   1 minimum
   1 minable
   1 million
   1 might
   1 midway
   1 middle
   1 microscopically
   1 microscope
   1 microperthite
   1 microlites
   1 microcline
   1 metasomatic
   1 metamorphosed
   1 metamorphism
   1 metals
   1 metallurgic
   1 met
   1 mesozoic
   1 megascopic
   1 mediumsized
   1 means
   1 mean
   1 meadowland
   1 markedphenocrystic
   1 marked
   1 mark
   1 margins
   1 major
   1 mail
   1 locators
   1 locating
   1 localities
   1 loc
   1 livestock
   1 livers
   1 literature
   1 lined
   1 likeness
   1 lie
   1 lessees
   1 lenticular
   1 lengthwise
   1 lend
   1 lemhi
   1 legible
   1 leftjn
   1 left
   1 leaves
   1 leading
   1 lavender
   1 latter
   1 landmark
   1 june
   1 join
   1 jake
   1 irregularly
   1 irregular
   1 ironstained
   1 involved
   1 invariably
   1 invaded
   1 intrusions
   1 intruded
   1 introduction
   1 intricately
   1 intimately
   1 intervals
   1 interval
   1 interstitial
   1 intersects
   1 interpreted
   1 interlocking
   1 intercalated
   1 intense
   1 insoluble
   1 inhabitants
   1 industry
   1 industrial
   1 india
   1 index
   1 increased
   1 incline
   1 inch
   1 inactive
   1 improvements
   1 impression
   1 impregnated
   1 importance
   1 imperfectly
   1 imagine
   1 illustrated
   1 ice
   1 hydrothermal
   1 horizontal
   1 hoped
   1 honeycomb
   1 holocrystalline
   1 hollister
   1 holds
   1 highway
   1 highly
   1 highland
   1 hidden
   1 hence
   1 heights
   1 height
   1 hear
   1 heading
   1 hauled
   1 hasty
   1 hard
   1 handled
   1 handle
   1 halfway
   1 gulches
   1 growths
   1 grouped
   1 grounds
   1 ground
   1 groondmass
   1 greasy
   1 grazing
   1 gravels
   1 gravel
   1 grain
   1 gradation
   1 gorges
   1 gopher
   1 glassy
   1 glass
   1 gladiator
   1 glacial
   1 gives
   1 geography
   1 genesis
   1 generations
   1 gap
   1 fuller
   1 freshets
   1 french
   1 freighting
   1 fractured
   1 fossils
   1 forfeited
   1 forest
   1 followed
   1 follow
   1 flynn
   1 flowing
   1 flowed
   1 flourishing
   1 floored
   1 flocks
   1 float
   1 flat
   1 flaky
   1 fish
   1 firmly
   1 fiquee
   1 fine
   1 filling
   1 fig
   1 fifteen
   1 fields
   1 fibrous
   1 fewer
   1 felted
   1 fell
   1 feed
   1 feature
   1 faulting
   1 farthest
   1 extremely
   1 extreme
   1 extracted
   1 extending
   1 explore
   1 experience
   1 expenditure
   1 expectations
   1 expanse
   1 exclusively
   1 exception
   1 excavated
   1 exactly
   1 evidences
   1 eureka
   1 estimated
   1 estimate
   1 established
   1 essentially
   1 erratic
   1 equals
   1 equally
   1 entire
   1 enter
   1 employed
   1 emphasized
   1 embodies
   1 elongated
   1 eleven
   1 elbow
   1 elapsed
   1 eiver
   1 eighties
   1 efforts
   1 eastward
   1 easly
   1 earliest
   1 earlier
   1 duced
   1 driving
   1 drains
   1 draining
   1 drain
   1 dozen
   1 doubtful
   1 doubt
   1 dotted
   1 dominant
   1 domestic
   1 dividing
   1 distinguishing
   1 distinctly
   1 distant
   1 distances
   1 dissected
   1 discordance
   1 disappear
   1 directly
   1 directed
   1 diopsidization
   1 difficult
   1 differentiates
   1 differentiate
   1 differences
   1 determines
   1 determined
   1 determine
   1 detected
   1 desired
   1 desirable
   1 descending
   1 depths
   1 depreciation
   1 deposition
   1 dense
   1 denned
   1 demarcation
   1 delightful
   1 definiteness
   1 decreases
   1 deal
   1 datum
   1 data
   1 darkgray
   1 darker
   1 cuts
   1 custer
   1 cubes
   1 crystallized
   1 crusher
   1 crossed
   1 cover
   1 could
   1 corresponds
   1 cordwood
   1 cords
   1 contrasts
   1 contrast
   1 contour
   1 continuation
   1 continent
   1 contacts
   1 constitute
   1 conspicuous
   1 consequently
   1 consecutively
   1 connects
   1 connected
   1 connect
   1 confirm
   1 conditions
   1 condition
   1 concomitant
   1 comprised
   1 comparable
   1 commenced
   1 columbia
   1 collect
   1 collar
   1 coarse
   1 climax
   1 climate
   1 cleaned
   1 cit
   1 chiefly
   1 chief
   1 chemical
   1 characterizes
   1 characterized
   1 characteristically
   1 characterised
   1 channels
   1 channel
   1 changed
   1 carved
   1 carry
   1 carries
   1 carried
   1 carloads
   1 carboniferous
   1 carbonates
   1 camping
   1 calcite
   1 calamine
   1 cache
   1 buttercup
   1 butte
   1 bureau
   1 brown
   1 brief
   1 breasts
   1 boundary
   1 bouldee
   1 bottoms
   1 bottom
   1 bonded
   1 blocks
   1 blocked
   1 blende
   1 blend
   1 blackman
   1 bid
   1 bespeak
   1 belong
   1 belly
   1 behind
   1 begins
   1 began
   1 bedded
   1 became
   1 bears
   1 bearing
   1 bathotith
   1 base
   1 basal
   1 bands
   1 badly
   1 axis
   1 augite
   1 attention
   1 attains
   1 attain
   1 athwart
   1 associates
   1 assay
   1 ascertained
   1 approximately
   1 approximated
   1 anywhere
   1 annual
   1 anglesite
   1 andalusite
   1 analysis
   1 amphitheater
   1 amounted
   1 among
   1 american
   1 amalgamation
   1 always
   1 alternating
   1 altered
   1 already
   1 alongside
   1 alone
   1 agrees
   1 afforded
   1 afc
   1 advantageous
   1 advantage
   1 adit
   1 adheres
   1 adequate
   1 additional
   1 activities
   1 actively
   1 actinolite
   1 acquired
   1 accumulated
   1 account
   1 accordance
   1 accomplished
   1 abundantly
   1 absent
   1 absence
   1 abound
