  31 marble
  16 white
  16 canyon
  12 bulletin
  10 part
  10 ann
   7 stone
   7 slate
   7 gray
   6 miles
   6 feet
   5 western
   5 west
   5 united
   5 thick
   5 survey
   5 surface
   5 states
   5 samples
   5 rock
   5 new
   5 near
   5 limestone
   5 geology
   4 walls
   4 various
   4 utah
   4 strength
   4 road
   4 pine
   4 notes
   4 member
   4 industry
   4 gandy
   4 fig
   4 far
   4 end
   4 eastern
   4 deposits
   4 deposit
   4 county
   4 building
   4 beds
   3 york
   3 vermont
   3 variety
   3 stones
   3 south
   3 snake
   3 siebenthal
   3 schists
   3 resources
   3 planes
   3 nineteenth
   3 nev
   3 nearly
   3 maine
   3 made
   3 low
   3 louis
   3 indiana
   3 hopkins
   3 great
   3 geological
   3 general
   3 economic
   3 distance
   3 contributions
   3 conditions
   3 analyses
   3 along
   2 would
   2 valley
   2 upper
   2 trace
   2 top
   2 thin
   2 tests
   2 structure
   2 slopes
   2 slates
   2 sketch
   2 sixteenth
   2 shows
   2 show
   2 seventeenth
   2 roofing
   2 report
   2 quarrying
   2 quarry
   2 quarries
   2 publications
   2 pounds
   2 pink
   2 physical
   2 per
   2 parts
   2 partly
   2 oolitic
   2 occurrence
   2 observed
   2 mottlings
   2 metamorphic
   2 metal
   2 may
   2 materials
   2 material
   2 map
   2 main
   2 little
   2 lie
   2 large
   2 laboratory
   2 joint
   2 indicate
   2 granites
   2 four
   2 foot
   2 extend
   2 exposures
   2 exposure
   2 exposed
   2 eighteenth
   2 east
   2 district
   2 dale
   2 cubic
   2 crushing
   2 contain
   2 composition
   2 color
   2 character
   2 california
   2 bodies
   2 bedford
   2 banded
   2 area
   2 arch
   2 appears
   2 appear
   2 amount
   2 also
   2 adjoining
   1 work
   1 within
   1 wilt
   1 wide
   1 weight
   1 wedged
   1 weathering
   1 weathered
   1 weather
   1 wavy
   1 water
   1 warm
   1 wagon
   1 volumes
   1 vicinity
   1 varies
   1 valleys
   1 usually
   1 upon
   1 uplifted
   1 uniformly
   1 uniform
   1 undulating
   1 underlying
   1 unbroken
   1 turn
   1 treasury
   1 traversed
   1 topographic
   1 tone
   1 tion
   1 tints
   1 tint
   1 tinge
   1 thickness
   1 therefore
   1 thence
   1 tested
   1 technologic
   1 taylor
   1 surfaces
   1 supervision
   1 supervising
   1 successful
   1 subjoined
   1 structuralmaterials
   1 strata
   1 statistics
   1 state
   1 springs
   1 specific
   1 smith
   1 sloping
   1 slightly
   1 slight
   1 slatington
   1 situated
   1 similar
   1 shown
   1 short
   1 shipment
   1 shaler
   1 several
   1 series
   1 september
   1 separated
   1 see
   1 section
   1 scale
   1 satisfactorily
   1 sandstones
   1 ruled
   1 rocks
   1 roads
   1 ries
   1 ridges
   1 revealed
   1 request
   1 represents
   1 removed
   1 regular
   1 regions
   1 redding
   1 recrystallized
   1 recent
   1 reason
   1 readily
   1 ranges
   1 range
   1 railroads
   1 quartzite
   1 pyrites
   1 purpose
   1 pure
   1 prospects
   1 proportion
   1 properly
   1 prominent
   1 production
   1 presented
   1 present
   1 preliminary
   1 predominant
   1 portions
   1 polishes
   1 points
   1 pleasing
   1 pitches
   1 percent
   1 penobscot
   1 pennsylvania
   1 passes
   1 partings
   1 overlying
   1 overlain
   1 outcrops
   1 outcropping
   1 outcjgpps
   1 others
   1 operated
   1 opened
   1 occurs
   1 occur
   1 occasional
   1 obtained
   1 noticeable
   1 note
   1 nevada
   1 natural
   1 much
   1 mountains
   1 mottled
   1 mostly
   1 minor
   1 minerals
   1 mineral
   1 mile
   1 mica
   1 miassachusetts
   1 metamorphosed
   1 metallic
   1 massively
   1 massive
   1 martinsburg
   1 marbles
   1 many
   1 mainly
   1 maeble
   1 long
   1 local
   1 list
   1 line
   1 limestones
   1 light
   1 level
   1 ledges
   1 layers
   1 larger
   1 laboratories
   1 keith
   1 judged
   1 iowa
   1 investigations
   1 introduction
   1 interval
   1 included
   1 incised
   1 inches
   1 important
   1 importance
   1 illustration
   1 ift
   1 humphrey
   1 however
   1 hon
   1 hillebrand
   1 higher
   1 haulage
   1 greater
   1 gravity
   1 granite
   1 grade
   1 good
   1 given
   1 geologic
   1 gentle
   1 free
   1 found
   1 following
   1 folios
   1 floor
   1 flgfi
   1 flat
   1 first
   1 fifteenth
   1 favorably
   1 faults
   1 facilitate
   1 faces
   1 extent
   1 experience
   1 expense
   1 expected
   1 except
   1 examination
   1 entire
   1 england
   1 ends
   1 emptying
   1 elevations
   1 either
   1 eime
   1 eckel
   1 eastward
   1 easily
   1 dried
   1 downward
   1 dome
   1 disturbed
   1 disfigure
   1 discussions
   1 disappear
   1 diminish
   1 diller
   1 developed
   1 determine
   1 deeply
   1 darkblue
   1 dark
   1 cubes
   1 cube
   1 crystalline
   1 cream
   1 country
   1 could
   1 contour
   1 contorted
   1 constituting
   1 constitutes
   1 consideration
   1 considerably
   1 connecticut
   1 comprises
   1 compliance
   1 completely
   1 complete
   1 common
   1 commercial
   1 colors
   1 collected
   1 collect
   1 cliffs
   1 chicago
   1 chemical
   1 carries
   1 cao
   1 canyons
   1 camp
   1 cambrian
   1 brownstones
   1 brought
   1 broad
   1 brings
   1 branches
   1 branch
   1 bluish
   1 blocks
   1 beneath
   1 belt
   1 believed
   1 begin
   1 bedding
   1 bedded
   1 beautifully
   1 bay
   1 barton
   1 bandings
   1 bain
   1 available
   1 arkansas
   1 arid
   1 architect
   1 approximately
   1 apart
   1 anticline
   1 annual
   1 analysis
   1 although
   1 alternations
   1 alden
   1 air
   1 acres
   1 absorption
