 252 unit
 219 north
 204 canyon
 184 horn
 173 sandstone
 167 formation
 155 conglomerate
 152 beds
 133 siltstone
 112 utah
 106 upper
 105 part
 101 mountain
 100 thrust
  96 lower
  92 strata
  79 mountains
  76 san
  76 pitch
  75 coal
  74 section
  72 basal
  68 big
  67 petes
  64 flagstaff
  63 eastern
  61 cretaceous
  59 within
  59 calcareous
  58 limestone
  57 present
  54 wales
  54 basins
  51 thick
  51 redbed
  51 fig
  47 sedimentary
  43 basin
  42 range
  42 gulch
  39 clasts
  38 units
  36 uinta
  34 tongue
  34 rocks
  34 plate
  34 deposits
  34 deposition
  34 central
  34 area
  34 age
  33 geological
  33 front
  32 base
  31 study
  31 fault
  30 sheet
  29 late
  29 evolution
  29 axhandle
  28 unnamed
  28 piceance
  28 paleogene
  28 colorado
  27 unconformity
  27 plateau
  27 duplex
  27 deer
  26 system
  26 spieker
  26 south
  26 sections
  26 river
  26 figure
  26 early
  26 also
  25 micrite
  25 exposed
  25 contact
  25 belt
  24 map
  24 equivalent
  24 east
  24 along
  23 measured
  23 lawton
  23 indicate
  23 geology
  23 beneath
  23 adjacent
  22 thus
  22 sanpete
  22 price
  22 overturned
  22 interval
  22 faults
  22 deformation
  21 valley
  21 uplift
  21 structural
  21 stratigraphy
  21 much
  21 may
  20 wall
  20 stratigraphic
  20 probably
  20 middle
  20 indianola
  20 campanian
  19 university
  19 sec
  19 red
  19 others
  19 intervals
  19 interpreted
  19 indicates
  19 geologic
  19 clast
  18 westward
  18 thickness
  18 overlying
  18 imbrication
  18 eocene
  18 associated
  17 western
  17 sedimentation
  17 northwestern
  17 lacustrine
  17 data
  17 association
  16 zone
  16 weiss
  16 wasatch
  16 tabular
  16 survey
  16 represent
  16 normal
  16 laterally
  16 gray
  16 flank
  16 dip
  16 bulletin
  16 bed
  16 angular
  16 abundant
  15 vicinity
  15 twist
  15 sequences
  15 group
  15 fouch
  15 forms
  15 fluvial
  15 facies
  15 deposited
  14 thin
  14 southward
  14 southern
  14 society
  14 mottled
  14 jurassic
  14 indicated
  14 gunnison
  14 form
  14 footwall
  14 dispersal
  14 contain
  13 west
  13 top
  13 structure
  13 sixmile
  13 region
  13 hanging
  13 eastward
  13 depositional
  13 consists
  13 conglomeratic
  12 upward
  12 shown
  12 sevier
  12 polarity
  12 palynomorphs
  12 overlies
  12 older
  12 northwest
  12 northward
  12 maastrichtian
  12 immediately
  12 history
  12 folded
  12 faulting
  12 collected
  12 body
  12 approximately
  11 trough
  11 tertiary
  11 tailing
  11 showing
  11 scale
  11 sandy
  11 rather
  11 ranges
  11 presence
  11 paleocurrent
  11 paleocene
  11 northern
  11 meter
  11 member
  11 main
  11 magnetic
  11 locality
  11 interbedded
  11 includes
  11 imbricate
  11 grades
  11 fragments
  11 foresets
  11 described
  11 derived
  11 containing
  11 chron
  11 burrowed
  11 boulder
  11 america
  10 uppermost
  10 unconformities
  10 shortening
  10 shale
  10 rivers
  10 resulted
  10 relations
  10 pebbly
  10 lowermost
  10 lenses
  10 lateral
  10 dominantly
  10 dolomite
  10 coarse
  10 block
  10 although
   9 well
   9 vertical
   9 time
   9 several
   9 sequence
   9 quartzite
   9 previously
   9 percent
   9 overlain
   9 measurements
   9 lithology
   9 johnson
   9 geologists
   9 formed
   9 foreland
   9 dolomicrite
   9 cut
   9 crossbeds
   9 contains
   9 considered
   9 channels
   9 carbonate
   9 anticline
   8 upsection
   8 upright
   8 two
   8 transition
   8 syncline
   8 style
   8 similar
   8 rocky
   8 petroleum
   8 orogenic
   8 nomenclature
   8 nichols
   8 location
   8 lenticular
   8 lake
   8 kns
   8 hunt
   8 grained
   8 generally
   8 gastropods
   8 fine
   8 example
   8 eagle
   8 drainage
   8 distinctive
   8 directions
   8 dips
   8 development
   8 designated
   8 defined
   8 consistent
   8 conglomerates
   8 cobble
   8 channel
   8 blocky
   8 blind
   8 american
   7 united
   7 uncommon
   7 typically
   7 trexler
   7 thins
   7 suggests
   7 subjacent
   7 small
   7 separated
   7 sediment
   7 rests
   7 represents
   7 relief
   7 paleosols
   7 observed
   7 new
   7 margin
   7 maple
   7 major
   7 least
   7 informal
   7 included
   7 horse
   7 herein
   7 geometry
   7 formations
   7 field
   7 features
   7 exposures
   7 environments
   7 dry
   7 common
   7 birsa
   6 underlying
   6 type
   6 timothy
   6 thrusted
   6 thinning
   6 state
   6 southeast
   6 sites
   6 single
   6 significant
   6 sedimentology
   6 rotated
   6 reversal
   6 publication
   6 progressive
   6 poorly
   6 pebbles
   6 pebble
   6 oncolites
   6 nodules
   6 nodular
   6 near
   6 meters
   6 members
   6 mapped
   6 locally
   6 laramide
   6 inferred
   6 individual
   6 however
   6 hobbs
   6 hardy
   6 franczyk
   6 following
   6 flat
   6 evidence
   6 dominant
   6 cordilleran
   6 continuous
   6 continued
   6 colored
   6 claystone
   6 changes
   6 change
   6 cedar
   6 california
   6 brown
   6 bedding
   5 written
   5 witkind
   5 trend
   5 timing
   5 three
   5 thickening
   5 thesis
   5 text
   5 tan
   5 studies
   5 structures
   5 states
   5 side
   5 sharp
   5 series
   5 santonian
   5 samuel
   5 reverse
   5 rest
   5 relative
   5 relationships
   5 precambrian
   5 plates
   5 pitman
   5 piggyback
   5 petrology
   5 panel
   5 order
   5 onto
   5 ohio
   5 northwestward
   5 northeastern
   5 mudstone
   5 memoir
   5 marks
   5 magnetostratigraphic
   5 long
   5 later
   5 laminae
   5 known
   5 kcs
   5 journal
   5 intermittently
   5 include
   5 iii
   5 green
   5 grade
   5 government
   5 gap
   5 fossiliferous
   5 folding
   5 explanation
   5 elsewhere
   5 easterly
   5 denver
   5 deformed
   5 correlation
   5 continues
   5 content
   5 composed
   5 commonly
   5 columbus
   5 collinson
   5 clastic
   5 class
   5 charophytes
   5 channelform
   5 brightly
   5 bodies
   5 bases
   5 based
   5 axis
   5 apparently
   5 alluvial
   5 active
   4 younger
   4 yielded
   4 wedge
   4 waanders
   4 using
   4 used
   4 unconformable
   4 uncertain
   4 traces
   4 times
   4 terminate
   4 teeth
   4 tectonic
   4 succession
   4 subsurface
   4 subordinate
   4 streams
   4 stereograms
   4 steeply
   4 southeastern
   4 smith
   4 silty
   4 shell
   4 sets
   4 sciences
   4 samples
   4 robert
   4 riba
   4 reversed
   4 regional
   4 references
   4 record
   4 quaternary
   4 quadrangle
   4 published
   4 prior
   4 possibility
   4 pinchout
   4 photograph
   4 particularly
   4 panels
   4 palynology
   4 paleogeography
   4 paleogeographic
   4 ostracodes
   4 onlap
   4 one
   4 olive
   4 nuts
   4 northeast
   4 named
   4 name
   4 mostly
   4 modified
   4 mississippian
   4 mattox
   4 low
   4 locations
   4 less
   4 ledge
   4 lags
   4 knc
   4 karen
   4 janet
   4 james
   4 interpretation
   4 interaction
   4 incised
   4 implications
   4 horizontal
   4 horizons
   4 histograms
   4 high
   4 hematite
   4 harland
   4 hammer
   4 flowing
   4 floodplain
   4 fisher
   4 filled
   4 fans
   4 emplaced
   4 eight
   4 ebro
   4 douglas
   4 dominated
   4 distinct
   4 discrete
   4 directly
   4 direction
   4 dinosaur
   4 different
   4 diameter
   4 developed
   4 demonstrate
   4 deltas
   4 deltaic
   4 decrease
   4 decelles
   4 dashed
   4 counts
   4 contents
   4 consisted
   4 consist
   4 cobbles
   4 cobban
   4 christopher
   4 center
   4 canyons
   4 burbank
   4 bruce
   4 braided
   4 boundary
   4 boulders
   4 boiler
   4 best
   4 attitudes
   4 assigned
   4 ascending
   4 arrows
   4 arrow
   4 armstrong
   4 appearance
   4 antiformal
   4 alien
   4 ages
   4 across
   4 absent
   4 absence
   3 zeller
   3 young
   3 wyoming
   3 william
   3 whereas
   3 warty
   3 vito
   3 visible
   3 various
   3 variations
   3 uplifts
   3 uplifted
   3 tops
   3 throughout
   3 thomas
   3 thickens
   3 terms
   3 termed
   3 tectonics
   3 systems
   3 synorogenic
   3 symbols
   3 surfaces
   3 surface
   3 suggest
   3 subsequently
   3 subsequent
   3 subdivided
   3 steep
   3 stanley
   3 standlee
   3 sprinkel
   3 special
   3 spain
   3 southwestern
   3 southerly
   3 southeasterly
   3 source
   3 sketch
   3 site
   3 shallow
   3 setting
   3 see
   3 schmidt
   3 schenk
   3 sandstones
   3 sand
   3 sample
   3 rootlet
   3 ronald
   3 rocque
   3 rock
   3 ridge
   3 rich
   3 research
   3 related
   3 reference
   3 recognized
   3 purple
   3 processes
   3 printing
   3 preceded
   3 position
   3 poles
   3 pole
   3 point
   3 plant
   3 plain
   3 pinches
   3 pinch
   3 photographs
   3 peter
   3 pennsylvanian
   3 patterns
   3 pattern
   3 parts
   3 palynomorph
   3 paleozoic
   3 overturning
   3 origin
   3 oriented
   3 office
   3 nuccio
   3 nonmarine
   3 next
   3 moreover
   3 molenaar
   3 minturn
   3 minor
   3 mineralogy
   3 mexico
   3 methods
   3 mesozoic
   3 maximum
   3 matrix
   3 massive
   3 marked
   3 margins
   3 many
   3 malcolm
   3 loss
   3 los
   3 likely
   3 lies
   3 left
   3 lakemargin
   3 intraformational
   3 intraclasts
   3 initial
   3 increase
   3 inclined
   3 impressions
   3 hintze
   3 handle
   3 gravelly
   3 grains
   3 graded
   3 gaps
   3 funk
   3 frontal
   3 foreset
   3 follows
   3 fold
   3 flowed
   3 flow
   3 floodplains
   3 first
   3 extent
   3 extensively
   3 exposure
   3 expected
   3 events
   3 event
   3 erosive
   3 erogenic
   3 environment
   3 emery
   3 documented
   3 distribution
   3 discordance
   3 discontinuous
   3 disappearance
   3 difficult
   3 dickinson
   3 detrital
   3 derivation
   3 depicted
   3 demonstrated
   3 delta
   3 datum
   3 cross
   3 creek
   3 contacts
   3 conditions
   3 concurrent
   3 complexly
   3 complex
   3 colors
   3 coalbearing
   3 charophyte
   3 chapters
   3 cenozoic
   3 cases
   3 carbonaceous
   3 burial
   3 broadly
   3 bones
   3 bioturbated
   3 bedsets
   3 bars
   3 bar
   3 areas
   3 angeles
   3 analysis
   3 alternating
   3 almost
   3 alluvium
   3 algal
   3 affected
   3 accompanied
   3 abundance
   3 abruptly
   2 xxxxxxxxxxxxxxx
   2 xxxxxxxxxxx
   2 workers
   2 without
   2 white
   2 westernmost
   2 way
   2 vulpavis
   2 volume
   2 vitrinite
   2 villien
   2 view
   2 vertically
   2 vergence
   2 verbeek
   2 vegetated
   2 variable
   2 values
   2 valleys
   2 usgs
   2 use
   2 upturned
   2 upon
   2 unroofing
   2 undifferentiated
   2 understanding
   2 underlies
   2 unconformably
   2 types
   2 tuffs
   2 tubes
   2 truncations
   2 trends
   2 traversing
   2 transport
   2 trade
   2 traced
   2 toward
   2 topographic
   2 tnu
   2 tkns
   2 thicknesses
   2 thickest
   2 therefore
   2 thank
   2 taken
   2 syntectonic
   2 synclines
   2 support
   2 strongly
   2 strong
   2 strike
   2 stoeser
   2 stereonet
   2 statistics
   2 statistic
   2 stacked
   2 splay
   2 spheroidal
   2 sparse
   2 spar
   2 southwestward
   2 sorted
   2 size
   2 sinuous
   2 simplified
   2 silberling
   2 significance
   2 sheetlike
   2 shed
   2 shaped
   2 sevler
   2 settings
   2 separates
   2 seismic
   2 secretary
   2 scour
   2 schwans
   2 sale
   2 ryder
   2 rust
   2 rounded
   2 rotation
   2 roche
   2 roan
   2 rising
   2 riparian
   2 richard
   2 retusus
   2 retallack
   2 results
   2 resulting
   2 result
   2 response
   2 represented
   2 reported
   2 report
   2 replicate
   2 reflection
   2 reflectance
   2 reeside
   2 recorded
   2 recognizable
   2 recognition
   2 reasons
   2 rapid
   2 ramp
   2 quartzarenite
   2 quartz
   2 purposes
   2 proximal
   2 provided
   2 project
   2 product
   2 previous
   2 press
   2 presented
   2 predated
   2 precisely
   2 powers
   2 potential
   2 possibly
   2 possible
   2 positions
   2 population
   2 plunge
   2 plotted
   2 platy
   2 planes
   2 planar
   2 places
   2 photo
   2 petrography
   2 pervasive
   2 permit
   2 permian
   2 periods
   2 percentage
   2 pennsylvania
   2 pedogenic
   2 peck
   2 partial
   2 parallel
   2 paper
   2 paleotectonics
   2 paleontology
   2 paleomagnetic
   2 paleoflow
   2 paleocurrents
   2 page
   2 oxidized
   2 overlie
   2 overlap
   2 overbank
   2 outcrop
   2 orientations
   2 ori
   2 orange
   2 onset
   2 onlapped
   2 oncolitic
   2 oldest
   2 oil
   2 offsets
   2 occurred
   2 numerous
   2 number
   2 noted
   2 northernmost
   2 nodule
   2 nevada
   2 neogene
   2 names
   2 naeser
   2 multidisciplinary
   2 mouth
   2 montana
   2 molluscan
   2 modification
   2 modern
   2 moderately
   2 moderate
   2 models
   2 miscellaneous
   2 minerals
   2 mine
   2 microcodium
   2 mesaverde
   2 mentioned
   2 mehnert
   2 medium
   2 meandering
   2 meanderbelt
   2 material
   2 marvin
   2 maroon
   2 marjorie
   2 marilyn
   2 manti
   2 mammal
   2 made
   2 lose
   2 london
   2 localized
   2 little
   2 lithologically
   2 litharenite
   2 lines
   2 linear
   2 line
   2 likewise
   2 light
   2 leeds
   2 larger
   2 land
   2 laminated
   2 lambs
   2 koster
   2 knl
   2 kilometers
   2 key
   2 juab
   2 jacobson
   2 investigations
   2 introduction
   2 intervening
   2 intertonguing
   2 interior
   2 interfluve
   2 interfingers
   2 interbeds
   2 instances
   2 indicators
   2 independently
   2 increases
   2 increased
   2 incision
   2 improved
   2 imply
   2 illustrates
   2 illinois
   2 identical
   2 hydrocarbon
   2 hogback
   2 hill
   2 higher
   2 hiatus
   2 hays
   2 hail
   2 grout
   2 greater
   2 grant
   2 gradual
   2 gradational
   2 gilliland
   2 genetic
   2 general
   2 gastropod
   2 friend
   2 four
   2 found
   2 forester
   2 foreground
   2 folds
   2 float
   2 firm
   2 fill
   2 figs
   2 federal
   2 faulted
   2 facing
   2 extension
   2 extends
   2 extend
   2 experienced
   2 exception
   2 evidenced
   2 evaporite
   2 erosionally
   2 erosional
   2 eroded
   2 ephemeral
   2 entire
   2 endorsement
   2 end
   2 edge
   2 eastwardflowing
   2 earth
   2 earl
   2 due
   2 dramatic
   2 downward
   2 doelling
   2 document
   2 distance
   2 dissertation
   2 dismicritic
   2 discussed
   2 disappears
   2 director
   2 dipping
   2 determination
   2 design
   2 descriptive
   2 depositionally
   2 depicts
   2 depict
   2 department
   2 demonstrably
   2 delineate
   2 deformational
   2 debris
   2 dallas
   2 cuts
   2 cuesta
   2 crude
   2 create
   2 counties
   2 counted
   2 correlative
   2 correlates
   2 correlated
   2 convolute
   2 controls
   2 control
   2 consulting
   2 constraints
   2 constituents
   2 consistently
   2 conformable
   2 concurrence
   2 conclusions
   2 compositions
   2 composite
   2 complicated
   2 complexity
   2 completely
   2 color
   2 collection
   2 coeval
   2 closely
   2 cliffs
   2 cliff
   2 clearly
   2 cited
   2 chert
   2 chart
   2 characterize
   2 characteristics
   2 characteristic
   2 caused
   2 categories
   2 carbon
   2 caps
   2 calcite
   2 burma
   2 building
   2 bryant
   2 bruhn
   2 brigham
   2 bottom
   2 book
   2 biostratigraphic
   2 beyond
   2 better
   2 believed
   2 bedforms
   2 ball
   2 babbitt
   2 away
   2 australis
   2 attributable
   2 attitude
   2 aridisols
   2 architecture
   2 archibald
   2 approximate
   2 approach
   2 appears
   2 anoxic
   2 ancient
   2 analyzed
   2 always
   2 altered
   2 additional
   2 abundances
   2 abstract
   2 abrupt
   2 abandoned
   1 ypresian
   1 youngest
   1 yorkshire
   1 york
   1 yon
   1 yellow
   1 xxxxxxxxxxxxxxxxx
   1 xxxxxxxxxxxxxxxx
   1 xxxxxxxxxxxxx
   1 xxx
   1 worth
   1 work
   1 woodburn
   1 wolf
   1 window
   1 wilson
   1 wilber
   1 widths
   1 width
   1 widely
   1 whose
   1 whole
   1 westvergent
   1 westerly
   1 weathers
   1 weathering
   1 wayne
   1 wasatchian
   1 wanty
   1 walking
   1 walker
   1 volumes
   1 volcanic
   1 virginia
   1 vectors
   1 variety
   1 varies
   1 varied
   1 utilized
   1 utility
   1 useful
   1 usage
   1 upstream
   1 updip
   1 unvegetated
   1 unrecognizable
   1 undisturbed
   1 undertaken
   1 underlain
   1 unconformitybounded
   1 uncohformably
   1 typical
   1 twice
   1 turonian
   1 turn
   1 truncation
   1 true
   1 triassic
   1 triangular
   1 trees
   1 transverse
   1 transported
   1 transitional
   1 transferred
   1 tracing
   1 total
   1 topography
   1 took
   1 toe
   1 tnc
   1 tknbco
   1 tknb
   1 tips
   1 tintic
   1 timber
   1 tilted
   1 tight
   1 ties
   1 thrusts
   1 thrusting
   1 thinner
   1 thermal
   1 thanetian
   1 texture
   1 texas
   1 tests
   1 terrace
   1 termination
   1 terminates
   1 terminal
   1 term
   1 tentative
   1 tens
   1 temporal
   1 teller
   1 tectonism
   1 technique
   1 tapered
   1 tang
   1 tain
   1 syndepositionally
   1 syndepositional
   1 synclinal
   1 symbol
   1 swales
   1 supported
   1 summarized
   1 suitable
   1 sufficiently
   1 succeeded
   1 subunits
   1 substantial
   1 subspheroidal
   1 subsiding
   1 subparallel
   1 subdividing
   1 subaqueous
   1 subaerial
   1 styles
   1 structureless
   1 structurally
   1 stromatolitic
   1 striking
   1 strengthened
   1 stream
   1 stratal
   1 stereogram
   1 steeper
   1 stands
   1 stahdlee
   1 staff
   1 stacks
   1 stacking
   1 srivastava
   1 spp
   1 sphere
   1 spencer
   1 sparry
   1 spans
   1 spanish
   1 spacing
   1 spaced
   1 southwestem
   1 sources
   1 soule
   1 sorting
   1 somewhat
   1 solid
   1 slumping
   1 slope
   1 slip
   1 slight
   1 slickensides
   1 skyline
   1 six
   1 situ
   1 similarities
   1 silt
   1 sigleo
   1 sides
   1 short
   1 shorelines
   1 shoals
   1 sheets
   1 sheetflood
   1 sheeprock
   1 sharply
   1 shapes
   1 shape
   1 shallowly
   1 seven
   1 sequentially
   1 sequential
   1 separating
   1 separately
   1 separate
   1 sen
   1 sego
   1 sediments
   1 scours
   1 scott
   1 science
   1 schwartz
   1 schematically
   1 schematic
   1 scdimcntologists
   1 scant
   1 scala
   1 sandand
   1 sampling
   1 samak
   1 salt
   1 russell
   1 rule
   1 rudstone
   1 royal
   1 rotating
   1 rose
   1 root
   1 roof
   1 rippled
   1 rims
   1 rigidus
   1 ridgway
   1 ribbon
   1 reynolds
   1 rex
   1 reworked
   1 revision
   1 reviews
   1 reversedpolarity
   1 reveals
   1 retusochara
   1 resultant
   1 restricted
   1 restored
   1 resistant
   1 reservoirs
   1 reservoir
   1 resembles
   1 required
   1 representing
   1 representative
   1 reports
   1 repetski
   1 repeated
   1 reno
   1 remy
   1 remains
   1 remain
   1 reliable
   1 relationship
   1 relation
   1 rejected
   1 reinhardt
   1 regarded
   1 regard
   1 redbrown
   1 redbeds
   1 rectangle
   1 recovered
   1 reconstructions
   1 reconstruction
   1 reappears
   1 readily
   1 reactivation
   1 reactions
   1 reaches
   1 reach
   1 ratios
   1 rates
   1 rapidly
   1 ranging
   1 ranged
   1 rams
   1 quickly
   1 queried
   1 quartzose
   1 quartzites
   1 quantities
   1 quantify
   1 pyrenees
   1 proximity
   1 provo
   1 provisional
   1 province
   1 provide
   1 proportionately
   1 pronounced
   1 prone
   1 prominent
   1 program
   1 prograded
   1 profiles
   1 professional
   1 produce
   1 proceedings
   1 proceeded
   1 procedures
   1 probable
   1 principles
   1 principal
   1 primary
   1 preserved
   1 presently
   1 presentday
   1 preflagstaff
   1 precluded
   1 precise
   1 potter
   1 postdated
   1 postdate
   1 populations
   1 poor
   1 ponds
   1 polypodiidites
   1 pollastro
   1 pocket
   1 plugs
   1 plot
   1 platychara
   1 platycaryoides
   1 platycarya
   1 pivnik
   1 pinnacles
   1 picked
   1 physiography
   1 physical
   1 phanerozoic
   1 petroliferous
   1 peterson
   1 pete
   1 petcrson
   1 pertinent
   1 persisted
   1 perry
   1 perron
   1 permissive
   1 peripheral
   1 perhaps
   1 perennial
   1 per
   1 pequera
   1 penetration
   1 penetrate
   1 pedogenically
   1 pedogenesis
   1 patricia
   1 partitioning
   1 partings
   1 particular
   1 palynological
   1 paleovalleys
   1 paleovalley
   1 paleotectonic
   1 paleosol
   1 paleontologists
   1 paleohorizontal
   1 paleoecology
   1 palaeocene
   1 packages
   1 overthrust
   1 overprint
   1 outer
   1 outcrops
   1 otherwise
   1 orogeny
   1 orogenlc
   1 original
   1 orientation
   1 opportunity
   1 openlacustrine
   1 openfile
   1 open
   1 ontario
   1 ongoing
   1 oncoidal
   1 omits
   1 olivares
   1 old
   1 oilman
   1 offset
   1 odor
   1 occurs
   1 occurring
   1 occurrence
   1 occupies
   1 occupied
   1 observations
   1 observable
   1 obscured
   1 oblique
   1 oblate
   1 objectives
   1 oal
   1 noting
   1 note
   1 northeasterly
   1 northcentral
   1 normalpolarity
   1 nondeposition
   1 nine
   1 nielson
   1 nevertheless
   1 nephi
   1 need
   1 necessary
   1 nearshore
   1 nearby
   1 nature
   1 national
   1 nascent
   1 narrow
   1 mutual
   1 multistory
   1 mudflats
   1 mudflat
   1 muddy
   1 mud
   1 mowry
   1 morphologically
   1 moroni
   1 montpellier
   1 monograph
   1 modes
   1 missing
   1 mismatch
   1 minimum
   1 mineralogists
   1 mineralogical
   1 mineral
   1 miles
   1 mile
   1 might
   1 microfossil
   1 micritic
   1 micrites
   1 miacidae
   1 metengonoceras
   1 mesavcrde
   1 merges
   1 meniscoid
   1 melone
   1 mechanical
   1 measuring
   1 measurement
   1 mean
   1 mckittrick
   1 matter
   1 matches
   1 match
   1 marshy
   1 marsh
   1 marine
   1 marie
   1 maps
   1 manuscript
   1 manifested
   1 mammals
   1 mammalian
   1 mamet
   1 making
   1 mainly
   1 magnetostratigraphy
   1 magnetostratigraphically
   1 maclachlan
   1 lying
   1 lundin
   1 lowpermeability
   1 longitude
   1 longiramosus
   1 logs
   1 log
   1 localization
   1 localities
   1 lithosomes
   1 lithofacies
   1 lithic
   1 literature
   1 lindsay
   1 limited
   1 likelihood
   1 lie
   1 library
   1 letters
   1 lens
   1 lengths
   1 length
   1 ledges
   1 lay
   1 latter
   1 las
   1 larocque
   1 large
   1 laramlde
   1 laps
   1 langford
   1 landslide
   1 lakeside
   1 lakes
   1 lacking
   1 lack
   1 laboratory
   1 labeled
   1 krause
   1 konopka
   1 knsy
   1 knbi
   1 knb
   1 klute
   1 kligfield
   1 kligficld
   1 kitchen
   1 kis
   1 kingdom
   1 kia
   1 kennedy
   1 keighin
   1 judy
   1 judith
   1 john
   1 january
   1 janecke
   1 jacobs
   1 issues
   1 issued
   1 isotopic
   1 irregular
   1 iproteacidites
   1 involves
   1 involve
   1 inverted
   1 intrusive
   1 intraplate
   1 intimately
   1 interpretations
   1 international
   1 intermontane
   1 intermittent
   1 intermediate
   1 interfluves
   1 interfinger
   1 interest
   1 inset
   1 inman
   1 inhangahuensis
   1 informally
   1 influenced
   1 influence
   1 infiltrated
   1 inferences
   1 indicator
   1 indicating
   1 independent
   1 inconsistency
   1 including
   1 important
   1 imbricated
   1 illustrations
   1 illustrated
   1 illustrate
   1 identified
   1 identifications
   1 identifiable
   1 hyatt
   1 hundreds
   1 hummocky
   1 huge
   1 houston
   1 houck
   1 horses
   1 homewood
   1 histogram
   1 hillside
   1 highway
   1 hells
   1 heights
   1 height
   1 heavy
   1 hayes
   1 hawkins
   1 hanson
   1 hanley
   1 halfway
   1 hainsworth
   1 hackberry
   1 hackberries
   1 habitats
   1 gyrogonites
   1 guidebook
   1 grouping
   1 grid
   1 greatly
   1 great
   1 graveland
   1 gravel
   1 graphic
   1 grain
   1 gradationally
   1 gives
   1 give
   1 gingerich
   1 gilsonite
   1 geophysical
   1 geometries
   1 geologist
   1 geochronology
   1 gently
   1 generation
   1 gardener
   1 fryingpan
   1 frontier
   1 freshwater
   1 freshly
   1 fragmental
   1 fracturing
   1 fractures
   1 fracture
   1 foundation
   1 fossils
   1 fossil
   1 formerly
   1 former
   1 forested
   1 forest
   1 foot
   1 followed
   1 follow
   1 flute
   1 fluctuated
   1 flows
   1 flooring
   1 floored
   1 floor
   1 flats
   1 flanks
   1 five
   1 firmly
   1 fining
   1 fines
   1 finer
   1 findings
   1 finally
   1 final
   1 figures
   1 fields
   1 ferromagnesian
   1 feist
   1 feet
   1 feature
   1 faunas
   1 far
   1 fand
   1 fan
   1 fades
   1 fact
   1 facics
   1 face
   1 extremely
   1 extensional
   1 extending
   1 expressed
   1 expose
   1 exploited
   1 expanded
   1 exhibiting
   1 exhibit
   1 excess
   1 except
   1 excellent
   1 exactly
   1 exact
   1 evident
   1 even
   1 evaporites
   1 evanston
   1 europe
   1 establishing
   1 established
   1 establish
   1 erosion
   1 era
   1 equivalents
   1 equivalence
   1 equant
   1 episodically
   1 episodic
   1 episodes
   1 episode
   1 eolian
   1 envisioned
   1 enters
   1 enriched
   1 ends
   1 enclosed
   1 emplacement
   1 elison
   1 eliminate
   1 elevation
   1 edith
   1 edited
   1 economic
   1 echo
   1 easternmost
   1 eastdipping
   1 easily
   1 earliest
   1 earlier
   1 dunes
   1 dune
   1 dubiel
   1 drained
   1 drab
   1 downsection
   1 downing
   1 dotted
   1 donald
   1 dominate
   1 domains
   1 dolly
   1 divided
   1 divide
   1 distributed
   1 distributary
   1 distinguished
   1 distal
   1 dissimilar
   1 displacement
   1 displaced
   1 dispersion
   1 discussions
   1 discontinuously
   1 disappear
   1 directed
   1 direct
   1 dimpled
   1 dimensions
   1 dikes
   1 diffuse
   1 differentiated
   1 differences
   1 differed
   1 die
   1 diastrophism
   1 diameters
   1 diagenetic
   1 diagenesis
   1 detritus
   1 determined
   1 detailed
   1 designate
   1 desiccation
   1 descriptions
   1 description
   1 derives
   1 depth
   1 depressions
   1 densely
   1 demagnetized
   1 dekalb
   1 dei
   1 define
   1 deep
   1 decreases
   1 david
   1 dating
   1 danian
   1 cycles
   1 cuttings
   1 current
   1 cruces
   1 croup
   1 crossed
   1 crosscutting
   1 crossbedding
   1 crossbedded
   1 crossbed
   1 creak
   1 craig
   1 cracks
   1 cox
   1 cove
   1 course
   1 coupled
   1 county
   1 counting
   1 counterclockwise
   1 correlate
   1 corrected
   1 core
   1 coordinator
   1 converge
   1 convention
   1 controlled
   1 contrasts
   1 contrast
   1 contradictory
   1 contradiction
   1 contorted
   1 contiguous
   1 contemporary
   1 containment
   1 constrained
   1 constrain
   1 constitutes
   1 conspicuous
   1 considering
   1 connect
   1 coniacian
   1 congruently
   1 congress
   1 conform
   1 confirm
   1 concordant
   1 conclusion
   1 concentrically
   1 concealed
   1 conceal
   1 computed
   1 comprise
   1 compositionally
   1 compositional
   1 component
   1 complete
   1 comparison
   1 comparable
   1 company
   1 come
   1 combined
   1 combination
   1 coloration
   1 colombo
   1 collecting
   1 cole
   1 coincident
   1 coincided
   1 coarsen
   1 coarsegrained
   1 clemens
   1 classopollis
   1 classoides
   1 city
   1 circular
   1 cip
   1 chronostratigraphic
   1 chinle
   1 cherty
   1 chemistry
   1 charles
   1 characterizes
   1 characterized
   1 chapter
   1 chaotic
   1 channelized
   1 chan
   1 certainly
   1 centimeters
   1 centimeter
   1 celtis
   1 cavities
   1 causes
   1 category
   1 castor
   1 cashion
   1 case
   1 cartography
   1 carried
   1 carnivore
   1 carnivora
   1 carbonates
   1 capped
   1 canadensis
   1 canada
   1 cambridge
   1 cambrian
   1 caliche
   1 caliber
   1 calculated
   1 cabrera
   1 burled
   1 bulk
   1 brownish
   1 broken
   1 broke
   1 bright
   1 briefly
   1 brecciated
   1 break
   1 breached
   1 bracketing
   1 box
   1 bounding
   1 boundaries
   1 bogs
   1 bluelines
   1 blocks
   1 blocked
   1 black
   1 bioturbation
   1 biostratigraphy
   1 bibliographical
   1 beveled
   1 bernard
   1 berkeley
   1 belden
   1 beginning
   1 bedrock
   1 becomes
   1 bcartooth
   1 basinmargin
   1 basic
   1 balmeisporites
   1 averaged
   1 available
   1 authigenic
   1 augustus
   1 attributes
   1 attempt
   1 asterisks
   1 assignment
   1 assessment
   1 assemblage
   1 arroyos
   1 arranged
   1 arizona
   1 arid
   1 arapien
   1 approved
   1 appropriate
   1 apply
   1 applied
   1 applications
   1 apparent
   1 apartment
   1 anywhere
   1 antithetic
   1 anticlines
   1 another
   1 angle
   1 anders
   1 amounts
   1 among
   1 ammonite
   1 amalgamated
   1 alto
   1 alternatively
   1 alternation
   1 allow
   1 aligned
   1 albian
   1 aggradational
   1 addition
   1 activity
   1 acknowledgments
   1 acknowledge
   1 accumulation
   1 accretion
