 156 fluid
 123 mississippi
 115 district
 113 temperature
 111 upper
 108 valley
  90 basin
  88 thermal
  86 illinois
  79 flow
  77 temperatures
  76 others
  61 inclusion
  60 biomarker
  59 time
  51 maturity
  50 sterane
  48 sphalerite
  48 heat
  46 hopane
  46 fig
  43 inclusions
  39 zone
  39 sandstone
  39 ratios
  39 data
  38 figure
  36 fracture
  36 fluids
  36 boundary
  35 measurements
  34 maturities
  34 calculated
  33 biomarkers
  32 ore
  30 values
  30 rocks
  30 mineralization
  30 hatch
  29 sedimentary
  29 geology
  29 formation
  28 duration
  28 dolomite
  28 calculations
  27 mill
  26 quimbys
  26 mclimans
  26 basins
  25 system
  25 limestone
  25 history
  24 two
  24 burial
  24 average
  23 shale
  23 see
  23 measured
  23 evolution
  22 regional
  22 peter
  22 horizon
  22 approximately
  21 rock
  21 depth
  20 years
  20 path
  20 mount
  20 grid
  20 error
  19 zones
  19 thompson
  19 southern
  19 member
  18 would
  18 simon
  18 rullkotter
  18 petroleum
  18 orebody
  18 kinetic
  18 homogenization
  18 economic
  18 deposits
  18 assumed
  17 within
  17 showing
  17 marzi
  17 hydrothermal
  17 however
  17 high
  17 fluorite
  17 constants
  16 samples
  16 rowan
  16 permian
  16 orebodies
  16 maximum
  16 igneous
  16 heyl
  16 geological
  16 example
  16 conditions
  16 bethke
  16 aquifer
  15 temperly
  15 specified
  15 several
  15 reactions
  15 range
  15 event
  15 distance
  15 basal
  15 aquifers
  15 also
  14 using
  14 three
  14 sample
  14 organic
  14 mine
  14 lower
  14 goldhaber
  14 generation
  14 constant
  13 table
  13 survey
  13 study
  13 source
  13 section
  13 region
  13 product
  13 oil
  13 may
  13 low
  13 isotope
  13 assuming
  12 top
  12 steranes
  12 stages
  12 show
  12 platteville
  12 northward
  12 northern
  12 mineralized
  12 kolata
  12 isomerization
  12 flux
  12 elevated
  12 due
  12 districts
  12 circulation
  12 american
  12 alteration
  11 used
  11 underlying
  11 trend
  11 transport
  11 tmax
  11 surface
  11 sulfur
  11 stratigraphy
  11 small
  11 represent
  11 reactant
  11 ratio
  11 rate
  11 paths
  11 new
  11 near
  11 late
  11 given
  11 function
  11 formed
  11 evidence
  11 discussion
  11 curve
  11 calcite
  10 sources
  10 shown
  10 related
  10 precipitation
  10 ordovician
  10 order
  10 modified
  10 migration
  10 meters
  10 made
  10 interval
  10 implications
  10 gradient
  10 give
  10 garven
  10 fractures
  10 estimate
  10 equal
  10 early
  10 dome
  10 constraints
  10 concentration
  10 basement
   9 unmineralized
   9 symons
   9 studies
   9 solid
   9 sites
   9 significantly
   9 scale
   9 relative
   9 pressure
   9 permeability
   9 paleozoic
   9 north
   9 model
   9 missouri
   9 mines
   9 mineralizing
   9 lines
   9 likely
   9 hicks
   9 geologists
   9 geochemistry
   9 determined
   9 curves
   9 base
   9 area
   9 age
   8 york
   8 upward
   8 tested
   8 similar
   8 properties
   8 porosity
   8 percent
   8 numerical
   8 matter
   8 initial
   8 heating
   8 configuration
   8 brannon
   8 best
   8 association
   8 approximate
   8 adjacent
   7 wisconsin
   7 uncertainty
   7 total
   7 thus
   7 taken
   7 stage
   7 south
   7 rift
   7 results
   7 represents
   7 relatively
   7 process
   7 origin
   7 observed
   7 normal
   7 maturation
   7 map
   7 location
   7 line
   7 leach
   7 isotopic
   7 intrusive
   7 information
   7 indicate
   7 iii
   7 hydrologic
   7 hopanes
   7 geothermal
   7 galena
   7 fluorine
   7 equilibrium
   7 end
   7 effects
   7 durations
   7 comparison
   7 carbon
   7 anomalous
   7 along
   7 ages
   6 width
   6 well
   6 warm
   6 waples
   6 structural
   6 significant
   6 shows
   6 reversal
   6 resulted
   6 regime
   6 reelfoot
   6 record
   6 recharge
   6 pyrolysis
   6 provide
   6 processes
   6 primarily
   6 precursor
   6 possible
   6 polynomial
   6 part
   6 ozark
   6 overall
   6 mineral
   6 major
   6 machihara
   6 less
   6 important
   6 immature
   6 histories
   6 geochemical
   6 eidel
   6 deep
   6 cross
   6 contribution
   6 consistent
   6 collected
   6 changes
   6 cements
   6 carbonate
   6 cambrian
   6 calculation
   6 brines
   6 breccia
   6 barnes
   6 assume
   6 arch
   6 alexander
   5 water
   5 vitrinite
   5 versus
   5 value
   5 united
   5 triterpanes
   5 transient
   5 third
   5 text
   5 systematic
   5 strachan
   5 states
   5 state
   5 solution
   5 snee
   5 sediments
   5 sangster
   5 role
   5 representing
   5 reported
   5 references
   5 recently
   5 reaction
   5 published
   5 provides
   5 principal
   5 press
   5 position
   5 pennsylvanian
   5 peak
   5 one
   5 oltz
   5 ohmoto
   5 nelson
   5 moldowan
   5 mining
   5 margin
   5 many
   5 magnitude
   5 laboratory
   5 kagi
   5 journal
   5 interior
   5 indicates
   5 hydrous
   5 hydrocarbon
   5 horizontal
   5 higher
   5 groundwater
   5 gravity
   5 graph
   5 genesis
   5 four
   5 following
   5 fixed
   5 factor
   5 extent
   5 explain
   5 experiments
   5 events
   5 even
   5 estimated
   5 equilibration
   5 effect
   5 drill
   5 drift
   5 difference
   5 deposition
   5 define
   5 deeper
   5 decreasing
   5 country
   5 cluff
   5 chosen
   5 chose
   5 cherty
   5 central
   5 byrnes
   5 bulletin
   5 brown
   5 bottom
   5 biological
   5 based
   5 atoms
   5 approach
   5 america
   5 advective
   5 activity
   5 across
   4 zinc
   4 vertical
   4 vein
   4 timing
   4 thickness
   4 therefore
   4 tectonic
   4 take
   4 stable
   4 society
   4 short
   4 series
   4 sensitive
   4 schematic
   4 salt
   4 reynolds
   4 resulting
   4 required
   4 relationship
   4 reach
   4 rates
   4 rafter
   4 quartz
   4 program
   4 proceedings
   4 presence
   4 predominantly
   4 positions
   4 plotted
   4 place
   4 peters
   4 permeable
   4 pascola
   4 paragenesis
   4 paleomagnetism
   4 paleomagnetic
   4 occurs
   4 mvt
   4 much
   4 midcontinent
   4 memoir
   4 mackenzie
   4 little
   4 leighton
   4 least
   4 kinetics
   4 isotopes
   4 integrated
   4 individual
   4 includes
   4 highly
   4 hayes
   4 hayba
   4 green
   4 grants
   4 gave
   4 form
   4 foldbelt
   4 fluorspar
   4 explanation
   4 explained
   4 errors
   4 erickson
   4 epimer
   4 emplacement
   4 divided
   4 distinct
   4 discussed
   4 discretization
   4 direction
   4 differences
   4 denver
   4 decorah
   4 cratonic
   4 could
   4 corresponding
   4 correction
   4 core
   4 controlled
   4 contrast
   4 contemporaneous
   4 constraint
   4 compared
   4 chemical
   4 center
   4 carried
   4 buff
   4 brine
   4 basis
   4 barren
   4 attained
   4 assumes
   4 associated
   4 arkansas
   4 although
   4 agreement
   4 additional
   3 zartman
   3 without
   3 whose
   3 west
   3 welte
   3 van
   3 use
   3 university
   3 true
   3 treated
   3 trapped
   3 transfer
   3 times
   3 symmetry
   3 surrounding
   3 sulfide
   3 sufficient
   3 stress
   3 sphalerites
   3 specific
   3 southwest
   3 southeastern
   3 single
   3 siltstone
   3 sill
   3 shaly
   3 shallower
   3 seawater
   3 sciences
   3 science
   3 scatter
   3 sandy
   3 sandstones
   3 salinity
   3 saline
   3 rows
   3 result
   3 resources
   3 research
   3 report
   3 remaining
   3 relationships
   3 reflectance
   3 reflect
   3 recognized
   3 receptaculites
   3 rapidly
   3 pulse
   3 publication
   3 prior
   3 present
   3 predicted
   3 pore
   3 point
   3 plays
   3 pitman
   3 pinckney
   3 physical
   3 period
   3 pattern
   3 parts
   3 page
   3 outline
   3 orogeny
   3 operating
   3 open
   3 onto
   3 ofsterane
   3 occurred
   3 numbering
   3 noted
   3 normalized
   3 moved
   3 modeled
   3 minor
   3 minerals
   3 mineralogy
   3 middle
   3 methods
   3 metal
   3 mechanism
   3 measure
   3 means
   3 matched
   3 marshak
   3 markers
   3 make
   3 magnetite
   3 longer
   3 long
   3 link
   3 light
   3 lewis
   3 lewchuk
   3 lewan
   3 large
   3 known
   3 kilometers
   3 jurassic
   3 institute
   3 inherent
   3 indicated
   3 identical
   3 hypothetical
   3 hundred
   3 host
   3 heavy
   3 halite
   3 hagni
   3 guide
   3 growth
   3 genetic
   3 figs
   3 factors
   3 facing
   3 exploration
   3 exceeding
   3 examined
   3 evaporites
   3 erosion
   3 englewood
   3 engineers
   3 energy
   3 earth
   3 driven
   3 drawn
   3 downeys
   3 dolomitic
   3 doe
   3 dissolved
   3 dissolution
   3 dimension
   3 dikes
   3 diagenetic
   3 diagenesis
   3 determining
   3 determine
   3 detail
   3 description
   3 described
   3 derived
   3 depths
   3 defined
   3 decrease
   3 decay
   3 dating
   3 dated
   3 corresponds
   3 contours
   3 constrained
   3 considered
   3 considerations
   3 conodont
   3 conductivity
   3 conductive
   3 conduction
   3 condition
   3 conchoidal
   3 concentrations
   3 composition
   3 complex
   3 complete
   3 compare
   3 combined
   3 combinations
   3 colorado
   3 cliffs
   3 circles
   3 chesley
   3 cells
   3 cell
   3 case
   3 capacity
   3 cameron
   3 buschbach
   3 bronswijk
   3 bluff
   3 biotite
   3 belt
   3 bailey
   3 background
   3 assumptions
   3 areas
   3 applications
   3 application
   3 anomalously
   3 analytical
   3 among
   3 almost
   3 account
   3 abstracts
   3 absence
   2 zonation
   2 zero
   2 youngest
   2 workings
   2 widespread
   2 wedges
   2 walter
   2 wall
   2 voss
   2 viets
   2 vicinity
   2 viburnum
   2 velocity
   2 variations
   2 variation
   2 variable
   2 vapor
   2 useful
   2 upon
   2 unknown
   2 units
   2 undisrupted
   2 undergo
   2 ultimate
   2 typical
   2 type
   2 triterpane
   2 trends
   2 transformations
   2 touloukian
   2 took
   2 tissot
   2 throughout
   2 threshold
   2 thermally
   2 taylor
   2 systematics
   2 symposium
   2 superimposed
   2 summarized
   2 sugary
   2 subroto
   2 sublithographic
   2 studied
   2 stratigraphic
   2 strata
   2 still
   2 squares
   2 spottl
   2 specify
   2 spatial
   2 spanned
   2 space
   2 southeast
   2 simulate
   2 simplification
   2 shelton
   2 setting
   2 sets
   2 set
   2 sepm
   2 separation
   2 sensitivity
   2 selected
   2 salinities
   2 sajgo
   2 rye
   2 roy
   2 rough
   2 roedder
   2 right
   2 reviews
   2 reversals
   2 retort
   2 responsible
   2 respectively
   2 respect
   2 requires
   2 require
   2 representative
   2 reliable
   2 rejebian
   2 reflects
   2 reflected
   2 referred
   2 reference
   2 refer
   2 redistribute
   2 records
   2 recalculated
   2 read
   2 radiometric
   2 purely
   2 proximity
   2 provided
   2 projected
   2 progressive
   2 produces
   2 previous
   2 prevailed
   2 preserved
   2 presented
   2 prentice
   2 predominant
   2 preceding
   2 pointing
   2 plausible
   2 platform
   2 plate
   2 plane
   2 phosphoria
   2 phases
   2 phase
   2 permits
   2 parameters
   2 pan
   2 ozarks
   2 oxygen
   2 overlying
   2 outside
   2 outlying
   2 ouachita
   2 original
   2 orientation
   2 onset
   2 omaha
   2 oldest
   2 oft
   2 obtain
   2 numerous
   2 number
   2 nodules
   2 nodular
   2 nodes
   2 next
   2 newhouse
   2 needed
   2 necessary
   2 nature
   2 natural
   2 nacl
   2 mullens
   2 mountain
   2 modern
   2 models
   2 mineralogical
   2 microscopy
   2 michigan
   2 meteoric
   2 metamorphism
   2 metals
   2 material
   2 match
   2 mass
   2 marker
   2 margins
   2 maquoketa
   2 mapped
   2 majority
   2 main
   2 located
   2 literature
   2 like
   2 level
   2 left
   2 lefler
   2 lavery
   2 king
   2 kerogen
   2 isomaturity
   2 introduction
   2 intervals
   2 intersecting
   2 interpreted
   2 intense
   2 inspection
   2 ingebritsen
   2 indicators
   2 indicator
   2 indicative
   2 index
   2 independently
   2 independent
   2 increasing
   2 increased
   2 increase
   2 included
   2 hypothesize
   2 hydrotherm
   2 hydrology
   2 hydrogens
   2 hydrocarbons
   2 hot
   2 horizons
   2 histograms
   2 help
   2 hayden
   2 hay
   2 hanor
   2 hall
   2 haas
   2 guttenberg
   2 group
   2 ground
   2 gregg
   2 greater
   2 graphs
   2 granite
   2 gradually
   2 government
   2 gize
   2 geothermometry
   2 geologically
   2 geochimica
   2 generations
   2 generally
   2 general
   2 gas
   2 furthermore
   2 freeze
   2 fossils
   2 focus
   2 five
   2 fitted
   2 fit
   2 first
   2 field
   2 faults
   2 fat
   2 fair
   2 extremely
   2 extreme
   2 experienced
   2 exceed
   2 evaporative
   2 estimates
   2 equivalent
   2 equation
   2 environment
   2 entrapment
   2 enrichment
   2 enriched
   2 element
   2 either
   2 earliest
   2 earlier
   2 drab
   2 dolomitizing
   2 districtwide
   2 distribution
   2 dissertation
   2 disrupted
   2 direct
   2 difficult
   2 different
   2 differ
   2 diagram
   2 devonian
   2 development
   2 detailed
   2 deposit
   2 denote
   2 degree
   2 declined
   2 dashed
   2 dark
   2 cumulative
   2 cosmochimica
   2 correspond
   2 correlation
   2 correlated
   2 correlatable
   2 contributes
   2 contributed
   2 context
   2 contents
   2 contain
   2 constrain
   2 conservative
   2 conjunction
   2 confirmed
   2 confident
   2 conference
   2 conducted
   2 conclusions
   2 conceptual
   2 compounds
   2 compound
   2 common
   2 combines
   2 columns
   2 color
   2 college
   2 coincide
   2 coarseness
   2 coarse
   2 closely
   2 city
   2 cited
   2 circulates
   2 circulated
   2 cherry
   2 changed
   2 centimeters
   2 cathodoluminescent
   2 calculate
   2 brief
   2 box
   2 bonneterre
   2 bonds
   2 bentonite
   2 believe
   2 beginning
   2 barker
   2 axis
   2 away
   2 authors
   2 authigenic
   2 arkoma
   2 argillaceous
   2 appropriate
   2 annual
   2 ancient
   2 analysis
   2 amount
   2 alone
   2 allowing
   2 advection
   2 advances
   2 adjusted
   2 activation
   2 acta
   2 achieved
   2 abstract
   2 abbott
   1 zoning
   1 zoned
   1 zns
   1 younger
   1 year
   1 xiva
   1 written
   1 workshop
   1 working
   1 work
   1 williams
   1 wiley
   1 whether
   1 whereby
   1 whereas
   1 westward
   1 western
   1 weight
   1 weathered
   1 washington
   1 wang
   1 vvii
   1 volume
   1 void
   1 virtually
   1 view
   1 vidalie
   1 vibrnum
   1 vertically
   1 verage
   1 vdrsoiaeistlevvhmterbeilcayerstl
   1 varying
   1 vary
   1 varies
   1 varied
   1 variability
   1 utilized
   1 usually
   1 uscmstnaihmdoisbtuorseina
   1 usa
   1 upson
   1 uplift
   1 uph
   1 uoj
   1 unreasonably
   1 unpublished
   1 unpredictable
   1 unique
   1 uniform
   1 unexpected
   1 undoubtedly
   1 undivided
   1 underwent
   1 understanding
   1 uncrutbconohfaodcresmkreaal
   1 unaltered
   1 umv
   1 umiibatisplhianpsnsieoedpniprsi
   1 ultimately
   1 ugh
   1 types
   1 turn
   1 tuffs
   1 triterpenoids
   1 triter
   1 triassic
   1 triangles
   1 trials
   1 trempeauleau
   1 trapping
   1 transforms
   1 transformed
   1 transformation
   1 traditionally
   1 trade
   1 toward
   1 totten
   1 topographically
   1 toi
   1 tohvchlotreovnhedruslcargeytisvhtie
   1 tion
   1 tightly
   1 tial
   1 thspcraoniemdunsbtgonrihane
   1 ths
   1 thrcbatiolnuhratigneshuoeiunst
   1 thousands
   1 thousand
   1 thomas
   1 thin
   1 thesis
   1 thermophysical
   1 theoretical
   1 themitrcnpeghcrlcauhtaosireonsdrs
   1 textural
   1 test
   1 tertiary
   1 ternperature
   1 terms
   1 temporally
   1 tectonism
   1 tectonics
   1 tbs
   1 taconic
   1 tables
   1 systematically
   1 symmetrical
   1 symbols
   1 sxam
   1 sverjensky
   1 surrounded
   1 surprising
   1 supt
   1 supply
   1 supercomputer
   1 super
   1 summarizes
   1 summarize
   1 suggested
   1 suggest
   1 sufficiently
   1 subtracting
   1 subtracted
   1 substantially
   1 substantial
   1 subsequent
   1 subroutine
   1 subjectively
   1 subdivisions
   1 subdivision
   1 subaerial
   1 stueber
   1 stuckless
   1 structure
   1 strtaansteioghcratthpieoinrc
   1 strongly
   1 strong
   1 strictly
   1 stratabound
   1 stoeser
   1 steroids
   1 steroid
   1 step
   1 stegena
   1 steeper
   1 steady
   1 starting
   1 stants
   1 standard
   1 stairstep
   1 staining
   1 spry
   1 species
   1 special
   1 spechts
   1 speaking
   1 spatially
   1 sparry
   1 spacing
   1 son
   1 somewhat
   1 sometimes
   1 solute
   1 soluble
   1 solubility
   1 smooth
   1 smaller
   1 slightly
   1 slight
   1 sissippi
   1 sinister
   1 since
   1 sin
   1 simultaneous
   1 simple
   1 simnn
   1 similarly
   1 silurian
   1 sills
   1 siliclastic
   1 signature
   1 shullsburg
   1 shorter
   1 shifts
   1 shifted
   1 shalv
   1 shales
   1 severe
   1 services
   1 serves
   1 separate
   1 sense
   1 seniors
   1 sedimentatk
   1 secretary
   1 secondary
   1 scon
   1 schullsburg
   1 scenarios
   1 saturation
   1 sar
   1 sanrlstnnfi
   1 sanrlstnne
   1 san
   1 sale
   1 safely
   1 ruled
   1 rra
   1 rounded
   1 ror
   1 road
   1 rjmnn
   1 river
   1 riii
   1 ridgley
   1 ridge
   1 revised
   1 review
   1 retard
   1 rest
   1 response
   1 reservoir
   1 requirements
   1 represention
   1 represented
   1 representation
   1 reprecipitation
   1 replaced
   1 removing
   1 removed
   1 remagnetized
   1 release
   1 regions
   1 regionally
   1 regarding
   1 refglioounwiardl
   1 reestablishment
   1 reed
   1 reduced
   1 rectus
   1 reconstructed
   1 reconcile
   1 reasonable
   1 reason
   1 realistic
   1 reactivation
   1 reaches
   1 reached
   1 rather
   1 rapid
   1 raphy
   1 ranges
   1 racture
   1 qufiminealrcsuulronemtseimnztdson
   1 question
   1 quantities
   1 quantitative
   1 qualitative
   1 quadrangles
   1 qnv
   1 pyrite
   1 pvt
   1 puursoatmhnhnpianeileedt
   1 purposes
   1 pure
   1 provenance
   1 prosser
   1 proportion
   1 proper
   1 projecting
   1 project
   1 progressively
   1 programs
   1 profile
   1 professional
   1 producing
   1 produce
   1 proceeds
   1 probably
   1 probable
   1 probability
   1 printing
   1 principles
   1 primary
   1 previously
   1 pressures
   1 presently
   1 preliminary
   1 preferentially
   1 preferential
   1 predict
   1 precludes
   1 preceded
   1 precambrlan
   1 prairie
   1 practical
   1 ppm
   1 potter
   1 potentially
   1 potential
   1 potassium
   1 potassic
   1 postulate
   1 postmineralization
   1 possibly
   1 possibilities
   1 posed
   1 porous
   1 poorly
   1 poor
   1 polomite
   1 pointed
   1 podosek
   1 plumlee
   1 plenum
   1 planetary
   1 plan
   1 placing
   1 places
   1 pinkney
   1 pine
   1 photocomposition
   1 phosphatic
   1 phosph
   1 philp
   1 phenomenon
   1 phenomena
   1 pexlpfteailualheonsuvaribtierodlen
   1 petrologic
   1 personal
   1 person
   1 permit
   1 periods
   1 pergamon
   1 performed
   1 per
   1 pentamerus
   1 pennsylvannia
   1 pennsylvania
   1 penn
   1 pdahitfteratrhunoesrstfema
   1 pbs
   1 paula
   1 paul
   1 patterns
   1 pathways
   1 passing
   1 partoea
   1 particularly
   1 partial
   1 park
   1 parent
   1 paragenetic
   1 paper
   1 panes
   1 paleogeothermics
   1 paleogeothermal
   1 ozo
   1 oxford
   1 oversimplifies
   1 overlies
   1 overlap
   1 overgrowths
   1 overgrowth
   1 outcrop
   1 otherwise
   1 orthogonal
   1 orogenesis
   1 orogeiny
   1 originating
   1 originally
   1 oriented
   1 orientations
   1 organisms
   1 organics
   1 ores
   1 oral
   1 oopr
   1 omft
   1 old
   1 oklahoma
   1 ohosohatic
   1 ogeny
   1 ofl
   1 ofhopane
   1 office
   1 ocr
   1 occurrence
   1 occur
   1 occlude
   1 obtained
   1 observations
   1 oblongus
   1 oanlnewdostzifodesntirsce
   1 oacsrrondnbocvstincodainten
   1 nucleated
   1 nts
   1 nrz
   1 nowlan
   1 notes
   1 note
   1 northerly
   1 nine
   1 nevertheless
   1 neglected
   1 neglect
   1 necked
   1 nearby
   1 naturally
   1 names
   1 name
   1 naeser
   1 nadeau
   1 multidistipunary
   1 mplex
   1 mperatures
   1 moves
   1 move
   1 morton
   1 molecules
   1 molecular
   1 modify
   1 modeling
   1 mixture
   1 mississippian
   1 miss
   1 mirror
   1 millions
   1 migrations
   1 migrating
   1 might
   1 midway
   1 middlefield
   1 mid
   1 microstratigraphy
   1 microns
   1 method
   1 methane
   1 metallurgy
   1 mesozoic
   1 menlo
   1 memorial
   1 meets
   1 meeting
   1 medium
   1 mechanisms
   1 measuring
   1 measures
   1 measuremt
   1 mcculloh
   1 mccracken
   1 mature
   1 matthews
   1 martin
   1 marginofappalachianouachitaorogenic
   1 manuscript
   1 maintaining
   1 macko
   1 lyons
   1 louks
   1 louis
   1 loss
   1 lopatin
   1 locally
   1 localized
   1 localize
   1 local
   1 lllllllllllllllllllll
   1 llllllllllllll
   1 living
   1 lived
   1 liquid
   1 linked
   1 limited
   1 limit
   1 likelihood
   1 library
   1 leythaeuser
   1 levels
   1 length
   1 lee
   1 lecture
   1 leadv
   1 leads
   1 lead
   1 leached
   1 layer
   1 laterally
   1 later
   1 lasting
   1 last
   1 larger
   1 lanier
   1 lake
   1 lafayette
   1 kyser
   1 kupof
   1 kopp
   1 kerr
   1 kelvin
   1 kbwdia
   1 kansas
   1 kankakee
   1 kankake
   1 june
   1 judith
   1 jstone
   1 john
   1 joan
   1 jennie
   1 ized
   1 itic
   1 isve
   1 isotherm
   1 isilurian
   1 isccft
   1 iooo
   1 ion
   1 iod
   1 invoking
   1 investigations
   1 investigated
   1 intrusions
   1 intimately
   1 intersections
   1 intersect
   1 interpreting
   1 interpret
   1 international
   1 instantaneous
   1 instances
   1 insignificantly
   1 insignificant
   1 insight
   1 input
   1 injection
   1 initially
   1 ini
   1 inhomogeneity
   1 influencing
   1 influence
   1 inference
   1 inertia
   1 industry
   1 indicating
   1 indiana
   1 incremental
   1 increasingly
   1 increases
   1 incorporates
   1 inconsistent
   1 including
   1 include
   1 incipient
   1 impossible
   1 imply
   1 implies
   1 immediately
   1 immediate
   1 immaturity
   1 image
   1 ilmenite
   1 illustrate
   1 illlllllllli
   1 illlllllll
   1 illitization
   1 iirea
   1 iiiiiiiiiiiiiiiiiiiiiiiiiiiimm
   1 iiiiiiiiiiiiiiiiiihik
   1 iiiiiii
   1 iiiiih
   1 idwbsissiial
   1 identified
   1 ideas
   1 ideally
   1 icks
   1 hypothesis
   1 huston
   1 huebner
   1 hotter
   1 hosted
   1 hornblende
   1 hopkinton
   1 homohopane
   1 home
   1 holes
   1 hllllllllllllll
   1 highlands
   1 highand
   1 hence
   1 held
   1 head
   1 hbwstdisrehucgfyoitnueshriandl
   1 hausen
   1 hatchured
   1 harrison
   1 harris
   1 hansley
   1 hamp
   1 halving
   1 halo
   1 halliday
   1 halfway
   1 half
   1 haadn
   1 gulf
   1 gseotlotginc
   1 greatly
   1 greatest
   1 grayish
   1 gray
   1 graphics
   1 grain
   1 gradual
   1 gradients
   1 graben
   1 gordon
   1 good
   1 goc
   1 glauconitic
   1 giving
   1 giaiocnst
   1 ghenlan
   1 geosphere
   1 geophysical
   1 geologique
   1 geologic
   1 geographically
   1 geographic
   1 geochronology
   1 genetically
   1 gases
   1 gangue
   1 galenas
   1 gackrnwatowrtloeedgfmeuentls
   1 ftl
   1 franconia
   1 france
   1 frame
   1 fractured
   1 fractionation
   1 fqrest
   1 found
   1 fossiliferous
   1 formatic
   1 follows
   1 focusing
   1 focused
   1 fluctuation
   1 flowing
   1 fll
   1 flat
   1 fits
   1 firm
   1 finite
   1 finer
   1 find
   1 fill
   1 figures
   1 fianrlstnne
   1 fgt
   1 ffi
   1 fetch
   1 ferry
   1 feldspars
   1 feet
   1 federal
   1 february
   1 features
   1 favored
   1 fauna
   1 faulting
   1 fault
   1 fashion
   1 farther
   1 far
   1 extremes
   1 extracts
   1 extracted
   1 extensive
   1 extends
   1 extending
   1 extend
   1 exposure
   1 exposed
   1 explaining
   1 expands
   1 exhibit
   1 exceptionally
   1 except
   1 evolves
   1 eventual
   1 evaporitically
   1 evaporite
   1 evaluated
   1 european
   1 etrnahfbdonpveouscpiagetidrvhte
   1 estimation
   1 established
   1 especially
   1 erroneously
   1 erroneous
   1 equant
   1 epithermal
   1 episodic
   1 episode
   1 epigenetic
   1 entire
   1 entering
   1 ent
   1 enigmatic
   1 engineering
   1 engel
   1 endorsement
   1 ences
   1 emplaced
   1 empirical
   1 embayment
   1 eliminate
   1 elevate
   1 eglinton
   1 effectively
   1 edited
   1 edgewood
   1 edgerton
   1 eau
   1 eaton
   1 eastern
   1 easily
   1 dstone
   1 drove
   1 driving
   1 drive
   1 driftless
   1 dresbach
   1 dramatically
   1 downward
   1 doubling
   1 dominant
   1 domes
   1 dolomitization
   1 dolcater
   1 document
   1 docs
   1 division
   1 divide
   1 distributions
   1 distances
   1 dispersion
   1 discusses
   1 discuss
   1 discrepancy
   1 disconformiiy
   1 disciplines
   1 discharged
   1 discharge
   1 director
   1 directly
   1 directions
   1 dimensions
   1 diggings
   1 differing
   1 diastereomers
   1 diastereomer
   1 diameter
   1 diagrams
   1 deviation
   1 developed
   1 dev
   1 determines
   1 determinations
   1 determination
   1 detect
   1 destruction
   1 despite
   1 desirable
   1 descriptive
   1 depositional
   1 depauperate
   1 department
   1 density
   1 delevaux
   1 defining
   1 decreases
   1 declining
   1 decayed
   1 decade
   1 dean
   1 date
   1 cycle
   1 cuba
   1 csbeifrdablciumanleiyasndtidansnrgy
   1 crosshatching
   1 crosshatched
   1 crossey
   1 crossbedded
   1 cretaceous
   1 creek
   1 creede
   1 crarbonate
   1 cover
   1 coupled
   1 county
   1 correlative
   1 cor
   1 coordinator
   1 cooling
   1 cooler
   1 converted
   1 control
   1 continuous
   1 continuity
   1 continentward
   1 continental
   1 continent
   1 contemporary
   1 contains
   1 contact
   1 construct
   1 constituents
   1 consist
   1 considerable
   1 consider
   1 consequently
   1 consequence
   1 conodonts
   1 congress
   1 conclusion
   1 concluded
   1 conclude
   1 conceptualized
   1 concepts
   1 concentrated
   1 computer
   1 computed
   1 compromise
   1 comprise
   1 compositions
   1 compositional
   1 component
   1 complexity
   1 comparing
   1 comparative
   1 combining
   1 combine
   1 combination
   1 coincidence
   1 cocxx
   1 coast
   1 coal
   1 clpsao
   1 close
   1 clearly
   1 clear
   1 claire
   1 circulating
   1 cip
   1 chien
   1 chemistry
   1 chart
   1 characterized
   1 characteristics
   1 change
   1 champaign
   1 cfl
   1 certain
   1 cemented
   1 cement
   1 ccdl
   1 causes
   1 cathodoluminescence
   1 category
   1 categories
   1 cases
   1 carbonates
   1 capable
   1 canadian
   1 canada
   1 campus
   1 california
   1 calculates
   1 cad
   1 buried
   1 buntebarth
   1 bulk
   1 built
   1 bubble
   1 bruce
   1 brooks
   1 brock
   1 broadly
   1 breccias
   1 brea
   1 bracket
   1 boounwdary
   1 bodies
   1 bmhiabbnfaleuyevsenaictnetd
   1 blue
   1 bjoroy
   1 biylasininoins
   1 bisley
   1 biogenic
   1 biochemical
   1 billion
   1 bibliographical
   1 bfvdwaiarsecloduesahbeoicrlneft
   1 beta
   1 berlin
   1 behre
   1 beds
   1 beck
   1 bec
   1 bearing
   1 bchofoarodmboysavtniecoaidntes
   1 bbtnabuoshorcanthsbeediancsht
   1 basinwide
   1 basinal
   1 basic
   1 bas
   1 bars
   1 barite
   1 band
   1 babbitt
   1 avoided
   1 avg
   1 averages
   1 aureolesolid
   1 aureole
   1 august
   1 attributed
   1 atpemriopoexsrianumtlarftesldy
   1 asterisk
   1 assessment
   1 aspect
   1 arrows
   1 arrhenius
   1 aromatic
   1 arches
   1 aqueous
   1 approximating
   1 approved
   1 applies
   1 appears
   1 apparent
   1 appalachian
   1 another
   1 analyses
   1 analogous
   1 amrpvepidasriesnlrtesrniedptcyti
   1 amounts
   1 amf
   1 altaner
   1 alpha
   1 allow
   1 alleghenian
   1 alle
   1 alkalic
   1 albrecht
   1 albany
   1 akhj
   1 aim
   1 agnew
   1 affecting
   1 afd
   1 advecting
   1 adequately
   1 addressed
   1 addition
   1 adding
   1 aconctewmtipnioervainelitozuhsaytic
   1 achieves
   1 accordingly
   1 accepted
   1 acadian
   1 academic
   1 acad
   1 abundant
   1 absolute
   1 absent
   1 able
