 133 geochemical
  93 data
  91 map
  87 geologic
  86 spatial
  83 information
  81 deposits
  75 quadrangle
  69 tonopah
  68 gis
  67 analysis
  53 basins
  52 areas
  42 nevada
  42 maps
  42 geology
  42 drainage
  42 basin
  41 samples
  40 many
  38 rocks
  36 values
  36 nash
  36 models
  36 methods
  34 deposit
  32 sample
  32 mineral
  31 geological
  30 used
  30 survey
  30 model
  29 regional
  29 datasets
  28 sites
  28 rock
  28 percent
  28 interpolation
  27 skarn
  27 results
  27 global
  27 database
  27 area
  26 types
  25 units
  25 method
  24 study
  24 element
  24 analytical
  23 scale
  23 resource
  23 epithermal
  23 assessment
  23 anomalous
  23 although
  23 alteration
  22 using
  22 geochemistry
  22 could
  22 concentrations
  20 known
  20 anomalies
  19 useful
  19 studies
  19 others
  18 surface
  18 sampled
  18 major
  18 available
  17 siems
  17 showing
  17 sedimentary
  17 processing
  17 may
  17 mapping
  17 digital
  17 anomaly
  16 use
  16 type
  16 shown
  16 requirements
  16 feature
  16 criteria
  16 based
  15 sediments
  15 research
  15 ore
  15 interpolated
  15 defined
  15 application
  14 volcanic
  14 techniques
  14 table
  14 system
  14 structural
  14 stream
  14 specific
  14 report
  14 project
  14 important
  14 faults
  14 example
  14 chiefly
  14 appropriate
  13 would
  13 within
  13 time
  13 spatially
  13 possible
  13 large
  13 figure
  13 features
  13 digitized
  13 different
  13 considered
  13 background
  12 vector
  12 tertiary
  12 systems
  12 several
  12 permissive
  12 one
  12 geographic
  12 generalized
  12 examples
  12 elements
  12 distribution
  12 described
  12 dataset
  12 computed
  12 color
  12 basis
  12 analyses
  12 also
  11 thresholds
  11 sensing
  11 remote
  11 raster
  11 quaternary
  11 prospects
  11 output
  11 made
  11 generally
  11 fig
  11 digitizing
  11 descriptive
  10 well
  10 unique
  10 signature
  10 required
  10 require
  10 publication
  10 process
  10 present
  10 plutonic
  10 much
  10 mines
  10 john
  10 intrusive
  10 individual
  10 identified
  10 generation
  10 field
  10 extent
  10 encoding
  10 define
  10 computer
  10 capabilities
  10 bulletin
  10 backgrounds
  10 attributes
  10 areal
  10 according
   9 yes
   9 thematic
   9 tabular
   9 suite
   9 statistical
   9 representation
   9 range
   9 problem
   9 plutons
   9 parts
   9 observed
   9 multiple
   9 manual
   9 high
   9 geophysical
   9 effective
   9 easily
   9 dwyer
   9 cox
   9 characteristics
   8 tungsten
   8 software
   8 small
   8 single
   8 singer
   8 signatures
   8 requires
   8 rather
   8 ppm
   8 point
   8 plate
   8 part
   8 mountain
   8 mean
   8 interpretation
   8 gold
   8 future
   8 final
   8 display
   8 county
   8 assigned
   8 among
   8 age
   8 adjusted
   7 two
   7 trends
   7 three
   7 surveys
   7 surfaces
   7 source
   7 site
   7 search
   7 resources
   7 reliable
   7 relationships
   7 recognition
   7 ranges
   7 projects
   7 products
   7 previously
   7 presence
   7 per
   7 number
   7 new
   7 mrds
   7 mineralogy
   7 manipulation
   7 low
   7 lithology
   7 line
   7 kleinhampl
   7 intrusions
   7 identify
   7 hill
   7 files
   7 favorable
   7 exploration
   7 editing
   7 developed
   7 cusmap
   7 computing
   7 composite
   7 chemical
   7 budge
   7 amounts
   7 across
   6 yet
   6 value
   6 unit
   6 structure
   6 streamsediment
   6 shows
   6 setting
   6 represented
   6 representative
   6 represent
   6 relational
   6 related
   6 references
   6 qualified
   6 probably
   6 prior
   6 polygon
   6 points
   6 pilot
   6 permitted
   6 permit
   6 normalized
   6 nonmagnetic
   6 near
   6 must
   6 mineralized
   6 million
   6 might
   6 metals
   6 meet
   6 mapper
   6 lower
   6 local
   6 level
   6 landsat
   6 kilometers
   6 investigation
   6 introduction
   6 included
   6 highly
   6 found
   6 format
   6 exposed
   6 even
   6 einaudi
   6 efficient
   6 dominant
   6 discussed
   6 diagram
   6 determine
   6 detailed
   6 coverage
   6 concentrates
   6 base
   6 automated
   6 arsenic
   6 applied
   5 ziony
   5 variable
   5 utilized
   5 total
   5 thomas
   5 tend
   5 technology
   5 subsystem
   5 structures
   5 stratigraphic
   5 spaced
   5 similar
   5 selected
   5 scheme
   5 sampling
   5 rules
   5 referenced
   5 ranked
   5 purposes
   5 proximity
   5 provide
   5 program
   5 processed
   5 problems
   5 polygons
   5 plotters
   5 particular
   5 original
   5 nye
   5 mountains
   5 location
   5 lithologies
   5 linked
   5 less
   5 interpretations
   5 include
   5 however
   5 hardware
   5 guide
   5 gridded
   5 greater
   5 geologists
   5 generate
   5 film
   5 factors
   5 extensive
   5 errors
   5 environment
   5 encoded
   5 efforts
   5 edc
   5 economic
   5 divide
   5 diagnostic
   5 development
   5 design
   5 derived
   5 definition
   5 criterion
   5 contain
   5 contacts
   5 contact
   5 constrained
   5 confidence
   5 concentration
   5 commonly
   5 collected
   5 cartographic
   5 broad
   5 beyond
   5 best
   5 berger
   5 benefit
   5 bedrock
   5 associated
   5 another
   5 along
   5 accommodate
   5 abundant
   4 zones
   4 whereas
   4 various
   4 unsampled
   4 uniform
   4 technical
   4 substantial
   4 subset
   4 stewart
   4 simple
   4 significant
   4 sensed
   4 schematic
   4 round
   4 resident
   4 remotely
   4 relations
   4 reflect
   4 recorders
   4 reboh
   4 rarely
   4 quantitative
   4 quantification
   4 provided
   4 processes
   4 printing
   4 preprocessing
   4 pertains
   4 paleozoic
   4 outside
   4 occurrences
   4 occurrence
   4 obtained
   4 obtainable
   4 northern
   4 normal
   4 molybdenum
   4 mesozoic
   4 means
   4 magnetic
   4 lines
   4 limited
   4 limitations
   4 limestone
   4 levels
   4 layers
   4 lack
   4 involves
   4 intermontaine
   4 interactive
   4 institute
   4 inquiries
   4 indirect
   4 ill
   4 host
   4 gravity
   4 graphics
   4 graphic
   4 given
   4 geoscientists
   4 geometric
   4 geographically
   4 generated
   4 general
   4 fraction
   4 fill
   4 file
   4 explanation
   4 exclusively
   4 evaluation
   4 especially
   4 environments
   4 environmental
   4 entire
   4 encountered
   4 empirical
   4 elevation
   4 effort
   4 drainages
   4 done
   4 district
   4 distinct
   4 displayed
   4 discussion
   4 devices
   4 denver
   4 cover
   4 corresponding
   4 coregistered
   4 controls
   4 contrast
   4 contents
   4 complex
   4 comparison
   4 combined
   4 characterize
   4 center
   4 carbonate
   4 bureau
   4 buffer
   4 bit
   4 attribute
   4 assumptions
   4 associations
   4 association
   4 applications
   4 antimony
   4 alluvium
   3 zone
   3 zinc
   3 ways
   3 visual
   3 vegetation
   3 valleys
   3 utility
   3 upstream
   3 underlying
   3 underlain
   3 typically
   3 trautwein
   3 topographic
   3 topical
   3 tooker
   3 toiyabe
   3 thus
   3 thrust
   3 threshold
   3 test
   3 tectonic
   3 technique
   3 team
   3 tasks
   3 symposium
   3 suited
   3 sufficient
   3 subsystems
   3 storage
   3 standards
   3 silver
   3 show
   3 set
   3 sense
   3 sediment
   3 score
   3 result
   3 respective
   3 respect
   3 remain
   3 relative
   3 relating
   3 region
   3 refinement
   3 refine
   3 readily
   3 rapidly
   3 rank
   3 radtke
   3 properly
   3 product
   3 procedure
   3 presented
   3 precise
   3 precious
   3 pertinent
   3 permits
   3 perhaps
   3 patterns
   3 particularly
   3 overlay
   3 outlined
   3 outline
   3 optimum
   3 occur
   3 obviously
   3 objectives
   3 northumberland
   3 need
   3 necessary
   3 movement
   3 modeling
   3 miscellaneous
   3 mining
   3 minerals
   3 methodology
   3 metamorphic
   3 media
   3 maximum
   3 management
   3 locational
   3 locality
   3 limits
   3 limit
   3 learned
   3 jenson
   3 isotopes
   3 involve
   3 investigated
   3 international
   3 interest
   3 intelligence
   3 integration
   3 integrated
   3 inspection
   3 initial
   3 inclusions
   3 including
   3 impure
   3 imposed
   3 image
   3 group
   3 granitic
   3 government
   3 geologically
   3 geochemists
   3 genetic
   3 fundamental
   3 form
   3 fluid
   3 flexibility
   3 fault
   3 fairfield
   3 factor
   3 fact
   3 facilitate
   3 extension
   3 extend
   3 experiment
   3 except
   3 evaluated
   3 estimates
   3 estimate
   3 established
   3 esri
   3 esmeralda
   3 eros
   3 elsewhere
   3 eliminated
   3 ekstrand
   3 eimon
   3 effectiveness
   3 edited
   3 earlier
   3 districts
   3 displays
   3 direction
   3 determined
   3 detection
   3 detail
   3 depicted
   3 density
   3 davis
   3 databases
   3 costly
   3 conventional
   3 contained
   3 consistent
   3 consider
   3 conceptual
   3 concentrate
   3 compute
   3 compositions
   3 complete
   3 compensate
   3 comparing
   3 coded
   3 closely
   3 classification
   3 cited
   3 choice
   3 chemistry
   3 characterized
   3 cedar
   3 case
   3 carlin
   3 capable
   3 basic
   3 bailey
   3 artificial
   3 arrays
   3 array
   3 approach
   3 analyst
   3 amount
   3 alone
   3 albers
   3 aids
   3 agree
   3 additional
   3 addition
   3 accurate
   3 accuracy
   2 zoning
   2 xtv
   2 xpt
   2 written
   2 workstation
   2 without
   2 widespread
   2 wider
   2 whitebread
   2 whether
   2 way
   2 wallrock
   2 volume
   2 volcanics
   2 volcaniclastic
   2 volatile
   2 via
   2 variety
   2 varies
   2 variables
   2 valley
   2 validity
   2 valid
   2 user
   2 upper
   2 upon
   2 united
   2 uniformly
   2 unidentified
   2 unconstrained
   2 trip
   2 triassic
   2 transformed
   2 transfer
   2 trace
   2 thrusts
   2 throughout
   2 third
   2 thereby
   2 terranes
   2 terrane
   2 terms
   2 systematic
   2 suzanne
   2 summed
   2 summary
   2 suggestions
   2 suggest
   2 subsets
   2 subsequent
   2 submodel
   2 structured
   2 stratigraphy
   2 step
   2 statistics
   2 states
   2 stable
   2 sri
   2 spectral
   2 specify
   2 specialized
   2 special
   2 sources
   2 slightly
   2 slides
   2 skarns
   2 simplified
   2 similarly
   2 significantly
   2 significance
   2 shallow
   2 series
   2 separates
   2 selective
   2 segments
   2 see
   2 section
   2 secondary
   2 second
   2 scanning
   2 scanner
   2 scales
   2 san
   2 rule
   2 rooo
   2 revised
   2 retrieved
   2 retrieval
   2 resultant
   2 resolve
   2 requirement
   2 representing
   2 reports
   2 reported
   2 replaced
   2 repeatedly
   2 reliability
   2 relate
   2 regular
   2 regardless
   2 regard
   2 refinements
   2 records
   2 recalculated
   2 reasons
   2 realistic
   2 rasterized
   2 questionable
   2 quartz
   2 purdy
   2 publishers
   2 publications
   2 province
   2 prospect
   2 proportion
   2 procedures
   2 precambrian
   2 potentially
   2 potential
   2 possibly
   2 portrayal
   2 pluton
   2 plot
   2 plates
   2 planning
   2 physiographic
   2 photographic
   2 parameters
   2 overlays
   2 outlines
   2 orris
   2 ores
   2 order
   2 oral
   2 options
   2 opportunities
   2 office
   2 offered
   2 observations
   2 objective
   2 numlnks
   2 ntv
   2 notably
   2 north
   2 normally
   2 normalizing
   2 nominal
   2 network
   2 name
   2 multispectral
   2 multielement
   2 multidisciplinary
   2 multichannel
   2 mss
   2 monzonite
   2 monochrome
   2 modified
   2 minimum
   2 minimizes
   2 minimal
   2 mineralization
   2 mined
   2 michigan
   2 metal
   2 merged
   2 mercury
   2 meeting
   2 medium
   2 margin
   2 march
   2 mapped
   2 manipulate
   2 make
   2 mainly
   2 longitude
   2 lone
   2 logistics
   2 localities
   2 lithofacies
   2 list
   2 linkage
   2 limonitic
   2 limonite
   2 limitation
   2 likewise
   2 likely
   2 library
   2 lessons
   2 lead
   2 latitude
   2 later
   2 late
   2 larger
   2 label
   2 kral
   2 knowledgeable
   2 key
   2 keays
   2 jasperoid
   2 iron
   2 investigations
   2 interior
   2 interim
   2 interference
   2 interfaces
   2 interface
   2 insufficient
   2 inquiry
   2 input
   2 inherent
   2 influence
   2 inferred
   2 indicates
   2 indicated
   2 indeed
   2 inconsistent
   2 incomplete
   2 inclusively
   2 imagery
   2 illustration
   2 identifier
   2 human
   2 hierarchical
   2 handling
   2 ground
   2 gridding
   2 granodiorite
   2 grabber
   2 goodfellow
   2 goldfarb
   2 goals
   2 geophysics
   2 garside
   2 functions
   2 francisco
   2 fourth
   2 following
   2 folds
   2 focus
   2 flows
   2 figures
   2 fewer
   2 facilities
   2 facies
   2 extensively
   2 explicitly
   2 experimental
   2 experience
   2 expedites
   2 expedite
   2 expedient
   2 existence
   2 excellent
   2 exceed
   2 ewers
   2 evident
   2 evidence
   2 error
   2 equal
   2 ensure
   2 enriched
   2 enhance
   2 encode
   2 efficiently
   2 effect
   2 economically
   2 eastern
   2 dynamic
   2 dot
   2 domain
   2 document
   2 distributed
   2 discrepancies
   2 digitize
   2 digitally
   2 difficulty
   2 differences
   2 diagrams
   2 device
   2 detennination
   2 detected
   2 detectable
   2 details
   2 desired
   2 desirable
   2 descriptions
   2 derivative
   2 defining
   2 deficiencies
   2 current
   2 crop
   2 cretaceous
   2 creation
   2 cost
   2 correlations
   2 copper
   2 coordinates
   2 converted
   2 contributing
   2 contribute
   2 contouring
   2 consisting
   2 consideration
   2 conference
   2 concepts
   2 computationally
   2 computational
   2 computation
   2 comprehensive
   2 compositional
   2 composition
   2 compiled
   2 compilation
   2 compatibility
   2 comparable
   2 common
   2 collection
   2 coding
   2 code
   2 clearly
   2 classifications
   2 class
   2 circular
   2 character
   2 certain
   2 central
   2 categories
   2 categorical
   2 cases
   2 carry
   2 careful
   2 carbonates
   2 capability
   2 calderas
   2 briggs
   2 boundary
   2 bonham
   2 basalt
   2 aureole
   2 attributed
   2 associate
   2 argillic
   2 apply
   2 applies
   2 analogous
   2 american
   2 amenable
   2 alunite
   2 altered
   2 allows
   2 allowed
   2 allow
   2 algorithm
   2 aggregated
   2 advantages
   2 advantageous
   2 advanced
   2 adjustment
   2 adjust
   2 adjacent
   2 addressed
   2 added
   2 acquired
   2 accomplished
   2 access
   2 abundances
   2 abstract
   2 ability
   1 zuker
   1 zero
   1 zealand
   1 yukon
   1 york
   1 yield
   1 xai
   1 wsb
   1 world
   1 workstations
   1 working
   1 worked
   1 work
   1 wishes
   1 wiley
   1 width
   1 widely
   1 wide
   1 whereby
   1 western
   1 west
   1 weakly
   1 washington
   1 warm
   1 volcanicassociated
   1 visually
   1 visualization
   1 view
   1 victory
   1 versions
   1 vein
   1 variation
   1 variant
   1 variance
   1 variability
   1 valuable
   1 usually
   1 usgs
   1 users
   1 upward
   1 uplifted
   1 upland
   1 updating
   1 unusual
   1 untenable
   1 unsuspected
   1 unreliable
   1 unreasonable
   1 unmapped
   1 unknown
   1 university
   1 universal
   1 union
   1 unexpected
   1 undiscovered
   1 undertaken
   1 understanding
   1 unconventional
   1 unconsolidated
   1 uncertain
   1 typical
   1 tum
   1 tuffs
   1 tslos
   1 truncated
   1 trending
   1 trend
   1 treatment
   1 treat
   1 trates
   1 transverse
   1 transparencies
   1 translated
   1 transferred
   1 transfered
   1 traditional
   1 trade
   1 traces
   1 toquima
   1 topology
   1 topological
   1 topologic
   1 tools
   1 tonalite
   1 title
   1 timing
   1 thousand
   1 though
   1 thoroughly
   1 therefore
   1 textual
   1 text
   1 territories
   1 terre
   1 terminology
   1 terminals
   1 tens
   1 tends
   1 tendency
   1 ten
   1 technicians
   1 technician
   1 targets
   1 tape
   1 take
   1 tables
   1 systeme
   1 systematically
   1 synopsis
   1 symbols
   1 suspect
   1 supporting
   1 support
   1 supplied
   1 supplemental
   1 supplement
   1 superposition
   1 supergene
   1 summaries
   1 sum
   1 sulfide
   1 suites
   1 suffers
   1 successes
   1 success
   1 subtle
   1 subsequently
   1 submodels
   1 subjective
   1 subgroups
   1 subgroup
   1 subdivisions
   1 subdivided
   1 studied
   1 structurally
   1 strong
   1 strict
   1 streamflow
   1 stratified
   1 strategy
   1 straightforward
   1 storing
   1 stored
   1 still
   1 steps
   1 stations
   1 stated
   1 starts
   1 started
   1 standard
   1 stages
   1 square
   1 spot
   1 spectrometry
   1 spectrographic
   1 speckman
   1 specifications
   1 southeastern
   1 southcentral
   1 sophistication
   1 somewhat
   1 solutions
   1 soils
   1 soil
   1 smoothed
   1 smaller
   1 slower
   1 slow
   1 skinner
   1 skilled
   1 sizes
   1 size
   1 six
   1 simplicity
   1 silurian
   1 side
   1 showed
   1 short
   1 sheets
   1 sheet
   1 sharp
   1 share
   1 shanks
   1 shaley
   1 shale
   1 serve
   1 sequential
   1 separately
   1 separated
   1 sensor
   1 sensitive
   1 semiautomated
   1 selwyn
   1 selections
   1 selection
   1 seemed
   1 seem
   1 sections
   1 secretary
   1 screen
   1 scores
   1 scope
   1 scientifically
   1 scientific
   1 sciences
   1 scattered
   1 saving
   1 satellite
   1 sale
   1 sachs
   1 rye
   1 ruled
   1 rows
   1 routines
   1 routinely
   1 routine
   1 roughly
   1 risk
   1 rigorous
   1 rich
   1 reviewed
   1 review
   1 revealed
   1 retrieving
   1 retrieve
   1 retrievals
   1 restrictions
   1 response
   1 resolution
   1 resembles
   1 requiring
   1 requested
   1 reproducibly
   1 represents
   1 representations
   1 repository
   1 rene
   1 remapped
   1 remains
   1 rely
   1 reluctance
   1 reliably
   1 relevant
   1 relatively
   1 relationship
   1 relates
   1 regression
   1 registration
   1 reformatted
   1 reformat
   1 reflected
   1 refining
   1 refined
   1 referred
   1 reference
   1 redundant
   1 reduced
   1 redrafting
   1 redlands
   1 red
   1 recommended
   1 recognizing
   1 recall
   1 reasoning
   1 reasonably
   1 reasonable
   1 realize
   1 reaction
   1 rare
   1 rapid
   1 ranking
   1 raising
   1 rafted
   1 radiometric
   1 quickly
   1 queries
   1 quantified
   1 quality
   1 qualitative
   1 qualify
   1 quadrangles
   1 qat
   1 pyroxene
   1 purpose
   1 publishing
   1 published
   1 provides
   1 prospector
   1 prospected
   1 proportional
   1 projection
   1 programs
   1 produced
   1 produce
   1 proceeds
   1 proceeded
   1 probatoire
   1 prints
   1 principal
   1 primary
   1 previous
   1 preventing
   1 prevalent
   1 presumed
   1 presentation
   1 prepared
   1 prepare
   1 preparation
   1 preliminary
   1 predetermined
   1 predefined
   1 preconceptions
   1 precluded
   1 preclude
   1 precision
   1 pratt
   1 practice
   1 postorogenic
   1 poses
   1 posed
   1 portraying
   1 portray
   1 portions
   1 podwysocki
   1 pocket
   1 plutonism
   1 planes
   1 places
   1 placer
   1 pitfalls
   1 pis
   1 phenomena
   1 petrologic
   1 petroleum
   1 petrogenetic
   1 personal
   1 permanent
   1 perimeter
   1 performed
   1 percentile
   1 percentage
   1 peck
   1 pearson
   1 peak
   1 pdygon
   1 patterned
   1 past
   1 participate
   1 partially
   1 partial
   1 park
   1 parison
   1 paper
   1 oxides
   1 overlaying
   1 overlap
   1 overcome
   1 outset
   1 outlining
   1 outflow
   1 outcrop
   1 orogenies
   1 oriented
   1 ordinal
   1 opportunity
   1 operator
   1 operational
   1 opens
   1 openfile
   1 older
   1 ofthe
   1 often
   1 occurs
   1 occurred
   1 occasionally
   1 obtaining
   1 obtain
   1 obstacles
   1 observer
   1 observation
   1 observable
   1 oass
   1 numerous
   1 numbers
   1 nullify
   1 npt
   1 november
   1 notion
   1 note
   1 northwestern
   1 northwest
   1 normalization
   1 nonreproducible
   1 nonmetallic
   1 nonideal
   1 none
   1 next
   1 newly
   1 newberry
   1 needs
   1 necessarily
   1 natural
   1 national
   1 narrower
   1 names
   1 mud
   1 moving
   1 monitors
   1 monitor
   1 moll
   1 mixing
   1 misrepresentation
   1 misleading
   1 misidentified
   1 miogeocline
   1 miogeoclinal
   1 minutes
   1 minor
   1 minimize
   1 minicomputers
   1 minicomputer
   1 miners
   1 mineralogic
   1 mineralizing
   1 mine
   1 miles
   1 meter
   1 metasomatically
   1 metasomatic
   1 metallurgical
   1 merits
   1 merging
   1 merge
   1 mercator
   1 menlo
   1 meinert
   1 megabytes
   1 megabreccia
   1 meetings
   1 mechanisms
   1 measurements
   1 measure
   1 measurable
   1 meaningful
   1 maximizes
   1 matrices
   1 matching
   1 masks
   1 masking
   1 mask
   1 margins
   1 marchitti
   1 manuscript
   1 manufacturing
   1 manuel
   1 manually
   1 manner
   1 manipulations
   1 manipulated
   1 manage
   1 majprod
   1 maintain
   1 magnitude
   1 magnetometry
   1 magnetite
   1 magnetics
   1 magnesite
   1 machine
   1 luning
   1 lujan
   1 lowering
   1 loth
   1 long
   1 lognormalized
   1 lognormalization
   1 logical
   1 lode
   1 locations
   1 located
   1 lnkl
   1 little
   1 lithologically
   1 lithologic
   1 links
   1 linework
   1 linear
   1 left
   1 least
   1 leach
   1 layer
   1 latter
   1 latest
   1 laser
   1 largely
   1 lake
   1 lacking
   1 lacked
   1 labor
   1 labeled
   1 kriging
   1 klondike
   1 kilobytes
   1 keith
   1 juxtaposition
   1 juxtaposed
   1 judgment
   1 judged
   1 judge
   1 journal
   1 johnson
   1 jensen
   1 iteratively
   1 iterative
   1 issue
   1 isotopic
   1 isotope
   1 irregularly
   1 involving
   1 involved
   1 investment
   1 investigators
   1 invalidate
   1 intuitive
   1 intrusion
   1 introduced
   1 intervention
   1 intervening
   1 intervals
   1 interpreted
   1 interpolating
   1 interpolate
   1 interaction
   1 intensive
   1 integrity
   1 instances
   1 insights
   1 inside
   1 inputs
   1 inherently
   1 inference
   1 inevitable
   1 inefficient
   1 individually
   1 indicator
   1 indications
   1 indication
   1 indexed
   1 independent
   1 incorporation
   1 incorporated
   1 incorporate
   1 inconsistencies
   1 inconclusive
   1 inclusion
   1 includes
   1 inappropriate
   1 improved
   1 imported
   1 importance
   1 imply
   1 implied
   1 implications
   1 implementation
   1 implement
   1 images
   1 illustrations
   1 illustrated
   1 iges
   1 identifiers
   1 identification
   1 ideally
   1 ideal
   1 hypotheses
   1 hydrothermal
   1 hydrologic
   1 hot
   1 hoped
   1 homogenized
   1 historically
   1 highs
   1 higher
   1 heterogeneous
   1 helsinki
   1 heavymineral
   1 hardcopy
   1 handle
   1 gunmetal
   1 grossly
   1 green
   1 greatly
   1 greatest
   1 graph
   1 grades
   1 grab
   1 good
   1 gives
   1 gilbert
   1 geothermal
   1 geophysicists
   1 geologist
   1 geochemically
   1 generic
   1 generalization
   1 gedq
   1 gathered
   1 garnet
   1 gabbs
   1 funds
   1 funding
   1 functional
   1 full
   1 fronts
   1 free
   1 fracturing
   1 fractional
   1 fortran
   1 forth
   1 formulation
   1 former
   1 formats
   1 formation
   1 foremost
   1 folio
   1 fluidinclusion
   1 flow
   1 first
   1 firm
   1 finland
   1 fields
   1 fftnnoo
   1 fewest
   1 felsic
   1 fell
   1 feel
   1 federal
   1 familiar
   1 falling
   1 fair
   1 facility
   1 extremely
   1 extrapolation
   1 extraction
   1 extract
   1 extensions
   1 extensional
   1 extends
   1 extended
   1 expression
   1 expressed
   1 exposure
   1 explicit
   1 explained
   1 experts
   1 expertise
   1 expensive
   1 expedited
   1 expected
   1 expand
   1 exotic
   1 existed
   1 executed
   1 excluding
   1 excluded
   1 evaluating
   1 eugeoclinal
   1 estimated
   1 establish
   1 essentially
   1 era
   1 equivalent
   1 equidimensional
   1 entries
   1 entirely
   1 enhancing
   1 enhancement
   1 enhanced
   1 engineers
   1 engineering
   1 endoskarn
   1 endorsement
   1 end
   1 encounter
   1 emphasized
   1 emphasize
   1 emission
   1 elliot
   1 eliminates
   1 elemental
   1 electrical
   1 efficiency
   1 effectively
   1 editors
   1 edit
   1 easy
   1 east
   1 earth
   1 early
   1 duplicate
   1 due
   1 dsh
   1 downthrown
   1 downstream
   1 door
   1 dominantly
   1 domains
   1 documented
   1 divided
   1 diverse
   1 distinctive
   1 distinctions
   1 disseminated
   1 disregarded
   1 displaced
   1 discuss
   1 discrete
   1 discovered
   1 discontinuities
   1 disciplines
   1 discernible
   1 discarded
   1 director
   1 directly
   1 direct
   1 dip
   1 dilemma
   1 dikes
   1 difficulties
   1 difference
   1 differ
   1 dictates
   1 dictated
   1 dickson
   1 diatomite
   1 devised
   1 develop
   1 detennined
   1 detachment
   1 despite
   1 desktop
   1 designed
   1 description
   1 derive
   1 derivation
   1 depth
   1 depressions
   1 depression
   1 deposition
   1 depending
   1 department
   1 deparryp
   1 densities
   1 denote
   1 demonstrated
   1 demonstrably
   1 delineation
   1 delineated
   1 definitions
   1 deemed
   1 decade
   1 debatable
   1 deal
   1 deadlines
   1 david
   1 dates
   1 dark
   1 dallas
   1 curvature
   1 crucial
   1 creek
   1 created
   1 create
   1 craton
   1 covered
   1 counties
   1 correspond
   1 correlation
   1 corrections
   1 cordillera
   1 coordination
   1 cooperative
   1 control
   1 contributed
   1 contoured
   1 contour
   1 continental
   1 conterminous
   1 content
   1 consuming
   1 constructs
   1 constraints
   1 constrain
   1 constitute
   1 constituent
   1 consisted
   1 consist
   1 considerations
   1 conservative
   1 consequently
   1 consequent
   1 connotation
   1 connected
   1 congress
   1 confusing
   1 conform
   1 confirm
   1 conductors
   1 conclusively
   1 concluded
   1 conclude
   1 concerned
   1 concealed
   1 computers
   1 computeraided
   1 compromise
   1 comprises
   1 comprised
   1 comprise
   1 compounded
   1 compositionally
   1 composed
   1 compose
   1 components
   1 completely
   1 compiler
   1 compensates
   1 compatible
   1 compared
   1 compare
   1 companion
   1 commodities
   1 commitment
   1 commensurate
   1 combining
   1 combinations
   1 combination
   1 columns
   1 coincided
   1 codes
   1 clusters
   1 cloud
   1 close
   1 clear
   1 clays
   1 classifying
   1 classified
   1 clarify
   1 circumvented
   1 cip
   1 chtefly
   1 chosen
   1 chose
   1 choices
   1 chemists
   1 checked
   1 characteristically
   1 changing
   1 changes
   1 changed
   1 change
   1 challenge
   1 cenozoic
   1 cells
   1 cartography
   1 cartographers
   1 carlson
   1 carefully
   1 carbonaceous
   1 carbide
   1 capture
   1 capacity
   1 cancel
   1 canadian
   1 canada
   1 cameron
   1 called
   1 caldera
   1 calcareous
   1 bulk
   1 build
   1 broadlands
   1 breccia
   1 breakthroughs
   1 breaks
   1 box
   1 books
   1 blue
   1 blocks
   1 bleaching
   1 bismuth
   1 binary
   1 bigger
   1 big
   1 bibliographical
   1 biasing
   1 belt
   1 belmont
   1 become
   1 bearing
   1 batch
   1 basmp
   1 baslntv
   1 basinpt
   1 baseline
   1 barite
   1 baltimore
   1 axial
   1 avoid
   1 averages
   1 average
   1 automating
   1 automatic
   1 atv
   1 attention
   1 attempted
   1 attempt
   1 attached
   1 atomic
   1 assumed
   1 assignment
   1 assign
   1 asset
   1 assessments
   1 assembled
   1 assemblages
   1 ashflows
   1 around
   1 arithmetic
   1 areally
   1 archived
   1 arc
   1 approximation
   1 approximately
   1 approximate
   1 approved
   1 appropriately
   1 applicable
   1 append
   1 appearance
   1 apparent
   1 apophyses
   1 apart
   1 anticline
   1 annotation
   1 anniversary
   1 analyzing
   1 analyzed
   1 analytically
   1 amphibole
   1 ambiguities
   1 already
   1 alluviated
   1 algorithms
   1 airborne
   1 aides
   1 aided
   1 aid
   1 agrees
   1 agreement
   1 aggregation
   1 ages
   1 afforded
   1 affect
   1 aeroradiometrics
   1 aeromagnetics
   1 advantage
   1 advances
   1 adularia
   1 adjustments
   1 additively
   1 adapted
   1 adams
   1 acquisition
   1 acknowledged
   1 achieved
   1 accurately
   1 accreted
   1 accounts
   1 accounted
   1 accomodated
   1 accommodated
   1 absorption
   1 absolute
   1 absence
   1 abs
   1 able
   1 aberrations
