 108 carbonate
  78 basin
  77 lake
  66 values
  53 creek
  52 uinta
  51 primary
  49 green
  49 formation
  48 river
  46 piceance
  46 diagenetic
  45 water
  44 oil
  43 facies
  42 carbon
  37 geological
  36 carbonates
  36 calcite
  34 waters
  33 survey
  32 dolomite
  27 trends
  27 organic
  27 maps
  26 well
  25 utah
  25 minerals
  25 hydrologic
  25 colorado
  24 isotope
  23 shale
  23 oxygen
  23 compositions
  22 positive
  22 nahcolite
  22 isotopic
  22 closed
  20 yield
  20 trend
  20 may
  20 matter
  20 high
  19 publications
  18 time
  18 negative
  18 fig
  18 evaporite
  17 open
  17 increased
  15 shales
  15 precipitation
  15 origin
  15 lakes
  15 lacustrine
  15 data
  15 basins
  14 zone
  14 ratios
  14 lithofacies
  14 composition
  13 usgs
  13 reservoir
  13 record
  13 per
  13 evaporation
  13 eocene
  12 show
  12 see
  12 sediments
  12 relative
  12 mineralogy
  12 isotopes
  12 investigations
  12 generally
  12 figure
  12 figs
  12 excursions
  12 bicarbonate
  12 also
  11 wash
  11 versus
  11 reported
  11 reflect
  11 processes
  11 geology
  11 deposition
  11 coyote
  11 changes
  11 center
  11 bosumtwi
  10 study
  10 stable
  10 source
  10 saline
  10 results
  10 reports
  10 range
  10 information
  10 inflow
  10 form
  10 effects
  10 counter
  10 available
   9 two
   9 state
   9 mail
   9 geologic
   9 geochemistry
   9 geochemical
   9 depositional
   9 burial
   8 usbm
   8 ton
   8 suggests
   8 studies
   8 short
   8 samples
   8 rocks
   8 rates
   8 pdb
   8 papers
   8 methanogenesis
   8 member
   8 large
   8 indicate
   8 explanation
   8 evolution
   8 dolomites
   8 calcites
   8 bacterial
   7 various
   7 talbot
   7 slight
   7 series
   7 salinity
   7 related
   7 ratio
   7 professional
   7 precipitates
   7 phases
   7 periods
   7 paperback
   7 major
   7 isotopically
   7 interest
   7 include
   7 heavier
   7 geochimica
   7 gallons
   7 evolved
   7 enriched
   7 denver
   7 degree
   7 curves
   7 cosmochimica
   7 correlation
   7 closure
   7 catalogs
   7 basis
   7 argillaceous
   7 areas
   7 acta
   6 wells
   6 temporal
   6 table
   6 society
   6 showing
   6 richness
   6 residence
   6 represent
   6 regime
   6 purchased
   6 productivity
   6 precipitated
   6 pore
   6 mil
   6 lower
   6 low
   6 lines
   6 less
   6 hydrologically
   6 greater
   6 generalized
   6 fractionation
   6 extreme
   6 eugster
   6 distribution
   6 bulletin
   6 bases
   5 zones
   5 would
   5 within
   5 wide
   5 using
   5 tuttle
   5 topographic
   5 thus
   5 stratified
   5 states
   5 solid
   5 slightly
   5 siderite
   5 shown
   5 shifted
   5 sedimentary
   5 scales
   5 resulted
   5 relationship
   5 promoted
   5 predominantly
   5 planimetric
   5 photosynthesis
   5 peak
   5 part
   5 parachute
   5 overlying
   5 others
   5 ola
   5 modified
   5 model
   5 mines
   5 made
   5 listed
   5 list
   5 light
   5 later
   5 kelts
   5 interpreted
   5 government
   5 formed
   5 federal
   5 fairbanks
   5 environments
   5 enrichment
   5 early
   5 dissolved
   5 deposited
   5 dean
   5 correspond
   5 conditions
   5 caused
   5 bureau
   5 box
   5 books
   5 availability
   5 atmospheric
   5 anoxic
   5 anders
   5 analysis
   4 weber
   4 type
   4 top
   4 tend
   4 system
   4 superintendent
   4 sulfate
   4 stratigraphic
   4 standard
   4 small
   4 set
   4 sec
   4 sample
   4 respiration
   4 report
   4 regression
   4 references
   4 quadrangle
   4 public
   4 profiles
   4 prices
   4 price
   4 preliminary
   4 plots
   4 pitman
   4 performed
   4 one
   4 office
   4 near
   4 much
   4 monthly
   4 moderate
   4 mixed
   4 minor
   4 mineral
   4 meters
   4 mass
   4 mahogany
   4 long
   4 linear
   4 level
   4 led
   4 leached
   4 janet
   4 intense
   4 inorganic
   4 individual
   4 however
   4 heights
   4 goldhaber
   4 ghana
   4 gas
   4 freshwater
   4 following
   4 exchange
   4 estimated
   4 due
   4 documents
   4 discussion
   4 dic
   4 diagenesis
   4 determined
   4 cycles
   4 core
   4 containing
   4 compositional
   4 chemostratigraphic
   4 central
   4 catalog
   4 bradley
   4 bottom
   4 book
   4 body
   4 became
   4 based
   4 associated
   4 aragonite
   4 along
   4 abundant
   3 wyoming
   3 whereas
   3 washington
   3 volcanoes
   3 variations
   3 variation
   3 variable
   3 value
   3 use
   3 upon
   3 types
   3 turn
   3 throughout
   3 tertiary
   3 superimposed
   3 sulfur
   3 stratigraphy
   3 stratification
   3 specific
   3 services
   3 selected
   3 sedimentation
   3 scale
   3 sandstone
   3 ryder
   3 rock
   3 recrystallization
   3 reaction
   3 ranging
   3 publication
   3 proposed
   3 progressive
   3 printing
   3 present
   3 plot
   3 photosynthetic
   3 petroleum
   3 period
   3 overlap
   3 order
   3 offices
   3 occur
   3 obtained
   3 observed
   3 note
   3 northwest
   3 new
   3 national
   3 modem
   3 miscellaneous
   3 middle
   3 microfiche
   3 methods
   3 material
   3 marginal
   3 map
   3 line
   3 laminations
   3 issued
   3 interval
   3 initially
   3 influence
   3 increases
   3 increase
   3 including
   3 history
   3 highly
   3 herczeg
   3 heavy
   3 free
   3 flagstaff
   3 first
   3 excursion
   3 evidence
   3 epicenters
   3 economic
   3 earthquakes
   3 douglas
   3 dominant
   3 distinct
   3 display
   3 displaced
   3 diagram
   3 determination
   3 depth
   3 depleted
   3 decreased
   3 dashed
   3 corresponds
   3 copies
   3 contrast
   3 content
   3 consistent
   3 considerable
   3 comprehensive
   3 complex
   3 cited
   3 brackish
   3 booklet
   3 bedrock
   3 bedded
   3 atmosphere
   3 assay
   3 ankerite
   3 analyzed
   3 analytical
   3 alterations
   3 alkaline
   3 active
   3 acknowledgments
   2 zww
   2 yields
   2 written
   2 widespread
   2 walters
   2 used
   2 upper
   2 twelfth
   2 ttl
   2 toward
   2 topic
   2 three
   2 third
   2 therefore
   2 ternary
   2 tended
   2 techniques
   2 tables
   2 surficial
   2 surface
   2 surdam
   2 summarizing
   2 succession
   2 substantial
   2 stanfield
   2 south
   2 size
   2 single
   2 similarity
   2 similar
   2 significant
   2 shell
   2 shallow
   2 separate
   2 sediment
   2 second
   2 seawater
   2 scientific
   2 schematic
   2 sampled
   2 rocque
   2 right
   2 rhythmically
   2 resulting
   2 restricted
   2 reston
   2 resprration
   2 respectively
   2 released
   2 regular
   2 region
   2 regimes
   2 reduction
   2 recorded
   2 recent
   2 reasonable
   2 rather
   2 provided
   2 provide
   2 progressively
   2 produced
   2 process
   2 prior
   2 primarily
   2 presumably
   2 pressure
   2 preserve
   2 presented
   2 precipitating
   2 precambrian
   2 position
   2 populations
   2 poorly
   2 permanent
   2 pavear
   2 parker
   2 parallel
   2 paper
   2 paleozoic
   2 paleontologists
   2 organically
   2 olso
   2 ollections
   2 occurs
   2 ntis
   2 nature
   2 multicolor
   2 mudflats
   2 mineralogists
   2 mineralogic
   2 method
   2 methanogenic
   2 methanic
   2 methane
   2 means
   2 marlstone
   2 marine
   2 manuscript
   2 mainly
   2 madstone
   2 lithostratigraphic
   2 limited
   2 limestone
   2 lighter
   2 levels
   2 leaders
   2 lazar
   2 last
   2 keith
   2 irregular
   2 iron
   2 intrusive
   2 introduction
   2 intervals
   2 interpretation
   2 interior
   2 input
   2 initial
   2 influenced
   2 induced
   2 indicates
   2 indicated
   2 independently
   2 includes
   2 included
   2 important
   2 imply
   2 implies
   2 hydrology
   2 horizontal
   2 histories
   2 historic
   2 highest
   2 hence
   2 gulch
   2 greatly
   2 grabowski
   2 global
   2 geophysical
   2 geologists
   2 garden
   2 frost
   2 friedman
   2 freshest
   2 format
   2 formal
   2 fischer
   2 figures
   2 feet
   2 fault
   2 fall
   2 expected
   2 expansion
   2 existed
   2 except
   2 evolutionary
   2 evaporated
   2 essentially
   2 erez
   2 environmental
   2 environment
   2 end
   2 effect
   2 dyni
   2 dolomitic
   2 disseminated
   2 diffraction
   2 different
   2 determine
   2 deposits
   2 department
   2 deep
   2 decreasing
   2 decreases
   2 corporation
   2 cored
   2 controlled
   2 continuity
   2 contents
   2 contain
   2 contact
   2 constituents
   2 conclusions
   2 comparison
   2 compared
   2 comparable
   2 column
   2 cole
   2 circulars
   2 chemistries
   2 chemically
   2 chemical
   2 charge
   2 certain
   2 calder
   2 bulletins
   2 broad
   2 brines
   2 brecciated
   2 boundary
   2 boundaries
   2 botz
   2 bodies
   2 bldg
   2 biologic
   2 base
   2 bacteria
   2 average
   2 ave
   2 approximately
   2 anomalous
   2 annual
   2 announcements
   2 ancient
   2 analyses
   2 amounts
   2 american
   2 america
   2 alternating
   2 africa
   2 activity
   2 acid
   2 accurate
   2 abundance
   2 abstract
   1 zmttl
   1 years
   1 year
   1 writing
   1 write
   1 workshop
   1 work
   1 wishing
   1 william
   1 wilderness
   1 whose
   1 whether
   1 western
   1 west
   1 weight
   1 ways
   1 warden
   1 vtany
   1 volumes
   1 volcanic
   1 via
   1 vary
   1 variety
   1 varieties
   1 varies
   1 varied
   1 variability
   1 valley
   1 utilized
   1 utili
   1 usually
   1 upward
   1 upliff
   1 unpublished
   1 unlike
   1 university
   1 united
   1 unique
   1 undoubtedly
   1 understanding
   1 undersaturated
   1 ultimately
   1 ular
   1 uiilta
   1 ubiquitous
   1 turbidites
   1 tublications
   1 ttend
   1 trona
   1 trade
   1 took
   1 toiographic
   1 tnd
   1 tions
   1 times
   1 tietze
   1 thrust
   1 thinly
   1 thick
   1 texts
   1 temperature
   1 tectonic
   1 technique
   1 technical
   1 systems
   1 systematically
   1 suryey
   1 surveys
   1 surrounding
   1 supt
   1 supported
   1 supplements
   1 sunrise
   1 sulfide
   1 suggesting
   1 successive
   1 subsurface
   1 substantially
   1 subscriptions
   1 subscription
   1 submillimeter
   1 subjects
   1 subject
   1 subdivided
   1 structures
   1 structure
   1 structural
   1 strongly
   1 strong
   1 stoffers
   1 stennis
   1 starting
   1 stages
   1 stability
   1 springfield
   1 spokane
   1 splits
   1 species
   1 sparse
   1 spacing
   1 space
   1 sowers
   1 sources
   1 soil
   1 sodium
   1 smow
   1 smaller
   1 sites
   1 since
   1 siltstone
   1 silicate
   1 significantly
   1 significance
   1 signature
   1 shorter
   1 shift
   1 shallowing
   1 several
   1 service
   1 sequences
   1 semirestricted
   1 seismic
   1 sedimentology
   1 sedimentological
   1 sections
   1 section
   1 secretary
   1 scott
   1 scope
   1 scintific
   1 scientists
   1 scientif
   1 science
   1 scatter
   1 salt
   1 sale
   1 rosendahl
   1 rolla
   1 role
   1 riverside
   1 rise
   1 richard
   1 rich
   1 rhythmic
   1 reworked
   1 review
   1 reversed
   1 revealed
   1 return
   1 retort
   1 respect
   1 resource
   1 residents
   1 resent
   1 research
   1 request
   1 reproduced
   1 represents
   1 representative
   1 replotted
   1 replacement
   1 reource
   1 removed
   1 removal
   1 remains
   1 remain
   1 relect
   1 relatively
   1 relations
   1 relation
   1 regulated
   1 regional
   1 regarding
   1 reflux
   1 refers
   1 referred
   1 reference
   1 reequilibration
   1 records
   1 recognized
   1 recharge
   1 received
   1 reactions
   1 reached
   1 rapid
   1 ranges
   1 radioactivity
   1 quent
   1 quality
   1 pyrolysis
   1 pyrite
   1 purposes
   1 published
   1 pubications
   1 provides
   1 programs
   1 program
   1 profunda
   1 products
   1 productive
   1 product
   1 procedure
   1 problems
   1 probably
   1 print
   1 principal
   1 prevented
   1 prevent
   1 presenting
   1 prepared
   1 preparation
   1 predominate
   1 precipitate
   1 pounds
   1 potential
   1 post
   1 possibility
   1 popular
   1 points
   1 point
   1 pographic
   1 pnnctpal
   1 please
   1 played
   1 playa
   1 planimetic
   1 place
   1 physically
   1 photographs
   1 photogeologic
   1 photocomposition
   1 petrology
   1 perturbations
   1 permanently
   1 periodicals
   1 percent
   1 peedee
   1 payable
   1 pattern
   1 particularly
   1 partially
   1 partial
   1 park
   1 parameters
   1 paralleling
   1 paralleled
   1 pamphlets
   1 paleoproductivity
   1 paleolimnology
   1 paleolimnological
   1 paleogene
   1 paleoclimate
   1 palaeohydrological
   1 page
   1 oxygenisotopesofcarbonate
   1 oxidation
   1 overlies
   1 outside
   1 oslight
   1 originating
   1 originally
   1 original
   1 orders
   1 ordering
   1 opositive
   1 opographic
   1 older
   1 oilshale
   1 oia
   1 offerings
   1 ocn
   1 ocene
   1 ocean
   1 occurrence
   1 occurred
   1 occupjed
   1 obtainable
   1 obtain
   1 nvestigations
   1 number
   1 nounced
   1 notation
   1 nonpermanent
   1 nodules
   1 nodular
   1 ngineers
   1 names
   1 must
   1 multicolored
   1 mudstone
   1 moon
   1 money
   1 molluscan
   1 mole
   1 modern
   1 moderately
   1 models
   1 mmz
   1 mixtures
   1 mitigated
   1 mining
   1 middlefield
   1 methanogenesrs
   1 meteoric
   1 metabolism
   1 menlo
   1 memoir
   1 members
   1 mediated
   1 measurements
   1 measured
   1 measure
   1 mean
   1 maximum
   1 matl
   1 mars
   1 majority
   1 mainy
   1 magnetic
   1 ludes
   1 lowest
   1 loss
   1 longer
   1 location
   1 locally
   1 local
   1 llll
   1 lived
   1 listings
   1 listing
   1 limestones
   1 likely
   1 like
   1 library
   1 least
   1 leaflets
   1 latter
   1 latest
   1 late
   1 lasting
   1 laramie
   1 lakewood
   1 lacustljne
   1 laboratory
   1 known
   1 kivu
   1 kinetic
   1 kindly
   1 kilometers
   1 kerogen
   1 kept
   1 katz
   1 jonathan
   1 jlaps
   1 issues
   1 inverse
   1 invasion
   1 intertretive
   1 intertonging
   1 interpretive
   1 interpretations
   1 intermediate
   1 intergrown
   1 interface
   1 interbedded
   1 insufficient
   1 instructions
   1 inspection
   1 inside
   1 inquiry
   1 inocreasing
   1 infer
   1 indistinct
   1 index
   1 independence
   1 increasing
   1 incorrect
   1 incorporated
   1 inconsistent
   1 inability
   1 importance
   1 implying
   1 implications
   1 immediately
   1 illustrated
   1 iiii
   1 iii
   1 ideal
   1 hydrologists
   1 hydrogen
   1 hours
   1 hour
   1 host
   1 higher
   1 height
   1 halite
   1 habra
   1 ground
   1 gravity
   1 graphics
   1 graph
   1 grain
   1 governing
   1 governed
   1 gordon
   1 gone
   1 giving
   1 given
   1 georaphic
   1 geohydrologic
   1 generation
   1 generate
   1 gayle
   1 gain
   1 funded
   1 function
   1 fresher
   1 fresh
   1 fractions
   1 fouch
   1 fossils
   1 forming
   1 formerly
   1 formats
   1 foregoing
   1 flux
   1 fluctuations
   1 flows
   1 flats
   1 fixed
   1 fisher
   1 firm
   1 finely
   1 fine
   1 fields
   1 field
   1 ferrous
   1 faunas
   1 farther
   1 factors
   1 fact
   1 facilitate
   1 extent
   1 extends
   1 explain
   1 exists
   1 exhibit
   1 exclusively
   1 excess
   1 example
   1 examined
   1 even
   1 evaporative
   1 evaluated
   1 eutrophication
   1 estimating
   1 establish
   1 eroded
   1 eries
   1 eral
   1 equivalents
   1 equation
   1 episodes
   1 ephemeral
   1 enhanced
   1 engineers
   1 engineering
   1 energy
   1 endorsement
   1 ended
   1 elison
   1 either
   1 edited
   1 echniques
   1 eaton
   1 earth
   1 dumonceaux
   1 drawn
   1 document
   1 docs
   1 diverge
   1 disulfide
   1 distribuion
   1 distinguishes
   1 distinguished
   1 displays
   1 discrete
   1 director
   1 digestion
   1 diffusion
   1 differences
   1 difference
   1 differ
   1 determinations
   1 despite
   1 designed
   1 descriptive
   1 derived
   1 depositing
   1 deposiories
   1 depocenter
   1 depletions
   1 depict
   1 demonstrated
   1 delta
   1 delositories
   1 delineate
   1 defines
   1 defined
   1 define
   1 deeper
   1 deepening
   1 decrease
   1 decomposition
   1 debris
   1 dark
   1 cyclic
   1 current
   1 covers
   1 coverage
   1 cover
   1 coupled
   1 could
   1 cost
   1 correlations
   1 correlate
   1 conversely
   1 controversy
   1 controls
   1 controlling
   1 contract
   1 contorted
   1 continuous
   1 contamination
   1 consultation
   1 constant
   1 consequently
   1 connected
   1 congress
   1 conclusion
   1 concluded
   1 comprises
   1 compounds
   1 composltlons
   1 composed
   1 component
   1 complexly
   1 completely
   1 completed
   1 compilation
   1 compatible
   1 compare
   1 commerce
   1 combination
   1 columnar
   1 coloraifo
   1 coal
   1 close
   1 climate
   1 clearly
   1 claypool
   1 clastic
   1 city
   1 cit
   1 cis
   1 circulation
   1 cip
   1 choquette
   1 check
   1 charts
   1 charged
   1 characterizes
   1 characteristics
   1 change
   1 chalks
   1 causes
   1 cashion
   1 case
   1 carbonisotopesofcarbonate
   1 carbonateclastic
   1 capillary
   1 calculations
   1 calculation
   1 calculated
   1 calcium
   1 buildups
   1 buildup
   1 building
   1 budget
   1 bruce
   1 brine
   1 brief
   1 booklets
   1 bonate
   1 boaz
   1 biogeochemical
   1 biogenic
   1 bimonthly
   1 bibliographical
   1 better
   1 beneath
   1 belemnite
   1 bearing
   1 balance
   1 bacterially
   1 background
   1 back
   1 babbitt
   1 availabilty
   1 authorized
   1 authigenic
   1 augusta
   1 attributing
   1 attributed
   1 atlases
   1 assuming
   1 association
   1 assigned
   1 assemblage
   1 assaying
   1 aspects
   1 ashing
   1 ases
   1 artifact
   1 argues
   1 aqueous
   1 approved
   1 appears
   1 annually
   1 anchorage
   1 analogues
   1 alternated
   1 altered
   1 alluvial
   1 alkalinities
   1 algae
   1 alaska
   1 agents
   1 affected
   1 affect
   1 aerial
   1 advanced
   1 administrative
   1 addressing
   1 address
   1 added
   1 acetate
   1 accumulated
   1 account
   1 accompanying
   1 accompanied
   1 abstracts
   1 absence
   1 ability
