 266 water
 230 river
 202 moreau
 143 sediment
 122 discharge
  96 basin
  92 mar
  88 near
  86 samples
  75 average
  73 bixby
  72 creek
  64 sodium
  64 per
  63 drainage
  61 faith
  59 year
  54 suspended
  52 apr
  51 station
  51 specific
  50 september
  46 concentration
  43 formation
  42 south
  42 shale
  42 percent
  40 weight
  40 quality
  40 particle
  38 size
  38 pierre
  36 weighted
  36 period
  36 june
  36 figure
  35 bicarbonate
  34 table
  33 stations
  33 sandstone
  32 periods
  32 mineral
  32 irrigation
  32 hills
  32 collected
  31 would
  31 records
  31 low
  31 constituents
  31 analyses
  30 particles
  30 fox
  30 deposits
  30 chemical
  30 calcium
  29 hell
  28 waters
  28 tons
  28 sizes
  28 sampling
  28 daily
  27 rocks
  27 dissolved
  27 carbonate
  26 survey
  26 magnesium
  26 july
  26 high
  26 areas
  26 area
  26 april
  25 soils
  25 promise
  25 flow
  24 years
  24 million
  24 may
  24 fork
  24 butte
  23 stream
  23 reservoir
  23 median
  23 cll
  22 underlain
  22 results
  22 parts
  21 part
  21 excess
  21 except
  21 deposited
  21 dakota
  20 concentrations
  19 surface
  19 see
  19 related
  19 flows
  19 analyzed
  18 streams
  18 square
  18 october
  18 north
  18 material
  18 however
  18 averages
  18 annual
  17 time
  17 small
  17 probably
  17 physical
  17 minerals
  17 measurements
  17 given
  17 eagle
  17 cfs
  16 used
  16 runoff
  16 march
  16 made
  16 hardness
  16 computed
  16 based
  15 two
  15 tributaries
  15 sulfate
  15 miles
  15 load
  15 estimated
  15 discharges
  15 day
  15 climate
  15 calculated
  14 solids
  14 sand
  14 one
  14 lower
  14 geological
  14 bed
  14 also
  13 usually
  13 shown
  13 sediments
  13 salinity
  13 relation
  13 much
  13 mean
  13 geology
  13 general
  13 fig
  13 deposition
  13 data
  13 available
  12 total
  12 study
  12 spwcm
  12 relatively
  12 rates
  12 quantity
  12 mile
  12 map
  12 ion
  12 hydrogen
  12 gaging
  12 date
  12 composition
  12 badlands
  11 tables
  11 streamflow
  11 rock
  11 rabbit
  11 dry
  11 drains
  11 deep
  11 contains
  11 conductance
  11 clay
  10 uniform
  10 transported
  10 topography
  10 therefore
  10 solution
  10 sedimentation
  10 report
  10 rate
  10 precipitation
  10 potassium
  10 mouth
  10 missouri
  10 millimeter
  10 little
  10 less
  10 land
  10 factors
  10 exceed
  10 erosion
  10 distributions
  10 discharged
  10 diameter
  10 determined
  10 composited
  10 buttes
  10 august
   9 white
   9 weights
   9 volume
   9 type
   9 ttl
   9 soil
   9 sample
   9 reclamation
   9 reaches
   9 present
   9 obtained
   9 many
   9 main
   9 ell
   9 comparison
   9 bureau
   9 black
   9 basis
   9 averaged
   9 along
   8 stem
   8 smaller
   8 sampled
   8 ppm
   8 percentage
   8 november
   8 normal
   8 native
   8 micromhos
   8 method
   8 investigation
   8 includes
   8 impounded
   8 feet
   8 effect
   8 due
   8 different
   8 days
   8 continued
   8 collection
   8 classification
   8 cij
   8 characteristics
   7 well
   7 vegetation
   7 valleys
   7 throughout
   7 temperature
   7 suspension
   7 summary
   7 states
   7 show
   7 section
   7 quantities
   7 pwcm
   7 permissible
   7 marine
   7 location
   7 indicate
   7 group
   7 geol
   7 formed
   7 exposed
   7 explanation
   7 evaporation
   7 entire
   7 dispersed
   7 difference
   7 cycle
   7 cubic
   7 cretaceous
   7 coarser
   7 climatic
   7 amounts
   7 age
   6 wet
   6 uplands
   6 transport
   6 thunder
   6 suitability
   6 spring
   6 somewhat
   6 silt
   6 shows
   6 showing
   6 shales
   6 several
   6 sea
   6 sampler
   6 representative
   6 represent
   6 reported
   6 record
   6 principally
   6 principal
   6 porosity
   6 occupy
   6 oak
   6 nile
   6 mostly
   6 member
   6 maximum
   6 long
   6 junction
   6 infrequent
   6 increase
   6 foot
   6 fluvial
   6 flint
   6 fine
   6 figures
   6 equal
   6 end
   6 drain
   6 distilled
   6 diameters
   6 deposit
   6 continental
   6 contact
   6 changes
   6 certain
   6 bwcm
   6 base
   6 appreciable
   6 applied
   6 alkali
   5 western
   5 west
   5 upper
   5 united
   5 unit
   5 underlie
   5 tributary
   5 special
   5 space
   5 slopes
   5 similar
   5 settling
   5 rivers
   5 reservoirs
   5 range
   5 predominantly
   5 pounds
   5 plains
   5 partly
   5 ooo
   5 nearly
   5 natural
   5 must
   5 monthly
   5 mineralized
   5 millimeters
   5 might
   5 ludlow
   5 larger
   5 indicated
   5 increases
   5 higher
   5 greater
   5 graph
   5 good
   5 forks
   5 flood
   5 fairly
   5 eaton
   5 eastern
   5 doubtful
   5 directly
   5 depends
   5 degree
   5 cross
   5 creeks
   5 covered
   5 composed
   5 compared
   5 comes
   5 class
   5 change
   5 brown
   5 boron
   5 beds
   5 bear
   5 approximately
   5 analytical
   4 yield
   4 wilcox
   4 use
   4 union
   4 types
   4 times
   4 til
   4 thus
   4 taken
   4 suspendedsediment
   4 surfaces
   4 suitable
   4 soluble
   4 series
   4 salts
   4 rolling
   4 represents
   4 relationship
   4 ratio
   4 rating
   4 rather
   4 rapidly
   4 rapid
   4 poor
   4 point
   4 plotted
   4 personnel
   4 page
   4 overlying
   4 others
   4 oon
   4 necessary
   4 months
   4 mixture
   4 methods
   4 medium
   4 measured
   4 meandering
   4 matter
   4 major
   4 locations
   4 loads
   4 listed
   4 line
   4 large
   4 iron
   4 investigations
   4 interval
   4 interior
   4 inland
   4 indicates
   4 include
   4 inches
   4 inch
   4 ill
   4 hembree
   4 great
   4 geologic
   4 furnished
   4 four
   4 form
   4 following
   4 flocculation
   4 finer
   4 extent
   4 equivalents
   4 equivalent
   4 engineers
   4 eastward
   4 duplicate
   4 dividing
   4 distribution
   4 dependent
   4 department
   4 dark
   4 dak
   4 curve
   4 crosshatching
   4 crops
   4 consists
   4 consideration
   4 consequently
   4 complete
   4 compaction
   4 coal
   4 clays
   4 character
   4 channel
   4 carbonates
   4 called
   4 better
   4 becomes
   4 another
   4 analysis
   4 alkaline
   4 affected
   4 addition
   4 action
   4 according
   3 zeona
   3 within
   3 whereas
   3 weighed
   3 washington
   3 volcanic
   3 virgin
   3 velocity
   3 vary
   3 value
   3 valley
   3 unpublished
   3 tyler
   3 twenhofel
   3 tube
   3 terms
   3 supervision
   3 sum
   3 sufficient
   3 state
   3 source
   3 soo
   3 slowly
   3 since
   3 short
   3 sedimentary
   3 seas
   3 scattered
   3 sandstones
   3 salt
   3 rise
   3 resulting
   3 result
   3 residual
   3 remains
   3 rains
   3 provided
   3 provide
   3 probable
   3 primarily
   3 previous
   3 ponded
   3 plus
   3 pleistocene
   3 places
   3 place
   3 permeability
   3 paper
   3 outcrop
   3 origin
   3 operation
   3 operated
   3 nitrate
   3 name
   3 multiplying
   3 moves
   3 minimum
   3 middle
   3 ment
   3 measurement
   3 lithology
   3 literature
   3 level
   3 length
   3 lanalytical
   3 lanalyses
   3 join
   3 intervals
   3 information
   3 influenced
   3 included
   3 iiiii
   3 iii
   3 heavy
   3 gray
   3 graphs
   3 grand
   3 generally
   3 fresh
   3 found
   3 footnotes
   3 follows
   3 fluoride
   3 first
   3 figs
   3 february
   3 factor
   3 exposures
   3 example
   3 eroded
   3 ended
   3 dupree
   3 dispersion
   3 developed
   3 descriptive
   3 derived
   3 depth
   3 currents
   3 corresponding
   3 constituent
   3 constant
   3 conducive
   3 combining
   3 color
   3 classed
   3 cited
   3 chloride
   3 characteristic
   3 caused
   3 capillary
   3 cannonball
   3 bentonite
   3 basins
   3 background
   3 application
   3 antelope
   3 annually
   3 amount
   3 adequate
   3 acid
   3 abundant
   3 absolute
   2 york
   2 yields
   2 worthless
   2 without
   2 widely
   2 whether
   2 weathering
   2 verticals
   2 versus
   2 varies
   2 usgs
   2 upstream
   2 unsuitable
   2 unnamed
   2 understanding
   2 typical
   2 turbulence
   2 trees
   2 together
   2 tlo
   2 tion
   2 three
   2 thin
   2 tertiary
   2 terraces
   2 terminology
   2 term
   2 temporarily
   2 swenson
   2 supply
   2 summer
   2 summar
   2 subdivided
   2 subcommittee
   2 strata
   2 storm
   2 storage
   2 still
   2 steep
   2 standardized
   2 spot
   2 southeast
   2 sources
   2 sorum
   2 soon
   2 sometimes
   2 snowmelt
   2 snow
   2 slumping
   2 slightly
   2 sites
   2 siltstones
   2 significant
   2 significance
   2 sieving
   2 sides
   2 sfwcm
   2 seven
   2 separately
   2 separate
   2 seen
   2 seem
   2 second
   2 scope
   2 scofield
   2 sands
   2 saline
   2 rothrock
   2 robinson
   2 ridge
   2 respectively
   2 resources
   2 resistance
   2 rept
   2 reports
   2 removed
   2 remain
   2 relationships
   2 relations
   2 relate
   2 redig
   2 recent
   2 reactions
   2 purpose
   2 published
   2 proposed
   2 proportion
   2 program
   2 product
   2 produces
   2 produce
   2 problems
   2 presence
   2 precipitated
   2 portion
   2 plan
   2 pipette
   2 petsch
   2 pertinent
   2 periodically
   2 passing
   2 paleozoic
   2 overall
   2 outcrops
   2 originally
   2 organic
   2 office
   2 numerous
   2 note
   2 northwestern
   2 nonmarine
   2 noncarbonate
   2 new
   2 needed
   2 necessarily
   2 narrow
   2 moving
   2 month
   2 mobridge
   2 minor
   2 mineralization
   2 mesozoic
   2 melting
   2 measuring
   2 mason
   2 maintained
   2 mainly
   2 lso
   2 loam
   2 lindgren
   2 lincoln
   2 limestones
   2 leaching
   2 lateral
   2 late
   2 lane
   2 landforms
   2 laid
   2 laboratory
   2 known
   2 knowledge
   2 jochens
   2 january
   2 jan
   2 irregular
   2 ionized
   2 ionic
   2 inv
   2 introduction
   2 intermittent
   2 inst
   2 infrequently
   2 inflow
   2 infiltration
   2 indicatedl
   2 index
   2 increased
   2 inc
   2 inadequate
   2 important
   2 imogene
   2 immediately
   2 ice
   2 horse
   2 highly
   2 hence
   2 helpful
   2 hellcreek
   2 headwaters
   2 head
   2 half
   2 gypsum
   2 gumbo
   2 growing
   2 ground
   2 graphically
   2 grains
   2 glaciation
   2 gives
   2 geochemistry
   2 fort
   2 forms
   2 formations
   2 flushing
   2 extrapolation
   2 expression
   2 expressed
   2 even
   2 evaporated
   2 estimates
   2 especially
   2 eras
   2 epoch
   2 environmental
   2 engineer
   2 employees
   2 either
   2 east
   2 early
   2 dust
   2 drained
   2 downstream
   2 doily
   2 documents
   2 division
   2 divides
   2 divided
   2 discussion
   2 dilute
   2 development
   2 determine
   2 detailed
   2 depletion
   2 depend
   2 density
   2 definition
   2 decreases
   2 decreased
   2 decrease
   2 december
   2 cut
   2 ctl
   2 covers
   2 county
   2 correlation
   2 corrections
   2 corps
   2 corner
   2 corbett
   2 continuous
   2 considered
   2 congressional
   2 conditions
   2 compute
   2 composites
   2 completely
   2 compacted
   2 common
   2 combined
   2 colby
   2 coarse
   2 circular
   2 circ
   2 chiefly
   2 chief
   2 cheyenne
   2 characteristically
   2 channels
   2 changing
   2 central
   2 cause
   2 carried
   2 capacity
   2 cap
   2 calcareous
   2 bull
   2 broken
   2 boyd
   2 book
   2 belong
   2 become
   2 banks
   2 availability
   2 assortment
   2 associated
   2 ash
   2 approximate
   2 appreciably
   2 applicable
   2 although
   2 alternate
   2 alter
   2 aloreou
   2 alluvial
   2 air
   2 agencies
   2 additional
   2 active
   2 acrefeet
   2 accuracy
   2 accumulated
   2 account
   2 abstract
   2 absorb
   2 absence
   1 zed
   1 younger
   1 yet
   1 yellowish
   1 yellow
   1 wyoming
   1 wrather
   1 words
   1 withreasonable
   1 winters
   1 winter
   1 whose
   1 wheatgrass
   1 wells
   1 weathered
   1 weather
   1 weak
   1 way
   1 wateryears
   1 watersupply
   1 washing
   1 waldemar
   1 volumes
   1 vertically
   1 vertical
   1 vertebrate
   1 velocities
   1 vei
   1 vater
   1 variation
   1 variance
   1 variables
   1 variable
   1 usuallyhas
   1 usta
   1 usia
   1 upward
   1 unweathered
   1 unsampled
   1 undertaken
   1 undermined
   1 underlying
   1 underlies
   1 uncompacted
   1 unaltered
   1 uay
   1 twice
   1 turbulent
   1 tti
   1 troublesome
   1 tripp
   1 transportep
   1 transit
   1 toxic
   1 toward
   1 tot
   1 tops
   1 top
   1 tonnage
   1 ton
   1 tolerance
   1 toge
   1 tnce
   1 tlloo
   1 ticles
   1 thread
   1 though
   1 thorough
   1 thereactionof
   1 thaw
   1 texture
   1 tertiaryage
   1 terized
   1 tents
   1 tends
   1 temperatures
   1 tech
   1 symbols
   1 sustain
   1 surveywatersupply
   1 surrounding
   1 supernatant
   1 superior
   1 summers
   1 sulfide
   1 suggested
   1 suecessful
   1 successively
   1 successful
   1 subjected
   1 studies
   1 sttl
   1 structural
   1 strongly
   1 strongbase
   1 stock
   1 steeper
   1 statir
   1 stated
   1 stand
   1 stairlike
   1 sso
   1 srl
   1 srd
   1 sqon
   1 spwgm
   1 spheres
   1 spaces
   1 spaced
   1 southwest
   1 sorting
   1 solving
   1 solubility
   1 solid
   1 solely
   1 sol
   1 soj
   1 soft
   1 sodiurn
   1 sodiumis
   1 sodiumby
   1 soaium
   1 snowfall
   1 smooth
   1 smithsonian
   1 slower
   1 sloping
   1 slight
   1 skips
   1 single
   1 sincethe
   1 simultaneous
   1 simply
   1 simple
   1 silts
   1 silicates
   1 silica
   1 significantly
   1 sieve
   1 side
   1 showed
   1 shifting
   1 sheets
   1 sheet
   1 sheep
   1 sharply
   1 shape
   1 shallow
   1 shaeowness
   1 settled
   1 sept
   1 separated
   1 semiarid
   1 selected
   1 secretary
   1 seasons
   1 sdissolved
   1 scij
   1 science
   1 sci
   1 scene
   1 satisfactorily
   1 sao
   1 sandyclay
   1 sandy
   1 samplers
   1 saltation
   1 sagebrush
   1 saa
   1 run
   1 rubble
   1 rounded
   1 rising
   1 rises
   1 ril
   1 reviewed
   1 retreated
   1 retreat
   1 restored
   1 resistant
   1 resist
   1 residue
   1 residuals
   1 requirement
   1 repts
   1 replacement
   1 replaced
   1 remnants
   1 remained
   1 reliable
   1 relative
   1 regulation
   1 regional
   1 region
   1 reference
   1 refer
   1 reduced
   1 red
   1 reconnaissance
   1 recommended
   1 recognition
   1 reciprocals
   1 reasons
   1 reasonably
   1 reason
   1 readily
   1 read
   1 reach
   1 ranges
   1 raisz
   1 rainfall
   1 rain
   1 radicals
   1 radically
   1 quotient
   1 quartz
   1 qualityfor
   1 pyrites
   1 pyrite
   1 puting
   1 province
   1 prove
   1 proportions
   1 proportional
   1 projects
   1 progressively
   1 progress
   1 profoundly
   1 products
   1 productivity
   1 productionof
   1 producing
   1 processes
   1 process
   1 procedures
   1 procedure
   1 priilcipal
   1 preventing
   1 prevent
   1 prepared
   1 predetermined
   1 precluded
   1 precipitates
   1 preceding
   1 preceded
   1 precautionary
   1 practices
   1 pprri
   1 power
   1 powder
   1 possible
   1 possibility
   1 posited
   1 portions
   1 pores
   1 pore
   1 pool
   1 ponds
   1 pomo
   1 points
   1 plotting
   1 pliocene
   1 plateau
   1 plant
   1 planning
   1 plain
   1 pine
   1 picking
   1 perhaps
   1 perfectly
   1 paulsen
   1 pattern
   1 past
   1 passes
   1 partof
   1 partiele
   1 partie
   1 particularly
   1 particlesize
   1 parent
   1 parallel
   1 paleocene
   1 packedcloser
   1 oxidation
   1 owing
   1 outcroparea
   1 oso
   1 originates
   1 orientation
   1 ore
   1 ordinarily
   1 order
   1 open
   1 oool
   1 onto
   1 olo
   1 olive
   1 oligocene
   1 oldest
   1 older
   1 ofthegeologicalsurvey
   1 ofcretaceous
   1 ofcompletelyuniform
   1 ofcarbonate
   1 ofadditionalland
   1 occurs
   1 occurrence
   1 occurred
   1 occur
   1 occupied
   1 obtain
   1 number
   1 nozzle
   1 novo
   1 nov
   1 noting
   1 nos
   1 northwest
   1 northeast
   1 niggerwool
   1 nevertheless
   1 neighboring
   1 negligible
   1 negative
   1 needlegrass
   1 need
   1 nebraskan
   1 nebr
   1 nearlyuniform
   1 nearlyall
   1 ncl
   1 multiplied
   1 morton
   1 moreauriveratbixbydischarged
   1 mop
   1 montana
   1 moles
   1 moderate
   1 mixtures
   1 mixing
   1 misleading
   1 miocene
   1 mingled
   1 midpoint
   1 meteoric
   1 metal
   1 melt
   1 mechanically
   1 measuvements
   1 measures
   1 means
   1 meander
   1 mckay
   1 materially
   1 mate
   1 mass
   1 marsh
   1 maro
   1 marl
   1 marcasites
   1 marcasite
   1 manual
   1 management
   1 making
   1 ltertiary
   1 lss
   1 lowlands
   1 love
   1 loss
   1 los
   1 longterm
   1 lol
   1 logs
   1 logarithm
   1 locity
   1 locities
   1 locally
   1 lngex
   1 lll
   1 lithologic
   1 liter
   1 limits
   1 limit
   1 likely
   1 like
   1 lies
   1 les
   1 lenses
   1 left
   1 leaving
   1 leaves
   1 least
   1 leaps
   1 layer
   1 largest
   1 laoalytical
   1 lack
   1 kota
   1 kansan
   1 juniper
   1 jointly
   1 jjv
   1 jjuunley
   1 jcf
   1 ited
   1 iso
   1 irrigated
   1 irregularities
   1 ipj
   1 ipcj
   1 ions
   1 involved
   1 inversely
   1 interstitial
   1 interspersed
   1 intersection
   1 interrelated
   1 interpreted
   1 interpretation
   1 interbedded
   1 interaction
   1 intended
   1 instantaneous
   1 insolution
   1 insofar
   1 inoge
   1 initial
   1 individual
   1 indicatectl
   1 incomplete
   1 inaccuracies
   1 impure
   1 improvement
   1 imply
   1 impinge
   1 imperviousness
   1 impermeability
   1 impedes
   1 immediate
   1 immaturity
   1 immature
   1 illustrations
   1 iiv
   1 identical
   1 icd
   1 icate
   1 ianial
   1 hydrologic
   1 hydraulic
   1 husdonbay
   1 hot
   1 hoover
   1 hold
   1 hlo
   1 highest
   1 help
   1 heads
   1 haye
   1 hay
   1 harvard
   1 hannel
   1 hand
   1 gypsiferous
   1 gullies
   1 grows
   1 grown
   1 grow
   1 grouped
   1 grode
   1 green
   1 greatly
   1 greatest
   1 grazing
   1 gravity
   1 gravels
   1 grassy
   1 grassland
   1 grasses
   1 grass
   1 graphical
   1 graphic
   1 gramagrass
   1 gradually
   1 gradual
   1 gradients
   1 gradient
   1 grades
   1 graded
   1 glauconitic
   1 glaciers
   1 giving
   1 geophysical
   1 geophys
   1 geologicalsurvey
   1 geog
   1 gave
   1 gallon
   1 fzzi
   1 furnish
   1 function
   1 full
   1 fti
   1 frotn
   1 front
   1 friction
   1 friable
   1 frequently
   1 frequent
   1 free
   1 fragments
   1 fragmental
   1 fovtnotes
   1 fourche
   1 foretell
   1 forces
   1 forced
   1 fluctuations
   1 fluctuates
   1 flowing
   1 flowed
   1 flocculate
   1 flanks
   1 fixing
   1 finest
   1 findings
   1 filtered
   1 fill
   1 files
   1 fifth
   1 feb
   1 farther
   1 far
   1 falls
   1 facts
   1 fact
   1 facilities
   1 face
   1 extremes
   1 extreme
   1 extensively
   1 extensive
   1 expressions
   1 exposure
   1 explained
   1 expense
   1 expectedonly
   1 expected
   1 exchangeable
   1 exces
   1 excellent
   1 exceeds
   1 exceeded
   1 every
   1 eventually
   1 evapotranspiration
   1 evaluation
   1 evaluated
   1 euphrates
   1 estimating
   1 estimate
   1 establishing
   1 establish
   1 essentially
   1 essential
   1 erwin
   1 ervoirs
   1 erskine
   1 ers
   1 erratic
   1 eroding
   1 erodibility
   1 erodes
   1 erode
   1 equals
   1 epicontinental
   1 entitled
   1 entirely
   1 enters
   1 enough
   1 emergence
   1 else
   1 elevation
   1 elevated
   1 electrical
   1 elated
   1 eight
   1 effects
   1 economical
   1 ebldl
   1 earth
   1 dull
   1 drift
   1 dried
   1 drawn
   1 drawing
   1 drawdown
   1 dra
   1 downcutting
   1 douglas
   1 dote
   1 doc
   1 diverted
   1 diversions
   1 diversion
   1 diu
   1 district
   1 distinguished
   1 distinct
   1 distance
   1 dissimilar
   1 dissected
   1 discussions
   1 discarded
   1 dis
   1 director
   1 direct
   1 dilution
   1 diluting
   1 differs
   1 differences
   1 differed
   1 dickinson
   1 develop
   1 determining
   1 determines
   1 determinations
   1 designed
   1 design
   1 describing
   1 dept
   1 depositsj
   1 deposftion
   1 dense
   1 degrees
   1 definitions
   1 defining
   1 defined
   1 deeper
   1 debris
   1 dashed
   1 darkgray
   1 cylinder
   1 cwo
   1 curves
   1 cumulative
   1 cultural
   1 criterion
   1 criteria
   1 create
   1 cover
   1 course
   1 cottonwoods
   1 correlated
   1 cooperation
   1 converted
   1 convert
   1 conversion
   1 convenience
   1 controlling
   1 control
   1 contribute
   1 continuously
   1 continuity
   1 contents
   1 content
   1 contemporaneously
   1 containing
   1 contained
   1 contain
   1 construction
   1 consolidation
   1 consolidated
   1 consist
   1 considerably
   1 confluence
   1 confined
   1 conducted
   1 conduct
   1 condemning
   1 concretions
   1 concerned
   1 concentrationof
   1 concentrat
   1 computing
   1 composing
   1 components
   1 complexity
   1 compares
   1 compare
   1 compact
   1 commonly
   1 combination
   1 colloidal
   1 collect
   1 cold
   1 coefficient
   1 coarsest
   1 cno
   1 closer
   1 clifflike
   1 classify
   1 classifications
   1 cil
   1 cii
   1 cific
   1 chokeberry
   1 chestnut
   1 chemically
   1 characterizes
   1 changed
   1 chalk
   1 chadron
   1 cementation
   1 causes
   1 carbonat
   1 carbon
   1 canyonlike
   1 canbe
   1 cambridge
   1 calcite
   1 bythe
   1 buffalograss
   1 buffaloberry
   1 brule
   1 broad
   1 brings
   1 bring
   1 branch
   1 bpwcm
   1 boxelder
   1 bounded
   1 bounces
   1 boulders
   1 bottomwithdrawal
   1 bottom
   1 border
   1 bonate
   1 bluegrass
   1 blocked
   1 blj
   1 blend
   1 bismarck
   1 besides
   1 bentonitic
   1 benedict
   1 beneath
   1 belle
   1 believed
   1 beidellite
   1 begins
   1 beginning
   1 became
   1 bearing
   1 basal
   1 balance
   1 backwater
   1 away
   1 aul
   1 assume
   1 assist
   1 asj
   1 aryzed
   1 artesian
   1 arrangement
   1 army
   1 arithmetic
   1 aragonite
   1 apply
   1 appears
   1 anticipated
   1 ann
   1 andothers
   1 among
   1 american
   1 america
   1 always
   1 altitude
   1 alternating
   1 altered
   1 alteration
   1 aloson
   1 almost
   1 alluvium
   1 allother
   1 alike
   1 ahighpercent
   1 agriculture
   1 agr
   1 affect
   1 advantage
   1 advanced
   1 ado
   1 admits
   1 adjusted
   1 adjust
   1 adjacent
   1 ada
   1 actually
   1 actual
   1 actively
   1 acknowledgn
   1 acknowledgments
   1 accumulates
   1 accordance
   1 abnormally
