 429 chromite
 391 podiform
 370 deposits
 135 grade
 117 deposit
  95 tonnage
  92 minor
  87 banded
  86 ore
  84 major
  75 models
  70 suprasubduction
  67 others
  65 grades
  64 ophiolite
  55 subtypes
  52 cumulate
  50 distribution
  47 tectonite
  45 tonnages
  44 rocks
  44 map
  44 field
  42 may
  40 zones
  40 unknown
  39 model
  37 settings
  36 zone
  36 used
  36 oxide
  36 chromic
  35 california
  33 paleotectonic
  31 singer
  31 showing
  31 ridge
  31 new
  31 midocean
  30 stowe
  30 percent
  30 geological
  29 thayer
  29 bodies
  28 turkey
  27 three
  27 mineral
  27 dunite
  27 data
  26 reported
  25 information
  25 figure
  24 size
  24 setting
  24 geologic
  24 exploration
  23 type
  23 per
  23 geology
  22 ultramafic
  22 survey
  22 percentiles
  22 fields
  22 associated
  21 transition
  21 parts
  21 frequency
  21 different
  20 range
  20 ppb
  20 number
  20 found
  20 economic
  19 wells
  19 types
  19 subtype
  19 represents
  19 philippines
  19 location
  19 cumulative
  18 report
  18 platinum
  18 ores
  18 harzburgite
  18 billion
  17 table
  17 palladium
  17 ophiolites
  17 maps
  17 groups
  17 based
  17 available
  17 analysis
  16 within
  16 significantly
  16 ruthenium
  16 rule
  16 rhodium
  16 refractory
  16 iridium
  16 explanation
  16 base
  15 tectonic
  15 peridotite
  15 page
  15 oregon
  15 low
  15 kilometers
  14 use
  14 total
  14 serpentine
  14 percentile
  14 occur
  14 minerals
  14 metric
  14 metallurgical
  14 individual
  14 host
  14 bulletin
  14 also
  13 tonnes
  13 study
  13 provided
  13 mines
  13 meters
  13 known
  13 chemical
  12 web
  12 using
  12 studies
  12 spatial
  12 miles
  12 median
  12 late
  12 group
  12 esri
  12 database
  12 cuba
  12 country
  12 chromium
  12 caledonia
  12 appendix
  12 among
  11 wkid
  11 united
  11 surface
  11 summary
  11 states
  11 sphere
  11 small
  11 ratio
  11 plots
  11 placer
  11 pge
  11 mine
  11 metal
  11 mercator
  11 massive
  11 high
  11 geophysical
  11 example
  11 diorite
  11 contains
  11 basalt
  11 auxiliary
  11 area
  11 andesite
  10 usually
  10 two
  10 smoothed
  10 red
  10 proportion
  10 production
  10 preliminary
  10 one
  10 names
  10 lower
  10 jurassic
  10 intercepts
  10 green
  10 form
  10 differences
  10 cox
  10 complexes
  10 classification
   9 york
   9 world
   9 volcanic
   9 upper
   9 south
   9 references
   9 pods
   9 oceanic
   9 mineralogy
   9 mantle
   9 lognormal
   9 include
   9 gold
   9 given
   9 gabbro
   9 dot
   9 disseminated
   9 dickey
   9 datapoints
   9 curve
   9 combined
   9 axis
   9 average
   8 volcanogenic
   8 veins
   8 value
   8 undiscovered
   8 tons
   8 schist
   8 roberts
   8 recorded
   8 pyroxenite
   8 paper
   8 mosier
   8 magma
   8 less
   8 however
   8 greece
   8 former
   8 flows
   8 dimensions
   8 cyprus
   8 crust
   8 correlation
   8 considered
   8 company
   8 comments
   8 canada
   8 breccia
   8 asbestos
   7 yigit
   7 wehrlite
   7 van
   7 therefore
   7 stratigraphic
   7 statistics
   7 similar
   7 sequence
   7 section
   7 resources
   7 represent
   7 reinhold
   7 regions
   7 regional
   7 ranges
   7 possible
   7 nostrand
   7 north
   7 normal
   7 near
   7 moho
   7 middle
   7 mean
   7 magnetite
   7 magnesite
   7 magmatic
   7 mafic
   7 lipin
   7 lherzolite
   7 layers
   7 larger
   7 important
   7 geochemical
   7 evolution
   7 engin
   7 elements
   7 drilling
   7 dikes
   7 differentiated
   7 depth
   7 defined
   7 content
   7 complex
   7 chrome
   7 cases
   7 anomalies
   7 ankara
   7 alumina
   7 although
   7 allen
   6 zambales
   6 typically
   6 ton
   6 tests
   6 sulfide
   6 structural
   6 stratiform
   6 significance
   6 shown
   6 rules
   6 rock
   6 resource
   6 quartz
   6 presented
   6 present
   6 peridotites
   6 percentage
   6 pearre
   6 olivine
   6 ocean
   6 mined
   6 maximum
   6 many
   6 make
   6 locations
   6 level
   6 leblanc
   6 investigations
   6 international
   6 http
   6 hornblende
   6 heyl
   6 grouped
   6 fig
   6 distributions
   6 deyoung
   6 deformation
   6 county
   6 correlated
   6 compiled
   6 classified
   6 chromitite
   6 chlorite
   6 carolina
   6 body
   6 blank
   6 along
   6 administration
   5 western
   5 washington
   5 values
   5 usgs
   5 tuff
   5 textures
   5 testing
   5 test
   5 tend
   5 symposium
   5 specific
   5 southern
   5 services
   5 scientific
   5 saint
   5 rossman
   5 respectively
   5 research
   5 relatively
   5 relation
   5 related
   5 prichard
   5 preferred
   5 positively
   5 positive
   5 pennsylvania
   5 part
   5 origin
   5 northern
   5 necessary
   5 native
   5 mixed
   5 mining
   5 minimum
   5 millions
   5 million
   5 methods
   5 measured
   5 masinloc
   5 maryland
   5 lump
   5 listed
   5 layered
   5 large
   5 iran
   5 indicate
   5 harben
   5 gneiss
   5 general
   5 formed
   5 first
   5 finding
   5 factor
   5 excluded
   5 either
   5 earth
   5 difference
   5 diameter
   5 diabase
   5 determine
   5 department
   5 deformed
   5 defense
   5 cutoff
   5 cretaceous
   5 could
   5 continental
   5 contain
   5 coleman
   5 city
   5 central
   5 business
   5 around
   5 arc
   5 applications
   5 always
   5 additional
   4 zero
   4 variables
   4 uvarovite
   4 useful
   4 unit
   4 uneconomic
   4 underlying
   4 troodos
   4 thickness
   4 text
   4 talc
   4 tabular
   4 surveys
   4 sulfides
   4 spatially
   4 source
   4 society
   4 sizes
   4 silicate
   4 silica
   4 sequences
   4 september
   4 separation
   4 selected
   4 see
   4 sedimentary
   4 second
   4 santa
   4 rhyolite
   4 reviews
   4 represented
   4 reports
   4 regardless
   4 reduced
   4 recognized
   4 reason
   4 ratios
   4 radiometric
   4 quebec
   4 pyroxene
   4 province
   4 prospecting
   4 processing
   4 process
   4 petrology
   4 permissive
   4 pacific
   4 overlying
   4 observed
   4 nonfriable
   4 nicolas
   4 newfoundland
   4 negative
   4 must
   4 modeled
   4 mixing
   4 menzie
   4 melting
   4 line
   4 lenses
   4 lateritic
   4 kospiri
   4 kammererite
   4 journal
   4 investigators
   4 introduction
   4 institute
   4 incomplete
   4 includes
   4 hosting
   4 highly
   4 greenbaum
   4 greater
   4 gravity
   4 georgia
   4 geographic
   4 forearc
   4 final
   4 figures
   4 features
   4 favorable
   4 falls
   4 factors
   4 environments
   4 enstatite
   4 early
   4 due
   4 discovery
   4 dimension
   4 dilek
   4 developed
   4 derived
   4 degree
   4 dan
   4 critical
   4 coto
   4 correlations
   4 converted
   4 concentrations
   4 compilation
   4 codes
   4 coast
   4 caused
   4 cassard
   4 calculated
   4 bushveld
   4 box
   4 beneath
   4 atlantic
   4 assessments
   4 assessment
   4 areas
   4 appear
   4 analyses
   4 amphibole
   4 alaska
   4 akbulut
   4 ages
   4 africa
   3 zengin
   3 years
   3 workings
   3 wood
   3 width
   3 virginia
   3 uysal
   3 uncertain
   3 ultrabasic
   3 troctolite
   3 treaty
   3 texture
   3 tetkik
   3 technology
   3 taylor
   3 system
   3 sulit
   3 studied
   3 stratigraphy
   3 stern
   3 specifications
   3 special
   3 smaller
   3 slate
   3 single
   3 show
   3 separate
   3 segregation
   3 schulte
   3 san
   3 rynearson
   3 ridges
   3 reveal
   3 result
   3 respective
   3 reserves
   3 relations
   3 rassios
   3 quantitative
   3 purpose
   3 published
   3 publication
   3 proceedings
   3 pro
   3 primary
   3 potential
   3 populations
   3 plotted
   3 phyllite
   3 permian
   3 park
   3 original
   3 organization
   3 ordovician
   3 order
   3 occurrence
   3 note
   3 none
   3 nodular
   3 nickel
   3 neary
   3 natural
   3 name
   3 multiple
   3 much
   3 mostly
   3 moring
   3 montana
   3 modified
   3 modeltype
   3 millerite
   3 metavolcanic
   3 metallogeny
   3 metabasalt
   3 maxwell
   3 material
   3 margins
   3 marble
   3 magnetic
   3 magmas
   3 maden
   3 long
   3 locating
   3 limonite
   3 limestone
   3 likely
   3 length
   3 left
   3 last
   3 johnson
   3 john
   3 iron
   3 investigation
   3 intrusions
   3 interior
   3 interest
   3 indicates
   3 including
   3 included
   3 hematite
   3 help
   3 haeri
   3 grivas
   3 granodiorite
   3 government
   3 galloway
   3 franciscan
   3 fit
   3 fine
   3 filemaker
   3 file
   3 extent
   3 expected
   3 exclude
   3 eocene
   3 enstitusu
   3 emplacement
   3 element
   3 eastern
   3 donald
   3 districts
   3 displays
   3 discuss
   3 discontinuity
   3 determined
   3 detailed
   3 desirable
   3 designated
   3 deposittype
   3 degrees
   3 davis
   3 copper
   3 contributions
   3 containing
   3 contact
   3 consolidated
   3 consistent
   3 combination
   3 column
   3 clear
   3 chromate
   3 chert
   3 chalcopyrite
   3 certain
   3 center
   3 carbonate
   3 camaguey
   3 calcite
   3 bureau
   3 bliss
   3 blind
   3 black
   3 baxisore
   3 basal
   3 bands
   3 backarc
   3 athens
   3 arama
   3 april
   3 applied
   3 application
   3 antigorite
   3 anomaly
   3 america
   3 alpine
   3 age
   3 accompanied
   3 aaxisore
   2 wynn
   2 worldwide
   2 widely
   2 well
   2 water
   2 wakabayashi
   2 vourinos
   2 von
   2 volume
   2 voidolakkos
   2 visit
   2 views
   2 vary
   2 various
   2 variance
   2 usak
   2 update
   2 university
   2 units
   2 union
   2 undetermined
   2 understanding
   2 triassic
   2 tremolite
   2 treatment
   2 top
   2 tokay
   2 time
   2 thallium
   2 tethyan
   2 tectonically
   2 target
   2 tailings
   2 suggests
   2 suggesting
   2 suggested
   2 suggest
   2 success
   2 structure
   2 stillwater
   2 stauffer
   2 stanislaus
   2 springs
   2 split
   2 spinel
   2 sperrylite
   2 specimen
   2 solid
   2 sodium
   2 sites
   2 siltstone
   2 silk
   2 silicates
   2 significant
   2 shows
   2 shear
   2 shale
   2 service
   2 serpentinized
   2 sediments
   2 sections
   2 seamounts
   2 science
   2 saudi
   2 sandstone
   2 sands
   2 sampson
   2 rutile
   2 robinson
   2 revised
   2 results
   2 resulted
   2 respect
   2 resistance
   2 residual
   2 reserve
   2 representing
   2 representative
   2 reporting
   2 remane
   2 relative
   2 relationships
   2 referred
   2 reference
   2 recognition
   2 ranging
   2 randomly
   2 ramp
   2 quartzite
   2 purposes
   2 puerto
   2 publications
   2 provides
   2 provide
   2 proven
   2 program
   2 products
   2 produced
   2 processes
   2 probability
   2 princeton
   2 press
   2 precambrian
   2 positions
   2 position
   2 population
   2 polydymite
   2 point
   2 plastic
   2 pillow
   2 phase
   2 peter
   2 percentages
   2 pentlandite
   2 pennsylvanian
   2 penninite
   2 pearce
   2 particular
   2 partially
   2 partial
   2 parallel
   2 papp
   2 paktunc
   2 orthopyroxene
   2 originally
   2 orebodies
   2 orbicular
   2 ophiolitic
   2 opal
   2 often
   2 ofioliti
   2 occurrences
   2 normality
   2 norite
   2 nodules
   2 nicosia
   2 next
   2 nevada
   2 national
   2 nanoteslas
   2 mélange
   2 multistage
   2 mudflow
   2 morphology
   2 moores
   2 modeling
   2 mite
   2 missing
   2 mineralization
   2 mills
   2 might
   2 midoceanic
   2 michaelides
   2 mica
   2 method
   2 melt
   2 medium
   2 medford
   2 mcintosh
   2 maucherite
   2 materials
   2 masses
   2 marginal
   2 malpas
   2 maliotis
   2 made
   2 lowest
   2 longitude
   2 logarithms
   2 local
   2 little
   2 lithologies
   2 linear
   2 limited
   2 limit
   2 levels
   2 led
   2 least
   2 laurite
   2 laurent
   2 latitude
   2 lago
   2 klamath
   2 keratophyre
   2 kacira
   2 kaaden
   2 july
   2 jordt
   2 johnston
   2 jersey
   2 james
   2 iugs
   2 istanbul
   2 islands
   2 irarsite
   2 intentionally
   2 integrated
   2 insights
   2 industries
   2 industrial
   2 indications
   2 indicating
   2 indicated
   2 impurities
   2 importance
   2 imply
   2 implications
   2 identified
   2 idaho
   2 hundreds
   2 hot
   2 hosted
   2 hornfels
   2 higher
   2 heazlewoodite
   2 hatton
   2 hasbrouck
   2 guidelines
   2 gruenewaldt
   2 griffiths
   2 greenstone
   2 graywacke
   2 granite
   2 grain
   2 google
   2 godlevskite
   2 global
   2 gives
   2 gis
   2 geophysics
   2 geochemistry
   2 garnierite
   2 future
   2 friable
   2 fresno
   2 formerly
   2 formation
   2 following
   2 flow
   2 files
   2 ferrochromium
   2 feldspar
   2 feasible
   2 faulting
   2 fault
   2 extraction
   2 extensive
   2 explored
   2 exploitation
   2 exception
   2 excel
   2 exact
   2 estimated
   2 erlichmanite
   2 enriched
   2 enough
   2 enite
   2 enclosing
   2 elthon
   2 earlier
   2 dunites
   2 drilled
   2 dots
   2 dorado
   2 division
   2 disturbance
   2 district
   2 distributed
   2 distinguish
   2 display
   2 discussed
   2 discriminant
   2 diopside
   2 diller
   2 difficult
   2 differ
   2 dick
   2 diagrams
   2 developments
   2 detail
   2 descriptive
   2 density
   2 dense
   2 dennis
   2 denizli
   2 demonstrated
   2 del
   2 definitions
   2 defining
   2 define
   2 decreasing
   2 date
   2 curves
   2 current
   2 crystals
   2 crystallization
   2 create
   2 covering
   2 countries
   2 contained
   2 consolidation
   2 consists
   2 congress
   2 conglomerate
   2 conclusions
   2 commodity
   2 commission
   2 combines
   2 coded
   2 coarse
   2 clusters
   2 cluster
   2 clinopyroxenite
   2 clinochlore
   2 classify
   2 circular
   2 chrysotile
   2 chromitites
   2 christiansen
   2 choi
   2 change
   2 categories
   2 canyon
   2 cambrian
   2 called
   2 bullen
   2 brucite
   2 bricks
   2 bottom
   2 bornite
   2 blue
   2 bloomer
   2 benguet
   2 become
   2 basis
   2 basic
   2 barry
   2 barren
   2 balkan
   2 ays
   2 aydal
   2 awaruite
   2 avoid
   2 australia
   2 assumptions
   2 argillite
   2 areadeposit
   2 arctic
   2 archean
   2 arbitrary
   2 aragonite
   2 approximate
   2 appropriate
   2 applicable
   2 appalachian
   2 antioch
   2 anthophyllite
   2 another
   2 anhedral
   2 amphibolite
   2 american
   2 alluvium
   2 alloys
   2 allows
   2 allow
   2 albania
   2 agree
   2 acta
   2 acknowledgments
   2 accurate
   2 accessed
   2 accepted
   2 abyssal
   2 abstract
   2 absent
   1 özkoçak
   1 özgenç
   1 çorum
   1 zonguldak
   1 zircon
   1 zawr
   1 zaratite
   1 zaccarini
   1 yugoslavia
   1 yreka
   1 yibas
   1 yet
   1 xerolivado
   1 wyoming
   1 wright
   1 would
   1 worcester
   1 woodtli
   1 wisps
   1 williamsite
   1 wider
   1 wide
   1 whorls
   1 west
   1 wenger
   1 weed
   1 websterite
   1 weathers
   1 weakness
   1 weak
   1 wars
   1 wall
   1 vuksaj
   1 vrachatis
   1 volcanism
   1 visalia
   1 violarite
   1 viewed
   1 view
   1 victoriaville
   1 victor
   1 vicinity
   1 vesuvianite
   1 vertical
   1 versus
   1 version
   1 verified
   1 varying
   1 variety
   1 varied
   1 variable
   1 valleriite
   1 vacondios
   1 vacaville
   1 utah
   1 uswa
   1 uspa
   1 usor
   1 usnc
   1 usmd
   1 usga
   1 usca
   1 uppermost
   1 upon
   1 upland
   1 updating
   1 updates
   1 unverified
   1 unrecognized
   1 unpublished
   1 unpredictable
   1 unnamed
   1 unlike
   1 universally
   1 unfavorable
   1 undifferentiated
   1 underground
   1 uncertainties
   1 ubiquitous
   1 typical
   1 twin
   1 turkish
   1 tunas
   1 tulare
   1 trondhjemite
   1 troilite
   1 trky
   1 tripoli
   1 trevorite
   1 trenton
   1 treated
   1 transform
   1 trade
   1 tracing
   1 trachyte
   1 traced
   1 trabzon
   1 touch
   1 topo
   1 tonalite
   1 toms
   1 together
   1 times
   1 thus
   1 thorough
   1 thomas
   1 third
   1 thick
   1 thetford
   1 thessalonika
   1 therein
   1 thank
   1 thalhammer
   1 textile
   1 texas
   1 tested
   1 terms
   1 term
   1 tensional
   1 tens
   1 tennessee
   1 tendency
   1 temporal
   1 temperatures
   1 telluride
   1 tectonized
   1 tarkian
   1 targets
   1 tanning
   1 takima
   1 take
   1 tail
   1 tactite
   1 tacoma
   1 tabulated
   1 tables
   1 syria
   1 synvolcanic
   1 symbols
   1 swell
   1 sutphin
   1 surrey
   1 surprising
   1 supported
   1 supplementary
   1 summarized
   1 summaries
   1 sulfur
   1 sufficient
   1 sudan
   1 successful
   1 subsidized
   1 subsequently
   1 submarine
   1 subjected
   1 subdivided
   1 subcommission
   1 student
   1 structures
   1 structurally
   1 stringers
   1 strength
   1 streams
   1 stream
   1 streaks
   1 stratified
   1 strategic
   1 stockton
   1 stockpile
   1 stibiopalladinite
   1 steps
   1 stephenville
   1 step
   1 steels
   1 steel
   1 staunton
   1 statistical
   1 stateprovince
   1 startupdate
   1 start
   1 standards
   1 stainless
   1 stage
   1 square
   1 spokane
   1 splits
   1 speculate
   1 specifically
   1 species
   1 spalling
   1 southwestern
   1 sources
   1 sorel
   1 soil
   1 software
   1 soapstone
   1 smaragdite
   1 skewness
   1 sive
   1 sivas
   1 situations
   1 sinking
   1 simulations
   1 simply
   1 sills
   1 sidon
   1 shortest
   1 short
   1 shield
   1 shetland
   1 shervais
   1 sherbrooke
   1 sheared
   1 shawinigan
   1 sharp
   1 sharon
   1 sharing
   1 shared
   1 shapirowilk
   1 shape
   1 shallow
   1 seyhan
   1 several
   1 session
   1 sepiolite
   1 separated
   1 seminar
   1 semimassive
   1 seldom
   1 seen
   1 secured
   1 secretary
   1 seconds
   1 seattle
   1 search
   1 seams
   1 seal
   1 sea
   1 scotland
   1 sciences
   1 schruben
   1 schlierens
   1 schlieren
   1 scattered
   1 scale
   1 saxonite
   1 saw
   1 santiago
   1 sanhurfa
   1 sandwich
   1 samsun
   1 sampling
   1 sampled
   1 salts
   1 salem
   1 salazar
   1 sakarya
   1 sadiklar
   1 sacramento
   1 sachse
   1 rutheniumgrade
   1 russia
   1 round
   1 rosa
   1 roanoke
   1 river
   1 rigorous
   1 right
   1 richter
   1 richmond
   1 richland
   1 richer
   1 rhodiumgrade
   1 rhass
   1 reston
   1 resistant
   1 reside
   1 researchers
   1 reproduce
   1 repentigny
   1 reno
   1 remobilization
   1 remains
   1 relict
   1 reliable
   1 relationship
   1 rejected
   1 region
   1 refractories
   1 reflecting
   1 reflected
   1 reduction
   1 redding
   1 recommended
   1 recognizing
   1 reclassified
   1 reclassification
   1 recent
   1 reassignment
   1 reasons
   1 reasonably
   1 rcs
   1 rate
   1 rarer
   1 rare
   1 randburg
   1 raggah
   1 rabinowich
   1 rabinovitch
   1 quickly
   1 quezon
   1 question
   1 quartiles
   1 quarries
   1 qualified
   1 pyrrhotite
   1 pyroxenes
   1 pyrite
   1 pyoxenite
   1 publishing
   1 public
   1 pts
   1 ptcu
   1 providing
   1 protruding
   1 prospection
   1 proposed
   1 proportions
   1 projections
   1 projected
   1 programs
   1 profile
   1 product
   1 proceeded
   1 procedures
   1 probably
   1 prinzhofer
   1 printing
   1 primitive
   1 presently
   1 presence
   1 premise
   1 preferably
   1 preexisting
   1 practice
   1 portland
   1 portions
   1 porphyrite
   1 popular
   1 poor
   1 pocatello
   1 plutonic
   1 plpn
   1 plot
   1 platinumgrade
   1 plate
   1 planning
   1 plagioclase
   1 pixel
   1 pits
   1 piskin
   1 piraeus
   1 pinch
   1 pillowed
   1 pillikin
   1 pilliken
   1 pierre
   1 piedmont
   1 picrolite
   1 picotite
   1 piatak
   1 physical
   1 photographs
   1 photograph
   1 phosphorous
   1 philadelphia
   1 phenomenon
   1 petrominex
   1 petrogenetic
   1 petrogenesis
   1 perspective
   1 perpendicular
   1 permitted
   1 permission
   1 period
   1 perform
   1 percents
   1 pentine
   1 peaks
   1 paul
   1 past
   1 pass
   1 particularly
   1 parkinson
   1 palladiumgrade
   1 paleozoic
   1 paleotectonicsetting
   1 pakistan
   1 paint
   1 padre
   1 oxides
   1 oxford
   1 owners
   1 ovoid
   1 overview
   1 outlines
   1 outline
   1 outcrops
   1 outcropping
   1 othernames
   1 osmium
   1 origins
   1 originate
   1 orientation
   1 orgin
   1 organisation
   1 oretype
   1 ordu
   1 orcelite
   1 opposed
   1 ophiolitezone
   1 operational
   1 opened
   1 open
   1 ontario
   1 online
   1 omenetto
   1 ohio
   1 offridge
   1 office
   1 oecd
   1 october
   1 occurs
   1 occluded
   1 observation
   1 object
   1 obispo
   1 numbers
   1 noumea
   1 notably
   1 nos
   1 norway
   1 northwestern
   1 norte
   1 norden
   1 nonrenewable
   1 nis
   1 nine
   1 newly
   1 newhouse
   1 net
   1 nesbitt
   1 neoproterozoic
   1 neighboring
   1 negatively
   1 necessarily
   1 nearest
   1 nearby
   1 ncal
   1 nature
   1 natland
   1 narrows
   1 napa
   1 namely
   1 namedeposit
   1 named
   1 méthodes
   1 mylonitic
   1 multiplying
   1 mukasa
   1 mugla
   1 mudstone
   1 moutte
   1 mountains
   1 mossotti
   1 monzonite
   1 monograph
   1 molding
   1 modifications
   1 modesto
   1 modern
   1 moderate
   1 modelling
   1 mode
   1 moat
   1 moa
   1 missoula
   1 misclassification
   1 minutes
   1 mintek
   1 mineralogic
   1 mineralizations
   1 minedepth
   1 mineable
   1 minareci
   1 milligal
   1 mill
   1 midpoints
   1 microcomputer
   1 mgo
   1 metarhyolite
   1 metamorphosed
   1 metamorphic
   1 metallurgy
   1 metallic
   1 metagraywacke
   1 metadacite
   1 metaconglomerate
   1 metachert
   1 mersin
   1 merely
   1 menlo
   1 member
   1 mechanical
   1 measurements
   1 means
   1 mcnutt
   1 matanzas
   1 marystown
   1 maria
   1 margin
   1 marcia
   1 mapped
   1 manzanillo
   1 manuscript
   1 manufacturing
   1 manner
   1 manisa
   1 manila
   1 manifestation
   1 malatya
   1 malachite
   1 making
   1 makes
   1 mainly
   1 maine
   1 magnitude
   1 magnetometer
   1 magnesia
   1 maghemite
   1 macleod
   1 lynchburg
   1 luzon
   1 lumps
   1 luis
   1 longview
   1 longueuil
   1 longitudes
   1 longitudedecimal
   1 london
   1 logarithmic
   1 log
   1 locationacc
   1 localize
   1 llc
   1 lizardite
   1 living
   1 livermore
   1 lithologically
   1 lithogeochemical
   1 literature
   1 lists
   1 liquid
   1 link
   1 linings
   1 lines
   1 lineation
   1 likewise
   1 library
   1 lewiston
   1 lewis
   1 lens
   1 lee
   1 lebanon
   1 leaving
   1 leat
   1 leanest
   1 lead
   1 layout
   1 layer
   1 lavas
   1 lava
   1 latitudes
   1 latitudedecimal
   1 latest
   1 lateral
   1 later
   1 las
   1 larisa
   1 largest
   1 lancaster
   1 ladhiqlyah
   1 lacking
   1 lacked
   1 lack
   1 lac
   1 labrador
   1 kutaehsykaisehir
   1 kusky
   1 kröner
   1 koumac
   1 kotschubeite
   1 kosho
   1 konya
   1 konstantopolou
   1 kocaeli
   1 knoxville
   1 knowledge
   1 kingsport
   1 kentucky
   1 ken
   1 kef
   1 kazakhstan
   1 kayseri
   1 kavak
   1 kahramanmaras
   1 kaersutite
   1 judy
   1 jovellanos
   1 josephine
   1 jose
   1 jon
   1 joliette
   1 jct
   1 jasper
   1 japan
   1 january
   1 jackson
   1 izmir
   1 ixer
   1 issc
   1 isparta
   1 isotope
   1 isoferroplatinum
   1 isocubanite
   1 island
   1 irregular
   1 iridosmine
   1 iridiumgrade
   1 irass
   1 involves
   1 inventory
   1 interstitial
   1 intersection
   1 interpreted
   1 interpretation
   1 interpret
   1 internally
   1 interestingly
   1 interesting
   1 interaction
   1 intent
   1 intensity
   1 intensely
   1 institution
   1 instance
   1 inside
   1 insets
   1 injections
   1 initially
   1 initial
   1 infolding
   1 influenced
   1 infer
   1 indicators
   1 indicator
   1 indiana
   1 indian
   1 increasing
   1 incompletely
   1 improvements
   1 improve
   1 importantly
   1 immediate
   1 images
   1 imagery
   1 ilmenite
   1 illustrations
   1 iii
   1 identifying
   1 identification
   1 hypothesis
   1 hypotheses
   1 hydromagnesite
   1 hyacinthe
   1 huntsville
   1 huber
   1 hostwidth
   1 hostlength
   1 hongshiite
   1 homs
   1 homogenous
   1 hollingworthite
   1 holguin
   1 histories
   1 hereafter
   1 heraklion
   1 helena
   1 held
   1 hazards
   1 hayden
   1 hawkins
   1 havana
   1 harzburgites
   1 harrisonburg
   1 harrisburg
   1 harding
   1 hard
   1 hara
   1 handsorting
   1 handsorted
   1 handbook
   1 hampshire
   1 hamah
   1 halos
   1 halo
   1 haffty
   1 guleman
   1 guidebook
   1 guide
   1 guantanamo
   1 groupings
   1 ground
   1 greenville
   1 greenshore
   1 greenschist
   1 grec
   1 greatly
   1 great
   1 gravitational
   1 gravimetric
   1 gravels
   1 grateful
   1 graphitic
   1 graphical
   1 granulite
   1 grants
   1 granitic
   1 grand
   1 granby
   1 grams
   1 grained
   1 graded
   1 gradational
   1 good
   1 glaucophane
   1 geversite
   1 geothermometry
   1 geosciences
   1 georges
   1 geologica
   1 geochronology
   1 geochimica
   1 genthite
   1 genetic
   1 genesis
   1 generalized
   1 gathering
   1 gathered
   1 gaspe
   1 garuti
   1 gap
   1 gallagher
   1 gabbros
   1 furthermore
   1 furnace
   1 fuchsite
   1 fryer
   1 frost
   1 frequencies
   1 fremont
   1 francisco
   1 fractionation
   1 fractionated
   1 fractional
   1 foundry
   1 formulas
   1 forms
   1 formats
   1 format
   1 formal
   1 forces
   1 follows
   1 follow
   1 folding
   1 fisher
   1 firm
   1 finally
   1 filling
   1 ferrochromite
   1 ferroan
   1 felsic
   1 feldspathic
   1 feet
   1 feeding
   1 federal
   1 feature
   1 fairfield
   1 facilitates
   1 fabrics
   1 fabric
   1 extract
   1 extensions
   1 exposed
   1 explanatory
   1 explained
   1 exist
   1 exhibition
   1 excursion
   1 except
   1 excellent
   1 exceeding
   1 examines
   1 examined
   1 evolved
   1 evidence
   1 every
   1 evenly
   1 european
   1 europe
   1 eureka
   1 euhedral
   1 eugene
   1 etopo
   1 etna
   1 estimating
   1 estimates
   1 estimate
   1 essential
   1 especially
   1 eskisehir
   1 ers
   1 erosion
   1 eroded
   1 equation
   1 epoch
   1 epidote
   1 environment
   1 entities
   1 entered
   1 ensures
   1 enrichment
   1 enduse
   1 endorsement
   1 end
   1 emplaced
   1 elsevier
   1 elmaslar
   1 elko
   1 elimination
   1 elevated
   1 electroplating
   1 electromagnetic
   1 electrical
   1 elazig
   1 edwards
   1 edited
   1 edirne
   1 edinburgh
   1 edges
   1 economiques
   1 economics
   1 economical
   1 easy
   1 ease
   1 développement
   1 duration
   1 dunitemylonite
   1 drummondville
   1 drill
   1 downplunge
   1 dover
   1 dominantly
   1 domain
   1 dolomite
   1 dolerite
   1 documentation
   1 diya
   1 divisions
   1 disturbed
   1 distinguishing
   1 distinguishes
   1 distinguished
   1 distance
   1 displaying
   1 displaced
   1 dismembered
   1 dislocated
   1 discussion
   1 discrimination
   1 discoverydate
   1 discordant
   1 director
   1 dike
   1 digital
   1 digenite
   1 difficulty
   1 difficulties
   1 dichromate
   1 diallage
   1 deweylite
   1 deuteric
   1 detrimental
   1 determining
   1 designations
   1 designates
   1 design
   1 descriptions
   1 description
   1 described
   1 deposittexture
   1 depositform
   1 depicts
   1 depicted
   1 depends
   1 departures
   1 departure
   1 demand
   1 delineation
   1 delineated
   1 delaware
   1 definition
   1 deficient
   1 deepest
   1 deeper
   1 decreased
   1 decimal
   1 debord
   1 debated
   1 dayr
   1 david
   1 davao
   1 datasets
   1 dataset
   1 damascus
   1 dallas
   1 daingdenoitthee
   1 dagüplü
   1 cyps
   1 cylindrical
   1 cycle
   1 currently
   1 cumulates
   1 cubic
   1 cubanite
   1 cruz
   1 crosscutting
   1 critically
   1 criteria
   1 crescent
   1 cover
   1 covellite
   1 countrycode
   1 counties
   1 council
   1 cost
   1 cosmochimica
   1 correspond
   1 corporation
   1 corner
   1 copyrighted
   1 copyright
   1 coordinates
   1 coopération
   1 cooperite
   1 cooperation
   1 convert
   1 convention
   1 controversial
   1 controls
   1 controlled
   1 contribute
   1 continuous
   1 contents
   1 contemporaneous
   1 construction
   1 construct
   1 constituting
   1 consistently
   1 consist
   1 consideration
   1 consider
   1 conference
   1 conduits
   1 conduit
   1 conditions
   1 conditional
   1 concurs
   1 concordance
   1 concord
   1 conclude
   1 concentration
   1 concentrating
   1 concentrates
   1 concentrated
   1 concentrate
   1 concealed
   1 computed
   1 comprise
   1 compounds
   1 compositions
   1 composition
   1 complexity
   1 completely
   1 compare
   1 community
   1 commonly
   1 common
   1 commerce
   1 columbiadelaware
   1 coeur
   1 coefficient
   1 code
   1 cobalt
   1 coastal
   1 coarser
   1 coal
   1 cnqu
   1 cnon
   1 cnnf
   1 clustered
   1 clinopyroxene
   1 claystone
   1 clastic
   1 classifying
   1 class
   1 clara
   1 citations
   1 citation
   1 circumstances
   1 ciego
   1 chuck
   1 chromrutile
   1 chromitiferous
   1 chromites
   1 chromiferous
   1 chromicoxidegrade
   1 chromian
   1 chose
   1 chloritoid
   1 chico
   1 chattanooga
   1 chart
   1 charlotte
   1 charleston
   1 characterized
   1 character
   1 channels
   1 changing
   1 changes
   1 chances
   1 challenge
   1 chalcophile
   1 chalcocite
   1 chalcedony
   1 century
   1 cave
   1 cater
   1 casper
   1 case
   1 carson
   1 carbonates
   1 capture
   1 cao
   1 came
   1 call
   1 butte
   1 bursa
   1 burgas
   1 bulletins
   1 bruce
   1 brookings
   1 brook
   1 bristol
   1 boundary
   1 boseman
   1 boninitic
   1 boissonnas
   1 boise
   1 blueschist
   1 blebs
   1 blanks
   1 blacksburg
   1 birmingham
   1 biotite
   1 bimodal
   1 billings
   1 biases
   1 bias
   1 better
   1 berlin
   1 bend
   1 belts
   1 belong
   1 bellingham
   1 believed
   1 beirut
   1 behavior
   1 beach
   1 bayamo
   1 bay
   1 baxisanomaly
   1 bati
   1 basins
   1 basin
   1 barton
   1 bart
   1 barker
   1 baltimore
   1 balkans
   1 balikesir
   1 bakersfield
   1 aydin
   1 avila
   1 availability
   1 aundysoatlhaenrsd
   1 augustin
   1 augusta
   1 audience
   1 attributes
   1 attempt
   1 atlanta
   1 assomption
   1 assigning
   1 assigned
   1 assays
   1 assay
   1 asia
   1 asheville
   1 artan
   1 arai
   1 arabia
   1 approved
   1 approach
   1 appreciate
   1 appendixes
   1 appears
   1 apparently
   1 appalachians
   1 apostol
   1 apatite
   1 antonio
   1 antalya
   1 anova
   1 anorthite
   1 anomalously
   1 annapolis
   1 andradite
   1 anatase
   1 amount
   1 alternative
   1 alteration
   1 als
   1 alpinetype
   1 almost
   1 allard
   1 aleppo
   1 alene
   1 albitite
   1 alaskite
   1 alabama
   1 aintab
   1 aiding
   1 ago
   1 aggregates
   1 agglomerate
   1 agemy
   1 agedeposit
   1 affect
   1 adopted
   1 adobe
   1 adiyaman
   1 addition
   1 activity
   1 actively
   1 active
   1 actinolite
   1 across
   1 accuracy
   1 according
   1 accessories
   1 access
   1 abruptly
   1 able
   1 abbreviations
   1 abbreviated
   1 abandoned
   1 aaxisanomaly
