  95 baseﬂow
  73 streamﬂow
  52 bfi
  51 precipitation
  50 annual
  48 watershed
  38 ﬂow
  38 lrew
  37 bosch
  35 water
  31 data
  29 surface
  29 stormﬂow
  28 sheridan
  28 coastal
  27 hydrograph
  25 separation
  25 runoff
  25 plain
  25 method
  24 methods
  23 fig
  23 average
  22 digital
  22 analysis
  21 river
  21 parameter
  21 hydrology
  20 seasonal
  20 regional
  20 interﬂow
  18 ﬁlter
  18 two
  18 studies
  17 watersheds
  17 groundwater
  17 eckhardt
  16 used
  16 reported
  16 little
  16 high
  16 georgia
  15 observed
  15 months
  15 hydrologic
  15 estimates
  14 within
  14 weighted
  14 summer
  14 research
  14 journal
  14 found
  14 fall
  13 using
  13 typically
  13 stream
  13 hydrographs
  13 http
  13 eng
  13 aquifer
  12 shallow
  12 periods
  12 period
  12 may
  12 arnold
  11 year
  11 soil
  11 scp
  11 recession
  11 patterns
  11 lim
  11 conditions
  11 based
  11 asmussen
  11 agricultural
  11 agric
  10 united
  10 trans
  10 states
  10 soc
  10 region
  10 low
  10 line
  10 increasing
  10 hydrol
  10 greater
  10 experimental
  10 examined
  10 estimate
  10 component
  10 bfimax
  10 area
   9 years
   9 upon
   9 techniques
   9 seasons
   9 rainfall
   9 many
   9 long
   9 index
   9 greatest
   9 determined
   9 allen
   8 winter
   8 trends
   8 term
   8 surﬁcial
   8 survey
   8 single
   8 results
   8 resour
   8 processes
   8 portion
   8 november
   8 indicated
   8 error
   8 direct
   8 automated
   8 agriculture
   7 ﬁltering
   7 well
   7 volume
   7 vary
   7 usa
   7 throughout
   7 subsurface
   7 streams
   7 small
   7 signiﬁcant
   7 shirmohammadi
   7 selected
   7 santhi
   7 resource
   7 rapid
   7 parameters
   7 new
   7 model
   7 land
   7 june
   7 examination
   7 events
   7 duration
   7 different
   7 components
   7 calculated
   7 base
   6 understanding
   6 trend
   6 time
   6 study
   6 storm
   6 spring
   6 southeastern
   6 south
   6 seven
   6 selection
   6 saturation
   6 riparian
   6 res
   6 quality
   6 monthly
   6 less
   6 lead
   6 january
   6 indicates
   6 impact
   6 hubbard
   6 geological
   6 four
   6 estimation
   6 drainage
   6 difference
   6 days
   6 contains
   6 characteristics
   6 changes
   6 aquifers
   5 would
   5 variability
   5 values
   5 usda
   5 upper
   5 tracer
   5 straight
   5 southern
   5 soils
   5 shrimohammadi
   5 several
   5 service
   5 ranging
   5 point
   5 one
   5 obtained
   5 minimum
   5 march
   5 larger
   5 landscape
   5 indicate
   5 hysep
   5 however
   5 higher
   5 graphical
   5 function
   5 expected
   5 estimated
   5 ekhardt
   5 either
   5 department
   5 december
   5 database
   5 curves
   5 contributions
   5 conterminous
   5 compared
   5 climate
   5 available
   5 april
   4 widely
   4 value
   4 university
   4 transport
   4 three
   4 termed
   4 table
   4 storage
   4 sloto
   4 similar
   4 seepage
   4 season
   4 report
   4 recharge
   4 provided
   4 priest
   4 porous
   4 peak
   4 miller
   4 lowrance
   4 kim
   4 indicating
   4 increase
   4 include
   4 improve
   4 excess
   4 evapotranspiration
   4 evaluation
   4 due
   4 driven
   4 dominated
   4 differences
   4 crouse
   4 basin
   4 assessment
   4 article
   3 ﬂows
   3 ﬂoodplain
   3 ﬁlters
   3 york
   3 yielded
   3 validation
   3 upland
   3 travels
   3 total
   3 temperature
   3 technique
   3 subjective
   3 strickland
   3 slowly
   3 since
   3 simulations
   3 shown
   3 separating
   3 separate
   3 scale
   3 saturated
   3 rumsey
   3 ritchie
   3 response
   3 relatively
   3 regions
   3 reduce
   3 records
   3 received
   3 ratio
   3 rates
   3 rate
   3 provide
   3 program
   3 produce
   3 processing
   3 prior
   3 perennial
   3 park
   3 observations
   3 novak
   3 national
   3 nathan
   3 multiple
   3 moves
   3 mcmahan
   3 management
   3 make
   3 major
   3 local
   3 lewis
   3 least
   3 leading
   3 inﬁltration
   3 investigations
   3 hydrological
   3 ground
   3 good
   3 gonzales
   3 geology
   3 generally
   3 formation
   3 forest
   3 february
   3 event
   3 esralew
   3 engel
   3 effects
   3 drought
   3 discharge
   3 decrease
   3 daily
   3 could
   3 correlation
   3 conversely
   3 consists
   3 consistently
   3 climatic
   3 channels
   3 ceap
   3 carolina
   3 bfis
   3 beginning
   3 august
   3 atlantic
   3 assoc
   3 areas
   3 application
   3 anticipated
   3 also
   2 ﬁxed
   2 ﬁtting
   2 ﬁnal
   2 zomlot
   2 zhang
   2 wolock
   2 williams
   2 wetlands
   2 web
   2 versus
   2 vastly
   2 varying
   2 varies
   2 variations
   2 variation
   2 variable
   2 utilizing
   2 use
   2 uncertainty
   2 topography
   2 tool
   2 tifton
   2 tests
   2 terms
   2 tends
   2 technical
   2 target
   2 systems
   2 system
   2 syst
   2 sullivan
   2 stud
   2 ssegane
   2 spatial
   2 southeast
   2 snyder
   2 smith
   2 smaller
   2 slower
   2 slope
   2 site
   2 simulation
   2 signals
   2 shorter
   2 sewrl
   2 september
   2 separated
   2 seasonally
   2 scientiﬁc
   2 sci
   2 saturate
   2 sandy
   2 review
   2 requires
   2 republic
   2 representation
   2 repeatable
   2 rely
   2 relationships
   2 relationship
   2 reg
   2 referred
   2 recursive
   2 record
   2 recommendations
   2 reasonable
   2 rapidly
   2 ranges
   2 quantify
   2 published
   2 provides
   2 proportion
   2 produced
   2 presented
   2 potential
   2 possible
   2 portions
   2 plotting
   2 plot
   2 peter
   2 percent
   2 parts
   2 partitioning
   2 part
   2 open
   2 onset
   2 oklahoma
   2 often
   2 october
   2 obtain
   2 numerous
   2 numeric
   2 networks
   2 nejadhashemi
   2 need
   2 near
   2 muttiah
   2 much
   2 movement
   2 month
   2 modeling
   2 maximum
   2 manual
   2 maddox
   2 lyne
   2 ltar
   2 location
   2 linsley
   2 linear
   2 license
   2 leads
   2 late
   2 large
   2 lab
   2 korea
   2 july
   2 johnson
   2 isolated
   2 irrig
   2 inﬁltrates
   2 interval
   2 intensity
   2 individual
   2 increases
   2 including
   2 inamdar
   2 important
   2 hydraulic
   2 hostetler
   2 horizons
   2 hollick
   2 highly
   2 heavily
   2 hawthorne
   2 handbook
   2 given
   2 geologic
   2 generated
   2 frequency
   2 fraction
   2 forested
   2 following
   2 florida
   2 factors
   2 extensive
   2 extended
   2 expressed
   2 expect
   2 exists
   2 exist
   2 even
   2 estuaries
   2 estimating
   2 erroneous
   2 equal
   2 enough
   2 engineers
   2 ending
   2 elsevier
   2 ecosystem
   2 ecoregion
   2 easily
   2 earth
   2 drain
   2 distance
   2 discussed
   2 development
   2 despite
   2 derive
   2 depth
   2 depressions
   2 density
   2 densities
   2 dean
   2 day
   2 crop
   2 critical
   2 contribution
   2 contribute
   2 consistent
   2 considerable
   2 computer
   2 composed
   2 complex
   2 comparison
   2 comparable
   2 coefﬁcient
   2 chemical
   2 change
   2 catchments
   2 catchment
   2 cases
   2 carlston
   2 buffer
   2 budgets
   2 brodie
   2 bottom
   2 booram
   2 biol
   2 becomes
   2 beck
   2 basis
   2 avg
   2 australia
   2 attributed
   2 assuming
   2 alluvial
   2 algorithms
   2 alapaha
   2 across
   2 access
   1 ﬁrst
   1 ﬂoodplains
   1 ﬁelds
   1 ﬂatland
   1 ﬂat
   1 zone
   1 zealand
   1 youn
   1 yield
   1 work
   1 whereas
   1 west
   1 weighting
   1 watts
   1 washington
   1 warranted
   1 warrant
   1 warmest
   1 wang
   1 walbridge
   1 waco
   1 vol
   1 virginia
   1 vertical
   1 verbeiren
   1 various
   1 van
   1 vadose
   1 utilizes
   1 utilize
   1 usgs
   1 useful
   1 usaଝ
   1 unsaturated
   1 unreliable
   1 underlain
   1 ultimately
   1 uhlenbrook
   1 tuppad
   1 truman
   1 true
   1 tropical
   1 tripathy
   1 transmissivity
   1 trade
   1 toward
   1 topographic
   1 top
   1 tollner
   1 tillman
   1 tillage
   1 thomas
   1 textures
   1 testing
   1 tested
   1 test
   1 terrain
   1 terraces
   1 temporally
   1 temporal
   1 temple
   1 targets
   1 tang
   1 symposium
   1 symbols
   1 swat
   1 suwannee
   1 sustainable
   1 susong
   1 surrounding
   1 support
   1 subwatersheds
   1 subtropical
   1 subsoil
   1 subsequently
   1 subject
   1 subdaily
   1 studying
   1 studied
   1 strong
   1 store
   1 stone
   1 stochastic
   1 statistically
   1 stations
   1 station
   1 state
   1 start
   1 standard
   1 staff
   1 stable
   1 srinivasan
   1 speciﬁc
   1 solely
   1 society
   1 slightly
   1 sliding
   1 size
   1 simplifying
   1 similarly
   1 silicate
   1 signiﬁcantly
   1 signatures
   1 signal
   1 show
   1 short
   1 shin
   1 shik
   1 set
   1 sequence
   1 sensitivity
   1 select
   1 seen
   1 sediments
   1 sediment
   1 section
   1 sciencedirect
   1 science
   1 schellekens
   1 sands
   1 row
   1 rolling
   1 road
   1 rivers
   1 rising
   1 rich
   1 revised
   1 resulting
   1 result
   1 restricts
   1 restrictive
   1 restrict
   1 reston
   1 responses
   1 respect
   1 resources
   1 residuals
   1 researchers
   1 required
   1 represents
   1 representative
   1 represent
   1 remove
   1 remm
   1 remains
   1 remained
   1 remainder
   1 remain
   1 relations
   1 regression
   1 references
   1 reemerge
   1 reduction
   1 reduced
   1 reciprocal
   1 reaches
   1 ratios
   1 range
   1 rainwater
   1 quite
   1 quickﬂow
   1 quickly
   1 quaternary
   1 quantiﬁed
   1 qual
   1 purposes
   1 public
   1 provider
   1 prove
   1 proportioning
   1 proportional
   1 project
   1 professional
   1 productive
   1 production
   1 process
   1 proceedings
   1 procedures
   1 procedure
   1 primary
   1 previously
   1 previous
   1 preventing
   1 preservation
   1 precisely
   1 potter
   1 positions
   1 position
   1 policy
   1 points
   1 planning
   1 plains
   1 physiographic
   1 physically
   1 phreatic
   1 phosphorus
   1 perth
   1 persists
   1 performed
   1 percentage
   1 peaked
   1 paulhus
   1 pathways
   1 pasture
   1 past
   1 partitioned
   1 particularly
   1 parkyounshik
   1 paper
   1 paciﬁc
   1 overland
   1 overestimation
   1 overestimate
   1 output
   1 orleans
   1 origin
   1 optimization
   1 opportunity
   1 online
   1 occurs
   1 occurrence
   1 occur
   1 objectives
   1 objective
   1 nutrient
   1 numerical
   1 number
   1 note
   1 north
   1 nonner
   1 next
   1 news
   1 network
   1 nettles
   1 nested
   1 neighboring
   1 names
   1 muthukrishnan
   1 moving
   1 montas
   1 monitoring
   1 monitored
   1 moisture
   1 module
   1 mixed
   1 mississippi
   1 miralles
   1 michigan
   1 meter
   1 mention
   1 measurements
   1 measurement
   1 measurable
   1 means
   1 mean
   1 mcvicar
   1 materials
   1 maryland
   1 marshall
   1 marine
   1 mankin
   1 manage
   1 mainly
   1 maidment
   1 magnitude
   1 made
   1 luzio
   1 lrw
   1 lowlying
   1 lowland
   1 lower
   1 losses
   1 located
   1 loams
   1 loadings
   1 liu
   1 literature
   1 lists
   1 limited
   1 limb
   1 levels
   1 level
   1 letters
   1 led
   1 layers
   1 laterally
   1 lateral
   1 largest
   1 largely
   1 landscapes
   1 lacking
   1 lack
   1 laboratory
   1 kyoungjaelim
   1 kongju
   1 kohler
   1 knisel
   1 keywords
   1 kangwon
   1 jeu
   1 jeon
   1 jeff
   1 inﬂuencing
   1 inﬂuences
   1 inﬂuenced
   1 inﬁltrated
   1 inﬁltrate
   1 inverse
   1 inventory
   1 introduction
   1 interpret
   1 interior
   1 intercepted
   1 intensiﬁcation
   1 intensive
   1 instrumentation
   1 institution
   1 insights
   1 inherent
   1 info
   1 indices
   1 indication
   1 indexes
   1 independently
   1 incorrect
   1 incorporating
   1 incorporated
   1 inconsistencies
   1 impractical
   1 impossible
   1 importance
   1 imply
   1 impermeable
   1 illustration
   1 illustrating
   1 illustrated
   1 illustrate
   1 iii
   1 identiﬁed
   1 identifying
   1 hydropower
   1 huysmans
   1 hundreds
   1 humid
   1 homepage
   1 history
   1 historical
   1 heijkers
   1 headwaters
   1 harmel
   1 gulf
   1 growing
   1 grid
   1 greatly
   1 gratefully
   1 grassland
   1 graphically
   1 gradients
   1 gradient
   1 global
   1 gis
   1 geosci
   1 genetic
   1 generation
   1 generate
   1 general
   1 gages
   1 future
   1 furthermore
   1 funding
   1 fundamental
   1 frequent
   1 forms
   1 form
   1 forecasting
   1 forage
   1 follows
   1 focused
   1 focus
   1 flatwoods
   1 fitting
   1 feyereisen
   1 fertile
   1 feed
   1 favorable
   1 faster
   1 extrapolated
   1 extending
   1 explaining
   1 exclusion
   1 excellent
   1 exceeds
   1 exceeding
   1 examining
   1 examine
   1 established
   1 essential
   1 ephemeral
   1 environ
   1 entire
   1 enhancing
   1 endorsement
   1 employer
   1 emanating
   1 eleven
   1 elected
   1 effect
   1 durham
   1 duke
   1 dry
   1 drawn
   1 dramatically
   1 drainages
   1 downward
   1 downslope
   1 downgradient
   1 domain
   1 divided
   1 distribution
   1 distributed
   1 distinguish
   1 dissolved
   1 discussion
   1 discernable
   1 diminishing
   1 diligent
   1 dijk
   1 difﬁcult
   1 differentiate
   1 deﬁning
   1 developed
   1 determination
   1 description
   1 described
   1 derived
   1 depending
   1 dense
   1 denote
   1 dendritic
   1 demands
   1 delayed
   1 deeper
   1 deep
   1 decreasing
   1 decisions
   1 davis
   1 david
   1 dashed
   1 dai
   1 current
   1 cropland
   1 created
   1 create
   1 corresponding
   1 correlations
   1 controlling
   1 contrast
   1 continuous
   1 contents
   1 content
   1 contaminant
   1 containing
   1 contained
   1 contain
   1 construct
   1 consisting
   1 consist
   1 considered
   1 consider
   1 conservation
   1 conserv
   1 consequence
   1 conference
   1 conclusions
   1 conclusion
   1 comput
   1 comprehensive
   1 complications
   1 complicated
   1 completely
   1 completed
   1 complete
   1 company
   1 coming
   1 comes
   1 combining
   1 combined
   1 combine
   1 combination
   1 colorado
   1 collection
   1 coldest
   1 coastline
   1 coast
   1 clear
   1 clays
   1 classiﬁed
   1 choi
   1 characterizing
   1 characterizes
   1 characterized
   1 ceased
   1 cease
   1 cause
   1 case
   1 caribbean
   1 calibrated
   1 calendar
   1 bruijnzeel
   1 bound
   1 bordered
   1 body
   1 bingner
   1 biased
   1 bflow
   1 better
   1 beneﬁt
   1 believed
   1 believe
   1 behavior
   1 baylor
   1 batten
   1 batelaan
   1 basic
   1 bars
   1 averages
   1 author
   1 auckland
   1 atlas
   1 assumed
   1 assessments
   1 asce
   1 ars
   1 around
   1 argillic
   1 arbitrary
   1 aquatic
   1 approximate
   1 appl
   1 annually
   1 anning
   1 analyzing
   1 analytical
   1 ample
   1 among
   1 american
   1 america
   1 amatya
   1 altier
   1 alpha
   1 allows
   1 allison
   1 algorithm
   1 alabama
   1 aim
   1 ahiablame
   1 agroecosystems
   1 agriculturally
   1 agricu
   1 aerially
   1 advantage
   1 adjustments
   1 addresses
   1 additionally
   1 additional
   1 acknowledgments
   1 acknowledge
   1 accumulation
   1 accompany
   1 accessed
   1 accepted
   1 abundant
   1 abstract
